[2019-12-10 17:59:28] Initializing...
FISCO-BCOS Version : 2.1.0
Build Time         : 20190923 13:23:34
Build Type         : Darwin/appleclang/RelWithDebInfo
Git Branch         : HEAD
Git Commit Hash    : cb68124d4fbf3df563a57dfff5f0c6eedc1419cc
[2019-12-10 17:59:28] The FISCO-BCOS is running...
[2019-12-12 13:05:47] FISCO-BCOS program exit normally.
[2019-12-13 14:48:29] Initializing...
FISCO-BCOS Version : 2.1.0
Build Time         : 20190923 13:23:34
Build Type         : Darwin/appleclang/RelWithDebInfo
Git Branch         : HEAD
Git Commit Hash    : cb68124d4fbf3df563a57dfff5f0c6eedc1419cc
[2019-12-13 14:48:29] The FISCO-BCOS is running...
[2019-12-13 22:37:43] Initializing...
[INITIALIZER][P2PInitializer]initConfig for P2PInitializer failed,check Port=30301,EINFO=Throw location unknown (consider using BOOST_THROW_EXCEPTION)
Dynamic exception type: boost::exception_detail::clone_impl<boost::exception_detail::error_info_injector<boost::system::system_error> >
std::exception::what: bind: Address already in use

[2019-12-13 22:38:34] Initializing...
FISCO-BCOS Version : 2.1.0
Build Time         : 20190923 13:23:34
Build Type         : Darwin/appleclang/RelWithDebInfo
Git Branch         : HEAD
Git Commit Hash    : cb68124d4fbf3df563a57dfff5f0c6eedc1419cc
[2019-12-13 22:38:34] The FISCO-BCOS is running...
[2019-12-13 22:43:59] FISCO-BCOS program exit normally.
[2019-12-13 23:08:05] Initializing...
FISCO-BCOS Version : 2.1.0
Build Time         : 20190923 13:23:34
Build Type         : Darwin/appleclang/RelWithDebInfo
Git Branch         : HEAD
Git Commit Hash    : cb68124d4fbf3df563a57dfff5f0c6eedc1419cc
[2019-12-13 23:08:05] The FISCO-BCOS is running...
/c/Users/Administrator/Desktop/FinancePlatform-master/chain-end/fisco/nodes/127.0.0.1/node1/../fisco-bcos: /c/Users/Administrator/Desktop/FinancePlatform-master/chain-end/fisco/nodes/127.0.0.1/node1/../fisco-bcos: cannot execute binary file
/c/Users/Administrator/Desktop/FinancePlatform-master/chain-end/fisco/nodes/127.0.0.1/node1/../fisco-bcos: /c/Users/Administrator/Desktop/FinancePlatform-master/chain-end/fisco/nodes/127.0.0.1/node1/../fisco-bcos: cannot execute binary file
