warning|2019-12-14 04:04:42.010711|[g:1][CONSENSUS][PBFT]ViewChangeWarning: not caused by omit empty block ,v=2862,toV=2863,curNum=475,hash=ad338c6e...,nodeIdx=0,myNode=5f8c8907...
info|2019-12-14 04:04:42.011136|[g:1][CONSENSUS][PBFT]checkTimeout Succ,view=2862,toView=2863,nodeIdx=0,changeCycle=1,myNode=5f8c8907...,timecost=0.881
info|2019-12-14 04:04:42.016258|[P2P][Service] heartBeat,connected count=3
info|2019-12-14 04:04:42.025724|[g:1][CONSENSUS][PBFT]checkAndChangeView: Reach consensus,org_view=2862,org_changeCycle=1,cur_changeCycle=1,to_view=2863
info|2019-12-14 04:04:43.026071|[g:1][CONSENSUS]addRawPrepare,height=476,reqIdx=2,hash=f727bf60...
info|2019-12-14 04:04:43.026622|[g:1][CONSENSUS][PBFT]checkTimeout Succ,view=2863,toView=2864,nodeIdx=0,changeCycle=0,myNode=5f8c8907...,timecost=0.411
info|2019-12-14 04:04:43.027313|[g:1][CONSENSUS][PBFT]checkAndChangeView: Reach consensus,org_view=2863,org_changeCycle=0,cur_changeCycle=0,to_view=2864
info|2019-12-14 04:04:44.031078|[g:1][CONSENSUS]addRawPrepare,height=476,reqIdx=3,hash=6b9a5b40...
info|2019-12-14 04:04:44.033004|[g:1][CONSENSUS][PBFT]checkTimeout Succ,view=2864,toView=2865,nodeIdx=0,changeCycle=0,myNode=5f8c8907...,timecost=1.682
info|2019-12-14 04:04:44.034681|[g:1][CONSENSUS][PBFT]checkAndChangeView: Reach consensus,org_view=2864,org_changeCycle=0,cur_changeCycle=0,to_view=2865
info|2019-12-14 04:04:45.034905|[g:1][CONSENSUS][SEALER]++++++++++++++++ Generating seal on,blkNum=476,tx=0,nodeIdx=0,hash=65e26490...
info|2019-12-14 04:04:45.036370|[g:1][CONSENSUS][PBFT]checkTimeout Succ,view=2865,toView=2866,nodeIdx=0,changeCycle=0,myNode=5f8c8907...,timecost=0.897
info|2019-12-14 04:04:45.043063|[g:1][CONSENSUS][PBFT]checkAndChangeView: Reach consensus,org_view=2865,org_changeCycle=0,cur_changeCycle=0,to_view=2866
info|2019-12-14 04:04:46.296907|[g:1][CONSENSUS]addRawPrepare,height=476,reqIdx=1,hash=6f7b8eae...
info|2019-12-14 04:04:46.297397|[g:1][CONSENSUS][PBFT]checkTimeout Succ,view=2866,toView=2867,nodeIdx=0,changeCycle=0,myNode=5f8c8907...,timecost=0.351
info|2019-12-14 04:04:46.300308|[g:1][CONSENSUS][PBFT]checkAndChangeView: Reach consensus,org_view=2866,org_changeCycle=0,cur_changeCycle=0,to_view=2867
info|2019-12-14 04:04:47.303001|[g:1][CONSENSUS]addRawPrepare,height=476,reqIdx=2,hash=ee7f55f1...
info|2019-12-14 04:04:47.306740|[g:1][CONSENSUS][PBFT]checkTimeout Succ,view=2867,toView=2868,nodeIdx=0,changeCycle=0,myNode=5f8c8907...,timecost=3.493
info|2019-12-14 04:04:47.309871|[g:1][CONSENSUS][PBFT]checkAndChangeView: Reach consensus,org_view=2867,org_changeCycle=0,cur_changeCycle=0,to_view=2868
info|2019-12-14 04:04:48.310202|[g:1][CONSENSUS]addRawPrepare,height=476,reqIdx=3,hash=49639a2b...
info|2019-12-14 04:04:48.311896|[g:1][CONSENSUS][PBFT]checkTimeout Succ,view=2868,toView=2869,nodeIdx=0,changeCycle=0,myNode=5f8c8907...,timecost=1.445
info|2019-12-14 04:04:48.317092|[g:1][CONSENSUS][PBFT]checkAndChangeView: Reach consensus,org_view=2868,org_changeCycle=0,cur_changeCycle=0,to_view=2869
info|2019-12-14 04:04:49.318748|[g:1][CONSENSUS][SEALER]++++++++++++++++ Generating seal on,blkNum=476,tx=0,nodeIdx=0,hash=3ecb1262...
info|2019-12-14 04:04:49.320278|[g:1][CONSENSUS][PBFT]checkTimeout Succ,view=2869,toView=2870,nodeIdx=0,changeCycle=0,myNode=5f8c8907...,timecost=0.86
info|2019-12-14 04:04:49.329068|[g:1][CONSENSUS][PBFT]checkAndChangeView: Reach consensus,org_view=2869,org_changeCycle=0,cur_changeCycle=0,to_view=2870
info|2019-12-14 04:04:50.331881|[g:1][CONSENSUS]addRawPrepare,height=476,reqIdx=1,hash=1e2f982d...
info|2019-12-14 04:04:50.334147|[g:1][CONSENSUS][PBFT]checkTimeout Succ,view=2870,toView=2871,nodeIdx=0,changeCycle=0,myNode=5f8c8907...,timecost=1.919
info|2019-12-14 04:04:50.336795|[g:1][CONSENSUS][PBFT]checkAndChangeView: Reach consensus,org_view=2870,org_changeCycle=0,cur_changeCycle=0,to_view=2871
info|2019-12-14 04:04:51.340152|[g:1][CONSENSUS]addRawPrepare,height=476,reqIdx=2,hash=a69ac9f9...
info|2019-12-14 04:04:51.342396|[g:1][CONSENSUS][PBFT]checkTimeout Succ,view=2871,toView=2872,nodeIdx=0,changeCycle=0,myNode=5f8c8907...,timecost=1.983
info|2019-12-14 04:04:51.344054|[g:1][CONSENSUS][PBFT]checkAndChangeView: Reach consensus,org_view=2871,org_changeCycle=0,cur_changeCycle=0,to_view=2872
info|2019-12-14 04:04:52.024564|[P2P][Service] heartBeat,connected count=3
info|2019-12-14 04:04:52.345903|[g:1][CONSENSUS]addRawPrepare,height=476,reqIdx=3,hash=7eaadb20...
info|2019-12-14 04:04:52.347021|[g:1][CONSENSUS][PBFT]checkTimeout Succ,view=2872,toView=2873,nodeIdx=0,changeCycle=0,myNode=5f8c8907...,timecost=0.91
info|2019-12-14 04:04:52.351898|[g:1][CONSENSUS][PBFT]checkAndChangeView: Reach consensus,org_view=2872,org_changeCycle=0,cur_changeCycle=0,to_view=2873
info|2019-12-14 04:04:53.351633|[g:1][CONSENSUS][SEALER]++++++++++++++++ Generating seal on,blkNum=476,tx=0,nodeIdx=0,hash=cae00b66...
info|2019-12-14 04:04:53.358208|[g:1][CONSENSUS][PBFT]checkTimeout Succ,view=2873,toView=2874,nodeIdx=0,changeCycle=0,myNode=5f8c8907...,timecost=0.803
info|2019-12-14 04:04:53.359423|[g:1][CONSENSUS][PBFT]checkAndChangeView: Reach consensus,org_view=2873,org_changeCycle=0,cur_changeCycle=0,to_view=2874
info|2019-12-14 04:04:54.361823|[g:1][CONSENSUS]addRawPrepare,height=476,reqIdx=1,hash=4d4ed142...
info|2019-12-14 04:04:54.365727|[g:1][CONSENSUS][PBFT]checkTimeout Succ,view=2874,toView=2875,nodeIdx=0,changeCycle=0,myNode=5f8c8907...,timecost=3.28
info|2019-12-14 04:04:54.368774|[g:1][CONSENSUS][PBFT]checkAndChangeView: Reach consensus,org_view=2874,org_changeCycle=0,cur_changeCycle=0,to_view=2875
info|2019-12-14 04:04:55.369197|[g:1][CONSENSUS]addRawPrepare,height=476,reqIdx=2,hash=c0fdc1a6...
info|2019-12-14 04:04:55.370453|[g:1][CONSENSUS][PBFT]checkTimeout Succ,view=2875,toView=2876,nodeIdx=0,changeCycle=0,myNode=5f8c8907...,timecost=0.997
info|2019-12-14 04:04:55.374390|[g:1][CONSENSUS][PBFT]checkAndChangeView: Reach consensus,org_view=2875,org_changeCycle=0,cur_changeCycle=0,to_view=2876
info|2019-12-14 04:04:56.379087|[g:1][CONSENSUS]addRawPrepare,height=476,reqIdx=3,hash=7a66470f...
info|2019-12-14 04:04:56.381951|[g:1][CONSENSUS][PBFT]checkTimeout Succ,view=2876,toView=2877,nodeIdx=0,changeCycle=0,myNode=5f8c8907...,timecost=2.546
info|2019-12-14 04:04:56.384987|[g:1][CONSENSUS][PBFT]checkAndChangeView: Reach consensus,org_view=2876,org_changeCycle=0,cur_changeCycle=0,to_view=2877
info|2019-12-14 04:04:57.386080|[g:1][CONSENSUS][SEALER]++++++++++++++++ Generating seal on,blkNum=476,tx=0,nodeIdx=0,hash=ced00c4e...
info|2019-12-14 04:04:57.387447|[g:1][CONSENSUS][PBFT]checkTimeout Succ,view=2877,toView=2878,nodeIdx=0,changeCycle=0,myNode=5f8c8907...,timecost=0.758
info|2019-12-14 04:04:57.393944|[g:1][CONSENSUS][PBFT]checkAndChangeView: Reach consensus,org_view=2877,org_changeCycle=0,cur_changeCycle=0,to_view=2878
info|2019-12-14 04:04:58.397144|[g:1][CONSENSUS]addRawPrepare,height=476,reqIdx=1,hash=bb14acfa...
info|2019-12-14 04:04:58.398396|[g:1][CONSENSUS][PBFT]checkTimeout Succ,view=2878,toView=2879,nodeIdx=0,changeCycle=0,myNode=5f8c8907...,timecost=0.932
info|2019-12-14 04:04:58.401409|[g:1][CONSENSUS][PBFT]checkAndChangeView: Reach consensus,org_view=2878,org_changeCycle=0,cur_changeCycle=0,to_view=2879
info|2019-12-14 04:04:59.403966|[g:1][CONSENSUS]addRawPrepare,height=476,reqIdx=2,hash=7204ad79...
info|2019-12-14 04:04:59.404903|[g:1][CONSENSUS][PBFT]checkTimeout Succ,view=2879,toView=2880,nodeIdx=0,changeCycle=0,myNode=5f8c8907...,timecost=0.727
info|2019-12-14 04:04:59.406625|[g:1][CONSENSUS][PBFT]checkAndChangeView: Reach consensus,org_view=2879,org_changeCycle=0,cur_changeCycle=0,to_view=2880
info|2019-12-14 04:05:00.411404|[g:1][CONSENSUS]addRawPrepare,height=476,reqIdx=3,hash=0b68f70a...
info|2019-12-14 04:05:00.412709|[g:1][CONSENSUS][PBFT]checkTimeout Succ,view=2880,toView=2881,nodeIdx=0,changeCycle=0,myNode=5f8c8907...,timecost=1.009
info|2019-12-14 04:05:00.416897|[g:1][CONSENSUS][PBFT]checkAndChangeView: Reach consensus,org_view=2880,org_changeCycle=0,cur_changeCycle=0,to_view=2881
info|2019-12-14 04:05:01.417647|[g:1][CONSENSUS][SEALER]++++++++++++++++ Generating seal on,blkNum=476,tx=0,nodeIdx=0,hash=dfdb9403...
info|2019-12-14 04:05:01.418935|[g:1][CONSENSUS][PBFT]checkTimeout Succ,view=2881,toView=2882,nodeIdx=0,changeCycle=0,myNode=5f8c8907...,timecost=0.753
info|2019-12-14 04:05:01.427231|[g:1][CONSENSUS][PBFT]checkAndChangeView: Reach consensus,org_view=2881,org_changeCycle=0,cur_changeCycle=0,to_view=2882
info|2019-12-14 04:05:02.030168|[P2P][Service] heartBeat,connected count=3
info|2019-12-14 04:05:02.427057|[g:1][CONSENSUS]addRawPrepare,height=476,reqIdx=1,hash=9484659e...
info|2019-12-14 04:05:02.432126|[g:1][CONSENSUS][PBFT]checkTimeout Succ,view=2882,toView=2883,nodeIdx=0,changeCycle=0,myNode=5f8c8907...,timecost=4.836
info|2019-12-14 04:05:02.433687|[g:1][CONSENSUS][PBFT]checkAndChangeView: Reach consensus,org_view=2882,org_changeCycle=0,cur_changeCycle=0,to_view=2883
info|2019-12-14 04:05:03.432914|[g:1][CONSENSUS]addRawPrepare,height=476,reqIdx=2,hash=fecdcbc8...
info|2019-12-14 04:05:03.433485|[g:1][CONSENSUS][PBFT]checkTimeout Succ,view=2883,toView=2884,nodeIdx=0,changeCycle=0,myNode=5f8c8907...,timecost=0.433
info|2019-12-14 04:05:03.435246|[g:1][CONSENSUS][PBFT]checkAndChangeView: Reach consensus,org_view=2883,org_changeCycle=0,cur_changeCycle=0,to_view=2884
info|2019-12-14 04:05:04.438309|[g:1][CONSENSUS]addRawPrepare,height=476,reqIdx=3,hash=5bb03cae...
info|2019-12-14 04:05:04.441262|[g:1][CONSENSUS][PBFT]checkTimeout Succ,view=2884,toView=2885,nodeIdx=0,changeCycle=0,myNode=5f8c8907...,timecost=2.613
info|2019-12-14 04:05:04.443875|[g:1][CONSENSUS][PBFT]checkAndChangeView: Reach consensus,org_view=2884,org_changeCycle=0,cur_changeCycle=0,to_view=2885
info|2019-12-14 04:05:05.443426|[g:1][CONSENSUS][SEALER]++++++++++++++++ Generating seal on,blkNum=476,tx=0,nodeIdx=0,hash=022bb635...
info|2019-12-14 04:05:05.444821|[g:1][CONSENSUS][PBFT]checkTimeout Succ,view=2885,toView=2886,nodeIdx=0,changeCycle=0,myNode=5f8c8907...,timecost=0.761
info|2019-12-14 04:05:05.450674|[g:1][CONSENSUS][PBFT]checkAndChangeView: Reach consensus,org_view=2885,org_changeCycle=0,cur_changeCycle=0,to_view=2886
info|2019-12-14 04:05:06.453749|[g:1][CONSENSUS]addRawPrepare,height=476,reqIdx=1,hash=13d36900...
info|2019-12-14 04:05:06.454853|[g:1][CONSENSUS][PBFT]checkTimeout Succ,view=2886,toView=2887,nodeIdx=0,changeCycle=0,myNode=5f8c8907...,timecost=0.893
info|2019-12-14 04:05:06.460949|[g:1][CONSENSUS][PBFT]checkAndChangeView: Reach consensus,org_view=2886,org_changeCycle=0,cur_changeCycle=0,to_view=2887
info|2019-12-14 04:05:07.460505|[g:1][CONSENSUS]addRawPrepare,height=476,reqIdx=2,hash=816c83b0...
info|2019-12-14 04:05:07.461532|[g:1][CONSENSUS][PBFT]checkTimeout Succ,view=2887,toView=2888,nodeIdx=0,changeCycle=0,myNode=5f8c8907...,timecost=0.769
info|2019-12-14 04:05:07.465336|[g:1][CONSENSUS][PBFT]checkAndChangeView: Reach consensus,org_view=2887,org_changeCycle=0,cur_changeCycle=0,to_view=2888
info|2019-12-14 04:05:08.469358|[g:1][CONSENSUS]addRawPrepare,height=476,reqIdx=3,hash=13be52aa...
info|2019-12-14 04:05:08.472125|[g:1][CONSENSUS][PBFT]checkTimeout Succ,view=2888,toView=2889,nodeIdx=0,changeCycle=0,myNode=5f8c8907...,timecost=2.523
info|2019-12-14 04:05:08.474627|[g:1][CONSENSUS][PBFT]checkAndChangeView: Reach consensus,org_view=2888,org_changeCycle=0,cur_changeCycle=0,to_view=2889
info|2019-12-14 04:08:12.012633|[g:1][CONSENSUS][SEALER]++++++++++++++++ Generating seal on,blkNum=476,tx=0,nodeIdx=0,hash=67c027b7...
info|2019-12-14 04:08:12.016845|[P2P][Service] heartBeat,connected count=3
info|2019-12-14 04:08:12.018093|[g:1][CONSENSUS][PBFT]checkTimeout Succ,view=2889,toView=2890,nodeIdx=0,changeCycle=0,myNode=5f8c8907...,timecost=0.799
info|2019-12-14 04:08:12.033604|[g:1][CONSENSUS][PBFT]checkAndChangeView: Reach consensus,org_view=2889,org_changeCycle=0,cur_changeCycle=0,to_view=2890
info|2019-12-14 04:08:13.029894|[g:1][CONSENSUS]addRawPrepare,height=476,reqIdx=1,hash=2c92c02f...
info|2019-12-14 04:08:13.030537|[g:1][CONSENSUS][PBFT]checkTimeout Succ,view=2890,toView=2891,nodeIdx=0,changeCycle=0,myNode=5f8c8907...,timecost=0.511
info|2019-12-14 04:08:13.032997|[g:1][CONSENSUS][PBFT]checkAndChangeView: Reach consensus,org_view=2890,org_changeCycle=0,cur_changeCycle=0,to_view=2891
info|2019-12-14 04:08:14.035021|[g:1][CONSENSUS]addRawPrepare,height=476,reqIdx=2,hash=f83d7717...
info|2019-12-14 04:08:14.035785|[g:1][CONSENSUS][PBFT]checkTimeout Succ,view=2891,toView=2892,nodeIdx=0,changeCycle=0,myNode=5f8c8907...,timecost=0.56
info|2019-12-14 04:08:14.039256|[g:1][CONSENSUS][PBFT]checkAndChangeView: Reach consensus,org_view=2891,org_changeCycle=0,cur_changeCycle=0,to_view=2892
info|2019-12-14 04:08:15.043683|[g:1][CONSENSUS]addRawPrepare,height=476,reqIdx=3,hash=dd8442cf...
info|2019-12-14 04:08:15.044375|[g:1][CONSENSUS][PBFT]checkTimeout Succ,view=2892,toView=2893,nodeIdx=0,changeCycle=0,myNode=5f8c8907...,timecost=0.559
info|2019-12-14 04:08:15.046015|[g:1][CONSENSUS][PBFT]checkAndChangeView: Reach consensus,org_view=2892,org_changeCycle=0,cur_changeCycle=0,to_view=2893
info|2019-12-14 04:08:16.047250|[g:1][CONSENSUS][SEALER]++++++++++++++++ Generating seal on,blkNum=476,tx=0,nodeIdx=0,hash=4deb3e0f...
info|2019-12-14 04:08:16.051023|[g:1][CONSENSUS][PBFT]checkTimeout Succ,view=2893,toView=2894,nodeIdx=0,changeCycle=0,myNode=5f8c8907...,timecost=0.679
info|2019-12-14 04:08:16.051759|[g:1][CONSENSUS][PBFT]checkAndChangeView: Reach consensus,org_view=2893,org_changeCycle=0,cur_changeCycle=0,to_view=2894
info|2019-12-14 04:08:17.058178|[g:1][CONSENSUS]addRawPrepare,height=476,reqIdx=1,hash=f894755e...
info|2019-12-14 04:08:17.059799|[g:1][CONSENSUS][PBFT]checkTimeout Succ,view=2894,toView=2895,nodeIdx=0,changeCycle=0,myNode=5f8c8907...,timecost=1.347
info|2019-12-14 04:08:17.062379|[g:1][CONSENSUS][PBFT]checkAndChangeView: Reach consensus,org_view=2894,org_changeCycle=0,cur_changeCycle=0,to_view=2895
info|2019-12-14 04:08:18.067479|[g:1][CONSENSUS]addRawPrepare,height=476,reqIdx=2,hash=7b666089...
info|2019-12-14 04:08:18.068576|[g:1][CONSENSUS][PBFT]checkTimeout Succ,view=2895,toView=2896,nodeIdx=0,changeCycle=0,myNode=5f8c8907...,timecost=0.916
info|2019-12-14 04:08:18.072221|[g:1][CONSENSUS][PBFT]checkAndChangeView: Reach consensus,org_view=2895,org_changeCycle=0,cur_changeCycle=0,to_view=2896
info|2019-12-14 04:08:19.077405|[g:1][CONSENSUS]addRawPrepare,height=476,reqIdx=3,hash=96a0c1c4...
info|2019-12-14 04:08:19.078075|[g:1][CONSENSUS][PBFT]checkTimeout Succ,view=2896,toView=2897,nodeIdx=0,changeCycle=0,myNode=5f8c8907...,timecost=0.495
info|2019-12-14 04:08:19.080972|[g:1][CONSENSUS][PBFT]checkAndChangeView: Reach consensus,org_view=2896,org_changeCycle=0,cur_changeCycle=0,to_view=2897
info|2019-12-14 04:08:20.081514|[g:1][CONSENSUS][SEALER]++++++++++++++++ Generating seal on,blkNum=476,tx=0,nodeIdx=0,hash=0149c3d5...
info|2019-12-14 04:08:20.083075|[g:1][CONSENSUS][PBFT]checkTimeout Succ,view=2897,toView=2898,nodeIdx=0,changeCycle=0,myNode=5f8c8907...,timecost=0.895
info|2019-12-14 04:08:20.089575|[g:1][CONSENSUS][PBFT]checkAndChangeView: Reach consensus,org_view=2897,org_changeCycle=0,cur_changeCycle=0,to_view=2898
info|2019-12-14 04:08:21.092955|[g:1][CONSENSUS]addRawPrepare,height=476,reqIdx=1,hash=c265c624...
info|2019-12-14 04:08:21.094209|[g:1][CONSENSUS][PBFT]checkTimeout Succ,view=2898,toView=2899,nodeIdx=0,changeCycle=0,myNode=5f8c8907...,timecost=0.913
info|2019-12-14 04:08:21.098327|[g:1][CONSENSUS][PBFT]checkAndChangeView: Reach consensus,org_view=2898,org_changeCycle=0,cur_changeCycle=0,to_view=2899
info|2019-12-14 04:08:22.027226|[P2P][Service] heartBeat,connected count=3
info|2019-12-14 04:08:22.100928|[g:1][CONSENSUS]addRawPrepare,height=476,reqIdx=2,hash=b1751b87...
info|2019-12-14 04:08:22.103502|[g:1][CONSENSUS][PBFT]checkTimeout Succ,view=2899,toView=2900,nodeIdx=0,changeCycle=0,myNode=5f8c8907...,timecost=2.352
info|2019-12-14 04:08:22.107498|[g:1][CONSENSUS][PBFT]checkAndChangeView: Reach consensus,org_view=2899,org_changeCycle=0,cur_changeCycle=0,to_view=2900
info|2019-12-14 04:08:23.111199|[g:1][CONSENSUS]addRawPrepare,height=476,reqIdx=3,hash=3cc86af5...
info|2019-12-14 04:08:23.112300|[g:1][CONSENSUS][PBFT]checkTimeout Succ,view=2900,toView=2901,nodeIdx=0,changeCycle=0,myNode=5f8c8907...,timecost=0.891
info|2019-12-14 04:08:23.117615|[g:1][CONSENSUS][PBFT]checkAndChangeView: Reach consensus,org_view=2900,org_changeCycle=0,cur_changeCycle=0,to_view=2901
info|2019-12-14 04:08:24.117293|[g:1][CONSENSUS][SEALER]++++++++++++++++ Generating seal on,blkNum=476,tx=0,nodeIdx=0,hash=2fe0243f...
info|2019-12-14 04:08:24.122150|[g:1][CONSENSUS][PBFT]checkTimeout Succ,view=2901,toView=2902,nodeIdx=0,changeCycle=0,myNode=5f8c8907...,timecost=0.76
info|2019-12-14 04:08:24.124657|[g:1][CONSENSUS][PBFT]checkAndChangeView: Reach consensus,org_view=2901,org_changeCycle=0,cur_changeCycle=0,to_view=2902
info|2019-12-14 04:08:25.131471|[g:1][CONSENSUS]addRawPrepare,height=476,reqIdx=1,hash=208eb479...
info|2019-12-14 04:08:25.131976|[g:1][CONSENSUS][PBFT]checkTimeout Succ,view=2902,toView=2903,nodeIdx=0,changeCycle=0,myNode=5f8c8907...,timecost=0.375
info|2019-12-14 04:08:25.134173|[g:1][CONSENSUS][PBFT]checkAndChangeView: Reach consensus,org_view=2902,org_changeCycle=0,cur_changeCycle=0,to_view=2903
info|2019-12-14 04:08:26.136548|[g:1][CONSENSUS]addRawPrepare,height=476,reqIdx=2,hash=4ebb2cd0...
info|2019-12-14 04:08:26.137538|[g:1][CONSENSUS][PBFT]checkTimeout Succ,view=2903,toView=2904,nodeIdx=0,changeCycle=0,myNode=5f8c8907...,timecost=0.738
info|2019-12-14 04:08:26.141596|[g:1][CONSENSUS][PBFT]checkAndChangeView: Reach consensus,org_view=2903,org_changeCycle=0,cur_changeCycle=0,to_view=2904
info|2019-12-14 04:08:27.144410|[g:1][CONSENSUS]addRawPrepare,height=476,reqIdx=3,hash=d4b10559...
info|2019-12-14 04:08:27.145589|[g:1][CONSENSUS][PBFT]checkTimeout Succ,view=2904,toView=2905,nodeIdx=0,changeCycle=0,myNode=5f8c8907...,timecost=0.693
info|2019-12-14 04:08:27.148023|[g:1][CONSENSUS][PBFT]checkAndChangeView: Reach consensus,org_view=2904,org_changeCycle=0,cur_changeCycle=0,to_view=2905
info|2019-12-14 04:08:28.149160|[g:1][CONSENSUS][SEALER]++++++++++++++++ Generating seal on,blkNum=476,tx=0,nodeIdx=0,hash=a7235917...
info|2019-12-14 04:08:28.150633|[g:1][CONSENSUS][PBFT]checkTimeout Succ,view=2905,toView=2906,nodeIdx=0,changeCycle=0,myNode=5f8c8907...,timecost=0.879
info|2019-12-14 04:08:28.157096|[g:1][CONSENSUS][PBFT]checkAndChangeView: Reach consensus,org_view=2905,org_changeCycle=0,cur_changeCycle=0,to_view=2906
info|2019-12-14 04:08:29.157714|[g:1][CONSENSUS]addRawPrepare,height=476,reqIdx=1,hash=7c5b0b57...
info|2019-12-14 04:08:29.159637|[g:1][CONSENSUS][PBFT]checkTimeout Succ,view=2906,toView=2907,nodeIdx=0,changeCycle=0,myNode=5f8c8907...,timecost=1.736
info|2019-12-14 04:08:29.161465|[g:1][CONSENSUS][PBFT]checkAndChangeView: Reach consensus,org_view=2906,org_changeCycle=0,cur_changeCycle=0,to_view=2907
info|2019-12-14 04:08:30.163717|[g:1][CONSENSUS]addRawPrepare,height=476,reqIdx=2,hash=9486954c...
info|2019-12-14 04:08:30.164810|[g:1][CONSENSUS][PBFT]checkTimeout Succ,view=2907,toView=2908,nodeIdx=0,changeCycle=0,myNode=5f8c8907...,timecost=0.855
info|2019-12-14 04:08:30.169247|[g:1][CONSENSUS][PBFT]checkAndChangeView: Reach consensus,org_view=2907,org_changeCycle=0,cur_changeCycle=0,to_view=2908
info|2019-12-14 04:08:31.171756|[g:1][CONSENSUS]addRawPrepare,height=476,reqIdx=3,hash=87321d61...
info|2019-12-14 04:08:31.174450|[g:1][CONSENSUS][PBFT]checkTimeout Succ,view=2908,toView=2909,nodeIdx=0,changeCycle=0,myNode=5f8c8907...,timecost=2.455
info|2019-12-14 04:08:31.178106|[g:1][CONSENSUS][PBFT]checkAndChangeView: Reach consensus,org_view=2908,org_changeCycle=0,cur_changeCycle=0,to_view=2909
info|2019-12-14 04:08:32.033121|[P2P][Service] heartBeat,connected count=3
info|2019-12-14 04:08:32.178875|[g:1][CONSENSUS][SEALER]++++++++++++++++ Generating seal on,blkNum=476,tx=0,nodeIdx=0,hash=012a8178...
info|2019-12-14 04:08:32.184771|[g:1][CONSENSUS][PBFT]checkTimeout Succ,view=2909,toView=2910,nodeIdx=0,changeCycle=0,myNode=5f8c8907...,timecost=1.662
info|2019-12-14 04:08:32.185447|[g:1][CONSENSUS][PBFT]checkAndChangeView: Reach consensus,org_view=2909,org_changeCycle=0,cur_changeCycle=0,to_view=2910
info|2019-12-14 04:08:33.186986|[g:1][CONSENSUS]addRawPrepare,height=476,reqIdx=1,hash=f59fa0bf...
info|2019-12-14 04:08:33.187970|[g:1][CONSENSUS][PBFT]checkTimeout Succ,view=2910,toView=2911,nodeIdx=0,changeCycle=0,myNode=5f8c8907...,timecost=0.722
info|2019-12-14 04:08:33.191631|[g:1][CONSENSUS][PBFT]checkAndChangeView: Reach consensus,org_view=2910,org_changeCycle=0,cur_changeCycle=0,to_view=2911
info|2019-12-14 04:08:34.194363|[g:1][CONSENSUS]addRawPrepare,height=476,reqIdx=2,hash=31387497...
info|2019-12-14 04:08:34.195572|[g:1][CONSENSUS][PBFT]checkTimeout Succ,view=2911,toView=2912,nodeIdx=0,changeCycle=0,myNode=5f8c8907...,timecost=0.963
info|2019-12-14 04:08:34.199863|[g:1][CONSENSUS][PBFT]checkAndChangeView: Reach consensus,org_view=2911,org_changeCycle=0,cur_changeCycle=0,to_view=2912
info|2019-12-14 04:08:35.200998|[g:1][CONSENSUS]addRawPrepare,height=476,reqIdx=3,hash=51b557e1...
info|2019-12-14 04:08:35.202009|[g:1][CONSENSUS][PBFT]checkTimeout Succ,view=2912,toView=2913,nodeIdx=0,changeCycle=0,myNode=5f8c8907...,timecost=0.805
info|2019-12-14 04:08:35.206629|[g:1][CONSENSUS][PBFT]checkAndChangeView: Reach consensus,org_view=2912,org_changeCycle=0,cur_changeCycle=0,to_view=2913
info|2019-12-14 04:08:36.206809|[g:1][CONSENSUS][SEALER]++++++++++++++++ Generating seal on,blkNum=476,tx=0,nodeIdx=0,hash=0170b219...
info|2019-12-14 04:08:36.208146|[g:1][CONSENSUS][PBFT]checkTimeout Succ,view=2913,toView=2914,nodeIdx=0,changeCycle=0,myNode=5f8c8907...,timecost=0.812
info|2019-12-14 04:08:36.215101|[g:1][CONSENSUS][PBFT]checkAndChangeView: Reach consensus,org_view=2913,org_changeCycle=0,cur_changeCycle=0,to_view=2914
info|2019-12-14 04:08:37.217142|[g:1][CONSENSUS]addRawPrepare,height=476,reqIdx=1,hash=6931a7d4...
info|2019-12-14 04:08:37.218099|[g:1][CONSENSUS][PBFT]checkTimeout Succ,view=2914,toView=2915,nodeIdx=0,changeCycle=0,myNode=5f8c8907...,timecost=0.747
info|2019-12-14 04:08:37.220557|[g:1][CONSENSUS][PBFT]checkAndChangeView: Reach consensus,org_view=2914,org_changeCycle=0,cur_changeCycle=0,to_view=2915
info|2019-12-14 04:08:38.225266|[g:1][CONSENSUS]addRawPrepare,height=476,reqIdx=2,hash=c8924c53...
info|2019-12-14 04:08:38.225807|[g:1][CONSENSUS][PBFT]checkTimeout Succ,view=2915,toView=2916,nodeIdx=0,changeCycle=0,myNode=5f8c8907...,timecost=0.411
info|2019-12-14 04:08:38.227122|[g:1][CONSENSUS][PBFT]checkAndChangeView: Reach consensus,org_view=2915,org_changeCycle=0,cur_changeCycle=0,to_view=2916
info|2019-12-14 04:08:39.230512|[g:1][CONSENSUS]addRawPrepare,height=476,reqIdx=3,hash=fa9a6fae...
info|2019-12-14 04:08:39.231533|[g:1][CONSENSUS][PBFT]checkTimeout Succ,view=2916,toView=2917,nodeIdx=0,changeCycle=0,myNode=5f8c8907...,timecost=0.801
info|2019-12-14 04:08:39.235657|[g:1][CONSENSUS][PBFT]checkAndChangeView: Reach consensus,org_view=2916,org_changeCycle=0,cur_changeCycle=0,to_view=2917
info|2019-12-14 04:08:40.236460|[g:1][CONSENSUS][SEALER]++++++++++++++++ Generating seal on,blkNum=476,tx=0,nodeIdx=0,hash=a0ddd8bb...
info|2019-12-14 04:08:40.237820|[g:1][CONSENSUS][PBFT]checkTimeout Succ,view=2917,toView=2918,nodeIdx=0,changeCycle=0,myNode=5f8c8907...,timecost=0.713
info|2019-12-14 04:08:40.242563|[g:1][CONSENSUS][PBFT]checkAndChangeView: Reach consensus,org_view=2917,org_changeCycle=0,cur_changeCycle=0,to_view=2918
info|2019-12-14 04:08:41.245622|[g:1][CONSENSUS]addRawPrepare,height=476,reqIdx=1,hash=bd4d1548...
info|2019-12-14 04:08:41.247546|[g:1][CONSENSUS][PBFT]checkTimeout Succ,view=2918,toView=2919,nodeIdx=0,changeCycle=0,myNode=5f8c8907...,timecost=1.539
info|2019-12-14 04:08:41.250022|[g:1][CONSENSUS][PBFT]checkAndChangeView: Reach consensus,org_view=2918,org_changeCycle=0,cur_changeCycle=0,to_view=2919
info|2019-12-14 04:08:42.040234|[P2P][Service] heartBeat,connected count=3
info|2019-12-14 04:08:42.253770|[g:1][CONSENSUS]addRawPrepare,height=476,reqIdx=2,hash=bb07eaaf...
info|2019-12-14 04:08:42.260132|[g:1][CONSENSUS][PBFT]checkTimeout Succ,view=2919,toView=2920,nodeIdx=0,changeCycle=0,myNode=5f8c8907...,timecost=6.05
info|2019-12-14 04:08:42.261894|[g:1][CONSENSUS][PBFT]checkAndChangeView: Reach consensus,org_view=2919,org_changeCycle=0,cur_changeCycle=0,to_view=2920
info|2019-12-14 04:08:43.262451|[g:1][CONSENSUS]addRawPrepare,height=476,reqIdx=3,hash=e085d90d...
info|2019-12-14 04:08:43.263714|[g:1][CONSENSUS][PBFT]checkTimeout Succ,view=2920,toView=2921,nodeIdx=0,changeCycle=0,myNode=5f8c8907...,timecost=1.022
info|2019-12-14 04:08:43.269426|[g:1][CONSENSUS][PBFT]checkAndChangeView: Reach consensus,org_view=2920,org_changeCycle=0,cur_changeCycle=0,to_view=2921
info|2019-12-14 04:08:44.269856|[g:1][CONSENSUS][SEALER]++++++++++++++++ Generating seal on,blkNum=476,tx=0,nodeIdx=0,hash=a01e412a...
info|2019-12-14 04:08:44.272001|[g:1][CONSENSUS][PBFT]checkTimeout Succ,view=2921,toView=2922,nodeIdx=0,changeCycle=0,myNode=5f8c8907...,timecost=1.097
info|2019-12-14 04:08:44.278428|[g:1][CONSENSUS][PBFT]checkAndChangeView: Reach consensus,org_view=2921,org_changeCycle=0,cur_changeCycle=0,to_view=2922
info|2019-12-14 04:08:45.279842|[g:1][CONSENSUS]addRawPrepare,height=476,reqIdx=1,hash=375c183a...
info|2019-12-14 04:08:45.280999|[g:1][CONSENSUS][PBFT]checkTimeout Succ,view=2922,toView=2923,nodeIdx=0,changeCycle=0,myNode=5f8c8907...,timecost=0.838
info|2019-12-14 04:08:45.284752|[g:1][CONSENSUS][PBFT]checkAndChangeView: Reach consensus,org_view=2922,org_changeCycle=0,cur_changeCycle=0,to_view=2923
info|2019-12-14 04:08:46.287436|[g:1][CONSENSUS]addRawPrepare,height=476,reqIdx=2,hash=1d68327c...
info|2019-12-14 04:08:46.289822|[g:1][CONSENSUS][PBFT]checkTimeout Succ,view=2923,toView=2924,nodeIdx=0,changeCycle=0,myNode=5f8c8907...,timecost=2.168
info|2019-12-14 04:08:46.292240|[g:1][CONSENSUS][PBFT]checkAndChangeView: Reach consensus,org_view=2923,org_changeCycle=0,cur_changeCycle=0,to_view=2924
info|2019-12-14 04:08:47.293093|[g:1][CONSENSUS]addRawPrepare,height=476,reqIdx=3,hash=2f812378...
info|2019-12-14 04:08:47.294349|[g:1][CONSENSUS][PBFT]checkTimeout Succ,view=2924,toView=2925,nodeIdx=0,changeCycle=0,myNode=5f8c8907...,timecost=1.065
info|2019-12-14 04:08:47.296491|[g:1][CONSENSUS][PBFT]checkAndChangeView: Reach consensus,org_view=2924,org_changeCycle=0,cur_changeCycle=0,to_view=2925
info|2019-12-14 04:08:48.297580|[g:1][CONSENSUS][SEALER]++++++++++++++++ Generating seal on,blkNum=476,tx=0,nodeIdx=0,hash=7d8b29ef...
info|2019-12-14 04:08:48.299037|[g:1][CONSENSUS][PBFT]checkTimeout Succ,view=2925,toView=2926,nodeIdx=0,changeCycle=0,myNode=5f8c8907...,timecost=0.852
info|2019-12-14 04:08:48.305742|[g:1][CONSENSUS][PBFT]checkAndChangeView: Reach consensus,org_view=2925,org_changeCycle=0,cur_changeCycle=0,to_view=2926
info|2019-12-14 04:08:49.306827|[g:1][CONSENSUS]addRawPrepare,height=476,reqIdx=1,hash=34e14939...
info|2019-12-14 04:08:49.307941|[g:1][CONSENSUS][PBFT]checkTimeout Succ,view=2926,toView=2927,nodeIdx=0,changeCycle=0,myNode=5f8c8907...,timecost=0.894
info|2019-12-14 04:08:49.311759|[g:1][CONSENSUS][PBFT]checkAndChangeView: Reach consensus,org_view=2926,org_changeCycle=0,cur_changeCycle=0,to_view=2927
info|2019-12-14 04:08:50.316353|[g:1][CONSENSUS]addRawPrepare,height=476,reqIdx=2,hash=c56243b6...
info|2019-12-14 04:08:50.317686|[g:1][CONSENSUS][PBFT]checkTimeout Succ,view=2927,toView=2928,nodeIdx=0,changeCycle=0,myNode=5f8c8907...,timecost=1.105
info|2019-12-14 04:08:50.321761|[g:1][CONSENSUS][PBFT]checkAndChangeView: Reach consensus,org_view=2927,org_changeCycle=0,cur_changeCycle=0,to_view=2928
info|2019-12-14 04:08:51.323453|[g:1][CONSENSUS]addRawPrepare,height=476,reqIdx=3,hash=7c9555d9...
info|2019-12-14 04:08:51.324991|[g:1][CONSENSUS][PBFT]checkTimeout Succ,view=2928,toView=2929,nodeIdx=0,changeCycle=0,myNode=5f8c8907...,timecost=0.887
info|2019-12-14 04:08:51.329777|[g:1][CONSENSUS][PBFT]checkAndChangeView: Reach consensus,org_view=2928,org_changeCycle=0,cur_changeCycle=0,to_view=2929
info|2019-12-14 04:08:52.046837|[P2P][Service] heartBeat,connected count=3
info|2019-12-14 04:08:52.330799|[g:1][CONSENSUS][SEALER]++++++++++++++++ Generating seal on,blkNum=476,tx=0,nodeIdx=0,hash=a830d214...
info|2019-12-14 04:08:52.336209|[g:1][CONSENSUS][PBFT]checkTimeout Succ,view=2929,toView=2930,nodeIdx=0,changeCycle=0,myNode=5f8c8907...,timecost=0.759
info|2019-12-14 04:08:52.339021|[g:1][CONSENSUS][PBFT]checkAndChangeView: Reach consensus,org_view=2929,org_changeCycle=0,cur_changeCycle=0,to_view=2930
info|2019-12-14 04:08:53.341557|[g:1][CONSENSUS]addRawPrepare,height=476,reqIdx=1,hash=ca03a2a3...
info|2019-12-14 04:08:53.344291|[g:1][CONSENSUS][PBFT]checkTimeout Succ,view=2930,toView=2931,nodeIdx=0,changeCycle=0,myNode=5f8c8907...,timecost=0.889
info|2019-12-14 04:08:53.346965|[g:1][CONSENSUS][PBFT]checkAndChangeView: Reach consensus,org_view=2930,org_changeCycle=0,cur_changeCycle=0,to_view=2931
info|2019-12-14 04:08:54.349989|[g:1][CONSENSUS]addRawPrepare,height=476,reqIdx=2,hash=2b0c2cc4...
info|2019-12-14 04:08:54.351320|[g:1][CONSENSUS][PBFT]checkTimeout Succ,view=2931,toView=2932,nodeIdx=0,changeCycle=0,myNode=5f8c8907...,timecost=1.119
info|2019-12-14 04:08:54.354832|[g:1][CONSENSUS][PBFT]checkAndChangeView: Reach consensus,org_view=2931,org_changeCycle=0,cur_changeCycle=0,to_view=2932
info|2019-12-14 04:08:55.356503|[g:1][CONSENSUS]addRawPrepare,height=476,reqIdx=3,hash=9279371c...
info|2019-12-14 04:08:55.358341|[g:1][CONSENSUS][PBFT]checkTimeout Succ,view=2932,toView=2933,nodeIdx=0,changeCycle=0,myNode=5f8c8907...,timecost=1.548
info|2019-12-14 04:08:55.364136|[g:1][CONSENSUS][PBFT]checkAndChangeView: Reach consensus,org_view=2932,org_changeCycle=0,cur_changeCycle=0,to_view=2933
info|2019-12-14 04:08:56.364989|[g:1][CONSENSUS][SEALER]++++++++++++++++ Generating seal on,blkNum=476,tx=0,nodeIdx=0,hash=34594546...
info|2019-12-14 04:08:56.370764|[g:1][CONSENSUS][PBFT]checkTimeout Succ,view=2933,toView=2934,nodeIdx=0,changeCycle=0,myNode=5f8c8907...,timecost=1.421
info|2019-12-14 04:08:56.371464|[g:1][CONSENSUS][PBFT]checkAndChangeView: Reach consensus,org_view=2933,org_changeCycle=0,cur_changeCycle=0,to_view=2934
info|2019-12-14 04:08:57.372454|[g:1][CONSENSUS]addRawPrepare,height=476,reqIdx=1,hash=0c34aca8...
info|2019-12-14 04:08:57.373582|[g:1][CONSENSUS][PBFT]checkTimeout Succ,view=2934,toView=2935,nodeIdx=0,changeCycle=0,myNode=5f8c8907...,timecost=1.073
info|2019-12-14 04:08:57.379629|[g:1][CONSENSUS][PBFT]checkAndChangeView: Reach consensus,org_view=2934,org_changeCycle=0,cur_changeCycle=0,to_view=2935
info|2019-12-14 04:08:58.382235|[g:1][CONSENSUS]addRawPrepare,height=476,reqIdx=2,hash=644c7ed5...
info|2019-12-14 04:08:58.384978|[g:1][CONSENSUS][PBFT]checkTimeout Succ,view=2935,toView=2936,nodeIdx=0,changeCycle=0,myNode=5f8c8907...,timecost=2.399
info|2019-12-14 04:08:58.387441|[g:1][CONSENSUS][PBFT]checkAndChangeView: Reach consensus,org_view=2935,org_changeCycle=0,cur_changeCycle=0,to_view=2936
info|2019-12-14 04:08:59.390914|[g:1][CONSENSUS]addRawPrepare,height=476,reqIdx=3,hash=0d68871e...
info|2019-12-14 04:08:59.393994|[g:1][CONSENSUS][PBFT]checkTimeout Succ,view=2936,toView=2937,nodeIdx=0,changeCycle=0,myNode=5f8c8907...,timecost=2.824
info|2019-12-14 04:08:59.396921|[g:1][CONSENSUS][PBFT]checkAndChangeView: Reach consensus,org_view=2936,org_changeCycle=0,cur_changeCycle=0,to_view=2937
info|2019-12-14 04:09:00.397236|[g:1][CONSENSUS][SEALER]++++++++++++++++ Generating seal on,blkNum=476,tx=0,nodeIdx=0,hash=d0ddca94...
info|2019-12-14 04:09:00.401956|[g:1][CONSENSUS][PBFT]checkTimeout Succ,view=2937,toView=2938,nodeIdx=0,changeCycle=0,myNode=5f8c8907...,timecost=0.757
info|2019-12-14 04:09:00.404639|[g:1][CONSENSUS][PBFT]checkAndChangeView: Reach consensus,org_view=2937,org_changeCycle=0,cur_changeCycle=0,to_view=2938
info|2019-12-14 04:09:01.409612|[g:1][CONSENSUS]addRawPrepare,height=476,reqIdx=1,hash=7fb351f6...
info|2019-12-14 04:09:01.414850|[g:1][CONSENSUS][PBFT]checkTimeout Succ,view=2938,toView=2939,nodeIdx=0,changeCycle=0,myNode=5f8c8907...,timecost=4.958
info|2019-12-14 04:09:01.416597|[g:1][CONSENSUS][PBFT]checkAndChangeView: Reach consensus,org_view=2938,org_changeCycle=0,cur_changeCycle=0,to_view=2939
info|2019-12-14 04:09:02.053992|[P2P][Service] heartBeat,connected count=3
info|2019-12-14 04:09:02.416366|[g:1][CONSENSUS]addRawPrepare,height=476,reqIdx=2,hash=a16f43c6...
info|2019-12-14 04:09:02.417541|[g:1][CONSENSUS][PBFT]checkTimeout Succ,view=2939,toView=2940,nodeIdx=0,changeCycle=0,myNode=5f8c8907...,timecost=0.93
info|2019-12-14 04:09:02.422675|[g:1][CONSENSUS][PBFT]checkAndChangeView: Reach consensus,org_view=2939,org_changeCycle=0,cur_changeCycle=0,to_view=2940
info|2019-12-14 04:09:03.430532|[g:1][CONSENSUS]addRawPrepare,height=476,reqIdx=3,hash=30531fa0...
info|2019-12-14 04:09:03.431501|[g:1][CONSENSUS][PBFT]checkTimeout Succ,view=2940,toView=2941,nodeIdx=0,changeCycle=0,myNode=5f8c8907...,timecost=0.708
info|2019-12-14 04:09:03.438312|[g:1][CONSENSUS][PBFT]checkAndChangeView: Reach consensus,org_view=2940,org_changeCycle=0,cur_changeCycle=0,to_view=2941
