info|2019-12-14 07:08:03.011685|[P2P][Service] heartBeat,connected count=3
warning|2019-12-14 07:08:03.021417|[g:1][CONSENSUS][PBFT]ViewChangeWarning: not caused by omit empty block ,v=2993,toV=2994,curNum=475,hash=ad338c6e...,nodeIdx=0,myNode=5f8c8907...
info|2019-12-14 07:08:03.024208|[g:1][CONSENSUS][SEALER]++++++++++++++++ Generating seal on,blkNum=476,tx=0,nodeIdx=0,hash=aface40f...
info|2019-12-14 07:08:03.026562|[g:1][CONSENSUS][PBFT]checkTimeout Succ,view=2993,toView=2994,nodeIdx=0,changeCycle=1,myNode=5f8c8907...,timecost=11.05
info|2019-12-14 07:08:03.028882|[g:1][CONSENSUS][PBFT]checkTimeout Succ,view=2993,toView=2995,nodeIdx=0,changeCycle=0,myNode=5f8c8907...,timecost=0.39
info|2019-12-14 07:08:04.027135|[g:1][CONSENSUS][PBFT]FutureBlock,EINFO=handlePrepareMsg,reqIdx=1,view=2994,reqNum=476,curNum=475,consNum=476,fromIp=127.0.0.1:59976,hash=94c65387...,nodeIdx=0,myNode=5f8c8907...,curChangeCycle=0
info|2019-12-14 07:08:04.027151|[g:1][CONSENSUS]addFuturePrepareCache,height=476,reqIdx=1,hash=94c65387...
info|2019-12-14 07:08:04.029214|[g:1][CONSENSUS][PBFT]FutureBlock,EINFO=handlePrepareMsg,reqIdx=1,view=2994,reqNum=476,curNum=475,consNum=476,fromIp=127.0.0.1:59986,hash=94c65387...,nodeIdx=0,myNode=5f8c8907...,curChangeCycle=0
info|2019-12-14 07:08:04.029252|[g:1][CONSENSUS][PBFT]FutureBlock,EINFO=handlePrepareMsg,reqIdx=1,view=2994,reqNum=476,curNum=475,consNum=476,fromIp=127.0.0.1:59989,hash=94c65387...,nodeIdx=0,myNode=5f8c8907...,curChangeCycle=0
info|2019-12-14 07:08:04.029775|[g:1][CONSENSUS][PBFT]checkAndChangeView, update m_changeCycle to 1
info|2019-12-14 07:08:04.029790|[g:1][CONSENSUS][PBFT]checkAndChangeView: Reach consensus,org_view=2993,org_changeCycle=0,cur_changeCycle=1,to_view=2995
info|2019-12-14 07:08:05.033428|[g:1][CONSENSUS]addRawPrepare,height=476,reqIdx=2,hash=854b4f79...
info|2019-12-14 07:08:05.033952|[g:1][CONSENSUS][PBFT]checkTimeout Succ,view=2995,toView=2996,nodeIdx=0,changeCycle=0,myNode=5f8c8907...,timecost=0.377
info|2019-12-14 07:08:05.038571|[g:1][CONSENSUS][PBFT]checkAndChangeView: Reach consensus,org_view=2995,org_changeCycle=0,cur_changeCycle=0,to_view=2996
info|2019-12-14 07:08:06.039224|[g:1][CONSENSUS]addRawPrepare,height=476,reqIdx=3,hash=4e00d88c...
info|2019-12-14 07:08:06.040232|[g:1][CONSENSUS][PBFT]checkTimeout Succ,view=2996,toView=2997,nodeIdx=0,changeCycle=0,myNode=5f8c8907...,timecost=0.74
info|2019-12-14 07:08:06.044613|[g:1][CONSENSUS][PBFT]checkAndChangeView: Reach consensus,org_view=2996,org_changeCycle=0,cur_changeCycle=0,to_view=2997
info|2019-12-14 07:08:07.045725|[g:1][CONSENSUS][SEALER]++++++++++++++++ Generating seal on,blkNum=476,tx=0,nodeIdx=0,hash=6043740d...
info|2019-12-14 07:08:07.051529|[g:1][CONSENSUS][PBFT]checkTimeout Succ,view=2997,toView=2998,nodeIdx=0,changeCycle=0,myNode=5f8c8907...,timecost=0.733
info|2019-12-14 07:08:07.052982|[g:1][CONSENSUS][PBFT]checkAndChangeView: Reach consensus,org_view=2997,org_changeCycle=0,cur_changeCycle=0,to_view=2998
info|2019-12-14 07:08:08.055749|[g:1][CONSENSUS]addRawPrepare,height=476,reqIdx=1,hash=2f8e53b3...
info|2019-12-14 07:08:08.057329|[g:1][CONSENSUS][PBFT]checkTimeout Succ,view=2998,toView=2999,nodeIdx=0,changeCycle=0,myNode=5f8c8907...,timecost=1.341
info|2019-12-14 07:08:08.063238|[g:1][CONSENSUS][PBFT]checkAndChangeView: Reach consensus,org_view=2998,org_changeCycle=0,cur_changeCycle=0,to_view=2999
info|2019-12-14 07:08:09.064885|[g:1][CONSENSUS]addRawPrepare,height=476,reqIdx=2,hash=f7522fa1...
info|2019-12-14 07:08:09.066553|[g:1][CONSENSUS][PBFT]checkTimeout Succ,view=2999,toView=3000,nodeIdx=0,changeCycle=0,myNode=5f8c8907...,timecost=1.339
info|2019-12-14 07:08:09.068879|[g:1][CONSENSUS][PBFT]checkAndChangeView: Reach consensus,org_view=2999,org_changeCycle=0,cur_changeCycle=0,to_view=3000
info|2019-12-14 07:08:10.070514|[g:1][CONSENSUS]addRawPrepare,height=476,reqIdx=3,hash=eec7e468...
info|2019-12-14 07:08:10.071551|[g:1][CONSENSUS][PBFT]checkTimeout Succ,view=3000,toView=3001,nodeIdx=0,changeCycle=0,myNode=5f8c8907...,timecost=0.809
info|2019-12-14 07:08:10.076945|[g:1][CONSENSUS][PBFT]checkAndChangeView: Reach consensus,org_view=3000,org_changeCycle=0,cur_changeCycle=0,to_view=3001
info|2019-12-14 07:08:11.076384|[g:1][CONSENSUS][SEALER]++++++++++++++++ Generating seal on,blkNum=476,tx=0,nodeIdx=0,hash=2836755a...
info|2019-12-14 07:08:11.077511|[g:1][CONSENSUS][PBFT]checkTimeout Succ,view=3001,toView=3002,nodeIdx=0,changeCycle=0,myNode=5f8c8907...,timecost=0.647
info|2019-12-14 07:08:11.082648|[g:1][CONSENSUS][PBFT]checkAndChangeView: Reach consensus,org_view=3001,org_changeCycle=0,cur_changeCycle=0,to_view=3002
info|2019-12-14 07:08:12.084911|[g:1][CONSENSUS]addRawPrepare,height=476,reqIdx=1,hash=9ea122cd...
info|2019-12-14 07:08:12.087204|[g:1][CONSENSUS][PBFT]checkTimeout Succ,view=3002,toView=3003,nodeIdx=0,changeCycle=0,myNode=5f8c8907...,timecost=1.994
info|2019-12-14 07:08:12.089990|[g:1][CONSENSUS][PBFT]checkAndChangeView: Reach consensus,org_view=3002,org_changeCycle=0,cur_changeCycle=0,to_view=3003
info|2019-12-14 07:08:13.020192|[P2P][Service] heartBeat,connected count=3
info|2019-12-14 07:08:13.093552|[g:1][CONSENSUS]addRawPrepare,height=476,reqIdx=2,hash=06861b5e...
info|2019-12-14 07:08:13.094412|[g:1][CONSENSUS][PBFT]checkTimeout Succ,view=3003,toView=3004,nodeIdx=0,changeCycle=0,myNode=5f8c8907...,timecost=0.687
info|2019-12-14 07:08:13.096375|[g:1][CONSENSUS][PBFT]checkAndChangeView: Reach consensus,org_view=3003,org_changeCycle=0,cur_changeCycle=0,to_view=3004
info|2019-12-14 07:08:14.099740|[g:1][CONSENSUS]addRawPrepare,height=476,reqIdx=3,hash=430a2aa8...
info|2019-12-14 07:08:14.101169|[g:1][CONSENSUS][PBFT]checkTimeout Succ,view=3004,toView=3005,nodeIdx=0,changeCycle=0,myNode=5f8c8907...,timecost=1.185
info|2019-12-14 07:08:14.105988|[g:1][CONSENSUS][PBFT]checkAndChangeView: Reach consensus,org_view=3004,org_changeCycle=0,cur_changeCycle=0,to_view=3005
info|2019-12-14 07:08:15.106604|[g:1][CONSENSUS][SEALER]++++++++++++++++ Generating seal on,blkNum=476,tx=0,nodeIdx=0,hash=dbb00b7a...
info|2019-12-14 07:08:15.107973|[g:1][CONSENSUS][PBFT]checkTimeout Succ,view=3005,toView=3006,nodeIdx=0,changeCycle=0,myNode=5f8c8907...,timecost=0.798
info|2019-12-14 07:08:15.114151|[g:1][CONSENSUS][PBFT]checkAndChangeView: Reach consensus,org_view=3005,org_changeCycle=0,cur_changeCycle=0,to_view=3006
info|2019-12-14 07:08:16.116950|[g:1][CONSENSUS]addRawPrepare,height=476,reqIdx=1,hash=fde38781...
info|2019-12-14 07:08:16.118512|[g:1][CONSENSUS][PBFT]checkTimeout Succ,view=3006,toView=3007,nodeIdx=0,changeCycle=0,myNode=5f8c8907...,timecost=1.023
info|2019-12-14 07:08:16.121592|[g:1][CONSENSUS][PBFT]checkAndChangeView: Reach consensus,org_view=3006,org_changeCycle=0,cur_changeCycle=0,to_view=3007
info|2019-12-14 07:08:17.125165|[g:1][CONSENSUS]addRawPrepare,height=476,reqIdx=2,hash=b4824d3d...
info|2019-12-14 07:08:17.127367|[g:1][CONSENSUS][PBFT]checkTimeout Succ,view=3007,toView=3008,nodeIdx=0,changeCycle=0,myNode=5f8c8907...,timecost=1.99
info|2019-12-14 07:08:17.132413|[g:1][CONSENSUS][PBFT]checkAndChangeView: Reach consensus,org_view=3007,org_changeCycle=0,cur_changeCycle=0,to_view=3008
info|2019-12-14 07:08:18.131067|[g:1][CONSENSUS]addRawPrepare,height=476,reqIdx=3,hash=d4e9b1c6...
info|2019-12-14 07:08:18.131981|[g:1][CONSENSUS][PBFT]checkTimeout Succ,view=3008,toView=3009,nodeIdx=0,changeCycle=0,myNode=5f8c8907...,timecost=0.739
info|2019-12-14 07:08:18.135190|[g:1][CONSENSUS][PBFT]checkAndChangeView: Reach consensus,org_view=3008,org_changeCycle=0,cur_changeCycle=0,to_view=3009
info|2019-12-14 07:08:19.136378|[g:1][CONSENSUS][SEALER]++++++++++++++++ Generating seal on,blkNum=476,tx=0,nodeIdx=0,hash=099bfab6...
info|2019-12-14 07:08:19.142604|[g:1][CONSENSUS][PBFT]checkTimeout Succ,view=3009,toView=3010,nodeIdx=0,changeCycle=0,myNode=5f8c8907...,timecost=0.721
info|2019-12-14 07:08:19.143648|[g:1][CONSENSUS][PBFT]checkAndChangeView: Reach consensus,org_view=3009,org_changeCycle=0,cur_changeCycle=0,to_view=3010
info|2019-12-14 07:08:20.149075|[g:1][CONSENSUS]addRawPrepare,height=476,reqIdx=1,hash=78d82031...
info|2019-12-14 07:08:20.150121|[g:1][CONSENSUS][PBFT]checkTimeout Succ,view=3010,toView=3011,nodeIdx=0,changeCycle=0,myNode=5f8c8907...,timecost=0.721
info|2019-12-14 07:08:20.151469|[g:1][CONSENSUS][PBFT]checkAndChangeView: Reach consensus,org_view=3010,org_changeCycle=0,cur_changeCycle=0,to_view=3011
info|2019-12-14 07:08:21.153415|[g:1][CONSENSUS]addRawPrepare,height=476,reqIdx=2,hash=2cd26dc8...
info|2019-12-14 07:08:21.154794|[g:1][CONSENSUS][PBFT]checkTimeout Succ,view=3011,toView=3012,nodeIdx=0,changeCycle=0,myNode=5f8c8907...,timecost=1.133
info|2019-12-14 07:08:21.156407|[g:1][CONSENSUS][PBFT]checkAndChangeView: Reach consensus,org_view=3011,org_changeCycle=0,cur_changeCycle=0,to_view=3012
info|2019-12-14 07:08:22.159915|[g:1][CONSENSUS]addRawPrepare,height=476,reqIdx=3,hash=794bc158...
info|2019-12-14 07:08:22.161620|[g:1][CONSENSUS][PBFT]checkTimeout Succ,view=3012,toView=3013,nodeIdx=0,changeCycle=0,myNode=5f8c8907...,timecost=0.814
info|2019-12-14 07:08:22.166688|[g:1][CONSENSUS][PBFT]checkAndChangeView: Reach consensus,org_view=3012,org_changeCycle=0,cur_changeCycle=0,to_view=3013
info|2019-12-14 07:08:23.023463|[P2P][Service] heartBeat,connected count=3
info|2019-12-14 07:08:23.166746|[g:1][CONSENSUS][SEALER]++++++++++++++++ Generating seal on,blkNum=476,tx=0,nodeIdx=0,hash=3d4b732c...
info|2019-12-14 07:08:23.167988|[g:1][CONSENSUS][PBFT]checkTimeout Succ,view=3013,toView=3014,nodeIdx=0,changeCycle=0,myNode=5f8c8907...,timecost=0.753
info|2019-12-14 07:08:23.171645|[g:1][CONSENSUS][PBFT]checkAndChangeView: Reach consensus,org_view=3013,org_changeCycle=0,cur_changeCycle=0,to_view=3014
info|2019-12-14 07:08:24.175426|[g:1][CONSENSUS]addRawPrepare,height=476,reqIdx=1,hash=fa358133...
info|2019-12-14 07:08:24.176725|[g:1][CONSENSUS][PBFT]checkTimeout Succ,view=3014,toView=3015,nodeIdx=0,changeCycle=0,myNode=5f8c8907...,timecost=0.979
info|2019-12-14 07:08:24.181173|[g:1][CONSENSUS][PBFT]checkAndChangeView: Reach consensus,org_view=3014,org_changeCycle=0,cur_changeCycle=0,to_view=3015
info|2019-12-14 07:08:25.183935|[g:1][CONSENSUS]addRawPrepare,height=476,reqIdx=2,hash=f9ddd903...
info|2019-12-14 07:08:25.186379|[g:1][CONSENSUS][PBFT]checkTimeout Succ,view=3015,toView=3016,nodeIdx=0,changeCycle=0,myNode=5f8c8907...,timecost=2.186
info|2019-12-14 07:08:25.189121|[g:1][CONSENSUS][PBFT]checkAndChangeView: Reach consensus,org_view=3015,org_changeCycle=0,cur_changeCycle=0,to_view=3016
info|2019-12-14 07:08:26.192679|[g:1][CONSENSUS]addRawPrepare,height=476,reqIdx=3,hash=990f7e0f...
info|2019-12-14 07:08:26.193862|[g:1][CONSENSUS][PBFT]checkTimeout Succ,view=3016,toView=3017,nodeIdx=0,changeCycle=0,myNode=5f8c8907...,timecost=0.921
info|2019-12-14 07:08:26.197735|[g:1][CONSENSUS][PBFT]checkAndChangeView: Reach consensus,org_view=3016,org_changeCycle=0,cur_changeCycle=0,to_view=3017
info|2019-12-14 07:08:27.198337|[g:1][CONSENSUS][SEALER]++++++++++++++++ Generating seal on,blkNum=476,tx=0,nodeIdx=0,hash=c59f6865...
info|2019-12-14 07:08:27.203254|[g:1][CONSENSUS][PBFT]checkTimeout Succ,view=3017,toView=3018,nodeIdx=0,changeCycle=0,myNode=5f8c8907...,timecost=0.953
info|2019-12-14 07:08:27.205602|[g:1][CONSENSUS][PBFT]checkAndChangeView: Reach consensus,org_view=3017,org_changeCycle=0,cur_changeCycle=0,to_view=3018
info|2019-12-14 07:08:28.908629|[g:1][CONSENSUS]addRawPrepare,height=476,reqIdx=1,hash=926be42b...
info|2019-12-14 07:08:28.909162|[g:1][CONSENSUS][PBFT]checkTimeout Succ,view=3018,toView=3019,nodeIdx=0,changeCycle=0,myNode=5f8c8907...,timecost=0.36
info|2019-12-14 07:08:28.911821|[g:1][CONSENSUS][PBFT]checkAndChangeView: Reach consensus,org_view=3018,org_changeCycle=0,cur_changeCycle=0,to_view=3019
info|2019-12-14 07:08:29.914529|[g:1][CONSENSUS]addRawPrepare,height=476,reqIdx=2,hash=872bb10a...
info|2019-12-14 07:08:29.915603|[g:1][CONSENSUS][PBFT]checkTimeout Succ,view=3019,toView=3020,nodeIdx=0,changeCycle=0,myNode=5f8c8907...,timecost=0.847
info|2019-12-14 07:08:29.920632|[g:1][CONSENSUS][PBFT]checkAndChangeView: Reach consensus,org_view=3019,org_changeCycle=0,cur_changeCycle=0,to_view=3020
info|2019-12-14 07:08:30.924158|[g:1][CONSENSUS]addRawPrepare,height=476,reqIdx=3,hash=7eb0b9eb...
info|2019-12-14 07:08:30.925460|[g:1][CONSENSUS][PBFT]checkTimeout Succ,view=3020,toView=3021,nodeIdx=0,changeCycle=0,myNode=5f8c8907...,timecost=1.039
info|2019-12-14 07:08:30.929497|[g:1][CONSENSUS][PBFT]checkAndChangeView: Reach consensus,org_view=3020,org_changeCycle=0,cur_changeCycle=0,to_view=3021
info|2019-12-14 07:08:31.929611|[g:1][CONSENSUS][SEALER]++++++++++++++++ Generating seal on,blkNum=476,tx=0,nodeIdx=0,hash=22eec7eb...
info|2019-12-14 07:08:31.933957|[g:1][CONSENSUS][PBFT]checkTimeout Succ,view=3021,toView=3022,nodeIdx=0,changeCycle=0,myNode=5f8c8907...,timecost=0.48
info|2019-12-14 07:08:31.935033|[g:1][CONSENSUS][PBFT]checkAndChangeView: Reach consensus,org_view=3021,org_changeCycle=0,cur_changeCycle=0,to_view=3022
info|2019-12-14 07:08:32.936962|[g:1][CONSENSUS]addRawPrepare,height=476,reqIdx=1,hash=dcb425e1...
info|2019-12-14 07:08:32.938262|[g:1][CONSENSUS][PBFT]checkTimeout Succ,view=3022,toView=3023,nodeIdx=0,changeCycle=0,myNode=5f8c8907...,timecost=0.986
info|2019-12-14 07:08:32.943084|[g:1][CONSENSUS][PBFT]checkAndChangeView: Reach consensus,org_view=3022,org_changeCycle=0,cur_changeCycle=0,to_view=3023
info|2019-12-14 07:08:33.029350|[P2P][Service] heartBeat,connected count=3
info|2019-12-14 07:08:33.945607|[g:1][CONSENSUS]addRawPrepare,height=476,reqIdx=2,hash=14883276...
info|2019-12-14 07:08:33.946608|[g:1][CONSENSUS][PBFT]checkTimeout Succ,view=3023,toView=3024,nodeIdx=0,changeCycle=0,myNode=5f8c8907...,timecost=0.782
info|2019-12-14 07:08:33.951636|[g:1][CONSENSUS][PBFT]checkAndChangeView: Reach consensus,org_view=3023,org_changeCycle=0,cur_changeCycle=0,to_view=3024
info|2019-12-14 07:08:34.957354|[g:1][CONSENSUS]addRawPrepare,height=476,reqIdx=3,hash=643bdd00...
info|2019-12-14 07:08:34.958552|[g:1][CONSENSUS][PBFT]checkTimeout Succ,view=3024,toView=3025,nodeIdx=0,changeCycle=0,myNode=5f8c8907...,timecost=0.938
info|2019-12-14 07:08:34.961397|[g:1][CONSENSUS][PBFT]checkAndChangeView: Reach consensus,org_view=3024,org_changeCycle=0,cur_changeCycle=0,to_view=3025
info|2019-12-14 07:08:35.961871|[g:1][CONSENSUS][SEALER]++++++++++++++++ Generating seal on,blkNum=476,tx=0,nodeIdx=0,hash=8cfc3ec8...
info|2019-12-14 07:08:35.963355|[g:1][CONSENSUS][PBFT]checkTimeout Succ,view=3025,toView=3026,nodeIdx=0,changeCycle=0,myNode=5f8c8907...,timecost=0.928
info|2019-12-14 07:08:35.968518|[g:1][CONSENSUS][PBFT]checkAndChangeView: Reach consensus,org_view=3025,org_changeCycle=0,cur_changeCycle=0,to_view=3026
info|2019-12-14 07:08:36.972647|[g:1][CONSENSUS]addRawPrepare,height=476,reqIdx=1,hash=e9239ac6...
info|2019-12-14 07:08:36.978009|[g:1][CONSENSUS][PBFT]checkTimeout Succ,view=3026,toView=3027,nodeIdx=0,changeCycle=0,myNode=5f8c8907...,timecost=5.098
info|2019-12-14 07:08:36.979653|[g:1][CONSENSUS][PBFT]checkAndChangeView: Reach consensus,org_view=3026,org_changeCycle=0,cur_changeCycle=0,to_view=3027
info|2019-12-14 07:08:37.978863|[g:1][CONSENSUS]addRawPrepare,height=476,reqIdx=2,hash=7b603889...
info|2019-12-14 07:08:37.982517|[g:1][CONSENSUS][PBFT]checkTimeout Succ,view=3027,toView=3028,nodeIdx=0,changeCycle=0,myNode=5f8c8907...,timecost=0.854
info|2019-12-14 07:08:37.985626|[g:1][CONSENSUS][PBFT]checkAndChangeView: Reach consensus,org_view=3027,org_changeCycle=0,cur_changeCycle=0,to_view=3028
info|2019-12-14 07:08:38.985595|[g:1][CONSENSUS]addRawPrepare,height=476,reqIdx=3,hash=8ea9a6c6...
info|2019-12-14 07:08:38.992257|[g:1][CONSENSUS][PBFT]checkTimeout Succ,view=3028,toView=3029,nodeIdx=0,changeCycle=0,myNode=5f8c8907...,timecost=5.02
info|2019-12-14 07:08:38.993773|[g:1][CONSENSUS][PBFT]checkAndChangeView: Reach consensus,org_view=3028,org_changeCycle=0,cur_changeCycle=0,to_view=3029
info|2019-12-14 07:08:39.994454|[g:1][CONSENSUS][SEALER]++++++++++++++++ Generating seal on,blkNum=476,tx=0,nodeIdx=0,hash=45c31859...
info|2019-12-14 07:08:39.995884|[g:1][CONSENSUS][PBFT]checkTimeout Succ,view=3029,toView=3030,nodeIdx=0,changeCycle=0,myNode=5f8c8907...,timecost=0.899
info|2019-12-14 07:08:40.001376|[g:1][CONSENSUS][PBFT]checkAndChangeView: Reach consensus,org_view=3029,org_changeCycle=0,cur_changeCycle=0,to_view=3030
info|2019-12-14 07:08:41.005959|[g:1][CONSENSUS]addRawPrepare,height=476,reqIdx=1,hash=32ae132a...
info|2019-12-14 07:08:41.007309|[g:1][CONSENSUS][PBFT]checkTimeout Succ,view=3030,toView=3031,nodeIdx=0,changeCycle=0,myNode=5f8c8907...,timecost=1.117
info|2019-12-14 07:08:41.011516|[g:1][CONSENSUS][PBFT]checkAndChangeView: Reach consensus,org_view=3030,org_changeCycle=0,cur_changeCycle=0,to_view=3031
info|2019-12-14 07:08:42.013785|[g:1][CONSENSUS]addRawPrepare,height=476,reqIdx=2,hash=d5af1ee7...
info|2019-12-14 07:08:42.014653|[g:1][CONSENSUS][PBFT]checkTimeout Succ,view=3031,toView=3032,nodeIdx=0,changeCycle=0,myNode=5f8c8907...,timecost=0.655
info|2019-12-14 07:08:42.016794|[g:1][CONSENSUS][PBFT]checkAndChangeView: Reach consensus,org_view=3031,org_changeCycle=0,cur_changeCycle=0,to_view=3032
info|2019-12-14 07:08:43.020278|[g:1][CONSENSUS]addRawPrepare,height=476,reqIdx=3,hash=1893e6a4...
info|2019-12-14 07:08:43.021605|[g:1][CONSENSUS][PBFT]checkTimeout Succ,view=3032,toView=3033,nodeIdx=0,changeCycle=0,myNode=5f8c8907...,timecost=0.858
info|2019-12-14 07:08:43.025811|[g:1][CONSENSUS][PBFT]checkAndChangeView: Reach consensus,org_view=3032,org_changeCycle=0,cur_changeCycle=0,to_view=3033
info|2019-12-14 07:08:43.030429|[P2P][Service] heartBeat,connected count=3
info|2019-12-14 07:08:44.026652|[g:1][CONSENSUS][SEALER]++++++++++++++++ Generating seal on,blkNum=476,tx=0,nodeIdx=0,hash=e309921c...
info|2019-12-14 07:08:44.028073|[g:1][CONSENSUS][PBFT]checkTimeout Succ,view=3033,toView=3034,nodeIdx=0,changeCycle=0,myNode=5f8c8907...,timecost=0.893
info|2019-12-14 07:08:44.034622|[g:1][CONSENSUS][PBFT]checkAndChangeView: Reach consensus,org_view=3033,org_changeCycle=0,cur_changeCycle=0,to_view=3034
info|2019-12-14 07:08:45.037377|[g:1][CONSENSUS]addRawPrepare,height=476,reqIdx=1,hash=5f8bffea...
info|2019-12-14 07:08:45.038688|[g:1][CONSENSUS][PBFT]checkTimeout Succ,view=3034,toView=3035,nodeIdx=0,changeCycle=0,myNode=5f8c8907...,timecost=1.064
info|2019-12-14 07:08:45.043258|[g:1][CONSENSUS][PBFT]checkAndChangeView: Reach consensus,org_view=3034,org_changeCycle=0,cur_changeCycle=0,to_view=3035
info|2019-12-14 07:08:46.045079|[g:1][CONSENSUS]addRawPrepare,height=476,reqIdx=2,hash=22425c37...
info|2019-12-14 07:08:46.046389|[g:1][CONSENSUS][PBFT]checkTimeout Succ,view=3035,toView=3036,nodeIdx=0,changeCycle=0,myNode=5f8c8907...,timecost=1.047
info|2019-12-14 07:08:46.050606|[g:1][CONSENSUS][PBFT]checkAndChangeView: Reach consensus,org_view=3035,org_changeCycle=0,cur_changeCycle=0,to_view=3036
info|2019-12-14 07:08:47.054904|[g:1][CONSENSUS]addRawPrepare,height=476,reqIdx=3,hash=3ea32e21...
info|2019-12-14 07:08:47.056134|[g:1][CONSENSUS][PBFT]checkTimeout Succ,view=3036,toView=3037,nodeIdx=0,changeCycle=0,myNode=5f8c8907...,timecost=1.027
info|2019-12-14 07:08:47.059314|[g:1][CONSENSUS][PBFT]checkAndChangeView: Reach consensus,org_view=3036,org_changeCycle=0,cur_changeCycle=0,to_view=3037
info|2019-12-14 07:08:48.060143|[g:1][CONSENSUS][SEALER]++++++++++++++++ Generating seal on,blkNum=476,tx=0,nodeIdx=0,hash=ff4edf1f...
info|2019-12-14 07:08:48.061507|[g:1][CONSENSUS][PBFT]checkTimeout Succ,view=3037,toView=3038,nodeIdx=0,changeCycle=0,myNode=5f8c8907...,timecost=0.827
info|2019-12-14 07:08:48.067421|[g:1][CONSENSUS][PBFT]checkAndChangeView: Reach consensus,org_view=3037,org_changeCycle=0,cur_changeCycle=0,to_view=3038
info|2019-12-14 07:08:49.072929|[g:1][CONSENSUS]addRawPrepare,height=476,reqIdx=1,hash=6860fa0d...
info|2019-12-14 07:08:49.074293|[g:1][CONSENSUS][PBFT]checkTimeout Succ,view=3038,toView=3039,nodeIdx=0,changeCycle=0,myNode=5f8c8907...,timecost=1.088
info|2019-12-14 07:08:49.079460|[g:1][CONSENSUS][PBFT]checkAndChangeView: Reach consensus,org_view=3038,org_changeCycle=0,cur_changeCycle=0,to_view=3039
info|2019-12-14 07:08:50.081230|[g:1][CONSENSUS]addRawPrepare,height=476,reqIdx=2,hash=935ef3b9...
info|2019-12-14 07:08:50.082950|[g:1][CONSENSUS][PBFT]checkTimeout Succ,view=3039,toView=3040,nodeIdx=0,changeCycle=0,myNode=5f8c8907...,timecost=1.514
info|2019-12-14 07:08:50.084613|[g:1][CONSENSUS][PBFT]checkAndChangeView: Reach consensus,org_view=3039,org_changeCycle=0,cur_changeCycle=0,to_view=3040
info|2019-12-14 07:08:51.088186|[g:1][CONSENSUS]addRawPrepare,height=476,reqIdx=3,hash=7ab38bea...
info|2019-12-14 07:08:51.089908|[g:1][CONSENSUS][PBFT]checkTimeout Succ,view=3040,toView=3041,nodeIdx=0,changeCycle=0,myNode=5f8c8907...,timecost=1.405
info|2019-12-14 07:08:51.094784|[g:1][CONSENSUS][PBFT]checkAndChangeView: Reach consensus,org_view=3040,org_changeCycle=0,cur_changeCycle=0,to_view=3041
info|2019-12-14 07:08:52.095415|[g:1][CONSENSUS][SEALER]++++++++++++++++ Generating seal on,blkNum=476,tx=0,nodeIdx=0,hash=f790652d...
info|2019-12-14 07:08:52.101614|[g:1][CONSENSUS][PBFT]checkTimeout Succ,view=3041,toView=3042,nodeIdx=0,changeCycle=0,myNode=5f8c8907...,timecost=0.975
info|2019-12-14 07:08:52.103577|[g:1][CONSENSUS][PBFT]checkAndChangeView: Reach consensus,org_view=3041,org_changeCycle=0,cur_changeCycle=0,to_view=3042
info|2019-12-14 07:08:53.040195|[P2P][Service] heartBeat,connected count=3
info|2019-12-14 07:08:53.107169|[g:1][CONSENSUS]addRawPrepare,height=476,reqIdx=1,hash=77acf908...
info|2019-12-14 07:08:53.110120|[g:1][CONSENSUS][PBFT]checkTimeout Succ,view=3042,toView=3043,nodeIdx=0,changeCycle=0,myNode=5f8c8907...,timecost=2.695
info|2019-12-14 07:08:53.113009|[g:1][CONSENSUS][PBFT]checkAndChangeView: Reach consensus,org_view=3042,org_changeCycle=0,cur_changeCycle=0,to_view=3043
info|2019-12-14 07:08:54.115955|[g:1][CONSENSUS]addRawPrepare,height=476,reqIdx=2,hash=69451b65...
info|2019-12-14 07:08:54.116798|[g:1][CONSENSUS][PBFT]checkTimeout Succ,view=3043,toView=3044,nodeIdx=0,changeCycle=0,myNode=5f8c8907...,timecost=0.614
info|2019-12-14 07:08:54.121650|[g:1][CONSENSUS][PBFT]checkAndChangeView: Reach consensus,org_view=3043,org_changeCycle=0,cur_changeCycle=0,to_view=3044
info|2019-12-14 07:08:55.124150|[g:1][CONSENSUS]addRawPrepare,height=476,reqIdx=3,hash=74b1f49c...
info|2019-12-14 07:08:55.125456|[g:1][CONSENSUS][PBFT]checkTimeout Succ,view=3044,toView=3045,nodeIdx=0,changeCycle=0,myNode=5f8c8907...,timecost=0.869
info|2019-12-14 07:08:55.128127|[g:1][CONSENSUS][PBFT]checkAndChangeView: Reach consensus,org_view=3044,org_changeCycle=0,cur_changeCycle=0,to_view=3045
