info|2019-12-14 02:43:52.012546|[P2P][Service] heartBeat,connected count=3
warning|2019-12-14 02:43:52.021243|[g:1][CONSENSUS][PBFT]ViewChangeWarning: not caused by omit empty block ,v=2811,toV=2812,curNum=475,hash=ad338c6e...,nodeIdx=0,myNode=5f8c8907...
info|2019-12-14 02:43:52.023761|[g:1][CONSENSUS][PBFT]checkTimeout Succ,view=2811,toView=2812,nodeIdx=0,changeCycle=1,myNode=5f8c8907...,timecost=6.437
info|2019-12-14 02:43:52.025208|[g:1][CONSENSUS][PBFT]checkAndChangeView: Reach consensus,org_view=2811,org_changeCycle=1,cur_changeCycle=1,to_view=2812
info|2019-12-14 02:43:53.030498|[g:1][CONSENSUS]addRawPrepare,height=476,reqIdx=3,hash=5fff9a31...
info|2019-12-14 02:43:53.031201|[g:1][CONSENSUS][PBFT]checkTimeout Succ,view=2812,toView=2813,nodeIdx=0,changeCycle=0,myNode=5f8c8907...,timecost=0.484
info|2019-12-14 02:43:53.035200|[g:1][CONSENSUS][PBFT]checkAndChangeView: Reach consensus,org_view=2812,org_changeCycle=0,cur_changeCycle=0,to_view=2813
info|2019-12-14 02:43:54.035484|[g:1][CONSENSUS][SEALER]++++++++++++++++ Generating seal on,blkNum=476,tx=0,nodeIdx=0,hash=f62073be...
info|2019-12-14 02:43:54.036232|[g:1][CONSENSUS][PBFT]checkTimeout Succ,view=2813,toView=2814,nodeIdx=0,changeCycle=0,myNode=5f8c8907...,timecost=0.23
info|2019-12-14 02:43:54.039711|[g:1][CONSENSUS][PBFT]checkAndChangeView: Reach consensus,org_view=2813,org_changeCycle=0,cur_changeCycle=0,to_view=2814
info|2019-12-14 02:43:55.041207|[g:1][CONSENSUS]addRawPrepare,height=476,reqIdx=1,hash=cac8238e...
info|2019-12-14 02:43:55.042375|[g:1][CONSENSUS][PBFT]checkTimeout Succ,view=2814,toView=2815,nodeIdx=0,changeCycle=0,myNode=5f8c8907...,timecost=0.871
info|2019-12-14 02:43:55.044747|[g:1][CONSENSUS][PBFT]checkAndChangeView: Reach consensus,org_view=2814,org_changeCycle=0,cur_changeCycle=0,to_view=2815
info|2019-12-14 02:43:56.045927|[g:1][CONSENSUS]addRawPrepare,height=476,reqIdx=2,hash=b409619e...
info|2019-12-14 02:43:56.046950|[g:1][CONSENSUS][PBFT]checkTimeout Succ,view=2815,toView=2816,nodeIdx=0,changeCycle=0,myNode=5f8c8907...,timecost=0.781
info|2019-12-14 02:43:56.049815|[g:1][CONSENSUS][PBFT]checkAndChangeView: Reach consensus,org_view=2815,org_changeCycle=0,cur_changeCycle=0,to_view=2816
info|2019-12-14 02:43:57.053599|[g:1][CONSENSUS]addRawPrepare,height=476,reqIdx=3,hash=e39ef2f9...
info|2019-12-14 02:43:57.054482|[g:1][CONSENSUS][PBFT]checkTimeout Succ,view=2816,toView=2817,nodeIdx=0,changeCycle=0,myNode=5f8c8907...,timecost=0.674
info|2019-12-14 02:43:57.058410|[g:1][CONSENSUS][PBFT]checkAndChangeView: Reach consensus,org_view=2816,org_changeCycle=0,cur_changeCycle=0,to_view=2817
info|2019-12-14 02:43:58.059352|[g:1][CONSENSUS][SEALER]++++++++++++++++ Generating seal on,blkNum=476,tx=0,nodeIdx=0,hash=17f16c4f...
info|2019-12-14 02:43:58.063302|[g:1][CONSENSUS][PBFT]checkTimeout Succ,view=2817,toView=2818,nodeIdx=0,changeCycle=0,myNode=5f8c8907...,timecost=0.557
info|2019-12-14 02:43:58.065269|[g:1][CONSENSUS][PBFT]checkAndChangeView: Reach consensus,org_view=2817,org_changeCycle=0,cur_changeCycle=0,to_view=2818
info|2019-12-14 02:43:59.068424|[g:1][CONSENSUS]addRawPrepare,height=476,reqIdx=1,hash=4a350aa7...
info|2019-12-14 02:43:59.071112|[g:1][CONSENSUS][PBFT]checkTimeout Succ,view=2818,toView=2819,nodeIdx=0,changeCycle=0,myNode=5f8c8907...,timecost=2.47
info|2019-12-14 02:43:59.073239|[g:1][CONSENSUS][PBFT]checkAndChangeView: Reach consensus,org_view=2818,org_changeCycle=0,cur_changeCycle=0,to_view=2819
info|2019-12-14 02:44:00.073887|[g:1][CONSENSUS]addRawPrepare,height=476,reqIdx=2,hash=7bedd3de...
info|2019-12-14 02:44:00.076107|[g:1][CONSENSUS][PBFT]checkTimeout Succ,view=2819,toView=2820,nodeIdx=0,changeCycle=0,myNode=5f8c8907...,timecost=1.781
info|2019-12-14 02:44:00.078488|[g:1][CONSENSUS][PBFT]checkAndChangeView: Reach consensus,org_view=2819,org_changeCycle=0,cur_changeCycle=0,to_view=2820
info|2019-12-14 02:44:01.082128|[g:1][CONSENSUS]addRawPrepare,height=476,reqIdx=3,hash=6b87a61b...
info|2019-12-14 02:44:01.083770|[g:1][CONSENSUS][PBFT]checkTimeout Succ,view=2820,toView=2821,nodeIdx=0,changeCycle=0,myNode=5f8c8907...,timecost=1.637
info|2019-12-14 02:44:01.086520|[g:1][CONSENSUS][PBFT]checkAndChangeView: Reach consensus,org_view=2820,org_changeCycle=0,cur_changeCycle=0,to_view=2821
info|2019-12-14 02:44:02.019729|[P2P][Service] heartBeat,connected count=3
info|2019-12-14 02:44:02.087304|[g:1][CONSENSUS][SEALER]++++++++++++++++ Generating seal on,blkNum=476,tx=0,nodeIdx=0,hash=011190cf...
info|2019-12-14 02:44:02.089865|[g:1][CONSENSUS][PBFT]checkTimeout Succ,view=2821,toView=2822,nodeIdx=0,changeCycle=0,myNode=5f8c8907...,timecost=1.283
info|2019-12-14 02:44:02.095689|[g:1][CONSENSUS][PBFT]checkAndChangeView: Reach consensus,org_view=2821,org_changeCycle=0,cur_changeCycle=0,to_view=2822
info|2019-12-14 02:44:03.100969|[g:1][CONSENSUS]addRawPrepare,height=476,reqIdx=1,hash=7f3417ba...
info|2019-12-14 02:44:03.102249|[g:1][CONSENSUS][PBFT]checkTimeout Succ,view=2822,toView=2823,nodeIdx=0,changeCycle=0,myNode=5f8c8907...,timecost=1.045
info|2019-12-14 02:44:03.106476|[g:1][CONSENSUS][PBFT]checkAndChangeView: Reach consensus,org_view=2822,org_changeCycle=0,cur_changeCycle=0,to_view=2823
info|2019-12-14 02:44:04.110879|[g:1][CONSENSUS]addRawPrepare,height=476,reqIdx=2,hash=4c339c9c...
info|2019-12-14 02:44:04.112046|[g:1][CONSENSUS][PBFT]checkTimeout Succ,view=2823,toView=2824,nodeIdx=0,changeCycle=0,myNode=5f8c8907...,timecost=0.805
info|2019-12-14 02:44:04.115927|[g:1][CONSENSUS][PBFT]checkAndChangeView: Reach consensus,org_view=2823,org_changeCycle=0,cur_changeCycle=0,to_view=2824
info|2019-12-14 02:44:05.117970|[g:1][CONSENSUS]addRawPrepare,height=476,reqIdx=3,hash=29fc86bb...
info|2019-12-14 02:44:05.119071|[g:1][CONSENSUS][PBFT]checkTimeout Succ,view=2824,toView=2825,nodeIdx=0,changeCycle=0,myNode=5f8c8907...,timecost=0.933
info|2019-12-14 02:44:05.123590|[g:1][CONSENSUS][PBFT]checkAndChangeView: Reach consensus,org_view=2824,org_changeCycle=0,cur_changeCycle=0,to_view=2825
info|2019-12-14 02:44:06.123511|[g:1][CONSENSUS][SEALER]++++++++++++++++ Generating seal on,blkNum=476,tx=0,nodeIdx=0,hash=f86f3284...
info|2019-12-14 02:44:06.128238|[g:1][CONSENSUS][PBFT]checkTimeout Succ,view=2825,toView=2826,nodeIdx=0,changeCycle=0,myNode=5f8c8907...,timecost=0.491
info|2019-12-14 02:44:06.129350|[g:1][CONSENSUS][PBFT]checkAndChangeView: Reach consensus,org_view=2825,org_changeCycle=0,cur_changeCycle=0,to_view=2826
info|2019-12-14 02:44:07.132127|[g:1][CONSENSUS]addRawPrepare,height=476,reqIdx=1,hash=5a7f08f9...
info|2019-12-14 02:44:07.137065|[g:1][CONSENSUS][PBFT]checkTimeout Succ,view=2826,toView=2827,nodeIdx=0,changeCycle=0,myNode=5f8c8907...,timecost=4.487
info|2019-12-14 02:44:07.139260|[g:1][CONSENSUS][PBFT]checkAndChangeView: Reach consensus,org_view=2826,org_changeCycle=0,cur_changeCycle=0,to_view=2827
info|2019-12-14 02:44:08.138962|[g:1][CONSENSUS]addRawPrepare,height=476,reqIdx=2,hash=e619a199...
info|2019-12-14 02:44:08.139857|[g:1][CONSENSUS][PBFT]checkTimeout Succ,view=2827,toView=2828,nodeIdx=0,changeCycle=0,myNode=5f8c8907...,timecost=0.675
info|2019-12-14 02:44:08.142497|[g:1][CONSENSUS][PBFT]checkAndChangeView: Reach consensus,org_view=2827,org_changeCycle=0,cur_changeCycle=0,to_view=2828
info|2019-12-14 02:44:09.145303|[g:1][CONSENSUS]addRawPrepare,height=476,reqIdx=3,hash=a9e95726...
info|2019-12-14 02:44:09.146341|[g:1][CONSENSUS][PBFT]checkTimeout Succ,view=2828,toView=2829,nodeIdx=0,changeCycle=0,myNode=5f8c8907...,timecost=0.789
info|2019-12-14 02:44:09.150885|[g:1][CONSENSUS][PBFT]checkAndChangeView: Reach consensus,org_view=2828,org_changeCycle=0,cur_changeCycle=0,to_view=2829
info|2019-12-14 02:44:10.150631|[g:1][CONSENSUS][SEALER]++++++++++++++++ Generating seal on,blkNum=476,tx=0,nodeIdx=0,hash=3056f67c...
info|2019-12-14 02:44:10.157613|[g:1][CONSENSUS][PBFT]checkTimeout Succ,view=2829,toView=2830,nodeIdx=0,changeCycle=0,myNode=5f8c8907...,timecost=2.127
info|2019-12-14 02:44:10.159077|[g:1][CONSENSUS][PBFT]checkAndChangeView: Reach consensus,org_view=2829,org_changeCycle=0,cur_changeCycle=0,to_view=2830
info|2019-12-14 02:44:11.159645|[g:1][CONSENSUS]addRawPrepare,height=476,reqIdx=1,hash=f4e13248...
info|2019-12-14 02:44:11.163520|[g:1][CONSENSUS][PBFT]checkTimeout Succ,view=2830,toView=2831,nodeIdx=0,changeCycle=0,myNode=5f8c8907...,timecost=3.569
info|2019-12-14 02:44:11.166041|[g:1][CONSENSUS][PBFT]checkAndChangeView: Reach consensus,org_view=2830,org_changeCycle=0,cur_changeCycle=0,to_view=2831
info|2019-12-14 02:44:12.024055|[P2P][Service] heartBeat,connected count=3
info|2019-12-14 02:44:12.168565|[g:1][CONSENSUS]addRawPrepare,height=476,reqIdx=2,hash=6e71c0eb...
info|2019-12-14 02:44:12.171554|[g:1][CONSENSUS][PBFT]checkTimeout Succ,view=2831,toView=2832,nodeIdx=0,changeCycle=0,myNode=5f8c8907...,timecost=2.733
info|2019-12-14 02:44:12.175896|[g:1][CONSENSUS][PBFT]checkAndChangeView: Reach consensus,org_view=2831,org_changeCycle=0,cur_changeCycle=0,to_view=2832
info|2019-12-14 02:44:13.177864|[g:1][CONSENSUS]addRawPrepare,height=476,reqIdx=3,hash=cb229138...
info|2019-12-14 02:44:13.178693|[g:1][CONSENSUS][PBFT]checkTimeout Succ,view=2832,toView=2833,nodeIdx=0,changeCycle=0,myNode=5f8c8907...,timecost=0.598
info|2019-12-14 02:44:13.181248|[g:1][CONSENSUS][PBFT]checkAndChangeView: Reach consensus,org_view=2832,org_changeCycle=0,cur_changeCycle=0,to_view=2833
info|2019-12-14 02:44:14.182392|[g:1][CONSENSUS][SEALER]++++++++++++++++ Generating seal on,blkNum=476,tx=0,nodeIdx=0,hash=26eda52a...
info|2019-12-14 02:44:14.187193|[g:1][CONSENSUS][PBFT]checkTimeout Succ,view=2833,toView=2834,nodeIdx=0,changeCycle=0,myNode=5f8c8907...,timecost=0.952
info|2019-12-14 02:44:14.190125|[g:1][CONSENSUS][PBFT]checkAndChangeView: Reach consensus,org_view=2833,org_changeCycle=0,cur_changeCycle=0,to_view=2834
info|2019-12-14 02:44:15.194399|[g:1][CONSENSUS]addRawPrepare,height=476,reqIdx=1,hash=08aa05b7...
info|2019-12-14 02:44:15.197157|[g:1][CONSENSUS][PBFT]checkTimeout Succ,view=2834,toView=2835,nodeIdx=0,changeCycle=0,myNode=5f8c8907...,timecost=2.492
info|2019-12-14 02:44:15.199624|[g:1][CONSENSUS][PBFT]checkAndChangeView: Reach consensus,org_view=2834,org_changeCycle=0,cur_changeCycle=0,to_view=2835
info|2019-12-14 02:44:16.202682|[g:1][CONSENSUS]addRawPrepare,height=476,reqIdx=2,hash=ac1f74d0...
info|2019-12-14 02:44:16.203740|[g:1][CONSENSUS][PBFT]checkTimeout Succ,view=2835,toView=2836,nodeIdx=0,changeCycle=0,myNode=5f8c8907...,timecost=0.825
info|2019-12-14 02:44:16.208023|[g:1][CONSENSUS][PBFT]checkAndChangeView: Reach consensus,org_view=2835,org_changeCycle=0,cur_changeCycle=0,to_view=2836
info|2019-12-14 02:44:17.210122|[g:1][CONSENSUS]addRawPrepare,height=476,reqIdx=3,hash=92606ac6...
info|2019-12-14 02:44:17.211102|[g:1][CONSENSUS][PBFT]checkTimeout Succ,view=2836,toView=2837,nodeIdx=0,changeCycle=0,myNode=5f8c8907...,timecost=0.772
info|2019-12-14 02:44:17.213950|[g:1][CONSENSUS][PBFT]checkAndChangeView: Reach consensus,org_view=2836,org_changeCycle=0,cur_changeCycle=0,to_view=2837
info|2019-12-14 02:44:18.214006|[g:1][CONSENSUS][SEALER]++++++++++++++++ Generating seal on,blkNum=476,tx=0,nodeIdx=0,hash=22846f64...
info|2019-12-14 02:44:18.219855|[g:1][CONSENSUS][PBFT]checkTimeout Succ,view=2837,toView=2838,nodeIdx=0,changeCycle=0,myNode=5f8c8907...,timecost=1.71
info|2019-12-14 02:44:18.220470|[g:1][CONSENSUS][PBFT]checkAndChangeView: Reach consensus,org_view=2837,org_changeCycle=0,cur_changeCycle=0,to_view=2838
info|2019-12-14 02:44:19.222269|[g:1][CONSENSUS]addRawPrepare,height=476,reqIdx=1,hash=9a9648a0...
info|2019-12-14 02:44:19.223096|[g:1][CONSENSUS][PBFT]checkTimeout Succ,view=2838,toView=2839,nodeIdx=0,changeCycle=0,myNode=5f8c8907...,timecost=0.622
info|2019-12-14 02:44:19.225594|[g:1][CONSENSUS][PBFT]checkAndChangeView: Reach consensus,org_view=2838,org_changeCycle=0,cur_changeCycle=0,to_view=2839
info|2019-12-14 02:44:20.228186|[g:1][CONSENSUS]addRawPrepare,height=476,reqIdx=2,hash=336a5082...
info|2019-12-14 02:44:20.229105|[g:1][CONSENSUS][PBFT]checkTimeout Succ,view=2839,toView=2840,nodeIdx=0,changeCycle=0,myNode=5f8c8907...,timecost=0.709
info|2019-12-14 02:44:20.232057|[g:1][CONSENSUS][PBFT]checkAndChangeView: Reach consensus,org_view=2839,org_changeCycle=0,cur_changeCycle=0,to_view=2840
info|2019-12-14 02:44:21.234673|[g:1][CONSENSUS]addRawPrepare,height=476,reqIdx=3,hash=d2bb60ff...
info|2019-12-14 02:44:21.238351|[g:1][CONSENSUS][PBFT]checkTimeout Succ,view=2840,toView=2841,nodeIdx=0,changeCycle=0,myNode=5f8c8907...,timecost=3.421
info|2019-12-14 02:44:21.240821|[g:1][CONSENSUS][PBFT]checkAndChangeView: Reach consensus,org_view=2840,org_changeCycle=0,cur_changeCycle=0,to_view=2841
info|2019-12-14 02:44:22.032943|[P2P][Service] heartBeat,connected count=3
info|2019-12-14 02:44:22.241037|[g:1][CONSENSUS][SEALER]++++++++++++++++ Generating seal on,blkNum=476,tx=0,nodeIdx=0,hash=1834548d...
info|2019-12-14 02:44:22.242547|[g:1][CONSENSUS][PBFT]checkTimeout Succ,view=2841,toView=2842,nodeIdx=0,changeCycle=0,myNode=5f8c8907...,timecost=0.839
info|2019-12-14 02:44:22.249391|[g:1][CONSENSUS][PBFT]checkAndChangeView: Reach consensus,org_view=2841,org_changeCycle=0,cur_changeCycle=0,to_view=2842
info|2019-12-14 02:44:23.250508|[g:1][CONSENSUS]addRawPrepare,height=476,reqIdx=1,hash=7be63152...
info|2019-12-14 02:44:23.251648|[g:1][CONSENSUS][PBFT]checkTimeout Succ,view=2842,toView=2843,nodeIdx=0,changeCycle=0,myNode=5f8c8907...,timecost=0.94
info|2019-12-14 02:44:23.254095|[g:1][CONSENSUS][PBFT]checkAndChangeView: Reach consensus,org_view=2842,org_changeCycle=0,cur_changeCycle=0,to_view=2843
info|2019-12-14 02:44:24.258316|[g:1][CONSENSUS]addRawPrepare,height=476,reqIdx=2,hash=31ffd9f4...
info|2019-12-14 02:44:24.259306|[g:1][CONSENSUS][PBFT]checkTimeout Succ,view=2843,toView=2844,nodeIdx=0,changeCycle=0,myNode=5f8c8907...,timecost=0.736
info|2019-12-14 02:44:24.264699|[g:1][CONSENSUS][PBFT]checkAndChangeView: Reach consensus,org_view=2843,org_changeCycle=0,cur_changeCycle=0,to_view=2844
info|2019-12-14 02:44:25.266749|[g:1][CONSENSUS]addRawPrepare,height=476,reqIdx=3,hash=db4235ea...
info|2019-12-14 02:44:25.267367|[g:1][CONSENSUS][PBFT]checkTimeout Succ,view=2844,toView=2845,nodeIdx=0,changeCycle=0,myNode=5f8c8907...,timecost=0.365
info|2019-12-14 02:44:25.270444|[g:1][CONSENSUS][PBFT]checkAndChangeView: Reach consensus,org_view=2844,org_changeCycle=0,cur_changeCycle=0,to_view=2845
info|2019-12-14 02:44:26.270356|[g:1][CONSENSUS][SEALER]++++++++++++++++ Generating seal on,blkNum=476,tx=0,nodeIdx=0,hash=8e36dfbb...
info|2019-12-14 02:44:26.271527|[g:1][CONSENSUS][PBFT]checkTimeout Succ,view=2845,toView=2846,nodeIdx=0,changeCycle=0,myNode=5f8c8907...,timecost=0.734
info|2019-12-14 02:44:26.276122|[g:1][CONSENSUS][PBFT]checkAndChangeView: Reach consensus,org_view=2845,org_changeCycle=0,cur_changeCycle=0,to_view=2846
info|2019-12-14 02:44:27.280942|[g:1][CONSENSUS]addRawPrepare,height=476,reqIdx=1,hash=907c77d2...
info|2019-12-14 02:44:27.282472|[g:1][CONSENSUS][PBFT]checkTimeout Succ,view=2846,toView=2847,nodeIdx=0,changeCycle=0,myNode=5f8c8907...,timecost=0.909
info|2019-12-14 02:44:27.285389|[g:1][CONSENSUS][PBFT]checkAndChangeView: Reach consensus,org_view=2846,org_changeCycle=0,cur_changeCycle=0,to_view=2847
info|2019-12-14 02:44:28.291262|[g:1][CONSENSUS]addRawPrepare,height=476,reqIdx=2,hash=63aecee9...
info|2019-12-14 02:44:28.292602|[g:1][CONSENSUS][PBFT]checkTimeout Succ,view=2847,toView=2848,nodeIdx=0,changeCycle=0,myNode=5f8c8907...,timecost=0.84
info|2019-12-14 02:44:28.296787|[g:1][CONSENSUS][PBFT]checkAndChangeView: Reach consensus,org_view=2847,org_changeCycle=0,cur_changeCycle=0,to_view=2848
info|2019-12-14 02:44:29.300897|[g:1][CONSENSUS]addRawPrepare,height=476,reqIdx=3,hash=32458d28...
info|2019-12-14 02:44:29.301967|[g:1][CONSENSUS][PBFT]checkTimeout Succ,view=2848,toView=2849,nodeIdx=0,changeCycle=0,myNode=5f8c8907...,timecost=0.781
info|2019-12-14 02:44:29.306740|[g:1][CONSENSUS][PBFT]checkAndChangeView: Reach consensus,org_view=2848,org_changeCycle=0,cur_changeCycle=0,to_view=2849
info|2019-12-14 02:44:30.306307|[g:1][CONSENSUS][SEALER]++++++++++++++++ Generating seal on,blkNum=476,tx=0,nodeIdx=0,hash=380a0a93...
info|2019-12-14 02:44:30.309526|[g:1][CONSENSUS][PBFT]checkTimeout Succ,view=2849,toView=2850,nodeIdx=0,changeCycle=0,myNode=5f8c8907...,timecost=0.497
info|2019-12-14 02:44:30.310882|[g:1][CONSENSUS][PBFT]checkAndChangeView: Reach consensus,org_view=2849,org_changeCycle=0,cur_changeCycle=0,to_view=2850
info|2019-12-14 02:44:31.312950|[g:1][CONSENSUS]addRawPrepare,height=476,reqIdx=1,hash=2b682a0f...
info|2019-12-14 02:44:31.314338|[g:1][CONSENSUS][PBFT]checkTimeout Succ,view=2850,toView=2851,nodeIdx=0,changeCycle=0,myNode=5f8c8907...,timecost=1.145
info|2019-12-14 02:44:31.317323|[g:1][CONSENSUS][PBFT]checkAndChangeView: Reach consensus,org_view=2850,org_changeCycle=0,cur_changeCycle=0,to_view=2851
info|2019-12-14 02:44:32.039651|[P2P][Service] heartBeat,connected count=3
info|2019-12-14 02:44:32.321074|[g:1][CONSENSUS]addRawPrepare,height=476,reqIdx=2,hash=6c6926a6...
info|2019-12-14 02:44:32.323743|[g:1][CONSENSUS][PBFT]checkTimeout Succ,view=2851,toView=2852,nodeIdx=0,changeCycle=0,myNode=5f8c8907...,timecost=2.435
info|2019-12-14 02:44:32.328204|[g:1][CONSENSUS][PBFT]checkAndChangeView: Reach consensus,org_view=2851,org_changeCycle=0,cur_changeCycle=0,to_view=2852
info|2019-12-14 02:44:33.332870|[g:1][CONSENSUS]addRawPrepare,height=476,reqIdx=3,hash=3daf8c59...
info|2019-12-14 02:44:33.334061|[g:1][CONSENSUS][PBFT]checkTimeout Succ,view=2852,toView=2853,nodeIdx=0,changeCycle=0,myNode=5f8c8907...,timecost=0.942
info|2019-12-14 02:44:33.336690|[g:1][CONSENSUS][PBFT]checkAndChangeView: Reach consensus,org_view=2852,org_changeCycle=0,cur_changeCycle=0,to_view=2853
info|2019-12-14 02:44:34.337647|[g:1][CONSENSUS][SEALER]++++++++++++++++ Generating seal on,blkNum=476,tx=0,nodeIdx=0,hash=e400907c...
info|2019-12-14 02:44:34.341721|[g:1][CONSENSUS][PBFT]checkTimeout Succ,view=2853,toView=2854,nodeIdx=0,changeCycle=0,myNode=5f8c8907...,timecost=0.527
info|2019-12-14 02:44:34.343365|[g:1][CONSENSUS][PBFT]checkAndChangeView: Reach consensus,org_view=2853,org_changeCycle=0,cur_changeCycle=0,to_view=2854
info|2019-12-14 02:44:35.346443|[g:1][CONSENSUS]addRawPrepare,height=476,reqIdx=1,hash=0591b1dc...
info|2019-12-14 02:44:35.347545|[g:1][CONSENSUS][PBFT]checkTimeout Succ,view=2854,toView=2855,nodeIdx=0,changeCycle=0,myNode=5f8c8907...,timecost=0.896
info|2019-12-14 02:44:35.350348|[g:1][CONSENSUS][PBFT]checkAndChangeView: Reach consensus,org_view=2854,org_changeCycle=0,cur_changeCycle=0,to_view=2855
info|2019-12-14 02:44:36.351042|[g:1][CONSENSUS]addRawPrepare,height=476,reqIdx=2,hash=f679a70e...
info|2019-12-14 02:44:36.351565|[g:1][CONSENSUS][PBFT]checkTimeout Succ,view=2855,toView=2856,nodeIdx=0,changeCycle=0,myNode=5f8c8907...,timecost=0.412
info|2019-12-14 02:44:36.354542|[g:1][CONSENSUS][PBFT]checkAndChangeView: Reach consensus,org_view=2855,org_changeCycle=0,cur_changeCycle=0,to_view=2856
info|2019-12-14 02:44:37.356598|[g:1][CONSENSUS]addRawPrepare,height=476,reqIdx=3,hash=1a54c8cb...
info|2019-12-14 02:44:37.360437|[g:1][CONSENSUS][PBFT]checkTimeout Succ,view=2856,toView=2857,nodeIdx=0,changeCycle=0,myNode=5f8c8907...,timecost=3.606
info|2019-12-14 02:44:37.363320|[g:1][CONSENSUS][PBFT]checkAndChangeView: Reach consensus,org_view=2856,org_changeCycle=0,cur_changeCycle=0,to_view=2857
info|2019-12-14 02:44:38.363161|[g:1][CONSENSUS][SEALER]++++++++++++++++ Generating seal on,blkNum=476,tx=0,nodeIdx=0,hash=09046851...
info|2019-12-14 02:44:38.367201|[g:1][CONSENSUS][PBFT]checkTimeout Succ,view=2857,toView=2858,nodeIdx=0,changeCycle=0,myNode=5f8c8907...,timecost=0.523
info|2019-12-14 02:44:38.369488|[g:1][CONSENSUS][PBFT]checkAndChangeView: Reach consensus,org_view=2857,org_changeCycle=0,cur_changeCycle=0,to_view=2858
info|2019-12-14 02:44:39.371379|[g:1][CONSENSUS]addRawPrepare,height=476,reqIdx=1,hash=17ddbf1b...
info|2019-12-14 02:44:39.373098|[g:1][CONSENSUS][PBFT]checkTimeout Succ,view=2858,toView=2859,nodeIdx=0,changeCycle=0,myNode=5f8c8907...,timecost=1.352
info|2019-12-14 02:44:39.376707|[g:1][CONSENSUS][PBFT]checkAndChangeView: Reach consensus,org_view=2858,org_changeCycle=0,cur_changeCycle=0,to_view=2859
info|2019-12-14 02:44:40.377541|[g:1][CONSENSUS]addRawPrepare,height=476,reqIdx=2,hash=e0e8f023...
info|2019-12-14 02:44:40.378019|[g:1][CONSENSUS][PBFT]checkTimeout Succ,view=2859,toView=2860,nodeIdx=0,changeCycle=0,myNode=5f8c8907...,timecost=0.351
info|2019-12-14 02:44:40.379614|[g:1][CONSENSUS][PBFT]checkAndChangeView: Reach consensus,org_view=2859,org_changeCycle=0,cur_changeCycle=0,to_view=2860
info|2019-12-14 02:44:41.383818|[g:1][CONSENSUS]addRawPrepare,height=476,reqIdx=3,hash=6c2eaa55...
info|2019-12-14 02:44:41.384937|[g:1][CONSENSUS][PBFT]checkTimeout Succ,view=2860,toView=2861,nodeIdx=0,changeCycle=0,myNode=5f8c8907...,timecost=0.873
info|2019-12-14 02:44:41.388494|[g:1][CONSENSUS][PBFT]checkAndChangeView: Reach consensus,org_view=2860,org_changeCycle=0,cur_changeCycle=0,to_view=2861
info|2019-12-14 02:44:42.046119|[P2P][Service] heartBeat,connected count=3
info|2019-12-14 02:44:42.389368|[g:1][CONSENSUS][SEALER]++++++++++++++++ Generating seal on,blkNum=476,tx=0,nodeIdx=0,hash=69727d43...
info|2019-12-14 02:44:42.393366|[g:1][CONSENSUS][PBFT]checkTimeout Succ,view=2861,toView=2862,nodeIdx=0,changeCycle=0,myNode=5f8c8907...,timecost=0.487
info|2019-12-14 02:44:42.395638|[g:1][CONSENSUS][PBFT]checkAndChangeView: Reach consensus,org_view=2861,org_changeCycle=0,cur_changeCycle=0,to_view=2862
