warning|2019-12-11 02:34:38.004454|[g:1][CONSENSUS][PBFT]ViewChangeWarning: not caused by omit empty block ,v=5518,toV=5519,curNum=0,hash=382ff964...,nodeIdx=0,myNode=5f8c8907...
info|2019-12-11 02:34:38.004598|[g:1][CONSENSUS][PBFT]checkTimeout Succ,view=5518,toView=5519,nodeIdx=0,changeCycle=1,myNode=5f8c8907...,timecost=0.514
info|2019-12-11 02:34:38.012078|[P2P][Service] heartBeat,connected count=3
info|2019-12-11 02:34:38.021335|[g:1][CONSENSUS][PBFT]checkAndChangeView: Reach consensus,org_view=5518,org_changeCycle=1,cur_changeCycle=1,to_view=5519
info|2019-12-11 02:34:39.026240|[g:1][CONSENSUS]addRawPrepare,height=1,reqIdx=3,hash=3a4d3217...
info|2019-12-11 02:34:39.026890|[g:1][CONSENSUS][PBFT]checkTimeout Succ,view=5519,toView=5520,nodeIdx=0,changeCycle=0,myNode=5f8c8907...,timecost=0.658
info|2019-12-11 02:34:39.030573|[g:1][CONSENSUS][PBFT]checkAndChangeView: Reach consensus,org_view=5519,org_changeCycle=0,cur_changeCycle=0,to_view=5520
info|2019-12-11 02:34:40.031238|[g:1][CONSENSUS][SEALER]++++++++++++++++ Generating seal on,blkNum=1,tx=0,nodeIdx=0,hash=91913cd7...
info|2019-12-11 02:34:40.034393|[g:1][CONSENSUS][PBFT]checkTimeout Succ,view=5520,toView=5521,nodeIdx=0,changeCycle=0,myNode=5f8c8907...,timecost=0.399
info|2019-12-11 02:34:40.035533|[g:1][CONSENSUS][PBFT]checkAndChangeView: Reach consensus,org_view=5520,org_changeCycle=0,cur_changeCycle=0,to_view=5521
info|2019-12-11 02:34:41.036691|[g:1][CONSENSUS]addRawPrepare,height=1,reqIdx=1,hash=0df805de...
info|2019-12-11 02:34:41.037265|[g:1][CONSENSUS][PBFT]checkTimeout Succ,view=5521,toView=5522,nodeIdx=0,changeCycle=0,myNode=5f8c8907...,timecost=0.422
info|2019-12-11 02:34:41.041131|[g:1][CONSENSUS][PBFT]checkAndChangeView: Reach consensus,org_view=5521,org_changeCycle=0,cur_changeCycle=0,to_view=5522
info|2019-12-11 02:34:42.042298|[g:1][CONSENSUS]addRawPrepare,height=1,reqIdx=2,hash=9545ab23...
info|2019-12-11 02:34:42.043419|[g:1][CONSENSUS][PBFT]checkTimeout Succ,view=5522,toView=5523,nodeIdx=0,changeCycle=0,myNode=5f8c8907...,timecost=0.914
info|2019-12-11 02:34:42.048505|[g:1][CONSENSUS][PBFT]checkAndChangeView: Reach consensus,org_view=5522,org_changeCycle=0,cur_changeCycle=0,to_view=5523
info|2019-12-11 02:34:43.049899|[g:1][CONSENSUS]addRawPrepare,height=1,reqIdx=3,hash=6c738e1a...
info|2019-12-11 02:34:43.052877|[g:1][CONSENSUS][PBFT]checkTimeout Succ,view=5523,toView=5524,nodeIdx=0,changeCycle=0,myNode=5f8c8907...,timecost=2.841
info|2019-12-11 02:34:43.054271|[g:1][CONSENSUS][PBFT]checkAndChangeView: Reach consensus,org_view=5523,org_changeCycle=0,cur_changeCycle=0,to_view=5524
info|2019-12-11 02:34:44.054898|[g:1][CONSENSUS][SEALER]++++++++++++++++ Generating seal on,blkNum=1,tx=0,nodeIdx=0,hash=2e7ecd4c...
info|2019-12-11 02:34:44.056350|[g:1][CONSENSUS][PBFT]checkTimeout Succ,view=5524,toView=5525,nodeIdx=0,changeCycle=0,myNode=5f8c8907...,timecost=0.921
info|2019-12-11 02:34:44.062474|[g:1][CONSENSUS][PBFT]checkAndChangeView: Reach consensus,org_view=5524,org_changeCycle=0,cur_changeCycle=0,to_view=5525
info|2019-12-11 02:34:45.063730|[g:1][CONSENSUS]addRawPrepare,height=1,reqIdx=1,hash=398cc2c3...
info|2019-12-11 02:34:45.068908|[g:1][CONSENSUS][PBFT]checkTimeout Succ,view=5525,toView=5526,nodeIdx=0,changeCycle=0,myNode=5f8c8907...,timecost=1.33
info|2019-12-11 02:34:45.070622|[g:1][CONSENSUS][PBFT]checkAndChangeView: Reach consensus,org_view=5525,org_changeCycle=0,cur_changeCycle=0,to_view=5526
info|2019-12-11 02:34:46.070397|[g:1][CONSENSUS]addRawPrepare,height=1,reqIdx=2,hash=c69fb809...
info|2019-12-11 02:34:46.073567|[g:1][CONSENSUS][PBFT]checkTimeout Succ,view=5526,toView=5527,nodeIdx=0,changeCycle=0,myNode=5f8c8907...,timecost=2.92
info|2019-12-11 02:34:46.076725|[g:1][CONSENSUS][PBFT]checkAndChangeView: Reach consensus,org_view=5526,org_changeCycle=0,cur_changeCycle=0,to_view=5527
info|2019-12-11 02:34:47.077040|[g:1][CONSENSUS]addRawPrepare,height=1,reqIdx=3,hash=9e4fffe7...
info|2019-12-11 02:34:47.078061|[g:1][CONSENSUS][PBFT]checkTimeout Succ,view=5527,toView=5528,nodeIdx=0,changeCycle=0,myNode=5f8c8907...,timecost=0.747
info|2019-12-11 02:34:47.082213|[g:1][CONSENSUS][PBFT]checkAndChangeView: Reach consensus,org_view=5527,org_changeCycle=0,cur_changeCycle=0,to_view=5528
info|2019-12-11 02:34:48.019043|[P2P][Service] heartBeat,connected count=3
info|2019-12-11 02:34:48.082364|[g:1][CONSENSUS][SEALER]++++++++++++++++ Generating seal on,blkNum=1,tx=0,nodeIdx=0,hash=ef5fe5a1...
info|2019-12-11 02:34:48.083899|[g:1][CONSENSUS][PBFT]checkTimeout Succ,view=5528,toView=5529,nodeIdx=0,changeCycle=0,myNode=5f8c8907...,timecost=0.979
info|2019-12-11 02:34:48.090301|[g:1][CONSENSUS][PBFT]checkAndChangeView: Reach consensus,org_view=5528,org_changeCycle=0,cur_changeCycle=0,to_view=5529
info|2019-12-11 02:34:49.092387|[g:1][CONSENSUS]addRawPrepare,height=1,reqIdx=1,hash=5eb24cdf...
info|2019-12-11 02:34:49.093792|[g:1][CONSENSUS][PBFT]checkTimeout Succ,view=5529,toView=5530,nodeIdx=0,changeCycle=0,myNode=5f8c8907...,timecost=0.94
info|2019-12-11 02:34:49.096645|[g:1][CONSENSUS][PBFT]checkAndChangeView: Reach consensus,org_view=5529,org_changeCycle=0,cur_changeCycle=0,to_view=5530
info|2019-12-11 02:34:50.101577|[g:1][CONSENSUS]addRawPrepare,height=1,reqIdx=2,hash=bc15db1d...
info|2019-12-11 02:34:50.102724|[g:1][CONSENSUS][PBFT]checkTimeout Succ,view=5530,toView=5531,nodeIdx=0,changeCycle=0,myNode=5f8c8907...,timecost=0.853
info|2019-12-11 02:34:50.105520|[g:1][CONSENSUS][PBFT]checkAndChangeView: Reach consensus,org_view=5530,org_changeCycle=0,cur_changeCycle=0,to_view=5531
info|2019-12-11 02:34:51.108754|[g:1][CONSENSUS]addRawPrepare,height=1,reqIdx=3,hash=764e77d9...
info|2019-12-11 02:34:51.113034|[g:1][CONSENSUS][PBFT]checkTimeout Succ,view=5531,toView=5532,nodeIdx=0,changeCycle=0,myNode=5f8c8907...,timecost=3.993
info|2019-12-11 02:34:51.115184|[g:1][CONSENSUS][PBFT]checkAndChangeView: Reach consensus,org_view=5531,org_changeCycle=0,cur_changeCycle=0,to_view=5532
info|2019-12-11 02:34:52.116185|[g:1][CONSENSUS][SEALER]++++++++++++++++ Generating seal on,blkNum=1,tx=0,nodeIdx=0,hash=a7daa532...
info|2019-12-11 02:34:52.117549|[g:1][CONSENSUS][PBFT]checkTimeout Succ,view=5532,toView=5533,nodeIdx=0,changeCycle=0,myNode=5f8c8907...,timecost=0.811
info|2019-12-11 02:34:52.123326|[g:1][CONSENSUS][PBFT]checkAndChangeView: Reach consensus,org_view=5532,org_changeCycle=0,cur_changeCycle=0,to_view=5533
info|2019-12-11 02:34:53.126564|[g:1][CONSENSUS]addRawPrepare,height=1,reqIdx=1,hash=f3663237...
info|2019-12-11 02:34:53.127619|[g:1][CONSENSUS][PBFT]checkTimeout Succ,view=5533,toView=5534,nodeIdx=0,changeCycle=0,myNode=5f8c8907...,timecost=0.834
info|2019-12-11 02:34:53.132454|[g:1][CONSENSUS][PBFT]checkAndChangeView: Reach consensus,org_view=5533,org_changeCycle=0,cur_changeCycle=0,to_view=5534
info|2019-12-11 02:34:54.136965|[g:1][CONSENSUS]addRawPrepare,height=1,reqIdx=2,hash=8cb4176b...
info|2019-12-11 02:34:54.138844|[g:1][CONSENSUS][PBFT]checkTimeout Succ,view=5534,toView=5535,nodeIdx=0,changeCycle=0,myNode=5f8c8907...,timecost=0.919
info|2019-12-11 02:34:54.141278|[g:1][CONSENSUS][PBFT]checkAndChangeView: Reach consensus,org_view=5534,org_changeCycle=0,cur_changeCycle=0,to_view=5535
info|2019-12-11 02:34:55.144653|[g:1][CONSENSUS]addRawPrepare,height=1,reqIdx=3,hash=e6ac77c2...
info|2019-12-11 02:34:55.145732|[g:1][CONSENSUS][PBFT]checkTimeout Succ,view=5535,toView=5536,nodeIdx=0,changeCycle=0,myNode=5f8c8907...,timecost=0.836
info|2019-12-11 02:34:55.149344|[g:1][CONSENSUS][PBFT]checkAndChangeView: Reach consensus,org_view=5535,org_changeCycle=0,cur_changeCycle=0,to_view=5536
info|2019-12-11 02:34:56.149555|[g:1][CONSENSUS][SEALER]++++++++++++++++ Generating seal on,blkNum=1,tx=0,nodeIdx=0,hash=1c1a02d6...
info|2019-12-11 02:34:56.151057|[g:1][CONSENSUS][PBFT]checkTimeout Succ,view=5536,toView=5537,nodeIdx=0,changeCycle=0,myNode=5f8c8907...,timecost=0.909
info|2019-12-11 02:34:56.157035|[g:1][CONSENSUS][PBFT]checkAndChangeView: Reach consensus,org_view=5536,org_changeCycle=0,cur_changeCycle=0,to_view=5537
info|2019-12-11 02:34:57.158013|[g:1][CONSENSUS]addRawPrepare,height=1,reqIdx=1,hash=53a359d2...
info|2019-12-11 02:34:57.159012|[g:1][CONSENSUS][PBFT]checkTimeout Succ,view=5537,toView=5538,nodeIdx=0,changeCycle=0,myNode=5f8c8907...,timecost=0.798
info|2019-12-11 02:34:57.164067|[g:1][CONSENSUS][PBFT]checkAndChangeView: Reach consensus,org_view=5537,org_changeCycle=0,cur_changeCycle=0,to_view=5538
info|2019-12-11 02:34:58.024928|[P2P][Service] heartBeat,connected count=3
info|2019-12-11 02:34:58.167210|[g:1][CONSENSUS]addRawPrepare,height=1,reqIdx=2,hash=7f344dcf...
info|2019-12-11 02:34:58.168240|[g:1][CONSENSUS][PBFT]checkTimeout Succ,view=5538,toView=5539,nodeIdx=0,changeCycle=0,myNode=5f8c8907...,timecost=0.784
info|2019-12-11 02:34:58.174158|[g:1][CONSENSUS][PBFT]checkAndChangeView: Reach consensus,org_view=5538,org_changeCycle=0,cur_changeCycle=0,to_view=5539
info|2019-12-11 02:34:59.176984|[g:1][CONSENSUS]addRawPrepare,height=1,reqIdx=3,hash=ae6b70bf...
info|2019-12-11 02:34:59.178419|[g:1][CONSENSUS][PBFT]checkTimeout Succ,view=5539,toView=5540,nodeIdx=0,changeCycle=0,myNode=5f8c8907...,timecost=1.261
info|2019-12-11 02:34:59.180685|[g:1][CONSENSUS][PBFT]checkAndChangeView: Reach consensus,org_view=5539,org_changeCycle=0,cur_changeCycle=0,to_view=5540
info|2019-12-11 02:35:00.180895|[g:1][CONSENSUS][SEALER]++++++++++++++++ Generating seal on,blkNum=1,tx=0,nodeIdx=0,hash=3badf89a...
info|2019-12-11 02:35:00.182212|[g:1][CONSENSUS][PBFT]checkTimeout Succ,view=5540,toView=5541,nodeIdx=0,changeCycle=0,myNode=5f8c8907...,timecost=0.787
info|2019-12-11 02:35:00.189220|[g:1][CONSENSUS][PBFT]checkAndChangeView: Reach consensus,org_view=5540,org_changeCycle=0,cur_changeCycle=0,to_view=5541
info|2019-12-11 02:35:01.191255|[g:1][CONSENSUS]addRawPrepare,height=1,reqIdx=1,hash=9b610e75...
info|2019-12-11 02:35:01.192331|[g:1][CONSENSUS][PBFT]checkTimeout Succ,view=5541,toView=5542,nodeIdx=0,changeCycle=0,myNode=5f8c8907...,timecost=0.925
info|2019-12-11 02:35:01.197276|[g:1][CONSENSUS][PBFT]checkAndChangeView: Reach consensus,org_view=5541,org_changeCycle=0,cur_changeCycle=0,to_view=5542
info|2019-12-11 02:35:02.200103|[g:1][CONSENSUS]addRawPrepare,height=1,reqIdx=2,hash=1425c517...
info|2019-12-11 02:35:02.201185|[g:1][CONSENSUS][PBFT]checkTimeout Succ,view=5542,toView=5543,nodeIdx=0,changeCycle=0,myNode=5f8c8907...,timecost=0.836
info|2019-12-11 02:35:02.205015|[g:1][CONSENSUS][PBFT]checkAndChangeView: Reach consensus,org_view=5542,org_changeCycle=0,cur_changeCycle=0,to_view=5543
info|2019-12-11 02:35:03.206509|[g:1][CONSENSUS]addRawPrepare,height=1,reqIdx=3,hash=d5cb1ceb...
info|2019-12-11 02:35:03.212854|[g:1][CONSENSUS][PBFT]checkTimeout Succ,view=5543,toView=5544,nodeIdx=0,changeCycle=0,myNode=5f8c8907...,timecost=5.837
info|2019-12-11 02:35:03.214410|[g:1][CONSENSUS][PBFT]checkAndChangeView: Reach consensus,org_view=5543,org_changeCycle=0,cur_changeCycle=0,to_view=5544
info|2019-12-11 02:35:04.215177|[g:1][CONSENSUS][SEALER]++++++++++++++++ Generating seal on,blkNum=1,tx=0,nodeIdx=0,hash=e8d54f61...
info|2019-12-11 02:35:04.220807|[g:1][CONSENSUS][PBFT]checkTimeout Succ,view=5544,toView=5545,nodeIdx=0,changeCycle=0,myNode=5f8c8907...,timecost=1.493
info|2019-12-11 02:35:04.221716|[g:1][CONSENSUS][PBFT]checkAndChangeView: Reach consensus,org_view=5544,org_changeCycle=0,cur_changeCycle=0,to_view=5545
info|2019-12-11 02:35:05.223695|[g:1][CONSENSUS]addRawPrepare,height=1,reqIdx=1,hash=23a285e3...
info|2019-12-11 02:35:05.224953|[g:1][CONSENSUS][PBFT]checkTimeout Succ,view=5545,toView=5546,nodeIdx=0,changeCycle=0,myNode=5f8c8907...,timecost=1.015
info|2019-12-11 02:35:05.228531|[g:1][CONSENSUS][PBFT]checkAndChangeView: Reach consensus,org_view=5545,org_changeCycle=0,cur_changeCycle=0,to_view=5546
info|2019-12-11 02:35:06.231096|[g:1][CONSENSUS]addRawPrepare,height=1,reqIdx=2,hash=d3007ff2...
info|2019-12-11 02:35:06.232709|[g:1][CONSENSUS][PBFT]checkTimeout Succ,view=5546,toView=5547,nodeIdx=0,changeCycle=0,myNode=5f8c8907...,timecost=1.377
info|2019-12-11 02:35:06.238004|[g:1][CONSENSUS][PBFT]checkAndChangeView: Reach consensus,org_view=5546,org_changeCycle=0,cur_changeCycle=0,to_view=5547
info|2019-12-11 02:35:07.237392|[g:1][CONSENSUS]addRawPrepare,height=1,reqIdx=3,hash=0dd00ecd...
info|2019-12-11 02:35:07.238429|[g:1][CONSENSUS][PBFT]checkTimeout Succ,view=5547,toView=5548,nodeIdx=0,changeCycle=0,myNode=5f8c8907...,timecost=0.814
info|2019-12-11 02:35:07.242958|[g:1][CONSENSUS][PBFT]checkAndChangeView: Reach consensus,org_view=5547,org_changeCycle=0,cur_changeCycle=0,to_view=5548
info|2019-12-11 02:35:08.033638|[P2P][Service] heartBeat,connected count=3
info|2019-12-11 02:35:08.242581|[g:1][CONSENSUS][SEALER]++++++++++++++++ Generating seal on,blkNum=1,tx=0,nodeIdx=0,hash=e437f395...
info|2019-12-11 02:35:08.248237|[g:1][CONSENSUS][PBFT]checkTimeout Succ,view=5548,toView=5549,nodeIdx=0,changeCycle=0,myNode=5f8c8907...,timecost=1.106
info|2019-12-11 02:35:08.250835|[g:1][CONSENSUS][PBFT]checkAndChangeView: Reach consensus,org_view=5548,org_changeCycle=0,cur_changeCycle=0,to_view=5549
info|2019-12-11 02:35:09.255016|[g:1][CONSENSUS]addRawPrepare,height=1,reqIdx=1,hash=b9466743...
info|2019-12-11 02:35:09.256212|[g:1][CONSENSUS][PBFT]checkTimeout Succ,view=5549,toView=5550,nodeIdx=0,changeCycle=0,myNode=5f8c8907...,timecost=0.763
info|2019-12-11 02:35:09.260583|[g:1][CONSENSUS][PBFT]checkAndChangeView: Reach consensus,org_view=5549,org_changeCycle=0,cur_changeCycle=0,to_view=5550
info|2019-12-11 02:35:10.261826|[g:1][CONSENSUS]addRawPrepare,height=1,reqIdx=2,hash=febb843b...
info|2019-12-11 02:35:10.264212|[g:1][CONSENSUS][PBFT]checkTimeout Succ,view=5550,toView=5551,nodeIdx=0,changeCycle=0,myNode=5f8c8907...,timecost=2.145
info|2019-12-11 02:35:10.268456|[g:1][CONSENSUS][PBFT]checkAndChangeView: Reach consensus,org_view=5550,org_changeCycle=0,cur_changeCycle=0,to_view=5551
info|2019-12-11 02:35:11.269628|[g:1][CONSENSUS]addRawPrepare,height=1,reqIdx=3,hash=e434525c...
info|2019-12-11 02:35:11.271779|[g:1][CONSENSUS][PBFT]checkTimeout Succ,view=5551,toView=5552,nodeIdx=0,changeCycle=0,myNode=5f8c8907...,timecost=1.836
info|2019-12-11 02:35:11.276327|[g:1][CONSENSUS][PBFT]checkAndChangeView: Reach consensus,org_view=5551,org_changeCycle=0,cur_changeCycle=0,to_view=5552
info|2019-12-11 02:35:12.277240|[g:1][CONSENSUS][SEALER]++++++++++++++++ Generating seal on,blkNum=1,tx=0,nodeIdx=0,hash=87b408f9...
info|2019-12-11 02:35:12.278572|[g:1][CONSENSUS][PBFT]checkTimeout Succ,view=5552,toView=5553,nodeIdx=0,changeCycle=0,myNode=5f8c8907...,timecost=0.762
info|2019-12-11 02:35:12.285667|[g:1][CONSENSUS][PBFT]checkAndChangeView: Reach consensus,org_view=5552,org_changeCycle=0,cur_changeCycle=0,to_view=5553
info|2019-12-11 02:35:13.288485|[g:1][CONSENSUS]addRawPrepare,height=1,reqIdx=1,hash=f0c64ca2...
info|2019-12-11 02:35:13.289415|[g:1][CONSENSUS][PBFT]checkTimeout Succ,view=5553,toView=5554,nodeIdx=0,changeCycle=0,myNode=5f8c8907...,timecost=0.715
info|2019-12-11 02:35:13.294030|[g:1][CONSENSUS][PBFT]checkAndChangeView: Reach consensus,org_view=5553,org_changeCycle=0,cur_changeCycle=0,to_view=5554
info|2019-12-11 02:35:14.299227|[g:1][CONSENSUS]addRawPrepare,height=1,reqIdx=2,hash=e3bc9a0e...
info|2019-12-11 02:35:14.300823|[g:1][CONSENSUS][PBFT]checkTimeout Succ,view=5554,toView=5555,nodeIdx=0,changeCycle=0,myNode=5f8c8907...,timecost=0.991
info|2019-12-11 02:35:14.303529|[g:1][CONSENSUS][PBFT]checkAndChangeView: Reach consensus,org_view=5554,org_changeCycle=0,cur_changeCycle=0,to_view=5555
info|2019-12-11 02:35:15.306676|[g:1][CONSENSUS]addRawPrepare,height=1,reqIdx=3,hash=31893a44...
info|2019-12-11 02:35:15.307703|[g:1][CONSENSUS][PBFT]checkTimeout Succ,view=5555,toView=5556,nodeIdx=0,changeCycle=0,myNode=5f8c8907...,timecost=0.784
info|2019-12-11 02:35:15.311589|[g:1][CONSENSUS][PBFT]checkAndChangeView: Reach consensus,org_view=5555,org_changeCycle=0,cur_changeCycle=0,to_view=5556
info|2019-12-11 02:35:16.311366|[g:1][CONSENSUS][SEALER]++++++++++++++++ Generating seal on,blkNum=1,tx=0,nodeIdx=0,hash=dc5552ff...
info|2019-12-11 02:35:16.312737|[g:1][CONSENSUS][PBFT]checkTimeout Succ,view=5556,toView=5557,nodeIdx=0,changeCycle=0,myNode=5f8c8907...,timecost=0.846
info|2019-12-11 02:35:16.318606|[g:1][CONSENSUS][PBFT]checkAndChangeView: Reach consensus,org_view=5556,org_changeCycle=0,cur_changeCycle=0,to_view=5557
info|2019-12-11 02:35:17.321005|[g:1][CONSENSUS]addRawPrepare,height=1,reqIdx=1,hash=882d82b0...
info|2019-12-11 02:35:17.323205|[g:1][CONSENSUS][PBFT]checkTimeout Succ,view=5557,toView=5558,nodeIdx=0,changeCycle=0,myNode=5f8c8907...,timecost=1.791
info|2019-12-11 02:35:17.326101|[g:1][CONSENSUS][PBFT]checkAndChangeView: Reach consensus,org_view=5557,org_changeCycle=0,cur_changeCycle=0,to_view=5558
info|2019-12-11 02:35:18.038395|[P2P][Service] heartBeat,connected count=3
info|2019-12-11 02:35:18.326342|[g:1][CONSENSUS]addRawPrepare,height=1,reqIdx=2,hash=0d6d8678...
info|2019-12-11 02:35:18.330102|[g:1][CONSENSUS][PBFT]checkTimeout Succ,view=5558,toView=5559,nodeIdx=0,changeCycle=0,myNode=5f8c8907...,timecost=3.69
info|2019-12-11 02:35:18.331996|[g:1][CONSENSUS][PBFT]checkAndChangeView: Reach consensus,org_view=5558,org_changeCycle=0,cur_changeCycle=0,to_view=5559
info|2019-12-11 02:35:19.333369|[g:1][CONSENSUS]addRawPrepare,height=1,reqIdx=3,hash=641d66c4...
info|2019-12-11 02:35:19.334836|[g:1][CONSENSUS][PBFT]checkTimeout Succ,view=5559,toView=5560,nodeIdx=0,changeCycle=0,myNode=5f8c8907...,timecost=1.125
info|2019-12-11 02:35:19.337209|[g:1][CONSENSUS][PBFT]checkAndChangeView: Reach consensus,org_view=5559,org_changeCycle=0,cur_changeCycle=0,to_view=5560
info|2019-12-11 02:35:20.337737|[g:1][CONSENSUS][SEALER]++++++++++++++++ Generating seal on,blkNum=1,tx=0,nodeIdx=0,hash=2f0e3663...
info|2019-12-11 02:35:20.341520|[g:1][CONSENSUS][PBFT]checkTimeout Succ,view=5560,toView=5561,nodeIdx=0,changeCycle=0,myNode=5f8c8907...,timecost=0.549
info|2019-12-11 02:35:20.342999|[g:1][CONSENSUS][PBFT]checkAndChangeView: Reach consensus,org_view=5560,org_changeCycle=0,cur_changeCycle=0,to_view=5561
info|2019-12-11 02:35:21.346687|[g:1][CONSENSUS]addRawPrepare,height=1,reqIdx=1,hash=9a261d35...
info|2019-12-11 02:35:21.348840|[g:1][CONSENSUS][PBFT]checkTimeout Succ,view=5561,toView=5562,nodeIdx=0,changeCycle=0,myNode=5f8c8907...,timecost=1.911
info|2019-12-11 02:35:21.351676|[g:1][CONSENSUS][PBFT]checkAndChangeView: Reach consensus,org_view=5561,org_changeCycle=0,cur_changeCycle=0,to_view=5562
info|2019-12-11 02:35:22.355799|[g:1][CONSENSUS]addRawPrepare,height=1,reqIdx=2,hash=467058eb...
info|2019-12-11 02:35:22.356848|[g:1][CONSENSUS][PBFT]checkTimeout Succ,view=5562,toView=5563,nodeIdx=0,changeCycle=0,myNode=5f8c8907...,timecost=0.856
info|2019-12-11 02:35:22.360903|[g:1][CONSENSUS][PBFT]checkAndChangeView: Reach consensus,org_view=5562,org_changeCycle=0,cur_changeCycle=0,to_view=5563
info|2019-12-11 02:35:23.365625|[g:1][CONSENSUS]addRawPrepare,height=1,reqIdx=3,hash=fedc741d...
info|2019-12-11 02:35:23.366682|[g:1][CONSENSUS][PBFT]checkTimeout Succ,view=5563,toView=5564,nodeIdx=0,changeCycle=0,myNode=5f8c8907...,timecost=0.804
info|2019-12-11 02:35:23.370075|[g:1][CONSENSUS][PBFT]checkAndChangeView: Reach consensus,org_view=5563,org_changeCycle=0,cur_changeCycle=0,to_view=5564
info|2019-12-11 02:35:24.370846|[g:1][CONSENSUS][SEALER]++++++++++++++++ Generating seal on,blkNum=1,tx=0,nodeIdx=0,hash=6eebd664...
info|2019-12-11 02:35:24.372252|[g:1][CONSENSUS][PBFT]checkTimeout Succ,view=5564,toView=5565,nodeIdx=0,changeCycle=0,myNode=5f8c8907...,timecost=0.849
info|2019-12-11 02:35:24.377720|[g:1][CONSENSUS][PBFT]checkAndChangeView: Reach consensus,org_view=5564,org_changeCycle=0,cur_changeCycle=0,to_view=5565
info|2019-12-11 02:35:25.380251|[g:1][CONSENSUS]addRawPrepare,height=1,reqIdx=1,hash=b9c3f7ad...
info|2019-12-11 02:35:25.382013|[g:1][CONSENSUS][PBFT]checkTimeout Succ,view=5565,toView=5566,nodeIdx=0,changeCycle=0,myNode=5f8c8907...,timecost=1.334
info|2019-12-11 02:35:25.385412|[g:1][CONSENSUS][PBFT]checkAndChangeView: Reach consensus,org_view=5565,org_changeCycle=0,cur_changeCycle=0,to_view=5566
info|2019-12-11 02:35:26.387997|[g:1][CONSENSUS]addRawPrepare,height=1,reqIdx=2,hash=fbf0d475...
info|2019-12-11 02:35:26.389893|[g:1][CONSENSUS][PBFT]checkTimeout Succ,view=5566,toView=5567,nodeIdx=0,changeCycle=0,myNode=5f8c8907...,timecost=1.617
info|2019-12-11 02:35:26.392512|[g:1][CONSENSUS][PBFT]checkAndChangeView: Reach consensus,org_view=5566,org_changeCycle=0,cur_changeCycle=0,to_view=5567
info|2019-12-11 02:35:27.394775|[g:1][CONSENSUS]addRawPrepare,height=1,reqIdx=3,hash=d83a3c2d...
info|2019-12-11 02:35:27.396671|[g:1][CONSENSUS][PBFT]checkTimeout Succ,view=5567,toView=5568,nodeIdx=0,changeCycle=0,myNode=5f8c8907...,timecost=1.591
info|2019-12-11 02:35:27.399446|[g:1][CONSENSUS][PBFT]checkAndChangeView: Reach consensus,org_view=5567,org_changeCycle=0,cur_changeCycle=0,to_view=5568
info|2019-12-11 02:35:28.040933|[P2P][Service] heartBeat,connected count=3
info|2019-12-11 02:35:28.399836|[g:1][CONSENSUS][SEALER]++++++++++++++++ Generating seal on,blkNum=1,tx=0,nodeIdx=0,hash=3be37f63...
info|2019-12-11 02:35:28.401193|[g:1][CONSENSUS][PBFT]checkTimeout Succ,view=5568,toView=5569,nodeIdx=0,changeCycle=0,myNode=5f8c8907...,timecost=0.793
info|2019-12-11 02:35:28.409089|[g:1][CONSENSUS][PBFT]checkAndChangeView: Reach consensus,org_view=5568,org_changeCycle=0,cur_changeCycle=0,to_view=5569
info|2019-12-11 02:35:29.409944|[g:1][CONSENSUS]addRawPrepare,height=1,reqIdx=1,hash=486e7902...
info|2019-12-11 02:35:29.412802|[g:1][CONSENSUS][PBFT]checkTimeout Succ,view=5569,toView=5570,nodeIdx=0,changeCycle=0,myNode=5f8c8907...,timecost=2.516
info|2019-12-11 02:35:29.415675|[g:1][CONSENSUS][PBFT]checkAndChangeView: Reach consensus,org_view=5569,org_changeCycle=0,cur_changeCycle=0,to_view=5570
info|2019-12-11 02:35:30.418927|[g:1][CONSENSUS]addRawPrepare,height=1,reqIdx=2,hash=1e8b20b7...
info|2019-12-11 02:35:30.419879|[g:1][CONSENSUS][PBFT]checkTimeout Succ,view=5570,toView=5571,nodeIdx=0,changeCycle=0,myNode=5f8c8907...,timecost=0.706
info|2019-12-11 02:35:30.422740|[g:1][CONSENSUS][PBFT]checkAndChangeView: Reach consensus,org_view=5570,org_changeCycle=0,cur_changeCycle=0,to_view=5571
info|2019-12-11 02:35:31.427682|[g:1][CONSENSUS]addRawPrepare,height=1,reqIdx=3,hash=22caea63...
info|2019-12-11 02:35:31.430434|[g:1][CONSENSUS][PBFT]checkTimeout Succ,view=5571,toView=5572,nodeIdx=0,changeCycle=0,myNode=5f8c8907...,timecost=2.505
info|2019-12-11 02:35:31.434385|[g:1][CONSENSUS][PBFT]checkAndChangeView: Reach consensus,org_view=5571,org_changeCycle=0,cur_changeCycle=0,to_view=5572
info|2019-12-11 02:35:32.435663|[g:1][CONSENSUS][SEALER]++++++++++++++++ Generating seal on,blkNum=1,tx=0,nodeIdx=0,hash=3df82636...
info|2019-12-11 02:35:32.440753|[g:1][CONSENSUS][PBFT]checkTimeout Succ,view=5572,toView=5573,nodeIdx=0,changeCycle=0,myNode=5f8c8907...,timecost=0.764
info|2019-12-11 02:35:32.443101|[g:1][CONSENSUS][PBFT]checkAndChangeView: Reach consensus,org_view=5572,org_changeCycle=0,cur_changeCycle=0,to_view=5573
info|2019-12-11 02:35:33.445750|[g:1][CONSENSUS]addRawPrepare,height=1,reqIdx=1,hash=5e6a0499...
info|2019-12-11 02:35:33.446850|[g:1][CONSENSUS][PBFT]checkTimeout Succ,view=5573,toView=5574,nodeIdx=0,changeCycle=0,myNode=5f8c8907...,timecost=0.863
info|2019-12-11 02:35:33.454079|[g:1][CONSENSUS][PBFT]checkAndChangeView: Reach consensus,org_view=5573,org_changeCycle=0,cur_changeCycle=0,to_view=5574
info|2019-12-11 02:35:34.453607|[g:1][CONSENSUS]addRawPrepare,height=1,reqIdx=2,hash=d45639b2...
info|2019-12-11 02:35:34.455577|[g:1][CONSENSUS][PBFT]checkTimeout Succ,view=5574,toView=5575,nodeIdx=0,changeCycle=0,myNode=5f8c8907...,timecost=1.625
info|2019-12-11 02:35:34.458116|[g:1][CONSENSUS][PBFT]checkAndChangeView: Reach consensus,org_view=5574,org_changeCycle=0,cur_changeCycle=0,to_view=5575
info|2019-12-11 02:35:35.460842|[g:1][CONSENSUS]addRawPrepare,height=1,reqIdx=3,hash=5909d50d...
info|2019-12-11 02:35:35.461962|[g:1][CONSENSUS][PBFT]checkTimeout Succ,view=5575,toView=5576,nodeIdx=0,changeCycle=0,myNode=5f8c8907...,timecost=0.924
info|2019-12-11 02:35:35.466897|[g:1][CONSENSUS][PBFT]checkAndChangeView: Reach consensus,org_view=5575,org_changeCycle=0,cur_changeCycle=0,to_view=5576
info|2019-12-11 02:35:36.467836|[g:1][CONSENSUS][SEALER]++++++++++++++++ Generating seal on,blkNum=1,tx=0,nodeIdx=0,hash=d654d9ed...
info|2019-12-11 02:35:36.469243|[g:1][CONSENSUS][PBFT]checkTimeout Succ,view=5576,toView=5577,nodeIdx=0,changeCycle=0,myNode=5f8c8907...,timecost=0.837
info|2019-12-11 02:35:36.474698|[g:1][CONSENSUS][PBFT]checkAndChangeView: Reach consensus,org_view=5576,org_changeCycle=0,cur_changeCycle=0,to_view=5577
info|2019-12-11 02:35:37.477523|[g:1][CONSENSUS]addRawPrepare,height=1,reqIdx=1,hash=cd2abefd...
info|2019-12-11 02:35:37.478508|[g:1][CONSENSUS][PBFT]checkTimeout Succ,view=5577,toView=5578,nodeIdx=0,changeCycle=0,myNode=5f8c8907...,timecost=0.739
info|2019-12-11 02:35:37.481834|[g:1][CONSENSUS][PBFT]checkAndChangeView: Reach consensus,org_view=5577,org_changeCycle=0,cur_changeCycle=0,to_view=5578
info|2019-12-11 02:35:38.046950|[P2P][Service] heartBeat,connected count=3
info|2019-12-11 02:35:38.486613|[g:1][CONSENSUS]addRawPrepare,height=1,reqIdx=2,hash=42ecedd7...
info|2019-12-11 02:35:38.488229|[g:1][CONSENSUS][PBFT]checkTimeout Succ,view=5578,toView=5579,nodeIdx=0,changeCycle=0,myNode=5f8c8907...,timecost=1.376
info|2019-12-11 02:35:38.491000|[g:1][CONSENSUS][PBFT]checkAndChangeView: Reach consensus,org_view=5578,org_changeCycle=0,cur_changeCycle=0,to_view=5579
info|2019-12-11 02:35:39.497807|[g:1][CONSENSUS]addRawPrepare,height=1,reqIdx=3,hash=b9b5fe38...
info|2019-12-11 02:35:39.502739|[g:1][CONSENSUS][PBFT]checkTimeout Succ,view=5579,toView=5580,nodeIdx=0,changeCycle=0,myNode=5f8c8907...,timecost=4.523
info|2019-12-11 02:35:39.504525|[g:1][CONSENSUS][PBFT]checkAndChangeView: Reach consensus,org_view=5579,org_changeCycle=0,cur_changeCycle=0,to_view=5580
info|2019-12-11 02:35:40.504244|[g:1][CONSENSUS][SEALER]++++++++++++++++ Generating seal on,blkNum=1,tx=0,nodeIdx=0,hash=709f0ae8...
info|2019-12-11 02:35:40.509571|[g:1][CONSENSUS][PBFT]checkTimeout Succ,view=5580,toView=5581,nodeIdx=0,changeCycle=0,myNode=5f8c8907...,timecost=0.733
info|2019-12-11 02:35:40.511112|[g:1][CONSENSUS][PBFT]checkAndChangeView: Reach consensus,org_view=5580,org_changeCycle=0,cur_changeCycle=0,to_view=5581
info|2019-12-11 02:35:41.516396|[g:1][CONSENSUS]addRawPrepare,height=1,reqIdx=1,hash=4f545a9c...
info|2019-12-11 02:35:41.518302|[g:1][CONSENSUS][PBFT]checkTimeout Succ,view=5581,toView=5582,nodeIdx=0,changeCycle=0,myNode=5f8c8907...,timecost=1.436
info|2019-12-11 02:35:41.520963|[g:1][CONSENSUS][PBFT]checkAndChangeView: Reach consensus,org_view=5581,org_changeCycle=0,cur_changeCycle=0,to_view=5582
info|2019-12-11 02:35:42.523805|[g:1][CONSENSUS]addRawPrepare,height=1,reqIdx=2,hash=e130677b...
info|2019-12-11 02:35:42.525533|[g:1][CONSENSUS][PBFT]checkTimeout Succ,view=5582,toView=5583,nodeIdx=0,changeCycle=0,myNode=5f8c8907...,timecost=1.487
info|2019-12-11 02:35:42.528676|[g:1][CONSENSUS][PBFT]checkAndChangeView: Reach consensus,org_view=5582,org_changeCycle=0,cur_changeCycle=0,to_view=5583
info|2019-12-11 02:35:43.531446|[g:1][CONSENSUS]addRawPrepare,height=1,reqIdx=3,hash=5e7be060...
info|2019-12-11 02:35:43.533078|[g:1][CONSENSUS][PBFT]checkTimeout Succ,view=5583,toView=5584,nodeIdx=0,changeCycle=0,myNode=5f8c8907...,timecost=1.392
info|2019-12-11 02:35:43.535672|[g:1][CONSENSUS][PBFT]checkAndChangeView: Reach consensus,org_view=5583,org_changeCycle=0,cur_changeCycle=0,to_view=5584
info|2019-12-11 02:35:44.535780|[g:1][CONSENSUS][SEALER]++++++++++++++++ Generating seal on,blkNum=1,tx=0,nodeIdx=0,hash=2b4b3955...
info|2019-12-11 02:35:44.537252|[g:1][CONSENSUS][PBFT]checkTimeout Succ,view=5584,toView=5585,nodeIdx=0,changeCycle=0,myNode=5f8c8907...,timecost=0.908
info|2019-12-11 02:35:44.544716|[g:1][CONSENSUS][PBFT]checkAndChangeView: Reach consensus,org_view=5584,org_changeCycle=0,cur_changeCycle=0,to_view=5585
