info|2019-12-11 06:22:53.012287|[P2P][Service] heartBeat,connected count=3
warning|2019-12-11 06:22:53.013320|[g:1][CONSENSUS][PBFT]ViewChangeWarning: not caused by omit empty block ,v=5677,toV=5678,curNum=0,hash=382ff964...,nodeIdx=0,myNode=5f8c8907...
info|2019-12-11 06:22:53.013447|[g:1][CONSENSUS][PBFT]checkTimeout Succ,view=5677,toView=5678,nodeIdx=0,changeCycle=1,myNode=5f8c8907...,timecost=0.441
info|2019-12-11 06:22:53.016745|[g:1][CONSENSUS][PBFT]checkAndChangeView: Reach consensus,org_view=5677,org_changeCycle=1,cur_changeCycle=1,to_view=5678
info|2019-12-11 06:22:54.018937|[g:1][CONSENSUS]addRawPrepare,height=1,reqIdx=2,hash=eb8cef82...
info|2019-12-11 06:22:54.021774|[g:1][CONSENSUS][PBFT]checkTimeout Succ,view=5678,toView=5679,nodeIdx=0,changeCycle=0,myNode=5f8c8907...,timecost=2.477
info|2019-12-11 06:22:54.023231|[g:1][CONSENSUS][PBFT]checkAndChangeView: Reach consensus,org_view=5678,org_changeCycle=0,cur_changeCycle=0,to_view=5679
info|2019-12-11 06:22:55.023252|[g:1][CONSENSUS]addRawPrepare,height=1,reqIdx=3,hash=6e2e8ddd...
info|2019-12-11 06:22:55.024075|[g:1][CONSENSUS][PBFT]checkTimeout Succ,view=5679,toView=5680,nodeIdx=0,changeCycle=0,myNode=5f8c8907...,timecost=0.659
info|2019-12-11 06:22:55.026813|[g:1][CONSENSUS][PBFT]checkAndChangeView: Reach consensus,org_view=5679,org_changeCycle=0,cur_changeCycle=0,to_view=5680
info|2019-12-11 06:22:56.026882|[g:1][CONSENSUS][SEALER]++++++++++++++++ Generating seal on,blkNum=1,tx=0,nodeIdx=0,hash=091eba6b...
info|2019-12-11 06:22:56.028568|[g:1][CONSENSUS][PBFT]checkTimeout Succ,view=5680,toView=5681,nodeIdx=0,changeCycle=0,myNode=5f8c8907...,timecost=1.121
info|2019-12-11 06:22:56.034236|[g:1][CONSENSUS][PBFT]checkAndChangeView: Reach consensus,org_view=5680,org_changeCycle=0,cur_changeCycle=0,to_view=5681
info|2019-12-11 06:22:57.035168|[g:1][CONSENSUS]addRawPrepare,height=1,reqIdx=1,hash=afced68b...
info|2019-12-11 06:22:57.037940|[g:1][CONSENSUS][PBFT]checkTimeout Succ,view=5681,toView=5682,nodeIdx=0,changeCycle=0,myNode=5f8c8907...,timecost=2.574
info|2019-12-11 06:22:57.039525|[g:1][CONSENSUS][PBFT]checkAndChangeView: Reach consensus,org_view=5681,org_changeCycle=0,cur_changeCycle=0,to_view=5682
info|2019-12-11 06:22:58.040794|[g:1][CONSENSUS]addRawPrepare,height=1,reqIdx=2,hash=5c109201...
info|2019-12-11 06:22:58.044366|[g:1][CONSENSUS][PBFT]checkTimeout Succ,view=5682,toView=5683,nodeIdx=0,changeCycle=0,myNode=5f8c8907...,timecost=3.29
info|2019-12-11 06:22:58.046816|[g:1][CONSENSUS][PBFT]checkAndChangeView: Reach consensus,org_view=5682,org_changeCycle=0,cur_changeCycle=0,to_view=5683
warning|2019-12-11 06:22:57.496643|[g:1][CONSENSUS][PBFT]ViewChangeWarning: not caused by omit empty block ,v=5683,toV=5684,curNum=0,hash=382ff964...,nodeIdx=0,myNode=5f8c8907...
info|2019-12-11 06:22:57.496966|[g:1][CONSENSUS][PBFT]checkTimeout Succ,view=5683,toView=5684,nodeIdx=0,changeCycle=1,myNode=5f8c8907...,timecost=0.733
info|2019-12-11 06:22:57.498609|[g:1][CONSENSUS][PBFT]checkAndChangeView: Reach consensus,org_view=5683,org_changeCycle=1,cur_changeCycle=1,to_view=5684
info|2019-12-11 06:22:58.499673|[g:1][CONSENSUS][SEALER]++++++++++++++++ Generating seal on,blkNum=1,tx=0,nodeIdx=0,hash=cbe5b1c7...
info|2019-12-11 06:22:58.501038|[g:1][CONSENSUS][PBFT]checkTimeout Succ,view=5684,toView=5685,nodeIdx=0,changeCycle=0,myNode=5f8c8907...,timecost=0.841
info|2019-12-11 06:22:58.507101|[g:1][CONSENSUS][PBFT]checkAndChangeView: Reach consensus,org_view=5684,org_changeCycle=0,cur_changeCycle=0,to_view=5685
info|2019-12-11 06:22:59.510847|[g:1][CONSENSUS]addRawPrepare,height=1,reqIdx=1,hash=33084944...
info|2019-12-11 06:22:59.511894|[g:1][CONSENSUS][PBFT]checkTimeout Succ,view=5685,toView=5686,nodeIdx=0,changeCycle=0,myNode=5f8c8907...,timecost=0.799
info|2019-12-11 06:22:59.517401|[g:1][CONSENSUS][PBFT]checkAndChangeView: Reach consensus,org_view=5685,org_changeCycle=0,cur_changeCycle=0,to_view=5686
info|2019-12-11 06:23:00.517520|[g:1][CONSENSUS]addRawPrepare,height=1,reqIdx=2,hash=8b0810cf...
info|2019-12-11 06:23:00.518633|[g:1][CONSENSUS][PBFT]checkTimeout Succ,view=5686,toView=5687,nodeIdx=0,changeCycle=0,myNode=5f8c8907...,timecost=0.852
info|2019-12-11 06:23:00.521372|[g:1][CONSENSUS][PBFT]checkAndChangeView: Reach consensus,org_view=5686,org_changeCycle=0,cur_changeCycle=0,to_view=5687
info|2019-12-11 06:23:01.525578|[g:1][CONSENSUS]addRawPrepare,height=1,reqIdx=3,hash=df89b4d1...
info|2019-12-11 06:23:01.528944|[g:1][CONSENSUS][PBFT]checkTimeout Succ,view=5687,toView=5688,nodeIdx=0,changeCycle=0,myNode=5f8c8907...,timecost=3.034
info|2019-12-11 06:23:01.531637|[g:1][CONSENSUS][PBFT]checkAndChangeView: Reach consensus,org_view=5687,org_changeCycle=0,cur_changeCycle=0,to_view=5688
info|2019-12-11 06:23:02.531428|[g:1][CONSENSUS][SEALER]++++++++++++++++ Generating seal on,blkNum=1,tx=0,nodeIdx=0,hash=6fe87941...
info|2019-12-11 06:23:02.538751|[g:1][CONSENSUS][PBFT]checkTimeout Succ,view=5688,toView=5689,nodeIdx=0,changeCycle=0,myNode=5f8c8907...,timecost=1.876
info|2019-12-11 06:23:02.540075|[g:1][CONSENSUS][PBFT]checkAndChangeView: Reach consensus,org_view=5688,org_changeCycle=0,cur_changeCycle=0,to_view=5689
info|2019-12-11 06:23:03.018315|[P2P][Service] heartBeat,connected count=3
info|2019-12-11 06:23:03.539855|[g:1][CONSENSUS]addRawPrepare,height=1,reqIdx=1,hash=c01e45e4...
info|2019-12-11 06:23:03.542164|[g:1][CONSENSUS][PBFT]checkTimeout Succ,view=5689,toView=5690,nodeIdx=0,changeCycle=0,myNode=5f8c8907...,timecost=2.066
info|2019-12-11 06:23:03.545802|[g:1][CONSENSUS][PBFT]checkAndChangeView: Reach consensus,org_view=5689,org_changeCycle=0,cur_changeCycle=0,to_view=5690
info|2019-12-11 06:23:04.548538|[g:1][CONSENSUS]addRawPrepare,height=1,reqIdx=2,hash=9f31a326...
info|2019-12-11 06:23:04.549974|[g:1][CONSENSUS][PBFT]checkTimeout Succ,view=5690,toView=5691,nodeIdx=0,changeCycle=0,myNode=5f8c8907...,timecost=1.185
info|2019-12-11 06:23:04.554805|[g:1][CONSENSUS][PBFT]checkAndChangeView: Reach consensus,org_view=5690,org_changeCycle=0,cur_changeCycle=0,to_view=5691
info|2019-12-11 06:23:05.556785|[g:1][CONSENSUS]addRawPrepare,height=1,reqIdx=3,hash=333d5fa5...
info|2019-12-11 06:23:05.558019|[g:1][CONSENSUS][PBFT]checkTimeout Succ,view=5691,toView=5692,nodeIdx=0,changeCycle=0,myNode=5f8c8907...,timecost=1.023
info|2019-12-11 06:23:05.560736|[g:1][CONSENSUS][PBFT]checkAndChangeView: Reach consensus,org_view=5691,org_changeCycle=0,cur_changeCycle=0,to_view=5692
info|2019-12-11 06:23:06.560865|[g:1][CONSENSUS][SEALER]++++++++++++++++ Generating seal on,blkNum=1,tx=0,nodeIdx=0,hash=fd73905b...
info|2019-12-11 06:23:06.567261|[g:1][CONSENSUS][PBFT]checkTimeout Succ,view=5692,toView=5693,nodeIdx=0,changeCycle=0,myNode=5f8c8907...,timecost=1.119
info|2019-12-11 06:23:06.568625|[g:1][CONSENSUS][PBFT]checkAndChangeView: Reach consensus,org_view=5692,org_changeCycle=0,cur_changeCycle=0,to_view=5693
info|2019-12-11 06:23:07.569586|[g:1][CONSENSUS]addRawPrepare,height=1,reqIdx=1,hash=cb36f5b0...
info|2019-12-11 06:23:07.570843|[g:1][CONSENSUS][PBFT]checkTimeout Succ,view=5693,toView=5694,nodeIdx=0,changeCycle=0,myNode=5f8c8907...,timecost=1.049
info|2019-12-11 06:23:07.576057|[g:1][CONSENSUS][PBFT]checkAndChangeView: Reach consensus,org_view=5693,org_changeCycle=0,cur_changeCycle=0,to_view=5694
info|2019-12-11 06:23:08.578761|[g:1][CONSENSUS]addRawPrepare,height=1,reqIdx=2,hash=5dc59a69...
info|2019-12-11 06:23:08.579905|[g:1][CONSENSUS][PBFT]checkTimeout Succ,view=5694,toView=5695,nodeIdx=0,changeCycle=0,myNode=5f8c8907...,timecost=0.893
info|2019-12-11 06:23:08.583842|[g:1][CONSENSUS][PBFT]checkAndChangeView: Reach consensus,org_view=5694,org_changeCycle=0,cur_changeCycle=0,to_view=5695
info|2019-12-11 06:23:09.586830|[g:1][CONSENSUS]addRawPrepare,height=1,reqIdx=3,hash=4d21fd00...
info|2019-12-11 06:23:09.589027|[g:1][CONSENSUS][PBFT]checkTimeout Succ,view=5695,toView=5696,nodeIdx=0,changeCycle=0,myNode=5f8c8907...,timecost=1.829
info|2019-12-11 06:23:09.591826|[g:1][CONSENSUS][PBFT]checkAndChangeView: Reach consensus,org_view=5695,org_changeCycle=0,cur_changeCycle=0,to_view=5696
info|2019-12-11 06:23:10.591430|[g:1][CONSENSUS][SEALER]++++++++++++++++ Generating seal on,blkNum=1,tx=0,nodeIdx=0,hash=a7a3a59e...
info|2019-12-11 06:23:10.597682|[g:1][CONSENSUS][PBFT]checkTimeout Succ,view=5696,toView=5697,nodeIdx=0,changeCycle=0,myNode=5f8c8907...,timecost=0.906
info|2019-12-11 06:23:10.598936|[g:1][CONSENSUS][PBFT]checkAndChangeView: Reach consensus,org_view=5696,org_changeCycle=0,cur_changeCycle=0,to_view=5697
info|2019-12-11 06:23:11.601724|[g:1][CONSENSUS]addRawPrepare,height=1,reqIdx=1,hash=3cadeaf3...
info|2019-12-11 06:23:11.602804|[g:1][CONSENSUS][PBFT]checkTimeout Succ,view=5697,toView=5698,nodeIdx=0,changeCycle=0,myNode=5f8c8907...,timecost=0.835
info|2019-12-11 06:23:11.606691|[g:1][CONSENSUS][PBFT]checkAndChangeView: Reach consensus,org_view=5697,org_changeCycle=0,cur_changeCycle=0,to_view=5698
info|2019-12-11 06:23:12.607502|[g:1][CONSENSUS]addRawPrepare,height=1,reqIdx=2,hash=c4a570dd...
info|2019-12-11 06:23:12.608664|[g:1][CONSENSUS][PBFT]checkTimeout Succ,view=5698,toView=5699,nodeIdx=0,changeCycle=0,myNode=5f8c8907...,timecost=0.782
info|2019-12-11 06:23:12.611275|[g:1][CONSENSUS][PBFT]checkAndChangeView: Reach consensus,org_view=5698,org_changeCycle=0,cur_changeCycle=0,to_view=5699
info|2019-12-11 06:23:13.028182|[P2P][Service] heartBeat,connected count=3
info|2019-12-11 06:23:13.616126|[g:1][CONSENSUS]addRawPrepare,height=1,reqIdx=3,hash=325f8ca6...
info|2019-12-11 06:23:13.617391|[g:1][CONSENSUS][PBFT]checkTimeout Succ,view=5699,toView=5700,nodeIdx=0,changeCycle=0,myNode=5f8c8907...,timecost=0.976
info|2019-12-11 06:23:13.620794|[g:1][CONSENSUS][PBFT]checkAndChangeView: Reach consensus,org_view=5699,org_changeCycle=0,cur_changeCycle=0,to_view=5700
info|2019-12-11 06:23:14.620749|[g:1][CONSENSUS][SEALER]++++++++++++++++ Generating seal on,blkNum=1,tx=0,nodeIdx=0,hash=df924e31...
info|2019-12-11 06:23:14.622116|[g:1][CONSENSUS][PBFT]checkTimeout Succ,view=5700,toView=5701,nodeIdx=0,changeCycle=0,myNode=5f8c8907...,timecost=0.841
info|2019-12-11 06:23:14.629221|[g:1][CONSENSUS][PBFT]checkAndChangeView: Reach consensus,org_view=5700,org_changeCycle=0,cur_changeCycle=0,to_view=5701
info|2019-12-11 06:23:15.630725|[g:1][CONSENSUS]addRawPrepare,height=1,reqIdx=1,hash=ea910eb0...
info|2019-12-11 06:23:15.631836|[g:1][CONSENSUS][PBFT]checkTimeout Succ,view=5701,toView=5702,nodeIdx=0,changeCycle=0,myNode=5f8c8907...,timecost=0.857
info|2019-12-11 06:23:15.635794|[g:1][CONSENSUS][PBFT]checkAndChangeView: Reach consensus,org_view=5701,org_changeCycle=0,cur_changeCycle=0,to_view=5702
info|2019-12-11 06:23:16.637738|[g:1][CONSENSUS]addRawPrepare,height=1,reqIdx=2,hash=85d2d245...
info|2019-12-11 06:23:16.638881|[g:1][CONSENSUS][PBFT]checkTimeout Succ,view=5702,toView=5703,nodeIdx=0,changeCycle=0,myNode=5f8c8907...,timecost=0.959
info|2019-12-11 06:23:16.642324|[g:1][CONSENSUS][PBFT]checkAndChangeView: Reach consensus,org_view=5702,org_changeCycle=0,cur_changeCycle=0,to_view=5703
info|2019-12-11 06:23:17.646088|[g:1][CONSENSUS]addRawPrepare,height=1,reqIdx=3,hash=b4506e18...
info|2019-12-11 06:23:17.648307|[g:1][CONSENSUS][PBFT]checkTimeout Succ,view=5703,toView=5704,nodeIdx=0,changeCycle=0,myNode=5f8c8907...,timecost=1.951
info|2019-12-11 06:23:17.651790|[g:1][CONSENSUS][PBFT]checkAndChangeView: Reach consensus,org_view=5703,org_changeCycle=0,cur_changeCycle=0,to_view=5704
info|2019-12-11 06:23:18.651259|[g:1][CONSENSUS][SEALER]++++++++++++++++ Generating seal on,blkNum=1,tx=0,nodeIdx=0,hash=e3e5a3e2...
info|2019-12-11 06:23:18.652757|[g:1][CONSENSUS][PBFT]checkTimeout Succ,view=5704,toView=5705,nodeIdx=0,changeCycle=0,myNode=5f8c8907...,timecost=0.918
info|2019-12-11 06:23:18.658548|[g:1][CONSENSUS][PBFT]checkAndChangeView: Reach consensus,org_view=5704,org_changeCycle=0,cur_changeCycle=0,to_view=5705
info|2019-12-11 06:23:19.660397|[g:1][CONSENSUS]addRawPrepare,height=1,reqIdx=1,hash=23216662...
info|2019-12-11 06:23:19.662385|[g:1][CONSENSUS][PBFT]checkTimeout Succ,view=5705,toView=5706,nodeIdx=0,changeCycle=0,myNode=5f8c8907...,timecost=0.841
info|2019-12-11 06:23:19.665093|[g:1][CONSENSUS][PBFT]checkAndChangeView: Reach consensus,org_view=5705,org_changeCycle=0,cur_changeCycle=0,to_view=5706
info|2019-12-11 06:23:20.668349|[g:1][CONSENSUS]addRawPrepare,height=1,reqIdx=2,hash=e95339f1...
info|2019-12-11 06:23:20.670610|[g:1][CONSENSUS][PBFT]checkTimeout Succ,view=5706,toView=5707,nodeIdx=0,changeCycle=0,myNode=5f8c8907...,timecost=1.916
info|2019-12-11 06:23:20.673859|[g:1][CONSENSUS][PBFT]checkAndChangeView: Reach consensus,org_view=5706,org_changeCycle=0,cur_changeCycle=0,to_view=5707
info|2019-12-11 06:23:21.676965|[g:1][CONSENSUS]addRawPrepare,height=1,reqIdx=3,hash=fa4c20a6...
info|2019-12-11 06:23:21.678769|[g:1][CONSENSUS][PBFT]checkTimeout Succ,view=5707,toView=5708,nodeIdx=0,changeCycle=0,myNode=5f8c8907...,timecost=0.904
info|2019-12-11 06:23:21.681431|[g:1][CONSENSUS][PBFT]checkAndChangeView: Reach consensus,org_view=5707,org_changeCycle=0,cur_changeCycle=0,to_view=5708
info|2019-12-11 06:23:22.682747|[g:1][CONSENSUS][SEALER]++++++++++++++++ Generating seal on,blkNum=1,tx=0,nodeIdx=0,hash=41396497...
info|2019-12-11 06:23:22.684068|[g:1][CONSENSUS][PBFT]checkTimeout Succ,view=5708,toView=5709,nodeIdx=0,changeCycle=0,myNode=5f8c8907...,timecost=0.746
info|2019-12-11 06:23:22.690387|[g:1][CONSENSUS][PBFT]checkAndChangeView: Reach consensus,org_view=5708,org_changeCycle=0,cur_changeCycle=0,to_view=5709
info|2019-12-11 06:23:23.034966|[P2P][Service] heartBeat,connected count=3
info|2019-12-11 06:23:23.693803|[g:1][CONSENSUS]addRawPrepare,height=1,reqIdx=1,hash=d7baa248...
info|2019-12-11 06:23:23.696201|[g:1][CONSENSUS][PBFT]checkTimeout Succ,view=5709,toView=5710,nodeIdx=0,changeCycle=0,myNode=5f8c8907...,timecost=2.147
info|2019-12-11 06:23:23.699714|[g:1][CONSENSUS][PBFT]checkAndChangeView: Reach consensus,org_view=5709,org_changeCycle=0,cur_changeCycle=0,to_view=5710
info|2019-12-11 06:23:24.702807|[g:1][CONSENSUS]addRawPrepare,height=1,reqIdx=2,hash=800376a8...
info|2019-12-11 06:23:24.705400|[g:1][CONSENSUS][PBFT]checkTimeout Succ,view=5710,toView=5711,nodeIdx=0,changeCycle=0,myNode=5f8c8907...,timecost=2.368
info|2019-12-11 06:23:24.708366|[g:1][CONSENSUS][PBFT]checkAndChangeView: Reach consensus,org_view=5710,org_changeCycle=0,cur_changeCycle=0,to_view=5711
info|2019-12-11 06:23:25.711380|[g:1][CONSENSUS]addRawPrepare,height=1,reqIdx=3,hash=2707cd9a...
info|2019-12-11 06:23:25.715962|[g:1][CONSENSUS][PBFT]checkTimeout Succ,view=5711,toView=5712,nodeIdx=0,changeCycle=0,myNode=5f8c8907...,timecost=4.153
info|2019-12-11 06:23:25.718422|[g:1][CONSENSUS][PBFT]checkAndChangeView: Reach consensus,org_view=5711,org_changeCycle=0,cur_changeCycle=0,to_view=5712
info|2019-12-11 06:23:26.718537|[g:1][CONSENSUS][SEALER]++++++++++++++++ Generating seal on,blkNum=1,tx=0,nodeIdx=0,hash=95cf7347...
info|2019-12-11 06:23:26.719971|[g:1][CONSENSUS][PBFT]checkTimeout Succ,view=5712,toView=5713,nodeIdx=0,changeCycle=0,myNode=5f8c8907...,timecost=0.85
info|2019-12-11 06:23:26.726014|[g:1][CONSENSUS][PBFT]checkAndChangeView: Reach consensus,org_view=5712,org_changeCycle=0,cur_changeCycle=0,to_view=5713
info|2019-12-11 06:23:27.728722|[g:1][CONSENSUS]addRawPrepare,height=1,reqIdx=1,hash=d2497796...
info|2019-12-11 06:23:27.730463|[g:1][CONSENSUS][PBFT]checkTimeout Succ,view=5713,toView=5714,nodeIdx=0,changeCycle=0,myNode=5f8c8907...,timecost=1.516
info|2019-12-11 06:23:27.733879|[g:1][CONSENSUS][PBFT]checkAndChangeView: Reach consensus,org_view=5713,org_changeCycle=0,cur_changeCycle=0,to_view=5714
info|2019-12-11 06:23:28.734514|[g:1][CONSENSUS]addRawPrepare,height=1,reqIdx=2,hash=2d226416...
info|2019-12-11 06:23:28.738116|[g:1][CONSENSUS][PBFT]checkTimeout Succ,view=5714,toView=5715,nodeIdx=0,changeCycle=0,myNode=5f8c8907...,timecost=3.312
info|2019-12-11 06:23:28.740938|[g:1][CONSENSUS][PBFT]checkAndChangeView: Reach consensus,org_view=5714,org_changeCycle=0,cur_changeCycle=0,to_view=5715
info|2019-12-11 06:23:29.741472|[g:1][CONSENSUS]addRawPrepare,height=1,reqIdx=3,hash=afc234f2...
info|2019-12-11 06:23:29.743322|[g:1][CONSENSUS][PBFT]checkTimeout Succ,view=5715,toView=5716,nodeIdx=0,changeCycle=0,myNode=5f8c8907...,timecost=1.073
info|2019-12-11 06:23:29.745985|[g:1][CONSENSUS][PBFT]checkAndChangeView: Reach consensus,org_view=5715,org_changeCycle=0,cur_changeCycle=0,to_view=5716
info|2019-12-11 06:23:30.746536|[g:1][CONSENSUS][SEALER]++++++++++++++++ Generating seal on,blkNum=1,tx=0,nodeIdx=0,hash=9be72050...
info|2019-12-11 06:23:30.751753|[g:1][CONSENSUS][PBFT]checkTimeout Succ,view=5716,toView=5717,nodeIdx=0,changeCycle=0,myNode=5f8c8907...,timecost=0.791
info|2019-12-11 06:23:30.754734|[g:1][CONSENSUS][PBFT]checkAndChangeView: Reach consensus,org_view=5716,org_changeCycle=0,cur_changeCycle=0,to_view=5717
info|2019-12-11 06:23:31.755623|[g:1][CONSENSUS]addRawPrepare,height=1,reqIdx=1,hash=760b6487...
info|2019-12-11 06:23:31.757990|[g:1][CONSENSUS][PBFT]checkTimeout Succ,view=5717,toView=5718,nodeIdx=0,changeCycle=0,myNode=5f8c8907...,timecost=2.179
info|2019-12-11 06:23:31.760782|[g:1][CONSENSUS][PBFT]checkAndChangeView: Reach consensus,org_view=5717,org_changeCycle=0,cur_changeCycle=0,to_view=5718
info|2019-12-11 06:23:32.763758|[g:1][CONSENSUS]addRawPrepare,height=1,reqIdx=2,hash=24f07a4f...
info|2019-12-11 06:23:32.765980|[g:1][CONSENSUS][PBFT]checkTimeout Succ,view=5718,toView=5719,nodeIdx=0,changeCycle=0,myNode=5f8c8907...,timecost=1.977
info|2019-12-11 06:23:32.768611|[g:1][CONSENSUS][PBFT]checkAndChangeView: Reach consensus,org_view=5718,org_changeCycle=0,cur_changeCycle=0,to_view=5719
info|2019-12-11 06:23:33.041575|[P2P][Service] heartBeat,connected count=3
info|2019-12-11 06:23:33.773367|[g:1][CONSENSUS]addRawPrepare,height=1,reqIdx=3,hash=7c629d1b...
info|2019-12-11 06:23:33.774440|[g:1][CONSENSUS][PBFT]checkTimeout Succ,view=5719,toView=5720,nodeIdx=0,changeCycle=0,myNode=5f8c8907...,timecost=0.822
info|2019-12-11 06:23:33.778171|[g:1][CONSENSUS][PBFT]checkAndChangeView: Reach consensus,org_view=5719,org_changeCycle=0,cur_changeCycle=0,to_view=5720
info|2019-12-11 06:23:34.778923|[g:1][CONSENSUS][SEALER]++++++++++++++++ Generating seal on,blkNum=1,tx=0,nodeIdx=0,hash=75c8806d...
info|2019-12-11 06:23:34.780255|[g:1][CONSENSUS][PBFT]checkTimeout Succ,view=5720,toView=5721,nodeIdx=0,changeCycle=0,myNode=5f8c8907...,timecost=0.797
info|2019-12-11 06:23:34.786281|[g:1][CONSENSUS][PBFT]checkAndChangeView: Reach consensus,org_view=5720,org_changeCycle=0,cur_changeCycle=0,to_view=5721
info|2019-12-11 06:23:35.787294|[g:1][CONSENSUS]addRawPrepare,height=1,reqIdx=1,hash=6c27144d...
info|2019-12-11 06:23:35.788385|[g:1][CONSENSUS][PBFT]checkTimeout Succ,view=5721,toView=5722,nodeIdx=0,changeCycle=0,myNode=5f8c8907...,timecost=0.879
info|2019-12-11 06:23:35.792787|[g:1][CONSENSUS][PBFT]checkAndChangeView: Reach consensus,org_view=5721,org_changeCycle=0,cur_changeCycle=0,to_view=5722
info|2019-12-11 06:23:36.797470|[g:1][CONSENSUS]addRawPrepare,height=1,reqIdx=2,hash=19b3f041...
info|2019-12-11 06:23:36.798625|[g:1][CONSENSUS][PBFT]checkTimeout Succ,view=5722,toView=5723,nodeIdx=0,changeCycle=0,myNode=5f8c8907...,timecost=0.919
info|2019-12-11 06:23:36.803051|[g:1][CONSENSUS][PBFT]checkAndChangeView: Reach consensus,org_view=5722,org_changeCycle=0,cur_changeCycle=0,to_view=5723
info|2019-12-11 06:23:37.806734|[g:1][CONSENSUS]addRawPrepare,height=1,reqIdx=3,hash=d33e7006...
info|2019-12-11 06:23:37.807936|[g:1][CONSENSUS][PBFT]checkTimeout Succ,view=5723,toView=5724,nodeIdx=0,changeCycle=0,myNode=5f8c8907...,timecost=0.899
info|2019-12-11 06:23:37.812345|[g:1][CONSENSUS][PBFT]checkAndChangeView: Reach consensus,org_view=5723,org_changeCycle=0,cur_changeCycle=0,to_view=5724
info|2019-12-11 06:23:38.813714|[g:1][CONSENSUS][SEALER]++++++++++++++++ Generating seal on,blkNum=1,tx=0,nodeIdx=0,hash=96dc2c90...
info|2019-12-11 06:23:38.815202|[g:1][CONSENSUS][PBFT]checkTimeout Succ,view=5724,toView=5725,nodeIdx=0,changeCycle=0,myNode=5f8c8907...,timecost=0.961
info|2019-12-11 06:23:38.820462|[g:1][CONSENSUS][PBFT]checkAndChangeView: Reach consensus,org_view=5724,org_changeCycle=0,cur_changeCycle=0,to_view=5725
info|2019-12-11 06:23:39.822610|[g:1][CONSENSUS]addRawPrepare,height=1,reqIdx=1,hash=805e6a1a...
info|2019-12-11 06:23:39.823766|[g:1][CONSENSUS][PBFT]checkTimeout Succ,view=5725,toView=5726,nodeIdx=0,changeCycle=0,myNode=5f8c8907...,timecost=0.863
info|2019-12-11 06:23:39.829321|[g:1][CONSENSUS][PBFT]checkAndChangeView: Reach consensus,org_view=5725,org_changeCycle=0,cur_changeCycle=0,to_view=5726
info|2019-12-11 06:23:40.830347|[g:1][CONSENSUS]addRawPrepare,height=1,reqIdx=2,hash=a1ed1471...
info|2019-12-11 06:23:40.831542|[g:1][CONSENSUS][PBFT]checkTimeout Succ,view=5726,toView=5727,nodeIdx=0,changeCycle=0,myNode=5f8c8907...,timecost=0.949
info|2019-12-11 06:23:40.835791|[g:1][CONSENSUS][PBFT]checkAndChangeView: Reach consensus,org_view=5726,org_changeCycle=0,cur_changeCycle=0,to_view=5727
info|2019-12-11 06:23:41.837928|[g:1][CONSENSUS]addRawPrepare,height=1,reqIdx=3,hash=d977ec80...
info|2019-12-11 06:23:41.839125|[g:1][CONSENSUS][PBFT]checkTimeout Succ,view=5727,toView=5728,nodeIdx=0,changeCycle=0,myNode=5f8c8907...,timecost=0.906
info|2019-12-11 06:23:41.842706|[g:1][CONSENSUS][PBFT]checkAndChangeView: Reach consensus,org_view=5727,org_changeCycle=0,cur_changeCycle=0,to_view=5728
info|2019-12-11 06:23:42.843531|[g:1][CONSENSUS][SEALER]++++++++++++++++ Generating seal on,blkNum=1,tx=0,nodeIdx=0,hash=3a9e186c...
info|2019-12-11 06:23:42.845008|[g:1][CONSENSUS][PBFT]checkTimeout Succ,view=5728,toView=5729,nodeIdx=0,changeCycle=0,myNode=5f8c8907...,timecost=0.925
info|2019-12-11 06:23:42.850377|[g:1][CONSENSUS][PBFT]checkAndChangeView: Reach consensus,org_view=5728,org_changeCycle=0,cur_changeCycle=0,to_view=5729
info|2019-12-11 06:23:43.047275|[P2P][Service] heartBeat,connected count=3
