warning|2019-12-12 05:04:33.014341|[g:1][CONSENSUS][PBFT]ViewChangeWarning: not caused by omit empty block ,v=2161,toV=2162,curNum=11,hash=9b39b6b9...,nodeIdx=0,myNode=5f8c8907...
info|2019-12-12 05:04:33.018346|[P2P][Service] heartBeat,connected count=3
info|2019-12-12 05:04:33.018333|[g:1][CONSENSUS][PBFT]checkTimeout Succ,view=2161,toView=2162,nodeIdx=0,changeCycle=1,myNode=5f8c8907...,timecost=15.017
info|2019-12-12 05:04:33.020391|[g:1][CONSENSUS][PBFT]checkAndChangeView: Reach consensus,org_view=2161,org_changeCycle=1,cur_changeCycle=1,to_view=2162
info|2019-12-12 05:04:34.021867|[g:1][CONSENSUS]addRawPrepare,height=12,reqIdx=1,hash=cfdbd940...
info|2019-12-12 05:04:34.022500|[g:1][CONSENSUS][PBFT]checkTimeout Succ,view=2162,toView=2163,nodeIdx=0,changeCycle=0,myNode=5f8c8907...,timecost=0.467
info|2019-12-12 05:04:34.025182|[g:1][CONSENSUS][PBFT]checkAndChangeView: Reach consensus,org_view=2162,org_changeCycle=0,cur_changeCycle=0,to_view=2163
info|2019-12-12 05:04:35.027943|[g:1][CONSENSUS]addRawPrepare,height=12,reqIdx=2,hash=b5fe8556...
info|2019-12-12 05:04:35.029925|[g:1][CONSENSUS][PBFT]checkTimeout Succ,view=2163,toView=2164,nodeIdx=0,changeCycle=0,myNode=5f8c8907...,timecost=1.724
info|2019-12-12 05:04:35.032797|[g:1][CONSENSUS][PBFT]checkAndChangeView: Reach consensus,org_view=2163,org_changeCycle=0,cur_changeCycle=0,to_view=2164
info|2019-12-12 05:04:36.036541|[g:1][CONSENSUS]addRawPrepare,height=12,reqIdx=3,hash=349e3d38...
info|2019-12-12 05:04:36.037645|[g:1][CONSENSUS][PBFT]checkTimeout Succ,view=2164,toView=2165,nodeIdx=0,changeCycle=0,myNode=5f8c8907...,timecost=0.863
info|2019-12-12 05:04:36.042240|[g:1][CONSENSUS][PBFT]checkAndChangeView: Reach consensus,org_view=2164,org_changeCycle=0,cur_changeCycle=0,to_view=2165
info|2019-12-12 05:04:37.042236|[g:1][CONSENSUS][SEALER]++++++++++++++++ Generating seal on,blkNum=12,tx=0,nodeIdx=0,hash=720da6e3...
info|2019-12-12 05:04:37.043716|[g:1][CONSENSUS][PBFT]checkTimeout Succ,view=2165,toView=2166,nodeIdx=0,changeCycle=0,myNode=5f8c8907...,timecost=0.918
info|2019-12-12 05:04:37.050955|[g:1][CONSENSUS][PBFT]checkAndChangeView: Reach consensus,org_view=2165,org_changeCycle=0,cur_changeCycle=0,to_view=2166
info|2019-12-12 05:04:38.050516|[g:1][CONSENSUS]addRawPrepare,height=12,reqIdx=1,hash=8c30a8d0...
info|2019-12-12 05:04:38.052601|[g:1][CONSENSUS][PBFT]checkTimeout Succ,view=2166,toView=2167,nodeIdx=0,changeCycle=0,myNode=5f8c8907...,timecost=1.847
info|2019-12-12 05:04:38.057427|[g:1][CONSENSUS][PBFT]checkAndChangeView: Reach consensus,org_view=2166,org_changeCycle=0,cur_changeCycle=0,to_view=2167
info|2019-12-12 05:04:39.061301|[g:1][CONSENSUS]addRawPrepare,height=12,reqIdx=2,hash=5b6bb54a...
info|2019-12-12 05:04:39.062280|[g:1][CONSENSUS][PBFT]checkTimeout Succ,view=2167,toView=2168,nodeIdx=0,changeCycle=0,myNode=5f8c8907...,timecost=0.771
info|2019-12-12 05:04:39.067507|[g:1][CONSENSUS][PBFT]checkAndChangeView: Reach consensus,org_view=2167,org_changeCycle=0,cur_changeCycle=0,to_view=2168
info|2019-12-12 05:04:40.069116|[g:1][CONSENSUS]addRawPrepare,height=12,reqIdx=3,hash=3819abb5...
info|2019-12-12 05:04:40.070237|[g:1][CONSENSUS][PBFT]checkTimeout Succ,view=2168,toView=2169,nodeIdx=0,changeCycle=0,myNode=5f8c8907...,timecost=0.913
info|2019-12-12 05:04:40.075171|[g:1][CONSENSUS][PBFT]checkAndChangeView: Reach consensus,org_view=2168,org_changeCycle=0,cur_changeCycle=0,to_view=2169
info|2019-12-12 05:04:41.076237|[g:1][CONSENSUS][SEALER]++++++++++++++++ Generating seal on,blkNum=12,tx=0,nodeIdx=0,hash=43ecacee...
info|2019-12-12 05:04:41.077574|[g:1][CONSENSUS][PBFT]checkTimeout Succ,view=2169,toView=2170,nodeIdx=0,changeCycle=0,myNode=5f8c8907...,timecost=0.776
info|2019-12-12 05:04:41.083767|[g:1][CONSENSUS][PBFT]checkAndChangeView: Reach consensus,org_view=2169,org_changeCycle=0,cur_changeCycle=0,to_view=2170
info|2019-12-12 05:04:42.086638|[g:1][CONSENSUS]addRawPrepare,height=12,reqIdx=1,hash=cf52f764...
info|2019-12-12 05:04:42.087830|[g:1][CONSENSUS][PBFT]checkTimeout Succ,view=2170,toView=2171,nodeIdx=0,changeCycle=0,myNode=5f8c8907...,timecost=0.947
info|2019-12-12 05:04:42.091392|[g:1][CONSENSUS][PBFT]checkAndChangeView: Reach consensus,org_view=2170,org_changeCycle=0,cur_changeCycle=0,to_view=2171
info|2019-12-12 05:04:43.020612|[P2P][Service] heartBeat,connected count=3
info|2019-12-12 05:04:43.096046|[g:1][CONSENSUS]addRawPrepare,height=12,reqIdx=2,hash=3b7527cf...
info|2019-12-12 05:04:43.097073|[g:1][CONSENSUS][PBFT]checkTimeout Succ,view=2171,toView=2172,nodeIdx=0,changeCycle=0,myNode=5f8c8907...,timecost=0.786
info|2019-12-12 05:04:43.101497|[g:1][CONSENSUS][PBFT]checkAndChangeView: Reach consensus,org_view=2171,org_changeCycle=0,cur_changeCycle=0,to_view=2172
info|2019-12-12 05:04:44.106173|[g:1][CONSENSUS]addRawPrepare,height=12,reqIdx=3,hash=cb1c8060...
info|2019-12-12 05:04:44.107846|[g:1][CONSENSUS][PBFT]checkTimeout Succ,view=2172,toView=2173,nodeIdx=0,changeCycle=0,myNode=5f8c8907...,timecost=1.435
info|2019-12-12 05:04:44.110510|[g:1][CONSENSUS][PBFT]checkAndChangeView: Reach consensus,org_view=2172,org_changeCycle=0,cur_changeCycle=0,to_view=2173
info|2019-12-12 05:04:45.111861|[g:1][CONSENSUS][SEALER]++++++++++++++++ Generating seal on,blkNum=12,tx=0,nodeIdx=0,hash=92328b96...
info|2019-12-12 05:04:45.113406|[g:1][CONSENSUS][PBFT]checkTimeout Succ,view=2173,toView=2174,nodeIdx=0,changeCycle=0,myNode=5f8c8907...,timecost=0.917
info|2019-12-12 05:04:45.119365|[g:1][CONSENSUS][PBFT]checkAndChangeView: Reach consensus,org_view=2173,org_changeCycle=0,cur_changeCycle=0,to_view=2174
info|2019-12-12 05:04:46.120763|[g:1][CONSENSUS]addRawPrepare,height=12,reqIdx=1,hash=b580436b...
info|2019-12-12 05:04:46.122180|[g:1][CONSENSUS][PBFT]checkTimeout Succ,view=2174,toView=2175,nodeIdx=0,changeCycle=0,myNode=5f8c8907...,timecost=1.164
info|2019-12-12 05:04:46.124635|[g:1][CONSENSUS][PBFT]checkAndChangeView: Reach consensus,org_view=2174,org_changeCycle=0,cur_changeCycle=0,to_view=2175
info|2019-12-12 05:04:47.129855|[g:1][CONSENSUS]addRawPrepare,height=12,reqIdx=2,hash=4fbd2af5...
info|2019-12-12 05:04:47.130798|[g:1][CONSENSUS][PBFT]checkTimeout Succ,view=2175,toView=2176,nodeIdx=0,changeCycle=0,myNode=5f8c8907...,timecost=0.729
info|2019-12-12 05:04:47.136754|[g:1][CONSENSUS][PBFT]checkAndChangeView: Reach consensus,org_view=2175,org_changeCycle=0,cur_changeCycle=0,to_view=2176
info|2019-12-12 05:04:48.140140|[g:1][CONSENSUS]addRawPrepare,height=12,reqIdx=3,hash=de949964...
info|2019-12-12 05:04:48.144978|[g:1][CONSENSUS][PBFT]checkTimeout Succ,view=2176,toView=2177,nodeIdx=0,changeCycle=0,myNode=5f8c8907...,timecost=4.591
info|2019-12-12 05:04:48.147381|[g:1][CONSENSUS][PBFT]checkAndChangeView: Reach consensus,org_view=2176,org_changeCycle=0,cur_changeCycle=0,to_view=2177
info|2019-12-12 05:04:49.147577|[g:1][CONSENSUS][SEALER]++++++++++++++++ Generating seal on,blkNum=12,tx=0,nodeIdx=0,hash=5af1b4a1...
info|2019-12-12 05:04:49.148946|[g:1][CONSENSUS][PBFT]checkTimeout Succ,view=2177,toView=2178,nodeIdx=0,changeCycle=0,myNode=5f8c8907...,timecost=0.842
info|2019-12-12 05:04:49.154698|[g:1][CONSENSUS][PBFT]checkAndChangeView: Reach consensus,org_view=2177,org_changeCycle=0,cur_changeCycle=0,to_view=2178
info|2019-12-12 05:04:50.156621|[g:1][CONSENSUS]addRawPrepare,height=12,reqIdx=1,hash=bfd75585...
info|2019-12-12 05:04:50.158966|[g:1][CONSENSUS][PBFT]checkTimeout Succ,view=2178,toView=2179,nodeIdx=0,changeCycle=0,myNode=5f8c8907...,timecost=2.048
info|2019-12-12 05:04:50.162109|[g:1][CONSENSUS][PBFT]checkAndChangeView: Reach consensus,org_view=2178,org_changeCycle=0,cur_changeCycle=0,to_view=2179
info|2019-12-12 05:04:51.163937|[g:1][CONSENSUS]addRawPrepare,height=12,reqIdx=2,hash=895d2ccd...
info|2019-12-12 05:04:51.166565|[g:1][CONSENSUS][PBFT]checkTimeout Succ,view=2179,toView=2180,nodeIdx=0,changeCycle=0,myNode=5f8c8907...,timecost=2.387
info|2019-12-12 05:04:51.170160|[g:1][CONSENSUS][PBFT]checkAndChangeView: Reach consensus,org_view=2179,org_changeCycle=0,cur_changeCycle=0,to_view=2180
info|2019-12-12 05:04:52.173247|[g:1][CONSENSUS]addRawPrepare,height=12,reqIdx=3,hash=90b97dad...
info|2019-12-12 05:04:52.174522|[g:1][CONSENSUS][PBFT]checkTimeout Succ,view=2180,toView=2181,nodeIdx=0,changeCycle=0,myNode=5f8c8907...,timecost=0.962
info|2019-12-12 05:04:52.177598|[g:1][CONSENSUS][PBFT]checkAndChangeView: Reach consensus,org_view=2180,org_changeCycle=0,cur_changeCycle=0,to_view=2181
info|2019-12-12 05:04:53.021191|[P2P][Service] heartBeat,connected count=3
info|2019-12-12 05:04:53.177359|[g:1][CONSENSUS][SEALER]++++++++++++++++ Generating seal on,blkNum=12,tx=0,nodeIdx=0,hash=7b3e37d3...
info|2019-12-12 05:04:53.182352|[g:1][CONSENSUS][PBFT]checkTimeout Succ,view=2181,toView=2182,nodeIdx=0,changeCycle=0,myNode=5f8c8907...,timecost=0.761
info|2019-12-12 05:04:53.184958|[g:1][CONSENSUS][PBFT]checkAndChangeView: Reach consensus,org_view=2181,org_changeCycle=0,cur_changeCycle=0,to_view=2182
info|2019-12-12 05:04:54.190113|[g:1][CONSENSUS]addRawPrepare,height=12,reqIdx=1,hash=f60657fe...
info|2019-12-12 05:04:54.192183|[g:1][CONSENSUS][PBFT]checkTimeout Succ,view=2182,toView=2183,nodeIdx=0,changeCycle=0,myNode=5f8c8907...,timecost=1.759
info|2019-12-12 05:04:54.195182|[g:1][CONSENSUS][PBFT]checkAndChangeView: Reach consensus,org_view=2182,org_changeCycle=0,cur_changeCycle=0,to_view=2183
info|2019-12-12 05:04:55.198072|[g:1][CONSENSUS]addRawPrepare,height=12,reqIdx=2,hash=e4455436...
info|2019-12-12 05:04:55.199016|[g:1][CONSENSUS][PBFT]checkTimeout Succ,view=2183,toView=2184,nodeIdx=0,changeCycle=0,myNode=5f8c8907...,timecost=0.851
info|2019-12-12 05:04:55.201091|[g:1][CONSENSUS][PBFT]checkAndChangeView: Reach consensus,org_view=2183,org_changeCycle=0,cur_changeCycle=0,to_view=2184
info|2019-12-12 05:04:56.203575|[g:1][CONSENSUS]addRawPrepare,height=12,reqIdx=3,hash=bceb4b62...
info|2019-12-12 05:04:56.204699|[g:1][CONSENSUS][PBFT]checkTimeout Succ,view=2184,toView=2185,nodeIdx=0,changeCycle=0,myNode=5f8c8907...,timecost=0.885
info|2019-12-12 05:04:56.207262|[g:1][CONSENSUS][PBFT]checkAndChangeView: Reach consensus,org_view=2184,org_changeCycle=0,cur_changeCycle=0,to_view=2185
info|2019-12-12 05:04:57.208013|[g:1][CONSENSUS][SEALER]++++++++++++++++ Generating seal on,blkNum=12,tx=0,nodeIdx=0,hash=120bbd45...
info|2019-12-12 05:04:57.213214|[g:1][CONSENSUS][PBFT]checkTimeout Succ,view=2185,toView=2186,nodeIdx=0,changeCycle=0,myNode=5f8c8907...,timecost=1.195
info|2019-12-12 05:04:57.216198|[g:1][CONSENSUS][PBFT]checkAndChangeView: Reach consensus,org_view=2185,org_changeCycle=0,cur_changeCycle=0,to_view=2186
info|2019-12-12 05:04:58.218929|[g:1][CONSENSUS]addRawPrepare,height=12,reqIdx=1,hash=5ed47764...
info|2019-12-12 05:04:58.223018|[g:1][CONSENSUS][PBFT]checkTimeout Succ,view=2186,toView=2187,nodeIdx=0,changeCycle=0,myNode=5f8c8907...,timecost=3.725
info|2019-12-12 05:04:58.227014|[g:1][CONSENSUS][PBFT]checkAndChangeView: Reach consensus,org_view=2186,org_changeCycle=0,cur_changeCycle=0,to_view=2187
info|2019-12-12 05:04:59.226770|[g:1][CONSENSUS]addRawPrepare,height=12,reqIdx=2,hash=02148edf...
info|2019-12-12 05:04:59.227810|[g:1][CONSENSUS][PBFT]checkTimeout Succ,view=2187,toView=2188,nodeIdx=0,changeCycle=0,myNode=5f8c8907...,timecost=0.798
info|2019-12-12 05:04:59.230847|[g:1][CONSENSUS][PBFT]checkAndChangeView: Reach consensus,org_view=2187,org_changeCycle=0,cur_changeCycle=0,to_view=2188
info|2019-12-12 05:05:00.234040|[g:1][CONSENSUS]addRawPrepare,height=12,reqIdx=3,hash=f64f75f6...
info|2019-12-12 05:05:00.235048|[g:1][CONSENSUS][PBFT]checkTimeout Succ,view=2188,toView=2189,nodeIdx=0,changeCycle=0,myNode=5f8c8907...,timecost=0.765
info|2019-12-12 05:05:00.238274|[g:1][CONSENSUS][PBFT]checkAndChangeView: Reach consensus,org_view=2188,org_changeCycle=0,cur_changeCycle=0,to_view=2189
info|2019-12-12 05:05:01.238614|[g:1][CONSENSUS][SEALER]++++++++++++++++ Generating seal on,blkNum=12,tx=0,nodeIdx=0,hash=f4c2012b...
info|2019-12-12 05:05:01.245687|[g:1][CONSENSUS][PBFT]checkTimeout Succ,view=2189,toView=2190,nodeIdx=0,changeCycle=0,myNode=5f8c8907...,timecost=1.67
info|2019-12-12 05:05:01.247066|[g:1][CONSENSUS][PBFT]checkAndChangeView: Reach consensus,org_view=2189,org_changeCycle=0,cur_changeCycle=0,to_view=2190
info|2019-12-12 05:05:02.248639|[g:1][CONSENSUS]addRawPrepare,height=12,reqIdx=1,hash=c0c5fb8f...
info|2019-12-12 05:05:02.249633|[g:1][CONSENSUS][PBFT]checkTimeout Succ,view=2190,toView=2191,nodeIdx=0,changeCycle=0,myNode=5f8c8907...,timecost=0.74
info|2019-12-12 05:05:02.253314|[g:1][CONSENSUS][PBFT]checkAndChangeView: Reach consensus,org_view=2190,org_changeCycle=0,cur_changeCycle=0,to_view=2191
info|2019-12-12 05:05:03.025115|[P2P][Service] heartBeat,connected count=3
info|2019-12-12 05:05:03.255290|[g:1][CONSENSUS]addRawPrepare,height=12,reqIdx=2,hash=d0462d8d...
info|2019-12-12 05:05:03.256510|[g:1][CONSENSUS][PBFT]checkTimeout Succ,view=2191,toView=2192,nodeIdx=0,changeCycle=0,myNode=5f8c8907...,timecost=0.866
info|2019-12-12 05:05:03.262318|[g:1][CONSENSUS][PBFT]checkAndChangeView: Reach consensus,org_view=2191,org_changeCycle=0,cur_changeCycle=0,to_view=2192
info|2019-12-12 05:05:04.262791|[g:1][CONSENSUS]addRawPrepare,height=12,reqIdx=3,hash=fbe18cd0...
info|2019-12-12 05:05:04.264417|[g:1][CONSENSUS][PBFT]checkTimeout Succ,view=2192,toView=2193,nodeIdx=0,changeCycle=0,myNode=5f8c8907...,timecost=0.94
info|2019-12-12 05:05:04.267899|[g:1][CONSENSUS][PBFT]checkAndChangeView: Reach consensus,org_view=2192,org_changeCycle=0,cur_changeCycle=0,to_view=2193
info|2019-12-12 05:05:05.267985|[g:1][CONSENSUS][SEALER]++++++++++++++++ Generating seal on,blkNum=12,tx=0,nodeIdx=0,hash=12a952f1...
info|2019-12-12 05:05:05.269321|[g:1][CONSENSUS][PBFT]checkTimeout Succ,view=2193,toView=2194,nodeIdx=0,changeCycle=0,myNode=5f8c8907...,timecost=0.821
info|2019-12-12 05:05:05.274668|[g:1][CONSENSUS][PBFT]checkAndChangeView: Reach consensus,org_view=2193,org_changeCycle=0,cur_changeCycle=0,to_view=2194
info|2019-12-12 05:05:06.278088|[g:1][CONSENSUS]addRawPrepare,height=12,reqIdx=1,hash=1ef6e114...
info|2019-12-12 05:05:06.279374|[g:1][CONSENSUS][PBFT]checkTimeout Succ,view=2194,toView=2195,nodeIdx=0,changeCycle=0,myNode=5f8c8907...,timecost=1.08
info|2019-12-12 05:05:06.284099|[g:1][CONSENSUS][PBFT]checkAndChangeView: Reach consensus,org_view=2194,org_changeCycle=0,cur_changeCycle=0,to_view=2195
info|2019-12-12 05:05:07.285701|[g:1][CONSENSUS]addRawPrepare,height=12,reqIdx=2,hash=be7ca4e7...
info|2019-12-12 05:05:07.286846|[g:1][CONSENSUS][PBFT]checkTimeout Succ,view=2195,toView=2196,nodeIdx=0,changeCycle=0,myNode=5f8c8907...,timecost=0.904
info|2019-12-12 05:05:07.290748|[g:1][CONSENSUS][PBFT]checkAndChangeView: Reach consensus,org_view=2195,org_changeCycle=0,cur_changeCycle=0,to_view=2196
info|2019-12-12 05:05:08.294717|[g:1][CONSENSUS]addRawPrepare,height=12,reqIdx=3,hash=d32ad0e9...
info|2019-12-12 05:05:08.296116|[g:1][CONSENSUS][PBFT]checkTimeout Succ,view=2196,toView=2197,nodeIdx=0,changeCycle=0,myNode=5f8c8907...,timecost=1.24
info|2019-12-12 05:05:08.301354|[g:1][CONSENSUS][PBFT]checkAndChangeView: Reach consensus,org_view=2196,org_changeCycle=0,cur_changeCycle=0,to_view=2197
info|2019-12-12 05:05:09.301802|[g:1][CONSENSUS][SEALER]++++++++++++++++ Generating seal on,blkNum=12,tx=0,nodeIdx=0,hash=75c4f8e3...
info|2019-12-12 05:05:09.306603|[g:1][CONSENSUS][PBFT]checkTimeout Succ,view=2197,toView=2198,nodeIdx=0,changeCycle=0,myNode=5f8c8907...,timecost=0.912
info|2019-12-12 05:05:09.309130|[g:1][CONSENSUS][PBFT]checkAndChangeView: Reach consensus,org_view=2197,org_changeCycle=0,cur_changeCycle=0,to_view=2198
info|2019-12-12 05:05:10.314006|[g:1][CONSENSUS]addRawPrepare,height=12,reqIdx=1,hash=2eb7d46a...
info|2019-12-12 05:05:10.315078|[g:1][CONSENSUS][PBFT]checkTimeout Succ,view=2198,toView=2199,nodeIdx=0,changeCycle=0,myNode=5f8c8907...,timecost=0.816
info|2019-12-12 05:05:10.318830|[g:1][CONSENSUS][PBFT]checkAndChangeView: Reach consensus,org_view=2198,org_changeCycle=0,cur_changeCycle=0,to_view=2199
info|2019-12-12 05:05:11.322105|[g:1][CONSENSUS]addRawPrepare,height=12,reqIdx=2,hash=ac4f36c8...
info|2019-12-12 05:05:11.324683|[g:1][CONSENSUS][PBFT]checkTimeout Succ,view=2199,toView=2200,nodeIdx=0,changeCycle=0,myNode=5f8c8907...,timecost=2.059
info|2019-12-12 05:05:11.327558|[g:1][CONSENSUS][PBFT]checkAndChangeView: Reach consensus,org_view=2199,org_changeCycle=0,cur_changeCycle=0,to_view=2200
info|2019-12-12 05:05:12.328553|[g:1][CONSENSUS]addRawPrepare,height=12,reqIdx=3,hash=9c30a5b2...
info|2019-12-12 05:05:12.330163|[g:1][CONSENSUS][PBFT]checkTimeout Succ,view=2200,toView=2201,nodeIdx=0,changeCycle=0,myNode=5f8c8907...,timecost=0.978
info|2019-12-12 05:05:12.332922|[g:1][CONSENSUS][PBFT]checkAndChangeView: Reach consensus,org_view=2200,org_changeCycle=0,cur_changeCycle=0,to_view=2201
info|2019-12-12 05:05:13.030930|[P2P][Service] heartBeat,connected count=3
info|2019-12-12 05:05:13.333110|[g:1][CONSENSUS][SEALER]++++++++++++++++ Generating seal on,blkNum=12,tx=0,nodeIdx=0,hash=ba5fb37a...
info|2019-12-12 05:05:13.334544|[g:1][CONSENSUS][PBFT]checkTimeout Succ,view=2201,toView=2202,nodeIdx=0,changeCycle=0,myNode=5f8c8907...,timecost=0.86
info|2019-12-12 05:05:13.341766|[g:1][CONSENSUS][PBFT]checkAndChangeView: Reach consensus,org_view=2201,org_changeCycle=0,cur_changeCycle=0,to_view=2202
info|2019-12-12 05:05:14.343551|[g:1][CONSENSUS]addRawPrepare,height=12,reqIdx=1,hash=7135c5ee...
info|2019-12-12 05:05:14.344731|[g:1][CONSENSUS][PBFT]checkTimeout Succ,view=2202,toView=2203,nodeIdx=0,changeCycle=0,myNode=5f8c8907...,timecost=0.93
info|2019-12-12 05:05:14.347643|[g:1][CONSENSUS][PBFT]checkAndChangeView: Reach consensus,org_view=2202,org_changeCycle=0,cur_changeCycle=0,to_view=2203
info|2019-12-12 05:05:15.350802|[g:1][CONSENSUS]addRawPrepare,height=12,reqIdx=2,hash=e037e210...
info|2019-12-12 05:05:15.351871|[g:1][CONSENSUS][PBFT]checkTimeout Succ,view=2203,toView=2204,nodeIdx=0,changeCycle=0,myNode=5f8c8907...,timecost=0.819
info|2019-12-12 05:05:15.354852|[g:1][CONSENSUS][PBFT]checkAndChangeView: Reach consensus,org_view=2203,org_changeCycle=0,cur_changeCycle=0,to_view=2204
info|2019-12-12 05:05:16.359041|[g:1][CONSENSUS]addRawPrepare,height=12,reqIdx=3,hash=b555b657...
info|2019-12-12 05:05:16.360440|[g:1][CONSENSUS][PBFT]checkTimeout Succ,view=2204,toView=2205,nodeIdx=0,changeCycle=0,myNode=5f8c8907...,timecost=1.143
info|2019-12-12 05:05:16.363259|[g:1][CONSENSUS][PBFT]checkAndChangeView: Reach consensus,org_view=2204,org_changeCycle=0,cur_changeCycle=0,to_view=2205
info|2019-12-12 05:05:17.364976|[g:1][CONSENSUS][SEALER]++++++++++++++++ Generating seal on,blkNum=12,tx=0,nodeIdx=0,hash=5161f24a...
info|2019-12-12 05:05:17.366349|[g:1][CONSENSUS][PBFT]checkTimeout Succ,view=2205,toView=2206,nodeIdx=0,changeCycle=0,myNode=5f8c8907...,timecost=0.851
info|2019-12-12 05:05:17.372574|[g:1][CONSENSUS][PBFT]checkAndChangeView: Reach consensus,org_view=2205,org_changeCycle=0,cur_changeCycle=0,to_view=2206
info|2019-12-12 05:05:18.374714|[g:1][CONSENSUS]addRawPrepare,height=12,reqIdx=1,hash=11641ae6...
info|2019-12-12 05:05:18.380933|[g:1][CONSENSUS][PBFT]checkTimeout Succ,view=2206,toView=2207,nodeIdx=0,changeCycle=0,myNode=5f8c8907...,timecost=6.006
info|2019-12-12 05:05:18.382727|[g:1][CONSENSUS][PBFT]checkAndChangeView: Reach consensus,org_view=2206,org_changeCycle=0,cur_changeCycle=0,to_view=2207
info|2019-12-12 05:05:19.381545|[g:1][CONSENSUS]addRawPrepare,height=12,reqIdx=2,hash=7eb2333c...
info|2019-12-12 05:05:19.382627|[g:1][CONSENSUS][PBFT]checkTimeout Succ,view=2207,toView=2208,nodeIdx=0,changeCycle=0,myNode=5f8c8907...,timecost=0.831
info|2019-12-12 05:05:19.386567|[g:1][CONSENSUS][PBFT]checkAndChangeView: Reach consensus,org_view=2207,org_changeCycle=0,cur_changeCycle=0,to_view=2208
info|2019-12-12 05:05:20.392037|[g:1][CONSENSUS]addRawPrepare,height=12,reqIdx=3,hash=2c3cdd16...
info|2019-12-12 05:05:20.393796|[g:1][CONSENSUS][PBFT]checkTimeout Succ,view=2208,toView=2209,nodeIdx=0,changeCycle=0,myNode=5f8c8907...,timecost=0.803
info|2019-12-12 05:05:20.396284|[g:1][CONSENSUS][PBFT]checkAndChangeView: Reach consensus,org_view=2208,org_changeCycle=0,cur_changeCycle=0,to_view=2209
info|2019-12-12 05:05:21.397718|[g:1][CONSENSUS][SEALER]++++++++++++++++ Generating seal on,blkNum=12,tx=0,nodeIdx=0,hash=48098915...
info|2019-12-12 05:05:21.399121|[g:1][CONSENSUS][PBFT]checkTimeout Succ,view=2209,toView=2210,nodeIdx=0,changeCycle=0,myNode=5f8c8907...,timecost=0.85
info|2019-12-12 05:05:21.405176|[g:1][CONSENSUS][PBFT]checkAndChangeView: Reach consensus,org_view=2209,org_changeCycle=0,cur_changeCycle=0,to_view=2210
info|2019-12-12 05:05:22.409390|[g:1][CONSENSUS]addRawPrepare,height=12,reqIdx=1,hash=0e767ab2...
info|2019-12-12 05:05:22.410586|[g:1][CONSENSUS][PBFT]checkTimeout Succ,view=2210,toView=2211,nodeIdx=0,changeCycle=0,myNode=5f8c8907...,timecost=0.869
info|2019-12-12 05:05:22.414269|[g:1][CONSENSUS][PBFT]checkAndChangeView: Reach consensus,org_view=2210,org_changeCycle=0,cur_changeCycle=0,to_view=2211
info|2019-12-12 05:05:23.034160|[P2P][Service] heartBeat,connected count=3
info|2019-12-12 05:05:23.418118|[g:1][CONSENSUS]addRawPrepare,height=12,reqIdx=2,hash=b67cc59b...
info|2019-12-12 05:05:23.422511|[g:1][CONSENSUS][PBFT]checkTimeout Succ,view=2211,toView=2212,nodeIdx=0,changeCycle=0,myNode=5f8c8907...,timecost=3.915
info|2019-12-12 05:05:23.425400|[g:1][CONSENSUS][PBFT]checkAndChangeView: Reach consensus,org_view=2211,org_changeCycle=0,cur_changeCycle=0,to_view=2212
info|2019-12-12 05:05:24.427972|[g:1][CONSENSUS]addRawPrepare,height=12,reqIdx=3,hash=bdd7ba0c...
info|2019-12-12 05:05:24.429124|[g:1][CONSENSUS][PBFT]checkTimeout Succ,view=2212,toView=2213,nodeIdx=0,changeCycle=0,myNode=5f8c8907...,timecost=1.025
info|2019-12-12 05:05:24.431796|[g:1][CONSENSUS][PBFT]checkAndChangeView: Reach consensus,org_view=2212,org_changeCycle=0,cur_changeCycle=0,to_view=2213
info|2019-12-12 05:05:25.431956|[g:1][CONSENSUS][SEALER]++++++++++++++++ Generating seal on,blkNum=12,tx=0,nodeIdx=0,hash=325db3d1...
info|2019-12-12 05:05:25.436958|[g:1][CONSENSUS][PBFT]checkTimeout Succ,view=2213,toView=2214,nodeIdx=0,changeCycle=0,myNode=5f8c8907...,timecost=0.824
info|2019-12-12 05:05:25.439445|[g:1][CONSENSUS][PBFT]checkAndChangeView: Reach consensus,org_view=2213,org_changeCycle=0,cur_changeCycle=0,to_view=2214
