info|2019-12-14 05:19:57.015937|[P2P][Service] heartBeat,connected count=3
info|2019-12-14 05:19:57.022739|[g:1][CONSENSUS][SEALER]++++++++++++++++ Generating seal on,blkNum=476,tx=0,nodeIdx=0,hash=99306f2f...
warning|2019-12-14 05:19:57.023013|[g:1][CONSENSUS][PBFT]ViewChangeWarning: not caused by omit empty block ,v=2941,toV=2942,curNum=475,hash=ad338c6e...,nodeIdx=0,myNode=5f8c8907...
info|2019-12-14 05:19:57.023147|[g:1][CONSENSUS][PBFT]checkTimeout Succ,view=2941,toView=2942,nodeIdx=0,changeCycle=1,myNode=5f8c8907...,timecost=1.647
info|2019-12-14 05:19:57.027062|[g:1][CONSENSUS][PBFT]checkTimeout Succ,view=2941,toView=2943,nodeIdx=0,changeCycle=0,myNode=5f8c8907...,timecost=0.412
info|2019-12-14 05:19:58.028801|[g:1][CONSENSUS][PBFT]FutureBlock,EINFO=handlePrepareMsg,reqIdx=1,view=2942,reqNum=476,curNum=475,consNum=476,fromIp=127.0.0.1:59976,hash=655d37de...,nodeIdx=0,myNode=5f8c8907...,curChangeCycle=0
info|2019-12-14 05:19:58.028818|[g:1][CONSENSUS]addFuturePrepareCache,height=476,reqIdx=1,hash=655d37de...
info|2019-12-14 05:19:58.029717|[g:1][CONSENSUS][PBFT]FutureBlock,EINFO=handlePrepareMsg,reqIdx=1,view=2942,reqNum=476,curNum=475,consNum=476,fromIp=127.0.0.1:59989,hash=655d37de...,nodeIdx=0,myNode=5f8c8907...,curChangeCycle=0
info|2019-12-14 05:19:58.029755|[g:1][CONSENSUS][PBFT]FutureBlock,EINFO=handlePrepareMsg,reqIdx=1,view=2942,reqNum=476,curNum=475,consNum=476,fromIp=127.0.0.1:59986,hash=655d37de...,nodeIdx=0,myNode=5f8c8907...,curChangeCycle=0
info|2019-12-14 05:19:58.031312|[g:1][CONSENSUS][PBFT]checkAndChangeView, update m_changeCycle to 1
info|2019-12-14 05:19:58.031352|[g:1][CONSENSUS][PBFT]checkAndChangeView: Reach consensus,org_view=2941,org_changeCycle=0,cur_changeCycle=1,to_view=2943
info|2019-12-14 05:19:59.032357|[g:1][CONSENSUS]addRawPrepare,height=476,reqIdx=2,hash=29d5ed13...
info|2019-12-14 05:19:59.032866|[g:1][CONSENSUS][PBFT]checkTimeout Succ,view=2943,toView=2944,nodeIdx=0,changeCycle=0,myNode=5f8c8907...,timecost=0.376
info|2019-12-14 05:19:59.035066|[g:1][CONSENSUS][PBFT]checkAndChangeView: Reach consensus,org_view=2943,org_changeCycle=0,cur_changeCycle=0,to_view=2944
info|2019-12-14 05:20:00.040781|[g:1][CONSENSUS]addRawPrepare,height=476,reqIdx=3,hash=43963b68...
info|2019-12-14 05:20:00.041809|[g:1][CONSENSUS][PBFT]checkTimeout Succ,view=2944,toView=2945,nodeIdx=0,changeCycle=0,myNode=5f8c8907...,timecost=0.8
info|2019-12-14 05:20:00.046536|[g:1][CONSENSUS][PBFT]checkAndChangeView: Reach consensus,org_view=2944,org_changeCycle=0,cur_changeCycle=0,to_view=2945
info|2019-12-14 05:20:01.046326|[g:1][CONSENSUS][SEALER]++++++++++++++++ Generating seal on,blkNum=476,tx=0,nodeIdx=0,hash=2134db28...
info|2019-12-14 05:20:01.047489|[g:1][CONSENSUS][PBFT]checkTimeout Succ,view=2945,toView=2946,nodeIdx=0,changeCycle=0,myNode=5f8c8907...,timecost=0.725
info|2019-12-14 05:20:01.052073|[g:1][CONSENSUS][PBFT]checkAndChangeView: Reach consensus,org_view=2945,org_changeCycle=0,cur_changeCycle=0,to_view=2946
info|2019-12-14 05:20:02.054576|[g:1][CONSENSUS]addRawPrepare,height=476,reqIdx=1,hash=92ad9a4d...
info|2019-12-14 05:20:02.057907|[g:1][CONSENSUS][PBFT]checkTimeout Succ,view=2946,toView=2947,nodeIdx=0,changeCycle=0,myNode=5f8c8907...,timecost=2.821
info|2019-12-14 05:20:02.060402|[g:1][CONSENSUS][PBFT]checkAndChangeView: Reach consensus,org_view=2946,org_changeCycle=0,cur_changeCycle=0,to_view=2947
info|2019-12-14 05:20:03.064505|[g:1][CONSENSUS]addRawPrepare,height=476,reqIdx=2,hash=64bc3998...
info|2019-12-14 05:20:03.066855|[g:1][CONSENSUS][PBFT]checkTimeout Succ,view=2947,toView=2948,nodeIdx=0,changeCycle=0,myNode=5f8c8907...,timecost=2.092
info|2019-12-14 05:20:03.071553|[g:1][CONSENSUS][PBFT]checkAndChangeView: Reach consensus,org_view=2947,org_changeCycle=0,cur_changeCycle=0,to_view=2948
info|2019-12-14 05:20:04.071635|[g:1][CONSENSUS]addRawPrepare,height=476,reqIdx=3,hash=61f1e5ea...
info|2019-12-14 05:20:04.072874|[g:1][CONSENSUS][PBFT]checkTimeout Succ,view=2948,toView=2949,nodeIdx=0,changeCycle=0,myNode=5f8c8907...,timecost=1.012
info|2019-12-14 05:20:04.077385|[g:1][CONSENSUS][PBFT]checkAndChangeView: Reach consensus,org_view=2948,org_changeCycle=0,cur_changeCycle=0,to_view=2949
info|2019-12-14 05:20:05.077878|[g:1][CONSENSUS][SEALER]++++++++++++++++ Generating seal on,blkNum=476,tx=0,nodeIdx=0,hash=9f23283b...
info|2019-12-14 05:20:05.078990|[g:1][CONSENSUS][PBFT]checkTimeout Succ,view=2949,toView=2950,nodeIdx=0,changeCycle=0,myNode=5f8c8907...,timecost=0.642
info|2019-12-14 05:20:05.083367|[g:1][CONSENSUS][PBFT]checkAndChangeView: Reach consensus,org_view=2949,org_changeCycle=0,cur_changeCycle=0,to_view=2950
info|2019-12-14 05:20:06.086692|[g:1][CONSENSUS]addRawPrepare,height=476,reqIdx=1,hash=de290c9e...
info|2019-12-14 05:20:06.087765|[g:1][CONSENSUS][PBFT]checkTimeout Succ,view=2950,toView=2951,nodeIdx=0,changeCycle=0,myNode=5f8c8907...,timecost=0.919
info|2019-12-14 05:20:06.090797|[g:1][CONSENSUS][PBFT]checkAndChangeView: Reach consensus,org_view=2950,org_changeCycle=0,cur_changeCycle=0,to_view=2951
info|2019-12-14 05:20:07.025473|[P2P][Service] heartBeat,connected count=3
info|2019-12-14 05:20:07.094123|[g:1][CONSENSUS]addRawPrepare,height=476,reqIdx=2,hash=b321bb28...
info|2019-12-14 05:20:07.095369|[g:1][CONSENSUS][PBFT]checkTimeout Succ,view=2951,toView=2952,nodeIdx=0,changeCycle=0,myNode=5f8c8907...,timecost=0.871
info|2019-12-14 05:20:07.101636|[g:1][CONSENSUS][PBFT]checkAndChangeView: Reach consensus,org_view=2951,org_changeCycle=0,cur_changeCycle=0,to_view=2952
info|2019-12-14 05:20:08.102290|[g:1][CONSENSUS]addRawPrepare,height=476,reqIdx=3,hash=88018c29...
info|2019-12-14 05:20:08.103836|[g:1][CONSENSUS][PBFT]checkTimeout Succ,view=2952,toView=2953,nodeIdx=0,changeCycle=0,myNode=5f8c8907...,timecost=1.3
info|2019-12-14 05:20:08.109118|[g:1][CONSENSUS][PBFT]checkAndChangeView: Reach consensus,org_view=2952,org_changeCycle=0,cur_changeCycle=0,to_view=2953
info|2019-12-14 05:20:09.110802|[g:1][CONSENSUS][SEALER]++++++++++++++++ Generating seal on,blkNum=476,tx=0,nodeIdx=0,hash=f65dc689...
info|2019-12-14 05:20:09.112258|[g:1][CONSENSUS][PBFT]checkTimeout Succ,view=2953,toView=2954,nodeIdx=0,changeCycle=0,myNode=5f8c8907...,timecost=0.834
info|2019-12-14 05:20:09.119338|[g:1][CONSENSUS][PBFT]checkAndChangeView: Reach consensus,org_view=2953,org_changeCycle=0,cur_changeCycle=0,to_view=2954
info|2019-12-14 05:20:10.120633|[g:1][CONSENSUS]addRawPrepare,height=476,reqIdx=1,hash=9cddfcb5...
info|2019-12-14 05:20:10.121764|[g:1][CONSENSUS][PBFT]checkTimeout Succ,view=2954,toView=2955,nodeIdx=0,changeCycle=0,myNode=5f8c8907...,timecost=0.874
info|2019-12-14 05:20:10.125138|[g:1][CONSENSUS][PBFT]checkAndChangeView: Reach consensus,org_view=2954,org_changeCycle=0,cur_changeCycle=0,to_view=2955
info|2019-12-14 05:20:11.128122|[g:1][CONSENSUS]addRawPrepare,height=476,reqIdx=2,hash=9fd378b0...
info|2019-12-14 05:20:11.129731|[g:1][CONSENSUS][PBFT]checkTimeout Succ,view=2955,toView=2956,nodeIdx=0,changeCycle=0,myNode=5f8c8907...,timecost=1.363
info|2019-12-14 05:20:11.133083|[g:1][CONSENSUS][PBFT]checkAndChangeView: Reach consensus,org_view=2955,org_changeCycle=0,cur_changeCycle=0,to_view=2956
info|2019-12-14 05:20:12.135919|[g:1][CONSENSUS]addRawPrepare,height=476,reqIdx=3,hash=cbe78571...
info|2019-12-14 05:20:12.137309|[g:1][CONSENSUS][PBFT]checkTimeout Succ,view=2956,toView=2957,nodeIdx=0,changeCycle=0,myNode=5f8c8907...,timecost=1.075
info|2019-12-14 05:20:12.143208|[g:1][CONSENSUS][PBFT]checkAndChangeView: Reach consensus,org_view=2956,org_changeCycle=0,cur_changeCycle=0,to_view=2957
info|2019-12-14 05:20:13.143265|[g:1][CONSENSUS][SEALER]++++++++++++++++ Generating seal on,blkNum=476,tx=0,nodeIdx=0,hash=1ab990db...
info|2019-12-14 05:20:13.144687|[g:1][CONSENSUS][PBFT]checkTimeout Succ,view=2957,toView=2958,nodeIdx=0,changeCycle=0,myNode=5f8c8907...,timecost=0.854
info|2019-12-14 05:20:13.150608|[g:1][CONSENSUS][PBFT]checkAndChangeView: Reach consensus,org_view=2957,org_changeCycle=0,cur_changeCycle=0,to_view=2958
info|2019-12-14 05:20:14.154439|[g:1][CONSENSUS]addRawPrepare,height=476,reqIdx=1,hash=ead34dc5...
info|2019-12-14 05:20:14.156176|[g:1][CONSENSUS][PBFT]checkTimeout Succ,view=2958,toView=2959,nodeIdx=0,changeCycle=0,myNode=5f8c8907...,timecost=1.349
info|2019-12-14 05:20:14.159223|[g:1][CONSENSUS][PBFT]checkAndChangeView: Reach consensus,org_view=2958,org_changeCycle=0,cur_changeCycle=0,to_view=2959
info|2019-12-14 05:20:15.161371|[g:1][CONSENSUS]addRawPrepare,height=476,reqIdx=2,hash=b1ea1c2f...
info|2019-12-14 05:20:15.162741|[g:1][CONSENSUS][PBFT]checkTimeout Succ,view=2959,toView=2960,nodeIdx=0,changeCycle=0,myNode=5f8c8907...,timecost=1.076
info|2019-12-14 05:20:15.167197|[g:1][CONSENSUS][PBFT]checkAndChangeView: Reach consensus,org_view=2959,org_changeCycle=0,cur_changeCycle=0,to_view=2960
info|2019-12-14 05:20:16.170164|[g:1][CONSENSUS]addRawPrepare,height=476,reqIdx=3,hash=e2ee5246...
info|2019-12-14 05:20:16.171391|[g:1][CONSENSUS][PBFT]checkTimeout Succ,view=2960,toView=2961,nodeIdx=0,changeCycle=0,myNode=5f8c8907...,timecost=0.97
info|2019-12-14 05:20:16.174619|[g:1][CONSENSUS][PBFT]checkAndChangeView: Reach consensus,org_view=2960,org_changeCycle=0,cur_changeCycle=0,to_view=2961
info|2019-12-14 05:20:17.032147|[P2P][Service] heartBeat,connected count=3
info|2019-12-14 05:20:17.175138|[g:1][CONSENSUS][SEALER]++++++++++++++++ Generating seal on,blkNum=476,tx=0,nodeIdx=0,hash=3265bb9a...
info|2019-12-14 05:20:17.181723|[g:1][CONSENSUS][PBFT]checkTimeout Succ,view=2961,toView=2962,nodeIdx=0,changeCycle=0,myNode=5f8c8907...,timecost=1.533
info|2019-12-14 05:20:17.184036|[g:1][CONSENSUS][PBFT]checkAndChangeView: Reach consensus,org_view=2961,org_changeCycle=0,cur_changeCycle=0,to_view=2962
info|2019-12-14 05:20:18.186084|[g:1][CONSENSUS]addRawPrepare,height=476,reqIdx=1,hash=d2334c66...
info|2019-12-14 05:20:18.187109|[g:1][CONSENSUS][PBFT]checkTimeout Succ,view=2962,toView=2963,nodeIdx=0,changeCycle=0,myNode=5f8c8907...,timecost=0.739
info|2019-12-14 05:20:18.191698|[g:1][CONSENSUS][PBFT]checkAndChangeView: Reach consensus,org_view=2962,org_changeCycle=0,cur_changeCycle=0,to_view=2963
info|2019-12-14 05:20:19.193851|[g:1][CONSENSUS]addRawPrepare,height=476,reqIdx=2,hash=32e4713b...
info|2019-12-14 05:20:19.194727|[g:1][CONSENSUS][PBFT]checkTimeout Succ,view=2963,toView=2964,nodeIdx=0,changeCycle=0,myNode=5f8c8907...,timecost=0.669
info|2019-12-14 05:20:19.197687|[g:1][CONSENSUS][PBFT]checkAndChangeView: Reach consensus,org_view=2963,org_changeCycle=0,cur_changeCycle=0,to_view=2964
info|2019-12-14 05:20:20.201027|[g:1][CONSENSUS]addRawPrepare,height=476,reqIdx=3,hash=c2a6db74...
info|2019-12-14 05:20:20.202726|[g:1][CONSENSUS][PBFT]checkTimeout Succ,view=2964,toView=2965,nodeIdx=0,changeCycle=0,myNode=5f8c8907...,timecost=1.447
info|2019-12-14 05:20:20.205287|[g:1][CONSENSUS][PBFT]checkAndChangeView: Reach consensus,org_view=2964,org_changeCycle=0,cur_changeCycle=0,to_view=2965
info|2019-12-14 05:20:21.206220|[g:1][CONSENSUS][SEALER]++++++++++++++++ Generating seal on,blkNum=476,tx=0,nodeIdx=0,hash=1d129095...
info|2019-12-14 05:20:21.207782|[g:1][CONSENSUS][PBFT]checkTimeout Succ,view=2965,toView=2966,nodeIdx=0,changeCycle=0,myNode=5f8c8907...,timecost=0.836
info|2019-12-14 05:20:21.213353|[g:1][CONSENSUS][PBFT]checkAndChangeView: Reach consensus,org_view=2965,org_changeCycle=0,cur_changeCycle=0,to_view=2966
info|2019-12-14 05:20:22.217698|[g:1][CONSENSUS]addRawPrepare,height=476,reqIdx=1,hash=b4cd0f7f...
info|2019-12-14 05:20:22.222355|[g:1][CONSENSUS][PBFT]checkTimeout Succ,view=2966,toView=2967,nodeIdx=0,changeCycle=0,myNode=5f8c8907...,timecost=4.437
info|2019-12-14 05:20:22.223517|[g:1][CONSENSUS][PBFT]checkAndChangeView: Reach consensus,org_view=2966,org_changeCycle=0,cur_changeCycle=0,to_view=2967
info|2019-12-14 05:20:23.225922|[g:1][CONSENSUS]addRawPrepare,height=476,reqIdx=2,hash=5087a1e0...
info|2019-12-14 05:20:23.231146|[g:1][CONSENSUS][PBFT]checkTimeout Succ,view=2967,toView=2968,nodeIdx=0,changeCycle=0,myNode=5f8c8907...,timecost=4.894
info|2019-12-14 05:20:23.232798|[g:1][CONSENSUS][PBFT]checkAndChangeView: Reach consensus,org_view=2967,org_changeCycle=0,cur_changeCycle=0,to_view=2968
info|2019-12-14 05:20:24.233256|[g:1][CONSENSUS]addRawPrepare,height=476,reqIdx=3,hash=648f3b6a...
info|2019-12-14 05:20:24.234467|[g:1][CONSENSUS][PBFT]checkTimeout Succ,view=2968,toView=2969,nodeIdx=0,changeCycle=0,myNode=5f8c8907...,timecost=0.837
info|2019-12-14 05:20:24.237447|[g:1][CONSENSUS][PBFT]checkAndChangeView: Reach consensus,org_view=2968,org_changeCycle=0,cur_changeCycle=0,to_view=2969
info|2019-12-14 05:20:25.238781|[g:1][CONSENSUS][SEALER]++++++++++++++++ Generating seal on,blkNum=476,tx=0,nodeIdx=0,hash=78a8e0dd...
info|2019-12-14 05:20:25.240146|[g:1][CONSENSUS][PBFT]checkTimeout Succ,view=2969,toView=2970,nodeIdx=0,changeCycle=0,myNode=5f8c8907...,timecost=0.794
info|2019-12-14 05:20:25.246303|[g:1][CONSENSUS][PBFT]checkAndChangeView: Reach consensus,org_view=2969,org_changeCycle=0,cur_changeCycle=0,to_view=2970
info|2019-12-14 05:20:26.248795|[g:1][CONSENSUS]addRawPrepare,height=476,reqIdx=1,hash=d7c962f0...
info|2019-12-14 05:20:26.251400|[g:1][CONSENSUS][PBFT]checkTimeout Succ,view=2970,toView=2971,nodeIdx=0,changeCycle=0,myNode=5f8c8907...,timecost=2.005
info|2019-12-14 05:20:26.254309|[g:1][CONSENSUS][PBFT]checkAndChangeView: Reach consensus,org_view=2970,org_changeCycle=0,cur_changeCycle=0,to_view=2971
info|2019-12-14 05:20:27.035532|[P2P][Service] heartBeat,connected count=3
info|2019-12-14 05:20:27.259277|[g:1][CONSENSUS]addRawPrepare,height=476,reqIdx=2,hash=eda31e7a...
info|2019-12-14 05:20:27.260474|[g:1][CONSENSUS][PBFT]checkTimeout Succ,view=2971,toView=2972,nodeIdx=0,changeCycle=0,myNode=5f8c8907...,timecost=0.969
info|2019-12-14 05:20:27.266889|[g:1][CONSENSUS][PBFT]checkAndChangeView: Reach consensus,org_view=2971,org_changeCycle=0,cur_changeCycle=0,to_view=2972
info|2019-12-14 05:20:28.269992|[g:1][CONSENSUS]addRawPrepare,height=476,reqIdx=3,hash=cfbbeb95...
info|2019-12-14 05:20:28.271249|[g:1][CONSENSUS][PBFT]checkTimeout Succ,view=2972,toView=2973,nodeIdx=0,changeCycle=0,myNode=5f8c8907...,timecost=1.038
info|2019-12-14 05:20:28.275726|[g:1][CONSENSUS][PBFT]checkAndChangeView: Reach consensus,org_view=2972,org_changeCycle=0,cur_changeCycle=0,to_view=2973
info|2019-12-14 05:20:29.275869|[g:1][CONSENSUS][SEALER]++++++++++++++++ Generating seal on,blkNum=476,tx=0,nodeIdx=0,hash=59fbb2a4...
info|2019-12-14 05:20:29.277087|[g:1][CONSENSUS][PBFT]checkTimeout Succ,view=2973,toView=2974,nodeIdx=0,changeCycle=0,myNode=5f8c8907...,timecost=0.67
info|2019-12-14 05:20:29.282142|[g:1][CONSENSUS][PBFT]checkAndChangeView: Reach consensus,org_view=2973,org_changeCycle=0,cur_changeCycle=0,to_view=2974
info|2019-12-14 05:20:30.283152|[g:1][CONSENSUS]addRawPrepare,height=476,reqIdx=1,hash=f0edb312...
info|2019-12-14 05:20:30.284958|[g:1][CONSENSUS][PBFT]checkTimeout Succ,view=2974,toView=2975,nodeIdx=0,changeCycle=0,myNode=5f8c8907...,timecost=1.22
info|2019-12-14 05:20:30.287951|[g:1][CONSENSUS][PBFT]checkAndChangeView: Reach consensus,org_view=2974,org_changeCycle=0,cur_changeCycle=0,to_view=2975
info|2019-12-14 05:20:31.292227|[g:1][CONSENSUS]addRawPrepare,height=476,reqIdx=2,hash=663e4e6a...
info|2019-12-14 05:20:31.293069|[g:1][CONSENSUS][PBFT]checkTimeout Succ,view=2975,toView=2976,nodeIdx=0,changeCycle=0,myNode=5f8c8907...,timecost=0.598
info|2019-12-14 05:20:31.296514|[g:1][CONSENSUS][PBFT]checkAndChangeView: Reach consensus,org_view=2975,org_changeCycle=0,cur_changeCycle=0,to_view=2976
info|2019-12-14 05:20:32.300208|[g:1][CONSENSUS]addRawPrepare,height=476,reqIdx=3,hash=205d7655...
info|2019-12-14 05:20:32.304264|[g:1][CONSENSUS][PBFT]checkTimeout Succ,view=2976,toView=2977,nodeIdx=0,changeCycle=0,myNode=5f8c8907...,timecost=3.697
info|2019-12-14 05:20:32.307967|[g:1][CONSENSUS][PBFT]checkAndChangeView: Reach consensus,org_view=2976,org_changeCycle=0,cur_changeCycle=0,to_view=2977
info|2019-12-14 05:20:33.309026|[g:1][CONSENSUS][SEALER]++++++++++++++++ Generating seal on,blkNum=476,tx=0,nodeIdx=0,hash=6ad2a1bf...
info|2019-12-14 05:20:33.315719|[g:1][CONSENSUS][PBFT]checkTimeout Succ,view=2977,toView=2978,nodeIdx=0,changeCycle=0,myNode=5f8c8907...,timecost=0.91
info|2019-12-14 05:20:33.316949|[g:1][CONSENSUS][PBFT]checkAndChangeView: Reach consensus,org_view=2977,org_changeCycle=0,cur_changeCycle=0,to_view=2978
info|2019-12-14 05:20:34.318565|[g:1][CONSENSUS]addRawPrepare,height=476,reqIdx=1,hash=1e315c25...
info|2019-12-14 05:20:34.321151|[g:1][CONSENSUS][PBFT]checkTimeout Succ,view=2978,toView=2979,nodeIdx=0,changeCycle=0,myNode=5f8c8907...,timecost=2.338
info|2019-12-14 05:20:34.323994|[g:1][CONSENSUS][PBFT]checkAndChangeView: Reach consensus,org_view=2978,org_changeCycle=0,cur_changeCycle=0,to_view=2979
info|2019-12-14 05:20:35.326279|[g:1][CONSENSUS]addRawPrepare,height=476,reqIdx=2,hash=2b90e16a...
info|2019-12-14 05:20:35.327431|[g:1][CONSENSUS][PBFT]checkTimeout Succ,view=2979,toView=2980,nodeIdx=0,changeCycle=0,myNode=5f8c8907...,timecost=0.901
info|2019-12-14 05:20:35.331678|[g:1][CONSENSUS][PBFT]checkAndChangeView: Reach consensus,org_view=2979,org_changeCycle=0,cur_changeCycle=0,to_view=2980
info|2019-12-14 05:20:36.333689|[g:1][CONSENSUS]addRawPrepare,height=476,reqIdx=3,hash=22d6109f...
info|2019-12-14 05:20:36.335021|[g:1][CONSENSUS][PBFT]checkTimeout Succ,view=2980,toView=2981,nodeIdx=0,changeCycle=0,myNode=5f8c8907...,timecost=0.984
info|2019-12-14 05:20:36.337940|[g:1][CONSENSUS][PBFT]checkAndChangeView: Reach consensus,org_view=2980,org_changeCycle=0,cur_changeCycle=0,to_view=2981
info|2019-12-14 05:20:37.040472|[P2P][Service] heartBeat,connected count=3
info|2019-12-14 05:20:37.337577|[g:1][CONSENSUS][SEALER]++++++++++++++++ Generating seal on,blkNum=476,tx=0,nodeIdx=0,hash=1621c509...
info|2019-12-14 05:20:37.339077|[g:1][CONSENSUS][PBFT]checkTimeout Succ,view=2981,toView=2982,nodeIdx=0,changeCycle=0,myNode=5f8c8907...,timecost=0.975
info|2019-12-14 05:20:37.345348|[g:1][CONSENSUS][PBFT]checkAndChangeView: Reach consensus,org_view=2981,org_changeCycle=0,cur_changeCycle=0,to_view=2982
info|2019-12-14 05:20:38.345664|[g:1][CONSENSUS]addRawPrepare,height=476,reqIdx=1,hash=9c64916d...
info|2019-12-14 05:20:38.346317|[g:1][CONSENSUS][PBFT]checkTimeout Succ,view=2982,toView=2983,nodeIdx=0,changeCycle=0,myNode=5f8c8907...,timecost=0.374
info|2019-12-14 05:20:38.348238|[g:1][CONSENSUS][PBFT]checkAndChangeView: Reach consensus,org_view=2982,org_changeCycle=0,cur_changeCycle=0,to_view=2983
info|2019-12-14 05:20:39.350542|[g:1][CONSENSUS]addRawPrepare,height=476,reqIdx=2,hash=bb014628...
info|2019-12-14 05:20:39.358319|[g:1][CONSENSUS][PBFT]checkTimeout Succ,view=2983,toView=2984,nodeIdx=0,changeCycle=0,myNode=5f8c8907...,timecost=7.553
info|2019-12-14 05:20:39.360527|[g:1][CONSENSUS][PBFT]checkAndChangeView: Reach consensus,org_view=2983,org_changeCycle=0,cur_changeCycle=0,to_view=2984
info|2019-12-14 05:20:40.360135|[g:1][CONSENSUS]addRawPrepare,height=476,reqIdx=3,hash=8432c637...
info|2019-12-14 05:20:40.361145|[g:1][CONSENSUS][PBFT]checkTimeout Succ,view=2984,toView=2985,nodeIdx=0,changeCycle=0,myNode=5f8c8907...,timecost=0.798
info|2019-12-14 05:20:40.366424|[g:1][CONSENSUS][PBFT]checkAndChangeView: Reach consensus,org_view=2984,org_changeCycle=0,cur_changeCycle=0,to_view=2985
info|2019-12-14 05:20:41.366566|[g:1][CONSENSUS][SEALER]++++++++++++++++ Generating seal on,blkNum=476,tx=0,nodeIdx=0,hash=76c80888...
info|2019-12-14 05:20:41.367903|[g:1][CONSENSUS][PBFT]checkTimeout Succ,view=2985,toView=2986,nodeIdx=0,changeCycle=0,myNode=5f8c8907...,timecost=0.791
info|2019-12-14 05:20:41.373379|[g:1][CONSENSUS][PBFT]checkAndChangeView: Reach consensus,org_view=2985,org_changeCycle=0,cur_changeCycle=0,to_view=2986
info|2019-12-14 05:20:42.379092|[g:1][CONSENSUS]addRawPrepare,height=476,reqIdx=1,hash=a161a969...
info|2019-12-14 05:20:42.385127|[g:1][CONSENSUS][PBFT]checkTimeout Succ,view=2986,toView=2987,nodeIdx=0,changeCycle=0,myNode=5f8c8907...,timecost=5.67
info|2019-12-14 05:20:42.386839|[g:1][CONSENSUS][PBFT]checkAndChangeView: Reach consensus,org_view=2986,org_changeCycle=0,cur_changeCycle=0,to_view=2987
info|2019-12-14 05:20:43.387360|[g:1][CONSENSUS]addRawPrepare,height=476,reqIdx=2,hash=18d2729f...
info|2019-12-14 05:20:43.389758|[g:1][CONSENSUS][PBFT]checkTimeout Succ,view=2987,toView=2988,nodeIdx=0,changeCycle=0,myNode=5f8c8907...,timecost=2.003
info|2019-12-14 05:20:43.391511|[g:1][CONSENSUS][PBFT]checkAndChangeView: Reach consensus,org_view=2987,org_changeCycle=0,cur_changeCycle=0,to_view=2988
info|2019-12-14 05:20:44.393636|[g:1][CONSENSUS]addRawPrepare,height=476,reqIdx=3,hash=3d09e803...
info|2019-12-14 05:20:44.394770|[g:1][CONSENSUS][PBFT]checkTimeout Succ,view=2988,toView=2989,nodeIdx=0,changeCycle=0,myNode=5f8c8907...,timecost=0.887
info|2019-12-14 05:20:44.397909|[g:1][CONSENSUS][PBFT]checkAndChangeView: Reach consensus,org_view=2988,org_changeCycle=0,cur_changeCycle=0,to_view=2989
info|2019-12-14 05:20:45.397204|[g:1][CONSENSUS][SEALER]++++++++++++++++ Generating seal on,blkNum=476,tx=0,nodeIdx=0,hash=7fc0ffb5...
info|2019-12-14 05:20:45.403768|[g:1][CONSENSUS][PBFT]checkTimeout Succ,view=2989,toView=2990,nodeIdx=0,changeCycle=0,myNode=5f8c8907...,timecost=0.921
info|2019-12-14 05:20:45.404988|[g:1][CONSENSUS][PBFT]checkAndChangeView: Reach consensus,org_view=2989,org_changeCycle=0,cur_changeCycle=0,to_view=2990
info|2019-12-14 05:20:46.406821|[g:1][CONSENSUS]addRawPrepare,height=476,reqIdx=1,hash=c0144e3c...
info|2019-12-14 05:20:46.408040|[g:1][CONSENSUS][PBFT]checkTimeout Succ,view=2990,toView=2991,nodeIdx=0,changeCycle=0,myNode=5f8c8907...,timecost=0.925
info|2019-12-14 05:20:46.412406|[g:1][CONSENSUS][PBFT]checkAndChangeView: Reach consensus,org_view=2990,org_changeCycle=0,cur_changeCycle=0,to_view=2991
info|2019-12-14 05:20:47.046627|[P2P][Service] heartBeat,connected count=3
info|2019-12-14 05:20:47.415343|[g:1][CONSENSUS]addRawPrepare,height=476,reqIdx=2,hash=b3b08b37...
info|2019-12-14 05:20:47.416273|[g:1][CONSENSUS][PBFT]checkTimeout Succ,view=2991,toView=2992,nodeIdx=0,changeCycle=0,myNode=5f8c8907...,timecost=0.708
info|2019-12-14 05:20:47.419150|[g:1][CONSENSUS][PBFT]checkAndChangeView: Reach consensus,org_view=2991,org_changeCycle=0,cur_changeCycle=0,to_view=2992
info|2019-12-14 05:20:48.423424|[g:1][CONSENSUS]addRawPrepare,height=476,reqIdx=3,hash=fee6e78b...
info|2019-12-14 05:20:48.425644|[g:1][CONSENSUS][PBFT]checkTimeout Succ,view=2992,toView=2993,nodeIdx=0,changeCycle=0,myNode=5f8c8907...,timecost=1.967
info|2019-12-14 05:20:48.428472|[g:1][CONSENSUS][PBFT]checkAndChangeView: Reach consensus,org_view=2992,org_changeCycle=0,cur_changeCycle=0,to_view=2993
