warning|2019-12-12 01:02:42.022179|[g:1][CONSENSUS][PBFT]ViewChangeWarning: not caused by omit empty block ,v=2024,toV=2025,curNum=11,hash=9b39b6b9...,nodeIdx=0,myNode=5f8c8907...
info|2019-12-12 01:02:42.024302|[P2P][Service] heartBeat,connected count=3
info|2019-12-12 01:02:42.024353|[g:1][CONSENSUS][PBFT]checkTimeout Succ,view=2024,toView=2025,nodeIdx=0,changeCycle=1,myNode=5f8c8907...,timecost=7.564
info|2019-12-12 01:02:42.028468|[g:1][CONSENSUS][PBFT]checkAndChangeView: Reach consensus,org_view=2024,org_changeCycle=1,cur_changeCycle=1,to_view=2025
info|2019-12-12 01:02:43.028450|[g:1][CONSENSUS][SEALER]++++++++++++++++ Generating seal on,blkNum=12,tx=0,nodeIdx=0,hash=5b505073...
info|2019-12-12 01:02:43.029724|[g:1][CONSENSUS][PBFT]checkTimeout Succ,view=2025,toView=2026,nodeIdx=0,changeCycle=0,myNode=5f8c8907...,timecost=0.838
info|2019-12-12 01:02:43.032063|[g:1][CONSENSUS][PBFT]checkAndChangeView: Reach consensus,org_view=2025,org_changeCycle=0,cur_changeCycle=0,to_view=2026
warning|2019-12-12 01:02:42.736709|[g:1][CONSENSUS][PBFT]ViewChangeWarning: not caused by omit empty block ,v=2026,toV=2027,curNum=11,hash=9b39b6b9...,nodeIdx=0,myNode=5f8c8907...
info|2019-12-12 01:02:42.737306|[g:1][CONSENSUS][PBFT]checkTimeout Succ,view=2026,toView=2027,nodeIdx=0,changeCycle=1,myNode=5f8c8907...,timecost=1.731
info|2019-12-12 01:02:42.741888|[g:1][CONSENSUS][PBFT]checkAndChangeView: Reach consensus,org_view=2026,org_changeCycle=1,cur_changeCycle=1,to_view=2027
info|2019-12-12 01:02:43.743946|[g:1][CONSENSUS]addRawPrepare,height=12,reqIdx=2,hash=a731bf64...
info|2019-12-12 01:02:43.745071|[g:1][CONSENSUS][PBFT]checkTimeout Succ,view=2027,toView=2028,nodeIdx=0,changeCycle=0,myNode=5f8c8907...,timecost=0.866
info|2019-12-12 01:02:43.750244|[g:1][CONSENSUS][PBFT]checkAndChangeView: Reach consensus,org_view=2027,org_changeCycle=0,cur_changeCycle=0,to_view=2028
info|2019-12-12 01:02:44.754223|[g:1][CONSENSUS]addRawPrepare,height=12,reqIdx=3,hash=5f56e49c...
info|2019-12-12 01:02:44.755323|[g:1][CONSENSUS][PBFT]checkTimeout Succ,view=2028,toView=2029,nodeIdx=0,changeCycle=0,myNode=5f8c8907...,timecost=0.888
info|2019-12-12 01:02:44.761374|[g:1][CONSENSUS][PBFT]checkAndChangeView: Reach consensus,org_view=2028,org_changeCycle=0,cur_changeCycle=0,to_view=2029
info|2019-12-12 01:02:45.762410|[g:1][CONSENSUS][SEALER]++++++++++++++++ Generating seal on,blkNum=12,tx=0,nodeIdx=0,hash=a6c86f8f...
info|2019-12-12 01:02:45.767181|[g:1][CONSENSUS][PBFT]checkTimeout Succ,view=2029,toView=2030,nodeIdx=0,changeCycle=0,myNode=5f8c8907...,timecost=0.554
info|2019-12-12 01:02:45.768007|[g:1][CONSENSUS][PBFT]checkAndChangeView: Reach consensus,org_view=2029,org_changeCycle=0,cur_changeCycle=0,to_view=2030
info|2019-12-12 01:02:46.771338|[g:1][CONSENSUS]addRawPrepare,height=12,reqIdx=1,hash=15280d7b...
info|2019-12-12 01:02:46.772797|[g:1][CONSENSUS][PBFT]checkTimeout Succ,view=2030,toView=2031,nodeIdx=0,changeCycle=0,myNode=5f8c8907...,timecost=0.845
info|2019-12-12 01:02:46.776344|[g:1][CONSENSUS][PBFT]checkAndChangeView: Reach consensus,org_view=2030,org_changeCycle=0,cur_changeCycle=0,to_view=2031
info|2019-12-12 01:02:47.779024|[g:1][CONSENSUS]addRawPrepare,height=12,reqIdx=2,hash=85408036...
info|2019-12-12 01:02:47.780519|[g:1][CONSENSUS][PBFT]checkTimeout Succ,view=2031,toView=2032,nodeIdx=0,changeCycle=0,myNode=5f8c8907...,timecost=1.304
info|2019-12-12 01:02:47.782434|[g:1][CONSENSUS][PBFT]checkAndChangeView: Reach consensus,org_view=2031,org_changeCycle=0,cur_changeCycle=0,to_view=2032
info|2019-12-12 01:02:48.783571|[g:1][CONSENSUS]addRawPrepare,height=12,reqIdx=3,hash=cad4e27b...
info|2019-12-12 01:02:48.784595|[g:1][CONSENSUS][PBFT]checkTimeout Succ,view=2032,toView=2033,nodeIdx=0,changeCycle=0,myNode=5f8c8907...,timecost=0.795
info|2019-12-12 01:02:48.788954|[g:1][CONSENSUS][PBFT]checkAndChangeView: Reach consensus,org_view=2032,org_changeCycle=0,cur_changeCycle=0,to_view=2033
info|2019-12-12 01:02:49.790304|[g:1][CONSENSUS][SEALER]++++++++++++++++ Generating seal on,blkNum=12,tx=0,nodeIdx=0,hash=e988dffb...
info|2019-12-12 01:02:49.796374|[g:1][CONSENSUS][PBFT]checkTimeout Succ,view=2033,toView=2034,nodeIdx=0,changeCycle=0,myNode=5f8c8907...,timecost=0.767
info|2019-12-12 01:02:49.798843|[g:1][CONSENSUS][PBFT]checkAndChangeView: Reach consensus,org_view=2033,org_changeCycle=0,cur_changeCycle=0,to_view=2034
info|2019-12-12 01:02:50.801402|[g:1][CONSENSUS]addRawPrepare,height=12,reqIdx=1,hash=46b5de0a...
info|2019-12-12 01:02:50.802220|[g:1][CONSENSUS][PBFT]checkTimeout Succ,view=2034,toView=2035,nodeIdx=0,changeCycle=0,myNode=5f8c8907...,timecost=0.502
info|2019-12-12 01:02:50.806005|[g:1][CONSENSUS][PBFT]checkAndChangeView: Reach consensus,org_view=2034,org_changeCycle=0,cur_changeCycle=0,to_view=2035
info|2019-12-12 01:02:51.806928|[g:1][CONSENSUS]addRawPrepare,height=12,reqIdx=2,hash=c8340c66...
info|2019-12-12 01:02:51.808076|[g:1][CONSENSUS][PBFT]checkTimeout Succ,view=2035,toView=2036,nodeIdx=0,changeCycle=0,myNode=5f8c8907...,timecost=0.874
info|2019-12-12 01:02:51.811865|[g:1][CONSENSUS][PBFT]checkAndChangeView: Reach consensus,org_view=2035,org_changeCycle=0,cur_changeCycle=0,to_view=2036
info|2019-12-12 01:02:52.025158|[P2P][Service] heartBeat,connected count=3
info|2019-12-12 01:02:52.814298|[g:1][CONSENSUS]addRawPrepare,height=12,reqIdx=3,hash=5e4b262c...
info|2019-12-12 01:02:52.815548|[g:1][CONSENSUS][PBFT]checkTimeout Succ,view=2036,toView=2037,nodeIdx=0,changeCycle=0,myNode=5f8c8907...,timecost=0.805
info|2019-12-12 01:02:52.817619|[g:1][CONSENSUS][PBFT]checkAndChangeView: Reach consensus,org_view=2036,org_changeCycle=0,cur_changeCycle=0,to_view=2037
info|2019-12-12 01:02:53.818436|[g:1][CONSENSUS][SEALER]++++++++++++++++ Generating seal on,blkNum=12,tx=0,nodeIdx=0,hash=a485a546...
info|2019-12-12 01:02:53.821858|[g:1][CONSENSUS][PBFT]checkTimeout Succ,view=2037,toView=2038,nodeIdx=0,changeCycle=0,myNode=5f8c8907...,timecost=0.363
info|2019-12-12 01:02:53.823108|[g:1][CONSENSUS][PBFT]checkAndChangeView: Reach consensus,org_view=2037,org_changeCycle=0,cur_changeCycle=0,to_view=2038
info|2019-12-12 01:02:54.828583|[g:1][CONSENSUS]addRawPrepare,height=12,reqIdx=1,hash=334dbddd...
info|2019-12-12 01:02:54.829129|[g:1][CONSENSUS][PBFT]checkTimeout Succ,view=2038,toView=2039,nodeIdx=0,changeCycle=0,myNode=5f8c8907...,timecost=0.389
info|2019-12-12 01:02:54.833007|[g:1][CONSENSUS][PBFT]checkAndChangeView: Reach consensus,org_view=2038,org_changeCycle=0,cur_changeCycle=0,to_view=2039
info|2019-12-12 01:02:55.836207|[g:1][CONSENSUS]addRawPrepare,height=12,reqIdx=2,hash=16cb8ee1...
info|2019-12-12 01:02:55.839074|[g:1][CONSENSUS][PBFT]checkTimeout Succ,view=2039,toView=2040,nodeIdx=0,changeCycle=0,myNode=5f8c8907...,timecost=2.557
info|2019-12-12 01:02:55.840888|[g:1][CONSENSUS][PBFT]checkAndChangeView: Reach consensus,org_view=2039,org_changeCycle=0,cur_changeCycle=0,to_view=2040
info|2019-12-12 01:02:56.841889|[g:1][CONSENSUS]addRawPrepare,height=12,reqIdx=3,hash=57ef9475...
info|2019-12-12 01:02:56.846605|[g:1][CONSENSUS][PBFT]checkTimeout Succ,view=2040,toView=2041,nodeIdx=0,changeCycle=0,myNode=5f8c8907...,timecost=4.422
info|2019-12-12 01:02:56.848597|[g:1][CONSENSUS][PBFT]checkAndChangeView: Reach consensus,org_view=2040,org_changeCycle=0,cur_changeCycle=0,to_view=2041
info|2019-12-12 01:02:57.849508|[g:1][CONSENSUS][SEALER]++++++++++++++++ Generating seal on,blkNum=12,tx=0,nodeIdx=0,hash=bc2b24ba...
info|2019-12-12 01:02:57.851113|[g:1][CONSENSUS][PBFT]checkTimeout Succ,view=2041,toView=2042,nodeIdx=0,changeCycle=0,myNode=5f8c8907...,timecost=0.7
info|2019-12-12 01:02:57.855378|[g:1][CONSENSUS][PBFT]checkAndChangeView: Reach consensus,org_view=2041,org_changeCycle=0,cur_changeCycle=0,to_view=2042
info|2019-12-12 01:02:58.856639|[g:1][CONSENSUS]addRawPrepare,height=12,reqIdx=1,hash=f6fc8791...
info|2019-12-12 01:02:58.857139|[g:1][CONSENSUS][PBFT]checkTimeout Succ,view=2042,toView=2043,nodeIdx=0,changeCycle=0,myNode=5f8c8907...,timecost=0.367
info|2019-12-12 01:02:58.859277|[g:1][CONSENSUS][PBFT]checkAndChangeView: Reach consensus,org_view=2042,org_changeCycle=0,cur_changeCycle=0,to_view=2043
info|2019-12-12 01:02:59.860751|[g:1][CONSENSUS]addRawPrepare,height=12,reqIdx=2,hash=188e024c...
info|2019-12-12 01:02:59.861249|[g:1][CONSENSUS][PBFT]checkTimeout Succ,view=2043,toView=2044,nodeIdx=0,changeCycle=0,myNode=5f8c8907...,timecost=0.369
info|2019-12-12 01:02:59.863618|[g:1][CONSENSUS][PBFT]checkAndChangeView: Reach consensus,org_view=2043,org_changeCycle=0,cur_changeCycle=0,to_view=2044
info|2019-12-12 01:03:00.865879|[g:1][CONSENSUS]addRawPrepare,height=12,reqIdx=3,hash=e9686406...
info|2019-12-12 01:03:00.866476|[g:1][CONSENSUS][PBFT]checkTimeout Succ,view=2044,toView=2045,nodeIdx=0,changeCycle=0,myNode=5f8c8907...,timecost=0.383
info|2019-12-12 01:03:00.868878|[g:1][CONSENSUS][PBFT]checkAndChangeView: Reach consensus,org_view=2044,org_changeCycle=0,cur_changeCycle=0,to_view=2045
info|2019-12-12 01:03:01.868371|[g:1][CONSENSUS][SEALER]++++++++++++++++ Generating seal on,blkNum=12,tx=0,nodeIdx=0,hash=2d2732f6...
info|2019-12-12 01:03:01.870121|[g:1][CONSENSUS][PBFT]checkTimeout Succ,view=2045,toView=2046,nodeIdx=0,changeCycle=0,myNode=5f8c8907...,timecost=1.145
info|2019-12-12 01:03:01.874666|[g:1][CONSENSUS][PBFT]checkAndChangeView: Reach consensus,org_view=2045,org_changeCycle=0,cur_changeCycle=0,to_view=2046
info|2019-12-12 01:03:02.029226|[P2P][Service] heartBeat,connected count=3
info|2019-12-12 01:03:02.879102|[g:1][CONSENSUS]addRawPrepare,height=12,reqIdx=1,hash=8ea00190...
info|2019-12-12 01:03:02.881577|[g:1][CONSENSUS][PBFT]checkTimeout Succ,view=2046,toView=2047,nodeIdx=0,changeCycle=0,myNode=5f8c8907...,timecost=2.161
info|2019-12-12 01:03:02.883904|[g:1][CONSENSUS][PBFT]checkAndChangeView: Reach consensus,org_view=2046,org_changeCycle=0,cur_changeCycle=0,to_view=2047
info|2019-12-12 01:03:03.884781|[g:1][CONSENSUS]addRawPrepare,height=12,reqIdx=2,hash=cde26bf2...
info|2019-12-12 01:03:03.885791|[g:1][CONSENSUS][PBFT]checkTimeout Succ,view=2047,toView=2048,nodeIdx=0,changeCycle=0,myNode=5f8c8907...,timecost=0.846
info|2019-12-12 01:03:03.887710|[g:1][CONSENSUS][PBFT]checkAndChangeView: Reach consensus,org_view=2047,org_changeCycle=0,cur_changeCycle=0,to_view=2048
info|2019-12-12 01:03:04.889522|[g:1][CONSENSUS]addRawPrepare,height=12,reqIdx=3,hash=7017956c...
info|2019-12-12 01:03:04.890380|[g:1][CONSENSUS][PBFT]checkTimeout Succ,view=2048,toView=2049,nodeIdx=0,changeCycle=0,myNode=5f8c8907...,timecost=0.527
info|2019-12-12 01:03:04.892098|[g:1][CONSENSUS][PBFT]checkAndChangeView: Reach consensus,org_view=2048,org_changeCycle=0,cur_changeCycle=0,to_view=2049
info|2019-12-12 01:03:05.892516|[g:1][CONSENSUS][SEALER]++++++++++++++++ Generating seal on,blkNum=12,tx=0,nodeIdx=0,hash=01c4c765...
info|2019-12-12 01:03:05.893600|[g:1][CONSENSUS][PBFT]checkTimeout Succ,view=2049,toView=2050,nodeIdx=0,changeCycle=0,myNode=5f8c8907...,timecost=0.587
info|2019-12-12 01:03:05.896890|[g:1][CONSENSUS][PBFT]checkAndChangeView: Reach consensus,org_view=2049,org_changeCycle=0,cur_changeCycle=0,to_view=2050
info|2019-12-12 01:03:06.899254|[g:1][CONSENSUS]addRawPrepare,height=12,reqIdx=1,hash=6ee98bed...
info|2019-12-12 01:03:06.900053|[g:1][CONSENSUS][PBFT]checkTimeout Succ,view=2050,toView=2051,nodeIdx=0,changeCycle=0,myNode=5f8c8907...,timecost=0.612
info|2019-12-12 01:03:06.903423|[g:1][CONSENSUS][PBFT]checkAndChangeView: Reach consensus,org_view=2050,org_changeCycle=0,cur_changeCycle=0,to_view=2051
info|2019-12-12 01:03:07.904872|[g:1][CONSENSUS]addRawPrepare,height=12,reqIdx=2,hash=61e16690...
info|2019-12-12 01:03:07.907022|[g:1][CONSENSUS][PBFT]checkTimeout Succ,view=2051,toView=2052,nodeIdx=0,changeCycle=0,myNode=5f8c8907...,timecost=1.93
info|2019-12-12 01:03:07.909635|[g:1][CONSENSUS][PBFT]checkAndChangeView: Reach consensus,org_view=2051,org_changeCycle=0,cur_changeCycle=0,to_view=2052
info|2019-12-12 01:03:08.910823|[g:1][CONSENSUS]addRawPrepare,height=12,reqIdx=3,hash=77298f46...
info|2019-12-12 01:03:08.912021|[g:1][CONSENSUS][PBFT]checkTimeout Succ,view=2052,toView=2053,nodeIdx=0,changeCycle=0,myNode=5f8c8907...,timecost=0.871
info|2019-12-12 01:03:08.914808|[g:1][CONSENSUS][PBFT]checkAndChangeView: Reach consensus,org_view=2052,org_changeCycle=0,cur_changeCycle=0,to_view=2053
info|2019-12-12 01:03:09.915108|[g:1][CONSENSUS][SEALER]++++++++++++++++ Generating seal on,blkNum=12,tx=0,nodeIdx=0,hash=b9d0339e...
info|2019-12-12 01:03:09.916279|[g:1][CONSENSUS][PBFT]checkTimeout Succ,view=2053,toView=2054,nodeIdx=0,changeCycle=0,myNode=5f8c8907...,timecost=0.716
info|2019-12-12 01:03:09.920391|[g:1][CONSENSUS][PBFT]checkAndChangeView: Reach consensus,org_view=2053,org_changeCycle=0,cur_changeCycle=0,to_view=2054
info|2019-12-12 01:03:10.921436|[g:1][CONSENSUS]addRawPrepare,height=12,reqIdx=1,hash=22670a75...
info|2019-12-12 01:03:10.923890|[g:1][CONSENSUS][PBFT]checkTimeout Succ,view=2054,toView=2055,nodeIdx=0,changeCycle=0,myNode=5f8c8907...,timecost=2.1
info|2019-12-12 01:03:10.925274|[g:1][CONSENSUS][PBFT]checkAndChangeView: Reach consensus,org_view=2054,org_changeCycle=0,cur_changeCycle=0,to_view=2055
info|2019-12-12 01:03:11.924842|[g:1][CONSENSUS]addRawPrepare,height=12,reqIdx=2,hash=53881e6e...
info|2019-12-12 01:03:11.925489|[g:1][CONSENSUS][PBFT]checkTimeout Succ,view=2055,toView=2056,nodeIdx=0,changeCycle=0,myNode=5f8c8907...,timecost=0.455
info|2019-12-12 01:03:11.928221|[g:1][CONSENSUS][PBFT]checkAndChangeView: Reach consensus,org_view=2055,org_changeCycle=0,cur_changeCycle=0,to_view=2056
info|2019-12-12 01:03:12.033937|[P2P][Service] heartBeat,connected count=3
info|2019-12-12 01:03:12.930732|[g:1][CONSENSUS]addRawPrepare,height=12,reqIdx=3,hash=d52da39e...
info|2019-12-12 01:03:12.931705|[g:1][CONSENSUS][PBFT]checkTimeout Succ,view=2056,toView=2057,nodeIdx=0,changeCycle=0,myNode=5f8c8907...,timecost=0.725
info|2019-12-12 01:03:12.934059|[g:1][CONSENSUS][PBFT]checkAndChangeView: Reach consensus,org_view=2056,org_changeCycle=0,cur_changeCycle=0,to_view=2057
info|2019-12-12 01:03:13.934467|[g:1][CONSENSUS][SEALER]++++++++++++++++ Generating seal on,blkNum=12,tx=0,nodeIdx=0,hash=9f3c75af...
info|2019-12-12 01:03:13.936232|[g:1][CONSENSUS][PBFT]checkTimeout Succ,view=2057,toView=2058,nodeIdx=0,changeCycle=0,myNode=5f8c8907...,timecost=1.245
info|2019-12-12 01:03:13.941872|[g:1][CONSENSUS][PBFT]checkAndChangeView: Reach consensus,org_view=2057,org_changeCycle=0,cur_changeCycle=0,to_view=2058
info|2019-12-12 01:03:14.944395|[g:1][CONSENSUS]addRawPrepare,height=12,reqIdx=1,hash=635fc539...
info|2019-12-12 01:03:14.945396|[g:1][CONSENSUS][PBFT]checkTimeout Succ,view=2058,toView=2059,nodeIdx=0,changeCycle=0,myNode=5f8c8907...,timecost=0.791
info|2019-12-12 01:03:14.951296|[g:1][CONSENSUS][PBFT]checkAndChangeView: Reach consensus,org_view=2058,org_changeCycle=0,cur_changeCycle=0,to_view=2059
info|2019-12-12 01:03:15.952663|[g:1][CONSENSUS]addRawPrepare,height=12,reqIdx=2,hash=fdfe963a...
info|2019-12-12 01:03:15.953894|[g:1][CONSENSUS][PBFT]checkTimeout Succ,view=2059,toView=2060,nodeIdx=0,changeCycle=0,myNode=5f8c8907...,timecost=0.992
info|2019-12-12 01:03:15.957269|[g:1][CONSENSUS][PBFT]checkAndChangeView: Reach consensus,org_view=2059,org_changeCycle=0,cur_changeCycle=0,to_view=2060
info|2019-12-12 01:03:16.961388|[g:1][CONSENSUS]addRawPrepare,height=12,reqIdx=3,hash=f87c170e...
info|2019-12-12 01:03:16.962661|[g:1][CONSENSUS][PBFT]checkTimeout Succ,view=2060,toView=2061,nodeIdx=0,changeCycle=0,myNode=5f8c8907...,timecost=0.941
info|2019-12-12 01:03:16.965280|[g:1][CONSENSUS][PBFT]checkAndChangeView: Reach consensus,org_view=2060,org_changeCycle=0,cur_changeCycle=0,to_view=2061
info|2019-12-12 01:03:17.965904|[g:1][CONSENSUS][SEALER]++++++++++++++++ Generating seal on,blkNum=12,tx=0,nodeIdx=0,hash=db243986...
info|2019-12-12 01:03:17.967632|[g:1][CONSENSUS][PBFT]checkTimeout Succ,view=2061,toView=2062,nodeIdx=0,changeCycle=0,myNode=5f8c8907...,timecost=1.196
info|2019-12-12 01:03:17.975130|[g:1][CONSENSUS][PBFT]checkAndChangeView: Reach consensus,org_view=2061,org_changeCycle=0,cur_changeCycle=0,to_view=2062
info|2019-12-12 01:03:18.975413|[g:1][CONSENSUS]addRawPrepare,height=12,reqIdx=1,hash=dc211e41...
info|2019-12-12 01:03:18.976944|[g:1][CONSENSUS][PBFT]checkTimeout Succ,view=2062,toView=2063,nodeIdx=0,changeCycle=0,myNode=5f8c8907...,timecost=1.268
info|2019-12-12 01:03:18.979614|[g:1][CONSENSUS][PBFT]checkAndChangeView: Reach consensus,org_view=2062,org_changeCycle=0,cur_changeCycle=0,to_view=2063
info|2019-12-12 01:03:19.981926|[g:1][CONSENSUS]addRawPrepare,height=12,reqIdx=2,hash=a494aad9...
info|2019-12-12 01:03:19.982992|[g:1][CONSENSUS][PBFT]checkTimeout Succ,view=2063,toView=2064,nodeIdx=0,changeCycle=0,myNode=5f8c8907...,timecost=0.817
info|2019-12-12 01:03:19.986021|[g:1][CONSENSUS][PBFT]checkAndChangeView: Reach consensus,org_view=2063,org_changeCycle=0,cur_changeCycle=0,to_view=2064
info|2019-12-12 01:03:20.989031|[g:1][CONSENSUS]addRawPrepare,height=12,reqIdx=3,hash=db5679a1...
info|2019-12-12 01:03:20.990037|[g:1][CONSENSUS][PBFT]checkTimeout Succ,view=2064,toView=2065,nodeIdx=0,changeCycle=0,myNode=5f8c8907...,timecost=0.794
info|2019-12-12 01:03:20.995796|[g:1][CONSENSUS][PBFT]checkAndChangeView: Reach consensus,org_view=2064,org_changeCycle=0,cur_changeCycle=0,to_view=2065
info|2019-12-12 01:03:21.996814|[g:1][CONSENSUS][SEALER]++++++++++++++++ Generating seal on,blkNum=12,tx=0,nodeIdx=0,hash=e1aa5d6c...
info|2019-12-12 01:03:22.002317|[g:1][CONSENSUS][PBFT]checkTimeout Succ,view=2065,toView=2066,nodeIdx=0,changeCycle=0,myNode=5f8c8907...,timecost=1.021
info|2019-12-12 01:03:22.005726|[g:1][CONSENSUS][PBFT]checkAndChangeView: Reach consensus,org_view=2065,org_changeCycle=0,cur_changeCycle=0,to_view=2066
info|2019-12-12 01:03:22.041613|[P2P][Service] heartBeat,connected count=3
info|2019-12-12 01:03:23.005414|[g:1][CONSENSUS]addRawPrepare,height=12,reqIdx=1,hash=fdaf6218...
info|2019-12-12 01:03:23.006656|[g:1][CONSENSUS][PBFT]checkTimeout Succ,view=2066,toView=2067,nodeIdx=0,changeCycle=0,myNode=5f8c8907...,timecost=1.022
info|2019-12-12 01:03:23.010351|[g:1][CONSENSUS][PBFT]checkAndChangeView: Reach consensus,org_view=2066,org_changeCycle=0,cur_changeCycle=0,to_view=2067
info|2019-12-12 01:03:24.013233|[g:1][CONSENSUS]addRawPrepare,height=12,reqIdx=2,hash=0456db1e...
info|2019-12-12 01:03:24.014514|[g:1][CONSENSUS][PBFT]checkTimeout Succ,view=2067,toView=2068,nodeIdx=0,changeCycle=0,myNode=5f8c8907...,timecost=0.971
info|2019-12-12 01:03:24.018156|[g:1][CONSENSUS][PBFT]checkAndChangeView: Reach consensus,org_view=2067,org_changeCycle=0,cur_changeCycle=0,to_view=2068
info|2019-12-12 01:03:25.022323|[g:1][CONSENSUS]addRawPrepare,height=12,reqIdx=3,hash=8ba0811b...
info|2019-12-12 01:03:25.023504|[g:1][CONSENSUS][PBFT]checkTimeout Succ,view=2068,toView=2069,nodeIdx=0,changeCycle=0,myNode=5f8c8907...,timecost=0.937
info|2019-12-12 01:03:25.028466|[g:1][CONSENSUS][PBFT]checkAndChangeView: Reach consensus,org_view=2068,org_changeCycle=0,cur_changeCycle=0,to_view=2069
info|2019-12-12 01:03:26.028507|[g:1][CONSENSUS][SEALER]++++++++++++++++ Generating seal on,blkNum=12,tx=0,nodeIdx=0,hash=a8daf6c0...
info|2019-12-12 01:03:26.030032|[g:1][CONSENSUS][PBFT]checkTimeout Succ,view=2069,toView=2070,nodeIdx=0,changeCycle=0,myNode=5f8c8907...,timecost=0.853
info|2019-12-12 01:03:26.035747|[g:1][CONSENSUS][PBFT]checkAndChangeView: Reach consensus,org_view=2069,org_changeCycle=0,cur_changeCycle=0,to_view=2070
info|2019-12-12 01:03:27.038866|[g:1][CONSENSUS]addRawPrepare,height=12,reqIdx=1,hash=cd7810d8...
info|2019-12-12 01:03:27.041078|[g:1][CONSENSUS][PBFT]checkTimeout Succ,view=2070,toView=2071,nodeIdx=0,changeCycle=0,myNode=5f8c8907...,timecost=1.893
info|2019-12-12 01:03:27.043669|[g:1][CONSENSUS][PBFT]checkAndChangeView: Reach consensus,org_view=2070,org_changeCycle=0,cur_changeCycle=0,to_view=2071
info|2019-12-12 01:03:28.048763|[g:1][CONSENSUS]addRawPrepare,height=12,reqIdx=2,hash=eaab58d4...
info|2019-12-12 01:03:28.051115|[g:1][CONSENSUS][PBFT]checkTimeout Succ,view=2071,toView=2072,nodeIdx=0,changeCycle=0,myNode=5f8c8907...,timecost=1.934
info|2019-12-12 01:03:28.055900|[g:1][CONSENSUS][PBFT]checkAndChangeView: Reach consensus,org_view=2071,org_changeCycle=0,cur_changeCycle=0,to_view=2072
info|2019-12-12 01:03:29.055722|[g:1][CONSENSUS]addRawPrepare,height=12,reqIdx=3,hash=2379f136...
info|2019-12-12 01:03:29.056570|[g:1][CONSENSUS][PBFT]checkTimeout Succ,view=2072,toView=2073,nodeIdx=0,changeCycle=0,myNode=5f8c8907...,timecost=0.678
info|2019-12-12 01:03:29.058687|[g:1][CONSENSUS][PBFT]checkAndChangeView: Reach consensus,org_view=2072,org_changeCycle=0,cur_changeCycle=0,to_view=2073
info|2019-12-12 01:03:30.058539|[g:1][CONSENSUS][SEALER]++++++++++++++++ Generating seal on,blkNum=12,tx=0,nodeIdx=0,hash=2ba2c554...
info|2019-12-12 01:03:30.065530|[g:1][CONSENSUS][PBFT]checkTimeout Succ,view=2073,toView=2074,nodeIdx=0,changeCycle=0,myNode=5f8c8907...,timecost=3.146
info|2019-12-12 01:03:30.067707|[g:1][CONSENSUS][PBFT]checkAndChangeView: Reach consensus,org_view=2073,org_changeCycle=0,cur_changeCycle=0,to_view=2074
info|2019-12-12 01:03:31.066863|[g:1][CONSENSUS]addRawPrepare,height=12,reqIdx=1,hash=b409e412...
info|2019-12-12 01:03:31.068236|[g:1][CONSENSUS][PBFT]checkTimeout Succ,view=2074,toView=2075,nodeIdx=0,changeCycle=0,myNode=5f8c8907...,timecost=1.11
info|2019-12-12 01:03:31.071990|[g:1][CONSENSUS][PBFT]checkAndChangeView: Reach consensus,org_view=2074,org_changeCycle=0,cur_changeCycle=0,to_view=2075
info|2019-12-12 01:03:32.048013|[P2P][Service] heartBeat,connected count=3
info|2019-12-12 01:03:32.075189|[g:1][CONSENSUS]addRawPrepare,height=12,reqIdx=2,hash=da3a8517...
info|2019-12-12 01:03:32.076110|[g:1][CONSENSUS][PBFT]checkTimeout Succ,view=2075,toView=2076,nodeIdx=0,changeCycle=0,myNode=5f8c8907...,timecost=0.712
info|2019-12-12 01:03:32.079792|[g:1][CONSENSUS][PBFT]checkAndChangeView: Reach consensus,org_view=2075,org_changeCycle=0,cur_changeCycle=0,to_view=2076
info|2019-12-12 01:03:33.080855|[g:1][CONSENSUS]addRawPrepare,height=12,reqIdx=3,hash=4518d108...
info|2019-12-12 01:03:33.081854|[g:1][CONSENSUS][PBFT]checkTimeout Succ,view=2076,toView=2077,nodeIdx=0,changeCycle=0,myNode=5f8c8907...,timecost=0.75
info|2019-12-12 01:03:33.085606|[g:1][CONSENSUS][PBFT]checkAndChangeView: Reach consensus,org_view=2076,org_changeCycle=0,cur_changeCycle=0,to_view=2077
info|2019-12-12 01:03:34.085538|[g:1][CONSENSUS][SEALER]++++++++++++++++ Generating seal on,blkNum=12,tx=0,nodeIdx=0,hash=ba3d6903...
info|2019-12-12 01:03:34.091919|[g:1][CONSENSUS][PBFT]checkTimeout Succ,view=2077,toView=2078,nodeIdx=0,changeCycle=0,myNode=5f8c8907...,timecost=1.341
info|2019-12-12 01:03:34.093479|[g:1][CONSENSUS][PBFT]checkAndChangeView: Reach consensus,org_view=2077,org_changeCycle=0,cur_changeCycle=0,to_view=2078
info|2019-12-12 01:03:35.095057|[g:1][CONSENSUS]addRawPrepare,height=12,reqIdx=1,hash=d1121201...
info|2019-12-12 01:03:35.096413|[g:1][CONSENSUS][PBFT]checkTimeout Succ,view=2078,toView=2079,nodeIdx=0,changeCycle=0,myNode=5f8c8907...,timecost=0.905
info|2019-12-12 01:03:35.099268|[g:1][CONSENSUS][PBFT]checkAndChangeView: Reach consensus,org_view=2078,org_changeCycle=0,cur_changeCycle=0,to_view=2079
info|2019-12-12 01:03:36.102966|[g:1][CONSENSUS]addRawPrepare,height=12,reqIdx=2,hash=71c85e70...
info|2019-12-12 01:03:36.108352|[g:1][CONSENSUS][PBFT]checkTimeout Succ,view=2079,toView=2080,nodeIdx=0,changeCycle=0,myNode=5f8c8907...,timecost=4.881
info|2019-12-12 01:03:36.110104|[g:1][CONSENSUS][PBFT]checkAndChangeView: Reach consensus,org_view=2079,org_changeCycle=0,cur_changeCycle=0,to_view=2080
info|2019-12-12 01:03:37.109234|[g:1][CONSENSUS]addRawPrepare,height=12,reqIdx=3,hash=c937b47a...
info|2019-12-12 01:03:37.110319|[g:1][CONSENSUS][PBFT]checkTimeout Succ,view=2080,toView=2081,nodeIdx=0,changeCycle=0,myNode=5f8c8907...,timecost=0.838
info|2019-12-12 01:03:37.114366|[g:1][CONSENSUS][PBFT]checkAndChangeView: Reach consensus,org_view=2080,org_changeCycle=0,cur_changeCycle=0,to_view=2081
info|2019-12-12 01:03:38.114913|[g:1][CONSENSUS][SEALER]++++++++++++++++ Generating seal on,blkNum=12,tx=0,nodeIdx=0,hash=d8f85f4e...
info|2019-12-12 01:03:38.116369|[g:1][CONSENSUS][PBFT]checkTimeout Succ,view=2081,toView=2082,nodeIdx=0,changeCycle=0,myNode=5f8c8907...,timecost=0.804
info|2019-12-12 01:03:38.122569|[g:1][CONSENSUS][PBFT]checkAndChangeView: Reach consensus,org_view=2081,org_changeCycle=0,cur_changeCycle=0,to_view=2082
info|2019-12-12 01:03:39.124544|[g:1][CONSENSUS]addRawPrepare,height=12,reqIdx=1,hash=a89b2166...
info|2019-12-12 01:03:39.129834|[g:1][CONSENSUS][PBFT]checkTimeout Succ,view=2082,toView=2083,nodeIdx=0,changeCycle=0,myNode=5f8c8907...,timecost=5.067
info|2019-12-12 01:03:39.131585|[g:1][CONSENSUS][PBFT]checkAndChangeView: Reach consensus,org_view=2082,org_changeCycle=0,cur_changeCycle=0,to_view=2083
info|2019-12-12 01:03:40.131198|[g:1][CONSENSUS]addRawPrepare,height=12,reqIdx=2,hash=b25bda75...
info|2019-12-12 01:03:40.132507|[g:1][CONSENSUS][PBFT]checkTimeout Succ,view=2083,toView=2084,nodeIdx=0,changeCycle=0,myNode=5f8c8907...,timecost=1.105
info|2019-12-12 01:03:40.135326|[g:1][CONSENSUS][PBFT]checkAndChangeView: Reach consensus,org_view=2083,org_changeCycle=0,cur_changeCycle=0,to_view=2084
info|2019-12-12 01:03:41.140660|[g:1][CONSENSUS]addRawPrepare,height=12,reqIdx=3,hash=51f88d27...
info|2019-12-12 01:03:41.141900|[g:1][CONSENSUS][PBFT]checkTimeout Succ,view=2084,toView=2085,nodeIdx=0,changeCycle=0,myNode=5f8c8907...,timecost=0.99
info|2019-12-12 01:03:41.146238|[g:1][CONSENSUS][PBFT]checkAndChangeView: Reach consensus,org_view=2084,org_changeCycle=0,cur_changeCycle=0,to_view=2085
info|2019-12-12 01:03:42.055338|[P2P][Service] heartBeat,connected count=3
info|2019-12-12 01:03:42.146427|[g:1][CONSENSUS][SEALER]++++++++++++++++ Generating seal on,blkNum=12,tx=0,nodeIdx=0,hash=a0ee4c8a...
info|2019-12-12 01:03:42.151302|[g:1][CONSENSUS][PBFT]checkTimeout Succ,view=2085,toView=2086,nodeIdx=0,changeCycle=0,myNode=5f8c8907...,timecost=0.778
info|2019-12-12 01:03:42.153845|[g:1][CONSENSUS][PBFT]checkAndChangeView: Reach consensus,org_view=2085,org_changeCycle=0,cur_changeCycle=0,to_view=2086
info|2019-12-12 01:03:43.156058|[g:1][CONSENSUS]addRawPrepare,height=12,reqIdx=1,hash=906fab33...
info|2019-12-12 01:03:43.157024|[g:1][CONSENSUS][PBFT]checkTimeout Succ,view=2086,toView=2087,nodeIdx=0,changeCycle=0,myNode=5f8c8907...,timecost=0.744
info|2019-12-12 01:03:43.161805|[g:1][CONSENSUS][PBFT]checkAndChangeView: Reach consensus,org_view=2086,org_changeCycle=0,cur_changeCycle=0,to_view=2087
info|2019-12-12 01:03:44.164207|[g:1][CONSENSUS]addRawPrepare,height=12,reqIdx=2,hash=1da85c44...
info|2019-12-12 01:03:44.167774|[g:1][CONSENSUS][PBFT]checkTimeout Succ,view=2087,toView=2088,nodeIdx=0,changeCycle=0,myNode=5f8c8907...,timecost=3.232
info|2019-12-12 01:03:44.170857|[g:1][CONSENSUS][PBFT]checkAndChangeView: Reach consensus,org_view=2087,org_changeCycle=0,cur_changeCycle=0,to_view=2088
info|2019-12-12 01:03:45.172317|[g:1][CONSENSUS]addRawPrepare,height=12,reqIdx=3,hash=ab1c921e...
info|2019-12-12 01:03:45.173295|[g:1][CONSENSUS][PBFT]checkTimeout Succ,view=2088,toView=2089,nodeIdx=0,changeCycle=0,myNode=5f8c8907...,timecost=0.764
info|2019-12-12 01:03:45.178164|[g:1][CONSENSUS][PBFT]checkAndChangeView: Reach consensus,org_view=2088,org_changeCycle=0,cur_changeCycle=0,to_view=2089
info|2019-12-12 01:03:46.179667|[g:1][CONSENSUS][SEALER]++++++++++++++++ Generating seal on,blkNum=12,tx=0,nodeIdx=0,hash=59355cbb...
info|2019-12-12 01:03:46.181172|[g:1][CONSENSUS][PBFT]checkTimeout Succ,view=2089,toView=2090,nodeIdx=0,changeCycle=0,myNode=5f8c8907...,timecost=0.955
info|2019-12-12 01:03:46.187127|[g:1][CONSENSUS][PBFT]checkAndChangeView: Reach consensus,org_view=2089,org_changeCycle=0,cur_changeCycle=0,to_view=2090
info|2019-12-12 01:03:47.188347|[g:1][CONSENSUS]addRawPrepare,height=12,reqIdx=1,hash=bf6a55b1...
info|2019-12-12 01:03:47.189872|[g:1][CONSENSUS][PBFT]checkTimeout Succ,view=2090,toView=2091,nodeIdx=0,changeCycle=0,myNode=5f8c8907...,timecost=1.079
info|2019-12-12 01:03:47.193480|[g:1][CONSENSUS][PBFT]checkAndChangeView: Reach consensus,org_view=2090,org_changeCycle=0,cur_changeCycle=0,to_view=2091
info|2019-12-12 01:03:48.196835|[g:1][CONSENSUS]addRawPrepare,height=12,reqIdx=2,hash=f120f0d8...
info|2019-12-12 01:03:48.200004|[g:1][CONSENSUS][PBFT]checkTimeout Succ,view=2091,toView=2092,nodeIdx=0,changeCycle=0,myNode=5f8c8907...,timecost=2.923
info|2019-12-12 01:03:48.203194|[g:1][CONSENSUS][PBFT]checkAndChangeView: Reach consensus,org_view=2091,org_changeCycle=0,cur_changeCycle=0,to_view=2092
info|2019-12-12 01:03:49.203833|[g:1][CONSENSUS]addRawPrepare,height=12,reqIdx=3,hash=c14de057...
info|2019-12-12 01:03:49.205259|[g:1][CONSENSUS][PBFT]checkTimeout Succ,view=2092,toView=2093,nodeIdx=0,changeCycle=0,myNode=5f8c8907...,timecost=0.939
info|2019-12-12 01:03:49.209885|[g:1][CONSENSUS][PBFT]checkAndChangeView: Reach consensus,org_view=2092,org_changeCycle=0,cur_changeCycle=0,to_view=2093
info|2019-12-12 01:03:50.210477|[g:1][CONSENSUS][SEALER]++++++++++++++++ Generating seal on,blkNum=12,tx=0,nodeIdx=0,hash=cc6ec967...
info|2019-12-12 01:03:50.215521|[g:1][CONSENSUS][PBFT]checkTimeout Succ,view=2093,toView=2094,nodeIdx=0,changeCycle=0,myNode=5f8c8907...,timecost=1.069
info|2019-12-12 01:03:50.218096|[g:1][CONSENSUS][PBFT]checkAndChangeView: Reach consensus,org_view=2093,org_changeCycle=0,cur_changeCycle=0,to_view=2094
info|2019-12-12 01:03:51.219900|[g:1][CONSENSUS]addRawPrepare,height=12,reqIdx=1,hash=4e4a85b2...
info|2019-12-12 01:03:51.222495|[g:1][CONSENSUS][PBFT]checkTimeout Succ,view=2094,toView=2095,nodeIdx=0,changeCycle=0,myNode=5f8c8907...,timecost=0.862
info|2019-12-12 01:03:51.225100|[g:1][CONSENSUS][PBFT]checkAndChangeView: Reach consensus,org_view=2094,org_changeCycle=0,cur_changeCycle=0,to_view=2095
info|2019-12-12 01:03:52.060681|[P2P][Service] heartBeat,connected count=3
info|2019-12-12 01:03:52.226680|[g:1][CONSENSUS]addRawPrepare,height=12,reqIdx=2,hash=4de40346...
info|2019-12-12 01:03:52.227940|[g:1][CONSENSUS][PBFT]checkTimeout Succ,view=2095,toView=2096,nodeIdx=0,changeCycle=0,myNode=5f8c8907...,timecost=0.794
info|2019-12-12 01:03:52.231140|[g:1][CONSENSUS][PBFT]checkAndChangeView: Reach consensus,org_view=2095,org_changeCycle=0,cur_changeCycle=0,to_view=2096
info|2019-12-12 01:03:53.235388|[g:1][CONSENSUS]addRawPrepare,height=12,reqIdx=3,hash=a7b608b8...
info|2019-12-12 01:03:53.240781|[g:1][CONSENSUS][PBFT]checkTimeout Succ,view=2096,toView=2097,nodeIdx=0,changeCycle=0,myNode=5f8c8907...,timecost=4.743
info|2019-12-12 01:03:53.242415|[g:1][CONSENSUS][PBFT]checkAndChangeView: Reach consensus,org_view=2096,org_changeCycle=0,cur_changeCycle=0,to_view=2097
info|2019-12-12 01:03:54.243567|[g:1][CONSENSUS][SEALER]++++++++++++++++ Generating seal on,blkNum=12,tx=0,nodeIdx=0,hash=2c1401fa...
info|2019-12-12 01:03:54.248472|[g:1][CONSENSUS][PBFT]checkTimeout Succ,view=2097,toView=2098,nodeIdx=0,changeCycle=0,myNode=5f8c8907...,timecost=0.882
info|2019-12-12 01:03:54.250912|[g:1][CONSENSUS][PBFT]checkAndChangeView: Reach consensus,org_view=2097,org_changeCycle=0,cur_changeCycle=0,to_view=2098
info|2019-12-12 01:03:55.254312|[g:1][CONSENSUS]addRawPrepare,height=12,reqIdx=1,hash=0532fea5...
info|2019-12-12 01:03:55.255815|[g:1][CONSENSUS][PBFT]checkTimeout Succ,view=2098,toView=2099,nodeIdx=0,changeCycle=0,myNode=5f8c8907...,timecost=1.199
info|2019-12-12 01:03:55.260316|[g:1][CONSENSUS][PBFT]checkAndChangeView: Reach consensus,org_view=2098,org_changeCycle=0,cur_changeCycle=0,to_view=2099
