info|2019-12-11 00:00:00.302992|[g:1][CONSENSUS]addRawPrepare,height=1,reqIdx=3,hash=a190f794...
info|2019-12-11 00:00:00.304336|[g:1][CONSENSUS][PBFT]checkTimeout Succ,view=5447,toView=5448,nodeIdx=0,changeCycle=0,myNode=5f8c8907...,timecost=0.577
info|2019-12-11 00:00:00.307160|[g:1][CONSENSUS][PBFT]checkAndChangeView: Reach consensus,org_view=5447,org_changeCycle=0,cur_changeCycle=0,to_view=5448
info|2019-12-11 00:00:01.307653|[g:1][CONSENSUS][SEALER]++++++++++++++++ Generating seal on,blkNum=1,tx=0,nodeIdx=0,hash=ccafe7bd...
info|2019-12-11 00:00:01.308610|[g:1][CONSENSUS][PBFT]checkTimeout Succ,view=5448,toView=5449,nodeIdx=0,changeCycle=0,myNode=5f8c8907...,timecost=0.503
info|2019-12-11 00:00:01.311880|[g:1][CONSENSUS][PBFT]checkAndChangeView: Reach consensus,org_view=5448,org_changeCycle=0,cur_changeCycle=0,to_view=5449
info|2019-12-11 00:00:02.315224|[g:1][CONSENSUS]addRawPrepare,height=1,reqIdx=1,hash=18c9f33a...
info|2019-12-11 00:00:02.318585|[g:1][CONSENSUS][PBFT]checkTimeout Succ,view=5449,toView=5450,nodeIdx=0,changeCycle=0,myNode=5f8c8907...,timecost=2.609
info|2019-12-11 00:00:02.321061|[g:1][CONSENSUS][PBFT]checkAndChangeView: Reach consensus,org_view=5449,org_changeCycle=0,cur_changeCycle=0,to_view=5450
info|2019-12-11 00:00:03.336873|[g:1][CONSENSUS]addRawPrepare,height=1,reqIdx=2,hash=d9f89947...
info|2019-12-11 00:00:03.337507|[g:1][CONSENSUS][PBFT]checkTimeout Succ,view=5450,toView=5451,nodeIdx=0,changeCycle=0,myNode=5f8c8907...,timecost=0.465
info|2019-12-11 00:00:03.351991|[g:1][CONSENSUS][PBFT]checkAndChangeView: Reach consensus,org_view=5450,org_changeCycle=0,cur_changeCycle=0,to_view=5451
info|2019-12-11 00:33:33.015932|[P2P][Service] heartBeat,connected count=3
warning|2019-12-11 00:33:33.017991|[g:1][CONSENSUS][PBFT]ViewChangeWarning: not caused by omit empty block ,v=5451,toV=5452,curNum=0,hash=382ff964...,nodeIdx=0,myNode=5f8c8907...
info|2019-12-11 00:33:33.018161|[g:1][CONSENSUS][PBFT]checkTimeout Succ,view=5451,toView=5452,nodeIdx=0,changeCycle=1,myNode=5f8c8907...,timecost=0.487
info|2019-12-11 00:33:33.026218|[g:1][CONSENSUS][PBFT]checkAndChangeView: Reach consensus,org_view=5451,org_changeCycle=1,cur_changeCycle=1,to_view=5452
info|2019-12-11 00:33:34.026987|[g:1][CONSENSUS][SEALER]++++++++++++++++ Generating seal on,blkNum=1,tx=0,nodeIdx=0,hash=7406a131...
info|2019-12-11 00:33:34.028244|[g:1][CONSENSUS][PBFT]checkTimeout Succ,view=5452,toView=5453,nodeIdx=0,changeCycle=0,myNode=5f8c8907...,timecost=0.581
info|2019-12-11 00:33:34.031711|[g:1][CONSENSUS][PBFT]checkAndChangeView: Reach consensus,org_view=5452,org_changeCycle=0,cur_changeCycle=0,to_view=5453
info|2019-12-11 00:33:35.037660|[g:1][CONSENSUS]addRawPrepare,height=1,reqIdx=1,hash=426cf59c...
info|2019-12-11 00:33:35.038963|[g:1][CONSENSUS][PBFT]checkTimeout Succ,view=5453,toView=5454,nodeIdx=0,changeCycle=0,myNode=5f8c8907...,timecost=0.959
info|2019-12-11 00:33:35.041575|[g:1][CONSENSUS][PBFT]checkAndChangeView: Reach consensus,org_view=5453,org_changeCycle=0,cur_changeCycle=0,to_view=5454
info|2019-12-11 00:33:36.046652|[g:1][CONSENSUS]addRawPrepare,height=1,reqIdx=2,hash=fac69ba8...
info|2019-12-11 00:33:36.048017|[g:1][CONSENSUS][PBFT]checkTimeout Succ,view=5454,toView=5455,nodeIdx=0,changeCycle=0,myNode=5f8c8907...,timecost=1.217
info|2019-12-11 00:33:36.049299|[g:1][CONSENSUS][PBFT]checkAndChangeView: Reach consensus,org_view=5454,org_changeCycle=0,cur_changeCycle=0,to_view=5455
info|2019-12-11 00:33:37.052443|[g:1][CONSENSUS]addRawPrepare,height=1,reqIdx=3,hash=47ebc8bd...
info|2019-12-11 00:33:37.053871|[g:1][CONSENSUS][PBFT]checkTimeout Succ,view=5455,toView=5456,nodeIdx=0,changeCycle=0,myNode=5f8c8907...,timecost=1.106
info|2019-12-11 00:33:37.057098|[g:1][CONSENSUS][PBFT]checkAndChangeView: Reach consensus,org_view=5455,org_changeCycle=0,cur_changeCycle=0,to_view=5456
info|2019-12-11 00:33:38.058408|[g:1][CONSENSUS][SEALER]++++++++++++++++ Generating seal on,blkNum=1,tx=0,nodeIdx=0,hash=251f229c...
info|2019-12-11 00:33:38.064632|[g:1][CONSENSUS][PBFT]checkTimeout Succ,view=5456,toView=5457,nodeIdx=0,changeCycle=0,myNode=5f8c8907...,timecost=0.831
info|2019-12-11 00:33:38.065240|[g:1][CONSENSUS][PBFT]checkAndChangeView: Reach consensus,org_view=5456,org_changeCycle=0,cur_changeCycle=0,to_view=5457
info|2019-12-11 00:33:39.068826|[g:1][CONSENSUS]addRawPrepare,height=1,reqIdx=1,hash=1a6cc9fe...
info|2019-12-11 00:33:39.070487|[g:1][CONSENSUS][PBFT]checkTimeout Succ,view=5457,toView=5458,nodeIdx=0,changeCycle=0,myNode=5f8c8907...,timecost=1.063
info|2019-12-11 00:33:39.073129|[g:1][CONSENSUS][PBFT]checkAndChangeView: Reach consensus,org_view=5457,org_changeCycle=0,cur_changeCycle=0,to_view=5458
info|2019-12-11 00:33:40.075309|[g:1][CONSENSUS]addRawPrepare,height=1,reqIdx=2,hash=d0fb8279...
info|2019-12-11 00:33:40.075895|[g:1][CONSENSUS][PBFT]checkTimeout Succ,view=5458,toView=5459,nodeIdx=0,changeCycle=0,myNode=5f8c8907...,timecost=0.423
info|2019-12-11 00:33:40.077375|[g:1][CONSENSUS][PBFT]checkAndChangeView: Reach consensus,org_view=5458,org_changeCycle=0,cur_changeCycle=0,to_view=5459
info|2019-12-11 00:33:41.079508|[g:1][CONSENSUS]addRawPrepare,height=1,reqIdx=3,hash=171b3614...
info|2019-12-11 00:33:41.081114|[g:1][CONSENSUS][PBFT]checkTimeout Succ,view=5459,toView=5460,nodeIdx=0,changeCycle=0,myNode=5f8c8907...,timecost=1.261
info|2019-12-11 00:33:41.082412|[g:1][CONSENSUS][PBFT]checkAndChangeView: Reach consensus,org_view=5459,org_changeCycle=0,cur_changeCycle=0,to_view=5460
info|2019-12-11 00:33:42.082390|[g:1][CONSENSUS][SEALER]++++++++++++++++ Generating seal on,blkNum=1,tx=0,nodeIdx=0,hash=6e7132f6...
info|2019-12-11 00:33:42.085517|[g:1][CONSENSUS][PBFT]checkTimeout Succ,view=5460,toView=5461,nodeIdx=0,changeCycle=0,myNode=5f8c8907...,timecost=0.413
info|2019-12-11 00:33:42.088537|[g:1][CONSENSUS][PBFT]checkAndChangeView: Reach consensus,org_view=5460,org_changeCycle=0,cur_changeCycle=0,to_view=5461
info|2019-12-11 00:33:43.019521|[P2P][Service] heartBeat,connected count=3
info|2019-12-11 00:33:43.090019|[g:1][CONSENSUS]addRawPrepare,height=1,reqIdx=1,hash=9d7de0fd...
info|2019-12-11 00:33:43.091188|[g:1][CONSENSUS][PBFT]checkTimeout Succ,view=5461,toView=5462,nodeIdx=0,changeCycle=0,myNode=5f8c8907...,timecost=0.947
info|2019-12-11 00:33:43.098754|[g:1][CONSENSUS][PBFT]checkAndChangeView: Reach consensus,org_view=5461,org_changeCycle=0,cur_changeCycle=0,to_view=5462
info|2019-12-11 00:33:44.098410|[g:1][CONSENSUS]addRawPrepare,height=1,reqIdx=2,hash=232c3fde...
info|2019-12-11 00:33:44.100560|[g:1][CONSENSUS][PBFT]checkTimeout Succ,view=5462,toView=5463,nodeIdx=0,changeCycle=0,myNode=5f8c8907...,timecost=1.817
info|2019-12-11 00:33:44.102467|[g:1][CONSENSUS][PBFT]checkAndChangeView: Reach consensus,org_view=5462,org_changeCycle=0,cur_changeCycle=0,to_view=5463
info|2019-12-11 00:33:45.105952|[g:1][CONSENSUS]addRawPrepare,height=1,reqIdx=3,hash=9b7518fc...
info|2019-12-11 00:33:45.107882|[g:1][CONSENSUS][PBFT]checkTimeout Succ,view=5463,toView=5464,nodeIdx=0,changeCycle=0,myNode=5f8c8907...,timecost=1.41
info|2019-12-11 00:33:45.110460|[g:1][CONSENSUS][PBFT]checkAndChangeView: Reach consensus,org_view=5463,org_changeCycle=0,cur_changeCycle=0,to_view=5464
info|2019-12-11 00:33:46.110614|[g:1][CONSENSUS][SEALER]++++++++++++++++ Generating seal on,blkNum=1,tx=0,nodeIdx=0,hash=36b77061...
info|2019-12-11 00:33:46.111463|[g:1][CONSENSUS][PBFT]checkTimeout Succ,view=5464,toView=5465,nodeIdx=0,changeCycle=0,myNode=5f8c8907...,timecost=0.493
info|2019-12-11 00:33:46.113976|[g:1][CONSENSUS][PBFT]checkAndChangeView: Reach consensus,org_view=5464,org_changeCycle=0,cur_changeCycle=0,to_view=5465
info|2019-12-11 00:33:47.118040|[g:1][CONSENSUS]addRawPrepare,height=1,reqIdx=1,hash=fec2a2b1...
info|2019-12-11 00:33:47.119838|[g:1][CONSENSUS][PBFT]checkTimeout Succ,view=5465,toView=5466,nodeIdx=0,changeCycle=0,myNode=5f8c8907...,timecost=1.619
info|2019-12-11 00:33:47.121716|[g:1][CONSENSUS][PBFT]checkAndChangeView: Reach consensus,org_view=5465,org_changeCycle=0,cur_changeCycle=0,to_view=5466
info|2019-12-11 00:33:48.123362|[g:1][CONSENSUS]addRawPrepare,height=1,reqIdx=2,hash=29c186c2...
info|2019-12-11 00:33:48.124710|[g:1][CONSENSUS][PBFT]checkTimeout Succ,view=5466,toView=5467,nodeIdx=0,changeCycle=0,myNode=5f8c8907...,timecost=1.033
info|2019-12-11 00:33:48.131952|[g:1][CONSENSUS][PBFT]checkAndChangeView: Reach consensus,org_view=5466,org_changeCycle=0,cur_changeCycle=0,to_view=5467
info|2019-12-11 00:33:49.133902|[g:1][CONSENSUS]addRawPrepare,height=1,reqIdx=3,hash=6184abdd...
info|2019-12-11 00:33:49.135241|[g:1][CONSENSUS][PBFT]checkTimeout Succ,view=5467,toView=5468,nodeIdx=0,changeCycle=0,myNode=5f8c8907...,timecost=1.077
info|2019-12-11 00:33:49.139244|[g:1][CONSENSUS][PBFT]checkAndChangeView: Reach consensus,org_view=5467,org_changeCycle=0,cur_changeCycle=0,to_view=5468
info|2019-12-11 00:33:50.140169|[g:1][CONSENSUS][SEALER]++++++++++++++++ Generating seal on,blkNum=1,tx=0,nodeIdx=0,hash=8245577e...
info|2019-12-11 00:33:50.142041|[g:1][CONSENSUS][PBFT]checkTimeout Succ,view=5468,toView=5469,nodeIdx=0,changeCycle=0,myNode=5f8c8907...,timecost=0.869
info|2019-12-11 00:33:50.147874|[g:1][CONSENSUS][PBFT]checkAndChangeView: Reach consensus,org_view=5468,org_changeCycle=0,cur_changeCycle=0,to_view=5469
info|2019-12-11 00:33:51.151492|[g:1][CONSENSUS]addRawPrepare,height=1,reqIdx=1,hash=9e4475cc...
info|2019-12-11 00:33:51.152596|[g:1][CONSENSUS][PBFT]checkTimeout Succ,view=5469,toView=5470,nodeIdx=0,changeCycle=0,myNode=5f8c8907...,timecost=0.85
info|2019-12-11 00:33:51.156328|[g:1][CONSENSUS][PBFT]checkAndChangeView: Reach consensus,org_view=5469,org_changeCycle=0,cur_changeCycle=0,to_view=5470
info|2019-12-11 00:33:52.160515|[g:1][CONSENSUS]addRawPrepare,height=1,reqIdx=2,hash=f065f3b9...
info|2019-12-11 00:33:52.162402|[g:1][CONSENSUS][PBFT]checkTimeout Succ,view=5470,toView=5471,nodeIdx=0,changeCycle=0,myNode=5f8c8907...,timecost=0.826
info|2019-12-11 00:33:52.164931|[g:1][CONSENSUS][PBFT]checkAndChangeView: Reach consensus,org_view=5470,org_changeCycle=0,cur_changeCycle=0,to_view=5471
info|2019-12-11 00:33:53.020230|[P2P][Service] heartBeat,connected count=3
info|2019-12-11 00:33:53.167199|[g:1][CONSENSUS]addRawPrepare,height=1,reqIdx=3,hash=1c55c749...
info|2019-12-11 00:33:53.169298|[g:1][CONSENSUS][PBFT]checkTimeout Succ,view=5471,toView=5472,nodeIdx=0,changeCycle=0,myNode=5f8c8907...,timecost=1.8
info|2019-12-11 00:33:53.171527|[g:1][CONSENSUS][PBFT]checkAndChangeView: Reach consensus,org_view=5471,org_changeCycle=0,cur_changeCycle=0,to_view=5472
info|2019-12-11 00:33:54.172555|[g:1][CONSENSUS][SEALER]++++++++++++++++ Generating seal on,blkNum=1,tx=0,nodeIdx=0,hash=e7ff703d...
info|2019-12-11 00:33:54.173259|[g:1][CONSENSUS][PBFT]checkTimeout Succ,view=5472,toView=5473,nodeIdx=0,changeCycle=0,myNode=5f8c8907...,timecost=0.388
info|2019-12-11 00:33:54.176561|[g:1][CONSENSUS][PBFT]checkAndChangeView: Reach consensus,org_view=5472,org_changeCycle=0,cur_changeCycle=0,to_view=5473
info|2019-12-11 00:33:55.178292|[g:1][CONSENSUS]addRawPrepare,height=1,reqIdx=1,hash=1298cf19...
info|2019-12-11 00:33:55.179117|[g:1][CONSENSUS][PBFT]checkTimeout Succ,view=5473,toView=5474,nodeIdx=0,changeCycle=0,myNode=5f8c8907...,timecost=0.644
info|2019-12-11 00:33:55.182236|[g:1][CONSENSUS][PBFT]checkAndChangeView: Reach consensus,org_view=5473,org_changeCycle=0,cur_changeCycle=0,to_view=5474
info|2019-12-11 00:33:56.185549|[g:1][CONSENSUS]addRawPrepare,height=1,reqIdx=2,hash=96566a10...
info|2019-12-11 00:33:56.186455|[g:1][CONSENSUS][PBFT]checkTimeout Succ,view=5474,toView=5475,nodeIdx=0,changeCycle=0,myNode=5f8c8907...,timecost=0.689
info|2019-12-11 00:33:56.188589|[g:1][CONSENSUS][PBFT]checkAndChangeView: Reach consensus,org_view=5474,org_changeCycle=0,cur_changeCycle=0,to_view=5475
info|2019-12-11 00:33:57.191185|[g:1][CONSENSUS]addRawPrepare,height=1,reqIdx=3,hash=2f4c57c9...
info|2019-12-11 00:33:57.193188|[g:1][CONSENSUS][PBFT]checkTimeout Succ,view=5475,toView=5476,nodeIdx=0,changeCycle=0,myNode=5f8c8907...,timecost=1.576
info|2019-12-11 00:33:57.195915|[g:1][CONSENSUS][PBFT]checkAndChangeView: Reach consensus,org_view=5475,org_changeCycle=0,cur_changeCycle=0,to_view=5476
info|2019-12-11 00:33:58.196461|[g:1][CONSENSUS][SEALER]++++++++++++++++ Generating seal on,blkNum=1,tx=0,nodeIdx=0,hash=0063092a...
info|2019-12-11 00:33:58.197747|[g:1][CONSENSUS][PBFT]checkTimeout Succ,view=5476,toView=5477,nodeIdx=0,changeCycle=0,myNode=5f8c8907...,timecost=0.788
info|2019-12-11 00:33:58.202868|[g:1][CONSENSUS][PBFT]checkAndChangeView: Reach consensus,org_view=5476,org_changeCycle=0,cur_changeCycle=0,to_view=5477
info|2019-12-11 00:33:59.204924|[g:1][CONSENSUS]addRawPrepare,height=1,reqIdx=1,hash=9103ad8a...
info|2019-12-11 00:33:59.206773|[g:1][CONSENSUS][PBFT]checkTimeout Succ,view=5477,toView=5478,nodeIdx=0,changeCycle=0,myNode=5f8c8907...,timecost=1.455
info|2019-12-11 00:33:59.210838|[g:1][CONSENSUS][PBFT]checkAndChangeView: Reach consensus,org_view=5477,org_changeCycle=0,cur_changeCycle=0,to_view=5478
info|2019-12-11 00:34:00.209716|[g:1][CONSENSUS]addRawPrepare,height=1,reqIdx=2,hash=a10d465a...
info|2019-12-11 00:34:00.210316|[g:1][CONSENSUS][PBFT]checkTimeout Succ,view=5478,toView=5479,nodeIdx=0,changeCycle=0,myNode=5f8c8907...,timecost=0.433
info|2019-12-11 00:34:00.212640|[g:1][CONSENSUS][PBFT]checkAndChangeView: Reach consensus,org_view=5478,org_changeCycle=0,cur_changeCycle=0,to_view=5479
info|2019-12-11 00:34:01.215971|[g:1][CONSENSUS]addRawPrepare,height=1,reqIdx=3,hash=ec18e7b5...
info|2019-12-11 00:34:01.217462|[g:1][CONSENSUS][PBFT]checkTimeout Succ,view=5479,toView=5480,nodeIdx=0,changeCycle=0,myNode=5f8c8907...,timecost=1.102
info|2019-12-11 00:34:01.220593|[g:1][CONSENSUS][PBFT]checkAndChangeView: Reach consensus,org_view=5479,org_changeCycle=0,cur_changeCycle=0,to_view=5480
info|2019-12-11 00:34:02.220244|[g:1][CONSENSUS][SEALER]++++++++++++++++ Generating seal on,blkNum=1,tx=0,nodeIdx=0,hash=772856d3...
info|2019-12-11 00:34:02.221398|[g:1][CONSENSUS][PBFT]checkTimeout Succ,view=5480,toView=5481,nodeIdx=0,changeCycle=0,myNode=5f8c8907...,timecost=0.579
info|2019-12-11 00:34:02.225595|[g:1][CONSENSUS][PBFT]checkAndChangeView: Reach consensus,org_view=5480,org_changeCycle=0,cur_changeCycle=0,to_view=5481
info|2019-12-11 00:34:03.024006|[P2P][Service] heartBeat,connected count=3
info|2019-12-11 00:34:03.229054|[g:1][CONSENSUS]addRawPrepare,height=1,reqIdx=1,hash=f56ef9a2...
info|2019-12-11 00:34:03.230660|[g:1][CONSENSUS][PBFT]checkTimeout Succ,view=5481,toView=5482,nodeIdx=0,changeCycle=0,myNode=5f8c8907...,timecost=1.313
info|2019-12-11 00:34:03.234455|[g:1][CONSENSUS][PBFT]checkAndChangeView: Reach consensus,org_view=5481,org_changeCycle=0,cur_changeCycle=0,to_view=5482
info|2019-12-11 00:34:04.238963|[g:1][CONSENSUS]addRawPrepare,height=1,reqIdx=2,hash=18f76622...
info|2019-12-11 00:34:04.240403|[g:1][CONSENSUS][PBFT]checkTimeout Succ,view=5482,toView=5483,nodeIdx=0,changeCycle=0,myNode=5f8c8907...,timecost=1.18
info|2019-12-11 00:34:04.246244|[g:1][CONSENSUS][PBFT]checkAndChangeView: Reach consensus,org_view=5482,org_changeCycle=0,cur_changeCycle=0,to_view=5483
info|2019-12-11 00:34:05.247218|[g:1][CONSENSUS]addRawPrepare,height=1,reqIdx=3,hash=3a37111e...
info|2019-12-11 00:34:05.248302|[g:1][CONSENSUS][PBFT]checkTimeout Succ,view=5483,toView=5484,nodeIdx=0,changeCycle=0,myNode=5f8c8907...,timecost=0.635
info|2019-12-11 00:34:05.251439|[g:1][CONSENSUS][PBFT]checkAndChangeView: Reach consensus,org_view=5483,org_changeCycle=0,cur_changeCycle=0,to_view=5484
info|2019-12-11 00:34:06.251884|[g:1][CONSENSUS][SEALER]++++++++++++++++ Generating seal on,blkNum=1,tx=0,nodeIdx=0,hash=6e95669d...
info|2019-12-11 00:34:06.254743|[g:1][CONSENSUS][PBFT]checkTimeout Succ,view=5484,toView=5485,nodeIdx=0,changeCycle=0,myNode=5f8c8907...,timecost=0.462
info|2019-12-11 00:34:06.257123|[g:1][CONSENSUS][PBFT]checkAndChangeView: Reach consensus,org_view=5484,org_changeCycle=0,cur_changeCycle=0,to_view=5485
info|2019-12-11 00:34:07.258322|[g:1][CONSENSUS]addRawPrepare,height=1,reqIdx=1,hash=81ad8239...
info|2019-12-11 00:34:07.259599|[g:1][CONSENSUS][PBFT]checkTimeout Succ,view=5485,toView=5486,nodeIdx=0,changeCycle=0,myNode=5f8c8907...,timecost=1.034
info|2019-12-11 00:34:07.262672|[g:1][CONSENSUS][PBFT]checkAndChangeView: Reach consensus,org_view=5485,org_changeCycle=0,cur_changeCycle=0,to_view=5486
info|2019-12-11 00:34:08.263863|[g:1][CONSENSUS]addRawPrepare,height=1,reqIdx=2,hash=b2ffbfcb...
info|2019-12-11 00:34:08.270693|[g:1][CONSENSUS][PBFT]checkTimeout Succ,view=5486,toView=5487,nodeIdx=0,changeCycle=0,myNode=5f8c8907...,timecost=6.294
info|2019-12-11 00:34:08.272619|[g:1][CONSENSUS][PBFT]checkAndChangeView: Reach consensus,org_view=5486,org_changeCycle=0,cur_changeCycle=0,to_view=5487
info|2019-12-11 00:34:09.272794|[g:1][CONSENSUS]addRawPrepare,height=1,reqIdx=3,hash=cda96e4c...
info|2019-12-11 00:34:09.273666|[g:1][CONSENSUS][PBFT]checkTimeout Succ,view=5487,toView=5488,nodeIdx=0,changeCycle=0,myNode=5f8c8907...,timecost=0.723
info|2019-12-11 00:34:09.276959|[g:1][CONSENSUS][PBFT]checkAndChangeView: Reach consensus,org_view=5487,org_changeCycle=0,cur_changeCycle=0,to_view=5488
info|2019-12-11 00:34:10.276333|[g:1][CONSENSUS][SEALER]++++++++++++++++ Generating seal on,blkNum=1,tx=0,nodeIdx=0,hash=795f5137...
info|2019-12-11 00:34:10.280499|[g:1][CONSENSUS][PBFT]checkTimeout Succ,view=5488,toView=5489,nodeIdx=0,changeCycle=0,myNode=5f8c8907...,timecost=0.536
info|2019-12-11 00:34:10.282264|[g:1][CONSENSUS][PBFT]checkAndChangeView: Reach consensus,org_view=5488,org_changeCycle=0,cur_changeCycle=0,to_view=5489
info|2019-12-11 00:34:11.284863|[g:1][CONSENSUS]addRawPrepare,height=1,reqIdx=1,hash=6bae90f5...
info|2019-12-11 00:34:11.287250|[g:1][CONSENSUS][PBFT]checkTimeout Succ,view=5489,toView=5490,nodeIdx=0,changeCycle=0,myNode=5f8c8907...,timecost=1.962
info|2019-12-11 00:34:11.290006|[g:1][CONSENSUS][PBFT]checkAndChangeView: Reach consensus,org_view=5489,org_changeCycle=0,cur_changeCycle=0,to_view=5490
info|2019-12-11 00:34:12.293228|[g:1][CONSENSUS]addRawPrepare,height=1,reqIdx=2,hash=90f0a60d...
info|2019-12-11 00:34:12.294452|[g:1][CONSENSUS][PBFT]checkTimeout Succ,view=5490,toView=5491,nodeIdx=0,changeCycle=0,myNode=5f8c8907...,timecost=1.004
info|2019-12-11 00:34:12.299854|[g:1][CONSENSUS][PBFT]checkAndChangeView: Reach consensus,org_view=5490,org_changeCycle=0,cur_changeCycle=0,to_view=5491
info|2019-12-11 00:34:13.031819|[P2P][Service] heartBeat,connected count=3
info|2019-12-11 00:34:13.300961|[g:1][CONSENSUS]addRawPrepare,height=1,reqIdx=3,hash=c057aa1f...
info|2019-12-11 00:34:13.301441|[g:1][CONSENSUS][PBFT]checkTimeout Succ,view=5491,toView=5492,nodeIdx=0,changeCycle=0,myNode=5f8c8907...,timecost=0.354
info|2019-12-11 00:34:13.303832|[g:1][CONSENSUS][PBFT]checkAndChangeView: Reach consensus,org_view=5491,org_changeCycle=0,cur_changeCycle=0,to_view=5492
info|2019-12-11 00:34:14.304403|[g:1][CONSENSUS][SEALER]++++++++++++++++ Generating seal on,blkNum=1,tx=0,nodeIdx=0,hash=888ca9e8...
info|2019-12-11 00:34:14.310859|[g:1][CONSENSUS][PBFT]checkTimeout Succ,view=5492,toView=5493,nodeIdx=0,changeCycle=0,myNode=5f8c8907...,timecost=0.461
info|2019-12-11 00:34:14.311965|[g:1][CONSENSUS][PBFT]checkAndChangeView: Reach consensus,org_view=5492,org_changeCycle=0,cur_changeCycle=0,to_view=5493
info|2019-12-11 00:34:15.317003|[g:1][CONSENSUS]addRawPrepare,height=1,reqIdx=1,hash=37642d14...
info|2019-12-11 00:34:15.318153|[g:1][CONSENSUS][PBFT]checkTimeout Succ,view=5493,toView=5494,nodeIdx=0,changeCycle=0,myNode=5f8c8907...,timecost=0.841
info|2019-12-11 00:34:15.321612|[g:1][CONSENSUS][PBFT]checkAndChangeView: Reach consensus,org_view=5493,org_changeCycle=0,cur_changeCycle=0,to_view=5494
info|2019-12-11 00:34:16.323964|[g:1][CONSENSUS]addRawPrepare,height=1,reqIdx=2,hash=bdb3dbca...
info|2019-12-11 00:34:16.324442|[g:1][CONSENSUS][PBFT]checkTimeout Succ,view=5494,toView=5495,nodeIdx=0,changeCycle=0,myNode=5f8c8907...,timecost=0.364
info|2019-12-11 00:34:16.327651|[g:1][CONSENSUS][PBFT]checkAndChangeView: Reach consensus,org_view=5494,org_changeCycle=0,cur_changeCycle=0,to_view=5495
info|2019-12-11 00:34:17.331739|[g:1][CONSENSUS]addRawPrepare,height=1,reqIdx=3,hash=d810cd51...
info|2019-12-11 00:34:17.333156|[g:1][CONSENSUS][PBFT]checkTimeout Succ,view=5495,toView=5496,nodeIdx=0,changeCycle=0,myNode=5f8c8907...,timecost=1.134
info|2019-12-11 00:34:17.338232|[g:1][CONSENSUS][PBFT]checkAndChangeView: Reach consensus,org_view=5495,org_changeCycle=0,cur_changeCycle=0,to_view=5496
info|2019-12-11 00:34:18.339695|[g:1][CONSENSUS][SEALER]++++++++++++++++ Generating seal on,blkNum=1,tx=0,nodeIdx=0,hash=1b1c9580...
info|2019-12-11 00:34:18.344004|[g:1][CONSENSUS][PBFT]checkTimeout Succ,view=5496,toView=5497,nodeIdx=0,changeCycle=0,myNode=5f8c8907...,timecost=1.497
info|2019-12-11 00:34:18.345162|[g:1][CONSENSUS][PBFT]checkAndChangeView: Reach consensus,org_view=5496,org_changeCycle=0,cur_changeCycle=0,to_view=5497
info|2019-12-11 00:34:19.346644|[g:1][CONSENSUS]addRawPrepare,height=1,reqIdx=1,hash=dd53556f...
info|2019-12-11 00:34:19.347422|[g:1][CONSENSUS][PBFT]checkTimeout Succ,view=5497,toView=5498,nodeIdx=0,changeCycle=0,myNode=5f8c8907...,timecost=0.584
info|2019-12-11 00:34:19.349816|[g:1][CONSENSUS][PBFT]checkAndChangeView: Reach consensus,org_view=5497,org_changeCycle=0,cur_changeCycle=0,to_view=5498
info|2019-12-11 00:34:20.352529|[g:1][CONSENSUS]addRawPrepare,height=1,reqIdx=2,hash=4f2f4e72...
info|2019-12-11 00:34:20.354360|[g:1][CONSENSUS][PBFT]checkTimeout Succ,view=5498,toView=5499,nodeIdx=0,changeCycle=0,myNode=5f8c8907...,timecost=1.6
info|2019-12-11 00:34:20.355939|[g:1][CONSENSUS][PBFT]checkAndChangeView: Reach consensus,org_view=5498,org_changeCycle=0,cur_changeCycle=0,to_view=5499
info|2019-12-11 00:34:21.357121|[g:1][CONSENSUS]addRawPrepare,height=1,reqIdx=3,hash=2ee49d02...
info|2019-12-11 00:34:21.359482|[g:1][CONSENSUS][PBFT]checkTimeout Succ,view=5499,toView=5500,nodeIdx=0,changeCycle=0,myNode=5f8c8907...,timecost=2.137
info|2019-12-11 00:34:21.360828|[g:1][CONSENSUS][PBFT]checkAndChangeView: Reach consensus,org_view=5499,org_changeCycle=0,cur_changeCycle=0,to_view=5500
info|2019-12-11 00:34:22.360376|[g:1][CONSENSUS][SEALER]++++++++++++++++ Generating seal on,blkNum=1,tx=0,nodeIdx=0,hash=31a7253d...
info|2019-12-11 00:34:22.361579|[g:1][CONSENSUS][PBFT]checkTimeout Succ,view=5500,toView=5501,nodeIdx=0,changeCycle=0,myNode=5f8c8907...,timecost=0.702
info|2019-12-11 00:34:22.365661|[g:1][CONSENSUS][PBFT]checkAndChangeView: Reach consensus,org_view=5500,org_changeCycle=0,cur_changeCycle=0,to_view=5501
info|2019-12-11 00:34:23.037327|[P2P][Service] heartBeat,connected count=3
info|2019-12-11 00:34:23.367868|[g:1][CONSENSUS]addRawPrepare,height=1,reqIdx=1,hash=5be3435c...
info|2019-12-11 00:34:23.368765|[g:1][CONSENSUS][PBFT]checkTimeout Succ,view=5501,toView=5502,nodeIdx=0,changeCycle=0,myNode=5f8c8907...,timecost=0.686
info|2019-12-11 00:34:23.370302|[g:1][CONSENSUS][PBFT]checkAndChangeView: Reach consensus,org_view=5501,org_changeCycle=0,cur_changeCycle=0,to_view=5502
info|2019-12-11 00:34:24.374706|[g:1][CONSENSUS]addRawPrepare,height=1,reqIdx=2,hash=651ddc5b...
info|2019-12-11 00:34:24.375494|[g:1][CONSENSUS][PBFT]checkTimeout Succ,view=5502,toView=5503,nodeIdx=0,changeCycle=0,myNode=5f8c8907...,timecost=0.607
info|2019-12-11 00:34:24.378203|[g:1][CONSENSUS][PBFT]checkAndChangeView: Reach consensus,org_view=5502,org_changeCycle=0,cur_changeCycle=0,to_view=5503
info|2019-12-11 00:34:25.379954|[g:1][CONSENSUS]addRawPrepare,height=1,reqIdx=3,hash=c5585c61...
info|2019-12-11 00:34:25.381507|[g:1][CONSENSUS][PBFT]checkTimeout Succ,view=5503,toView=5504,nodeIdx=0,changeCycle=0,myNode=5f8c8907...,timecost=1.368
info|2019-12-11 00:34:25.383412|[g:1][CONSENSUS][PBFT]checkAndChangeView: Reach consensus,org_view=5503,org_changeCycle=0,cur_changeCycle=0,to_view=5504
info|2019-12-11 00:34:26.384424|[g:1][CONSENSUS][SEALER]++++++++++++++++ Generating seal on,blkNum=1,tx=0,nodeIdx=0,hash=2d464d7c...
info|2019-12-11 00:34:26.387390|[g:1][CONSENSUS][PBFT]checkTimeout Succ,view=5504,toView=5505,nodeIdx=0,changeCycle=0,myNode=5f8c8907...,timecost=0.4
info|2019-12-11 00:34:26.388833|[g:1][CONSENSUS][PBFT]checkAndChangeView: Reach consensus,org_view=5504,org_changeCycle=0,cur_changeCycle=0,to_view=5505
info|2019-12-11 00:34:27.390940|[g:1][CONSENSUS]addRawPrepare,height=1,reqIdx=1,hash=22e63ac0...
info|2019-12-11 00:34:27.391796|[g:1][CONSENSUS][PBFT]checkTimeout Succ,view=5505,toView=5506,nodeIdx=0,changeCycle=0,myNode=5f8c8907...,timecost=0.725
info|2019-12-11 00:34:27.393555|[g:1][CONSENSUS][PBFT]checkAndChangeView: Reach consensus,org_view=5505,org_changeCycle=0,cur_changeCycle=0,to_view=5506
info|2019-12-11 00:34:28.396012|[g:1][CONSENSUS]addRawPrepare,height=1,reqIdx=2,hash=0a8e960f...
info|2019-12-11 00:34:28.398099|[g:1][CONSENSUS][PBFT]checkTimeout Succ,view=5506,toView=5507,nodeIdx=0,changeCycle=0,myNode=5f8c8907...,timecost=1.918
info|2019-12-11 00:34:28.400621|[g:1][CONSENSUS][PBFT]checkAndChangeView: Reach consensus,org_view=5506,org_changeCycle=0,cur_changeCycle=0,to_view=5507
info|2019-12-11 00:34:29.405608|[g:1][CONSENSUS]addRawPrepare,height=1,reqIdx=3,hash=23eaac46...
info|2019-12-11 00:34:29.410300|[g:1][CONSENSUS][PBFT]checkTimeout Succ,view=5507,toView=5508,nodeIdx=0,changeCycle=0,myNode=5f8c8907...,timecost=4.37
info|2019-12-11 00:34:29.412181|[g:1][CONSENSUS][PBFT]checkAndChangeView: Reach consensus,org_view=5507,org_changeCycle=0,cur_changeCycle=0,to_view=5508
info|2019-12-11 00:34:30.412617|[g:1][CONSENSUS][SEALER]++++++++++++++++ Generating seal on,blkNum=1,tx=0,nodeIdx=0,hash=711b7b28...
info|2019-12-11 00:34:30.418897|[g:1][CONSENSUS][PBFT]checkTimeout Succ,view=5508,toView=5509,nodeIdx=0,changeCycle=0,myNode=5f8c8907...,timecost=0.936
info|2019-12-11 00:34:30.420603|[g:1][CONSENSUS][PBFT]checkAndChangeView: Reach consensus,org_view=5508,org_changeCycle=0,cur_changeCycle=0,to_view=5509
info|2019-12-11 00:34:31.423491|[g:1][CONSENSUS]addRawPrepare,height=1,reqIdx=1,hash=7b8b3683...
info|2019-12-11 00:34:31.426781|[g:1][CONSENSUS][PBFT]checkTimeout Succ,view=5509,toView=5510,nodeIdx=0,changeCycle=0,myNode=5f8c8907...,timecost=3.049
info|2019-12-11 00:34:31.429357|[g:1][CONSENSUS][PBFT]checkAndChangeView: Reach consensus,org_view=5509,org_changeCycle=0,cur_changeCycle=0,to_view=5510
info|2019-12-11 00:34:32.430744|[g:1][CONSENSUS]addRawPrepare,height=1,reqIdx=2,hash=4e2b041f...
info|2019-12-11 00:34:32.431579|[g:1][CONSENSUS][PBFT]checkTimeout Succ,view=5510,toView=5511,nodeIdx=0,changeCycle=0,myNode=5f8c8907...,timecost=0.58
info|2019-12-11 00:34:32.434618|[g:1][CONSENSUS][PBFT]checkAndChangeView: Reach consensus,org_view=5510,org_changeCycle=0,cur_changeCycle=0,to_view=5511
info|2019-12-11 00:34:33.043823|[P2P][Service] heartBeat,connected count=3
info|2019-12-11 00:34:33.437571|[g:1][CONSENSUS]addRawPrepare,height=1,reqIdx=3,hash=7209eefa...
info|2019-12-11 00:34:33.442297|[g:1][CONSENSUS][PBFT]checkTimeout Succ,view=5511,toView=5512,nodeIdx=0,changeCycle=0,myNode=5f8c8907...,timecost=4.355
info|2019-12-11 00:34:33.445030|[g:1][CONSENSUS][PBFT]checkAndChangeView: Reach consensus,org_view=5511,org_changeCycle=0,cur_changeCycle=0,to_view=5512
info|2019-12-11 00:34:34.446489|[g:1][CONSENSUS][SEALER]++++++++++++++++ Generating seal on,blkNum=1,tx=0,nodeIdx=0,hash=8a9bbbe3...
info|2019-12-11 00:34:34.451384|[g:1][CONSENSUS][PBFT]checkTimeout Succ,view=5512,toView=5513,nodeIdx=0,changeCycle=0,myNode=5f8c8907...,timecost=0.782
info|2019-12-11 00:34:34.454938|[g:1][CONSENSUS][PBFT]checkAndChangeView: Reach consensus,org_view=5512,org_changeCycle=0,cur_changeCycle=0,to_view=5513
info|2019-12-11 00:34:35.455718|[g:1][CONSENSUS]addRawPrepare,height=1,reqIdx=1,hash=829094bb...
info|2019-12-11 00:34:35.459080|[g:1][CONSENSUS][PBFT]checkTimeout Succ,view=5513,toView=5514,nodeIdx=0,changeCycle=0,myNode=5f8c8907...,timecost=3.117
info|2019-12-11 00:34:35.461723|[g:1][CONSENSUS][PBFT]checkAndChangeView: Reach consensus,org_view=5513,org_changeCycle=0,cur_changeCycle=0,to_view=5514
info|2019-12-11 00:34:36.461795|[g:1][CONSENSUS]addRawPrepare,height=1,reqIdx=2,hash=0fe37ace...
info|2019-12-11 00:34:36.462742|[g:1][CONSENSUS][PBFT]checkTimeout Succ,view=5514,toView=5515,nodeIdx=0,changeCycle=0,myNode=5f8c8907...,timecost=0.665
info|2019-12-11 00:34:36.465433|[g:1][CONSENSUS][PBFT]checkAndChangeView: Reach consensus,org_view=5514,org_changeCycle=0,cur_changeCycle=0,to_view=5515
info|2019-12-11 00:34:37.468480|[g:1][CONSENSUS]addRawPrepare,height=1,reqIdx=3,hash=f8e844ee...
info|2019-12-11 00:34:37.469661|[g:1][CONSENSUS][PBFT]checkTimeout Succ,view=5515,toView=5516,nodeIdx=0,changeCycle=0,myNode=5f8c8907...,timecost=0.958
info|2019-12-11 00:34:37.474014|[g:1][CONSENSUS][PBFT]checkAndChangeView: Reach consensus,org_view=5515,org_changeCycle=0,cur_changeCycle=0,to_view=5516
info|2019-12-11 00:34:38.475671|[g:1][CONSENSUS][SEALER]++++++++++++++++ Generating seal on,blkNum=1,tx=0,nodeIdx=0,hash=18f4a1cc...
info|2019-12-11 00:34:38.480743|[g:1][CONSENSUS][PBFT]checkTimeout Succ,view=5516,toView=5517,nodeIdx=0,changeCycle=0,myNode=5f8c8907...,timecost=0.836
info|2019-12-11 00:34:38.483211|[g:1][CONSENSUS][PBFT]checkAndChangeView: Reach consensus,org_view=5516,org_changeCycle=0,cur_changeCycle=0,to_view=5517
info|2019-12-11 00:34:39.486922|[g:1][CONSENSUS]addRawPrepare,height=1,reqIdx=1,hash=3033ee49...
info|2019-12-11 00:34:39.489554|[g:1][CONSENSUS][PBFT]checkTimeout Succ,view=5517,toView=5518,nodeIdx=0,changeCycle=0,myNode=5f8c8907...,timecost=2.241
info|2019-12-11 00:34:39.492566|[g:1][CONSENSUS][PBFT]checkAndChangeView: Reach consensus,org_view=5517,org_changeCycle=0,cur_changeCycle=0,to_view=5518
