warning|2019-12-11 08:23:43.003718|[g:1][CONSENSUS][PBFT]ViewChangeWarning: not caused by omit empty block ,v=5729,toV=5730,curNum=0,hash=382ff964...,nodeIdx=0,myNode=5f8c8907...
info|2019-12-11 08:23:43.003838|[g:1][CONSENSUS][PBFT]checkTimeout Succ,view=5729,toView=5730,nodeIdx=0,changeCycle=1,myNode=5f8c8907...,timecost=0.595
info|2019-12-11 08:23:43.007905|[P2P][Service] heartBeat,connected count=3
info|2019-12-11 08:23:43.015965|[g:1][CONSENSUS][PBFT]checkAndChangeView: Reach consensus,org_view=5729,org_changeCycle=1,cur_changeCycle=1,to_view=5730
info|2019-12-11 08:23:44.018494|[g:1][CONSENSUS]addRawPrepare,height=1,reqIdx=2,hash=8676d309...
info|2019-12-11 08:23:44.019125|[g:1][CONSENSUS][PBFT]checkTimeout Succ,view=5730,toView=5731,nodeIdx=0,changeCycle=0,myNode=5f8c8907...,timecost=0.452
info|2019-12-11 08:23:44.019970|[g:1][CONSENSUS][PBFT]checkAndChangeView: Reach consensus,org_view=5730,org_changeCycle=0,cur_changeCycle=0,to_view=5731
warning|2019-12-11 08:23:43.771575|[g:1][CONSENSUS][PBFT]ViewChangeWarning: not caused by omit empty block ,v=5731,toV=5732,curNum=0,hash=382ff964...,nodeIdx=0,myNode=5f8c8907...
info|2019-12-11 08:23:43.771697|[g:1][CONSENSUS][PBFT]checkTimeout Succ,view=5731,toView=5732,nodeIdx=0,changeCycle=1,myNode=5f8c8907...,timecost=0.443
info|2019-12-11 08:23:43.773390|[g:1][CONSENSUS][PBFT]checkAndChangeView: Reach consensus,org_view=5731,org_changeCycle=1,cur_changeCycle=1,to_view=5732
info|2019-12-11 08:23:44.773310|[g:1][CONSENSUS][SEALER]++++++++++++++++ Generating seal on,blkNum=1,tx=0,nodeIdx=0,hash=e76dec95...
info|2019-12-11 08:23:44.774419|[g:1][CONSENSUS][PBFT]checkTimeout Succ,view=5732,toView=5733,nodeIdx=0,changeCycle=0,myNode=5f8c8907...,timecost=0.68
info|2019-12-11 08:23:44.778479|[g:1][CONSENSUS][PBFT]checkAndChangeView: Reach consensus,org_view=5732,org_changeCycle=0,cur_changeCycle=0,to_view=5733
info|2019-12-11 08:23:45.780985|[g:1][CONSENSUS]addRawPrepare,height=1,reqIdx=1,hash=111687a7...
info|2019-12-11 08:23:45.782109|[g:1][CONSENSUS][PBFT]checkTimeout Succ,view=5733,toView=5734,nodeIdx=0,changeCycle=0,myNode=5f8c8907...,timecost=0.937
info|2019-12-11 08:23:45.784765|[g:1][CONSENSUS][PBFT]checkAndChangeView: Reach consensus,org_view=5733,org_changeCycle=0,cur_changeCycle=0,to_view=5734
info|2019-12-11 08:23:46.787458|[g:1][CONSENSUS]addRawPrepare,height=1,reqIdx=2,hash=fc5b3ca3...
info|2019-12-11 08:23:46.792933|[g:1][CONSENSUS][PBFT]checkTimeout Succ,view=5734,toView=5735,nodeIdx=0,changeCycle=0,myNode=5f8c8907...,timecost=2.295
info|2019-12-11 08:23:46.794430|[g:1][CONSENSUS][PBFT]checkAndChangeView: Reach consensus,org_view=5734,org_changeCycle=0,cur_changeCycle=0,to_view=5735
info|2019-12-11 08:23:47.794721|[g:1][CONSENSUS]addRawPrepare,height=1,reqIdx=3,hash=5a5a4031...
info|2019-12-11 08:23:47.796191|[g:1][CONSENSUS][PBFT]checkTimeout Succ,view=5735,toView=5736,nodeIdx=0,changeCycle=0,myNode=5f8c8907...,timecost=1.145
info|2019-12-11 08:23:47.798688|[g:1][CONSENSUS][PBFT]checkAndChangeView: Reach consensus,org_view=5735,org_changeCycle=0,cur_changeCycle=0,to_view=5736
info|2019-12-11 08:23:48.799290|[g:1][CONSENSUS][SEALER]++++++++++++++++ Generating seal on,blkNum=1,tx=0,nodeIdx=0,hash=05d4cc8f...
info|2019-12-11 08:23:48.800705|[g:1][CONSENSUS][PBFT]checkTimeout Succ,view=5736,toView=5737,nodeIdx=0,changeCycle=0,myNode=5f8c8907...,timecost=0.781
info|2019-12-11 08:23:48.806149|[g:1][CONSENSUS][PBFT]checkAndChangeView: Reach consensus,org_view=5736,org_changeCycle=0,cur_changeCycle=0,to_view=5737
info|2019-12-11 08:23:49.809359|[g:1][CONSENSUS]addRawPrepare,height=1,reqIdx=1,hash=41331347...
info|2019-12-11 08:23:49.810479|[g:1][CONSENSUS][PBFT]checkTimeout Succ,view=5737,toView=5738,nodeIdx=0,changeCycle=0,myNode=5f8c8907...,timecost=0.876
info|2019-12-11 08:23:49.814096|[g:1][CONSENSUS][PBFT]checkAndChangeView: Reach consensus,org_view=5737,org_changeCycle=0,cur_changeCycle=0,to_view=5738
info|2019-12-11 08:23:50.816187|[g:1][CONSENSUS]addRawPrepare,height=1,reqIdx=2,hash=726d9ea3...
info|2019-12-11 08:23:50.818867|[g:1][CONSENSUS][PBFT]checkTimeout Succ,view=5738,toView=5739,nodeIdx=0,changeCycle=0,myNode=5f8c8907...,timecost=2.428
info|2019-12-11 08:23:50.821519|[g:1][CONSENSUS][PBFT]checkAndChangeView: Reach consensus,org_view=5738,org_changeCycle=0,cur_changeCycle=0,to_view=5739
info|2019-12-11 08:23:51.825741|[g:1][CONSENSUS]addRawPrepare,height=1,reqIdx=3,hash=1ac1990e...
info|2019-12-11 08:23:51.828153|[g:1][CONSENSUS][PBFT]checkTimeout Succ,view=5739,toView=5740,nodeIdx=0,changeCycle=0,myNode=5f8c8907...,timecost=1.794
info|2019-12-11 08:23:51.831849|[g:1][CONSENSUS][PBFT]checkAndChangeView: Reach consensus,org_view=5739,org_changeCycle=0,cur_changeCycle=0,to_view=5740
info|2019-12-11 08:23:52.831854|[g:1][CONSENSUS][SEALER]++++++++++++++++ Generating seal on,blkNum=1,tx=0,nodeIdx=0,hash=a38b2be7...
info|2019-12-11 08:23:52.838012|[g:1][CONSENSUS][PBFT]checkTimeout Succ,view=5740,toView=5741,nodeIdx=0,changeCycle=0,myNode=5f8c8907...,timecost=0.777
info|2019-12-11 08:23:52.841554|[g:1][CONSENSUS][PBFT]checkAndChangeView: Reach consensus,org_view=5740,org_changeCycle=0,cur_changeCycle=0,to_view=5741
info|2019-12-11 08:23:53.014175|[P2P][Service] heartBeat,connected count=3
info|2019-12-11 08:23:53.842396|[g:1][CONSENSUS]addRawPrepare,height=1,reqIdx=1,hash=12357481...
info|2019-12-11 08:23:53.843719|[g:1][CONSENSUS][PBFT]checkTimeout Succ,view=5741,toView=5742,nodeIdx=0,changeCycle=0,myNode=5f8c8907...,timecost=1.081
info|2019-12-11 08:23:53.847652|[g:1][CONSENSUS][PBFT]checkAndChangeView: Reach consensus,org_view=5741,org_changeCycle=0,cur_changeCycle=0,to_view=5742
info|2019-12-11 08:23:54.851887|[g:1][CONSENSUS]addRawPrepare,height=1,reqIdx=2,hash=9a9764bf...
info|2019-12-11 08:23:54.853365|[g:1][CONSENSUS][PBFT]checkTimeout Succ,view=5742,toView=5743,nodeIdx=0,changeCycle=0,myNode=5f8c8907...,timecost=1.227
info|2019-12-11 08:23:54.856049|[g:1][CONSENSUS][PBFT]checkAndChangeView: Reach consensus,org_view=5742,org_changeCycle=0,cur_changeCycle=0,to_view=5743
info|2019-12-11 08:23:55.858211|[g:1][CONSENSUS]addRawPrepare,height=1,reqIdx=3,hash=813279ed...
info|2019-12-11 08:23:55.860518|[g:1][CONSENSUS][PBFT]checkTimeout Succ,view=5743,toView=5744,nodeIdx=0,changeCycle=0,myNode=5f8c8907...,timecost=2.05
info|2019-12-11 08:23:55.863257|[g:1][CONSENSUS][PBFT]checkAndChangeView: Reach consensus,org_view=5743,org_changeCycle=0,cur_changeCycle=0,to_view=5744
info|2019-12-11 08:23:56.864160|[g:1][CONSENSUS][SEALER]++++++++++++++++ Generating seal on,blkNum=1,tx=0,nodeIdx=0,hash=947c115e...
info|2019-12-11 08:23:56.865571|[g:1][CONSENSUS][PBFT]checkTimeout Succ,view=5744,toView=5745,nodeIdx=0,changeCycle=0,myNode=5f8c8907...,timecost=0.877
info|2019-12-11 08:23:56.872628|[g:1][CONSENSUS][PBFT]checkAndChangeView: Reach consensus,org_view=5744,org_changeCycle=0,cur_changeCycle=0,to_view=5745
info|2019-12-11 08:23:57.874148|[g:1][CONSENSUS]addRawPrepare,height=1,reqIdx=1,hash=bfd34199...
info|2019-12-11 08:23:57.875179|[g:1][CONSENSUS][PBFT]checkTimeout Succ,view=5745,toView=5746,nodeIdx=0,changeCycle=0,myNode=5f8c8907...,timecost=0.772
info|2019-12-11 08:23:57.878892|[g:1][CONSENSUS][PBFT]checkAndChangeView: Reach consensus,org_view=5745,org_changeCycle=0,cur_changeCycle=0,to_view=5746
info|2019-12-11 08:23:58.881306|[g:1][CONSENSUS]addRawPrepare,height=1,reqIdx=2,hash=cd28fc07...
info|2019-12-11 08:23:58.882651|[g:1][CONSENSUS][PBFT]checkTimeout Succ,view=5746,toView=5747,nodeIdx=0,changeCycle=0,myNode=5f8c8907...,timecost=0.799
info|2019-12-11 08:23:58.885588|[g:1][CONSENSUS][PBFT]checkAndChangeView: Reach consensus,org_view=5746,org_changeCycle=0,cur_changeCycle=0,to_view=5747
info|2019-12-11 08:23:59.887827|[g:1][CONSENSUS]addRawPrepare,height=1,reqIdx=3,hash=2f635fc0...
info|2019-12-11 08:23:59.888453|[g:1][CONSENSUS][PBFT]checkTimeout Succ,view=5747,toView=5748,nodeIdx=0,changeCycle=0,myNode=5f8c8907...,timecost=0.399
info|2019-12-11 08:23:59.891611|[g:1][CONSENSUS][PBFT]checkAndChangeView: Reach consensus,org_view=5747,org_changeCycle=0,cur_changeCycle=0,to_view=5748
info|2019-12-11 08:24:00.891745|[g:1][CONSENSUS][SEALER]++++++++++++++++ Generating seal on,blkNum=1,tx=0,nodeIdx=0,hash=b897a5ff...
info|2019-12-11 08:24:00.896887|[g:1][CONSENSUS][PBFT]checkTimeout Succ,view=5748,toView=5749,nodeIdx=0,changeCycle=0,myNode=5f8c8907...,timecost=0.752
info|2019-12-11 08:24:00.899408|[g:1][CONSENSUS][PBFT]checkAndChangeView: Reach consensus,org_view=5748,org_changeCycle=0,cur_changeCycle=0,to_view=5749
info|2019-12-11 08:24:01.900909|[g:1][CONSENSUS]addRawPrepare,height=1,reqIdx=1,hash=9b2618f8...
info|2019-12-11 08:24:01.902042|[g:1][CONSENSUS][PBFT]checkTimeout Succ,view=5749,toView=5750,nodeIdx=0,changeCycle=0,myNode=5f8c8907...,timecost=0.862
info|2019-12-11 08:24:01.904842|[g:1][CONSENSUS][PBFT]checkAndChangeView: Reach consensus,org_view=5749,org_changeCycle=0,cur_changeCycle=0,to_view=5750
info|2019-12-11 08:24:02.909381|[g:1][CONSENSUS]addRawPrepare,height=1,reqIdx=2,hash=2f2d1542...
info|2019-12-11 08:24:02.910453|[g:1][CONSENSUS][PBFT]checkTimeout Succ,view=5750,toView=5751,nodeIdx=0,changeCycle=0,myNode=5f8c8907...,timecost=0.832
info|2019-12-11 08:24:02.913662|[g:1][CONSENSUS][PBFT]checkAndChangeView: Reach consensus,org_view=5750,org_changeCycle=0,cur_changeCycle=0,to_view=5751
info|2019-12-11 08:24:03.015849|[P2P][Service] heartBeat,connected count=3
info|2019-12-11 08:24:03.920121|[g:1][CONSENSUS]addRawPrepare,height=1,reqIdx=3,hash=ee8d15ac...
info|2019-12-11 08:24:03.923530|[g:1][CONSENSUS][PBFT]checkTimeout Succ,view=5751,toView=5752,nodeIdx=0,changeCycle=0,myNode=5f8c8907...,timecost=3.166
info|2019-12-11 08:24:03.926642|[g:1][CONSENSUS][PBFT]checkAndChangeView: Reach consensus,org_view=5751,org_changeCycle=0,cur_changeCycle=0,to_view=5752
info|2019-12-11 08:24:04.926980|[g:1][CONSENSUS][SEALER]++++++++++++++++ Generating seal on,blkNum=1,tx=0,nodeIdx=0,hash=a9d7f31e...
info|2019-12-11 08:24:04.928548|[g:1][CONSENSUS][PBFT]checkTimeout Succ,view=5752,toView=5753,nodeIdx=0,changeCycle=0,myNode=5f8c8907...,timecost=0.966
info|2019-12-11 08:24:04.934222|[g:1][CONSENSUS][PBFT]checkAndChangeView: Reach consensus,org_view=5752,org_changeCycle=0,cur_changeCycle=0,to_view=5753
info|2019-12-11 08:24:05.935746|[g:1][CONSENSUS]addRawPrepare,height=1,reqIdx=1,hash=b0d4e605...
info|2019-12-11 08:24:05.938972|[g:1][CONSENSUS][PBFT]checkTimeout Succ,view=5753,toView=5754,nodeIdx=0,changeCycle=0,myNode=5f8c8907...,timecost=2.976
info|2019-12-11 08:24:05.942396|[g:1][CONSENSUS][PBFT]checkAndChangeView: Reach consensus,org_view=5753,org_changeCycle=0,cur_changeCycle=0,to_view=5754
info|2019-12-11 08:24:06.942495|[g:1][CONSENSUS]addRawPrepare,height=1,reqIdx=2,hash=7baa0faa...
info|2019-12-11 08:24:06.943496|[g:1][CONSENSUS][PBFT]checkTimeout Succ,view=5754,toView=5755,nodeIdx=0,changeCycle=0,myNode=5f8c8907...,timecost=0.829
info|2019-12-11 08:24:06.947136|[g:1][CONSENSUS][PBFT]checkAndChangeView: Reach consensus,org_view=5754,org_changeCycle=0,cur_changeCycle=0,to_view=5755
info|2019-12-11 08:24:07.949821|[g:1][CONSENSUS]addRawPrepare,height=1,reqIdx=3,hash=38faaeda...
info|2019-12-11 08:24:07.951168|[g:1][CONSENSUS][PBFT]checkTimeout Succ,view=5755,toView=5756,nodeIdx=0,changeCycle=0,myNode=5f8c8907...,timecost=0.801
info|2019-12-11 08:24:07.954515|[g:1][CONSENSUS][PBFT]checkAndChangeView: Reach consensus,org_view=5755,org_changeCycle=0,cur_changeCycle=0,to_view=5756
info|2019-12-11 08:24:08.954503|[g:1][CONSENSUS][SEALER]++++++++++++++++ Generating seal on,blkNum=1,tx=0,nodeIdx=0,hash=d0321a53...
info|2019-12-11 08:24:08.960864|[g:1][CONSENSUS][PBFT]checkTimeout Succ,view=5756,toView=5757,nodeIdx=0,changeCycle=0,myNode=5f8c8907...,timecost=1.443
info|2019-12-11 08:24:08.962084|[g:1][CONSENSUS][PBFT]checkAndChangeView: Reach consensus,org_view=5756,org_changeCycle=0,cur_changeCycle=0,to_view=5757
info|2019-12-11 08:24:09.965630|[g:1][CONSENSUS]addRawPrepare,height=1,reqIdx=1,hash=6ff1a8e6...
info|2019-12-11 08:24:09.966914|[g:1][CONSENSUS][PBFT]checkTimeout Succ,view=5757,toView=5758,nodeIdx=0,changeCycle=0,myNode=5f8c8907...,timecost=1.041
info|2019-12-11 08:24:09.971176|[g:1][CONSENSUS][PBFT]checkAndChangeView: Reach consensus,org_view=5757,org_changeCycle=0,cur_changeCycle=0,to_view=5758
info|2019-12-11 08:24:10.973069|[g:1][CONSENSUS]addRawPrepare,height=1,reqIdx=2,hash=6c742da0...
info|2019-12-11 08:24:10.974144|[g:1][CONSENSUS][PBFT]checkTimeout Succ,view=5758,toView=5759,nodeIdx=0,changeCycle=0,myNode=5f8c8907...,timecost=0.833
info|2019-12-11 08:24:10.977050|[g:1][CONSENSUS][PBFT]checkAndChangeView: Reach consensus,org_view=5758,org_changeCycle=0,cur_changeCycle=0,to_view=5759
info|2019-12-11 08:24:11.981703|[g:1][CONSENSUS]addRawPrepare,height=1,reqIdx=3,hash=e890054f...
info|2019-12-11 08:24:11.983795|[g:1][CONSENSUS][PBFT]checkTimeout Succ,view=5759,toView=5760,nodeIdx=0,changeCycle=0,myNode=5f8c8907...,timecost=1.85
info|2019-12-11 08:24:11.987628|[g:1][CONSENSUS][PBFT]checkAndChangeView: Reach consensus,org_view=5759,org_changeCycle=0,cur_changeCycle=0,to_view=5760
info|2019-12-11 08:24:12.988600|[g:1][CONSENSUS][SEALER]++++++++++++++++ Generating seal on,blkNum=1,tx=0,nodeIdx=0,hash=564efe69...
info|2019-12-11 08:24:12.994904|[g:1][CONSENSUS][PBFT]checkTimeout Succ,view=5760,toView=5761,nodeIdx=0,changeCycle=0,myNode=5f8c8907...,timecost=0.734
info|2019-12-11 08:24:12.996304|[g:1][CONSENSUS][PBFT]checkAndChangeView: Reach consensus,org_view=5760,org_changeCycle=0,cur_changeCycle=0,to_view=5761
info|2019-12-11 08:24:13.020142|[P2P][Service] heartBeat,connected count=3
info|2019-12-11 08:24:13.999135|[g:1][CONSENSUS]addRawPrepare,height=1,reqIdx=1,hash=ca52d1b1...
info|2019-12-11 08:24:14.001196|[g:1][CONSENSUS][PBFT]checkTimeout Succ,view=5761,toView=5762,nodeIdx=0,changeCycle=0,myNode=5f8c8907...,timecost=1.738
info|2019-12-11 08:24:14.004532|[g:1][CONSENSUS][PBFT]checkAndChangeView: Reach consensus,org_view=5761,org_changeCycle=0,cur_changeCycle=0,to_view=5762
info|2019-12-11 08:24:15.008836|[g:1][CONSENSUS]addRawPrepare,height=1,reqIdx=2,hash=d19b2ed2...
info|2019-12-11 08:24:15.009889|[g:1][CONSENSUS][PBFT]checkTimeout Succ,view=5762,toView=5763,nodeIdx=0,changeCycle=0,myNode=5f8c8907...,timecost=0.827
info|2019-12-11 08:24:15.014218|[g:1][CONSENSUS][PBFT]checkAndChangeView: Reach consensus,org_view=5762,org_changeCycle=0,cur_changeCycle=0,to_view=5763
info|2019-12-11 08:24:16.016898|[g:1][CONSENSUS]addRawPrepare,height=1,reqIdx=3,hash=c158e23d...
info|2019-12-11 08:24:16.018422|[g:1][CONSENSUS][PBFT]checkTimeout Succ,view=5763,toView=5764,nodeIdx=0,changeCycle=0,myNode=5f8c8907...,timecost=1.321
info|2019-12-11 08:24:16.023563|[g:1][CONSENSUS][PBFT]checkAndChangeView: Reach consensus,org_view=5763,org_changeCycle=0,cur_changeCycle=0,to_view=5764
info|2019-12-11 08:24:17.024280|[g:1][CONSENSUS][SEALER]++++++++++++++++ Generating seal on,blkNum=1,tx=0,nodeIdx=0,hash=9d9432c5...
info|2019-12-11 08:24:17.025604|[g:1][CONSENSUS][PBFT]checkTimeout Succ,view=5764,toView=5765,nodeIdx=0,changeCycle=0,myNode=5f8c8907...,timecost=0.8
info|2019-12-11 08:24:17.033034|[g:1][CONSENSUS][PBFT]checkAndChangeView: Reach consensus,org_view=5764,org_changeCycle=0,cur_changeCycle=0,to_view=5765
info|2019-12-11 08:24:18.035268|[g:1][CONSENSUS]addRawPrepare,height=1,reqIdx=1,hash=aad28b8a...
info|2019-12-11 08:24:18.036296|[g:1][CONSENSUS][PBFT]checkTimeout Succ,view=5765,toView=5766,nodeIdx=0,changeCycle=0,myNode=5f8c8907...,timecost=0.817
info|2019-12-11 08:24:18.039945|[g:1][CONSENSUS][PBFT]checkAndChangeView: Reach consensus,org_view=5765,org_changeCycle=0,cur_changeCycle=0,to_view=5766
info|2019-12-11 08:24:19.043598|[g:1][CONSENSUS]addRawPrepare,height=1,reqIdx=2,hash=69f5e1fe...
info|2019-12-11 08:24:19.048727|[g:1][CONSENSUS][PBFT]checkTimeout Succ,view=5766,toView=5767,nodeIdx=0,changeCycle=0,myNode=5f8c8907...,timecost=4.629
info|2019-12-11 08:24:19.050513|[g:1][CONSENSUS][PBFT]checkAndChangeView: Reach consensus,org_view=5766,org_changeCycle=0,cur_changeCycle=0,to_view=5767
info|2019-12-11 08:24:20.050553|[g:1][CONSENSUS]addRawPrepare,height=1,reqIdx=3,hash=045a7e5c...
info|2019-12-11 08:24:20.051634|[g:1][CONSENSUS][PBFT]checkTimeout Succ,view=5767,toView=5768,nodeIdx=0,changeCycle=0,myNode=5f8c8907...,timecost=0.823
info|2019-12-11 08:24:20.055051|[g:1][CONSENSUS][PBFT]checkAndChangeView: Reach consensus,org_view=5767,org_changeCycle=0,cur_changeCycle=0,to_view=5768
info|2019-12-11 08:24:21.056144|[g:1][CONSENSUS][SEALER]++++++++++++++++ Generating seal on,blkNum=1,tx=0,nodeIdx=0,hash=2775cc0c...
info|2019-12-11 08:24:21.057556|[g:1][CONSENSUS][PBFT]checkTimeout Succ,view=5768,toView=5769,nodeIdx=0,changeCycle=0,myNode=5f8c8907...,timecost=0.764
info|2019-12-11 08:24:21.063491|[g:1][CONSENSUS][PBFT]checkAndChangeView: Reach consensus,org_view=5768,org_changeCycle=0,cur_changeCycle=0,to_view=5769
info|2019-12-11 08:24:22.068709|[g:1][CONSENSUS]addRawPrepare,height=1,reqIdx=1,hash=0cdbcd3d...
info|2019-12-11 08:24:22.069999|[g:1][CONSENSUS][PBFT]checkTimeout Succ,view=5769,toView=5770,nodeIdx=0,changeCycle=0,myNode=5f8c8907...,timecost=0.858
info|2019-12-11 08:24:22.073111|[g:1][CONSENSUS][PBFT]checkAndChangeView: Reach consensus,org_view=5769,org_changeCycle=0,cur_changeCycle=0,to_view=5770
info|2019-12-11 08:24:23.027479|[P2P][Service] heartBeat,connected count=3
info|2019-12-11 08:24:23.077472|[g:1][CONSENSUS]addRawPrepare,height=1,reqIdx=2,hash=9f23c83c...
info|2019-12-11 08:24:23.079132|[g:1][CONSENSUS][PBFT]checkTimeout Succ,view=5770,toView=5771,nodeIdx=0,changeCycle=0,myNode=5f8c8907...,timecost=1.374
info|2019-12-11 08:24:23.084518|[g:1][CONSENSUS][PBFT]checkAndChangeView: Reach consensus,org_view=5770,org_changeCycle=0,cur_changeCycle=0,to_view=5771
info|2019-12-11 08:24:24.083970|[g:1][CONSENSUS]addRawPrepare,height=1,reqIdx=3,hash=ae99b90d...
info|2019-12-11 08:24:24.084954|[g:1][CONSENSUS][PBFT]checkTimeout Succ,view=5771,toView=5772,nodeIdx=0,changeCycle=0,myNode=5f8c8907...,timecost=0.781
info|2019-12-11 08:24:24.090378|[g:1][CONSENSUS][PBFT]checkAndChangeView: Reach consensus,org_view=5771,org_changeCycle=0,cur_changeCycle=0,to_view=5772
info|2019-12-11 08:24:25.090621|[g:1][CONSENSUS][SEALER]++++++++++++++++ Generating seal on,blkNum=1,tx=0,nodeIdx=0,hash=33fe9512...
info|2019-12-11 08:24:25.095356|[g:1][CONSENSUS][PBFT]checkTimeout Succ,view=5772,toView=5773,nodeIdx=0,changeCycle=0,myNode=5f8c8907...,timecost=0.764
info|2019-12-11 08:24:25.097942|[g:1][CONSENSUS][PBFT]checkAndChangeView: Reach consensus,org_view=5772,org_changeCycle=0,cur_changeCycle=0,to_view=5773
info|2019-12-11 08:24:26.102913|[g:1][CONSENSUS]addRawPrepare,height=1,reqIdx=1,hash=241f2a2f...
info|2019-12-11 08:24:26.104280|[g:1][CONSENSUS][PBFT]checkTimeout Succ,view=5773,toView=5774,nodeIdx=0,changeCycle=0,myNode=5f8c8907...,timecost=0.912
info|2019-12-11 08:24:26.107159|[g:1][CONSENSUS][PBFT]checkAndChangeView: Reach consensus,org_view=5773,org_changeCycle=0,cur_changeCycle=0,to_view=5774
info|2019-12-11 08:24:27.111649|[g:1][CONSENSUS]addRawPrepare,height=1,reqIdx=2,hash=adc58a74...
info|2019-12-11 08:24:27.112927|[g:1][CONSENSUS][PBFT]checkTimeout Succ,view=5774,toView=5775,nodeIdx=0,changeCycle=0,myNode=5f8c8907...,timecost=1.033
info|2019-12-11 08:24:27.116817|[g:1][CONSENSUS][PBFT]checkAndChangeView: Reach consensus,org_view=5774,org_changeCycle=0,cur_changeCycle=0,to_view=5775
info|2019-12-11 08:24:28.118221|[g:1][CONSENSUS]addRawPrepare,height=1,reqIdx=3,hash=0a137e47...
info|2019-12-11 08:24:28.119611|[g:1][CONSENSUS][PBFT]checkTimeout Succ,view=5775,toView=5776,nodeIdx=0,changeCycle=0,myNode=5f8c8907...,timecost=1.146
info|2019-12-11 08:24:28.121749|[g:1][CONSENSUS][PBFT]checkAndChangeView: Reach consensus,org_view=5775,org_changeCycle=0,cur_changeCycle=0,to_view=5776
info|2019-12-11 08:24:29.121267|[g:1][CONSENSUS][SEALER]++++++++++++++++ Generating seal on,blkNum=1,tx=0,nodeIdx=0,hash=9f1c88da...
info|2019-12-11 08:24:29.122650|[g:1][CONSENSUS][PBFT]checkTimeout Succ,view=5776,toView=5777,nodeIdx=0,changeCycle=0,myNode=5f8c8907...,timecost=0.861
info|2019-12-11 08:24:29.128773|[g:1][CONSENSUS][PBFT]checkAndChangeView: Reach consensus,org_view=5776,org_changeCycle=0,cur_changeCycle=0,to_view=5777
info|2019-12-11 08:24:30.132865|[g:1][CONSENSUS]addRawPrepare,height=1,reqIdx=1,hash=c2e00107...
info|2019-12-11 08:24:30.135493|[g:1][CONSENSUS][PBFT]checkTimeout Succ,view=5777,toView=5778,nodeIdx=0,changeCycle=0,myNode=5f8c8907...,timecost=2.38
info|2019-12-11 08:24:30.138688|[g:1][CONSENSUS][PBFT]checkAndChangeView: Reach consensus,org_view=5777,org_changeCycle=0,cur_changeCycle=0,to_view=5778
info|2019-12-11 08:24:31.141100|[g:1][CONSENSUS]addRawPrepare,height=1,reqIdx=2,hash=c1fab8d9...
info|2019-12-11 08:24:31.142366|[g:1][CONSENSUS][PBFT]checkTimeout Succ,view=5778,toView=5779,nodeIdx=0,changeCycle=0,myNode=5f8c8907...,timecost=1.012
info|2019-12-11 08:24:31.147512|[g:1][CONSENSUS][PBFT]checkAndChangeView: Reach consensus,org_view=5778,org_changeCycle=0,cur_changeCycle=0,to_view=5779
info|2019-12-11 08:24:32.149449|[g:1][CONSENSUS]addRawPrepare,height=1,reqIdx=3,hash=3d20cc26...
info|2019-12-11 08:24:32.150618|[g:1][CONSENSUS][PBFT]checkTimeout Succ,view=5779,toView=5780,nodeIdx=0,changeCycle=0,myNode=5f8c8907...,timecost=0.893
info|2019-12-11 08:24:32.153332|[g:1][CONSENSUS][PBFT]checkAndChangeView: Reach consensus,org_view=5779,org_changeCycle=0,cur_changeCycle=0,to_view=5780
info|2019-12-11 08:24:33.032072|[P2P][Service] heartBeat,connected count=3
info|2019-12-11 08:24:33.153859|[g:1][CONSENSUS][SEALER]++++++++++++++++ Generating seal on,blkNum=1,tx=0,nodeIdx=0,hash=62034797...
info|2019-12-11 08:24:33.158298|[g:1][CONSENSUS][PBFT]checkTimeout Succ,view=5780,toView=5781,nodeIdx=0,changeCycle=0,myNode=5f8c8907...,timecost=0.548
info|2019-12-11 08:24:33.160303|[g:1][CONSENSUS][PBFT]checkAndChangeView: Reach consensus,org_view=5780,org_changeCycle=0,cur_changeCycle=0,to_view=5781
info|2019-12-11 08:36:21.010717|[P2P][Service] heartBeat,connected count=3
warning|2019-12-11 08:36:21.014188|[g:1][CONSENSUS][PBFT]ViewChangeWarning: not caused by omit empty block ,v=5781,toV=5782,curNum=0,hash=382ff964...,nodeIdx=0,myNode=5f8c8907...
info|2019-12-11 08:36:21.014360|[g:1][CONSENSUS][PBFT]checkTimeout Succ,view=5781,toView=5782,nodeIdx=0,changeCycle=1,myNode=5f8c8907...,timecost=0.511
info|2019-12-11 08:36:21.018973|[g:1][CONSENSUS][PBFT]checkAndChangeView: Reach consensus,org_view=5781,org_changeCycle=1,cur_changeCycle=1,to_view=5782
info|2019-12-11 08:36:22.022012|[g:1][CONSENSUS]addRawPrepare,height=1,reqIdx=2,hash=f5a713e0...
info|2019-12-11 08:36:22.023045|[g:1][CONSENSUS][PBFT]checkTimeout Succ,view=5782,toView=5783,nodeIdx=0,changeCycle=0,myNode=5f8c8907...,timecost=0.435
info|2019-12-11 08:36:22.024416|[g:1][CONSENSUS][PBFT]checkAndChangeView: Reach consensus,org_view=5782,org_changeCycle=0,cur_changeCycle=0,to_view=5783
info|2019-12-11 08:36:23.028139|[g:1][CONSENSUS]addRawPrepare,height=1,reqIdx=3,hash=2292e000...
info|2019-12-11 08:36:23.029127|[g:1][CONSENSUS][PBFT]checkTimeout Succ,view=5783,toView=5784,nodeIdx=0,changeCycle=0,myNode=5f8c8907...,timecost=0.749
info|2019-12-11 08:36:23.034443|[g:1][CONSENSUS][PBFT]checkAndChangeView: Reach consensus,org_view=5783,org_changeCycle=0,cur_changeCycle=0,to_view=5784
info|2019-12-11 08:36:24.035179|[g:1][CONSENSUS][SEALER]++++++++++++++++ Generating seal on,blkNum=1,tx=0,nodeIdx=0,hash=7d1a27b0...
info|2019-12-11 08:36:24.036577|[g:1][CONSENSUS][PBFT]checkTimeout Succ,view=5784,toView=5785,nodeIdx=0,changeCycle=0,myNode=5f8c8907...,timecost=0.866
info|2019-12-11 08:36:24.043122|[g:1][CONSENSUS][PBFT]checkAndChangeView: Reach consensus,org_view=5784,org_changeCycle=0,cur_changeCycle=0,to_view=5785
info|2019-12-11 08:36:25.419974|[g:1][CONSENSUS]addRawPrepare,height=1,reqIdx=1,hash=77dc4757...
info|2019-12-11 08:36:25.420670|[g:1][CONSENSUS][PBFT]checkTimeout Succ,view=5785,toView=5786,nodeIdx=0,changeCycle=0,myNode=5f8c8907...,timecost=0.512
info|2019-12-11 08:36:25.424392|[g:1][CONSENSUS][PBFT]checkAndChangeView: Reach consensus,org_view=5785,org_changeCycle=0,cur_changeCycle=0,to_view=5786
info|2019-12-11 08:36:26.428099|[g:1][CONSENSUS]addRawPrepare,height=1,reqIdx=2,hash=9a0e0b9d...
info|2019-12-11 08:36:26.429568|[g:1][CONSENSUS][PBFT]checkTimeout Succ,view=5786,toView=5787,nodeIdx=0,changeCycle=0,myNode=5f8c8907...,timecost=1.028
info|2019-12-11 08:36:26.433920|[g:1][CONSENSUS][PBFT]checkAndChangeView: Reach consensus,org_view=5786,org_changeCycle=0,cur_changeCycle=0,to_view=5787
info|2019-12-11 08:36:27.435167|[g:1][CONSENSUS]addRawPrepare,height=1,reqIdx=3,hash=0da7986c...
info|2019-12-11 08:36:27.436856|[g:1][CONSENSUS][PBFT]checkTimeout Succ,view=5787,toView=5788,nodeIdx=0,changeCycle=0,myNode=5f8c8907...,timecost=1.378
info|2019-12-11 08:36:27.439968|[g:1][CONSENSUS][PBFT]checkAndChangeView: Reach consensus,org_view=5787,org_changeCycle=0,cur_changeCycle=0,to_view=5788
info|2019-12-11 08:36:28.440598|[g:1][CONSENSUS][SEALER]++++++++++++++++ Generating seal on,blkNum=1,tx=0,nodeIdx=0,hash=61282810...
info|2019-12-11 08:36:28.441984|[g:1][CONSENSUS][PBFT]checkTimeout Succ,view=5788,toView=5789,nodeIdx=0,changeCycle=0,myNode=5f8c8907...,timecost=0.855
info|2019-12-11 08:36:28.448242|[g:1][CONSENSUS][PBFT]checkAndChangeView: Reach consensus,org_view=5788,org_changeCycle=0,cur_changeCycle=0,to_view=5789
info|2019-12-11 08:36:29.448827|[g:1][CONSENSUS]addRawPrepare,height=1,reqIdx=1,hash=f551fb04...
info|2019-12-11 08:36:29.449899|[g:1][CONSENSUS][PBFT]checkTimeout Succ,view=5789,toView=5790,nodeIdx=0,changeCycle=0,myNode=5f8c8907...,timecost=0.869
info|2019-12-11 08:36:29.452383|[g:1][CONSENSUS][PBFT]checkAndChangeView: Reach consensus,org_view=5789,org_changeCycle=0,cur_changeCycle=0,to_view=5790
info|2019-12-11 08:36:30.454886|[g:1][CONSENSUS]addRawPrepare,height=1,reqIdx=2,hash=c82176e2...
info|2019-12-11 08:36:30.455952|[g:1][CONSENSUS][PBFT]checkTimeout Succ,view=5790,toView=5791,nodeIdx=0,changeCycle=0,myNode=5f8c8907...,timecost=0.818
info|2019-12-11 08:36:30.459477|[g:1][CONSENSUS][PBFT]checkAndChangeView: Reach consensus,org_view=5790,org_changeCycle=0,cur_changeCycle=0,to_view=5791
info|2019-12-11 08:36:31.010899|[P2P][Service] heartBeat,connected count=3
info|2019-12-11 08:36:31.463799|[g:1][CONSENSUS]addRawPrepare,height=1,reqIdx=3,hash=a77370a3...
info|2019-12-11 08:36:31.464901|[g:1][CONSENSUS][PBFT]checkTimeout Succ,view=5791,toView=5792,nodeIdx=0,changeCycle=0,myNode=5f8c8907...,timecost=0.861
info|2019-12-11 08:36:31.467943|[g:1][CONSENSUS][PBFT]checkAndChangeView: Reach consensus,org_view=5791,org_changeCycle=0,cur_changeCycle=0,to_view=5792
info|2019-12-11 08:36:32.468197|[g:1][CONSENSUS][SEALER]++++++++++++++++ Generating seal on,blkNum=1,tx=0,nodeIdx=0,hash=685a54ba...
info|2019-12-11 08:36:32.469212|[g:1][CONSENSUS][PBFT]checkTimeout Succ,view=5792,toView=5793,nodeIdx=0,changeCycle=0,myNode=5f8c8907...,timecost=0.584
info|2019-12-11 08:36:32.472928|[g:1][CONSENSUS][PBFT]checkAndChangeView: Reach consensus,org_view=5792,org_changeCycle=0,cur_changeCycle=0,to_view=5793
info|2019-12-11 08:36:33.475421|[g:1][CONSENSUS]addRawPrepare,height=1,reqIdx=1,hash=ba6337c0...
info|2019-12-11 08:36:33.478487|[g:1][CONSENSUS][PBFT]checkTimeout Succ,view=5793,toView=5794,nodeIdx=0,changeCycle=0,myNode=5f8c8907...,timecost=2.821
info|2019-12-11 08:36:33.481917|[g:1][CONSENSUS][PBFT]checkAndChangeView: Reach consensus,org_view=5793,org_changeCycle=0,cur_changeCycle=0,to_view=5794
info|2019-12-11 08:36:34.481766|[g:1][CONSENSUS]addRawPrepare,height=1,reqIdx=2,hash=fe074d4d...
info|2019-12-11 08:36:34.483697|[g:1][CONSENSUS][PBFT]checkTimeout Succ,view=5794,toView=5795,nodeIdx=0,changeCycle=0,myNode=5f8c8907...,timecost=1.632
info|2019-12-11 08:36:34.488215|[g:1][CONSENSUS][PBFT]checkAndChangeView: Reach consensus,org_view=5794,org_changeCycle=0,cur_changeCycle=0,to_view=5795
info|2019-12-11 08:36:35.487404|[g:1][CONSENSUS]addRawPrepare,height=1,reqIdx=3,hash=ec4c90e1...
info|2019-12-11 08:36:35.488425|[g:1][CONSENSUS][PBFT]checkTimeout Succ,view=5795,toView=5796,nodeIdx=0,changeCycle=0,myNode=5f8c8907...,timecost=0.76
info|2019-12-11 08:36:35.491540|[g:1][CONSENSUS][PBFT]checkAndChangeView: Reach consensus,org_view=5795,org_changeCycle=0,cur_changeCycle=0,to_view=5796
info|2019-12-11 08:36:36.491364|[g:1][CONSENSUS][SEALER]++++++++++++++++ Generating seal on,blkNum=1,tx=0,nodeIdx=0,hash=80f1fc9c...
info|2019-12-11 08:36:36.492760|[g:1][CONSENSUS][PBFT]checkTimeout Succ,view=5796,toView=5797,nodeIdx=0,changeCycle=0,myNode=5f8c8907...,timecost=0.875
info|2019-12-11 08:36:36.498493|[g:1][CONSENSUS][PBFT]checkAndChangeView: Reach consensus,org_view=5796,org_changeCycle=0,cur_changeCycle=0,to_view=5797
info|2019-12-11 08:36:37.500608|[g:1][CONSENSUS]addRawPrepare,height=1,reqIdx=1,hash=7597875b...
info|2019-12-11 08:36:37.501893|[g:1][CONSENSUS][PBFT]checkTimeout Succ,view=5797,toView=5798,nodeIdx=0,changeCycle=0,myNode=5f8c8907...,timecost=1.053
info|2019-12-11 08:36:37.505978|[g:1][CONSENSUS][PBFT]checkAndChangeView: Reach consensus,org_view=5797,org_changeCycle=0,cur_changeCycle=0,to_view=5798
info|2019-12-11 08:36:38.509208|[g:1][CONSENSUS]addRawPrepare,height=1,reqIdx=2,hash=d24bed54...
info|2019-12-11 08:36:38.512461|[g:1][CONSENSUS][PBFT]checkTimeout Succ,view=5798,toView=5799,nodeIdx=0,changeCycle=0,myNode=5f8c8907...,timecost=2.918
info|2019-12-11 08:36:38.514922|[g:1][CONSENSUS][PBFT]checkAndChangeView: Reach consensus,org_view=5798,org_changeCycle=0,cur_changeCycle=0,to_view=5799
info|2019-12-11 08:36:39.516490|[g:1][CONSENSUS]addRawPrepare,height=1,reqIdx=3,hash=e55e8c87...
info|2019-12-11 08:36:39.518418|[g:1][CONSENSUS][PBFT]checkTimeout Succ,view=5799,toView=5800,nodeIdx=0,changeCycle=0,myNode=5f8c8907...,timecost=1.762
info|2019-12-11 08:36:39.521527|[g:1][CONSENSUS][PBFT]checkAndChangeView: Reach consensus,org_view=5799,org_changeCycle=0,cur_changeCycle=0,to_view=5800
info|2019-12-11 08:36:40.522101|[g:1][CONSENSUS][SEALER]++++++++++++++++ Generating seal on,blkNum=1,tx=0,nodeIdx=0,hash=c09ab51f...
info|2019-12-11 08:36:40.529431|[g:1][CONSENSUS][PBFT]checkTimeout Succ,view=5800,toView=5801,nodeIdx=0,changeCycle=0,myNode=5f8c8907...,timecost=1.98
info|2019-12-11 08:36:40.530900|[g:1][CONSENSUS][PBFT]checkAndChangeView: Reach consensus,org_view=5800,org_changeCycle=0,cur_changeCycle=0,to_view=5801
info|2019-12-11 08:36:41.016605|[P2P][Service] heartBeat,connected count=3
info|2019-12-11 08:36:41.531293|[g:1][CONSENSUS]addRawPrepare,height=1,reqIdx=1,hash=2309d001...
info|2019-12-11 08:36:41.532436|[g:1][CONSENSUS][PBFT]checkTimeout Succ,view=5801,toView=5802,nodeIdx=0,changeCycle=0,myNode=5f8c8907...,timecost=0.894
info|2019-12-11 08:36:41.536921|[g:1][CONSENSUS][PBFT]checkAndChangeView: Reach consensus,org_view=5801,org_changeCycle=0,cur_changeCycle=0,to_view=5802
info|2019-12-11 08:36:42.538230|[g:1][CONSENSUS]addRawPrepare,height=1,reqIdx=2,hash=db8132e1...
info|2019-12-11 08:36:42.539542|[g:1][CONSENSUS][PBFT]checkTimeout Succ,view=5802,toView=5803,nodeIdx=0,changeCycle=0,myNode=5f8c8907...,timecost=1.176
info|2019-12-11 08:36:42.541147|[g:1][CONSENSUS][PBFT]checkAndChangeView: Reach consensus,org_view=5802,org_changeCycle=0,cur_changeCycle=0,to_view=5803
info|2019-12-11 08:36:43.543239|[g:1][CONSENSUS]addRawPrepare,height=1,reqIdx=3,hash=03419132...
info|2019-12-11 08:36:43.543919|[g:1][CONSENSUS][PBFT]checkTimeout Succ,view=5803,toView=5804,nodeIdx=0,changeCycle=0,myNode=5f8c8907...,timecost=0.47
info|2019-12-11 08:36:43.545800|[g:1][CONSENSUS][PBFT]checkAndChangeView: Reach consensus,org_view=5803,org_changeCycle=0,cur_changeCycle=0,to_view=5804
info|2019-12-11 08:36:44.546753|[g:1][CONSENSUS][SEALER]++++++++++++++++ Generating seal on,blkNum=1,tx=0,nodeIdx=0,hash=a5904309...
info|2019-12-11 08:36:44.551959|[g:1][CONSENSUS][PBFT]checkTimeout Succ,view=5804,toView=5805,nodeIdx=0,changeCycle=0,myNode=5f8c8907...,timecost=0.788
info|2019-12-11 08:36:44.555507|[g:1][CONSENSUS][PBFT]checkAndChangeView: Reach consensus,org_view=5804,org_changeCycle=0,cur_changeCycle=0,to_view=5805
info|2019-12-11 08:36:45.555643|[g:1][CONSENSUS]addRawPrepare,height=1,reqIdx=1,hash=2d4c63e7...
info|2019-12-11 08:36:45.557365|[g:1][CONSENSUS][PBFT]checkTimeout Succ,view=5805,toView=5806,nodeIdx=0,changeCycle=0,myNode=5f8c8907...,timecost=1.473
info|2019-12-11 08:36:45.561119|[g:1][CONSENSUS][PBFT]checkAndChangeView: Reach consensus,org_view=5805,org_changeCycle=0,cur_changeCycle=0,to_view=5806
info|2019-12-11 08:36:46.563823|[g:1][CONSENSUS]addRawPrepare,height=1,reqIdx=2,hash=81ecc6b5...
info|2019-12-11 08:36:46.569254|[g:1][CONSENSUS][PBFT]checkTimeout Succ,view=5806,toView=5807,nodeIdx=0,changeCycle=0,myNode=5f8c8907...,timecost=5.189
info|2019-12-11 08:36:46.571034|[g:1][CONSENSUS][PBFT]checkAndChangeView: Reach consensus,org_view=5806,org_changeCycle=0,cur_changeCycle=0,to_view=5807
