warning|2019-12-11 04:35:26.017718|[g:1][CONSENSUS][PBFT]ViewChangeWarning: not caused by omit empty block ,v=5585,toV=5586,curNum=0,hash=382ff964...,nodeIdx=0,myNode=5f8c8907...
info|2019-12-11 04:35:26.019903|[P2P][Service] heartBeat,connected count=3
info|2019-12-11 04:35:26.019893|[g:1][CONSENSUS][PBFT]checkTimeout Succ,view=5585,toView=5586,nodeIdx=0,changeCycle=1,myNode=5f8c8907...,timecost=16.49
info|2019-12-11 04:35:26.022466|[g:1][CONSENSUS][PBFT]checkAndChangeView: Reach consensus,org_view=5585,org_changeCycle=1,cur_changeCycle=1,to_view=5586
info|2019-12-11 04:35:27.025570|[g:1][CONSENSUS]addRawPrepare,height=1,reqIdx=2,hash=3d218b2f...
info|2019-12-11 04:35:27.026284|[g:1][CONSENSUS][PBFT]checkTimeout Succ,view=5586,toView=5587,nodeIdx=0,changeCycle=0,myNode=5f8c8907...,timecost=0.51
info|2019-12-11 04:35:27.027881|[g:1][CONSENSUS][PBFT]checkAndChangeView: Reach consensus,org_view=5586,org_changeCycle=0,cur_changeCycle=0,to_view=5587
info|2019-12-11 04:35:28.031907|[g:1][CONSENSUS]addRawPrepare,height=1,reqIdx=3,hash=9bc924fd...
info|2019-12-11 04:35:28.033121|[g:1][CONSENSUS][PBFT]checkTimeout Succ,view=5587,toView=5588,nodeIdx=0,changeCycle=0,myNode=5f8c8907...,timecost=0.984
info|2019-12-11 04:35:28.037072|[g:1][CONSENSUS][PBFT]checkAndChangeView: Reach consensus,org_view=5587,org_changeCycle=0,cur_changeCycle=0,to_view=5588
info|2019-12-11 04:35:29.038415|[g:1][CONSENSUS][SEALER]++++++++++++++++ Generating seal on,blkNum=1,tx=0,nodeIdx=0,hash=f8cee1c4...
info|2019-12-11 04:35:29.039792|[g:1][CONSENSUS][PBFT]checkTimeout Succ,view=5588,toView=5589,nodeIdx=0,changeCycle=0,myNode=5f8c8907...,timecost=0.846
info|2019-12-11 04:35:29.045727|[g:1][CONSENSUS][PBFT]checkAndChangeView: Reach consensus,org_view=5588,org_changeCycle=0,cur_changeCycle=0,to_view=5589
info|2019-12-11 04:35:30.047042|[g:1][CONSENSUS]addRawPrepare,height=1,reqIdx=1,hash=e05b6c07...
info|2019-12-11 04:35:30.048401|[g:1][CONSENSUS][PBFT]checkTimeout Succ,view=5589,toView=5590,nodeIdx=0,changeCycle=0,myNode=5f8c8907...,timecost=1.065
info|2019-12-11 04:35:30.051549|[g:1][CONSENSUS][PBFT]checkAndChangeView: Reach consensus,org_view=5589,org_changeCycle=0,cur_changeCycle=0,to_view=5590
info|2019-12-11 04:35:31.056379|[g:1][CONSENSUS]addRawPrepare,height=1,reqIdx=2,hash=cedd47a6...
info|2019-12-11 04:35:31.060404|[g:1][CONSENSUS][PBFT]checkTimeout Succ,view=5590,toView=5591,nodeIdx=0,changeCycle=0,myNode=5f8c8907...,timecost=3.689
info|2019-12-11 04:35:31.063119|[g:1][CONSENSUS][PBFT]checkAndChangeView: Reach consensus,org_view=5590,org_changeCycle=0,cur_changeCycle=0,to_view=5591
info|2019-12-11 04:35:32.067197|[g:1][CONSENSUS]addRawPrepare,height=1,reqIdx=3,hash=59cf7885...
info|2019-12-11 04:35:32.068366|[g:1][CONSENSUS][PBFT]checkTimeout Succ,view=5591,toView=5592,nodeIdx=0,changeCycle=0,myNode=5f8c8907...,timecost=0.97
info|2019-12-11 04:35:32.071143|[g:1][CONSENSUS][PBFT]checkAndChangeView: Reach consensus,org_view=5591,org_changeCycle=0,cur_changeCycle=0,to_view=5592
info|2019-12-11 04:35:33.072675|[g:1][CONSENSUS][SEALER]++++++++++++++++ Generating seal on,blkNum=1,tx=0,nodeIdx=0,hash=13143ae9...
info|2019-12-11 04:35:33.079044|[g:1][CONSENSUS][PBFT]checkTimeout Succ,view=5592,toView=5593,nodeIdx=0,changeCycle=0,myNode=5f8c8907...,timecost=0.884
info|2019-12-11 04:35:33.080307|[g:1][CONSENSUS][PBFT]checkAndChangeView: Reach consensus,org_view=5592,org_changeCycle=0,cur_changeCycle=0,to_view=5593
info|2019-12-11 04:35:34.084100|[g:1][CONSENSUS]addRawPrepare,height=1,reqIdx=1,hash=8923ac5b...
info|2019-12-11 04:35:34.085330|[g:1][CONSENSUS][PBFT]checkTimeout Succ,view=5593,toView=5594,nodeIdx=0,changeCycle=0,myNode=5f8c8907...,timecost=0.981
info|2019-12-11 04:35:34.089977|[g:1][CONSENSUS][PBFT]checkAndChangeView: Reach consensus,org_view=5593,org_changeCycle=0,cur_changeCycle=0,to_view=5594
info|2019-12-11 04:35:35.091273|[g:1][CONSENSUS]addRawPrepare,height=1,reqIdx=2,hash=825d6cd4...
info|2019-12-11 04:35:35.092262|[g:1][CONSENSUS][PBFT]checkTimeout Succ,view=5594,toView=5595,nodeIdx=0,changeCycle=0,myNode=5f8c8907...,timecost=0.779
info|2019-12-11 04:35:35.097247|[g:1][CONSENSUS][PBFT]checkAndChangeView: Reach consensus,org_view=5594,org_changeCycle=0,cur_changeCycle=0,to_view=5595
info|2019-12-11 04:35:36.021890|[P2P][Service] heartBeat,connected count=3
info|2019-12-11 04:35:36.101452|[g:1][CONSENSUS]addRawPrepare,height=1,reqIdx=3,hash=58d161d3...
info|2019-12-11 04:35:36.104260|[g:1][CONSENSUS][PBFT]checkTimeout Succ,view=5595,toView=5596,nodeIdx=0,changeCycle=0,myNode=5f8c8907...,timecost=2.59
info|2019-12-11 04:35:36.107152|[g:1][CONSENSUS][PBFT]checkAndChangeView: Reach consensus,org_view=5595,org_changeCycle=0,cur_changeCycle=0,to_view=5596
info|2019-12-11 04:35:37.108284|[g:1][CONSENSUS][SEALER]++++++++++++++++ Generating seal on,blkNum=1,tx=0,nodeIdx=0,hash=19564201...
info|2019-12-11 04:35:37.109667|[g:1][CONSENSUS][PBFT]checkTimeout Succ,view=5596,toView=5597,nodeIdx=0,changeCycle=0,myNode=5f8c8907...,timecost=0.854
info|2019-12-11 04:35:37.115140|[g:1][CONSENSUS][PBFT]checkAndChangeView: Reach consensus,org_view=5596,org_changeCycle=0,cur_changeCycle=0,to_view=5597
info|2019-12-11 04:35:38.119428|[g:1][CONSENSUS]addRawPrepare,height=1,reqIdx=1,hash=ba9b3606...
info|2019-12-11 04:35:38.121422|[g:1][CONSENSUS][PBFT]checkTimeout Succ,view=5597,toView=5598,nodeIdx=0,changeCycle=0,myNode=5f8c8907...,timecost=1.765
info|2019-12-11 04:35:38.125410|[g:1][CONSENSUS][PBFT]checkAndChangeView: Reach consensus,org_view=5597,org_changeCycle=0,cur_changeCycle=0,to_view=5598
info|2019-12-11 04:35:39.126132|[g:1][CONSENSUS]addRawPrepare,height=1,reqIdx=2,hash=6df517a1...
info|2019-12-11 04:35:39.127853|[g:1][CONSENSUS][PBFT]checkTimeout Succ,view=5598,toView=5599,nodeIdx=0,changeCycle=0,myNode=5f8c8907...,timecost=1.518
info|2019-12-11 04:35:39.131057|[g:1][CONSENSUS][PBFT]checkAndChangeView: Reach consensus,org_view=5598,org_changeCycle=0,cur_changeCycle=0,to_view=5599
info|2019-12-11 04:35:40.132355|[g:1][CONSENSUS]addRawPrepare,height=1,reqIdx=3,hash=6095621c...
info|2019-12-11 04:35:40.133629|[g:1][CONSENSUS][PBFT]checkTimeout Succ,view=5599,toView=5600,nodeIdx=0,changeCycle=0,myNode=5f8c8907...,timecost=1.033
info|2019-12-11 04:35:40.137160|[g:1][CONSENSUS][PBFT]checkAndChangeView: Reach consensus,org_view=5599,org_changeCycle=0,cur_changeCycle=0,to_view=5600
info|2019-12-11 04:35:41.137901|[g:1][CONSENSUS][SEALER]++++++++++++++++ Generating seal on,blkNum=1,tx=0,nodeIdx=0,hash=fb4904c7...
info|2019-12-11 04:35:41.144647|[g:1][CONSENSUS][PBFT]checkTimeout Succ,view=5600,toView=5601,nodeIdx=0,changeCycle=0,myNode=5f8c8907...,timecost=1.086
info|2019-12-11 04:35:41.145871|[g:1][CONSENSUS][PBFT]checkAndChangeView: Reach consensus,org_view=5600,org_changeCycle=0,cur_changeCycle=0,to_view=5601
info|2019-12-11 04:35:42.149267|[g:1][CONSENSUS]addRawPrepare,height=1,reqIdx=1,hash=59841af0...
info|2019-12-11 04:35:42.151366|[g:1][CONSENSUS][PBFT]checkTimeout Succ,view=5601,toView=5602,nodeIdx=0,changeCycle=0,myNode=5f8c8907...,timecost=1.859
info|2019-12-11 04:35:42.154316|[g:1][CONSENSUS][PBFT]checkAndChangeView: Reach consensus,org_view=5601,org_changeCycle=0,cur_changeCycle=0,to_view=5602
info|2019-12-11 04:35:43.156135|[g:1][CONSENSUS]addRawPrepare,height=1,reqIdx=2,hash=5ac198fe...
info|2019-12-11 04:35:43.157206|[g:1][CONSENSUS][PBFT]checkTimeout Succ,view=5602,toView=5603,nodeIdx=0,changeCycle=0,myNode=5f8c8907...,timecost=0.848
info|2019-12-11 04:35:43.161650|[g:1][CONSENSUS][PBFT]checkAndChangeView: Reach consensus,org_view=5602,org_changeCycle=0,cur_changeCycle=0,to_view=5603
info|2019-12-11 04:35:44.163807|[g:1][CONSENSUS]addRawPrepare,height=1,reqIdx=3,hash=7b3d6c82...
info|2019-12-11 04:35:44.165624|[g:1][CONSENSUS][PBFT]checkTimeout Succ,view=5603,toView=5604,nodeIdx=0,changeCycle=0,myNode=5f8c8907...,timecost=1.575
info|2019-12-11 04:35:44.168151|[g:1][CONSENSUS][PBFT]checkAndChangeView: Reach consensus,org_view=5603,org_changeCycle=0,cur_changeCycle=0,to_view=5604
info|2019-12-11 04:35:45.169765|[g:1][CONSENSUS][SEALER]++++++++++++++++ Generating seal on,blkNum=1,tx=0,nodeIdx=0,hash=3e2a6544...
info|2019-12-11 04:35:45.174972|[g:1][CONSENSUS][PBFT]checkTimeout Succ,view=5604,toView=5605,nodeIdx=0,changeCycle=0,myNode=5f8c8907...,timecost=1.41
info|2019-12-11 04:35:45.177447|[g:1][CONSENSUS][PBFT]checkAndChangeView: Reach consensus,org_view=5604,org_changeCycle=0,cur_changeCycle=0,to_view=5605
info|2019-12-11 04:35:46.029830|[P2P][Service] heartBeat,connected count=3
info|2019-12-11 04:35:46.179840|[g:1][CONSENSUS]addRawPrepare,height=1,reqIdx=1,hash=5cffed5c...
info|2019-12-11 04:35:46.180922|[g:1][CONSENSUS][PBFT]checkTimeout Succ,view=5605,toView=5606,nodeIdx=0,changeCycle=0,myNode=5f8c8907...,timecost=0.87
info|2019-12-11 04:35:46.184843|[g:1][CONSENSUS][PBFT]checkAndChangeView: Reach consensus,org_view=5605,org_changeCycle=0,cur_changeCycle=0,to_view=5606
info|2019-12-11 04:35:47.189940|[g:1][CONSENSUS]addRawPrepare,height=1,reqIdx=2,hash=564c6702...
info|2019-12-11 04:35:47.190942|[g:1][CONSENSUS][PBFT]checkTimeout Succ,view=5606,toView=5607,nodeIdx=0,changeCycle=0,myNode=5f8c8907...,timecost=0.763
info|2019-12-11 04:35:47.196097|[g:1][CONSENSUS][PBFT]checkAndChangeView: Reach consensus,org_view=5606,org_changeCycle=0,cur_changeCycle=0,to_view=5607
info|2019-12-11 04:35:48.198396|[g:1][CONSENSUS]addRawPrepare,height=1,reqIdx=3,hash=418d472e...
info|2019-12-11 04:35:48.201619|[g:1][CONSENSUS][PBFT]checkTimeout Succ,view=5607,toView=5608,nodeIdx=0,changeCycle=0,myNode=5f8c8907...,timecost=2.975
info|2019-12-11 04:35:48.204121|[g:1][CONSENSUS][PBFT]checkAndChangeView: Reach consensus,org_view=5607,org_changeCycle=0,cur_changeCycle=0,to_view=5608
info|2019-12-11 04:35:49.205857|[g:1][CONSENSUS][SEALER]++++++++++++++++ Generating seal on,blkNum=1,tx=0,nodeIdx=0,hash=81fdce28...
info|2019-12-11 04:35:49.207158|[g:1][CONSENSUS][PBFT]checkTimeout Succ,view=5608,toView=5609,nodeIdx=0,changeCycle=0,myNode=5f8c8907...,timecost=0.781
info|2019-12-11 04:35:49.212543|[g:1][CONSENSUS][PBFT]checkAndChangeView: Reach consensus,org_view=5608,org_changeCycle=0,cur_changeCycle=0,to_view=5609
info|2019-12-11 04:35:50.216657|[g:1][CONSENSUS]addRawPrepare,height=1,reqIdx=1,hash=681e118c...
info|2019-12-11 04:35:50.217914|[g:1][CONSENSUS][PBFT]checkTimeout Succ,view=5609,toView=5610,nodeIdx=0,changeCycle=0,myNode=5f8c8907...,timecost=0.869
info|2019-12-11 04:35:50.221691|[g:1][CONSENSUS][PBFT]checkAndChangeView: Reach consensus,org_view=5609,org_changeCycle=0,cur_changeCycle=0,to_view=5610
info|2019-12-11 04:35:51.224512|[g:1][CONSENSUS]addRawPrepare,height=1,reqIdx=2,hash=dbc6cb0a...
info|2019-12-11 04:35:51.226074|[g:1][CONSENSUS][PBFT]checkTimeout Succ,view=5610,toView=5611,nodeIdx=0,changeCycle=0,myNode=5f8c8907...,timecost=1.263
info|2019-12-11 04:35:51.231519|[g:1][CONSENSUS][PBFT]checkAndChangeView: Reach consensus,org_view=5610,org_changeCycle=0,cur_changeCycle=0,to_view=5611
info|2019-12-11 04:35:52.231150|[g:1][CONSENSUS]addRawPrepare,height=1,reqIdx=3,hash=db89c70b...
info|2019-12-11 04:35:52.233249|[g:1][CONSENSUS][PBFT]checkTimeout Succ,view=5611,toView=5612,nodeIdx=0,changeCycle=0,myNode=5f8c8907...,timecost=1.805
info|2019-12-11 04:35:52.236089|[g:1][CONSENSUS][PBFT]checkAndChangeView: Reach consensus,org_view=5611,org_changeCycle=0,cur_changeCycle=0,to_view=5612
info|2019-12-11 04:35:53.236861|[g:1][CONSENSUS][SEALER]++++++++++++++++ Generating seal on,blkNum=1,tx=0,nodeIdx=0,hash=dadf7313...
info|2019-12-11 04:35:53.238333|[g:1][CONSENSUS][PBFT]checkTimeout Succ,view=5612,toView=5613,nodeIdx=0,changeCycle=0,myNode=5f8c8907...,timecost=0.89
info|2019-12-11 04:35:53.244452|[g:1][CONSENSUS][PBFT]checkAndChangeView: Reach consensus,org_view=5612,org_changeCycle=0,cur_changeCycle=0,to_view=5613
info|2019-12-11 04:35:54.244898|[g:1][CONSENSUS]addRawPrepare,height=1,reqIdx=1,hash=0ccb7577...
info|2019-12-11 04:35:54.246330|[g:1][CONSENSUS][PBFT]checkTimeout Succ,view=5613,toView=5614,nodeIdx=0,changeCycle=0,myNode=5f8c8907...,timecost=1.186
info|2019-12-11 04:35:54.251501|[g:1][CONSENSUS][PBFT]checkAndChangeView: Reach consensus,org_view=5613,org_changeCycle=0,cur_changeCycle=0,to_view=5614
info|2019-12-11 04:35:55.254355|[g:1][CONSENSUS]addRawPrepare,height=1,reqIdx=2,hash=e5e4bd9f...
info|2019-12-11 04:35:55.255505|[g:1][CONSENSUS][PBFT]checkTimeout Succ,view=5614,toView=5615,nodeIdx=0,changeCycle=0,myNode=5f8c8907...,timecost=0.904
info|2019-12-11 04:35:55.259515|[g:1][CONSENSUS][PBFT]checkAndChangeView: Reach consensus,org_view=5614,org_changeCycle=0,cur_changeCycle=0,to_view=5615
info|2019-12-11 04:35:56.035843|[P2P][Service] heartBeat,connected count=3
info|2019-12-11 04:35:56.262817|[g:1][CONSENSUS]addRawPrepare,height=1,reqIdx=3,hash=9de4195f...
info|2019-12-11 04:35:56.263995|[g:1][CONSENSUS][PBFT]checkTimeout Succ,view=5615,toView=5616,nodeIdx=0,changeCycle=0,myNode=5f8c8907...,timecost=0.926
info|2019-12-11 04:35:56.270119|[g:1][CONSENSUS][PBFT]checkAndChangeView: Reach consensus,org_view=5615,org_changeCycle=0,cur_changeCycle=0,to_view=5616
info|2019-12-11 04:35:57.270471|[g:1][CONSENSUS][SEALER]++++++++++++++++ Generating seal on,blkNum=1,tx=0,nodeIdx=0,hash=7ab43ef5...
info|2019-12-11 04:35:57.271822|[g:1][CONSENSUS][PBFT]checkTimeout Succ,view=5616,toView=5617,nodeIdx=0,changeCycle=0,myNode=5f8c8907...,timecost=0.83
info|2019-12-11 04:35:57.277581|[g:1][CONSENSUS][PBFT]checkAndChangeView: Reach consensus,org_view=5616,org_changeCycle=0,cur_changeCycle=0,to_view=5617
info|2019-12-11 04:35:58.278673|[g:1][CONSENSUS]addRawPrepare,height=1,reqIdx=1,hash=639600bd...
info|2019-12-11 04:35:58.280161|[g:1][CONSENSUS][PBFT]checkTimeout Succ,view=5617,toView=5618,nodeIdx=0,changeCycle=0,myNode=5f8c8907...,timecost=1.345
info|2019-12-11 04:35:58.285261|[g:1][CONSENSUS][PBFT]checkAndChangeView: Reach consensus,org_view=5617,org_changeCycle=0,cur_changeCycle=0,to_view=5618
info|2019-12-11 04:35:59.286509|[g:1][CONSENSUS]addRawPrepare,height=1,reqIdx=2,hash=eac08e6c...
info|2019-12-11 04:35:59.288952|[g:1][CONSENSUS][PBFT]checkTimeout Succ,view=5618,toView=5619,nodeIdx=0,changeCycle=0,myNode=5f8c8907...,timecost=1.85
info|2019-12-11 04:35:59.292125|[g:1][CONSENSUS][PBFT]checkAndChangeView: Reach consensus,org_view=5618,org_changeCycle=0,cur_changeCycle=0,to_view=5619
info|2019-12-11 04:36:00.295250|[g:1][CONSENSUS]addRawPrepare,height=1,reqIdx=3,hash=e2470e19...
info|2019-12-11 04:36:00.297361|[g:1][CONSENSUS][PBFT]checkTimeout Succ,view=5619,toView=5620,nodeIdx=0,changeCycle=0,myNode=5f8c8907...,timecost=1.831
info|2019-12-11 04:36:00.299900|[g:1][CONSENSUS][PBFT]checkAndChangeView: Reach consensus,org_view=5619,org_changeCycle=0,cur_changeCycle=0,to_view=5620
info|2019-12-11 04:36:01.300279|[g:1][CONSENSUS][SEALER]++++++++++++++++ Generating seal on,blkNum=1,tx=0,nodeIdx=0,hash=eb48e717...
info|2019-12-11 04:36:01.302043|[g:1][CONSENSUS][PBFT]checkTimeout Succ,view=5620,toView=5621,nodeIdx=0,changeCycle=0,myNode=5f8c8907...,timecost=1.216
info|2019-12-11 04:36:01.308011|[g:1][CONSENSUS][PBFT]checkAndChangeView: Reach consensus,org_view=5620,org_changeCycle=0,cur_changeCycle=0,to_view=5621
info|2019-12-11 04:36:02.309950|[g:1][CONSENSUS]addRawPrepare,height=1,reqIdx=1,hash=68610859...
info|2019-12-11 04:36:02.311634|[g:1][CONSENSUS][PBFT]checkTimeout Succ,view=5621,toView=5622,nodeIdx=0,changeCycle=0,myNode=5f8c8907...,timecost=1.381
info|2019-12-11 04:36:02.314848|[g:1][CONSENSUS][PBFT]checkAndChangeView: Reach consensus,org_view=5621,org_changeCycle=0,cur_changeCycle=0,to_view=5622
info|2019-12-11 04:36:03.317028|[g:1][CONSENSUS]addRawPrepare,height=1,reqIdx=2,hash=c4de1596...
info|2019-12-11 04:36:03.318255|[g:1][CONSENSUS][PBFT]checkTimeout Succ,view=5622,toView=5623,nodeIdx=0,changeCycle=0,myNode=5f8c8907...,timecost=0.889
info|2019-12-11 04:36:03.321618|[g:1][CONSENSUS][PBFT]checkAndChangeView: Reach consensus,org_view=5622,org_changeCycle=0,cur_changeCycle=0,to_view=5623
info|2019-12-11 04:36:04.325999|[g:1][CONSENSUS]addRawPrepare,height=1,reqIdx=3,hash=1720d82c...
info|2019-12-11 04:36:04.327514|[g:1][CONSENSUS][PBFT]checkTimeout Succ,view=5623,toView=5624,nodeIdx=0,changeCycle=0,myNode=5f8c8907...,timecost=1.188
info|2019-12-11 04:36:04.330546|[g:1][CONSENSUS][PBFT]checkAndChangeView: Reach consensus,org_view=5623,org_changeCycle=0,cur_changeCycle=0,to_view=5624
info|2019-12-11 04:36:05.330512|[g:1][CONSENSUS][SEALER]++++++++++++++++ Generating seal on,blkNum=1,tx=0,nodeIdx=0,hash=fff092c7...
info|2019-12-11 04:36:05.335320|[g:1][CONSENSUS][PBFT]checkTimeout Succ,view=5624,toView=5625,nodeIdx=0,changeCycle=0,myNode=5f8c8907...,timecost=0.846
info|2019-12-11 04:36:05.338035|[g:1][CONSENSUS][PBFT]checkAndChangeView: Reach consensus,org_view=5624,org_changeCycle=0,cur_changeCycle=0,to_view=5625
info|2019-12-11 04:36:06.037711|[P2P][Service] heartBeat,connected count=3
info|2019-12-11 04:36:06.340769|[g:1][CONSENSUS]addRawPrepare,height=1,reqIdx=1,hash=d5f8602b...
info|2019-12-11 04:36:06.342098|[g:1][CONSENSUS][PBFT]checkTimeout Succ,view=5625,toView=5626,nodeIdx=0,changeCycle=0,myNode=5f8c8907...,timecost=0.804
info|2019-12-11 04:36:06.347535|[g:1][CONSENSUS][PBFT]checkAndChangeView: Reach consensus,org_view=5625,org_changeCycle=0,cur_changeCycle=0,to_view=5626
info|2019-12-11 04:36:07.348770|[g:1][CONSENSUS]addRawPrepare,height=1,reqIdx=2,hash=8e74880b...
info|2019-12-11 04:36:07.349932|[g:1][CONSENSUS][PBFT]checkTimeout Succ,view=5626,toView=5627,nodeIdx=0,changeCycle=0,myNode=5f8c8907...,timecost=0.913
info|2019-12-11 04:36:07.355113|[g:1][CONSENSUS][PBFT]checkAndChangeView: Reach consensus,org_view=5626,org_changeCycle=0,cur_changeCycle=0,to_view=5627
info|2019-12-11 04:36:08.357029|[g:1][CONSENSUS]addRawPrepare,height=1,reqIdx=3,hash=7d1a5121...
info|2019-12-11 04:36:08.361771|[g:1][CONSENSUS][PBFT]checkTimeout Succ,view=5627,toView=5628,nodeIdx=0,changeCycle=0,myNode=5f8c8907...,timecost=4.498
info|2019-12-11 04:36:08.363560|[g:1][CONSENSUS][PBFT]checkAndChangeView: Reach consensus,org_view=5627,org_changeCycle=0,cur_changeCycle=0,to_view=5628
info|2019-12-11 04:36:09.364684|[g:1][CONSENSUS][SEALER]++++++++++++++++ Generating seal on,blkNum=1,tx=0,nodeIdx=0,hash=2f6dd5a0...
info|2019-12-11 04:36:09.366052|[g:1][CONSENSUS][PBFT]checkTimeout Succ,view=5628,toView=5629,nodeIdx=0,changeCycle=0,myNode=5f8c8907...,timecost=0.842
info|2019-12-11 04:36:09.371091|[g:1][CONSENSUS][PBFT]checkAndChangeView: Reach consensus,org_view=5628,org_changeCycle=0,cur_changeCycle=0,to_view=5629
info|2019-12-11 04:36:10.374111|[g:1][CONSENSUS]addRawPrepare,height=1,reqIdx=1,hash=accafd18...
info|2019-12-11 04:36:10.375324|[g:1][CONSENSUS][PBFT]checkTimeout Succ,view=5629,toView=5630,nodeIdx=0,changeCycle=0,myNode=5f8c8907...,timecost=1.006
info|2019-12-11 04:36:10.380590|[g:1][CONSENSUS][PBFT]checkAndChangeView: Reach consensus,org_view=5629,org_changeCycle=0,cur_changeCycle=0,to_view=5630
info|2019-12-11 04:36:11.383205|[g:1][CONSENSUS]addRawPrepare,height=1,reqIdx=2,hash=ee414623...
info|2019-12-11 04:36:11.386405|[g:1][CONSENSUS][PBFT]checkTimeout Succ,view=5630,toView=5631,nodeIdx=0,changeCycle=0,myNode=5f8c8907...,timecost=2.445
info|2019-12-11 04:36:11.389229|[g:1][CONSENSUS][PBFT]checkAndChangeView: Reach consensus,org_view=5630,org_changeCycle=0,cur_changeCycle=0,to_view=5631
info|2019-12-11 04:36:12.392647|[g:1][CONSENSUS]addRawPrepare,height=1,reqIdx=3,hash=314d8f0d...
info|2019-12-11 04:36:12.394657|[g:1][CONSENSUS][PBFT]checkTimeout Succ,view=5631,toView=5632,nodeIdx=0,changeCycle=0,myNode=5f8c8907...,timecost=1.379
info|2019-12-11 04:36:12.399447|[g:1][CONSENSUS][PBFT]checkAndChangeView: Reach consensus,org_view=5631,org_changeCycle=0,cur_changeCycle=0,to_view=5632
info|2019-12-11 04:36:13.399537|[g:1][CONSENSUS][SEALER]++++++++++++++++ Generating seal on,blkNum=1,tx=0,nodeIdx=0,hash=e2954bf1...
info|2019-12-11 04:36:13.406908|[g:1][CONSENSUS][PBFT]checkTimeout Succ,view=5632,toView=5633,nodeIdx=0,changeCycle=0,myNode=5f8c8907...,timecost=2.086
info|2019-12-11 04:36:13.408111|[g:1][CONSENSUS][PBFT]checkAndChangeView: Reach consensus,org_view=5632,org_changeCycle=0,cur_changeCycle=0,to_view=5633
info|2019-12-11 04:36:14.409623|[g:1][CONSENSUS]addRawPrepare,height=1,reqIdx=1,hash=6b781b3b...
info|2019-12-11 04:36:14.411823|[g:1][CONSENSUS][PBFT]checkTimeout Succ,view=5633,toView=5634,nodeIdx=0,changeCycle=0,myNode=5f8c8907...,timecost=1.962
info|2019-12-11 04:36:14.415178|[g:1][CONSENSUS][PBFT]checkAndChangeView: Reach consensus,org_view=5633,org_changeCycle=0,cur_changeCycle=0,to_view=5634
info|2019-12-11 04:36:15.418201|[g:1][CONSENSUS]addRawPrepare,height=1,reqIdx=2,hash=0c03030b...
info|2019-12-11 04:36:15.419357|[g:1][CONSENSUS][PBFT]checkTimeout Succ,view=5634,toView=5635,nodeIdx=0,changeCycle=0,myNode=5f8c8907...,timecost=0.905
info|2019-12-11 04:36:15.424614|[g:1][CONSENSUS][PBFT]checkAndChangeView: Reach consensus,org_view=5634,org_changeCycle=0,cur_changeCycle=0,to_view=5635
info|2019-12-11 04:36:16.046480|[P2P][Service] heartBeat,connected count=3
info|2019-12-11 04:36:16.424770|[g:1][CONSENSUS]addRawPrepare,height=1,reqIdx=3,hash=c223a25a...
info|2019-12-11 04:36:16.425916|[g:1][CONSENSUS][PBFT]checkTimeout Succ,view=5635,toView=5636,nodeIdx=0,changeCycle=0,myNode=5f8c8907...,timecost=0.9
info|2019-12-11 04:36:16.430036|[g:1][CONSENSUS][PBFT]checkAndChangeView: Reach consensus,org_view=5635,org_changeCycle=0,cur_changeCycle=0,to_view=5636
info|2019-12-11 04:36:17.431503|[g:1][CONSENSUS][SEALER]++++++++++++++++ Generating seal on,blkNum=1,tx=0,nodeIdx=0,hash=938e622b...
info|2019-12-11 04:36:17.432848|[g:1][CONSENSUS][PBFT]checkTimeout Succ,view=5636,toView=5637,nodeIdx=0,changeCycle=0,myNode=5f8c8907...,timecost=0.762
info|2019-12-11 04:36:17.438677|[g:1][CONSENSUS][PBFT]checkAndChangeView: Reach consensus,org_view=5636,org_changeCycle=0,cur_changeCycle=0,to_view=5637
info|2019-12-11 04:36:18.440656|[g:1][CONSENSUS]addRawPrepare,height=1,reqIdx=1,hash=8f6f984a...
info|2019-12-11 04:36:18.442657|[g:1][CONSENSUS][PBFT]checkTimeout Succ,view=5637,toView=5638,nodeIdx=0,changeCycle=0,myNode=5f8c8907...,timecost=1.757
info|2019-12-11 04:36:18.445584|[g:1][CONSENSUS][PBFT]checkAndChangeView: Reach consensus,org_view=5637,org_changeCycle=0,cur_changeCycle=0,to_view=5638
info|2019-12-11 04:36:19.448578|[g:1][CONSENSUS]addRawPrepare,height=1,reqIdx=2,hash=213c6035...
info|2019-12-11 04:36:19.450911|[g:1][CONSENSUS][PBFT]checkTimeout Succ,view=5638,toView=5639,nodeIdx=0,changeCycle=0,myNode=5f8c8907...,timecost=1.776
info|2019-12-11 04:36:19.454450|[g:1][CONSENSUS][PBFT]checkAndChangeView: Reach consensus,org_view=5638,org_changeCycle=0,cur_changeCycle=0,to_view=5639
info|2019-12-11 04:36:20.457841|[g:1][CONSENSUS]addRawPrepare,height=1,reqIdx=3,hash=c690f0e0...
info|2019-12-11 04:36:20.459307|[g:1][CONSENSUS][PBFT]checkTimeout Succ,view=5639,toView=5640,nodeIdx=0,changeCycle=0,myNode=5f8c8907...,timecost=1.261
info|2019-12-11 04:36:20.464026|[g:1][CONSENSUS][PBFT]checkAndChangeView: Reach consensus,org_view=5639,org_changeCycle=0,cur_changeCycle=0,to_view=5640
info|2019-12-11 04:36:21.464455|[g:1][CONSENSUS][SEALER]++++++++++++++++ Generating seal on,blkNum=1,tx=0,nodeIdx=0,hash=39e67ddf...
info|2019-12-11 04:36:21.465897|[g:1][CONSENSUS][PBFT]checkTimeout Succ,view=5640,toView=5641,nodeIdx=0,changeCycle=0,myNode=5f8c8907...,timecost=0.921
info|2019-12-11 04:36:21.472585|[g:1][CONSENSUS][PBFT]checkAndChangeView: Reach consensus,org_view=5640,org_changeCycle=0,cur_changeCycle=0,to_view=5641
info|2019-12-11 04:36:22.474630|[g:1][CONSENSUS]addRawPrepare,height=1,reqIdx=1,hash=4b4bfa35...
info|2019-12-11 04:36:22.475647|[g:1][CONSENSUS][PBFT]checkTimeout Succ,view=5641,toView=5642,nodeIdx=0,changeCycle=0,myNode=5f8c8907...,timecost=0.773
info|2019-12-11 04:36:22.478379|[g:1][CONSENSUS][PBFT]checkAndChangeView: Reach consensus,org_view=5641,org_changeCycle=0,cur_changeCycle=0,to_view=5642
info|2019-12-11 04:36:23.484550|[g:1][CONSENSUS]addRawPrepare,height=1,reqIdx=2,hash=1869ec7d...
info|2019-12-11 04:36:23.486172|[g:1][CONSENSUS][PBFT]checkTimeout Succ,view=5642,toView=5643,nodeIdx=0,changeCycle=0,myNode=5f8c8907...,timecost=1.28
info|2019-12-11 04:36:23.488920|[g:1][CONSENSUS][PBFT]checkAndChangeView: Reach consensus,org_view=5642,org_changeCycle=0,cur_changeCycle=0,to_view=5643
info|2019-12-11 04:36:24.490654|[g:1][CONSENSUS]addRawPrepare,height=1,reqIdx=3,hash=82354b8e...
info|2019-12-11 04:36:24.491738|[g:1][CONSENSUS][PBFT]checkTimeout Succ,view=5643,toView=5644,nodeIdx=0,changeCycle=0,myNode=5f8c8907...,timecost=0.846
info|2019-12-11 04:36:24.496784|[g:1][CONSENSUS][PBFT]checkAndChangeView: Reach consensus,org_view=5643,org_changeCycle=0,cur_changeCycle=0,to_view=5644
info|2019-12-11 04:36:25.496721|[g:1][CONSENSUS][SEALER]++++++++++++++++ Generating seal on,blkNum=1,tx=0,nodeIdx=0,hash=3b8553ee...
info|2019-12-11 04:36:25.502573|[g:1][CONSENSUS][PBFT]checkTimeout Succ,view=5644,toView=5645,nodeIdx=0,changeCycle=0,myNode=5f8c8907...,timecost=0.81
info|2019-12-11 04:36:25.503729|[g:1][CONSENSUS][PBFT]checkAndChangeView: Reach consensus,org_view=5644,org_changeCycle=0,cur_changeCycle=0,to_view=5645
info|2019-12-11 04:36:26.050440|[P2P][Service] heartBeat,connected count=3
info|2019-12-11 04:36:26.507725|[g:1][CONSENSUS]addRawPrepare,height=1,reqIdx=1,hash=44772a3e...
info|2019-12-11 04:36:26.508994|[g:1][CONSENSUS][PBFT]checkTimeout Succ,view=5645,toView=5646,nodeIdx=0,changeCycle=0,myNode=5f8c8907...,timecost=0.803
info|2019-12-11 04:36:26.512809|[g:1][CONSENSUS][PBFT]checkAndChangeView: Reach consensus,org_view=5645,org_changeCycle=0,cur_changeCycle=0,to_view=5646
info|2019-12-11 04:36:27.515488|[g:1][CONSENSUS]addRawPrepare,height=1,reqIdx=2,hash=f331d423...
info|2019-12-11 04:36:27.516936|[g:1][CONSENSUS][PBFT]checkTimeout Succ,view=5646,toView=5647,nodeIdx=0,changeCycle=0,myNode=5f8c8907...,timecost=1.17
info|2019-12-11 04:36:27.520392|[g:1][CONSENSUS][PBFT]checkAndChangeView: Reach consensus,org_view=5646,org_changeCycle=0,cur_changeCycle=0,to_view=5647
info|2019-12-11 04:36:28.523036|[g:1][CONSENSUS]addRawPrepare,height=1,reqIdx=3,hash=5413dcc2...
info|2019-12-11 04:36:28.524096|[g:1][CONSENSUS][PBFT]checkTimeout Succ,view=5647,toView=5648,nodeIdx=0,changeCycle=0,myNode=5f8c8907...,timecost=0.816
info|2019-12-11 04:36:28.526788|[g:1][CONSENSUS][PBFT]checkAndChangeView: Reach consensus,org_view=5647,org_changeCycle=0,cur_changeCycle=0,to_view=5648
info|2019-12-11 04:36:29.526858|[g:1][CONSENSUS][SEALER]++++++++++++++++ Generating seal on,blkNum=1,tx=0,nodeIdx=0,hash=282f3ede...
info|2019-12-11 04:36:29.531458|[g:1][CONSENSUS][PBFT]checkTimeout Succ,view=5648,toView=5649,nodeIdx=0,changeCycle=0,myNode=5f8c8907...,timecost=0.75
info|2019-12-11 04:36:29.534171|[g:1][CONSENSUS][PBFT]checkAndChangeView: Reach consensus,org_view=5648,org_changeCycle=0,cur_changeCycle=0,to_view=5649
info|2019-12-11 04:36:30.536721|[g:1][CONSENSUS]addRawPrepare,height=1,reqIdx=1,hash=7a341dce...
info|2019-12-11 04:36:30.537909|[g:1][CONSENSUS][PBFT]checkTimeout Succ,view=5649,toView=5650,nodeIdx=0,changeCycle=0,myNode=5f8c8907...,timecost=0.976
info|2019-12-11 04:36:30.543128|[g:1][CONSENSUS][PBFT]checkAndChangeView: Reach consensus,org_view=5649,org_changeCycle=0,cur_changeCycle=0,to_view=5650
info|2019-12-11 04:36:31.543904|[g:1][CONSENSUS]addRawPrepare,height=1,reqIdx=2,hash=549e4e01...
info|2019-12-11 04:36:31.545168|[g:1][CONSENSUS][PBFT]checkTimeout Succ,view=5650,toView=5651,nodeIdx=0,changeCycle=0,myNode=5f8c8907...,timecost=0.99
info|2019-12-11 04:36:31.547882|[g:1][CONSENSUS][PBFT]checkAndChangeView: Reach consensus,org_view=5650,org_changeCycle=0,cur_changeCycle=0,to_view=5651
info|2019-12-11 04:36:32.550486|[g:1][CONSENSUS]addRawPrepare,height=1,reqIdx=3,hash=77f3f9c2...
info|2019-12-11 04:36:32.551840|[g:1][CONSENSUS][PBFT]checkTimeout Succ,view=5651,toView=5652,nodeIdx=0,changeCycle=0,myNode=5f8c8907...,timecost=0.991
info|2019-12-11 04:36:32.555276|[g:1][CONSENSUS][PBFT]checkAndChangeView: Reach consensus,org_view=5651,org_changeCycle=0,cur_changeCycle=0,to_view=5652
info|2019-12-11 04:36:33.555211|[g:1][CONSENSUS][SEALER]++++++++++++++++ Generating seal on,blkNum=1,tx=0,nodeIdx=0,hash=46a6f5a2...
info|2019-12-11 04:36:33.560196|[g:1][CONSENSUS][PBFT]checkTimeout Succ,view=5652,toView=5653,nodeIdx=0,changeCycle=0,myNode=5f8c8907...,timecost=0.786
info|2019-12-11 04:36:33.563550|[g:1][CONSENSUS][PBFT]checkAndChangeView: Reach consensus,org_view=5652,org_changeCycle=0,cur_changeCycle=0,to_view=5653
info|2019-12-11 04:36:34.567012|[g:1][CONSENSUS]addRawPrepare,height=1,reqIdx=1,hash=87269baa...
info|2019-12-11 04:36:34.569008|[g:1][CONSENSUS][PBFT]checkTimeout Succ,view=5653,toView=5654,nodeIdx=0,changeCycle=0,myNode=5f8c8907...,timecost=1.618
info|2019-12-11 04:36:34.571995|[g:1][CONSENSUS][PBFT]checkAndChangeView: Reach consensus,org_view=5653,org_changeCycle=0,cur_changeCycle=0,to_view=5654
info|2019-12-11 04:36:35.574193|[g:1][CONSENSUS]addRawPrepare,height=1,reqIdx=2,hash=78428d48...
info|2019-12-11 04:36:35.575884|[g:1][CONSENSUS][PBFT]checkTimeout Succ,view=5654,toView=5655,nodeIdx=0,changeCycle=0,myNode=5f8c8907...,timecost=1.445
info|2019-12-11 04:36:35.579405|[g:1][CONSENSUS][PBFT]checkAndChangeView: Reach consensus,org_view=5654,org_changeCycle=0,cur_changeCycle=0,to_view=5655
info|2019-12-11 04:36:36.053953|[P2P][Service] heartBeat,connected count=3
info|2019-12-11 04:36:36.582801|[g:1][CONSENSUS]addRawPrepare,height=1,reqIdx=3,hash=46a2532a...
info|2019-12-11 04:36:36.587409|[g:1][CONSENSUS][PBFT]checkTimeout Succ,view=5655,toView=5656,nodeIdx=0,changeCycle=0,myNode=5f8c8907...,timecost=4.096
info|2019-12-11 04:36:36.590793|[g:1][CONSENSUS][PBFT]checkAndChangeView: Reach consensus,org_view=5655,org_changeCycle=0,cur_changeCycle=0,to_view=5656
info|2019-12-11 04:36:37.590416|[g:1][CONSENSUS][SEALER]++++++++++++++++ Generating seal on,blkNum=1,tx=0,nodeIdx=0,hash=70c419e1...
info|2019-12-11 04:36:37.595478|[g:1][CONSENSUS][PBFT]checkTimeout Succ,view=5656,toView=5657,nodeIdx=0,changeCycle=0,myNode=5f8c8907...,timecost=0.833
info|2019-12-11 04:36:37.598103|[g:1][CONSENSUS][PBFT]checkAndChangeView: Reach consensus,org_view=5656,org_changeCycle=0,cur_changeCycle=0,to_view=5657
info|2019-12-11 04:36:38.599324|[g:1][CONSENSUS]addRawPrepare,height=1,reqIdx=1,hash=64faa092...
info|2019-12-11 04:36:38.600561|[g:1][CONSENSUS][PBFT]checkTimeout Succ,view=5657,toView=5658,nodeIdx=0,changeCycle=0,myNode=5f8c8907...,timecost=0.9
info|2019-12-11 04:36:38.604062|[g:1][CONSENSUS][PBFT]checkAndChangeView: Reach consensus,org_view=5657,org_changeCycle=0,cur_changeCycle=0,to_view=5658
info|2019-12-11 04:36:39.605526|[g:1][CONSENSUS]addRawPrepare,height=1,reqIdx=2,hash=4ec6040b...
info|2019-12-11 04:36:39.608272|[g:1][CONSENSUS][PBFT]checkTimeout Succ,view=5658,toView=5659,nodeIdx=0,changeCycle=0,myNode=5f8c8907...,timecost=2.503
info|2019-12-11 04:36:39.611324|[g:1][CONSENSUS][PBFT]checkAndChangeView: Reach consensus,org_view=5658,org_changeCycle=0,cur_changeCycle=0,to_view=5659
info|2019-12-11 04:36:40.611506|[g:1][CONSENSUS]addRawPrepare,height=1,reqIdx=3,hash=06deb658...
info|2019-12-11 04:36:40.612667|[g:1][CONSENSUS][PBFT]checkTimeout Succ,view=5659,toView=5660,nodeIdx=0,changeCycle=0,myNode=5f8c8907...,timecost=0.962
info|2019-12-11 04:36:40.618400|[g:1][CONSENSUS][PBFT]checkAndChangeView: Reach consensus,org_view=5659,org_changeCycle=0,cur_changeCycle=0,to_view=5660
info|2019-12-11 04:36:41.618406|[g:1][CONSENSUS][SEALER]++++++++++++++++ Generating seal on,blkNum=1,tx=0,nodeIdx=0,hash=bec2e7bf...
info|2019-12-11 04:36:41.623793|[g:1][CONSENSUS][PBFT]checkTimeout Succ,view=5660,toView=5661,nodeIdx=0,changeCycle=0,myNode=5f8c8907...,timecost=0.817
info|2019-12-11 04:36:41.627367|[g:1][CONSENSUS][PBFT]checkAndChangeView: Reach consensus,org_view=5660,org_changeCycle=0,cur_changeCycle=0,to_view=5661
info|2019-12-11 04:36:42.629332|[g:1][CONSENSUS]addRawPrepare,height=1,reqIdx=1,hash=58a36ccc...
info|2019-12-11 04:36:42.630435|[g:1][CONSENSUS][PBFT]checkTimeout Succ,view=5661,toView=5662,nodeIdx=0,changeCycle=0,myNode=5f8c8907...,timecost=0.854
info|2019-12-11 04:36:42.633855|[g:1][CONSENSUS][PBFT]checkAndChangeView: Reach consensus,org_view=5661,org_changeCycle=0,cur_changeCycle=0,to_view=5662
info|2019-12-11 04:36:43.637426|[g:1][CONSENSUS]addRawPrepare,height=1,reqIdx=2,hash=6ac1cb86...
info|2019-12-11 04:36:43.638469|[g:1][CONSENSUS][PBFT]checkTimeout Succ,view=5662,toView=5663,nodeIdx=0,changeCycle=0,myNode=5f8c8907...,timecost=0.799
info|2019-12-11 04:36:43.641900|[g:1][CONSENSUS][PBFT]checkAndChangeView: Reach consensus,org_view=5662,org_changeCycle=0,cur_changeCycle=0,to_view=5663
info|2019-12-11 04:36:44.646489|[g:1][CONSENSUS]addRawPrepare,height=1,reqIdx=3,hash=6b5e3b05...
info|2019-12-11 04:36:44.648035|[g:1][CONSENSUS][PBFT]checkTimeout Succ,view=5663,toView=5664,nodeIdx=0,changeCycle=0,myNode=5f8c8907...,timecost=1.301
info|2019-12-11 04:36:44.650619|[g:1][CONSENSUS][PBFT]checkAndChangeView: Reach consensus,org_view=5663,org_changeCycle=0,cur_changeCycle=0,to_view=5664
info|2019-12-11 04:36:45.650899|[g:1][CONSENSUS][SEALER]++++++++++++++++ Generating seal on,blkNum=1,tx=0,nodeIdx=0,hash=e6997879...
info|2019-12-11 04:36:45.652233|[g:1][CONSENSUS][PBFT]checkTimeout Succ,view=5664,toView=5665,nodeIdx=0,changeCycle=0,myNode=5f8c8907...,timecost=0.802
info|2019-12-11 04:36:45.659159|[g:1][CONSENSUS][PBFT]checkAndChangeView: Reach consensus,org_view=5664,org_changeCycle=0,cur_changeCycle=0,to_view=5665
info|2019-12-11 04:36:46.058242|[P2P][Service] heartBeat,connected count=3
info|2019-12-11 04:36:46.659985|[g:1][CONSENSUS]addRawPrepare,height=1,reqIdx=1,hash=9093b4c4...
info|2019-12-11 04:36:46.661370|[g:1][CONSENSUS][PBFT]checkTimeout Succ,view=5665,toView=5666,nodeIdx=0,changeCycle=0,myNode=5f8c8907...,timecost=0.868
info|2019-12-11 04:36:46.666710|[g:1][CONSENSUS][PBFT]checkAndChangeView: Reach consensus,org_view=5665,org_changeCycle=0,cur_changeCycle=0,to_view=5666
info|2019-12-11 04:36:47.668372|[g:1][CONSENSUS]addRawPrepare,height=1,reqIdx=2,hash=6dc17192...
info|2019-12-11 04:36:47.669628|[g:1][CONSENSUS][PBFT]checkTimeout Succ,view=5666,toView=5667,nodeIdx=0,changeCycle=0,myNode=5f8c8907...,timecost=1.052
info|2019-12-11 04:36:47.674739|[g:1][CONSENSUS][PBFT]checkAndChangeView: Reach consensus,org_view=5666,org_changeCycle=0,cur_changeCycle=0,to_view=5667
info|2019-12-11 04:36:48.678024|[g:1][CONSENSUS]addRawPrepare,height=1,reqIdx=3,hash=e1eeb57f...
info|2019-12-11 04:36:48.679225|[g:1][CONSENSUS][PBFT]checkTimeout Succ,view=5667,toView=5668,nodeIdx=0,changeCycle=0,myNode=5f8c8907...,timecost=0.775
info|2019-12-11 04:36:48.682186|[g:1][CONSENSUS][PBFT]checkAndChangeView: Reach consensus,org_view=5667,org_changeCycle=0,cur_changeCycle=0,to_view=5668
info|2019-12-11 04:36:49.682255|[g:1][CONSENSUS][SEALER]++++++++++++++++ Generating seal on,blkNum=1,tx=0,nodeIdx=0,hash=30ca156a...
info|2019-12-11 04:36:49.690450|[g:1][CONSENSUS][PBFT]checkTimeout Succ,view=5668,toView=5669,nodeIdx=0,changeCycle=0,myNode=5f8c8907...,timecost=2.927
info|2019-12-11 04:36:49.691296|[g:1][CONSENSUS][PBFT]checkAndChangeView: Reach consensus,org_view=5668,org_changeCycle=0,cur_changeCycle=0,to_view=5669
info|2019-12-11 04:36:50.691959|[g:1][CONSENSUS]addRawPrepare,height=1,reqIdx=1,hash=c33a7276...
info|2019-12-11 04:36:50.693367|[g:1][CONSENSUS][PBFT]checkTimeout Succ,view=5669,toView=5670,nodeIdx=0,changeCycle=0,myNode=5f8c8907...,timecost=1.167
info|2019-12-11 04:36:50.696626|[g:1][CONSENSUS][PBFT]checkAndChangeView: Reach consensus,org_view=5669,org_changeCycle=0,cur_changeCycle=0,to_view=5670
info|2019-12-11 04:36:51.701276|[g:1][CONSENSUS]addRawPrepare,height=1,reqIdx=2,hash=3e2a3e4d...
info|2019-12-11 04:36:51.705347|[g:1][CONSENSUS][PBFT]checkTimeout Succ,view=5670,toView=5671,nodeIdx=0,changeCycle=0,myNode=5f8c8907...,timecost=1.476
info|2019-12-11 04:36:51.708139|[g:1][CONSENSUS][PBFT]checkAndChangeView: Reach consensus,org_view=5670,org_changeCycle=0,cur_changeCycle=0,to_view=5671
info|2019-12-11 04:36:52.710288|[g:1][CONSENSUS]addRawPrepare,height=1,reqIdx=3,hash=1705df89...
info|2019-12-11 04:36:52.711439|[g:1][CONSENSUS][PBFT]checkTimeout Succ,view=5671,toView=5672,nodeIdx=0,changeCycle=0,myNode=5f8c8907...,timecost=0.855
info|2019-12-11 04:36:52.713664|[g:1][CONSENSUS][PBFT]checkAndChangeView: Reach consensus,org_view=5671,org_changeCycle=0,cur_changeCycle=0,to_view=5672
info|2019-12-11 04:36:53.714294|[g:1][CONSENSUS][SEALER]++++++++++++++++ Generating seal on,blkNum=1,tx=0,nodeIdx=0,hash=b09900d6...
info|2019-12-11 04:36:53.719205|[g:1][CONSENSUS][PBFT]checkTimeout Succ,view=5672,toView=5673,nodeIdx=0,changeCycle=0,myNode=5f8c8907...,timecost=0.829
info|2019-12-11 04:36:53.721667|[g:1][CONSENSUS][PBFT]checkAndChangeView: Reach consensus,org_view=5672,org_changeCycle=0,cur_changeCycle=0,to_view=5673
info|2019-12-11 04:36:54.725731|[g:1][CONSENSUS]addRawPrepare,height=1,reqIdx=1,hash=b9cb2e4b...
info|2019-12-11 04:36:54.726953|[g:1][CONSENSUS][PBFT]checkTimeout Succ,view=5673,toView=5674,nodeIdx=0,changeCycle=0,myNode=5f8c8907...,timecost=0.975
info|2019-12-11 04:36:54.729641|[g:1][CONSENSUS][PBFT]checkAndChangeView: Reach consensus,org_view=5673,org_changeCycle=0,cur_changeCycle=0,to_view=5674
info|2019-12-11 04:36:55.733586|[g:1][CONSENSUS]addRawPrepare,height=1,reqIdx=2,hash=f9399377...
info|2019-12-11 04:36:55.736289|[g:1][CONSENSUS][PBFT]checkTimeout Succ,view=5674,toView=5675,nodeIdx=0,changeCycle=0,myNode=5f8c8907...,timecost=2.494
info|2019-12-11 04:36:55.739426|[g:1][CONSENSUS][PBFT]checkAndChangeView: Reach consensus,org_view=5674,org_changeCycle=0,cur_changeCycle=0,to_view=5675
info|2019-12-11 04:36:56.066131|[P2P][Service] heartBeat,connected count=3
info|2019-12-11 04:36:56.742062|[g:1][CONSENSUS]addRawPrepare,height=1,reqIdx=3,hash=7640ac73...
info|2019-12-11 04:36:56.743343|[g:1][CONSENSUS][PBFT]checkTimeout Succ,view=5675,toView=5676,nodeIdx=0,changeCycle=0,myNode=5f8c8907...,timecost=0.972
info|2019-12-11 04:36:56.747533|[g:1][CONSENSUS][PBFT]checkAndChangeView: Reach consensus,org_view=5675,org_changeCycle=0,cur_changeCycle=0,to_view=5676
info|2019-12-11 04:36:57.748250|[g:1][CONSENSUS][SEALER]++++++++++++++++ Generating seal on,blkNum=1,tx=0,nodeIdx=0,hash=55d2ef6d...
info|2019-12-11 04:36:57.749693|[g:1][CONSENSUS][PBFT]checkTimeout Succ,view=5676,toView=5677,nodeIdx=0,changeCycle=0,myNode=5f8c8907...,timecost=0.889
info|2019-12-11 04:36:57.755152|[g:1][CONSENSUS][PBFT]checkAndChangeView: Reach consensus,org_view=5676,org_changeCycle=0,cur_changeCycle=0,to_view=5677
