warning|2019-12-12 03:03:32.017195|[g:1][CONSENSUS][PBFT]ViewChangeWarning: not caused by omit empty block ,v=2099,toV=2100,curNum=11,hash=9b39b6b9...,nodeIdx=0,myNode=5f8c8907...
info|2019-12-12 03:03:32.019080|[g:1][CONSENSUS][PBFT]checkTimeout Succ,view=2099,toView=2100,nodeIdx=0,changeCycle=1,myNode=5f8c8907...,timecost=7.727
info|2019-12-12 03:03:32.019601|[P2P][Service] heartBeat,connected count=3
info|2019-12-12 03:03:32.023521|[g:1][CONSENSUS][PBFT]checkAndChangeView: Reach consensus,org_view=2099,org_changeCycle=1,cur_changeCycle=1,to_view=2100
info|2019-12-12 03:03:33.028457|[g:1][CONSENSUS]addRawPrepare,height=12,reqIdx=3,hash=5c52a366...
info|2019-12-12 03:03:33.028954|[g:1][CONSENSUS][PBFT]checkTimeout Succ,view=2100,toView=2101,nodeIdx=0,changeCycle=0,myNode=5f8c8907...,timecost=0.37
info|2019-12-12 03:03:33.031721|[g:1][CONSENSUS][PBFT]checkAndChangeView: Reach consensus,org_view=2100,org_changeCycle=0,cur_changeCycle=0,to_view=2101
info|2019-12-12 03:03:34.031971|[g:1][CONSENSUS][SEALER]++++++++++++++++ Generating seal on,blkNum=12,tx=0,nodeIdx=0,hash=aeb7fdb2...
info|2019-12-12 03:03:34.034850|[g:1][CONSENSUS][PBFT]checkTimeout Succ,view=2101,toView=2102,nodeIdx=0,changeCycle=0,myNode=5f8c8907...,timecost=0.368
info|2019-12-12 03:03:34.036538|[g:1][CONSENSUS][PBFT]checkAndChangeView: Reach consensus,org_view=2101,org_changeCycle=0,cur_changeCycle=0,to_view=2102
info|2019-12-12 03:03:35.038677|[g:1][CONSENSUS]addRawPrepare,height=12,reqIdx=1,hash=99010925...
info|2019-12-12 03:03:35.039346|[g:1][CONSENSUS][PBFT]checkTimeout Succ,view=2102,toView=2103,nodeIdx=0,changeCycle=0,myNode=5f8c8907...,timecost=0.461
info|2019-12-12 03:03:35.041664|[g:1][CONSENSUS][PBFT]checkAndChangeView: Reach consensus,org_view=2102,org_changeCycle=0,cur_changeCycle=0,to_view=2103
info|2019-12-12 03:03:36.045002|[g:1][CONSENSUS]addRawPrepare,height=12,reqIdx=2,hash=6cab7cba...
info|2019-12-12 03:03:36.045722|[g:1][CONSENSUS][PBFT]checkTimeout Succ,view=2103,toView=2104,nodeIdx=0,changeCycle=0,myNode=5f8c8907...,timecost=0.553
info|2019-12-12 03:03:36.047479|[g:1][CONSENSUS][PBFT]checkAndChangeView: Reach consensus,org_view=2103,org_changeCycle=0,cur_changeCycle=0,to_view=2104
info|2019-12-12 03:03:37.052259|[g:1][CONSENSUS]addRawPrepare,height=12,reqIdx=3,hash=bc69e5af...
info|2019-12-12 03:03:37.057581|[g:1][CONSENSUS][PBFT]checkTimeout Succ,view=2104,toView=2105,nodeIdx=0,changeCycle=0,myNode=5f8c8907...,timecost=5.272
info|2019-12-12 03:03:37.060046|[g:1][CONSENSUS][PBFT]checkAndChangeView: Reach consensus,org_view=2104,org_changeCycle=0,cur_changeCycle=0,to_view=2105
info|2019-12-12 03:03:38.060271|[g:1][CONSENSUS][SEALER]++++++++++++++++ Generating seal on,blkNum=12,tx=0,nodeIdx=0,hash=63c80175...
info|2019-12-12 03:03:38.061645|[g:1][CONSENSUS][PBFT]checkTimeout Succ,view=2105,toView=2106,nodeIdx=0,changeCycle=0,myNode=5f8c8907...,timecost=0.845
info|2019-12-12 03:03:38.067709|[g:1][CONSENSUS][PBFT]checkAndChangeView: Reach consensus,org_view=2105,org_changeCycle=0,cur_changeCycle=0,to_view=2106
info|2019-12-12 03:03:39.069799|[g:1][CONSENSUS]addRawPrepare,height=12,reqIdx=1,hash=c177bf83...
info|2019-12-12 03:03:39.070951|[g:1][CONSENSUS][PBFT]checkTimeout Succ,view=2106,toView=2107,nodeIdx=0,changeCycle=0,myNode=5f8c8907...,timecost=0.901
info|2019-12-12 03:03:39.074750|[g:1][CONSENSUS][PBFT]checkAndChangeView: Reach consensus,org_view=2106,org_changeCycle=0,cur_changeCycle=0,to_view=2107
info|2019-12-12 03:03:40.076931|[g:1][CONSENSUS]addRawPrepare,height=12,reqIdx=2,hash=098e3c08...
info|2019-12-12 03:03:40.078119|[g:1][CONSENSUS][PBFT]checkTimeout Succ,view=2107,toView=2108,nodeIdx=0,changeCycle=0,myNode=5f8c8907...,timecost=0.939
info|2019-12-12 03:03:40.081916|[g:1][CONSENSUS][PBFT]checkAndChangeView: Reach consensus,org_view=2107,org_changeCycle=0,cur_changeCycle=0,to_view=2108
info|2019-12-12 03:03:41.084862|[g:1][CONSENSUS]addRawPrepare,height=12,reqIdx=3,hash=e544fda3...
info|2019-12-12 03:03:41.085791|[g:1][CONSENSUS][PBFT]checkTimeout Succ,view=2108,toView=2109,nodeIdx=0,changeCycle=0,myNode=5f8c8907...,timecost=0.647
info|2019-12-12 03:03:41.087576|[g:1][CONSENSUS][PBFT]checkAndChangeView: Reach consensus,org_view=2108,org_changeCycle=0,cur_changeCycle=0,to_view=2109
info|2019-12-12 03:03:42.020013|[P2P][Service] heartBeat,connected count=3
info|2019-12-12 03:03:42.087222|[g:1][CONSENSUS][SEALER]++++++++++++++++ Generating seal on,blkNum=12,tx=0,nodeIdx=0,hash=f6fc2856...
info|2019-12-12 03:03:42.093861|[g:1][CONSENSUS][PBFT]checkTimeout Succ,view=2109,toView=2110,nodeIdx=0,changeCycle=0,myNode=5f8c8907...,timecost=2.513
info|2019-12-12 03:03:42.096069|[g:1][CONSENSUS][PBFT]checkAndChangeView: Reach consensus,org_view=2109,org_changeCycle=0,cur_changeCycle=0,to_view=2110
info|2019-12-12 03:03:43.104848|[g:1][CONSENSUS]addRawPrepare,height=12,reqIdx=1,hash=cb9dd4cf...
info|2019-12-12 03:03:43.107863|[g:1][CONSENSUS][PBFT]checkTimeout Succ,view=2110,toView=2111,nodeIdx=0,changeCycle=0,myNode=5f8c8907...,timecost=2.863
info|2019-12-12 03:03:43.115848|[g:1][CONSENSUS][PBFT]checkAndChangeView: Reach consensus,org_view=2110,org_changeCycle=0,cur_changeCycle=0,to_view=2111
info|2019-12-12 03:03:44.124143|[g:1][CONSENSUS]addRawPrepare,height=12,reqIdx=2,hash=18c4cb60...
info|2019-12-12 03:03:44.126550|[g:1][CONSENSUS][PBFT]checkTimeout Succ,view=2111,toView=2112,nodeIdx=0,changeCycle=0,myNode=5f8c8907...,timecost=2.095
info|2019-12-12 03:03:44.129211|[g:1][CONSENSUS][PBFT]checkAndChangeView: Reach consensus,org_view=2111,org_changeCycle=0,cur_changeCycle=0,to_view=2112
info|2019-12-12 03:03:45.133684|[g:1][CONSENSUS]addRawPrepare,height=12,reqIdx=3,hash=fbac2270...
info|2019-12-12 03:03:45.139096|[g:1][CONSENSUS][PBFT]checkTimeout Succ,view=2112,toView=2113,nodeIdx=0,changeCycle=0,myNode=5f8c8907...,timecost=1.173
info|2019-12-12 03:03:45.140667|[g:1][CONSENSUS][PBFT]checkAndChangeView: Reach consensus,org_view=2112,org_changeCycle=0,cur_changeCycle=0,to_view=2113
info|2019-12-12 03:03:46.141668|[g:1][CONSENSUS][SEALER]++++++++++++++++ Generating seal on,blkNum=12,tx=0,nodeIdx=0,hash=8c5c5846...
info|2019-12-12 03:03:46.147011|[g:1][CONSENSUS][PBFT]checkTimeout Succ,view=2113,toView=2114,nodeIdx=0,changeCycle=0,myNode=5f8c8907...,timecost=1.026
info|2019-12-12 03:03:46.149592|[g:1][CONSENSUS][PBFT]checkAndChangeView: Reach consensus,org_view=2113,org_changeCycle=0,cur_changeCycle=0,to_view=2114
info|2019-12-12 03:03:47.151230|[g:1][CONSENSUS]addRawPrepare,height=12,reqIdx=1,hash=98c29207...
info|2019-12-12 03:03:47.156611|[g:1][CONSENSUS][PBFT]checkTimeout Succ,view=2114,toView=2115,nodeIdx=0,changeCycle=0,myNode=5f8c8907...,timecost=5.133
info|2019-12-12 03:03:47.158923|[g:1][CONSENSUS][PBFT]checkAndChangeView: Reach consensus,org_view=2114,org_changeCycle=0,cur_changeCycle=0,to_view=2115
info|2019-12-12 03:03:48.159469|[g:1][CONSENSUS]addRawPrepare,height=12,reqIdx=2,hash=73de91ba...
info|2019-12-12 03:03:48.160436|[g:1][CONSENSUS][PBFT]checkTimeout Succ,view=2115,toView=2116,nodeIdx=0,changeCycle=0,myNode=5f8c8907...,timecost=0.734
info|2019-12-12 03:03:48.165351|[g:1][CONSENSUS][PBFT]checkAndChangeView: Reach consensus,org_view=2115,org_changeCycle=0,cur_changeCycle=0,to_view=2116
info|2019-12-12 03:03:49.165768|[g:1][CONSENSUS]addRawPrepare,height=12,reqIdx=3,hash=254f4cf6...
info|2019-12-12 03:03:49.168005|[g:1][CONSENSUS][PBFT]checkTimeout Succ,view=2116,toView=2117,nodeIdx=0,changeCycle=0,myNode=5f8c8907...,timecost=2.018
info|2019-12-12 03:03:49.171114|[g:1][CONSENSUS][PBFT]checkAndChangeView: Reach consensus,org_view=2116,org_changeCycle=0,cur_changeCycle=0,to_view=2117
info|2019-12-12 03:03:50.172481|[g:1][CONSENSUS][SEALER]++++++++++++++++ Generating seal on,blkNum=12,tx=0,nodeIdx=0,hash=74909d2e...
info|2019-12-12 03:03:50.173824|[g:1][CONSENSUS][PBFT]checkTimeout Succ,view=2117,toView=2118,nodeIdx=0,changeCycle=0,myNode=5f8c8907...,timecost=0.817
info|2019-12-12 03:03:50.179961|[g:1][CONSENSUS][PBFT]checkAndChangeView: Reach consensus,org_view=2117,org_changeCycle=0,cur_changeCycle=0,to_view=2118
info|2019-12-12 03:03:51.182788|[g:1][CONSENSUS]addRawPrepare,height=12,reqIdx=1,hash=10167b46...
info|2019-12-12 03:03:51.183840|[g:1][CONSENSUS][PBFT]checkTimeout Succ,view=2118,toView=2119,nodeIdx=0,changeCycle=0,myNode=5f8c8907...,timecost=0.8
info|2019-12-12 03:03:51.186400|[g:1][CONSENSUS][PBFT]checkAndChangeView: Reach consensus,org_view=2118,org_changeCycle=0,cur_changeCycle=0,to_view=2119
info|2019-12-12 03:03:52.022464|[P2P][Service] heartBeat,connected count=3
info|2019-12-12 03:03:52.190312|[g:1][CONSENSUS]addRawPrepare,height=12,reqIdx=2,hash=dc3087db...
info|2019-12-12 03:03:52.191483|[g:1][CONSENSUS][PBFT]checkTimeout Succ,view=2119,toView=2120,nodeIdx=0,changeCycle=0,myNode=5f8c8907...,timecost=0.926
info|2019-12-12 03:03:52.198203|[g:1][CONSENSUS][PBFT]checkAndChangeView: Reach consensus,org_view=2119,org_changeCycle=0,cur_changeCycle=0,to_view=2120
info|2019-12-12 03:03:53.198782|[g:1][CONSENSUS]addRawPrepare,height=12,reqIdx=3,hash=643d7362...
info|2019-12-12 03:03:53.199897|[g:1][CONSENSUS][PBFT]checkTimeout Succ,view=2120,toView=2121,nodeIdx=0,changeCycle=0,myNode=5f8c8907...,timecost=0.864
info|2019-12-12 03:03:53.204147|[g:1][CONSENSUS][PBFT]checkAndChangeView: Reach consensus,org_view=2120,org_changeCycle=0,cur_changeCycle=0,to_view=2121
info|2019-12-12 03:03:54.204828|[g:1][CONSENSUS][SEALER]++++++++++++++++ Generating seal on,blkNum=12,tx=0,nodeIdx=0,hash=335e2b81...
info|2019-12-12 03:03:54.206431|[g:1][CONSENSUS][PBFT]checkTimeout Succ,view=2121,toView=2122,nodeIdx=0,changeCycle=0,myNode=5f8c8907...,timecost=1.026
info|2019-12-12 03:03:54.213446|[g:1][CONSENSUS][PBFT]checkAndChangeView: Reach consensus,org_view=2121,org_changeCycle=0,cur_changeCycle=0,to_view=2122
info|2019-12-12 03:03:55.216535|[g:1][CONSENSUS]addRawPrepare,height=12,reqIdx=1,hash=a0470c5b...
info|2019-12-12 03:03:55.218052|[g:1][CONSENSUS][PBFT]checkTimeout Succ,view=2122,toView=2123,nodeIdx=0,changeCycle=0,myNode=5f8c8907...,timecost=1.276
info|2019-12-12 03:03:55.222277|[g:1][CONSENSUS][PBFT]checkAndChangeView: Reach consensus,org_view=2122,org_changeCycle=0,cur_changeCycle=0,to_view=2123
info|2019-12-12 03:03:56.224491|[g:1][CONSENSUS]addRawPrepare,height=12,reqIdx=2,hash=9efb2207...
info|2019-12-12 03:03:56.225858|[g:1][CONSENSUS][PBFT]checkTimeout Succ,view=2123,toView=2124,nodeIdx=0,changeCycle=0,myNode=5f8c8907...,timecost=1.195
info|2019-12-12 03:03:56.229976|[g:1][CONSENSUS][PBFT]checkAndChangeView: Reach consensus,org_view=2123,org_changeCycle=0,cur_changeCycle=0,to_view=2124
info|2019-12-12 03:03:57.233610|[g:1][CONSENSUS]addRawPrepare,height=12,reqIdx=3,hash=6abbf714...
info|2019-12-12 03:03:57.236854|[g:1][CONSENSUS][PBFT]checkTimeout Succ,view=2124,toView=2125,nodeIdx=0,changeCycle=0,myNode=5f8c8907...,timecost=2.894
info|2019-12-12 03:03:57.241340|[g:1][CONSENSUS][PBFT]checkAndChangeView: Reach consensus,org_view=2124,org_changeCycle=0,cur_changeCycle=0,to_view=2125
info|2019-12-12 03:03:58.242550|[g:1][CONSENSUS][SEALER]++++++++++++++++ Generating seal on,blkNum=12,tx=0,nodeIdx=0,hash=165bf918...
info|2019-12-12 03:03:58.243947|[g:1][CONSENSUS][PBFT]checkTimeout Succ,view=2125,toView=2126,nodeIdx=0,changeCycle=0,myNode=5f8c8907...,timecost=0.866
info|2019-12-12 03:03:58.250127|[g:1][CONSENSUS][PBFT]checkAndChangeView: Reach consensus,org_view=2125,org_changeCycle=0,cur_changeCycle=0,to_view=2126
info|2019-12-12 03:03:59.253446|[g:1][CONSENSUS]addRawPrepare,height=12,reqIdx=1,hash=1e9a3ab6...
info|2019-12-12 03:03:59.254560|[g:1][CONSENSUS][PBFT]checkTimeout Succ,view=2126,toView=2127,nodeIdx=0,changeCycle=0,myNode=5f8c8907...,timecost=0.867
info|2019-12-12 03:03:59.257370|[g:1][CONSENSUS][PBFT]checkAndChangeView: Reach consensus,org_view=2126,org_changeCycle=0,cur_changeCycle=0,to_view=2127
info|2019-12-12 03:04:00.261369|[g:1][CONSENSUS]addRawPrepare,height=12,reqIdx=2,hash=74721553...
info|2019-12-12 03:04:00.262421|[g:1][CONSENSUS][PBFT]checkTimeout Succ,view=2127,toView=2128,nodeIdx=0,changeCycle=0,myNode=5f8c8907...,timecost=0.833
info|2019-12-12 03:04:00.266344|[g:1][CONSENSUS][PBFT]checkAndChangeView: Reach consensus,org_view=2127,org_changeCycle=0,cur_changeCycle=0,to_view=2128
info|2019-12-12 03:04:01.271494|[g:1][CONSENSUS]addRawPrepare,height=12,reqIdx=3,hash=fb443156...
info|2019-12-12 03:04:01.272657|[g:1][CONSENSUS][PBFT]checkTimeout Succ,view=2128,toView=2129,nodeIdx=0,changeCycle=0,myNode=5f8c8907...,timecost=0.913
info|2019-12-12 03:04:01.276513|[g:1][CONSENSUS][PBFT]checkAndChangeView: Reach consensus,org_view=2128,org_changeCycle=0,cur_changeCycle=0,to_view=2129
info|2019-12-12 03:04:02.026615|[P2P][Service] heartBeat,connected count=3
info|2019-12-12 03:04:02.277048|[g:1][CONSENSUS][SEALER]++++++++++++++++ Generating seal on,blkNum=12,tx=0,nodeIdx=0,hash=e8ddf304...
info|2019-12-12 03:04:02.283530|[g:1][CONSENSUS][PBFT]checkTimeout Succ,view=2129,toView=2130,nodeIdx=0,changeCycle=0,myNode=5f8c8907...,timecost=0.881
info|2019-12-12 03:04:02.284783|[g:1][CONSENSUS][PBFT]checkAndChangeView: Reach consensus,org_view=2129,org_changeCycle=0,cur_changeCycle=0,to_view=2130
info|2019-12-12 03:04:03.288152|[g:1][CONSENSUS]addRawPrepare,height=12,reqIdx=1,hash=761d5acf...
info|2019-12-12 03:04:03.289389|[g:1][CONSENSUS][PBFT]checkTimeout Succ,view=2130,toView=2131,nodeIdx=0,changeCycle=0,myNode=5f8c8907...,timecost=0.93
info|2019-12-12 03:04:03.292882|[g:1][CONSENSUS][PBFT]checkAndChangeView: Reach consensus,org_view=2130,org_changeCycle=0,cur_changeCycle=0,to_view=2131
info|2019-12-12 03:04:04.297036|[g:1][CONSENSUS]addRawPrepare,height=12,reqIdx=2,hash=6a637133...
info|2019-12-12 03:04:04.298202|[g:1][CONSENSUS][PBFT]checkTimeout Succ,view=2131,toView=2132,nodeIdx=0,changeCycle=0,myNode=5f8c8907...,timecost=0.927
info|2019-12-12 03:04:04.302443|[g:1][CONSENSUS][PBFT]checkAndChangeView: Reach consensus,org_view=2131,org_changeCycle=0,cur_changeCycle=0,to_view=2132
info|2019-12-12 03:04:05.302450|[g:1][CONSENSUS]addRawPrepare,height=12,reqIdx=3,hash=af2ce4eb...
info|2019-12-12 03:04:05.303451|[g:1][CONSENSUS][PBFT]checkTimeout Succ,view=2132,toView=2133,nodeIdx=0,changeCycle=0,myNode=5f8c8907...,timecost=0.863
info|2019-12-12 03:04:05.304689|[g:1][CONSENSUS][PBFT]checkAndChangeView: Reach consensus,org_view=2132,org_changeCycle=0,cur_changeCycle=0,to_view=2133
info|2019-12-12 03:04:06.304558|[g:1][CONSENSUS][SEALER]++++++++++++++++ Generating seal on,blkNum=12,tx=0,nodeIdx=0,hash=ef7d6374...
info|2019-12-12 03:04:06.307924|[g:1][CONSENSUS][PBFT]checkTimeout Succ,view=2133,toView=2134,nodeIdx=0,changeCycle=0,myNode=5f8c8907...,timecost=0.425
info|2019-12-12 03:04:06.309171|[g:1][CONSENSUS][PBFT]checkAndChangeView: Reach consensus,org_view=2133,org_changeCycle=0,cur_changeCycle=0,to_view=2134
info|2019-12-12 03:04:07.311880|[g:1][CONSENSUS]addRawPrepare,height=12,reqIdx=1,hash=78f482ef...
info|2019-12-12 03:04:07.312616|[g:1][CONSENSUS][PBFT]checkTimeout Succ,view=2134,toView=2135,nodeIdx=0,changeCycle=0,myNode=5f8c8907...,timecost=0.602
info|2019-12-12 03:04:07.315156|[g:1][CONSENSUS][PBFT]checkAndChangeView: Reach consensus,org_view=2134,org_changeCycle=0,cur_changeCycle=0,to_view=2135
info|2019-12-12 03:04:08.319020|[g:1][CONSENSUS]addRawPrepare,height=12,reqIdx=2,hash=3a72d5dd...
info|2019-12-12 03:04:08.320133|[g:1][CONSENSUS][PBFT]checkTimeout Succ,view=2135,toView=2136,nodeIdx=0,changeCycle=0,myNode=5f8c8907...,timecost=0.832
info|2019-12-12 03:04:08.323540|[g:1][CONSENSUS][PBFT]checkAndChangeView: Reach consensus,org_view=2135,org_changeCycle=0,cur_changeCycle=0,to_view=2136
info|2019-12-12 03:04:09.324746|[g:1][CONSENSUS]addRawPrepare,height=12,reqIdx=3,hash=9f5003fd...
info|2019-12-12 03:04:09.326167|[g:1][CONSENSUS][PBFT]checkTimeout Succ,view=2136,toView=2137,nodeIdx=0,changeCycle=0,myNode=5f8c8907...,timecost=0.456
info|2019-12-12 03:04:09.327357|[g:1][CONSENSUS][PBFT]checkAndChangeView: Reach consensus,org_view=2136,org_changeCycle=0,cur_changeCycle=0,to_view=2137
info|2019-12-12 03:04:10.328073|[g:1][CONSENSUS][SEALER]++++++++++++++++ Generating seal on,blkNum=12,tx=0,nodeIdx=0,hash=f0b3d0e0...
info|2019-12-12 03:04:10.329496|[g:1][CONSENSUS][PBFT]checkTimeout Succ,view=2137,toView=2138,nodeIdx=0,changeCycle=0,myNode=5f8c8907...,timecost=0.888
info|2019-12-12 03:04:10.335083|[g:1][CONSENSUS][PBFT]checkAndChangeView: Reach consensus,org_view=2137,org_changeCycle=0,cur_changeCycle=0,to_view=2138
info|2019-12-12 03:04:11.340870|[g:1][CONSENSUS]addRawPrepare,height=12,reqIdx=1,hash=f974e099...
info|2019-12-12 03:04:11.345887|[g:1][CONSENSUS][PBFT]checkTimeout Succ,view=2138,toView=2139,nodeIdx=0,changeCycle=0,myNode=5f8c8907...,timecost=0.702
info|2019-12-12 03:04:11.347447|[g:1][CONSENSUS][PBFT]checkAndChangeView: Reach consensus,org_view=2138,org_changeCycle=0,cur_changeCycle=0,to_view=2139
info|2019-12-12 03:04:12.031263|[P2P][Service] heartBeat,connected count=3
info|2019-12-12 03:04:12.347581|[g:1][CONSENSUS]addRawPrepare,height=12,reqIdx=2,hash=4489755d...
info|2019-12-12 03:04:12.348822|[g:1][CONSENSUS][PBFT]checkTimeout Succ,view=2139,toView=2140,nodeIdx=0,changeCycle=0,myNode=5f8c8907...,timecost=0.998
info|2019-12-12 03:04:12.352985|[g:1][CONSENSUS][PBFT]checkAndChangeView: Reach consensus,org_view=2139,org_changeCycle=0,cur_changeCycle=0,to_view=2140
info|2019-12-12 03:04:13.359195|[g:1][CONSENSUS]addRawPrepare,height=12,reqIdx=3,hash=3ef870e1...
info|2019-12-12 03:04:13.361232|[g:1][CONSENSUS][PBFT]checkTimeout Succ,view=2140,toView=2141,nodeIdx=0,changeCycle=0,myNode=5f8c8907...,timecost=0.775
info|2019-12-12 03:04:13.363858|[g:1][CONSENSUS][PBFT]checkAndChangeView: Reach consensus,org_view=2140,org_changeCycle=0,cur_changeCycle=0,to_view=2141
info|2019-12-12 03:04:14.363700|[g:1][CONSENSUS][SEALER]++++++++++++++++ Generating seal on,blkNum=12,tx=0,nodeIdx=0,hash=00ca1bfa...
info|2019-12-12 03:04:14.371076|[g:1][CONSENSUS][PBFT]checkTimeout Succ,view=2141,toView=2142,nodeIdx=0,changeCycle=0,myNode=5f8c8907...,timecost=2.124
info|2019-12-12 03:04:14.372555|[g:1][CONSENSUS][PBFT]checkAndChangeView: Reach consensus,org_view=2141,org_changeCycle=0,cur_changeCycle=0,to_view=2142
info|2019-12-12 03:04:15.373923|[g:1][CONSENSUS]addRawPrepare,height=12,reqIdx=1,hash=eda0cf76...
info|2019-12-12 03:04:15.376175|[g:1][CONSENSUS][PBFT]checkTimeout Succ,view=2142,toView=2143,nodeIdx=0,changeCycle=0,myNode=5f8c8907...,timecost=1.949
info|2019-12-12 03:04:15.379301|[g:1][CONSENSUS][PBFT]checkAndChangeView: Reach consensus,org_view=2142,org_changeCycle=0,cur_changeCycle=0,to_view=2143
info|2019-12-12 03:04:16.381501|[g:1][CONSENSUS]addRawPrepare,height=12,reqIdx=2,hash=f5dd5305...
info|2019-12-12 03:04:16.382539|[g:1][CONSENSUS][PBFT]checkTimeout Succ,view=2143,toView=2144,nodeIdx=0,changeCycle=0,myNode=5f8c8907...,timecost=0.794
info|2019-12-12 03:04:16.386714|[g:1][CONSENSUS][PBFT]checkAndChangeView: Reach consensus,org_view=2143,org_changeCycle=0,cur_changeCycle=0,to_view=2144
info|2019-12-12 03:04:17.389857|[g:1][CONSENSUS]addRawPrepare,height=12,reqIdx=3,hash=7c8d734d...
info|2019-12-12 03:04:17.391112|[g:1][CONSENSUS][PBFT]checkTimeout Succ,view=2144,toView=2145,nodeIdx=0,changeCycle=0,myNode=5f8c8907...,timecost=0.817
info|2019-12-12 03:04:17.396723|[g:1][CONSENSUS][PBFT]checkAndChangeView: Reach consensus,org_view=2144,org_changeCycle=0,cur_changeCycle=0,to_view=2145
info|2019-12-12 03:04:18.397203|[g:1][CONSENSUS][SEALER]++++++++++++++++ Generating seal on,blkNum=12,tx=0,nodeIdx=0,hash=065d0c73...
info|2019-12-12 03:04:18.398561|[g:1][CONSENSUS][PBFT]checkTimeout Succ,view=2145,toView=2146,nodeIdx=0,changeCycle=0,myNode=5f8c8907...,timecost=0.834
info|2019-12-12 03:04:18.404115|[g:1][CONSENSUS][PBFT]checkAndChangeView: Reach consensus,org_view=2145,org_changeCycle=0,cur_changeCycle=0,to_view=2146
info|2019-12-12 03:04:19.406873|[g:1][CONSENSUS]addRawPrepare,height=12,reqIdx=1,hash=273f7959...
info|2019-12-12 03:04:19.408791|[g:1][CONSENSUS][PBFT]checkTimeout Succ,view=2146,toView=2147,nodeIdx=0,changeCycle=0,myNode=5f8c8907...,timecost=1.46
info|2019-12-12 03:04:19.411541|[g:1][CONSENSUS][PBFT]checkAndChangeView: Reach consensus,org_view=2146,org_changeCycle=0,cur_changeCycle=0,to_view=2147
info|2019-12-12 03:04:20.414657|[g:1][CONSENSUS]addRawPrepare,height=12,reqIdx=2,hash=a9a299c3...
info|2019-12-12 03:04:20.415781|[g:1][CONSENSUS][PBFT]checkTimeout Succ,view=2147,toView=2148,nodeIdx=0,changeCycle=0,myNode=5f8c8907...,timecost=0.893
info|2019-12-12 03:04:20.419682|[g:1][CONSENSUS][PBFT]checkAndChangeView: Reach consensus,org_view=2147,org_changeCycle=0,cur_changeCycle=0,to_view=2148
info|2019-12-12 03:04:21.421073|[g:1][CONSENSUS]addRawPrepare,height=12,reqIdx=3,hash=30cc588c...
info|2019-12-12 03:04:21.422168|[g:1][CONSENSUS][PBFT]checkTimeout Succ,view=2148,toView=2149,nodeIdx=0,changeCycle=0,myNode=5f8c8907...,timecost=0.857
info|2019-12-12 03:04:21.425091|[g:1][CONSENSUS][PBFT]checkAndChangeView: Reach consensus,org_view=2148,org_changeCycle=0,cur_changeCycle=0,to_view=2149
info|2019-12-12 03:04:22.035789|[P2P][Service] heartBeat,connected count=3
info|2019-12-12 03:04:22.426246|[g:1][CONSENSUS][SEALER]++++++++++++++++ Generating seal on,blkNum=12,tx=0,nodeIdx=0,hash=47076da6...
info|2019-12-12 03:04:22.431389|[g:1][CONSENSUS][PBFT]checkTimeout Succ,view=2149,toView=2150,nodeIdx=0,changeCycle=0,myNode=5f8c8907...,timecost=1.203
info|2019-12-12 03:04:22.433035|[g:1][CONSENSUS][PBFT]checkAndChangeView: Reach consensus,org_view=2149,org_changeCycle=0,cur_changeCycle=0,to_view=2150
info|2019-12-12 03:04:23.435583|[g:1][CONSENSUS]addRawPrepare,height=12,reqIdx=1,hash=f4a5a554...
info|2019-12-12 03:04:23.436737|[g:1][CONSENSUS][PBFT]checkTimeout Succ,view=2150,toView=2151,nodeIdx=0,changeCycle=0,myNode=5f8c8907...,timecost=0.923
info|2019-12-12 03:04:23.439846|[g:1][CONSENSUS][PBFT]checkAndChangeView: Reach consensus,org_view=2150,org_changeCycle=0,cur_changeCycle=0,to_view=2151
info|2019-12-12 03:04:24.444685|[g:1][CONSENSUS]addRawPrepare,height=12,reqIdx=2,hash=4413e45b...
info|2019-12-12 03:04:24.445764|[g:1][CONSENSUS][PBFT]checkTimeout Succ,view=2151,toView=2152,nodeIdx=0,changeCycle=0,myNode=5f8c8907...,timecost=0.826
info|2019-12-12 03:04:24.449432|[g:1][CONSENSUS][PBFT]checkAndChangeView: Reach consensus,org_view=2151,org_changeCycle=0,cur_changeCycle=0,to_view=2152
info|2019-12-12 03:04:25.452254|[g:1][CONSENSUS]addRawPrepare,height=12,reqIdx=3,hash=fef5dfea...
info|2019-12-12 03:04:25.453316|[g:1][CONSENSUS][PBFT]checkTimeout Succ,view=2152,toView=2153,nodeIdx=0,changeCycle=0,myNode=5f8c8907...,timecost=0.781
info|2019-12-12 03:04:25.457411|[g:1][CONSENSUS][PBFT]checkAndChangeView: Reach consensus,org_view=2152,org_changeCycle=0,cur_changeCycle=0,to_view=2153
info|2019-12-12 03:04:26.458421|[g:1][CONSENSUS][SEALER]++++++++++++++++ Generating seal on,blkNum=12,tx=0,nodeIdx=0,hash=8ba0d618...
info|2019-12-12 03:04:26.466688|[g:1][CONSENSUS][PBFT]checkTimeout Succ,view=2153,toView=2154,nodeIdx=0,changeCycle=0,myNode=5f8c8907...,timecost=2.449
info|2019-12-12 03:04:26.467439|[g:1][CONSENSUS][PBFT]checkAndChangeView: Reach consensus,org_view=2153,org_changeCycle=0,cur_changeCycle=0,to_view=2154
info|2019-12-12 03:04:27.467544|[g:1][CONSENSUS]addRawPrepare,height=12,reqIdx=1,hash=fc1f4d3b...
info|2019-12-12 03:04:27.470949|[g:1][CONSENSUS][PBFT]checkTimeout Succ,view=2154,toView=2155,nodeIdx=0,changeCycle=0,myNode=5f8c8907...,timecost=3.131
info|2019-12-12 03:04:27.474237|[g:1][CONSENSUS][PBFT]checkAndChangeView: Reach consensus,org_view=2154,org_changeCycle=0,cur_changeCycle=0,to_view=2155
info|2019-12-12 03:04:28.475543|[g:1][CONSENSUS]addRawPrepare,height=12,reqIdx=2,hash=9db11679...
info|2019-12-12 03:04:28.477824|[g:1][CONSENSUS][PBFT]checkTimeout Succ,view=2155,toView=2156,nodeIdx=0,changeCycle=0,myNode=5f8c8907...,timecost=1.532
info|2019-12-12 03:04:28.480514|[g:1][CONSENSUS][PBFT]checkAndChangeView: Reach consensus,org_view=2155,org_changeCycle=0,cur_changeCycle=0,to_view=2156
info|2019-12-12 03:04:29.485180|[g:1][CONSENSUS]addRawPrepare,height=12,reqIdx=3,hash=66744178...
info|2019-12-12 03:04:29.486923|[g:1][CONSENSUS][PBFT]checkTimeout Succ,view=2156,toView=2157,nodeIdx=0,changeCycle=0,myNode=5f8c8907...,timecost=1.52
info|2019-12-12 03:04:29.490922|[g:1][CONSENSUS][PBFT]checkAndChangeView: Reach consensus,org_view=2156,org_changeCycle=0,cur_changeCycle=0,to_view=2157
info|2019-12-12 03:04:30.490735|[g:1][CONSENSUS][SEALER]++++++++++++++++ Generating seal on,blkNum=12,tx=0,nodeIdx=0,hash=17d6c03d...
info|2019-12-12 03:04:30.492134|[g:1][CONSENSUS][PBFT]checkTimeout Succ,view=2157,toView=2158,nodeIdx=0,changeCycle=0,myNode=5f8c8907...,timecost=0.848
info|2019-12-12 03:04:30.498557|[g:1][CONSENSUS][PBFT]checkAndChangeView: Reach consensus,org_view=2157,org_changeCycle=0,cur_changeCycle=0,to_view=2158
info|2019-12-12 03:04:31.500518|[g:1][CONSENSUS]addRawPrepare,height=12,reqIdx=1,hash=943fee31...
info|2019-12-12 03:04:31.501552|[g:1][CONSENSUS][PBFT]checkTimeout Succ,view=2158,toView=2159,nodeIdx=0,changeCycle=0,myNode=5f8c8907...,timecost=0.779
info|2019-12-12 03:04:31.504863|[g:1][CONSENSUS][PBFT]checkAndChangeView: Reach consensus,org_view=2158,org_changeCycle=0,cur_changeCycle=0,to_view=2159
info|2019-12-12 03:04:32.041629|[P2P][Service] heartBeat,connected count=3
info|2019-12-12 03:04:32.507061|[g:1][CONSENSUS]addRawPrepare,height=12,reqIdx=2,hash=126b8e84...
info|2019-12-12 03:04:32.508653|[g:1][CONSENSUS][PBFT]checkTimeout Succ,view=2159,toView=2160,nodeIdx=0,changeCycle=0,myNode=5f8c8907...,timecost=1.252
info|2019-12-12 03:04:32.514980|[g:1][CONSENSUS][PBFT]checkAndChangeView: Reach consensus,org_view=2159,org_changeCycle=0,cur_changeCycle=0,to_view=2160
info|2019-12-12 03:04:33.515195|[g:1][CONSENSUS]addRawPrepare,height=12,reqIdx=3,hash=32986512...
info|2019-12-12 03:04:33.518545|[g:1][CONSENSUS][PBFT]checkTimeout Succ,view=2160,toView=2161,nodeIdx=0,changeCycle=0,myNode=5f8c8907...,timecost=3.104
info|2019-12-12 03:04:33.520994|[g:1][CONSENSUS][PBFT]checkAndChangeView: Reach consensus,org_view=2160,org_changeCycle=0,cur_changeCycle=0,to_view=2161
