warning|2019-12-12 08:49:12.019588|[g:1][CONSENSUS][PBFT]ViewChangeWarning: not caused by omit empty block ,v=2268,toV=2269,curNum=11,hash=9b39b6b9...,nodeIdx=0,myNode=5f8c8907...
info|2019-12-12 08:49:12.021086|[g:1][CONSENSUS][PBFT]checkTimeout Succ,view=2268,toView=2269,nodeIdx=0,changeCycle=1,myNode=5f8c8907...,timecost=5.406
info|2019-12-12 08:49:12.021464|[P2P][Service] heartBeat,connected count=3
info|2019-12-12 08:49:12.023444|[g:1][CONSENSUS][PBFT]checkAndChangeView: Reach consensus,org_view=2268,org_changeCycle=1,cur_changeCycle=1,to_view=2269
info|2019-12-12 08:49:13.024233|[g:1][CONSENSUS][SEALER]++++++++++++++++ Generating seal on,blkNum=12,tx=0,nodeIdx=0,hash=c7addedb...
info|2019-12-12 08:49:13.025216|[g:1][CONSENSUS][PBFT]checkTimeout Succ,view=2269,toView=2270,nodeIdx=0,changeCycle=0,myNode=5f8c8907...,timecost=0.441
info|2019-12-12 08:49:13.028468|[g:1][CONSENSUS][PBFT]checkAndChangeView: Reach consensus,org_view=2269,org_changeCycle=0,cur_changeCycle=0,to_view=2270
info|2019-12-12 08:49:14.234194|[g:1][CONSENSUS]addRawPrepare,height=12,reqIdx=1,hash=addbfb01...
info|2019-12-12 08:49:14.234993|[g:1][CONSENSUS][PBFT]checkTimeout Succ,view=2270,toView=2271,nodeIdx=0,changeCycle=0,myNode=5f8c8907...,timecost=0.554
info|2019-12-12 08:49:14.237340|[g:1][CONSENSUS][PBFT]checkAndChangeView: Reach consensus,org_view=2270,org_changeCycle=0,cur_changeCycle=0,to_view=2271
info|2019-12-12 08:49:15.240081|[g:1][CONSENSUS]addRawPrepare,height=12,reqIdx=2,hash=0d1acfc8...
info|2019-12-12 08:49:15.241005|[g:1][CONSENSUS][PBFT]checkTimeout Succ,view=2271,toView=2272,nodeIdx=0,changeCycle=0,myNode=5f8c8907...,timecost=0.771
info|2019-12-12 08:49:15.242816|[g:1][CONSENSUS][PBFT]checkAndChangeView: Reach consensus,org_view=2271,org_changeCycle=0,cur_changeCycle=0,to_view=2272
info|2019-12-12 08:49:16.246476|[g:1][CONSENSUS]addRawPrepare,height=12,reqIdx=3,hash=8cb27222...
info|2019-12-12 08:49:16.248674|[g:1][CONSENSUS][PBFT]checkTimeout Succ,view=2272,toView=2273,nodeIdx=0,changeCycle=0,myNode=5f8c8907...,timecost=1.935
info|2019-12-12 08:49:16.251633|[g:1][CONSENSUS][PBFT]checkAndChangeView: Reach consensus,org_view=2272,org_changeCycle=0,cur_changeCycle=0,to_view=2273
info|2019-12-12 08:49:17.252438|[g:1][CONSENSUS][SEALER]++++++++++++++++ Generating seal on,blkNum=12,tx=0,nodeIdx=0,hash=51552c60...
info|2019-12-12 08:49:17.253833|[g:1][CONSENSUS][PBFT]checkTimeout Succ,view=2273,toView=2274,nodeIdx=0,changeCycle=0,myNode=5f8c8907...,timecost=0.77
info|2019-12-12 08:49:17.259137|[g:1][CONSENSUS][PBFT]checkAndChangeView: Reach consensus,org_view=2273,org_changeCycle=0,cur_changeCycle=0,to_view=2274
info|2019-12-12 08:49:18.263340|[g:1][CONSENSUS]addRawPrepare,height=12,reqIdx=1,hash=73a53167...
info|2019-12-12 08:49:18.264601|[g:1][CONSENSUS][PBFT]checkTimeout Succ,view=2274,toView=2275,nodeIdx=0,changeCycle=0,myNode=5f8c8907...,timecost=1.018
info|2019-12-12 08:49:18.270026|[g:1][CONSENSUS][PBFT]checkAndChangeView: Reach consensus,org_view=2274,org_changeCycle=0,cur_changeCycle=0,to_view=2275
info|2019-12-12 08:49:19.271122|[g:1][CONSENSUS]addRawPrepare,height=12,reqIdx=2,hash=64e66d79...
info|2019-12-12 08:49:19.272375|[g:1][CONSENSUS][PBFT]checkTimeout Succ,view=2275,toView=2276,nodeIdx=0,changeCycle=0,myNode=5f8c8907...,timecost=0.988
info|2019-12-12 08:49:19.276716|[g:1][CONSENSUS][PBFT]checkAndChangeView: Reach consensus,org_view=2275,org_changeCycle=0,cur_changeCycle=0,to_view=2276
info|2019-12-12 08:49:20.279484|[g:1][CONSENSUS]addRawPrepare,height=12,reqIdx=3,hash=b4561029...
info|2019-12-12 08:49:20.282062|[g:1][CONSENSUS][PBFT]checkTimeout Succ,view=2276,toView=2277,nodeIdx=0,changeCycle=0,myNode=5f8c8907...,timecost=2.103
info|2019-12-12 08:49:20.285414|[g:1][CONSENSUS][PBFT]checkAndChangeView: Reach consensus,org_view=2276,org_changeCycle=0,cur_changeCycle=0,to_view=2277
info|2019-12-12 08:49:21.285661|[g:1][CONSENSUS][SEALER]++++++++++++++++ Generating seal on,blkNum=12,tx=0,nodeIdx=0,hash=b54c9428...
info|2019-12-12 08:49:21.287072|[g:1][CONSENSUS][PBFT]checkTimeout Succ,view=2277,toView=2278,nodeIdx=0,changeCycle=0,myNode=5f8c8907...,timecost=0.877
info|2019-12-12 08:49:21.292672|[g:1][CONSENSUS][PBFT]checkAndChangeView: Reach consensus,org_view=2277,org_changeCycle=0,cur_changeCycle=0,to_view=2278
info|2019-12-12 08:49:22.021844|[P2P][Service] heartBeat,connected count=3
info|2019-12-12 08:49:22.296787|[g:1][CONSENSUS]addRawPrepare,height=12,reqIdx=1,hash=5942f875...
info|2019-12-12 08:49:22.297889|[g:1][CONSENSUS][PBFT]checkTimeout Succ,view=2278,toView=2279,nodeIdx=0,changeCycle=0,myNode=5f8c8907...,timecost=0.841
info|2019-12-12 08:49:22.301951|[g:1][CONSENSUS][PBFT]checkAndChangeView: Reach consensus,org_view=2278,org_changeCycle=0,cur_changeCycle=0,to_view=2279
info|2019-12-12 08:49:23.305553|[g:1][CONSENSUS]addRawPrepare,height=12,reqIdx=2,hash=78bfa4c1...
info|2019-12-12 08:49:23.306620|[g:1][CONSENSUS][PBFT]checkTimeout Succ,view=2279,toView=2280,nodeIdx=0,changeCycle=0,myNode=5f8c8907...,timecost=0.846
info|2019-12-12 08:49:23.311672|[g:1][CONSENSUS][PBFT]checkAndChangeView: Reach consensus,org_view=2279,org_changeCycle=0,cur_changeCycle=0,to_view=2280
info|2019-12-12 08:49:24.315571|[g:1][CONSENSUS]addRawPrepare,height=12,reqIdx=3,hash=ffebd4ed...
info|2019-12-12 08:49:24.316630|[g:1][CONSENSUS][PBFT]checkTimeout Succ,view=2280,toView=2281,nodeIdx=0,changeCycle=0,myNode=5f8c8907...,timecost=0.815
info|2019-12-12 08:49:24.319910|[g:1][CONSENSUS][PBFT]checkAndChangeView: Reach consensus,org_view=2280,org_changeCycle=0,cur_changeCycle=0,to_view=2281
info|2019-12-12 08:49:25.319214|[g:1][CONSENSUS][SEALER]++++++++++++++++ Generating seal on,blkNum=12,tx=0,nodeIdx=0,hash=cfc1997b...
info|2019-12-12 08:49:25.324356|[g:1][CONSENSUS][PBFT]checkTimeout Succ,view=2281,toView=2282,nodeIdx=0,changeCycle=0,myNode=5f8c8907...,timecost=0.75
info|2019-12-12 08:49:25.326796|[g:1][CONSENSUS][PBFT]checkAndChangeView: Reach consensus,org_view=2281,org_changeCycle=0,cur_changeCycle=0,to_view=2282
info|2019-12-12 08:49:26.327341|[g:1][CONSENSUS]addRawPrepare,height=12,reqIdx=1,hash=9e22a3e8...
info|2019-12-12 08:49:26.329716|[g:1][CONSENSUS][PBFT]checkTimeout Succ,view=2282,toView=2283,nodeIdx=0,changeCycle=0,myNode=5f8c8907...,timecost=1.848
info|2019-12-12 08:49:26.332635|[g:1][CONSENSUS][PBFT]checkAndChangeView: Reach consensus,org_view=2282,org_changeCycle=0,cur_changeCycle=0,to_view=2283
info|2019-12-12 08:49:27.335664|[g:1][CONSENSUS]addRawPrepare,height=12,reqIdx=2,hash=b97bc407...
info|2019-12-12 08:49:27.339782|[g:1][CONSENSUS][PBFT]checkTimeout Succ,view=2283,toView=2284,nodeIdx=0,changeCycle=0,myNode=5f8c8907...,timecost=3.875
info|2019-12-12 08:49:27.342749|[g:1][CONSENSUS][PBFT]checkAndChangeView: Reach consensus,org_view=2283,org_changeCycle=0,cur_changeCycle=0,to_view=2284
info|2019-12-12 08:49:28.342431|[g:1][CONSENSUS]addRawPrepare,height=12,reqIdx=3,hash=d0d24927...
info|2019-12-12 08:49:28.344220|[g:1][CONSENSUS][PBFT]checkTimeout Succ,view=2284,toView=2285,nodeIdx=0,changeCycle=0,myNode=5f8c8907...,timecost=1.551
info|2019-12-12 08:49:28.349065|[g:1][CONSENSUS][PBFT]checkAndChangeView: Reach consensus,org_view=2284,org_changeCycle=0,cur_changeCycle=0,to_view=2285
info|2019-12-12 08:49:29.349720|[g:1][CONSENSUS][SEALER]++++++++++++++++ Generating seal on,blkNum=12,tx=0,nodeIdx=0,hash=60a8ccbe...
info|2019-12-12 08:49:29.351041|[g:1][CONSENSUS][PBFT]checkTimeout Succ,view=2285,toView=2286,nodeIdx=0,changeCycle=0,myNode=5f8c8907...,timecost=0.797
info|2019-12-12 08:49:29.357050|[g:1][CONSENSUS][PBFT]checkAndChangeView: Reach consensus,org_view=2285,org_changeCycle=0,cur_changeCycle=0,to_view=2286
info|2019-12-12 08:49:30.359867|[g:1][CONSENSUS]addRawPrepare,height=12,reqIdx=1,hash=58641aa4...
info|2019-12-12 08:49:30.361096|[g:1][CONSENSUS][PBFT]checkTimeout Succ,view=2286,toView=2287,nodeIdx=0,changeCycle=0,myNode=5f8c8907...,timecost=0.985
info|2019-12-12 08:49:30.364446|[g:1][CONSENSUS][PBFT]checkAndChangeView: Reach consensus,org_view=2286,org_changeCycle=0,cur_changeCycle=0,to_view=2287
info|2019-12-12 08:49:31.366925|[g:1][CONSENSUS]addRawPrepare,height=12,reqIdx=2,hash=a7955834...
info|2019-12-12 08:49:31.368066|[g:1][CONSENSUS][PBFT]checkTimeout Succ,view=2287,toView=2288,nodeIdx=0,changeCycle=0,myNode=5f8c8907...,timecost=0.908
info|2019-12-12 08:49:31.372051|[g:1][CONSENSUS][PBFT]checkAndChangeView: Reach consensus,org_view=2287,org_changeCycle=0,cur_changeCycle=0,to_view=2288
info|2019-12-12 08:49:32.022264|[P2P][Service] heartBeat,connected count=3
info|2019-12-12 08:49:32.375239|[g:1][CONSENSUS]addRawPrepare,height=12,reqIdx=3,hash=f1fa0e77...
info|2019-12-12 08:49:32.377176|[g:1][CONSENSUS][PBFT]checkTimeout Succ,view=2288,toView=2289,nodeIdx=0,changeCycle=0,myNode=5f8c8907...,timecost=1.62
info|2019-12-12 08:49:32.380113|[g:1][CONSENSUS][PBFT]checkAndChangeView: Reach consensus,org_view=2288,org_changeCycle=0,cur_changeCycle=0,to_view=2289
info|2019-12-12 08:49:33.380842|[g:1][CONSENSUS][SEALER]++++++++++++++++ Generating seal on,blkNum=12,tx=0,nodeIdx=0,hash=c9488624...
info|2019-12-12 08:49:33.387588|[g:1][CONSENSUS][PBFT]checkTimeout Succ,view=2289,toView=2290,nodeIdx=0,changeCycle=0,myNode=5f8c8907...,timecost=0.877
info|2019-12-12 08:49:33.389026|[g:1][CONSENSUS][PBFT]checkAndChangeView: Reach consensus,org_view=2289,org_changeCycle=0,cur_changeCycle=0,to_view=2290
info|2019-12-12 08:49:34.392617|[g:1][CONSENSUS]addRawPrepare,height=12,reqIdx=1,hash=7b8bc96e...
info|2019-12-12 08:49:34.393995|[g:1][CONSENSUS][PBFT]checkTimeout Succ,view=2290,toView=2291,nodeIdx=0,changeCycle=0,myNode=5f8c8907...,timecost=1.1
info|2019-12-12 08:49:34.397567|[g:1][CONSENSUS][PBFT]checkAndChangeView: Reach consensus,org_view=2290,org_changeCycle=0,cur_changeCycle=0,to_view=2291
info|2019-12-12 08:49:35.400632|[g:1][CONSENSUS]addRawPrepare,height=12,reqIdx=2,hash=394f1b8b...
info|2019-12-12 08:49:35.406842|[g:1][CONSENSUS][PBFT]checkTimeout Succ,view=2291,toView=2292,nodeIdx=0,changeCycle=0,myNode=5f8c8907...,timecost=5.91
info|2019-12-12 08:49:35.408608|[g:1][CONSENSUS][PBFT]checkAndChangeView: Reach consensus,org_view=2291,org_changeCycle=0,cur_changeCycle=0,to_view=2292
info|2019-12-12 08:49:36.406857|[g:1][CONSENSUS]addRawPrepare,height=12,reqIdx=3,hash=fd8186f2...
info|2019-12-12 08:49:36.407898|[g:1][CONSENSUS][PBFT]checkTimeout Succ,view=2292,toView=2293,nodeIdx=0,changeCycle=0,myNode=5f8c8907...,timecost=0.832
info|2019-12-12 08:49:36.412787|[g:1][CONSENSUS][PBFT]checkAndChangeView: Reach consensus,org_view=2292,org_changeCycle=0,cur_changeCycle=0,to_view=2293
info|2019-12-12 08:49:37.412760|[g:1][CONSENSUS][SEALER]++++++++++++++++ Generating seal on,blkNum=12,tx=0,nodeIdx=0,hash=15f36258...
info|2019-12-12 08:49:37.416589|[g:1][CONSENSUS][PBFT]checkTimeout Succ,view=2293,toView=2294,nodeIdx=0,changeCycle=0,myNode=5f8c8907...,timecost=0.74
info|2019-12-12 08:49:37.418496|[g:1][CONSENSUS][PBFT]checkAndChangeView: Reach consensus,org_view=2293,org_changeCycle=0,cur_changeCycle=0,to_view=2294
info|2019-12-12 08:49:38.423054|[g:1][CONSENSUS]addRawPrepare,height=12,reqIdx=1,hash=f96c2ae1...
info|2019-12-12 08:49:38.424532|[g:1][CONSENSUS][PBFT]checkTimeout Succ,view=2294,toView=2295,nodeIdx=0,changeCycle=0,myNode=5f8c8907...,timecost=1.272
info|2019-12-12 08:49:38.428329|[g:1][CONSENSUS][PBFT]checkAndChangeView: Reach consensus,org_view=2294,org_changeCycle=0,cur_changeCycle=0,to_view=2295
info|2019-12-12 08:49:39.432116|[g:1][CONSENSUS]addRawPrepare,height=12,reqIdx=2,hash=ac7ad274...
info|2019-12-12 08:49:39.433590|[g:1][CONSENSUS][PBFT]checkTimeout Succ,view=2295,toView=2296,nodeIdx=0,changeCycle=0,myNode=5f8c8907...,timecost=1.232
info|2019-12-12 08:49:39.436093|[g:1][CONSENSUS][PBFT]checkAndChangeView: Reach consensus,org_view=2295,org_changeCycle=0,cur_changeCycle=0,to_view=2296
info|2019-12-12 08:49:40.441612|[g:1][CONSENSUS]addRawPrepare,height=12,reqIdx=3,hash=9d3bef6c...
info|2019-12-12 08:49:40.444928|[g:1][CONSENSUS][PBFT]checkTimeout Succ,view=2296,toView=2297,nodeIdx=0,changeCycle=0,myNode=5f8c8907...,timecost=2.314
info|2019-12-12 08:49:40.447716|[g:1][CONSENSUS][PBFT]checkAndChangeView: Reach consensus,org_view=2296,org_changeCycle=0,cur_changeCycle=0,to_view=2297
info|2019-12-12 08:49:41.447617|[g:1][CONSENSUS][SEALER]++++++++++++++++ Generating seal on,blkNum=12,tx=0,nodeIdx=0,hash=ddeb0eb8...
info|2019-12-12 08:49:41.449000|[g:1][CONSENSUS][PBFT]checkTimeout Succ,view=2297,toView=2298,nodeIdx=0,changeCycle=0,myNode=5f8c8907...,timecost=0.771
info|2019-12-12 08:49:41.455775|[g:1][CONSENSUS][PBFT]checkAndChangeView: Reach consensus,org_view=2297,org_changeCycle=0,cur_changeCycle=0,to_view=2298
info|2019-12-12 08:49:42.026399|[P2P][Service] heartBeat,connected count=3
info|2019-12-12 08:49:42.457416|[g:1][CONSENSUS]addRawPrepare,height=12,reqIdx=1,hash=0b83e6a1...
info|2019-12-12 08:49:42.459954|[g:1][CONSENSUS][PBFT]checkTimeout Succ,view=2298,toView=2299,nodeIdx=0,changeCycle=0,myNode=5f8c8907...,timecost=2.294
info|2019-12-12 08:49:42.462738|[g:1][CONSENSUS][PBFT]checkAndChangeView: Reach consensus,org_view=2298,org_changeCycle=0,cur_changeCycle=0,to_view=2299
info|2019-12-12 08:49:43.464667|[g:1][CONSENSUS]addRawPrepare,height=12,reqIdx=2,hash=2aede669...
info|2019-12-12 08:49:43.466301|[g:1][CONSENSUS][PBFT]checkTimeout Succ,view=2299,toView=2300,nodeIdx=0,changeCycle=0,myNode=5f8c8907...,timecost=1.391
info|2019-12-12 08:49:43.470050|[g:1][CONSENSUS][PBFT]checkAndChangeView: Reach consensus,org_view=2299,org_changeCycle=0,cur_changeCycle=0,to_view=2300
info|2019-12-12 08:49:44.471874|[g:1][CONSENSUS]addRawPrepare,height=12,reqIdx=3,hash=ff143bb2...
info|2019-12-12 08:49:44.473389|[g:1][CONSENSUS][PBFT]checkTimeout Succ,view=2300,toView=2301,nodeIdx=0,changeCycle=0,myNode=5f8c8907...,timecost=1.261
info|2019-12-12 08:49:44.476908|[g:1][CONSENSUS][PBFT]checkAndChangeView: Reach consensus,org_view=2300,org_changeCycle=0,cur_changeCycle=0,to_view=2301
info|2019-12-12 08:49:45.476878|[g:1][CONSENSUS][SEALER]++++++++++++++++ Generating seal on,blkNum=12,tx=0,nodeIdx=0,hash=3f14ca75...
info|2019-12-12 08:49:45.478393|[g:1][CONSENSUS][PBFT]checkTimeout Succ,view=2301,toView=2302,nodeIdx=0,changeCycle=0,myNode=5f8c8907...,timecost=0.879
info|2019-12-12 08:49:45.483909|[g:1][CONSENSUS][PBFT]checkAndChangeView: Reach consensus,org_view=2301,org_changeCycle=0,cur_changeCycle=0,to_view=2302
info|2019-12-12 08:49:46.485744|[g:1][CONSENSUS]addRawPrepare,height=12,reqIdx=1,hash=3d12087a...
info|2019-12-12 08:49:46.487393|[g:1][CONSENSUS][PBFT]checkTimeout Succ,view=2302,toView=2303,nodeIdx=0,changeCycle=0,myNode=5f8c8907...,timecost=1.398
info|2019-12-12 08:49:46.490238|[g:1][CONSENSUS][PBFT]checkAndChangeView: Reach consensus,org_view=2302,org_changeCycle=0,cur_changeCycle=0,to_view=2303
info|2019-12-12 08:49:47.495849|[g:1][CONSENSUS]addRawPrepare,height=12,reqIdx=2,hash=38e76b82...
info|2019-12-12 08:49:47.497014|[g:1][CONSENSUS][PBFT]checkTimeout Succ,view=2303,toView=2304,nodeIdx=0,changeCycle=0,myNode=5f8c8907...,timecost=0.861
info|2019-12-12 08:49:47.499995|[g:1][CONSENSUS][PBFT]checkAndChangeView: Reach consensus,org_view=2303,org_changeCycle=0,cur_changeCycle=0,to_view=2304
info|2019-12-12 08:49:48.505354|[g:1][CONSENSUS]addRawPrepare,height=12,reqIdx=3,hash=78b5fbf1...
info|2019-12-12 08:49:48.506494|[g:1][CONSENSUS][PBFT]checkTimeout Succ,view=2304,toView=2305,nodeIdx=0,changeCycle=0,myNode=5f8c8907...,timecost=0.874
info|2019-12-12 08:49:48.508968|[g:1][CONSENSUS][PBFT]checkAndChangeView: Reach consensus,org_view=2304,org_changeCycle=0,cur_changeCycle=0,to_view=2305
info|2019-12-12 08:49:49.510509|[g:1][CONSENSUS][SEALER]++++++++++++++++ Generating seal on,blkNum=12,tx=0,nodeIdx=0,hash=21a5e121...
info|2019-12-12 08:49:49.511830|[g:1][CONSENSUS][PBFT]checkTimeout Succ,view=2305,toView=2306,nodeIdx=0,changeCycle=0,myNode=5f8c8907...,timecost=0.799
info|2019-12-12 08:49:49.518952|[g:1][CONSENSUS][PBFT]checkAndChangeView: Reach consensus,org_view=2305,org_changeCycle=0,cur_changeCycle=0,to_view=2306
info|2019-12-12 08:49:50.519893|[g:1][CONSENSUS]addRawPrepare,height=12,reqIdx=1,hash=233fab95...
info|2019-12-12 08:49:50.520947|[g:1][CONSENSUS][PBFT]checkTimeout Succ,view=2306,toView=2307,nodeIdx=0,changeCycle=0,myNode=5f8c8907...,timecost=0.845
info|2019-12-12 08:49:50.526375|[g:1][CONSENSUS][PBFT]checkAndChangeView: Reach consensus,org_view=2306,org_changeCycle=0,cur_changeCycle=0,to_view=2307
info|2019-12-12 08:49:51.529664|[g:1][CONSENSUS]addRawPrepare,height=12,reqIdx=2,hash=4fd87e00...
info|2019-12-12 08:49:51.530849|[g:1][CONSENSUS][PBFT]checkTimeout Succ,view=2307,toView=2308,nodeIdx=0,changeCycle=0,myNode=5f8c8907...,timecost=0.755
info|2019-12-12 08:49:51.535216|[g:1][CONSENSUS][PBFT]checkAndChangeView: Reach consensus,org_view=2307,org_changeCycle=0,cur_changeCycle=0,to_view=2308
info|2019-12-12 08:49:52.031070|[P2P][Service] heartBeat,connected count=3
info|2019-12-12 08:49:52.538452|[g:1][CONSENSUS]addRawPrepare,height=12,reqIdx=3,hash=4d71796c...
info|2019-12-12 08:49:52.539740|[g:1][CONSENSUS][PBFT]checkTimeout Succ,view=2308,toView=2309,nodeIdx=0,changeCycle=0,myNode=5f8c8907...,timecost=1.039
info|2019-12-12 08:49:52.544643|[g:1][CONSENSUS][PBFT]checkAndChangeView: Reach consensus,org_view=2308,org_changeCycle=0,cur_changeCycle=0,to_view=2309
info|2019-12-12 08:49:53.544639|[g:1][CONSENSUS][SEALER]++++++++++++++++ Generating seal on,blkNum=12,tx=0,nodeIdx=0,hash=837ff993...
info|2019-12-12 08:49:53.549654|[g:1][CONSENSUS][PBFT]checkTimeout Succ,view=2309,toView=2310,nodeIdx=0,changeCycle=0,myNode=5f8c8907...,timecost=0.785
info|2019-12-12 08:49:53.553367|[g:1][CONSENSUS][PBFT]checkAndChangeView: Reach consensus,org_view=2309,org_changeCycle=0,cur_changeCycle=0,to_view=2310
info|2019-12-12 08:49:54.554166|[g:1][CONSENSUS]addRawPrepare,height=12,reqIdx=1,hash=b9073daa...
info|2019-12-12 08:49:54.555298|[g:1][CONSENSUS][PBFT]checkTimeout Succ,view=2310,toView=2311,nodeIdx=0,changeCycle=0,myNode=5f8c8907...,timecost=0.853
info|2019-12-12 08:49:54.561024|[g:1][CONSENSUS][PBFT]checkAndChangeView: Reach consensus,org_view=2310,org_changeCycle=0,cur_changeCycle=0,to_view=2311
info|2019-12-12 08:49:55.562838|[g:1][CONSENSUS]addRawPrepare,height=12,reqIdx=2,hash=c39e7d28...
info|2019-12-12 08:49:55.566458|[g:1][CONSENSUS][PBFT]checkTimeout Succ,view=2311,toView=2312,nodeIdx=0,changeCycle=0,myNode=5f8c8907...,timecost=1.003
info|2019-12-12 08:49:55.569602|[g:1][CONSENSUS][PBFT]checkAndChangeView: Reach consensus,org_view=2311,org_changeCycle=0,cur_changeCycle=0,to_view=2312
info|2019-12-12 08:49:56.570099|[g:1][CONSENSUS]addRawPrepare,height=12,reqIdx=3,hash=ea21099d...
info|2019-12-12 08:49:56.571536|[g:1][CONSENSUS][PBFT]checkTimeout Succ,view=2312,toView=2313,nodeIdx=0,changeCycle=0,myNode=5f8c8907...,timecost=1.335
info|2019-12-12 08:49:56.575266|[g:1][CONSENSUS][PBFT]checkAndChangeView: Reach consensus,org_view=2312,org_changeCycle=0,cur_changeCycle=0,to_view=2313
info|2019-12-12 08:49:57.575425|[g:1][CONSENSUS][SEALER]++++++++++++++++ Generating seal on,blkNum=12,tx=0,nodeIdx=0,hash=54be0668...
info|2019-12-12 08:49:57.581985|[g:1][CONSENSUS][PBFT]checkTimeout Succ,view=2313,toView=2314,nodeIdx=0,changeCycle=0,myNode=5f8c8907...,timecost=0.758
info|2019-12-12 08:49:57.583390|[g:1][CONSENSUS][PBFT]checkAndChangeView: Reach consensus,org_view=2313,org_changeCycle=0,cur_changeCycle=0,to_view=2314
info|2019-12-12 08:49:58.586676|[g:1][CONSENSUS]addRawPrepare,height=12,reqIdx=1,hash=69bf5d88...
info|2019-12-12 08:49:58.588152|[g:1][CONSENSUS][PBFT]checkTimeout Succ,view=2314,toView=2315,nodeIdx=0,changeCycle=0,myNode=5f8c8907...,timecost=1.115
info|2019-12-12 08:49:58.591516|[g:1][CONSENSUS][PBFT]checkAndChangeView: Reach consensus,org_view=2314,org_changeCycle=0,cur_changeCycle=0,to_view=2315
info|2019-12-12 08:49:59.595915|[g:1][CONSENSUS]addRawPrepare,height=12,reqIdx=2,hash=9b9e7ff1...
info|2019-12-12 08:49:59.596974|[g:1][CONSENSUS][PBFT]checkTimeout Succ,view=2315,toView=2316,nodeIdx=0,changeCycle=0,myNode=5f8c8907...,timecost=0.785
info|2019-12-12 08:49:59.600630|[g:1][CONSENSUS][PBFT]checkAndChangeView: Reach consensus,org_view=2315,org_changeCycle=0,cur_changeCycle=0,to_view=2316
info|2019-12-12 08:50:00.603194|[g:1][CONSENSUS]addRawPrepare,height=12,reqIdx=3,hash=3d7b690b...
info|2019-12-12 08:50:00.606226|[g:1][CONSENSUS][PBFT]checkTimeout Succ,view=2316,toView=2317,nodeIdx=0,changeCycle=0,myNode=5f8c8907...,timecost=2.785
info|2019-12-12 08:50:00.609281|[g:1][CONSENSUS][PBFT]checkAndChangeView: Reach consensus,org_view=2316,org_changeCycle=0,cur_changeCycle=0,to_view=2317
info|2019-12-12 08:50:01.609236|[g:1][CONSENSUS][SEALER]++++++++++++++++ Generating seal on,blkNum=12,tx=0,nodeIdx=0,hash=b3d73d98...
info|2019-12-12 08:50:01.615075|[g:1][CONSENSUS][PBFT]checkTimeout Succ,view=2317,toView=2318,nodeIdx=0,changeCycle=0,myNode=5f8c8907...,timecost=0.814
info|2019-12-12 08:50:01.616507|[g:1][CONSENSUS][PBFT]checkAndChangeView: Reach consensus,org_view=2317,org_changeCycle=0,cur_changeCycle=0,to_view=2318
info|2019-12-12 08:50:02.034666|[P2P][Service] heartBeat,connected count=3
info|2019-12-12 08:50:02.618540|[g:1][CONSENSUS]addRawPrepare,height=12,reqIdx=1,hash=79fab952...
info|2019-12-12 08:50:02.619620|[g:1][CONSENSUS][PBFT]checkTimeout Succ,view=2318,toView=2319,nodeIdx=0,changeCycle=0,myNode=5f8c8907...,timecost=0.866
info|2019-12-12 08:50:02.624830|[g:1][CONSENSUS][PBFT]checkAndChangeView: Reach consensus,org_view=2318,org_changeCycle=0,cur_changeCycle=0,to_view=2319
info|2019-12-12 08:50:03.627135|[g:1][CONSENSUS]addRawPrepare,height=12,reqIdx=2,hash=5f66df3f...
info|2019-12-12 08:50:03.628291|[g:1][CONSENSUS][PBFT]checkTimeout Succ,view=2319,toView=2320,nodeIdx=0,changeCycle=0,myNode=5f8c8907...,timecost=0.942
info|2019-12-12 08:50:03.633086|[g:1][CONSENSUS][PBFT]checkAndChangeView: Reach consensus,org_view=2319,org_changeCycle=0,cur_changeCycle=0,to_view=2320
info|2019-12-12 08:50:04.635757|[g:1][CONSENSUS]addRawPrepare,height=12,reqIdx=3,hash=ebf66c9a...
info|2019-12-12 08:50:04.636873|[g:1][CONSENSUS][PBFT]checkTimeout Succ,view=2320,toView=2321,nodeIdx=0,changeCycle=0,myNode=5f8c8907...,timecost=0.87
info|2019-12-12 08:50:04.640298|[g:1][CONSENSUS][PBFT]checkAndChangeView: Reach consensus,org_view=2320,org_changeCycle=0,cur_changeCycle=0,to_view=2321
info|2019-12-12 08:50:05.641745|[g:1][CONSENSUS][SEALER]++++++++++++++++ Generating seal on,blkNum=12,tx=0,nodeIdx=0,hash=554313bd...
info|2019-12-12 08:50:05.643117|[g:1][CONSENSUS][PBFT]checkTimeout Succ,view=2321,toView=2322,nodeIdx=0,changeCycle=0,myNode=5f8c8907...,timecost=0.849
info|2019-12-12 08:50:05.649530|[g:1][CONSENSUS][PBFT]checkAndChangeView: Reach consensus,org_view=2321,org_changeCycle=0,cur_changeCycle=0,to_view=2322
info|2019-12-12 08:50:06.651555|[g:1][CONSENSUS]addRawPrepare,height=12,reqIdx=1,hash=b393abad...
info|2019-12-12 08:50:06.652547|[g:1][CONSENSUS][PBFT]checkTimeout Succ,view=2322,toView=2323,nodeIdx=0,changeCycle=0,myNode=5f8c8907...,timecost=0.736
info|2019-12-12 08:50:06.656839|[g:1][CONSENSUS][PBFT]checkAndChangeView: Reach consensus,org_view=2322,org_changeCycle=0,cur_changeCycle=0,to_view=2323
