warning|2019-12-12 00:22:39.237016|[g:1][CONSENSUS][PBFT]ViewChangeWarning: not caused by omit empty block ,v=1989,toV=1990,curNum=11,hash=9b39b6b9...,nodeIdx=0,myNode=5f8c8907...
info|2019-12-12 00:22:39.241555|[P2P][Service] heartBeat,connected count=3
info|2019-12-12 00:22:39.278322|[g:1][CONSENSUS][PBFT]checkTimeout Succ,view=1989,toView=1990,nodeIdx=0,changeCycle=1,myNode=5f8c8907...,timecost=571.268
info|2019-12-12 00:22:39.282470|[g:1][CONSENSUS][PBFT]checkAndChangeView: Reach consensus,org_view=1989,org_changeCycle=1,cur_changeCycle=1,to_view=1990
info|2019-12-12 00:22:40.297675|[g:1][CONSENSUS]addRawPrepare,height=12,reqIdx=1,hash=88ba0da7...
info|2019-12-12 00:22:40.301877|[g:1][CONSENSUS][PBFT]checkTimeout Succ,view=1990,toView=1991,nodeIdx=0,changeCycle=0,myNode=5f8c8907...,timecost=0.969
info|2019-12-12 00:22:40.303854|[g:1][CONSENSUS][PBFT]checkAndChangeView: Reach consensus,org_view=1990,org_changeCycle=0,cur_changeCycle=0,to_view=1991
info|2019-12-12 00:22:41.305508|[g:1][CONSENSUS]addRawPrepare,height=12,reqIdx=2,hash=6d83a148...
info|2019-12-12 00:22:41.307112|[g:1][CONSENSUS][PBFT]checkTimeout Succ,view=1991,toView=1992,nodeIdx=0,changeCycle=0,myNode=5f8c8907...,timecost=1.201
info|2019-12-12 00:22:41.309232|[g:1][CONSENSUS][PBFT]checkAndChangeView: Reach consensus,org_view=1991,org_changeCycle=0,cur_changeCycle=0,to_view=1992
info|2019-12-12 00:22:42.310322|[g:1][CONSENSUS]addRawPrepare,height=12,reqIdx=3,hash=a305ac83...
info|2019-12-12 00:22:42.311933|[g:1][CONSENSUS][PBFT]checkTimeout Succ,view=1992,toView=1993,nodeIdx=0,changeCycle=0,myNode=5f8c8907...,timecost=1.183
info|2019-12-12 00:22:42.317471|[g:1][CONSENSUS][PBFT]checkAndChangeView: Reach consensus,org_view=1992,org_changeCycle=0,cur_changeCycle=0,to_view=1993
info|2019-12-12 00:22:43.317795|[g:1][CONSENSUS][SEALER]++++++++++++++++ Generating seal on,blkNum=12,tx=0,nodeIdx=0,hash=c4b52fc3...
info|2019-12-12 00:22:43.321333|[g:1][CONSENSUS][PBFT]checkTimeout Succ,view=1993,toView=1994,nodeIdx=0,changeCycle=0,myNode=5f8c8907...,timecost=0.524
info|2019-12-12 00:22:43.322835|[g:1][CONSENSUS][PBFT]checkAndChangeView: Reach consensus,org_view=1993,org_changeCycle=0,cur_changeCycle=0,to_view=1994
info|2019-12-12 00:22:44.155999|[NETWORK][Session]Received topic: [45	_block_notify_1] from d0064285ad40d449fb7742ee6993e45d0f65a740af9ad35a750f9a29774bcb70d09d3807b299bee76e0ad26ba896aa50303282d154e95d20d35ed79d3dfbc868
info|2019-12-12 00:22:44.325338|[g:1][CONSENSUS]addRawPrepare,height=12,reqIdx=1,hash=96b72396...
info|2019-12-12 00:22:44.328583|[g:1][CONSENSUS][PBFT]checkTimeout Succ,view=1994,toView=1995,nodeIdx=0,changeCycle=0,myNode=5f8c8907...,timecost=2.836
info|2019-12-12 00:22:44.331474|[g:1][CONSENSUS][PBFT]checkAndChangeView: Reach consensus,org_view=1994,org_changeCycle=0,cur_changeCycle=0,to_view=1995
info|2019-12-12 00:22:45.338754|[g:1][CONSENSUS]addRawPrepare,height=12,reqIdx=2,hash=eb3c4133...
info|2019-12-12 00:22:45.341202|[g:1][CONSENSUS][PBFT]checkTimeout Succ,view=1995,toView=1996,nodeIdx=0,changeCycle=0,myNode=5f8c8907...,timecost=1.726
info|2019-12-12 00:22:45.343971|[g:1][CONSENSUS][PBFT]checkAndChangeView: Reach consensus,org_view=1995,org_changeCycle=0,cur_changeCycle=0,to_view=1996
info|2019-12-12 00:22:46.345130|[g:1][CONSENSUS]addRawPrepare,height=12,reqIdx=3,hash=53c768c5...
info|2019-12-12 00:22:46.346505|[g:1][CONSENSUS][PBFT]checkTimeout Succ,view=1996,toView=1997,nodeIdx=0,changeCycle=0,myNode=5f8c8907...,timecost=0.838
info|2019-12-12 00:22:46.349485|[g:1][CONSENSUS][PBFT]checkAndChangeView: Reach consensus,org_view=1996,org_changeCycle=0,cur_changeCycle=0,to_view=1997
info|2019-12-12 00:22:47.350184|[g:1][CONSENSUS][SEALER]++++++++++++++++ Generating seal on,blkNum=12,tx=0,nodeIdx=0,hash=ae20a08f...
info|2019-12-12 00:22:47.351212|[g:1][CONSENSUS][PBFT]checkTimeout Succ,view=1997,toView=1998,nodeIdx=0,changeCycle=0,myNode=5f8c8907...,timecost=0.6
info|2019-12-12 00:22:47.354190|[g:1][CONSENSUS][PBFT]checkAndChangeView: Reach consensus,org_view=1997,org_changeCycle=0,cur_changeCycle=0,to_view=1998
info|2019-12-12 00:22:48.356887|[g:1][CONSENSUS]addRawPrepare,height=12,reqIdx=1,hash=80428c9e...
info|2019-12-12 00:22:48.357544|[g:1][CONSENSUS][PBFT]checkTimeout Succ,view=1998,toView=1999,nodeIdx=0,changeCycle=0,myNode=5f8c8907...,timecost=0.443
info|2019-12-12 00:22:48.359398|[g:1][CONSENSUS][PBFT]checkAndChangeView: Reach consensus,org_view=1998,org_changeCycle=0,cur_changeCycle=0,to_view=1999
info|2019-12-12 00:22:49.246890|[P2P][Service] heartBeat,connected count=3
info|2019-12-12 00:22:49.361658|[g:1][CONSENSUS]addRawPrepare,height=12,reqIdx=2,hash=435cf44c...
info|2019-12-12 00:22:49.362188|[g:1][CONSENSUS][PBFT]checkTimeout Succ,view=1999,toView=2000,nodeIdx=0,changeCycle=0,myNode=5f8c8907...,timecost=0.378
info|2019-12-12 00:22:49.365805|[g:1][CONSENSUS][PBFT]checkAndChangeView: Reach consensus,org_view=1999,org_changeCycle=0,cur_changeCycle=0,to_view=2000
info|2019-12-12 00:22:50.367405|[g:1][CONSENSUS]addRawPrepare,height=12,reqIdx=3,hash=5a4aa731...
info|2019-12-12 00:22:50.370543|[g:1][CONSENSUS][PBFT]checkTimeout Succ,view=2000,toView=2001,nodeIdx=0,changeCycle=0,myNode=5f8c8907...,timecost=2.773
info|2019-12-12 00:22:50.373564|[g:1][CONSENSUS][PBFT]checkAndChangeView: Reach consensus,org_view=2000,org_changeCycle=0,cur_changeCycle=0,to_view=2001
info|2019-12-12 00:22:51.373383|[g:1][CONSENSUS][SEALER]++++++++++++++++ Generating seal on,blkNum=12,tx=0,nodeIdx=0,hash=b7d6fdf4...
info|2019-12-12 00:22:51.378161|[g:1][CONSENSUS][PBFT]checkTimeout Succ,view=2001,toView=2002,nodeIdx=0,changeCycle=0,myNode=5f8c8907...,timecost=1.561
info|2019-12-12 00:22:51.378822|[g:1][CONSENSUS][PBFT]checkAndChangeView: Reach consensus,org_view=2001,org_changeCycle=0,cur_changeCycle=0,to_view=2002
info|2019-12-12 00:22:52.378937|[g:1][CONSENSUS]addRawPrepare,height=12,reqIdx=1,hash=7f3803be...
info|2019-12-12 00:22:52.379607|[g:1][CONSENSUS][PBFT]checkTimeout Succ,view=2002,toView=2003,nodeIdx=0,changeCycle=0,myNode=5f8c8907...,timecost=0.499
info|2019-12-12 00:22:52.381580|[g:1][CONSENSUS][PBFT]checkAndChangeView: Reach consensus,org_view=2002,org_changeCycle=0,cur_changeCycle=0,to_view=2003
info|2019-12-12 00:22:53.384803|[g:1][CONSENSUS]addRawPrepare,height=12,reqIdx=2,hash=e38a9577...
info|2019-12-12 00:22:53.386789|[g:1][CONSENSUS][PBFT]checkTimeout Succ,view=2003,toView=2004,nodeIdx=0,changeCycle=0,myNode=5f8c8907...,timecost=1.494
info|2019-12-12 00:22:53.388709|[g:1][CONSENSUS][PBFT]checkAndChangeView: Reach consensus,org_view=2003,org_changeCycle=0,cur_changeCycle=0,to_view=2004
info|2019-12-12 00:22:54.392397|[g:1][CONSENSUS]addRawPrepare,height=12,reqIdx=3,hash=67516ac2...
info|2019-12-12 00:22:54.393268|[g:1][CONSENSUS][PBFT]checkTimeout Succ,view=2004,toView=2005,nodeIdx=0,changeCycle=0,myNode=5f8c8907...,timecost=0.638
info|2019-12-12 00:22:54.396366|[g:1][CONSENSUS][PBFT]checkAndChangeView: Reach consensus,org_view=2004,org_changeCycle=0,cur_changeCycle=0,to_view=2005
info|2019-12-12 00:22:55.396491|[g:1][CONSENSUS][SEALER]++++++++++++++++ Generating seal on,blkNum=12,tx=0,nodeIdx=0,hash=046aece5...
info|2019-12-12 00:22:55.398017|[g:1][CONSENSUS][PBFT]checkTimeout Succ,view=2005,toView=2006,nodeIdx=0,changeCycle=0,myNode=5f8c8907...,timecost=0.896
info|2019-12-12 00:22:55.404189|[g:1][CONSENSUS][PBFT]checkAndChangeView: Reach consensus,org_view=2005,org_changeCycle=0,cur_changeCycle=0,to_view=2006
info|2019-12-12 00:22:56.406749|[g:1][CONSENSUS]addRawPrepare,height=12,reqIdx=1,hash=620dd00d...
info|2019-12-12 00:22:56.409561|[g:1][CONSENSUS][PBFT]checkTimeout Succ,view=2006,toView=2007,nodeIdx=0,changeCycle=0,myNode=5f8c8907...,timecost=2.324
info|2019-12-12 00:22:56.413916|[g:1][CONSENSUS][PBFT]checkAndChangeView: Reach consensus,org_view=2006,org_changeCycle=0,cur_changeCycle=0,to_view=2007
info|2019-12-12 00:22:57.416477|[g:1][CONSENSUS]addRawPrepare,height=12,reqIdx=2,hash=8721e3e1...
info|2019-12-12 00:22:57.419229|[g:1][CONSENSUS][PBFT]checkTimeout Succ,view=2007,toView=2008,nodeIdx=0,changeCycle=0,myNode=5f8c8907...,timecost=2.365
info|2019-12-12 00:22:57.421621|[g:1][CONSENSUS][PBFT]checkAndChangeView: Reach consensus,org_view=2007,org_changeCycle=0,cur_changeCycle=0,to_view=2008
info|2019-12-12 00:22:58.425241|[g:1][CONSENSUS]addRawPrepare,height=12,reqIdx=3,hash=1a10e63f...
info|2019-12-12 00:22:58.427163|[g:1][CONSENSUS][PBFT]checkTimeout Succ,view=2008,toView=2009,nodeIdx=0,changeCycle=0,myNode=5f8c8907...,timecost=1.677
info|2019-12-12 00:22:58.431598|[g:1][CONSENSUS][PBFT]checkAndChangeView: Reach consensus,org_view=2008,org_changeCycle=0,cur_changeCycle=0,to_view=2009
info|2019-12-12 00:22:59.250168|[P2P][Service] heartBeat,connected count=3
info|2019-12-12 00:22:59.431462|[g:1][CONSENSUS][SEALER]++++++++++++++++ Generating seal on,blkNum=12,tx=0,nodeIdx=0,hash=1d819ed5...
info|2019-12-12 00:22:59.439041|[g:1][CONSENSUS][PBFT]checkTimeout Succ,view=2009,toView=2010,nodeIdx=0,changeCycle=0,myNode=5f8c8907...,timecost=1.339
info|2019-12-12 00:22:59.441321|[g:1][CONSENSUS][PBFT]checkAndChangeView: Reach consensus,org_view=2009,org_changeCycle=0,cur_changeCycle=0,to_view=2010
info|2019-12-12 00:23:00.445500|[g:1][CONSENSUS]addRawPrepare,height=12,reqIdx=1,hash=93243727...
info|2019-12-12 00:23:00.446544|[g:1][CONSENSUS][PBFT]checkTimeout Succ,view=2010,toView=2011,nodeIdx=0,changeCycle=0,myNode=5f8c8907...,timecost=0.749
info|2019-12-12 00:23:00.450670|[g:1][CONSENSUS][PBFT]checkAndChangeView: Reach consensus,org_view=2010,org_changeCycle=0,cur_changeCycle=0,to_view=2011
info|2019-12-12 00:23:01.451357|[g:1][CONSENSUS]addRawPrepare,height=12,reqIdx=2,hash=cddc9435...
info|2019-12-12 00:23:01.452595|[g:1][CONSENSUS][PBFT]checkTimeout Succ,view=2011,toView=2012,nodeIdx=0,changeCycle=0,myNode=5f8c8907...,timecost=0.894
info|2019-12-12 00:23:01.455499|[g:1][CONSENSUS][PBFT]checkAndChangeView: Reach consensus,org_view=2011,org_changeCycle=0,cur_changeCycle=0,to_view=2012
info|2019-12-12 00:23:02.457026|[g:1][CONSENSUS]addRawPrepare,height=12,reqIdx=3,hash=ce8a249d...
info|2019-12-12 00:23:02.457610|[g:1][CONSENSUS][PBFT]checkTimeout Succ,view=2012,toView=2013,nodeIdx=0,changeCycle=0,myNode=5f8c8907...,timecost=0.406
info|2019-12-12 00:23:02.459592|[g:1][CONSENSUS][PBFT]checkAndChangeView: Reach consensus,org_view=2012,org_changeCycle=0,cur_changeCycle=0,to_view=2013
info|2019-12-12 00:23:03.460629|[g:1][CONSENSUS][SEALER]++++++++++++++++ Generating seal on,blkNum=12,tx=0,nodeIdx=0,hash=1aeabc1a...
info|2019-12-12 00:23:03.462376|[g:1][CONSENSUS][PBFT]checkTimeout Succ,view=2013,toView=2014,nodeIdx=0,changeCycle=0,myNode=5f8c8907...,timecost=0.909
info|2019-12-12 00:23:03.468219|[g:1][CONSENSUS][PBFT]checkAndChangeView: Reach consensus,org_view=2013,org_changeCycle=0,cur_changeCycle=0,to_view=2014
info|2019-12-12 00:23:04.485105|[g:1][CONSENSUS]addRawPrepare,height=12,reqIdx=1,hash=d4da2989...
info|2019-12-12 00:23:04.488681|[g:1][CONSENSUS][PBFT]checkTimeout Succ,view=2014,toView=2015,nodeIdx=0,changeCycle=0,myNode=5f8c8907...,timecost=3.215
info|2019-12-12 00:23:04.491420|[g:1][CONSENSUS][PBFT]checkAndChangeView: Reach consensus,org_view=2014,org_changeCycle=0,cur_changeCycle=0,to_view=2015
info|2019-12-12 00:23:05.494021|[g:1][CONSENSUS]addRawPrepare,height=12,reqIdx=2,hash=e06ac883...
info|2019-12-12 00:23:05.494974|[g:1][CONSENSUS][PBFT]checkTimeout Succ,view=2015,toView=2016,nodeIdx=0,changeCycle=0,myNode=5f8c8907...,timecost=0.637
info|2019-12-12 00:23:05.498398|[g:1][CONSENSUS][PBFT]checkAndChangeView: Reach consensus,org_view=2015,org_changeCycle=0,cur_changeCycle=0,to_view=2016
info|2019-12-12 00:23:06.501917|[g:1][CONSENSUS]addRawPrepare,height=12,reqIdx=3,hash=c99b58ef...
info|2019-12-12 00:23:06.503526|[g:1][CONSENSUS][PBFT]checkTimeout Succ,view=2016,toView=2017,nodeIdx=0,changeCycle=0,myNode=5f8c8907...,timecost=1.112
info|2019-12-12 00:23:06.506266|[g:1][CONSENSUS][PBFT]checkAndChangeView: Reach consensus,org_view=2016,org_changeCycle=0,cur_changeCycle=0,to_view=2017
info|2019-12-12 00:23:07.506998|[g:1][CONSENSUS][SEALER]++++++++++++++++ Generating seal on,blkNum=12,tx=0,nodeIdx=0,hash=3fc37c57...
info|2019-12-12 00:23:07.508252|[g:1][CONSENSUS][PBFT]checkTimeout Succ,view=2017,toView=2018,nodeIdx=0,changeCycle=0,myNode=5f8c8907...,timecost=0.752
info|2019-12-12 00:23:07.512336|[g:1][CONSENSUS][PBFT]checkAndChangeView: Reach consensus,org_view=2017,org_changeCycle=0,cur_changeCycle=0,to_view=2018
info|2019-12-12 00:23:08.514935|[g:1][CONSENSUS]addRawPrepare,height=12,reqIdx=1,hash=1e8c42ee...
info|2019-12-12 00:23:08.515556|[g:1][CONSENSUS][PBFT]checkTimeout Succ,view=2018,toView=2019,nodeIdx=0,changeCycle=0,myNode=5f8c8907...,timecost=0.519
info|2019-12-12 00:23:08.517633|[g:1][CONSENSUS][PBFT]checkAndChangeView: Reach consensus,org_view=2018,org_changeCycle=0,cur_changeCycle=0,to_view=2019
info|2019-12-12 00:23:09.254501|[P2P][Service] heartBeat,connected count=3
info|2019-12-12 00:23:09.518484|[g:1][CONSENSUS]addRawPrepare,height=12,reqIdx=2,hash=d61b6137...
info|2019-12-12 00:23:09.522487|[g:1][CONSENSUS][PBFT]checkTimeout Succ,view=2019,toView=2020,nodeIdx=0,changeCycle=0,myNode=5f8c8907...,timecost=3.841
info|2019-12-12 00:23:09.525548|[g:1][CONSENSUS][PBFT]checkAndChangeView: Reach consensus,org_view=2019,org_changeCycle=0,cur_changeCycle=0,to_view=2020
info|2019-12-12 00:23:10.525585|[g:1][CONSENSUS]addRawPrepare,height=12,reqIdx=3,hash=4e136211...
info|2019-12-12 00:23:10.526774|[g:1][CONSENSUS][PBFT]checkTimeout Succ,view=2020,toView=2021,nodeIdx=0,changeCycle=0,myNode=5f8c8907...,timecost=0.936
info|2019-12-12 00:23:10.530174|[g:1][CONSENSUS][PBFT]checkAndChangeView: Reach consensus,org_view=2020,org_changeCycle=0,cur_changeCycle=0,to_view=2021
info|2019-12-12 00:23:11.531838|[g:1][CONSENSUS][SEALER]++++++++++++++++ Generating seal on,blkNum=12,tx=0,nodeIdx=0,hash=33084f57...
info|2019-12-12 00:23:11.540467|[g:1][CONSENSUS][PBFT]checkTimeout Succ,view=2021,toView=2022,nodeIdx=0,changeCycle=0,myNode=5f8c8907...,timecost=4.036
info|2019-12-12 00:23:11.542261|[g:1][CONSENSUS][PBFT]checkAndChangeView: Reach consensus,org_view=2021,org_changeCycle=0,cur_changeCycle=0,to_view=2022
info|2019-12-12 00:23:12.542685|[g:1][CONSENSUS]addRawPrepare,height=12,reqIdx=1,hash=60b34e8e...
info|2019-12-12 00:23:12.545880|[g:1][CONSENSUS][PBFT]checkTimeout Succ,view=2022,toView=2023,nodeIdx=0,changeCycle=0,myNode=5f8c8907...,timecost=2.608
info|2019-12-12 00:23:12.548657|[g:1][CONSENSUS][PBFT]checkAndChangeView: Reach consensus,org_view=2022,org_changeCycle=0,cur_changeCycle=0,to_view=2023
info|2019-12-12 00:23:13.550449|[g:1][CONSENSUS]addRawPrepare,height=12,reqIdx=2,hash=16c4cfc6...
info|2019-12-12 00:23:13.552967|[g:1][CONSENSUS][PBFT]checkTimeout Succ,view=2023,toView=2024,nodeIdx=0,changeCycle=0,myNode=5f8c8907...,timecost=2.163
info|2019-12-12 00:23:13.557545|[g:1][CONSENSUS][PBFT]checkAndChangeView: Reach consensus,org_view=2023,org_changeCycle=0,cur_changeCycle=0,to_view=2024
