warning|2019-12-12 07:05:25.013873|[g:1][CONSENSUS][PBFT]ViewChangeWarning: not caused by omit empty block ,v=2214,toV=2215,curNum=11,hash=9b39b6b9...,nodeIdx=0,myNode=5f8c8907...
info|2019-12-12 07:05:25.015038|[g:1][CONSENSUS][PBFT]checkTimeout Succ,view=2214,toView=2215,nodeIdx=0,changeCycle=1,myNode=5f8c8907...,timecost=11.405
info|2019-12-12 07:05:25.015056|[P2P][Service] heartBeat,connected count=3
info|2019-12-12 07:05:25.017146|[g:1][CONSENSUS][PBFT]checkAndChangeView: Reach consensus,org_view=2214,org_changeCycle=1,cur_changeCycle=1,to_view=2215
info|2019-12-12 07:05:26.019149|[g:1][CONSENSUS]addRawPrepare,height=12,reqIdx=2,hash=f603e6af...
info|2019-12-12 07:05:26.023088|[g:1][CONSENSUS][PBFT]checkTimeout Succ,view=2215,toView=2216,nodeIdx=0,changeCycle=0,myNode=5f8c8907...,timecost=3.755
info|2019-12-12 07:05:26.024565|[g:1][CONSENSUS][PBFT]checkAndChangeView: Reach consensus,org_view=2215,org_changeCycle=0,cur_changeCycle=0,to_view=2216
info|2019-12-12 07:05:27.025433|[g:1][CONSENSUS]addRawPrepare,height=12,reqIdx=3,hash=9e0b7f1a...
info|2019-12-12 07:05:27.026529|[g:1][CONSENSUS][PBFT]checkTimeout Succ,view=2216,toView=2217,nodeIdx=0,changeCycle=0,myNode=5f8c8907...,timecost=1.005
info|2019-12-12 07:05:27.030418|[g:1][CONSENSUS][PBFT]checkAndChangeView: Reach consensus,org_view=2216,org_changeCycle=0,cur_changeCycle=0,to_view=2217
info|2019-12-12 07:05:28.030562|[g:1][CONSENSUS][SEALER]++++++++++++++++ Generating seal on,blkNum=12,tx=0,nodeIdx=0,hash=532cb502...
info|2019-12-12 07:05:28.031848|[g:1][CONSENSUS][PBFT]checkTimeout Succ,view=2217,toView=2218,nodeIdx=0,changeCycle=0,myNode=5f8c8907...,timecost=0.76
info|2019-12-12 07:05:28.037728|[g:1][CONSENSUS][PBFT]checkAndChangeView: Reach consensus,org_view=2217,org_changeCycle=0,cur_changeCycle=0,to_view=2218
info|2019-12-12 07:05:29.038639|[g:1][CONSENSUS]addRawPrepare,height=12,reqIdx=1,hash=112d190f...
info|2019-12-12 07:05:29.041530|[g:1][CONSENSUS][PBFT]checkTimeout Succ,view=2218,toView=2219,nodeIdx=0,changeCycle=0,myNode=5f8c8907...,timecost=2.444
info|2019-12-12 07:05:29.044217|[g:1][CONSENSUS][PBFT]checkAndChangeView: Reach consensus,org_view=2218,org_changeCycle=0,cur_changeCycle=0,to_view=2219
info|2019-12-12 07:05:30.047504|[g:1][CONSENSUS]addRawPrepare,height=12,reqIdx=2,hash=342c1e0e...
info|2019-12-12 07:05:30.056467|[g:1][CONSENSUS][PBFT]checkTimeout Succ,view=2219,toView=2220,nodeIdx=0,changeCycle=0,myNode=5f8c8907...,timecost=4.395
info|2019-12-12 07:05:30.057697|[g:1][CONSENSUS][PBFT]checkAndChangeView: Reach consensus,org_view=2219,org_changeCycle=0,cur_changeCycle=0,to_view=2220
info|2019-12-12 07:05:31.059045|[g:1][CONSENSUS]addRawPrepare,height=12,reqIdx=3,hash=da37cdf2...
info|2019-12-12 07:05:31.060477|[g:1][CONSENSUS][PBFT]checkTimeout Succ,view=2220,toView=2221,nodeIdx=0,changeCycle=0,myNode=5f8c8907...,timecost=0.856
info|2019-12-12 07:05:31.064768|[g:1][CONSENSUS][PBFT]checkAndChangeView: Reach consensus,org_view=2220,org_changeCycle=0,cur_changeCycle=0,to_view=2221
info|2019-12-12 07:05:32.064678|[g:1][CONSENSUS][SEALER]++++++++++++++++ Generating seal on,blkNum=12,tx=0,nodeIdx=0,hash=83ef16a6...
info|2019-12-12 07:05:32.066068|[g:1][CONSENSUS][PBFT]checkTimeout Succ,view=2221,toView=2222,nodeIdx=0,changeCycle=0,myNode=5f8c8907...,timecost=0.861
info|2019-12-12 07:05:32.072113|[g:1][CONSENSUS][PBFT]checkAndChangeView: Reach consensus,org_view=2221,org_changeCycle=0,cur_changeCycle=0,to_view=2222
info|2019-12-12 07:05:33.074284|[g:1][CONSENSUS]addRawPrepare,height=12,reqIdx=1,hash=0ebb8a46...
info|2019-12-12 07:05:33.078376|[g:1][CONSENSUS][PBFT]checkTimeout Succ,view=2222,toView=2223,nodeIdx=0,changeCycle=0,myNode=5f8c8907...,timecost=3.836
info|2019-12-12 07:05:33.080962|[g:1][CONSENSUS][PBFT]checkAndChangeView: Reach consensus,org_view=2222,org_changeCycle=0,cur_changeCycle=0,to_view=2223
info|2019-12-12 07:05:34.081140|[g:1][CONSENSUS]addRawPrepare,height=12,reqIdx=2,hash=160d9913...
info|2019-12-12 07:05:34.082942|[g:1][CONSENSUS][PBFT]checkTimeout Succ,view=2223,toView=2224,nodeIdx=0,changeCycle=0,myNode=5f8c8907...,timecost=1.557
info|2019-12-12 07:05:34.085659|[g:1][CONSENSUS][PBFT]checkAndChangeView: Reach consensus,org_view=2223,org_changeCycle=0,cur_changeCycle=0,to_view=2224
info|2019-12-12 07:05:35.015442|[P2P][Service] heartBeat,connected count=3
info|2019-12-12 07:05:35.088178|[g:1][CONSENSUS]addRawPrepare,height=12,reqIdx=3,hash=4d056246...
info|2019-12-12 07:05:35.094120|[g:1][CONSENSUS][PBFT]checkTimeout Succ,view=2224,toView=2225,nodeIdx=0,changeCycle=0,myNode=5f8c8907...,timecost=5.707
info|2019-12-12 07:05:35.095905|[g:1][CONSENSUS][PBFT]checkAndChangeView: Reach consensus,org_view=2224,org_changeCycle=0,cur_changeCycle=0,to_view=2225
info|2019-12-12 07:05:36.095425|[g:1][CONSENSUS][SEALER]++++++++++++++++ Generating seal on,blkNum=12,tx=0,nodeIdx=0,hash=ff8e8cd8...
info|2019-12-12 07:05:36.096912|[g:1][CONSENSUS][PBFT]checkTimeout Succ,view=2225,toView=2226,nodeIdx=0,changeCycle=0,myNode=5f8c8907...,timecost=0.961
info|2019-12-12 07:05:36.102415|[g:1][CONSENSUS][PBFT]checkAndChangeView: Reach consensus,org_view=2225,org_changeCycle=0,cur_changeCycle=0,to_view=2226
info|2019-12-12 07:05:37.104634|[g:1][CONSENSUS]addRawPrepare,height=12,reqIdx=1,hash=b86d071b...
info|2019-12-12 07:05:37.105724|[g:1][CONSENSUS][PBFT]checkTimeout Succ,view=2226,toView=2227,nodeIdx=0,changeCycle=0,myNode=5f8c8907...,timecost=0.818
info|2019-12-12 07:05:37.110222|[g:1][CONSENSUS][PBFT]checkAndChangeView: Reach consensus,org_view=2226,org_changeCycle=0,cur_changeCycle=0,to_view=2227
info|2019-12-12 07:05:38.112624|[g:1][CONSENSUS]addRawPrepare,height=12,reqIdx=2,hash=aee345ee...
info|2019-12-12 07:05:38.113906|[g:1][CONSENSUS][PBFT]checkTimeout Succ,view=2227,toView=2228,nodeIdx=0,changeCycle=0,myNode=5f8c8907...,timecost=1.04
info|2019-12-12 07:05:38.118339|[g:1][CONSENSUS][PBFT]checkAndChangeView: Reach consensus,org_view=2227,org_changeCycle=0,cur_changeCycle=0,to_view=2228
info|2019-12-12 07:05:39.120217|[g:1][CONSENSUS]addRawPrepare,height=12,reqIdx=3,hash=164f30ec...
info|2019-12-12 07:05:39.122049|[g:1][CONSENSUS][PBFT]checkTimeout Succ,view=2228,toView=2229,nodeIdx=0,changeCycle=0,myNode=5f8c8907...,timecost=1.326
info|2019-12-12 07:05:39.124544|[g:1][CONSENSUS][PBFT]checkAndChangeView: Reach consensus,org_view=2228,org_changeCycle=0,cur_changeCycle=0,to_view=2229
info|2019-12-12 07:05:40.124243|[g:1][CONSENSUS][SEALER]++++++++++++++++ Generating seal on,blkNum=12,tx=0,nodeIdx=0,hash=7371975c...
info|2019-12-12 07:05:40.133597|[g:1][CONSENSUS][PBFT]checkTimeout Succ,view=2229,toView=2230,nodeIdx=0,changeCycle=0,myNode=5f8c8907...,timecost=3.548
info|2019-12-12 07:05:40.135530|[g:1][CONSENSUS][PBFT]checkAndChangeView: Reach consensus,org_view=2229,org_changeCycle=0,cur_changeCycle=0,to_view=2230
info|2019-12-12 07:05:41.136314|[g:1][CONSENSUS]addRawPrepare,height=12,reqIdx=1,hash=edc5eeb4...
info|2019-12-12 07:05:41.137058|[g:1][CONSENSUS][PBFT]checkTimeout Succ,view=2230,toView=2231,nodeIdx=0,changeCycle=0,myNode=5f8c8907...,timecost=0.52
info|2019-12-12 07:05:41.139265|[g:1][CONSENSUS][PBFT]checkAndChangeView: Reach consensus,org_view=2230,org_changeCycle=0,cur_changeCycle=0,to_view=2231
info|2019-12-12 07:05:42.142836|[g:1][CONSENSUS]addRawPrepare,height=12,reqIdx=2,hash=0121c6d5...
info|2019-12-12 07:05:42.144962|[g:1][CONSENSUS][PBFT]checkTimeout Succ,view=2231,toView=2232,nodeIdx=0,changeCycle=0,myNode=5f8c8907...,timecost=1.676
info|2019-12-12 07:05:42.148884|[g:1][CONSENSUS][PBFT]checkAndChangeView: Reach consensus,org_view=2231,org_changeCycle=0,cur_changeCycle=0,to_view=2232
info|2019-12-12 07:05:43.149957|[g:1][CONSENSUS]addRawPrepare,height=12,reqIdx=3,hash=05b44bcf...
info|2019-12-12 07:05:43.150957|[g:1][CONSENSUS][PBFT]checkTimeout Succ,view=2232,toView=2233,nodeIdx=0,changeCycle=0,myNode=5f8c8907...,timecost=0.794
info|2019-12-12 07:05:43.155849|[g:1][CONSENSUS][PBFT]checkAndChangeView: Reach consensus,org_view=2232,org_changeCycle=0,cur_changeCycle=0,to_view=2233
info|2019-12-12 07:05:44.155759|[g:1][CONSENSUS][SEALER]++++++++++++++++ Generating seal on,blkNum=12,tx=0,nodeIdx=0,hash=da2f7fc1...
info|2019-12-12 07:05:44.157089|[g:1][CONSENSUS][PBFT]checkTimeout Succ,view=2233,toView=2234,nodeIdx=0,changeCycle=0,myNode=5f8c8907...,timecost=0.799
info|2019-12-12 07:05:44.164236|[g:1][CONSENSUS][PBFT]checkAndChangeView: Reach consensus,org_view=2233,org_changeCycle=0,cur_changeCycle=0,to_view=2234
info|2019-12-12 07:05:45.019911|[P2P][Service] heartBeat,connected count=3
info|2019-12-12 07:05:45.165847|[g:1][CONSENSUS]addRawPrepare,height=12,reqIdx=1,hash=7f57f84f...
info|2019-12-12 07:05:45.171485|[g:1][CONSENSUS][PBFT]checkTimeout Succ,view=2234,toView=2235,nodeIdx=0,changeCycle=0,myNode=5f8c8907...,timecost=5.408
info|2019-12-12 07:05:45.173444|[g:1][CONSENSUS][PBFT]checkAndChangeView: Reach consensus,org_view=2234,org_changeCycle=0,cur_changeCycle=0,to_view=2235
info|2019-12-12 07:05:46.174791|[g:1][CONSENSUS]addRawPrepare,height=12,reqIdx=2,hash=8aa0822e...
info|2019-12-12 07:05:46.175800|[g:1][CONSENSUS][PBFT]checkTimeout Succ,view=2235,toView=2236,nodeIdx=0,changeCycle=0,myNode=5f8c8907...,timecost=0.763
info|2019-12-12 07:05:46.180134|[g:1][CONSENSUS][PBFT]checkAndChangeView: Reach consensus,org_view=2235,org_changeCycle=0,cur_changeCycle=0,to_view=2236
info|2019-12-12 07:05:47.185210|[g:1][CONSENSUS]addRawPrepare,height=12,reqIdx=3,hash=a94c245f...
info|2019-12-12 07:05:47.186477|[g:1][CONSENSUS][PBFT]checkTimeout Succ,view=2236,toView=2237,nodeIdx=0,changeCycle=0,myNode=5f8c8907...,timecost=1.02
info|2019-12-12 07:05:47.189104|[g:1][CONSENSUS][PBFT]checkAndChangeView: Reach consensus,org_view=2236,org_changeCycle=0,cur_changeCycle=0,to_view=2237
info|2019-12-12 07:05:48.189234|[g:1][CONSENSUS][SEALER]++++++++++++++++ Generating seal on,blkNum=12,tx=0,nodeIdx=0,hash=517503de...
info|2019-12-12 07:05:48.190533|[g:1][CONSENSUS][PBFT]checkTimeout Succ,view=2237,toView=2238,nodeIdx=0,changeCycle=0,myNode=5f8c8907...,timecost=0.771
info|2019-12-12 07:05:48.195876|[g:1][CONSENSUS][PBFT]checkAndChangeView: Reach consensus,org_view=2237,org_changeCycle=0,cur_changeCycle=0,to_view=2238
info|2019-12-12 07:05:49.199806|[g:1][CONSENSUS]addRawPrepare,height=12,reqIdx=1,hash=e2870155...
info|2019-12-12 07:05:49.201278|[g:1][CONSENSUS][PBFT]checkTimeout Succ,view=2238,toView=2239,nodeIdx=0,changeCycle=0,myNode=5f8c8907...,timecost=1.088
info|2019-12-12 07:05:49.204552|[g:1][CONSENSUS][PBFT]checkAndChangeView: Reach consensus,org_view=2238,org_changeCycle=0,cur_changeCycle=0,to_view=2239
info|2019-12-12 07:05:50.207408|[g:1][CONSENSUS]addRawPrepare,height=12,reqIdx=2,hash=d94cbcc4...
info|2019-12-12 07:05:50.211002|[g:1][CONSENSUS][PBFT]checkTimeout Succ,view=2239,toView=2240,nodeIdx=0,changeCycle=0,myNode=5f8c8907...,timecost=3.382
info|2019-12-12 07:05:50.212385|[g:1][CONSENSUS][PBFT]checkAndChangeView: Reach consensus,org_view=2239,org_changeCycle=0,cur_changeCycle=0,to_view=2240
info|2019-12-12 07:05:51.214220|[g:1][CONSENSUS]addRawPrepare,height=12,reqIdx=3,hash=c93efb4a...
info|2019-12-12 07:05:51.219153|[g:1][CONSENSUS][PBFT]checkTimeout Succ,view=2240,toView=2241,nodeIdx=0,changeCycle=0,myNode=5f8c8907...,timecost=4.683
info|2019-12-12 07:05:51.220877|[g:1][CONSENSUS][PBFT]checkAndChangeView: Reach consensus,org_view=2240,org_changeCycle=0,cur_changeCycle=0,to_view=2241
info|2019-12-12 07:05:52.220204|[g:1][CONSENSUS][SEALER]++++++++++++++++ Generating seal on,blkNum=12,tx=0,nodeIdx=0,hash=1a35e13e...
info|2019-12-12 07:05:52.221321|[g:1][CONSENSUS][PBFT]checkTimeout Succ,view=2241,toView=2242,nodeIdx=0,changeCycle=0,myNode=5f8c8907...,timecost=0.683
info|2019-12-12 07:05:52.225767|[g:1][CONSENSUS][PBFT]checkAndChangeView: Reach consensus,org_view=2241,org_changeCycle=0,cur_changeCycle=0,to_view=2242
info|2019-12-12 07:05:53.228083|[g:1][CONSENSUS]addRawPrepare,height=12,reqIdx=1,hash=a55bbbab...
info|2019-12-12 07:05:53.229156|[g:1][CONSENSUS][PBFT]checkTimeout Succ,view=2242,toView=2243,nodeIdx=0,changeCycle=0,myNode=5f8c8907...,timecost=0.826
info|2019-12-12 07:05:53.232017|[g:1][CONSENSUS][PBFT]checkAndChangeView: Reach consensus,org_view=2242,org_changeCycle=0,cur_changeCycle=0,to_view=2243
info|2019-12-12 07:05:54.235070|[g:1][CONSENSUS]addRawPrepare,height=12,reqIdx=2,hash=04a5ff65...
info|2019-12-12 07:05:54.236684|[g:1][CONSENSUS][PBFT]checkTimeout Succ,view=2243,toView=2244,nodeIdx=0,changeCycle=0,myNode=5f8c8907...,timecost=0.981
info|2019-12-12 07:05:54.241330|[g:1][CONSENSUS][PBFT]checkAndChangeView: Reach consensus,org_view=2243,org_changeCycle=0,cur_changeCycle=0,to_view=2244
info|2019-12-12 07:05:55.020467|[P2P][Service] heartBeat,connected count=3
info|2019-12-12 07:05:55.244801|[g:1][CONSENSUS]addRawPrepare,height=12,reqIdx=3,hash=6dab1dba...
info|2019-12-12 07:05:55.247145|[g:1][CONSENSUS][PBFT]checkTimeout Succ,view=2244,toView=2245,nodeIdx=0,changeCycle=0,myNode=5f8c8907...,timecost=2.166
info|2019-12-12 07:05:55.252030|[g:1][CONSENSUS][PBFT]checkAndChangeView: Reach consensus,org_view=2244,org_changeCycle=0,cur_changeCycle=0,to_view=2245
info|2019-12-12 07:05:56.253082|[g:1][CONSENSUS][SEALER]++++++++++++++++ Generating seal on,blkNum=12,tx=0,nodeIdx=0,hash=39914f0a...
info|2019-12-12 07:05:56.253790|[g:1][CONSENSUS][PBFT]checkTimeout Succ,view=2245,toView=2246,nodeIdx=0,changeCycle=0,myNode=5f8c8907...,timecost=0.379
info|2019-12-12 07:05:56.257101|[g:1][CONSENSUS][PBFT]checkAndChangeView: Reach consensus,org_view=2245,org_changeCycle=0,cur_changeCycle=0,to_view=2246
info|2019-12-12 07:05:57.258269|[g:1][CONSENSUS]addRawPrepare,height=12,reqIdx=1,hash=abc4bd37...
info|2019-12-12 07:05:57.259386|[g:1][CONSENSUS][PBFT]checkTimeout Succ,view=2246,toView=2247,nodeIdx=0,changeCycle=0,myNode=5f8c8907...,timecost=0.871
info|2019-12-12 07:05:57.264344|[g:1][CONSENSUS][PBFT]checkAndChangeView: Reach consensus,org_view=2246,org_changeCycle=0,cur_changeCycle=0,to_view=2247
info|2019-12-12 07:05:58.266783|[g:1][CONSENSUS]addRawPrepare,height=12,reqIdx=2,hash=4c1ceded...
info|2019-12-12 07:05:58.267730|[g:1][CONSENSUS][PBFT]checkTimeout Succ,view=2247,toView=2248,nodeIdx=0,changeCycle=0,myNode=5f8c8907...,timecost=0.57
info|2019-12-12 07:05:58.270271|[g:1][CONSENSUS][PBFT]checkAndChangeView: Reach consensus,org_view=2247,org_changeCycle=0,cur_changeCycle=0,to_view=2248
info|2019-12-12 07:05:59.274032|[g:1][CONSENSUS]addRawPrepare,height=12,reqIdx=3,hash=679619cc...
info|2019-12-12 07:05:59.276481|[g:1][CONSENSUS][PBFT]checkTimeout Succ,view=2248,toView=2249,nodeIdx=0,changeCycle=0,myNode=5f8c8907...,timecost=2.198
info|2019-12-12 07:05:59.279372|[g:1][CONSENSUS][PBFT]checkAndChangeView: Reach consensus,org_view=2248,org_changeCycle=0,cur_changeCycle=0,to_view=2249
info|2019-12-12 07:06:00.279835|[g:1][CONSENSUS][SEALER]++++++++++++++++ Generating seal on,blkNum=12,tx=0,nodeIdx=0,hash=88bdb0e0...
info|2019-12-12 07:06:00.281551|[g:1][CONSENSUS][PBFT]checkTimeout Succ,view=2249,toView=2250,nodeIdx=0,changeCycle=0,myNode=5f8c8907...,timecost=1.183
info|2019-12-12 07:06:00.287963|[g:1][CONSENSUS][PBFT]checkAndChangeView: Reach consensus,org_view=2249,org_changeCycle=0,cur_changeCycle=0,to_view=2250
info|2019-12-12 07:06:01.290675|[g:1][CONSENSUS]addRawPrepare,height=12,reqIdx=1,hash=2703de8b...
info|2019-12-12 07:06:01.292280|[g:1][CONSENSUS][PBFT]checkTimeout Succ,view=2250,toView=2251,nodeIdx=0,changeCycle=0,myNode=5f8c8907...,timecost=1.352
info|2019-12-12 07:06:01.294993|[g:1][CONSENSUS][PBFT]checkAndChangeView: Reach consensus,org_view=2250,org_changeCycle=0,cur_changeCycle=0,to_view=2251
info|2019-12-12 07:06:02.296429|[g:1][CONSENSUS]addRawPrepare,height=12,reqIdx=2,hash=33b5984a...
info|2019-12-12 07:06:02.298190|[g:1][CONSENSUS][PBFT]checkTimeout Succ,view=2251,toView=2252,nodeIdx=0,changeCycle=0,myNode=5f8c8907...,timecost=1.355
info|2019-12-12 07:06:02.301736|[g:1][CONSENSUS][PBFT]checkAndChangeView: Reach consensus,org_view=2251,org_changeCycle=0,cur_changeCycle=0,to_view=2252
info|2019-12-12 07:06:03.304075|[g:1][CONSENSUS]addRawPrepare,height=12,reqIdx=3,hash=aa0d4076...
info|2019-12-12 07:06:03.305236|[g:1][CONSENSUS][PBFT]checkTimeout Succ,view=2252,toView=2253,nodeIdx=0,changeCycle=0,myNode=5f8c8907...,timecost=0.952
info|2019-12-12 07:06:03.309156|[g:1][CONSENSUS][PBFT]checkAndChangeView: Reach consensus,org_view=2252,org_changeCycle=0,cur_changeCycle=0,to_view=2253
info|2019-12-12 07:06:04.310755|[g:1][CONSENSUS][SEALER]++++++++++++++++ Generating seal on,blkNum=12,tx=0,nodeIdx=0,hash=1cc369ff...
info|2019-12-12 07:06:04.312085|[g:1][CONSENSUS][PBFT]checkTimeout Succ,view=2253,toView=2254,nodeIdx=0,changeCycle=0,myNode=5f8c8907...,timecost=0.802
info|2019-12-12 07:06:04.318985|[g:1][CONSENSUS][PBFT]checkAndChangeView: Reach consensus,org_view=2253,org_changeCycle=0,cur_changeCycle=0,to_view=2254
info|2019-12-12 07:06:05.025871|[P2P][Service] heartBeat,connected count=3
info|2019-12-12 07:06:05.319936|[g:1][CONSENSUS]addRawPrepare,height=12,reqIdx=1,hash=ac972d33...
info|2019-12-12 07:06:05.323146|[g:1][CONSENSUS][PBFT]checkTimeout Succ,view=2254,toView=2255,nodeIdx=0,changeCycle=0,myNode=5f8c8907...,timecost=2.833
info|2019-12-12 07:06:05.325941|[g:1][CONSENSUS][PBFT]checkAndChangeView: Reach consensus,org_view=2254,org_changeCycle=0,cur_changeCycle=0,to_view=2255
info|2019-12-12 07:06:06.330546|[g:1][CONSENSUS]addRawPrepare,height=12,reqIdx=2,hash=82fb1349...
info|2019-12-12 07:06:06.331771|[g:1][CONSENSUS][PBFT]checkTimeout Succ,view=2255,toView=2256,nodeIdx=0,changeCycle=0,myNode=5f8c8907...,timecost=0.981
info|2019-12-12 07:06:06.335538|[g:1][CONSENSUS][PBFT]checkAndChangeView: Reach consensus,org_view=2255,org_changeCycle=0,cur_changeCycle=0,to_view=2256
info|2019-12-12 07:06:07.338180|[g:1][CONSENSUS]addRawPrepare,height=12,reqIdx=3,hash=22bbf6f4...
info|2019-12-12 07:06:07.339235|[g:1][CONSENSUS][PBFT]checkTimeout Succ,view=2256,toView=2257,nodeIdx=0,changeCycle=0,myNode=5f8c8907...,timecost=0.806
info|2019-12-12 07:06:07.343033|[g:1][CONSENSUS][PBFT]checkAndChangeView: Reach consensus,org_view=2256,org_changeCycle=0,cur_changeCycle=0,to_view=2257
info|2019-12-12 07:06:08.343887|[g:1][CONSENSUS][SEALER]++++++++++++++++ Generating seal on,blkNum=12,tx=0,nodeIdx=0,hash=bbdaafa9...
info|2019-12-12 07:06:08.345215|[g:1][CONSENSUS][PBFT]checkTimeout Succ,view=2257,toView=2258,nodeIdx=0,changeCycle=0,myNode=5f8c8907...,timecost=0.769
info|2019-12-12 07:06:08.350942|[g:1][CONSENSUS][PBFT]checkAndChangeView: Reach consensus,org_view=2257,org_changeCycle=0,cur_changeCycle=0,to_view=2258
info|2019-12-12 07:06:09.353764|[g:1][CONSENSUS]addRawPrepare,height=12,reqIdx=1,hash=dd802dad...
info|2019-12-12 07:06:09.356870|[g:1][CONSENSUS][PBFT]checkTimeout Succ,view=2258,toView=2259,nodeIdx=0,changeCycle=0,myNode=5f8c8907...,timecost=2.896
info|2019-12-12 07:06:09.358433|[g:1][CONSENSUS][PBFT]checkAndChangeView: Reach consensus,org_view=2258,org_changeCycle=0,cur_changeCycle=0,to_view=2259
info|2019-12-12 07:06:10.359089|[g:1][CONSENSUS]addRawPrepare,height=12,reqIdx=2,hash=51f50727...
info|2019-12-12 07:06:10.361290|[g:1][CONSENSUS][PBFT]checkTimeout Succ,view=2259,toView=2260,nodeIdx=0,changeCycle=0,myNode=5f8c8907...,timecost=1.939
info|2019-12-12 07:06:10.362788|[g:1][CONSENSUS][PBFT]checkAndChangeView: Reach consensus,org_view=2259,org_changeCycle=0,cur_changeCycle=0,to_view=2260
info|2019-12-12 07:06:11.364408|[g:1][CONSENSUS]addRawPrepare,height=12,reqIdx=3,hash=ae4b1df8...
info|2019-12-12 07:06:11.366057|[g:1][CONSENSUS][PBFT]checkTimeout Succ,view=2260,toView=2261,nodeIdx=0,changeCycle=0,myNode=5f8c8907...,timecost=1.35
info|2019-12-12 07:06:11.369180|[g:1][CONSENSUS][PBFT]checkAndChangeView: Reach consensus,org_view=2260,org_changeCycle=0,cur_changeCycle=0,to_view=2261
info|2019-12-12 07:06:12.369593|[g:1][CONSENSUS][SEALER]++++++++++++++++ Generating seal on,blkNum=12,tx=0,nodeIdx=0,hash=4e2c0ab7...
info|2019-12-12 07:06:12.371037|[g:1][CONSENSUS][PBFT]checkTimeout Succ,view=2261,toView=2262,nodeIdx=0,changeCycle=0,myNode=5f8c8907...,timecost=0.876
info|2019-12-12 07:06:12.376802|[g:1][CONSENSUS][PBFT]checkAndChangeView: Reach consensus,org_view=2261,org_changeCycle=0,cur_changeCycle=0,to_view=2262
info|2019-12-12 07:06:13.380578|[g:1][CONSENSUS]addRawPrepare,height=12,reqIdx=1,hash=c2449f19...
info|2019-12-12 07:06:13.381825|[g:1][CONSENSUS][PBFT]checkTimeout Succ,view=2262,toView=2263,nodeIdx=0,changeCycle=0,myNode=5f8c8907...,timecost=0.926
info|2019-12-12 07:06:13.386391|[g:1][CONSENSUS][PBFT]checkAndChangeView: Reach consensus,org_view=2262,org_changeCycle=0,cur_changeCycle=0,to_view=2263
info|2019-12-12 07:06:14.387269|[g:1][CONSENSUS]addRawPrepare,height=12,reqIdx=2,hash=4795086b...
info|2019-12-12 07:06:14.388254|[g:1][CONSENSUS][PBFT]checkTimeout Succ,view=2263,toView=2264,nodeIdx=0,changeCycle=0,myNode=5f8c8907...,timecost=0.781
info|2019-12-12 07:06:14.393361|[g:1][CONSENSUS][PBFT]checkAndChangeView: Reach consensus,org_view=2263,org_changeCycle=0,cur_changeCycle=0,to_view=2264
info|2019-12-12 07:06:15.032127|[P2P][Service] heartBeat,connected count=3
info|2019-12-12 07:06:15.396889|[g:1][CONSENSUS]addRawPrepare,height=12,reqIdx=3,hash=e6245549...
info|2019-12-12 07:06:15.401718|[g:1][CONSENSUS][PBFT]checkTimeout Succ,view=2264,toView=2265,nodeIdx=0,changeCycle=0,myNode=5f8c8907...,timecost=4.604
info|2019-12-12 07:06:15.404112|[g:1][CONSENSUS][PBFT]checkAndChangeView: Reach consensus,org_view=2264,org_changeCycle=0,cur_changeCycle=0,to_view=2265
info|2019-12-12 07:06:16.405184|[g:1][CONSENSUS][SEALER]++++++++++++++++ Generating seal on,blkNum=12,tx=0,nodeIdx=0,hash=fb351587...
info|2019-12-12 07:06:16.406515|[g:1][CONSENSUS][PBFT]checkTimeout Succ,view=2265,toView=2266,nodeIdx=0,changeCycle=0,myNode=5f8c8907...,timecost=0.802
info|2019-12-12 07:06:16.414081|[g:1][CONSENSUS][PBFT]checkAndChangeView: Reach consensus,org_view=2265,org_changeCycle=0,cur_changeCycle=0,to_view=2266
info|2019-12-12 07:06:17.414377|[g:1][CONSENSUS]addRawPrepare,height=12,reqIdx=1,hash=877d6181...
info|2019-12-12 07:06:17.415542|[g:1][CONSENSUS][PBFT]checkTimeout Succ,view=2266,toView=2267,nodeIdx=0,changeCycle=0,myNode=5f8c8907...,timecost=0.878
info|2019-12-12 07:06:17.418082|[g:1][CONSENSUS][PBFT]checkAndChangeView: Reach consensus,org_view=2266,org_changeCycle=0,cur_changeCycle=0,to_view=2267
info|2019-12-12 07:06:18.420535|[g:1][CONSENSUS]addRawPrepare,height=12,reqIdx=2,hash=a8853f0a...
info|2019-12-12 07:06:18.421836|[g:1][CONSENSUS][PBFT]checkTimeout Succ,view=2267,toView=2268,nodeIdx=0,changeCycle=0,myNode=5f8c8907...,timecost=1.002
info|2019-12-12 07:06:18.425605|[g:1][CONSENSUS][PBFT]checkAndChangeView: Reach consensus,org_view=2267,org_changeCycle=0,cur_changeCycle=0,to_view=2268
