warning|2019-12-10 23:40:14.011788|[g:1][CONSENSUS][PBFT]ViewChangeWarning: not caused by omit empty block ,v=5407,toV=5408,curNum=0,hash=382ff964...,nodeIdx=0,myNode=5f8c8907...
info|2019-12-10 23:40:14.011928|[g:1][CONSENSUS][PBFT]checkTimeout Succ,view=5407,toView=5408,nodeIdx=0,changeCycle=1,myNode=5f8c8907...,timecost=0.535
info|2019-12-10 23:40:14.020220|[P2P][Service] heartBeat,connected count=3
info|2019-12-10 23:40:14.070970|[g:1][CONSENSUS][PBFT]checkAndChangeView: Reach consensus,org_view=5407,org_changeCycle=1,cur_changeCycle=1,to_view=5408
info|2019-12-10 23:40:15.071503|[g:1][CONSENSUS][SEALER]++++++++++++++++ Generating seal on,blkNum=1,tx=0,nodeIdx=0,hash=2e728065...
info|2019-12-10 23:40:15.074410|[g:1][CONSENSUS][PBFT]Trigger fast-viewchange,view=5408,toView=5408,minView=5409,INFO=,reqNum=0,curNum=0,GenIdx=2,Cview=5409,view=5408,fromIdx=2,fromNode=b5a2d0a7...,fromIp=127.0.0.1:58212,hash=382ff964...,nodeIdx=0,myNode=5f8c8907...
info|2019-12-10 23:40:15.074962|[g:1][CONSENSUS][PBFT]checkAndChangeView: Reach consensus,org_view=5408,org_changeCycle=0,cur_changeCycle=0,to_view=5409
info|2019-12-10 23:40:15.074990|[g:1][CONSENSUS][PBFT]checkTimeout Succ,view=5409,toView=5409,nodeIdx=0,changeCycle=0,myNode=5f8c8907...,timecost=0.469
info|2019-12-10 23:40:16.076703|[g:1][CONSENSUS]addRawPrepare,height=1,reqIdx=1,hash=17df582b...
info|2019-12-10 23:40:16.077361|[g:1][CONSENSUS][PBFT]checkTimeout Succ,view=5409,toView=5410,nodeIdx=0,changeCycle=0,myNode=5f8c8907...,timecost=0.421
info|2019-12-10 23:40:16.080308|[g:1][CONSENSUS][PBFT]checkAndChangeView: Reach consensus,org_view=5409,org_changeCycle=0,cur_changeCycle=0,to_view=5410
info|2019-12-10 23:40:17.082224|[g:1][CONSENSUS]addRawPrepare,height=1,reqIdx=2,hash=42212190...
info|2019-12-10 23:40:17.082983|[g:1][CONSENSUS][PBFT]checkTimeout Succ,view=5410,toView=5411,nodeIdx=0,changeCycle=0,myNode=5f8c8907...,timecost=0.373
info|2019-12-10 23:40:17.085525|[g:1][CONSENSUS][PBFT]checkAndChangeView: Reach consensus,org_view=5410,org_changeCycle=0,cur_changeCycle=0,to_view=5411
info|2019-12-10 23:40:18.086738|[g:1][CONSENSUS]addRawPrepare,height=1,reqIdx=3,hash=05c1fa38...
info|2019-12-10 23:40:18.089589|[g:1][CONSENSUS][PBFT]checkTimeout Succ,view=5411,toView=5412,nodeIdx=0,changeCycle=0,myNode=5f8c8907...,timecost=2.397
info|2019-12-10 23:40:18.092285|[g:1][CONSENSUS][PBFT]checkAndChangeView: Reach consensus,org_view=5411,org_changeCycle=0,cur_changeCycle=0,to_view=5412
info|2019-12-10 23:40:19.093332|[g:1][CONSENSUS][SEALER]++++++++++++++++ Generating seal on,blkNum=1,tx=0,nodeIdx=0,hash=54bef1e4...
info|2019-12-10 23:40:19.099481|[g:1][CONSENSUS][PBFT]checkTimeout Succ,view=5412,toView=5413,nodeIdx=0,changeCycle=0,myNode=5f8c8907...,timecost=0.951
info|2019-12-10 23:40:19.101445|[g:1][CONSENSUS][PBFT]checkAndChangeView: Reach consensus,org_view=5412,org_changeCycle=0,cur_changeCycle=0,to_view=5413
info|2019-12-10 23:40:20.103758|[g:1][CONSENSUS]addRawPrepare,height=1,reqIdx=1,hash=67a14adc...
info|2019-12-10 23:40:20.106163|[g:1][CONSENSUS][PBFT]checkTimeout Succ,view=5413,toView=5414,nodeIdx=0,changeCycle=0,myNode=5f8c8907...,timecost=2.08
info|2019-12-10 23:40:20.109325|[g:1][CONSENSUS][PBFT]checkAndChangeView: Reach consensus,org_view=5413,org_changeCycle=0,cur_changeCycle=0,to_view=5414
info|2019-12-10 23:40:21.110840|[g:1][CONSENSUS]addRawPrepare,height=1,reqIdx=2,hash=e1f7b5fa...
info|2019-12-10 23:40:21.112156|[g:1][CONSENSUS][PBFT]checkTimeout Succ,view=5414,toView=5415,nodeIdx=0,changeCycle=0,myNode=5f8c8907...,timecost=1.099
info|2019-12-10 23:40:21.117568|[g:1][CONSENSUS][PBFT]checkAndChangeView: Reach consensus,org_view=5414,org_changeCycle=0,cur_changeCycle=0,to_view=5415
info|2019-12-10 23:40:22.119014|[g:1][CONSENSUS]addRawPrepare,height=1,reqIdx=3,hash=61b5e522...
info|2019-12-10 23:40:22.120129|[g:1][CONSENSUS][PBFT]checkTimeout Succ,view=5415,toView=5416,nodeIdx=0,changeCycle=0,myNode=5f8c8907...,timecost=0.887
info|2019-12-10 23:40:22.124539|[g:1][CONSENSUS][PBFT]checkAndChangeView: Reach consensus,org_view=5415,org_changeCycle=0,cur_changeCycle=0,to_view=5416
info|2019-12-10 23:40:23.124818|[g:1][CONSENSUS][SEALER]++++++++++++++++ Generating seal on,blkNum=1,tx=0,nodeIdx=0,hash=96057bf4...
info|2019-12-10 23:40:23.129701|[g:1][CONSENSUS][PBFT]checkTimeout Succ,view=5416,toView=5417,nodeIdx=0,changeCycle=0,myNode=5f8c8907...,timecost=0.766
info|2019-12-10 23:40:23.132333|[g:1][CONSENSUS][PBFT]checkAndChangeView: Reach consensus,org_view=5416,org_changeCycle=0,cur_changeCycle=0,to_view=5417
info|2019-12-10 23:40:24.023306|[P2P][Service] heartBeat,connected count=3
info|2019-12-10 23:40:24.134046|[g:1][CONSENSUS]addRawPrepare,height=1,reqIdx=1,hash=dbff2267...
info|2019-12-10 23:40:24.134538|[g:1][CONSENSUS][PBFT]checkTimeout Succ,view=5417,toView=5418,nodeIdx=0,changeCycle=0,myNode=5f8c8907...,timecost=0.368
info|2019-12-10 23:40:24.136521|[g:1][CONSENSUS][PBFT]checkAndChangeView: Reach consensus,org_view=5417,org_changeCycle=0,cur_changeCycle=0,to_view=5418
info|2019-12-10 23:40:25.140711|[g:1][CONSENSUS]addRawPrepare,height=1,reqIdx=2,hash=e166b369...
info|2019-12-10 23:40:25.142349|[g:1][CONSENSUS][PBFT]checkTimeout Succ,view=5418,toView=5419,nodeIdx=0,changeCycle=0,myNode=5f8c8907...,timecost=1.391
info|2019-12-10 23:40:25.145438|[g:1][CONSENSUS][PBFT]checkAndChangeView: Reach consensus,org_view=5418,org_changeCycle=0,cur_changeCycle=0,to_view=5419
info|2019-12-10 23:40:26.149515|[g:1][CONSENSUS]addRawPrepare,height=1,reqIdx=3,hash=bc8a2225...
info|2019-12-10 23:40:26.150597|[g:1][CONSENSUS][PBFT]checkTimeout Succ,view=5419,toView=5420,nodeIdx=0,changeCycle=0,myNode=5f8c8907...,timecost=0.708
info|2019-12-10 23:40:26.154644|[g:1][CONSENSUS][PBFT]checkAndChangeView: Reach consensus,org_view=5419,org_changeCycle=0,cur_changeCycle=0,to_view=5420
info|2019-12-10 23:40:27.155686|[g:1][CONSENSUS][SEALER]++++++++++++++++ Generating seal on,blkNum=1,tx=0,nodeIdx=0,hash=a710dcd2...
info|2019-12-10 23:40:27.162611|[g:1][CONSENSUS][PBFT]checkTimeout Succ,view=5420,toView=5421,nodeIdx=0,changeCycle=0,myNode=5f8c8907...,timecost=1.54
info|2019-12-10 23:40:27.164057|[g:1][CONSENSUS][PBFT]checkAndChangeView: Reach consensus,org_view=5420,org_changeCycle=0,cur_changeCycle=0,to_view=5421
info|2019-12-10 23:40:28.165791|[g:1][CONSENSUS]addRawPrepare,height=1,reqIdx=1,hash=748633a5...
info|2019-12-10 23:40:28.168889|[g:1][CONSENSUS][PBFT]checkTimeout Succ,view=5421,toView=5422,nodeIdx=0,changeCycle=0,myNode=5f8c8907...,timecost=2.84
info|2019-12-10 23:40:28.171710|[g:1][CONSENSUS][PBFT]checkAndChangeView: Reach consensus,org_view=5421,org_changeCycle=0,cur_changeCycle=0,to_view=5422
info|2019-12-10 23:40:29.172905|[g:1][CONSENSUS]addRawPrepare,height=1,reqIdx=2,hash=19cb3588...
info|2019-12-10 23:40:29.177090|[g:1][CONSENSUS][PBFT]checkTimeout Succ,view=5422,toView=5423,nodeIdx=0,changeCycle=0,myNode=5f8c8907...,timecost=3.982
info|2019-12-10 23:40:29.181248|[g:1][CONSENSUS][PBFT]checkAndChangeView: Reach consensus,org_view=5422,org_changeCycle=0,cur_changeCycle=0,to_view=5423
info|2019-12-10 23:40:30.183161|[g:1][CONSENSUS]addRawPrepare,height=1,reqIdx=3,hash=2f5d6996...
info|2019-12-10 23:40:30.186178|[g:1][CONSENSUS][PBFT]checkTimeout Succ,view=5423,toView=5424,nodeIdx=0,changeCycle=0,myNode=5f8c8907...,timecost=2.714
info|2019-12-10 23:40:30.189407|[g:1][CONSENSUS][PBFT]checkAndChangeView: Reach consensus,org_view=5423,org_changeCycle=0,cur_changeCycle=0,to_view=5424
info|2019-12-10 23:40:31.190465|[g:1][CONSENSUS][SEALER]++++++++++++++++ Generating seal on,blkNum=1,tx=0,nodeIdx=0,hash=15be1d40...
info|2019-12-10 23:40:31.191903|[g:1][CONSENSUS][PBFT]checkTimeout Succ,view=5424,toView=5425,nodeIdx=0,changeCycle=0,myNode=5f8c8907...,timecost=0.872
info|2019-12-10 23:40:31.198104|[g:1][CONSENSUS][PBFT]checkAndChangeView: Reach consensus,org_view=5424,org_changeCycle=0,cur_changeCycle=0,to_view=5425
info|2019-12-10 23:40:32.198358|[g:1][CONSENSUS]addRawPrepare,height=1,reqIdx=1,hash=0ebadcaa...
info|2019-12-10 23:40:32.200729|[g:1][CONSENSUS][PBFT]checkTimeout Succ,view=5425,toView=5426,nodeIdx=0,changeCycle=0,myNode=5f8c8907...,timecost=2.033
info|2019-12-10 23:40:32.203254|[g:1][CONSENSUS][PBFT]checkAndChangeView: Reach consensus,org_view=5425,org_changeCycle=0,cur_changeCycle=0,to_view=5426
info|2019-12-10 23:40:33.207871|[g:1][CONSENSUS]addRawPrepare,height=1,reqIdx=2,hash=890d05d9...
info|2019-12-10 23:40:33.209130|[g:1][CONSENSUS][PBFT]checkTimeout Succ,view=5426,toView=5427,nodeIdx=0,changeCycle=0,myNode=5f8c8907...,timecost=0.939
info|2019-12-10 23:40:33.213398|[g:1][CONSENSUS][PBFT]checkAndChangeView: Reach consensus,org_view=5426,org_changeCycle=0,cur_changeCycle=0,to_view=5427
info|2019-12-10 23:40:34.027098|[P2P][Service] heartBeat,connected count=3
info|2019-12-10 23:40:34.217719|[g:1][CONSENSUS]addRawPrepare,height=1,reqIdx=3,hash=f5fe25e3...
info|2019-12-10 23:40:34.220428|[g:1][CONSENSUS][PBFT]checkTimeout Succ,view=5427,toView=5428,nodeIdx=0,changeCycle=0,myNode=5f8c8907...,timecost=2.434
info|2019-12-10 23:40:34.223400|[g:1][CONSENSUS][PBFT]checkAndChangeView: Reach consensus,org_view=5427,org_changeCycle=0,cur_changeCycle=0,to_view=5428
info|2019-12-10 23:40:35.223825|[g:1][CONSENSUS][SEALER]++++++++++++++++ Generating seal on,blkNum=1,tx=0,nodeIdx=0,hash=f35ab771...
info|2019-12-10 23:40:35.228596|[g:1][CONSENSUS][PBFT]checkTimeout Succ,view=5428,toView=5429,nodeIdx=0,changeCycle=0,myNode=5f8c8907...,timecost=0.767
info|2019-12-10 23:40:35.231094|[g:1][CONSENSUS][PBFT]checkAndChangeView: Reach consensus,org_view=5428,org_changeCycle=0,cur_changeCycle=0,to_view=5429
info|2019-12-10 23:40:36.233603|[g:1][CONSENSUS]addRawPrepare,height=1,reqIdx=1,hash=16412fa1...
info|2019-12-10 23:40:36.234618|[g:1][CONSENSUS][PBFT]checkTimeout Succ,view=5429,toView=5430,nodeIdx=0,changeCycle=0,myNode=5f8c8907...,timecost=0.787
info|2019-12-10 23:40:36.237575|[g:1][CONSENSUS][PBFT]checkAndChangeView: Reach consensus,org_view=5429,org_changeCycle=0,cur_changeCycle=0,to_view=5430
info|2019-12-10 23:40:37.240634|[g:1][CONSENSUS]addRawPrepare,height=1,reqIdx=2,hash=32ea2cd4...
info|2019-12-10 23:40:37.241638|[g:1][CONSENSUS][PBFT]checkTimeout Succ,view=5430,toView=5431,nodeIdx=0,changeCycle=0,myNode=5f8c8907...,timecost=0.717
info|2019-12-10 23:40:37.246177|[g:1][CONSENSUS][PBFT]checkAndChangeView: Reach consensus,org_view=5430,org_changeCycle=0,cur_changeCycle=0,to_view=5431
info|2019-12-10 23:40:38.249985|[g:1][CONSENSUS]addRawPrepare,height=1,reqIdx=3,hash=e3151bb8...
info|2019-12-10 23:40:38.252158|[g:1][CONSENSUS][PBFT]checkTimeout Succ,view=5431,toView=5432,nodeIdx=0,changeCycle=0,myNode=5f8c8907...,timecost=1.918
info|2019-12-10 23:40:38.255950|[g:1][CONSENSUS][PBFT]checkAndChangeView: Reach consensus,org_view=5431,org_changeCycle=0,cur_changeCycle=0,to_view=5432
info|2019-12-10 23:40:39.255774|[g:1][CONSENSUS][SEALER]++++++++++++++++ Generating seal on,blkNum=1,tx=0,nodeIdx=0,hash=0ead4442...
info|2019-12-10 23:40:39.257308|[g:1][CONSENSUS][PBFT]checkTimeout Succ,view=5432,toView=5433,nodeIdx=0,changeCycle=0,myNode=5f8c8907...,timecost=0.972
info|2019-12-10 23:40:39.263871|[g:1][CONSENSUS][PBFT]checkAndChangeView: Reach consensus,org_view=5432,org_changeCycle=0,cur_changeCycle=0,to_view=5433
info|2019-12-10 23:40:40.267468|[g:1][CONSENSUS]addRawPrepare,height=1,reqIdx=1,hash=fc06eba7...
info|2019-12-10 23:40:40.270573|[g:1][CONSENSUS][PBFT]checkTimeout Succ,view=5433,toView=5434,nodeIdx=0,changeCycle=0,myNode=5f8c8907...,timecost=2.565
info|2019-12-10 23:40:40.271857|[g:1][CONSENSUS][PBFT]checkAndChangeView: Reach consensus,org_view=5433,org_changeCycle=0,cur_changeCycle=0,to_view=5434
warning|2019-12-10 23:59:46.998640|[g:1][CONSENSUS][PBFT]ViewChangeWarning: not caused by omit empty block ,v=5434,toV=5435,curNum=0,hash=382ff964...,nodeIdx=0,myNode=5f8c8907...
info|2019-12-10 23:59:47.007720|[P2P][Service] heartBeat,connected count=3
info|2019-12-10 23:59:47.012764|[g:1][CONSENSUS][PBFT]checkTimeout Succ,view=5434,toView=5435,nodeIdx=0,changeCycle=1,myNode=5f8c8907...,timecost=597.967
info|2019-12-10 23:59:47.030647|[g:1][CONSENSUS][PBFT]checkAndChangeView: Reach consensus,org_view=5434,org_changeCycle=1,cur_changeCycle=1,to_view=5435
info|2019-12-10 23:59:48.115896|[g:1][CONSENSUS]addRawPrepare,height=1,reqIdx=3,hash=3cadc53c...
info|2019-12-10 23:59:48.118641|[g:1][CONSENSUS][PBFT]checkTimeout Succ,view=5435,toView=5436,nodeIdx=0,changeCycle=0,myNode=5f8c8907...,timecost=0.516
info|2019-12-10 23:59:48.120641|[g:1][CONSENSUS][PBFT]checkAndChangeView: Reach consensus,org_view=5435,org_changeCycle=0,cur_changeCycle=0,to_view=5436
info|2019-12-10 23:59:49.120916|[g:1][CONSENSUS][SEALER]++++++++++++++++ Generating seal on,blkNum=1,tx=0,nodeIdx=0,hash=98757f0d...
info|2019-12-10 23:59:49.123080|[g:1][CONSENSUS][PBFT]checkTimeout Succ,view=5436,toView=5437,nodeIdx=0,changeCycle=0,myNode=5f8c8907...,timecost=1.203
info|2019-12-10 23:59:49.131427|[g:1][CONSENSUS][PBFT]checkAndChangeView: Reach consensus,org_view=5436,org_changeCycle=0,cur_changeCycle=0,to_view=5437
info|2019-12-10 23:59:50.135376|[g:1][CONSENSUS]addRawPrepare,height=1,reqIdx=1,hash=808c8ed7...
info|2019-12-10 23:59:50.137311|[g:1][CONSENSUS][PBFT]checkTimeout Succ,view=5437,toView=5438,nodeIdx=0,changeCycle=0,myNode=5f8c8907...,timecost=1.349
info|2019-12-10 23:59:50.140064|[g:1][CONSENSUS][PBFT]checkAndChangeView: Reach consensus,org_view=5437,org_changeCycle=0,cur_changeCycle=0,to_view=5438
info|2019-12-10 23:59:51.145582|[g:1][CONSENSUS]addRawPrepare,height=1,reqIdx=2,hash=c8745d8a...
info|2019-12-10 23:59:51.147970|[g:1][CONSENSUS][PBFT]checkTimeout Succ,view=5438,toView=5439,nodeIdx=0,changeCycle=0,myNode=5f8c8907...,timecost=2.06
info|2019-12-10 23:59:51.151101|[g:1][CONSENSUS][PBFT]checkAndChangeView: Reach consensus,org_view=5438,org_changeCycle=0,cur_changeCycle=0,to_view=5439
info|2019-12-10 23:59:52.153850|[g:1][CONSENSUS]addRawPrepare,height=1,reqIdx=3,hash=fd96fa6a...
info|2019-12-10 23:59:52.156180|[g:1][CONSENSUS][PBFT]checkTimeout Succ,view=5439,toView=5440,nodeIdx=0,changeCycle=0,myNode=5f8c8907...,timecost=1.762
info|2019-12-10 23:59:52.161021|[g:1][CONSENSUS][PBFT]checkAndChangeView: Reach consensus,org_view=5439,org_changeCycle=0,cur_changeCycle=0,to_view=5440
info|2019-12-10 23:59:53.162734|[g:1][CONSENSUS][SEALER]++++++++++++++++ Generating seal on,blkNum=1,tx=0,nodeIdx=0,hash=72298666...
info|2019-12-10 23:59:53.167971|[g:1][CONSENSUS][PBFT]checkTimeout Succ,view=5440,toView=5441,nodeIdx=0,changeCycle=0,myNode=5f8c8907...,timecost=1.701
info|2019-12-10 23:59:53.168711|[g:1][CONSENSUS][PBFT]checkAndChangeView: Reach consensus,org_view=5440,org_changeCycle=0,cur_changeCycle=0,to_view=5441
info|2019-12-10 23:59:54.169343|[g:1][CONSENSUS]addRawPrepare,height=1,reqIdx=1,hash=17024abe...
info|2019-12-10 23:59:54.170650|[g:1][CONSENSUS][PBFT]checkTimeout Succ,view=5441,toView=5442,nodeIdx=0,changeCycle=0,myNode=5f8c8907...,timecost=0.631
info|2019-12-10 23:59:54.172247|[g:1][CONSENSUS][PBFT]checkAndChangeView: Reach consensus,org_view=5441,org_changeCycle=0,cur_changeCycle=0,to_view=5442
info|2019-12-10 23:59:55.174416|[g:1][CONSENSUS]addRawPrepare,height=1,reqIdx=2,hash=8c55b205...
info|2019-12-10 23:59:55.178276|[g:1][CONSENSUS][PBFT]checkTimeout Succ,view=5442,toView=5443,nodeIdx=0,changeCycle=0,myNode=5f8c8907...,timecost=3.475
info|2019-12-10 23:59:55.179449|[g:1][CONSENSUS][PBFT]checkAndChangeView: Reach consensus,org_view=5442,org_changeCycle=0,cur_changeCycle=0,to_view=5443
info|2019-12-10 23:59:56.273716|[g:1][CONSENSUS]addRawPrepare,height=1,reqIdx=3,hash=aaf00538...
info|2019-12-10 23:59:56.276216|[g:1][CONSENSUS][PBFT]checkTimeout Succ,view=5443,toView=5444,nodeIdx=0,changeCycle=0,myNode=5f8c8907...,timecost=2.036
info|2019-12-10 23:59:56.278018|[g:1][CONSENSUS][PBFT]checkAndChangeView: Reach consensus,org_view=5443,org_changeCycle=0,cur_changeCycle=0,to_view=5444
info|2019-12-10 23:59:57.009111|[P2P][Service] heartBeat,connected count=3
info|2019-12-10 23:59:57.279018|[g:1][CONSENSUS][SEALER]++++++++++++++++ Generating seal on,blkNum=1,tx=0,nodeIdx=0,hash=dad577cd...
info|2019-12-10 23:59:57.280128|[g:1][CONSENSUS][PBFT]checkTimeout Succ,view=5444,toView=5445,nodeIdx=0,changeCycle=0,myNode=5f8c8907...,timecost=0.668
info|2019-12-10 23:59:57.284042|[g:1][CONSENSUS][PBFT]checkAndChangeView: Reach consensus,org_view=5444,org_changeCycle=0,cur_changeCycle=0,to_view=5445
info|2019-12-10 23:59:58.288478|[g:1][CONSENSUS]addRawPrepare,height=1,reqIdx=1,hash=ff74bd8b...
info|2019-12-10 23:59:58.289863|[g:1][CONSENSUS][PBFT]checkTimeout Succ,view=5445,toView=5446,nodeIdx=0,changeCycle=0,myNode=5f8c8907...,timecost=1.065
info|2019-12-10 23:59:58.292033|[g:1][CONSENSUS][PBFT]checkAndChangeView: Reach consensus,org_view=5445,org_changeCycle=0,cur_changeCycle=0,to_view=5446
info|2019-12-10 23:59:59.295545|[g:1][CONSENSUS]addRawPrepare,height=1,reqIdx=2,hash=4e1bae9b...
info|2019-12-10 23:59:59.296493|[g:1][CONSENSUS][PBFT]checkTimeout Succ,view=5446,toView=5447,nodeIdx=0,changeCycle=0,myNode=5f8c8907...,timecost=0.536
info|2019-12-10 23:59:59.299883|[g:1][CONSENSUS][PBFT]checkAndChangeView: Reach consensus,org_view=5446,org_changeCycle=0,cur_changeCycle=0,to_view=5447
