info|2019-12-14 01:31:26.015605|[P2P][Service] heartBeat,connected count=3
warning|2019-12-14 01:31:26.021101|[g:1][CONSENSUS][PBFT]ViewChangeWarning: not caused by omit empty block ,v=2760,toV=2761,curNum=475,hash=ad338c6e...,nodeIdx=0,myNode=5f8c8907...
info|2019-12-14 01:31:26.021233|[g:1][CONSENSUS][PBFT]checkTimeout Succ,view=2760,toView=2761,nodeIdx=0,changeCycle=1,myNode=5f8c8907...,timecost=0.405
info|2019-12-14 01:31:26.036715|[g:1][CONSENSUS][PBFT]checkAndChangeView: Reach consensus,org_view=2760,org_changeCycle=1,cur_changeCycle=1,to_view=2761
info|2019-12-14 01:31:27.037069|[g:1][CONSENSUS][SEALER]++++++++++++++++ Generating seal on,blkNum=476,tx=0,nodeIdx=0,hash=7459e8ea...
info|2019-12-14 01:31:27.040311|[g:1][CONSENSUS][PBFT]Trigger fast-viewchange,view=2761,toView=2761,minView=2762,INFO=,reqNum=475,curNum=475,GenIdx=1,Cview=2762,view=2761,fromIdx=1,fromNode=ae5ce17c...,fromIp=127.0.0.1:59976,hash=ad338c6e...,nodeIdx=0,myNode=5f8c8907...
info|2019-12-14 01:31:27.040781|[g:1][CONSENSUS][PBFT]checkAndChangeView: Reach consensus,org_view=2761,org_changeCycle=0,cur_changeCycle=0,to_view=2762
info|2019-12-14 01:31:27.040795|[g:1][CONSENSUS][PBFT]checkTimeout Succ,view=2762,toView=2762,nodeIdx=0,changeCycle=0,myNode=5f8c8907...,timecost=0.383
info|2019-12-14 01:31:28.043959|[g:1][CONSENSUS]addRawPrepare,height=476,reqIdx=1,hash=021a1d2c...
info|2019-12-14 01:31:28.045625|[g:1][CONSENSUS][PBFT]checkTimeout Succ,view=2762,toView=2763,nodeIdx=0,changeCycle=0,myNode=5f8c8907...,timecost=1.159
info|2019-12-14 01:31:28.047470|[g:1][CONSENSUS][PBFT]checkAndChangeView: Reach consensus,org_view=2762,org_changeCycle=0,cur_changeCycle=0,to_view=2763
info|2019-12-14 01:31:29.052270|[g:1][CONSENSUS]addRawPrepare,height=476,reqIdx=2,hash=cc803d7e...
info|2019-12-14 01:31:29.052792|[g:1][CONSENSUS][PBFT]checkTimeout Succ,view=2763,toView=2764,nodeIdx=0,changeCycle=0,myNode=5f8c8907...,timecost=0.384
info|2019-12-14 01:31:29.054162|[g:1][CONSENSUS][PBFT]checkAndChangeView: Reach consensus,org_view=2763,org_changeCycle=0,cur_changeCycle=0,to_view=2764
info|2019-12-14 01:31:30.056982|[g:1][CONSENSUS]addRawPrepare,height=476,reqIdx=3,hash=861864ed...
info|2019-12-14 01:31:30.058845|[g:1][CONSENSUS][PBFT]checkTimeout Succ,view=2764,toView=2765,nodeIdx=0,changeCycle=0,myNode=5f8c8907...,timecost=1.649
info|2019-12-14 01:31:30.061736|[g:1][CONSENSUS][PBFT]checkAndChangeView: Reach consensus,org_view=2764,org_changeCycle=0,cur_changeCycle=0,to_view=2765
info|2019-12-14 01:31:31.062758|[g:1][CONSENSUS][SEALER]++++++++++++++++ Generating seal on,blkNum=476,tx=0,nodeIdx=0,hash=6aed6af7...
info|2019-12-14 01:31:31.064231|[g:1][CONSENSUS][PBFT]checkTimeout Succ,view=2765,toView=2766,nodeIdx=0,changeCycle=0,myNode=5f8c8907...,timecost=0.633
info|2019-12-14 01:31:31.069079|[g:1][CONSENSUS][PBFT]checkAndChangeView: Reach consensus,org_view=2765,org_changeCycle=0,cur_changeCycle=0,to_view=2766
info|2019-12-14 01:31:32.070887|[g:1][CONSENSUS]addRawPrepare,height=476,reqIdx=1,hash=3f54caa5...
info|2019-12-14 01:31:32.071437|[g:1][CONSENSUS][PBFT]checkTimeout Succ,view=2766,toView=2767,nodeIdx=0,changeCycle=0,myNode=5f8c8907...,timecost=0.361
info|2019-12-14 01:31:32.073627|[g:1][CONSENSUS][PBFT]checkAndChangeView: Reach consensus,org_view=2766,org_changeCycle=0,cur_changeCycle=0,to_view=2767
info|2019-12-14 01:31:33.076251|[g:1][CONSENSUS]addRawPrepare,height=476,reqIdx=2,hash=a7f353e0...
info|2019-12-14 01:31:33.077676|[g:1][CONSENSUS][PBFT]checkTimeout Succ,view=2767,toView=2768,nodeIdx=0,changeCycle=0,myNode=5f8c8907...,timecost=1.191
info|2019-12-14 01:31:33.079126|[g:1][CONSENSUS][PBFT]checkAndChangeView: Reach consensus,org_view=2767,org_changeCycle=0,cur_changeCycle=0,to_view=2768
info|2019-12-14 01:31:34.079769|[g:1][CONSENSUS]addRawPrepare,height=476,reqIdx=3,hash=6841423b...
info|2019-12-14 01:31:34.080310|[g:1][CONSENSUS][PBFT]checkTimeout Succ,view=2768,toView=2769,nodeIdx=0,changeCycle=0,myNode=5f8c8907...,timecost=0.426
info|2019-12-14 01:31:34.082331|[g:1][CONSENSUS][PBFT]checkAndChangeView: Reach consensus,org_view=2768,org_changeCycle=0,cur_changeCycle=0,to_view=2769
info|2019-12-14 01:31:35.082475|[g:1][CONSENSUS][SEALER]++++++++++++++++ Generating seal on,blkNum=476,tx=0,nodeIdx=0,hash=949c51e6...
info|2019-12-14 01:31:35.084359|[g:1][CONSENSUS][PBFT]checkTimeout Succ,view=2769,toView=2770,nodeIdx=0,changeCycle=0,myNode=5f8c8907...,timecost=0.917
info|2019-12-14 01:31:35.088364|[g:1][CONSENSUS][PBFT]checkAndChangeView: Reach consensus,org_view=2769,org_changeCycle=0,cur_changeCycle=0,to_view=2770
info|2019-12-14 01:31:36.023633|[P2P][Service] heartBeat,connected count=3
info|2019-12-14 01:31:36.091303|[g:1][CONSENSUS]addRawPrepare,height=476,reqIdx=1,hash=29bff48d...
info|2019-12-14 01:31:36.094476|[g:1][CONSENSUS][PBFT]checkTimeout Succ,view=2770,toView=2771,nodeIdx=0,changeCycle=0,myNode=5f8c8907...,timecost=2.977
info|2019-12-14 01:31:36.095785|[g:1][CONSENSUS][PBFT]checkAndChangeView: Reach consensus,org_view=2770,org_changeCycle=0,cur_changeCycle=0,to_view=2771
info|2019-12-14 01:31:37.095779|[g:1][CONSENSUS]addRawPrepare,height=476,reqIdx=2,hash=7ef7bf3a...
info|2019-12-14 01:31:37.096608|[g:1][CONSENSUS][PBFT]checkTimeout Succ,view=2771,toView=2772,nodeIdx=0,changeCycle=0,myNode=5f8c8907...,timecost=0.651
info|2019-12-14 01:31:37.100393|[g:1][CONSENSUS][PBFT]checkAndChangeView: Reach consensus,org_view=2771,org_changeCycle=0,cur_changeCycle=0,to_view=2772
info|2019-12-14 01:31:38.102286|[g:1][CONSENSUS]addRawPrepare,height=476,reqIdx=3,hash=4bc33bec...
info|2019-12-14 01:31:38.102895|[g:1][CONSENSUS][PBFT]checkTimeout Succ,view=2772,toView=2773,nodeIdx=0,changeCycle=0,myNode=5f8c8907...,timecost=0.418
info|2019-12-14 01:31:38.104302|[g:1][CONSENSUS][PBFT]checkAndChangeView: Reach consensus,org_view=2772,org_changeCycle=0,cur_changeCycle=0,to_view=2773
info|2019-12-14 01:31:39.105091|[g:1][CONSENSUS][SEALER]++++++++++++++++ Generating seal on,blkNum=476,tx=0,nodeIdx=0,hash=794def3f...
info|2019-12-14 01:31:39.106436|[g:1][CONSENSUS][PBFT]checkTimeout Succ,view=2773,toView=2774,nodeIdx=0,changeCycle=0,myNode=5f8c8907...,timecost=0.797
info|2019-12-14 01:31:39.116371|[g:1][CONSENSUS][PBFT]checkAndChangeView: Reach consensus,org_view=2773,org_changeCycle=0,cur_changeCycle=0,to_view=2774
info|2019-12-14 01:31:40.115603|[g:1][CONSENSUS]addRawPrepare,height=476,reqIdx=1,hash=043a74dc...
info|2019-12-14 01:31:40.117525|[g:1][CONSENSUS][PBFT]checkTimeout Succ,view=2774,toView=2775,nodeIdx=0,changeCycle=0,myNode=5f8c8907...,timecost=0.456
info|2019-12-14 01:31:40.118698|[g:1][CONSENSUS][PBFT]checkAndChangeView: Reach consensus,org_view=2774,org_changeCycle=0,cur_changeCycle=0,to_view=2775
info|2019-12-14 01:31:41.119362|[g:1][CONSENSUS]addRawPrepare,height=476,reqIdx=2,hash=981740b2...
info|2019-12-14 01:31:41.120222|[g:1][CONSENSUS][PBFT]checkTimeout Succ,view=2775,toView=2776,nodeIdx=0,changeCycle=0,myNode=5f8c8907...,timecost=0.709
info|2019-12-14 01:31:41.122348|[g:1][CONSENSUS][PBFT]checkAndChangeView: Reach consensus,org_view=2775,org_changeCycle=0,cur_changeCycle=0,to_view=2776
info|2019-12-14 01:31:42.126676|[g:1][CONSENSUS]addRawPrepare,height=476,reqIdx=3,hash=078e2786...
info|2019-12-14 01:31:42.128658|[g:1][CONSENSUS][PBFT]checkTimeout Succ,view=2776,toView=2777,nodeIdx=0,changeCycle=0,myNode=5f8c8907...,timecost=1.267
info|2019-12-14 01:31:42.131377|[g:1][CONSENSUS][PBFT]checkAndChangeView: Reach consensus,org_view=2776,org_changeCycle=0,cur_changeCycle=0,to_view=2777
info|2019-12-14 01:31:43.131223|[g:1][CONSENSUS][SEALER]++++++++++++++++ Generating seal on,blkNum=476,tx=0,nodeIdx=0,hash=9b15baef...
info|2019-12-14 01:31:43.132776|[g:1][CONSENSUS][PBFT]checkTimeout Succ,view=2777,toView=2778,nodeIdx=0,changeCycle=0,myNode=5f8c8907...,timecost=0.929
info|2019-12-14 01:31:43.139140|[g:1][CONSENSUS][PBFT]checkAndChangeView: Reach consensus,org_view=2777,org_changeCycle=0,cur_changeCycle=0,to_view=2778
info|2019-12-14 01:31:44.142093|[g:1][CONSENSUS]addRawPrepare,height=476,reqIdx=1,hash=9c07f2ab...
info|2019-12-14 01:31:44.143402|[g:1][CONSENSUS][PBFT]checkTimeout Succ,view=2778,toView=2779,nodeIdx=0,changeCycle=0,myNode=5f8c8907...,timecost=1.101
info|2019-12-14 01:31:44.145138|[g:1][CONSENSUS][PBFT]checkAndChangeView: Reach consensus,org_view=2778,org_changeCycle=0,cur_changeCycle=0,to_view=2779
info|2019-12-14 01:31:45.147856|[g:1][CONSENSUS]addRawPrepare,height=476,reqIdx=2,hash=41cf6f26...
info|2019-12-14 01:31:45.148920|[g:1][CONSENSUS][PBFT]checkTimeout Succ,view=2779,toView=2780,nodeIdx=0,changeCycle=0,myNode=5f8c8907...,timecost=0.808
info|2019-12-14 01:31:45.152322|[g:1][CONSENSUS][PBFT]checkAndChangeView: Reach consensus,org_view=2779,org_changeCycle=0,cur_changeCycle=0,to_view=2780
info|2019-12-14 01:31:46.028276|[P2P][Service] heartBeat,connected count=3
info|2019-12-14 01:31:46.157850|[g:1][CONSENSUS]addRawPrepare,height=476,reqIdx=3,hash=80100776...
info|2019-12-14 01:31:46.164506|[g:1][CONSENSUS][PBFT]checkTimeout Succ,view=2780,toView=2781,nodeIdx=0,changeCycle=0,myNode=5f8c8907...,timecost=6.172
info|2019-12-14 01:31:46.166133|[g:1][CONSENSUS][PBFT]checkAndChangeView: Reach consensus,org_view=2780,org_changeCycle=0,cur_changeCycle=0,to_view=2781
info|2019-12-14 01:31:47.167820|[g:1][CONSENSUS][SEALER]++++++++++++++++ Generating seal on,blkNum=476,tx=0,nodeIdx=0,hash=9d1fd450...
info|2019-12-14 01:31:47.173824|[g:1][CONSENSUS][PBFT]checkTimeout Succ,view=2781,toView=2782,nodeIdx=0,changeCycle=0,myNode=5f8c8907...,timecost=0.741
info|2019-12-14 01:31:47.175104|[g:1][CONSENSUS][PBFT]checkAndChangeView: Reach consensus,org_view=2781,org_changeCycle=0,cur_changeCycle=0,to_view=2782
info|2019-12-14 01:31:48.177057|[g:1][CONSENSUS]addRawPrepare,height=476,reqIdx=1,hash=215f7e8c...
info|2019-12-14 01:31:48.178837|[g:1][CONSENSUS][PBFT]checkTimeout Succ,view=2782,toView=2783,nodeIdx=0,changeCycle=0,myNode=5f8c8907...,timecost=1.566
info|2019-12-14 01:31:48.180548|[g:1][CONSENSUS][PBFT]checkAndChangeView: Reach consensus,org_view=2782,org_changeCycle=0,cur_changeCycle=0,to_view=2783
info|2019-12-14 01:31:49.183580|[g:1][CONSENSUS]addRawPrepare,height=476,reqIdx=2,hash=b22aa026...
info|2019-12-14 01:31:49.184793|[g:1][CONSENSUS][PBFT]checkTimeout Succ,view=2783,toView=2784,nodeIdx=0,changeCycle=0,myNode=5f8c8907...,timecost=0.957
info|2019-12-14 01:31:49.187566|[g:1][CONSENSUS][PBFT]checkAndChangeView: Reach consensus,org_view=2783,org_changeCycle=0,cur_changeCycle=0,to_view=2784
info|2019-12-14 01:31:50.190679|[g:1][CONSENSUS]addRawPrepare,height=476,reqIdx=3,hash=aac2ed95...
info|2019-12-14 01:31:50.191680|[g:1][CONSENSUS][PBFT]checkTimeout Succ,view=2784,toView=2785,nodeIdx=0,changeCycle=0,myNode=5f8c8907...,timecost=0.788
info|2019-12-14 01:31:50.193905|[g:1][CONSENSUS][PBFT]checkAndChangeView: Reach consensus,org_view=2784,org_changeCycle=0,cur_changeCycle=0,to_view=2785
info|2019-12-14 01:31:51.194280|[g:1][CONSENSUS][SEALER]++++++++++++++++ Generating seal on,blkNum=476,tx=0,nodeIdx=0,hash=fc040278...
info|2019-12-14 01:31:51.199942|[g:1][CONSENSUS][PBFT]checkTimeout Succ,view=2785,toView=2786,nodeIdx=0,changeCycle=0,myNode=5f8c8907...,timecost=0.846
info|2019-12-14 01:31:51.202485|[g:1][CONSENSUS][PBFT]checkAndChangeView: Reach consensus,org_view=2785,org_changeCycle=0,cur_changeCycle=0,to_view=2786
info|2019-12-14 01:31:52.206158|[g:1][CONSENSUS]addRawPrepare,height=476,reqIdx=1,hash=9ef2bc7a...
info|2019-12-14 01:31:52.207184|[g:1][CONSENSUS][PBFT]checkTimeout Succ,view=2786,toView=2787,nodeIdx=0,changeCycle=0,myNode=5f8c8907...,timecost=0.808
info|2019-12-14 01:31:52.212350|[g:1][CONSENSUS][PBFT]checkAndChangeView: Reach consensus,org_view=2786,org_changeCycle=0,cur_changeCycle=0,to_view=2787
info|2019-12-14 01:31:53.216814|[g:1][CONSENSUS]addRawPrepare,height=476,reqIdx=2,hash=0db59760...
info|2019-12-14 01:31:53.217960|[g:1][CONSENSUS][PBFT]checkTimeout Succ,view=2787,toView=2788,nodeIdx=0,changeCycle=0,myNode=5f8c8907...,timecost=0.882
info|2019-12-14 01:31:53.220789|[g:1][CONSENSUS][PBFT]checkAndChangeView: Reach consensus,org_view=2787,org_changeCycle=0,cur_changeCycle=0,to_view=2788
info|2019-12-14 01:31:54.225339|[g:1][CONSENSUS]addRawPrepare,height=476,reqIdx=3,hash=0f08f961...
info|2019-12-14 01:31:54.226316|[g:1][CONSENSUS][PBFT]checkTimeout Succ,view=2788,toView=2789,nodeIdx=0,changeCycle=0,myNode=5f8c8907...,timecost=0.764
info|2019-12-14 01:31:54.228072|[g:1][CONSENSUS][PBFT]checkAndChangeView: Reach consensus,org_view=2788,org_changeCycle=0,cur_changeCycle=0,to_view=2789
info|2019-12-14 01:31:55.228561|[g:1][CONSENSUS][SEALER]++++++++++++++++ Generating seal on,blkNum=476,tx=0,nodeIdx=0,hash=dc062871...
info|2019-12-14 01:31:55.229911|[g:1][CONSENSUS][PBFT]checkTimeout Succ,view=2789,toView=2790,nodeIdx=0,changeCycle=0,myNode=5f8c8907...,timecost=0.818
info|2019-12-14 01:31:55.236562|[g:1][CONSENSUS][PBFT]checkAndChangeView: Reach consensus,org_view=2789,org_changeCycle=0,cur_changeCycle=0,to_view=2790
info|2019-12-14 01:31:56.037855|[P2P][Service] heartBeat,connected count=3
info|2019-12-14 01:31:56.238683|[g:1][CONSENSUS]addRawPrepare,height=476,reqIdx=1,hash=005e948e...
info|2019-12-14 01:31:56.242052|[g:1][CONSENSUS][PBFT]checkTimeout Succ,view=2790,toView=2791,nodeIdx=0,changeCycle=0,myNode=5f8c8907...,timecost=3.068
info|2019-12-14 01:31:56.244655|[g:1][CONSENSUS][PBFT]checkAndChangeView: Reach consensus,org_view=2790,org_changeCycle=0,cur_changeCycle=0,to_view=2791
info|2019-12-14 01:31:57.248765|[g:1][CONSENSUS]addRawPrepare,height=476,reqIdx=2,hash=d1d35c18...
info|2019-12-14 01:31:57.250471|[g:1][CONSENSUS][PBFT]checkTimeout Succ,view=2791,toView=2792,nodeIdx=0,changeCycle=0,myNode=5f8c8907...,timecost=1.452
info|2019-12-14 01:31:57.253220|[g:1][CONSENSUS][PBFT]checkAndChangeView: Reach consensus,org_view=2791,org_changeCycle=0,cur_changeCycle=0,to_view=2792
info|2019-12-14 01:31:58.257978|[g:1][CONSENSUS]addRawPrepare,height=476,reqIdx=3,hash=4e47df04...
info|2019-12-14 01:31:58.259782|[g:1][CONSENSUS][PBFT]checkTimeout Succ,view=2792,toView=2793,nodeIdx=0,changeCycle=0,myNode=5f8c8907...,timecost=1.542
info|2019-12-14 01:31:58.264712|[g:1][CONSENSUS][PBFT]checkAndChangeView: Reach consensus,org_view=2792,org_changeCycle=0,cur_changeCycle=0,to_view=2793
info|2019-12-14 01:31:59.265442|[g:1][CONSENSUS][SEALER]++++++++++++++++ Generating seal on,blkNum=476,tx=0,nodeIdx=0,hash=01be55b3...
info|2019-12-14 01:31:59.266828|[g:1][CONSENSUS][PBFT]checkTimeout Succ,view=2793,toView=2794,nodeIdx=0,changeCycle=0,myNode=5f8c8907...,timecost=0.858
info|2019-12-14 01:31:59.274015|[g:1][CONSENSUS][PBFT]checkAndChangeView: Reach consensus,org_view=2793,org_changeCycle=0,cur_changeCycle=0,to_view=2794
info|2019-12-14 01:32:00.275481|[g:1][CONSENSUS]addRawPrepare,height=476,reqIdx=1,hash=423a5d68...
info|2019-12-14 01:32:00.276572|[g:1][CONSENSUS][PBFT]checkTimeout Succ,view=2794,toView=2795,nodeIdx=0,changeCycle=0,myNode=5f8c8907...,timecost=0.795
info|2019-12-14 01:32:00.279454|[g:1][CONSENSUS][PBFT]checkAndChangeView: Reach consensus,org_view=2794,org_changeCycle=0,cur_changeCycle=0,to_view=2795
info|2019-12-14 01:32:01.284213|[g:1][CONSENSUS]addRawPrepare,height=476,reqIdx=2,hash=2237cf5d...
info|2019-12-14 01:32:01.287348|[g:1][CONSENSUS][PBFT]checkTimeout Succ,view=2795,toView=2796,nodeIdx=0,changeCycle=0,myNode=5f8c8907...,timecost=2.748
info|2019-12-14 01:32:01.289939|[g:1][CONSENSUS][PBFT]checkAndChangeView: Reach consensus,org_view=2795,org_changeCycle=0,cur_changeCycle=0,to_view=2796
info|2019-12-14 01:32:02.294044|[g:1][CONSENSUS]addRawPrepare,height=476,reqIdx=3,hash=c9b3da69...
info|2019-12-14 01:32:02.294647|[g:1][CONSENSUS][PBFT]checkTimeout Succ,view=2796,toView=2797,nodeIdx=0,changeCycle=0,myNode=5f8c8907...,timecost=0.43
info|2019-12-14 01:32:02.296288|[g:1][CONSENSUS][PBFT]checkAndChangeView: Reach consensus,org_view=2796,org_changeCycle=0,cur_changeCycle=0,to_view=2797
info|2019-12-14 01:32:03.297107|[g:1][CONSENSUS][SEALER]++++++++++++++++ Generating seal on,blkNum=476,tx=0,nodeIdx=0,hash=888878dd...
info|2019-12-14 01:32:03.298398|[g:1][CONSENSUS][PBFT]checkTimeout Succ,view=2797,toView=2798,nodeIdx=0,changeCycle=0,myNode=5f8c8907...,timecost=0.694
info|2019-12-14 01:32:03.302147|[g:1][CONSENSUS][PBFT]checkAndChangeView: Reach consensus,org_view=2797,org_changeCycle=0,cur_changeCycle=0,to_view=2798
info|2019-12-14 01:32:04.303820|[g:1][CONSENSUS]addRawPrepare,height=476,reqIdx=1,hash=be492e23...
info|2019-12-14 01:32:04.305049|[g:1][CONSENSUS][PBFT]checkTimeout Succ,view=2798,toView=2799,nodeIdx=0,changeCycle=0,myNode=5f8c8907...,timecost=1.025
info|2019-12-14 01:32:04.307089|[g:1][CONSENSUS][PBFT]checkAndChangeView: Reach consensus,org_view=2798,org_changeCycle=0,cur_changeCycle=0,to_view=2799
info|2019-12-14 01:32:05.308754|[g:1][CONSENSUS]addRawPrepare,height=476,reqIdx=2,hash=b440c3e6...
info|2019-12-14 01:32:05.310898|[g:1][CONSENSUS][PBFT]checkTimeout Succ,view=2799,toView=2800,nodeIdx=0,changeCycle=0,myNode=5f8c8907...,timecost=1.896
info|2019-12-14 01:32:05.313427|[g:1][CONSENSUS][PBFT]checkAndChangeView: Reach consensus,org_view=2799,org_changeCycle=0,cur_changeCycle=0,to_view=2800
info|2019-12-14 01:32:06.043812|[P2P][Service] heartBeat,connected count=3
info|2019-12-14 01:32:06.314913|[g:1][CONSENSUS]addRawPrepare,height=476,reqIdx=3,hash=341f59ee...
info|2019-12-14 01:32:06.315788|[g:1][CONSENSUS][PBFT]checkTimeout Succ,view=2800,toView=2801,nodeIdx=0,changeCycle=0,myNode=5f8c8907...,timecost=0.659
info|2019-12-14 01:32:06.319853|[g:1][CONSENSUS][PBFT]checkAndChangeView: Reach consensus,org_view=2800,org_changeCycle=0,cur_changeCycle=0,to_view=2801
info|2019-12-14 01:32:07.320361|[g:1][CONSENSUS][SEALER]++++++++++++++++ Generating seal on,blkNum=476,tx=0,nodeIdx=0,hash=56d3b874...
info|2019-12-14 01:32:07.324537|[g:1][CONSENSUS][PBFT]checkTimeout Succ,view=2801,toView=2802,nodeIdx=0,changeCycle=0,myNode=5f8c8907...,timecost=0.477
info|2019-12-14 01:32:07.325466|[g:1][CONSENSUS][PBFT]checkAndChangeView: Reach consensus,org_view=2801,org_changeCycle=0,cur_changeCycle=0,to_view=2802
info|2019-12-14 01:32:08.327663|[g:1][CONSENSUS]addRawPrepare,height=476,reqIdx=1,hash=8ab9d8a0...
info|2019-12-14 01:32:08.328447|[g:1][CONSENSUS][PBFT]checkTimeout Succ,view=2802,toView=2803,nodeIdx=0,changeCycle=0,myNode=5f8c8907...,timecost=0.512
info|2019-12-14 01:32:08.330293|[g:1][CONSENSUS][PBFT]checkAndChangeView: Reach consensus,org_view=2802,org_changeCycle=0,cur_changeCycle=0,to_view=2803
info|2019-12-14 01:32:09.332763|[g:1][CONSENSUS]addRawPrepare,height=476,reqIdx=2,hash=7466f087...
info|2019-12-14 01:32:09.333943|[g:1][CONSENSUS][PBFT]checkTimeout Succ,view=2803,toView=2804,nodeIdx=0,changeCycle=0,myNode=5f8c8907...,timecost=0.922
info|2019-12-14 01:32:09.337506|[g:1][CONSENSUS][PBFT]checkAndChangeView: Reach consensus,org_view=2803,org_changeCycle=0,cur_changeCycle=0,to_view=2804
info|2019-12-14 01:32:10.341995|[g:1][CONSENSUS]addRawPrepare,height=476,reqIdx=3,hash=a4da20c2...
info|2019-12-14 01:32:10.343074|[g:1][CONSENSUS][PBFT]checkTimeout Succ,view=2804,toView=2805,nodeIdx=0,changeCycle=0,myNode=5f8c8907...,timecost=0.864
info|2019-12-14 01:32:10.345031|[g:1][CONSENSUS][PBFT]checkAndChangeView: Reach consensus,org_view=2804,org_changeCycle=0,cur_changeCycle=0,to_view=2805
info|2019-12-14 01:32:11.345977|[g:1][CONSENSUS][SEALER]++++++++++++++++ Generating seal on,blkNum=476,tx=0,nodeIdx=0,hash=f86abdb6...
info|2019-12-14 01:32:11.347835|[g:1][CONSENSUS][PBFT]checkTimeout Succ,view=2805,toView=2806,nodeIdx=0,changeCycle=0,myNode=5f8c8907...,timecost=0.888
info|2019-12-14 01:32:11.354058|[g:1][CONSENSUS][PBFT]checkAndChangeView: Reach consensus,org_view=2805,org_changeCycle=0,cur_changeCycle=0,to_view=2806
info|2019-12-14 01:32:12.357871|[g:1][CONSENSUS]addRawPrepare,height=476,reqIdx=1,hash=110f392b...
info|2019-12-14 01:32:12.359020|[g:1][CONSENSUS][PBFT]checkTimeout Succ,view=2806,toView=2807,nodeIdx=0,changeCycle=0,myNode=5f8c8907...,timecost=0.907
info|2019-12-14 01:32:12.362433|[g:1][CONSENSUS][PBFT]checkAndChangeView: Reach consensus,org_view=2806,org_changeCycle=0,cur_changeCycle=0,to_view=2807
info|2019-12-14 01:32:13.364488|[g:1][CONSENSUS]addRawPrepare,height=476,reqIdx=2,hash=391e0560...
info|2019-12-14 01:32:13.365574|[g:1][CONSENSUS][PBFT]checkTimeout Succ,view=2807,toView=2808,nodeIdx=0,changeCycle=0,myNode=5f8c8907...,timecost=0.809
info|2019-12-14 01:32:13.370037|[g:1][CONSENSUS][PBFT]checkAndChangeView: Reach consensus,org_view=2807,org_changeCycle=0,cur_changeCycle=0,to_view=2808
info|2019-12-14 01:32:14.374249|[g:1][CONSENSUS]addRawPrepare,height=476,reqIdx=3,hash=5a636ae8...
info|2019-12-14 01:32:14.375539|[g:1][CONSENSUS][PBFT]checkTimeout Succ,view=2808,toView=2809,nodeIdx=0,changeCycle=0,myNode=5f8c8907...,timecost=1.065
info|2019-12-14 01:32:14.381550|[g:1][CONSENSUS][PBFT]checkAndChangeView: Reach consensus,org_view=2808,org_changeCycle=0,cur_changeCycle=0,to_view=2809
info|2019-12-14 01:32:15.382361|[g:1][CONSENSUS][SEALER]++++++++++++++++ Generating seal on,blkNum=476,tx=0,nodeIdx=0,hash=bc37cddd...
info|2019-12-14 01:32:15.383666|[g:1][CONSENSUS][PBFT]checkTimeout Succ,view=2809,toView=2810,nodeIdx=0,changeCycle=0,myNode=5f8c8907...,timecost=0.778
info|2019-12-14 01:32:15.389856|[g:1][CONSENSUS][PBFT]checkAndChangeView: Reach consensus,org_view=2809,org_changeCycle=0,cur_changeCycle=0,to_view=2810
info|2019-12-14 01:32:16.051812|[P2P][Service] heartBeat,connected count=3
info|2019-12-14 01:32:16.394043|[g:1][CONSENSUS]addRawPrepare,height=476,reqIdx=1,hash=1aaeb4ff...
info|2019-12-14 01:32:16.396446|[g:1][CONSENSUS][PBFT]checkTimeout Succ,view=2810,toView=2811,nodeIdx=0,changeCycle=0,myNode=5f8c8907...,timecost=2.21
info|2019-12-14 01:32:16.399633|[g:1][CONSENSUS][PBFT]checkAndChangeView: Reach consensus,org_view=2810,org_changeCycle=0,cur_changeCycle=0,to_view=2811
