info|2019-12-11 04:35:26.011053|[P2P][Service] heartBeat,connected count=3
warning|2019-12-11 04:35:26.015274|[g:1][CONSENSUS][PBFT]ViewChangeWarning: not caused by omit empty block ,v=5585,toV=5586,curNum=0,hash=382ff964...,nodeIdx=3,myNode=d0064285...
info|2019-12-11 04:35:26.015384|[g:1][CONSENSUS][PBFT]checkTimeout Succ,view=5585,toView=5586,nodeIdx=3,changeCycle=1,myNode=d0064285...,timecost=0.662
info|2019-12-11 04:35:26.023749|[g:1][CONSENSUS][PBFT]checkAndChangeView: Reach consensus,org_view=5585,org_changeCycle=1,cur_changeCycle=1,to_view=5586
info|2019-12-11 04:35:27.025438|[g:1][CONSENSUS]addRawPrepare,height=1,reqIdx=2,hash=3d218b2f...
info|2019-12-11 04:35:27.026399|[g:1][CONSENSUS][PBFT]checkTimeout Succ,view=5586,toView=5587,nodeIdx=3,changeCycle=0,myNode=d0064285...,timecost=0.798
info|2019-12-11 04:35:27.028198|[g:1][CONSENSUS][PBFT]checkAndChangeView: Reach consensus,org_view=5586,org_changeCycle=0,cur_changeCycle=0,to_view=5587
info|2019-12-11 04:35:28.029397|[g:1][CONSENSUS][SEALER]++++++++++++++++ Generating seal on,blkNum=1,tx=0,nodeIdx=3,hash=9bc924fd...
info|2019-12-11 04:35:28.030828|[g:1][CONSENSUS][PBFT]checkTimeout Succ,view=5587,toView=5588,nodeIdx=3,changeCycle=0,myNode=d0064285...,timecost=0.827
info|2019-12-11 04:35:28.036944|[g:1][CONSENSUS][PBFT]checkAndChangeView: Reach consensus,org_view=5587,org_changeCycle=0,cur_changeCycle=0,to_view=5588
info|2019-12-11 04:35:29.040746|[g:1][CONSENSUS]addRawPrepare,height=1,reqIdx=0,hash=f8cee1c4...
info|2019-12-11 04:35:29.042368|[g:1][CONSENSUS][PBFT]checkTimeout Succ,view=5588,toView=5589,nodeIdx=3,changeCycle=0,myNode=d0064285...,timecost=0.872
info|2019-12-11 04:35:29.044971|[g:1][CONSENSUS][PBFT]checkAndChangeView: Reach consensus,org_view=5588,org_changeCycle=0,cur_changeCycle=0,to_view=5589
info|2019-12-11 04:35:30.047264|[g:1][CONSENSUS]addRawPrepare,height=1,reqIdx=1,hash=e05b6c07...
info|2019-12-11 04:35:30.050802|[g:1][CONSENSUS][PBFT]checkTimeout Succ,view=5589,toView=5590,nodeIdx=3,changeCycle=0,myNode=d0064285...,timecost=2.426
info|2019-12-11 04:35:30.053531|[g:1][CONSENSUS][PBFT]checkAndChangeView: Reach consensus,org_view=5589,org_changeCycle=0,cur_changeCycle=0,to_view=5590
info|2019-12-11 04:35:31.056562|[g:1][CONSENSUS]addRawPrepare,height=1,reqIdx=2,hash=cedd47a6...
info|2019-12-11 04:35:31.060020|[g:1][CONSENSUS][PBFT]checkTimeout Succ,view=5590,toView=5591,nodeIdx=3,changeCycle=0,myNode=d0064285...,timecost=3.223
info|2019-12-11 04:35:31.063749|[g:1][CONSENSUS][PBFT]checkAndChangeView: Reach consensus,org_view=5590,org_changeCycle=0,cur_changeCycle=0,to_view=5591
info|2019-12-11 04:35:32.064763|[g:1][CONSENSUS][SEALER]++++++++++++++++ Generating seal on,blkNum=1,tx=0,nodeIdx=3,hash=59cf7885...
info|2019-12-11 04:35:32.066109|[g:1][CONSENSUS][PBFT]checkTimeout Succ,view=5591,toView=5592,nodeIdx=3,changeCycle=0,myNode=d0064285...,timecost=0.81
info|2019-12-11 04:35:32.072112|[g:1][CONSENSUS][PBFT]checkAndChangeView: Reach consensus,org_view=5591,org_changeCycle=0,cur_changeCycle=0,to_view=5592
info|2019-12-11 04:35:33.074895|[g:1][CONSENSUS]addRawPrepare,height=1,reqIdx=0,hash=13143ae9...
info|2019-12-11 04:35:33.077083|[g:1][CONSENSUS][PBFT]checkTimeout Succ,view=5592,toView=5593,nodeIdx=3,changeCycle=0,myNode=d0064285...,timecost=1.812
info|2019-12-11 04:35:33.079892|[g:1][CONSENSUS][PBFT]checkAndChangeView: Reach consensus,org_view=5592,org_changeCycle=0,cur_changeCycle=0,to_view=5593
info|2019-12-11 04:35:34.084128|[g:1][CONSENSUS]addRawPrepare,height=1,reqIdx=1,hash=8923ac5b...
info|2019-12-11 04:35:34.085895|[g:1][CONSENSUS][PBFT]checkTimeout Succ,view=5593,toView=5594,nodeIdx=3,changeCycle=0,myNode=d0064285...,timecost=1.061
info|2019-12-11 04:35:34.088704|[g:1][CONSENSUS][PBFT]checkAndChangeView: Reach consensus,org_view=5593,org_changeCycle=0,cur_changeCycle=0,to_view=5594
info|2019-12-11 04:35:35.092044|[g:1][CONSENSUS]addRawPrepare,height=1,reqIdx=2,hash=825d6cd4...
info|2019-12-11 04:35:35.094770|[g:1][CONSENSUS][PBFT]checkTimeout Succ,view=5594,toView=5595,nodeIdx=3,changeCycle=0,myNode=d0064285...,timecost=2.48
info|2019-12-11 04:35:35.097466|[g:1][CONSENSUS][PBFT]checkAndChangeView: Reach consensus,org_view=5594,org_changeCycle=0,cur_changeCycle=0,to_view=5595
info|2019-12-11 04:35:36.019998|[P2P][Service] heartBeat,connected count=3
info|2019-12-11 04:35:36.098703|[g:1][CONSENSUS][SEALER]++++++++++++++++ Generating seal on,blkNum=1,tx=0,nodeIdx=3,hash=58d161d3...
info|2019-12-11 04:35:36.100179|[g:1][CONSENSUS][PBFT]checkTimeout Succ,view=5595,toView=5596,nodeIdx=3,changeCycle=0,myNode=d0064285...,timecost=0.95
info|2019-12-11 04:35:36.107945|[g:1][CONSENSUS][PBFT]checkAndChangeView: Reach consensus,org_view=5595,org_changeCycle=0,cur_changeCycle=0,to_view=5596
info|2019-12-11 04:35:37.110462|[g:1][CONSENSUS]addRawPrepare,height=1,reqIdx=0,hash=19564201...
info|2019-12-11 04:35:37.113203|[g:1][CONSENSUS][PBFT]checkTimeout Succ,view=5596,toView=5597,nodeIdx=3,changeCycle=0,myNode=d0064285...,timecost=2.491
info|2019-12-11 04:35:37.116191|[g:1][CONSENSUS][PBFT]checkAndChangeView: Reach consensus,org_view=5596,org_changeCycle=0,cur_changeCycle=0,to_view=5597
info|2019-12-11 04:35:38.119616|[g:1][CONSENSUS]addRawPrepare,height=1,reqIdx=1,hash=ba9b3606...
info|2019-12-11 04:35:38.121265|[g:1][CONSENSUS][PBFT]checkTimeout Succ,view=5597,toView=5598,nodeIdx=3,changeCycle=0,myNode=d0064285...,timecost=0.806
info|2019-12-11 04:35:38.124862|[g:1][CONSENSUS][PBFT]checkAndChangeView: Reach consensus,org_view=5597,org_changeCycle=0,cur_changeCycle=0,to_view=5598
info|2019-12-11 04:35:39.126279|[g:1][CONSENSUS]addRawPrepare,height=1,reqIdx=2,hash=6df517a1...
info|2019-12-11 04:35:39.127555|[g:1][CONSENSUS][PBFT]checkTimeout Succ,view=5598,toView=5599,nodeIdx=3,changeCycle=0,myNode=d0064285...,timecost=1.069
info|2019-12-11 04:35:39.129827|[g:1][CONSENSUS][PBFT]checkAndChangeView: Reach consensus,org_view=5598,org_changeCycle=0,cur_changeCycle=0,to_view=5599
info|2019-12-11 04:35:40.130153|[g:1][CONSENSUS][SEALER]++++++++++++++++ Generating seal on,blkNum=1,tx=0,nodeIdx=3,hash=6095621c...
info|2019-12-11 04:35:40.131518|[g:1][CONSENSUS][PBFT]checkTimeout Succ,view=5599,toView=5600,nodeIdx=3,changeCycle=0,myNode=d0064285...,timecost=0.807
info|2019-12-11 04:35:40.136915|[g:1][CONSENSUS][PBFT]checkAndChangeView: Reach consensus,org_view=5599,org_changeCycle=0,cur_changeCycle=0,to_view=5600
info|2019-12-11 04:35:41.139851|[g:1][CONSENSUS]addRawPrepare,height=1,reqIdx=0,hash=fb4904c7...
info|2019-12-11 04:35:41.142643|[g:1][CONSENSUS][PBFT]checkTimeout Succ,view=5600,toView=5601,nodeIdx=3,changeCycle=0,myNode=d0064285...,timecost=2.583
info|2019-12-11 04:35:41.147097|[g:1][CONSENSUS][PBFT]checkAndChangeView: Reach consensus,org_view=5600,org_changeCycle=0,cur_changeCycle=0,to_view=5601
info|2019-12-11 04:35:42.148753|[g:1][CONSENSUS]addRawPrepare,height=1,reqIdx=1,hash=59841af0...
info|2019-12-11 04:35:42.150171|[g:1][CONSENSUS][PBFT]checkTimeout Succ,view=5601,toView=5602,nodeIdx=3,changeCycle=0,myNode=d0064285...,timecost=1.216
info|2019-12-11 04:35:42.156008|[g:1][CONSENSUS][PBFT]checkAndChangeView: Reach consensus,org_view=5601,org_changeCycle=0,cur_changeCycle=0,to_view=5602
info|2019-12-11 04:35:43.156873|[g:1][CONSENSUS]addRawPrepare,height=1,reqIdx=2,hash=5ac198fe...
info|2019-12-11 04:35:43.158211|[g:1][CONSENSUS][PBFT]checkTimeout Succ,view=5602,toView=5603,nodeIdx=3,changeCycle=0,myNode=d0064285...,timecost=1.1
info|2019-12-11 04:35:43.160784|[g:1][CONSENSUS][PBFT]checkAndChangeView: Reach consensus,org_view=5602,org_changeCycle=0,cur_changeCycle=0,to_view=5603
info|2019-12-11 04:35:44.161330|[g:1][CONSENSUS][SEALER]++++++++++++++++ Generating seal on,blkNum=1,tx=0,nodeIdx=3,hash=7b3d6c82...
info|2019-12-11 04:35:44.162662|[g:1][CONSENSUS][PBFT]checkTimeout Succ,view=5603,toView=5604,nodeIdx=3,changeCycle=0,myNode=d0064285...,timecost=0.777
info|2019-12-11 04:35:44.168230|[g:1][CONSENSUS][PBFT]checkAndChangeView: Reach consensus,org_view=5603,org_changeCycle=0,cur_changeCycle=0,to_view=5604
info|2019-12-11 04:35:45.171964|[g:1][CONSENSUS]addRawPrepare,height=1,reqIdx=0,hash=3e2a6544...
info|2019-12-11 04:35:45.174656|[g:1][CONSENSUS][PBFT]checkTimeout Succ,view=5604,toView=5605,nodeIdx=3,changeCycle=0,myNode=d0064285...,timecost=2.089
info|2019-12-11 04:35:45.179322|[g:1][CONSENSUS][PBFT]checkAndChangeView: Reach consensus,org_view=5604,org_changeCycle=0,cur_changeCycle=0,to_view=5605
info|2019-12-11 04:35:46.024611|[P2P][Service] heartBeat,connected count=3
info|2019-12-11 04:35:46.180095|[g:1][CONSENSUS]addRawPrepare,height=1,reqIdx=1,hash=5cffed5c...
info|2019-12-11 04:35:46.181166|[g:1][CONSENSUS][PBFT]checkTimeout Succ,view=5605,toView=5606,nodeIdx=3,changeCycle=0,myNode=d0064285...,timecost=0.836
info|2019-12-11 04:35:46.184796|[g:1][CONSENSUS][PBFT]checkAndChangeView: Reach consensus,org_view=5605,org_changeCycle=0,cur_changeCycle=0,to_view=5606
info|2019-12-11 04:35:47.190241|[g:1][CONSENSUS]addRawPrepare,height=1,reqIdx=2,hash=564c6702...
info|2019-12-11 04:35:47.191322|[g:1][CONSENSUS][PBFT]checkTimeout Succ,view=5606,toView=5607,nodeIdx=3,changeCycle=0,myNode=d0064285...,timecost=0.835
info|2019-12-11 04:35:47.194027|[g:1][CONSENSUS][PBFT]checkAndChangeView: Reach consensus,org_view=5606,org_changeCycle=0,cur_changeCycle=0,to_view=5607
info|2019-12-11 04:35:48.195465|[g:1][CONSENSUS][SEALER]++++++++++++++++ Generating seal on,blkNum=1,tx=0,nodeIdx=3,hash=418d472e...
info|2019-12-11 04:35:48.196925|[g:1][CONSENSUS][PBFT]checkTimeout Succ,view=5607,toView=5608,nodeIdx=3,changeCycle=0,myNode=d0064285...,timecost=0.857
info|2019-12-11 04:35:48.202866|[g:1][CONSENSUS][PBFT]checkAndChangeView: Reach consensus,org_view=5607,org_changeCycle=0,cur_changeCycle=0,to_view=5608
info|2019-12-11 04:35:49.208325|[g:1][CONSENSUS]addRawPrepare,height=1,reqIdx=0,hash=81fdce28...
info|2019-12-11 04:35:49.210183|[g:1][CONSENSUS][PBFT]checkTimeout Succ,view=5608,toView=5609,nodeIdx=3,changeCycle=0,myNode=d0064285...,timecost=1.621
info|2019-12-11 04:35:49.212751|[g:1][CONSENSUS][PBFT]checkAndChangeView: Reach consensus,org_view=5608,org_changeCycle=0,cur_changeCycle=0,to_view=5609
info|2019-12-11 04:35:50.216714|[g:1][CONSENSUS]addRawPrepare,height=1,reqIdx=1,hash=681e118c...
info|2019-12-11 04:35:50.217760|[g:1][CONSENSUS][PBFT]checkTimeout Succ,view=5609,toView=5610,nodeIdx=3,changeCycle=0,myNode=d0064285...,timecost=0.784
info|2019-12-11 04:35:50.221150|[g:1][CONSENSUS][PBFT]checkAndChangeView: Reach consensus,org_view=5609,org_changeCycle=0,cur_changeCycle=0,to_view=5610
info|2019-12-11 04:35:51.224504|[g:1][CONSENSUS]addRawPrepare,height=1,reqIdx=2,hash=dbc6cb0a...
info|2019-12-11 04:35:51.225959|[g:1][CONSENSUS][PBFT]checkTimeout Succ,view=5610,toView=5611,nodeIdx=3,changeCycle=0,myNode=d0064285...,timecost=1.158
info|2019-12-11 04:35:51.228941|[g:1][CONSENSUS][PBFT]checkAndChangeView: Reach consensus,org_view=5610,org_changeCycle=0,cur_changeCycle=0,to_view=5611
info|2019-12-11 04:35:52.228856|[g:1][CONSENSUS][SEALER]++++++++++++++++ Generating seal on,blkNum=1,tx=0,nodeIdx=3,hash=db89c70b...
info|2019-12-11 04:35:52.236001|[g:1][CONSENSUS][PBFT]checkTimeout Succ,view=5611,toView=5612,nodeIdx=3,changeCycle=0,myNode=d0064285...,timecost=2.083
info|2019-12-11 04:35:52.237496|[g:1][CONSENSUS][PBFT]checkAndChangeView: Reach consensus,org_view=5611,org_changeCycle=0,cur_changeCycle=0,to_view=5612
info|2019-12-11 04:35:53.239118|[g:1][CONSENSUS]addRawPrepare,height=1,reqIdx=0,hash=dadf7313...
info|2019-12-11 04:35:53.240461|[g:1][CONSENSUS][PBFT]checkTimeout Succ,view=5612,toView=5613,nodeIdx=3,changeCycle=0,myNode=d0064285...,timecost=1.121
info|2019-12-11 04:35:53.245448|[g:1][CONSENSUS][PBFT]checkAndChangeView: Reach consensus,org_view=5612,org_changeCycle=0,cur_changeCycle=0,to_view=5613
info|2019-12-11 04:35:54.245099|[g:1][CONSENSUS]addRawPrepare,height=1,reqIdx=1,hash=0ccb7577...
info|2019-12-11 04:35:54.246455|[g:1][CONSENSUS][PBFT]checkTimeout Succ,view=5613,toView=5614,nodeIdx=3,changeCycle=0,myNode=d0064285...,timecost=1.136
info|2019-12-11 04:35:54.249127|[g:1][CONSENSUS][PBFT]checkAndChangeView: Reach consensus,org_view=5613,org_changeCycle=0,cur_changeCycle=0,to_view=5614
info|2019-12-11 04:35:55.254219|[g:1][CONSENSUS]addRawPrepare,height=1,reqIdx=2,hash=e5e4bd9f...
info|2019-12-11 04:35:55.256452|[g:1][CONSENSUS][PBFT]checkTimeout Succ,view=5614,toView=5615,nodeIdx=3,changeCycle=0,myNode=d0064285...,timecost=1.99
info|2019-12-11 04:35:55.259217|[g:1][CONSENSUS][PBFT]checkAndChangeView: Reach consensus,org_view=5614,org_changeCycle=0,cur_changeCycle=0,to_view=5615
info|2019-12-11 04:35:56.026181|[P2P][Service] heartBeat,connected count=3
info|2019-12-11 04:35:56.260254|[g:1][CONSENSUS][SEALER]++++++++++++++++ Generating seal on,blkNum=1,tx=0,nodeIdx=3,hash=9de4195f...
info|2019-12-11 04:35:56.261627|[g:1][CONSENSUS][PBFT]checkTimeout Succ,view=5615,toView=5616,nodeIdx=3,changeCycle=0,myNode=d0064285...,timecost=0.845
info|2019-12-11 04:35:56.268349|[g:1][CONSENSUS][PBFT]checkAndChangeView: Reach consensus,org_view=5615,org_changeCycle=0,cur_changeCycle=0,to_view=5616
info|2019-12-11 04:35:57.272758|[g:1][CONSENSUS]addRawPrepare,height=1,reqIdx=0,hash=7ab43ef5...
info|2019-12-11 04:35:57.273881|[g:1][CONSENSUS][PBFT]checkTimeout Succ,view=5616,toView=5617,nodeIdx=3,changeCycle=0,myNode=d0064285...,timecost=0.875
info|2019-12-11 04:35:57.276665|[g:1][CONSENSUS][PBFT]checkAndChangeView: Reach consensus,org_view=5616,org_changeCycle=0,cur_changeCycle=0,to_view=5617
info|2019-12-11 04:35:58.278961|[g:1][CONSENSUS]addRawPrepare,height=1,reqIdx=1,hash=639600bd...
info|2019-12-11 04:35:58.280944|[g:1][CONSENSUS][PBFT]checkTimeout Succ,view=5617,toView=5618,nodeIdx=3,changeCycle=0,myNode=d0064285...,timecost=1.621
info|2019-12-11 04:35:58.284323|[g:1][CONSENSUS][PBFT]checkAndChangeView: Reach consensus,org_view=5617,org_changeCycle=0,cur_changeCycle=0,to_view=5618
info|2019-12-11 04:35:59.286101|[g:1][CONSENSUS]addRawPrepare,height=1,reqIdx=2,hash=eac08e6c...
info|2019-12-11 04:35:59.287313|[g:1][CONSENSUS][PBFT]checkTimeout Succ,view=5618,toView=5619,nodeIdx=3,changeCycle=0,myNode=d0064285...,timecost=1.007
info|2019-12-11 04:35:59.291810|[g:1][CONSENSUS][PBFT]checkAndChangeView: Reach consensus,org_view=5618,org_changeCycle=0,cur_changeCycle=0,to_view=5619
info|2019-12-11 04:36:00.292649|[g:1][CONSENSUS][SEALER]++++++++++++++++ Generating seal on,blkNum=1,tx=0,nodeIdx=3,hash=e2470e19...
info|2019-12-11 04:36:00.293994|[g:1][CONSENSUS][PBFT]checkTimeout Succ,view=5619,toView=5620,nodeIdx=3,changeCycle=0,myNode=d0064285...,timecost=0.818
info|2019-12-11 04:36:00.300052|[g:1][CONSENSUS][PBFT]checkAndChangeView: Reach consensus,org_view=5619,org_changeCycle=0,cur_changeCycle=0,to_view=5620
info|2019-12-11 04:36:01.302658|[g:1][CONSENSUS]addRawPrepare,height=1,reqIdx=0,hash=eb48e717...
info|2019-12-11 04:36:01.303860|[g:1][CONSENSUS][PBFT]checkTimeout Succ,view=5620,toView=5621,nodeIdx=3,changeCycle=0,myNode=d0064285...,timecost=0.889
info|2019-12-11 04:36:01.309615|[g:1][CONSENSUS][PBFT]checkAndChangeView: Reach consensus,org_view=5620,org_changeCycle=0,cur_changeCycle=0,to_view=5621
info|2019-12-11 04:36:02.309406|[g:1][CONSENSUS]addRawPrepare,height=1,reqIdx=1,hash=68610859...
info|2019-12-11 04:36:02.310593|[g:1][CONSENSUS][PBFT]checkTimeout Succ,view=5621,toView=5622,nodeIdx=3,changeCycle=0,myNode=d0064285...,timecost=0.947
info|2019-12-11 04:36:02.315153|[g:1][CONSENSUS][PBFT]checkAndChangeView: Reach consensus,org_view=5621,org_changeCycle=0,cur_changeCycle=0,to_view=5622
info|2019-12-11 04:36:03.316990|[g:1][CONSENSUS]addRawPrepare,height=1,reqIdx=2,hash=c4de1596...
info|2019-12-11 04:36:03.318083|[g:1][CONSENSUS][PBFT]checkTimeout Succ,view=5622,toView=5623,nodeIdx=3,changeCycle=0,myNode=d0064285...,timecost=0.788
info|2019-12-11 04:36:03.322617|[g:1][CONSENSUS][PBFT]checkAndChangeView: Reach consensus,org_view=5622,org_changeCycle=0,cur_changeCycle=0,to_view=5623
info|2019-12-11 04:36:04.323583|[g:1][CONSENSUS][SEALER]++++++++++++++++ Generating seal on,blkNum=1,tx=0,nodeIdx=3,hash=1720d82c...
info|2019-12-11 04:36:04.325005|[g:1][CONSENSUS][PBFT]checkTimeout Succ,view=5623,toView=5624,nodeIdx=3,changeCycle=0,myNode=d0064285...,timecost=0.827
info|2019-12-11 04:36:04.331260|[g:1][CONSENSUS][PBFT]checkAndChangeView: Reach consensus,org_view=5623,org_changeCycle=0,cur_changeCycle=0,to_view=5624
info|2019-12-11 04:36:05.332622|[g:1][CONSENSUS]addRawPrepare,height=1,reqIdx=0,hash=fff092c7...
info|2019-12-11 04:36:05.333971|[g:1][CONSENSUS][PBFT]checkTimeout Succ,view=5624,toView=5625,nodeIdx=3,changeCycle=0,myNode=d0064285...,timecost=1.102
info|2019-12-11 04:36:05.339176|[g:1][CONSENSUS][PBFT]checkAndChangeView: Reach consensus,org_view=5624,org_changeCycle=0,cur_changeCycle=0,to_view=5625
info|2019-12-11 04:36:06.035973|[P2P][Service] heartBeat,connected count=3
info|2019-12-11 04:36:06.341134|[g:1][CONSENSUS]addRawPrepare,height=1,reqIdx=1,hash=d5f8602b...
info|2019-12-11 04:36:06.342234|[g:1][CONSENSUS][PBFT]checkTimeout Succ,view=5625,toView=5626,nodeIdx=3,changeCycle=0,myNode=d0064285...,timecost=0.765
info|2019-12-11 04:36:06.347845|[g:1][CONSENSUS][PBFT]checkAndChangeView: Reach consensus,org_view=5625,org_changeCycle=0,cur_changeCycle=0,to_view=5626
info|2019-12-11 04:36:07.348743|[g:1][CONSENSUS]addRawPrepare,height=1,reqIdx=2,hash=8e74880b...
info|2019-12-11 04:36:07.351394|[g:1][CONSENSUS][PBFT]checkTimeout Succ,view=5626,toView=5627,nodeIdx=3,changeCycle=0,myNode=d0064285...,timecost=2.225
info|2019-12-11 04:36:07.354282|[g:1][CONSENSUS][PBFT]checkAndChangeView: Reach consensus,org_view=5626,org_changeCycle=0,cur_changeCycle=0,to_view=5627
info|2019-12-11 04:36:08.354562|[g:1][CONSENSUS][SEALER]++++++++++++++++ Generating seal on,blkNum=1,tx=0,nodeIdx=3,hash=7d1a5121...
info|2019-12-11 04:36:08.355878|[g:1][CONSENSUS][PBFT]checkTimeout Succ,view=5627,toView=5628,nodeIdx=3,changeCycle=0,myNode=d0064285...,timecost=0.763
info|2019-12-11 04:36:08.361919|[g:1][CONSENSUS][PBFT]checkAndChangeView: Reach consensus,org_view=5627,org_changeCycle=0,cur_changeCycle=0,to_view=5628
info|2019-12-11 04:36:09.367070|[g:1][CONSENSUS]addRawPrepare,height=1,reqIdx=0,hash=2f6dd5a0...
info|2019-12-11 04:36:09.369471|[g:1][CONSENSUS][PBFT]checkTimeout Succ,view=5628,toView=5629,nodeIdx=3,changeCycle=0,myNode=d0064285...,timecost=2.155
info|2019-12-11 04:36:09.373361|[g:1][CONSENSUS][PBFT]checkAndChangeView: Reach consensus,org_view=5628,org_changeCycle=0,cur_changeCycle=0,to_view=5629
info|2019-12-11 04:36:10.374724|[g:1][CONSENSUS]addRawPrepare,height=1,reqIdx=1,hash=accafd18...
info|2019-12-11 04:36:10.377374|[g:1][CONSENSUS][PBFT]checkTimeout Succ,view=5629,toView=5630,nodeIdx=3,changeCycle=0,myNode=d0064285...,timecost=2.406
info|2019-12-11 04:36:10.380244|[g:1][CONSENSUS][PBFT]checkAndChangeView: Reach consensus,org_view=5629,org_changeCycle=0,cur_changeCycle=0,to_view=5630
info|2019-12-11 04:36:11.383152|[g:1][CONSENSUS]addRawPrepare,height=1,reqIdx=2,hash=ee414623...
info|2019-12-11 04:36:11.384904|[g:1][CONSENSUS][PBFT]checkTimeout Succ,view=5630,toView=5631,nodeIdx=3,changeCycle=0,myNode=d0064285...,timecost=1.583
info|2019-12-11 04:36:11.390474|[g:1][CONSENSUS][PBFT]checkAndChangeView: Reach consensus,org_view=5630,org_changeCycle=0,cur_changeCycle=0,to_view=5631
info|2019-12-11 04:36:12.390557|[g:1][CONSENSUS][SEALER]++++++++++++++++ Generating seal on,blkNum=1,tx=0,nodeIdx=3,hash=314d8f0d...
info|2019-12-11 04:36:12.397144|[g:1][CONSENSUS][PBFT]checkTimeout Succ,view=5631,toView=5632,nodeIdx=3,changeCycle=0,myNode=d0064285...,timecost=1.308
info|2019-12-11 04:36:12.398603|[g:1][CONSENSUS][PBFT]checkAndChangeView: Reach consensus,org_view=5631,org_changeCycle=0,cur_changeCycle=0,to_view=5632
info|2019-12-11 04:36:13.401956|[g:1][CONSENSUS]addRawPrepare,height=1,reqIdx=0,hash=e2954bf1...
info|2019-12-11 04:36:13.403884|[g:1][CONSENSUS][PBFT]checkTimeout Succ,view=5632,toView=5633,nodeIdx=3,changeCycle=0,myNode=d0064285...,timecost=1.683
info|2019-12-11 04:36:13.407081|[g:1][CONSENSUS][PBFT]checkAndChangeView: Reach consensus,org_view=5632,org_changeCycle=0,cur_changeCycle=0,to_view=5633
info|2019-12-11 04:36:14.409417|[g:1][CONSENSUS]addRawPrepare,height=1,reqIdx=1,hash=6b781b3b...
info|2019-12-11 04:36:14.410631|[g:1][CONSENSUS][PBFT]checkTimeout Succ,view=5633,toView=5634,nodeIdx=3,changeCycle=0,myNode=d0064285...,timecost=0.869
info|2019-12-11 04:36:14.414837|[g:1][CONSENSUS][PBFT]checkAndChangeView: Reach consensus,org_view=5633,org_changeCycle=0,cur_changeCycle=0,to_view=5634
info|2019-12-11 04:36:15.418464|[g:1][CONSENSUS]addRawPrepare,height=1,reqIdx=2,hash=0c03030b...
info|2019-12-11 04:36:15.419507|[g:1][CONSENSUS][PBFT]checkTimeout Succ,view=5634,toView=5635,nodeIdx=3,changeCycle=0,myNode=d0064285...,timecost=0.832
info|2019-12-11 04:36:15.422478|[g:1][CONSENSUS][PBFT]checkAndChangeView: Reach consensus,org_view=5634,org_changeCycle=0,cur_changeCycle=0,to_view=5635
info|2019-12-11 04:36:16.039718|[P2P][Service] heartBeat,connected count=3
info|2019-12-11 04:36:16.422731|[g:1][CONSENSUS][SEALER]++++++++++++++++ Generating seal on,blkNum=1,tx=0,nodeIdx=3,hash=c223a25a...
info|2019-12-11 04:36:16.427993|[g:1][CONSENSUS][PBFT]checkTimeout Succ,view=5635,toView=5636,nodeIdx=3,changeCycle=0,myNode=d0064285...,timecost=0.812
info|2019-12-11 04:36:16.430395|[g:1][CONSENSUS][PBFT]checkAndChangeView: Reach consensus,org_view=5635,org_changeCycle=0,cur_changeCycle=0,to_view=5636
info|2019-12-11 04:36:17.433936|[g:1][CONSENSUS]addRawPrepare,height=1,reqIdx=0,hash=938e622b...
info|2019-12-11 04:36:17.435487|[g:1][CONSENSUS][PBFT]checkTimeout Succ,view=5636,toView=5637,nodeIdx=3,changeCycle=0,myNode=d0064285...,timecost=1.183
info|2019-12-11 04:36:17.438062|[g:1][CONSENSUS][PBFT]checkAndChangeView: Reach consensus,org_view=5636,org_changeCycle=0,cur_changeCycle=0,to_view=5637
info|2019-12-11 04:36:18.440969|[g:1][CONSENSUS]addRawPrepare,height=1,reqIdx=1,hash=8f6f984a...
info|2019-12-11 04:36:18.442578|[g:1][CONSENSUS][PBFT]checkTimeout Succ,view=5637,toView=5638,nodeIdx=3,changeCycle=0,myNode=d0064285...,timecost=1.366
info|2019-12-11 04:36:18.447606|[g:1][CONSENSUS][PBFT]checkAndChangeView: Reach consensus,org_view=5637,org_changeCycle=0,cur_changeCycle=0,to_view=5638
info|2019-12-11 04:36:19.448950|[g:1][CONSENSUS]addRawPrepare,height=1,reqIdx=2,hash=213c6035...
info|2019-12-11 04:36:19.450340|[g:1][CONSENSUS][PBFT]checkTimeout Succ,view=5638,toView=5639,nodeIdx=3,changeCycle=0,myNode=d0064285...,timecost=1.149
info|2019-12-11 04:36:19.455376|[g:1][CONSENSUS][PBFT]checkAndChangeView: Reach consensus,org_view=5638,org_changeCycle=0,cur_changeCycle=0,to_view=5639
info|2019-12-11 04:36:20.455444|[g:1][CONSENSUS][SEALER]++++++++++++++++ Generating seal on,blkNum=1,tx=0,nodeIdx=3,hash=c690f0e0...
info|2019-12-11 04:36:20.456820|[g:1][CONSENSUS][PBFT]checkTimeout Succ,view=5639,toView=5640,nodeIdx=3,changeCycle=0,myNode=d0064285...,timecost=0.808
info|2019-12-11 04:36:20.462495|[g:1][CONSENSUS][PBFT]checkAndChangeView: Reach consensus,org_view=5639,org_changeCycle=0,cur_changeCycle=0,to_view=5640
info|2019-12-11 04:36:21.467033|[g:1][CONSENSUS]addRawPrepare,height=1,reqIdx=0,hash=39e67ddf...
info|2019-12-11 04:36:21.468278|[g:1][CONSENSUS][PBFT]checkTimeout Succ,view=5640,toView=5641,nodeIdx=3,changeCycle=0,myNode=d0064285...,timecost=1.008
info|2019-12-11 04:36:21.474113|[g:1][CONSENSUS][PBFT]checkAndChangeView: Reach consensus,org_view=5640,org_changeCycle=0,cur_changeCycle=0,to_view=5641
info|2019-12-11 04:36:22.474785|[g:1][CONSENSUS]addRawPrepare,height=1,reqIdx=1,hash=4b4bfa35...
info|2019-12-11 04:36:22.475841|[g:1][CONSENSUS][PBFT]checkTimeout Succ,view=5641,toView=5642,nodeIdx=3,changeCycle=0,myNode=d0064285...,timecost=0.811
info|2019-12-11 04:36:22.478479|[g:1][CONSENSUS][PBFT]checkAndChangeView: Reach consensus,org_view=5641,org_changeCycle=0,cur_changeCycle=0,to_view=5642
info|2019-12-11 04:36:23.484306|[g:1][CONSENSUS]addRawPrepare,height=1,reqIdx=2,hash=1869ec7d...
info|2019-12-11 04:36:23.485968|[g:1][CONSENSUS][PBFT]checkTimeout Succ,view=5642,toView=5643,nodeIdx=3,changeCycle=0,myNode=d0064285...,timecost=1.431
info|2019-12-11 04:36:23.488809|[g:1][CONSENSUS][PBFT]checkAndChangeView: Reach consensus,org_view=5642,org_changeCycle=0,cur_changeCycle=0,to_view=5643
info|2019-12-11 04:36:24.489021|[g:1][CONSENSUS][SEALER]++++++++++++++++ Generating seal on,blkNum=1,tx=0,nodeIdx=3,hash=82354b8e...
info|2019-12-11 04:36:24.496146|[g:1][CONSENSUS][PBFT]checkTimeout Succ,view=5643,toView=5644,nodeIdx=3,changeCycle=0,myNode=d0064285...,timecost=1.824
info|2019-12-11 04:36:24.497367|[g:1][CONSENSUS][PBFT]checkAndChangeView: Reach consensus,org_view=5643,org_changeCycle=0,cur_changeCycle=0,to_view=5644
info|2019-12-11 04:36:25.499060|[g:1][CONSENSUS]addRawPrepare,height=1,reqIdx=0,hash=3b8553ee...
info|2019-12-11 04:36:25.501421|[g:1][CONSENSUS][PBFT]checkTimeout Succ,view=5644,toView=5645,nodeIdx=3,changeCycle=0,myNode=d0064285...,timecost=2.103
info|2019-12-11 04:36:25.504427|[g:1][CONSENSUS][PBFT]checkAndChangeView: Reach consensus,org_view=5644,org_changeCycle=0,cur_changeCycle=0,to_view=5645
info|2019-12-11 04:36:26.044818|[P2P][Service] heartBeat,connected count=3
info|2019-12-11 04:36:26.507971|[g:1][CONSENSUS]addRawPrepare,height=1,reqIdx=1,hash=44772a3e...
info|2019-12-11 04:36:26.511729|[g:1][CONSENSUS][PBFT]checkTimeout Succ,view=5645,toView=5646,nodeIdx=3,changeCycle=0,myNode=d0064285...,timecost=3.476
info|2019-12-11 04:36:26.515100|[g:1][CONSENSUS][PBFT]checkAndChangeView: Reach consensus,org_view=5645,org_changeCycle=0,cur_changeCycle=0,to_view=5646
info|2019-12-11 04:36:27.515001|[g:1][CONSENSUS]addRawPrepare,height=1,reqIdx=2,hash=f331d423...
info|2019-12-11 04:36:27.516249|[g:1][CONSENSUS][PBFT]checkTimeout Succ,view=5646,toView=5647,nodeIdx=3,changeCycle=0,myNode=d0064285...,timecost=1.013
info|2019-12-11 04:36:27.520091|[g:1][CONSENSUS][PBFT]checkAndChangeView: Reach consensus,org_view=5646,org_changeCycle=0,cur_changeCycle=0,to_view=5647
info|2019-12-11 04:36:28.520625|[g:1][CONSENSUS][SEALER]++++++++++++++++ Generating seal on,blkNum=1,tx=0,nodeIdx=3,hash=5413dcc2...
info|2019-12-11 04:36:28.522141|[g:1][CONSENSUS][PBFT]checkTimeout Succ,view=5647,toView=5648,nodeIdx=3,changeCycle=0,myNode=d0064285...,timecost=0.934
info|2019-12-11 04:36:28.528753|[g:1][CONSENSUS][PBFT]checkAndChangeView: Reach consensus,org_view=5647,org_changeCycle=0,cur_changeCycle=0,to_view=5648
info|2019-12-11 04:36:29.529095|[g:1][CONSENSUS]addRawPrepare,height=1,reqIdx=0,hash=282f3ede...
info|2019-12-11 04:36:29.530553|[g:1][CONSENSUS][PBFT]checkTimeout Succ,view=5648,toView=5649,nodeIdx=3,changeCycle=0,myNode=d0064285...,timecost=1.203
info|2019-12-11 04:36:29.534857|[g:1][CONSENSUS][PBFT]checkAndChangeView: Reach consensus,org_view=5648,org_changeCycle=0,cur_changeCycle=0,to_view=5649
info|2019-12-11 04:36:30.537279|[g:1][CONSENSUS]addRawPrepare,height=1,reqIdx=1,hash=7a341dce...
info|2019-12-11 04:36:30.538916|[g:1][CONSENSUS][PBFT]checkTimeout Succ,view=5649,toView=5650,nodeIdx=3,changeCycle=0,myNode=d0064285...,timecost=1.089
info|2019-12-11 04:36:30.541495|[g:1][CONSENSUS][PBFT]checkAndChangeView: Reach consensus,org_view=5649,org_changeCycle=0,cur_changeCycle=0,to_view=5650
info|2019-12-11 04:36:31.543958|[g:1][CONSENSUS]addRawPrepare,height=1,reqIdx=2,hash=549e4e01...
info|2019-12-11 04:36:31.544997|[g:1][CONSENSUS][PBFT]checkTimeout Succ,view=5650,toView=5651,nodeIdx=3,changeCycle=0,myNode=d0064285...,timecost=0.795
info|2019-12-11 04:36:31.547923|[g:1][CONSENSUS][PBFT]checkAndChangeView: Reach consensus,org_view=5650,org_changeCycle=0,cur_changeCycle=0,to_view=5651
info|2019-12-11 04:36:32.548369|[g:1][CONSENSUS][SEALER]++++++++++++++++ Generating seal on,blkNum=1,tx=0,nodeIdx=3,hash=77f3f9c2...
info|2019-12-11 04:36:32.553415|[g:1][CONSENSUS][PBFT]checkTimeout Succ,view=5651,toView=5652,nodeIdx=3,changeCycle=0,myNode=d0064285...,timecost=0.8
info|2019-12-11 04:36:32.556225|[g:1][CONSENSUS][PBFT]checkAndChangeView: Reach consensus,org_view=5651,org_changeCycle=0,cur_changeCycle=0,to_view=5652
info|2019-12-11 04:36:33.557478|[g:1][CONSENSUS]addRawPrepare,height=1,reqIdx=0,hash=46a6f5a2...
info|2019-12-11 04:36:33.558593|[g:1][CONSENSUS][PBFT]checkTimeout Succ,view=5652,toView=5653,nodeIdx=3,changeCycle=0,myNode=d0064285...,timecost=0.809
info|2019-12-11 04:36:33.561592|[g:1][CONSENSUS][PBFT]checkAndChangeView: Reach consensus,org_view=5652,org_changeCycle=0,cur_changeCycle=0,to_view=5653
info|2019-12-11 04:36:34.566683|[g:1][CONSENSUS]addRawPrepare,height=1,reqIdx=1,hash=87269baa...
info|2019-12-11 04:36:34.568890|[g:1][CONSENSUS][PBFT]checkTimeout Succ,view=5653,toView=5654,nodeIdx=3,changeCycle=0,myNode=d0064285...,timecost=1.958
info|2019-12-11 04:36:34.571697|[g:1][CONSENSUS][PBFT]checkAndChangeView: Reach consensus,org_view=5653,org_changeCycle=0,cur_changeCycle=0,to_view=5654
info|2019-12-11 04:36:35.573542|[g:1][CONSENSUS]addRawPrepare,height=1,reqIdx=2,hash=78428d48...
info|2019-12-11 04:36:35.574544|[g:1][CONSENSUS][PBFT]checkTimeout Succ,view=5654,toView=5655,nodeIdx=3,changeCycle=0,myNode=d0064285...,timecost=0.789
info|2019-12-11 04:36:35.580567|[g:1][CONSENSUS][PBFT]checkAndChangeView: Reach consensus,org_view=5654,org_changeCycle=0,cur_changeCycle=0,to_view=5655
info|2019-12-11 04:36:36.053853|[P2P][Service] heartBeat,connected count=3
info|2019-12-11 04:36:36.580631|[g:1][CONSENSUS][SEALER]++++++++++++++++ Generating seal on,blkNum=1,tx=0,nodeIdx=3,hash=46a2532a...
info|2019-12-11 04:36:36.586148|[g:1][CONSENSUS][PBFT]checkTimeout Succ,view=5655,toView=5656,nodeIdx=3,changeCycle=0,myNode=d0064285...,timecost=0.783
info|2019-12-11 04:36:36.589925|[g:1][CONSENSUS][PBFT]checkAndChangeView: Reach consensus,org_view=5655,org_changeCycle=0,cur_changeCycle=0,to_view=5656
info|2019-12-11 04:36:37.592725|[g:1][CONSENSUS]addRawPrepare,height=1,reqIdx=0,hash=70c419e1...
info|2019-12-11 04:36:37.593952|[g:1][CONSENSUS][PBFT]checkTimeout Succ,view=5656,toView=5657,nodeIdx=3,changeCycle=0,myNode=d0064285...,timecost=0.983
info|2019-12-11 04:36:37.599402|[g:1][CONSENSUS][PBFT]checkAndChangeView: Reach consensus,org_view=5656,org_changeCycle=0,cur_changeCycle=0,to_view=5657
info|2019-12-11 04:36:38.598733|[g:1][CONSENSUS]addRawPrepare,height=1,reqIdx=1,hash=64faa092...
info|2019-12-11 04:36:38.599808|[g:1][CONSENSUS][PBFT]checkTimeout Succ,view=5657,toView=5658,nodeIdx=3,changeCycle=0,myNode=d0064285...,timecost=0.868
info|2019-12-11 04:36:38.603832|[g:1][CONSENSUS][PBFT]checkAndChangeView: Reach consensus,org_view=5657,org_changeCycle=0,cur_changeCycle=0,to_view=5658
info|2019-12-11 04:36:39.605658|[g:1][CONSENSUS]addRawPrepare,height=1,reqIdx=2,hash=4ec6040b...
info|2019-12-11 04:36:39.606939|[g:1][CONSENSUS][PBFT]checkTimeout Succ,view=5658,toView=5659,nodeIdx=3,changeCycle=0,myNode=d0064285...,timecost=0.979
info|2019-12-11 04:36:39.609482|[g:1][CONSENSUS][PBFT]checkAndChangeView: Reach consensus,org_view=5658,org_changeCycle=0,cur_changeCycle=0,to_view=5659
info|2019-12-11 04:36:40.609853|[g:1][CONSENSUS][SEALER]++++++++++++++++ Generating seal on,blkNum=1,tx=0,nodeIdx=3,hash=06deb658...
info|2019-12-11 04:36:40.616190|[g:1][CONSENSUS][PBFT]checkTimeout Succ,view=5659,toView=5660,nodeIdx=3,changeCycle=0,myNode=d0064285...,timecost=0.768
info|2019-12-11 04:36:40.617555|[g:1][CONSENSUS][PBFT]checkAndChangeView: Reach consensus,org_view=5659,org_changeCycle=0,cur_changeCycle=0,to_view=5660
info|2019-12-11 04:36:41.620854|[g:1][CONSENSUS]addRawPrepare,height=1,reqIdx=0,hash=bec2e7bf...
info|2019-12-11 04:36:41.622088|[g:1][CONSENSUS][PBFT]checkTimeout Succ,view=5660,toView=5661,nodeIdx=3,changeCycle=0,myNode=d0064285...,timecost=0.943
info|2019-12-11 04:36:41.627738|[g:1][CONSENSUS][PBFT]checkAndChangeView: Reach consensus,org_view=5660,org_changeCycle=0,cur_changeCycle=0,to_view=5661
info|2019-12-11 04:36:42.629761|[g:1][CONSENSUS]addRawPrepare,height=1,reqIdx=1,hash=58a36ccc...
info|2019-12-11 04:36:42.630970|[g:1][CONSENSUS][PBFT]checkTimeout Succ,view=5661,toView=5662,nodeIdx=3,changeCycle=0,myNode=d0064285...,timecost=0.962
info|2019-12-11 04:36:42.633862|[g:1][CONSENSUS][PBFT]checkAndChangeView: Reach consensus,org_view=5661,org_changeCycle=0,cur_changeCycle=0,to_view=5662
info|2019-12-11 04:36:43.637662|[g:1][CONSENSUS]addRawPrepare,height=1,reqIdx=2,hash=6ac1cb86...
info|2019-12-11 04:36:43.638855|[g:1][CONSENSUS][PBFT]checkTimeout Succ,view=5662,toView=5663,nodeIdx=3,changeCycle=0,myNode=d0064285...,timecost=0.812
info|2019-12-11 04:36:43.643514|[g:1][CONSENSUS][PBFT]checkAndChangeView: Reach consensus,org_view=5662,org_changeCycle=0,cur_changeCycle=0,to_view=5663
info|2019-12-11 04:36:44.644246|[g:1][CONSENSUS][SEALER]++++++++++++++++ Generating seal on,blkNum=1,tx=0,nodeIdx=3,hash=6b5e3b05...
info|2019-12-11 04:36:44.645610|[g:1][CONSENSUS][PBFT]checkTimeout Succ,view=5663,toView=5664,nodeIdx=3,changeCycle=0,myNode=d0064285...,timecost=0.839
info|2019-12-11 04:36:44.651567|[g:1][CONSENSUS][PBFT]checkAndChangeView: Reach consensus,org_view=5663,org_changeCycle=0,cur_changeCycle=0,to_view=5664
info|2019-12-11 04:36:45.653290|[g:1][CONSENSUS]addRawPrepare,height=1,reqIdx=0,hash=e6997879...
info|2019-12-11 04:36:45.654409|[g:1][CONSENSUS][PBFT]checkTimeout Succ,view=5664,toView=5665,nodeIdx=3,changeCycle=0,myNode=d0064285...,timecost=0.88
info|2019-12-11 04:36:45.657100|[g:1][CONSENSUS][PBFT]checkAndChangeView: Reach consensus,org_view=5664,org_changeCycle=0,cur_changeCycle=0,to_view=5665
info|2019-12-11 04:36:46.058223|[P2P][Service] heartBeat,connected count=3
info|2019-12-11 04:36:46.660207|[g:1][CONSENSUS]addRawPrepare,height=1,reqIdx=1,hash=9093b4c4...
info|2019-12-11 04:36:46.663568|[g:1][CONSENSUS][PBFT]checkTimeout Succ,view=5665,toView=5666,nodeIdx=3,changeCycle=0,myNode=d0064285...,timecost=3.099
info|2019-12-11 04:36:46.667363|[g:1][CONSENSUS][PBFT]checkAndChangeView: Reach consensus,org_view=5665,org_changeCycle=0,cur_changeCycle=0,to_view=5666
info|2019-12-11 04:36:47.668909|[g:1][CONSENSUS]addRawPrepare,height=1,reqIdx=2,hash=6dc17192...
info|2019-12-11 04:36:47.669923|[g:1][CONSENSUS][PBFT]checkTimeout Succ,view=5666,toView=5667,nodeIdx=3,changeCycle=0,myNode=d0064285...,timecost=0.771
info|2019-12-11 04:36:47.674991|[g:1][CONSENSUS][PBFT]checkAndChangeView: Reach consensus,org_view=5666,org_changeCycle=0,cur_changeCycle=0,to_view=5667
info|2019-12-11 04:36:48.675736|[g:1][CONSENSUS][SEALER]++++++++++++++++ Generating seal on,blkNum=1,tx=0,nodeIdx=3,hash=e1eeb57f...
info|2019-12-11 04:36:48.682155|[g:1][CONSENSUS][PBFT]checkTimeout Succ,view=5667,toView=5668,nodeIdx=3,changeCycle=0,myNode=d0064285...,timecost=0.981
info|2019-12-11 04:36:48.683500|[g:1][CONSENSUS][PBFT]checkAndChangeView: Reach consensus,org_view=5667,org_changeCycle=0,cur_changeCycle=0,to_view=5668
info|2019-12-11 04:36:49.684575|[g:1][CONSENSUS]addRawPrepare,height=1,reqIdx=0,hash=30ca156a...
info|2019-12-11 04:36:49.686530|[g:1][CONSENSUS][PBFT]checkTimeout Succ,view=5668,toView=5669,nodeIdx=3,changeCycle=0,myNode=d0064285...,timecost=1.578
info|2019-12-11 04:36:49.689490|[g:1][CONSENSUS][PBFT]checkAndChangeView: Reach consensus,org_view=5668,org_changeCycle=0,cur_changeCycle=0,to_view=5669
info|2019-12-11 04:36:50.692233|[g:1][CONSENSUS]addRawPrepare,height=1,reqIdx=1,hash=c33a7276...
info|2019-12-11 04:36:50.694429|[g:1][CONSENSUS][PBFT]checkTimeout Succ,view=5669,toView=5670,nodeIdx=3,changeCycle=0,myNode=d0064285...,timecost=1.947
info|2019-12-11 04:36:50.697572|[g:1][CONSENSUS][PBFT]checkAndChangeView: Reach consensus,org_view=5669,org_changeCycle=0,cur_changeCycle=0,to_view=5670
info|2019-12-11 04:36:51.701610|[g:1][CONSENSUS]addRawPrepare,height=1,reqIdx=2,hash=3e2a3e4d...
info|2019-12-11 04:36:51.704352|[g:1][CONSENSUS][PBFT]checkTimeout Succ,view=5670,toView=5671,nodeIdx=3,changeCycle=0,myNode=d0064285...,timecost=2.378
info|2019-12-11 04:36:51.708626|[g:1][CONSENSUS][PBFT]checkAndChangeView: Reach consensus,org_view=5670,org_changeCycle=0,cur_changeCycle=0,to_view=5671
info|2019-12-11 04:36:52.708565|[g:1][CONSENSUS][SEALER]++++++++++++++++ Generating seal on,blkNum=1,tx=0,nodeIdx=3,hash=1705df89...
info|2019-12-11 04:36:52.709678|[g:1][CONSENSUS][PBFT]checkTimeout Succ,view=5671,toView=5672,nodeIdx=3,changeCycle=0,myNode=d0064285...,timecost=0.679
info|2019-12-11 04:36:52.714279|[g:1][CONSENSUS][PBFT]checkAndChangeView: Reach consensus,org_view=5671,org_changeCycle=0,cur_changeCycle=0,to_view=5672
info|2019-12-11 04:36:53.715919|[g:1][CONSENSUS]addRawPrepare,height=1,reqIdx=0,hash=b09900d6...
info|2019-12-11 04:36:53.716909|[g:1][CONSENSUS][PBFT]checkTimeout Succ,view=5672,toView=5673,nodeIdx=3,changeCycle=0,myNode=d0064285...,timecost=0.85
info|2019-12-11 04:36:53.722726|[g:1][CONSENSUS][PBFT]checkAndChangeView: Reach consensus,org_view=5672,org_changeCycle=0,cur_changeCycle=0,to_view=5673
info|2019-12-11 04:36:54.726206|[g:1][CONSENSUS]addRawPrepare,height=1,reqIdx=1,hash=b9cb2e4b...
info|2019-12-11 04:36:54.729401|[g:1][CONSENSUS][PBFT]checkTimeout Succ,view=5673,toView=5674,nodeIdx=3,changeCycle=0,myNode=d0064285...,timecost=2.933
info|2019-12-11 04:36:54.732134|[g:1][CONSENSUS][PBFT]checkAndChangeView: Reach consensus,org_view=5673,org_changeCycle=0,cur_changeCycle=0,to_view=5674
info|2019-12-11 04:36:55.734161|[g:1][CONSENSUS]addRawPrepare,height=1,reqIdx=2,hash=f9399377...
info|2019-12-11 04:36:55.736438|[g:1][CONSENSUS][PBFT]checkTimeout Succ,view=5674,toView=5675,nodeIdx=3,changeCycle=0,myNode=d0064285...,timecost=1.999
info|2019-12-11 04:36:55.739901|[g:1][CONSENSUS][PBFT]checkAndChangeView: Reach consensus,org_view=5674,org_changeCycle=0,cur_changeCycle=0,to_view=5675
info|2019-12-11 04:36:56.066156|[P2P][Service] heartBeat,connected count=3
info|2019-12-11 04:36:56.739855|[g:1][CONSENSUS][SEALER]++++++++++++++++ Generating seal on,blkNum=1,tx=0,nodeIdx=3,hash=7640ac73...
info|2019-12-11 04:36:56.744917|[g:1][CONSENSUS][PBFT]checkTimeout Succ,view=5675,toView=5676,nodeIdx=3,changeCycle=0,myNode=d0064285...,timecost=0.724
info|2019-12-11 04:36:56.748209|[g:1][CONSENSUS][PBFT]checkAndChangeView: Reach consensus,org_view=5675,org_changeCycle=0,cur_changeCycle=0,to_view=5676
info|2019-12-11 04:36:57.750666|[g:1][CONSENSUS]addRawPrepare,height=1,reqIdx=0,hash=55d2ef6d...
info|2019-12-11 04:36:57.751782|[g:1][CONSENSUS][PBFT]checkTimeout Succ,view=5676,toView=5677,nodeIdx=3,changeCycle=0,myNode=d0064285...,timecost=0.858
info|2019-12-11 04:36:57.756745|[g:1][CONSENSUS][PBFT]checkAndChangeView: Reach consensus,org_view=5676,org_changeCycle=0,cur_changeCycle=0,to_view=5677
