warning|2019-12-11 02:34:38.018171|[g:1][CONSENSUS][PBFT]ViewChangeWarning: not caused by omit empty block ,v=5518,toV=5519,curNum=0,hash=382ff964...,nodeIdx=3,myNode=d0064285...
info|2019-12-11 02:34:38.021423|[g:1][CONSENSUS][PBFT]checkTimeout Succ,view=5518,toView=5519,nodeIdx=3,changeCycle=1,myNode=d0064285...,timecost=17.588
info|2019-12-11 02:34:38.021610|[P2P][Service] heartBeat,connected count=3
info|2019-12-11 02:34:38.024034|[g:1][CONSENSUS][PBFT]checkAndChangeView: Reach consensus,org_view=5518,org_changeCycle=1,cur_changeCycle=1,to_view=5519
info|2019-12-11 02:34:39.024227|[g:1][CONSENSUS][SEALER]++++++++++++++++ Generating seal on,blkNum=1,tx=0,nodeIdx=3,hash=3a4d3217...
info|2019-12-11 02:34:39.025210|[g:1][CONSENSUS][PBFT]checkTimeout Succ,view=5519,toView=5520,nodeIdx=3,changeCycle=0,myNode=d0064285...,timecost=0.522
info|2019-12-11 02:34:39.028994|[g:1][CONSENSUS][PBFT]checkAndChangeView: Reach consensus,org_view=5519,org_changeCycle=0,cur_changeCycle=0,to_view=5520
info|2019-12-11 02:34:40.032652|[g:1][CONSENSUS]addRawPrepare,height=1,reqIdx=0,hash=91913cd7...
info|2019-12-11 02:34:40.036295|[g:1][CONSENSUS][PBFT]checkTimeout Succ,view=5520,toView=5521,nodeIdx=3,changeCycle=0,myNode=d0064285...,timecost=3.139
info|2019-12-11 02:34:40.037243|[g:1][CONSENSUS][PBFT]checkAndChangeView: Reach consensus,org_view=5520,org_changeCycle=0,cur_changeCycle=0,to_view=5521
info|2019-12-11 02:34:41.036726|[g:1][CONSENSUS]addRawPrepare,height=1,reqIdx=1,hash=0df805de...
info|2019-12-11 02:34:41.037255|[g:1][CONSENSUS][PBFT]checkTimeout Succ,view=5521,toView=5522,nodeIdx=3,changeCycle=0,myNode=d0064285...,timecost=0.405
info|2019-12-11 02:34:41.039254|[g:1][CONSENSUS][PBFT]checkAndChangeView: Reach consensus,org_view=5521,org_changeCycle=0,cur_changeCycle=0,to_view=5522
info|2019-12-11 02:34:42.042867|[g:1][CONSENSUS]addRawPrepare,height=1,reqIdx=2,hash=9545ab23...
info|2019-12-11 02:34:42.044766|[g:1][CONSENSUS][PBFT]checkTimeout Succ,view=5522,toView=5523,nodeIdx=3,changeCycle=0,myNode=d0064285...,timecost=1.583
info|2019-12-11 02:34:42.047771|[g:1][CONSENSUS][PBFT]checkAndChangeView: Reach consensus,org_view=5522,org_changeCycle=0,cur_changeCycle=0,to_view=5523
info|2019-12-11 02:34:43.048095|[g:1][CONSENSUS][SEALER]++++++++++++++++ Generating seal on,blkNum=1,tx=0,nodeIdx=3,hash=6c738e1a...
info|2019-12-11 02:34:43.052155|[g:1][CONSENSUS][PBFT]checkTimeout Succ,view=5523,toView=5524,nodeIdx=3,changeCycle=0,myNode=d0064285...,timecost=0.435
info|2019-12-11 02:34:43.052907|[g:1][CONSENSUS][PBFT]checkAndChangeView: Reach consensus,org_view=5523,org_changeCycle=0,cur_changeCycle=0,to_view=5524
info|2019-12-11 02:34:44.057236|[g:1][CONSENSUS]addRawPrepare,height=1,reqIdx=0,hash=2e7ecd4c...
info|2019-12-11 02:34:44.058242|[g:1][CONSENSUS][PBFT]checkTimeout Succ,view=5524,toView=5525,nodeIdx=3,changeCycle=0,myNode=d0064285...,timecost=0.764
info|2019-12-11 02:34:44.061926|[g:1][CONSENSUS][PBFT]checkAndChangeView: Reach consensus,org_view=5524,org_changeCycle=0,cur_changeCycle=0,to_view=5525
info|2019-12-11 02:34:45.063907|[g:1][CONSENSUS]addRawPrepare,height=1,reqIdx=1,hash=398cc2c3...
info|2019-12-11 02:34:45.065144|[g:1][CONSENSUS][PBFT]checkTimeout Succ,view=5525,toView=5526,nodeIdx=3,changeCycle=0,myNode=d0064285...,timecost=0.962
info|2019-12-11 02:34:45.067708|[g:1][CONSENSUS][PBFT]checkAndChangeView: Reach consensus,org_view=5525,org_changeCycle=0,cur_changeCycle=0,to_view=5526
info|2019-12-11 02:34:46.070403|[g:1][CONSENSUS]addRawPrepare,height=1,reqIdx=2,hash=c69fb809...
info|2019-12-11 02:34:46.071711|[g:1][CONSENSUS][PBFT]checkTimeout Succ,view=5526,toView=5527,nodeIdx=3,changeCycle=0,myNode=d0064285...,timecost=1.135
info|2019-12-11 02:34:46.074281|[g:1][CONSENSUS][PBFT]checkAndChangeView: Reach consensus,org_view=5526,org_changeCycle=0,cur_changeCycle=0,to_view=5527
info|2019-12-11 02:34:47.074660|[g:1][CONSENSUS][SEALER]++++++++++++++++ Generating seal on,blkNum=1,tx=0,nodeIdx=3,hash=9e4fffe7...
info|2019-12-11 02:34:47.080514|[g:1][CONSENSUS][PBFT]checkTimeout Succ,view=5527,toView=5528,nodeIdx=3,changeCycle=0,myNode=d0064285...,timecost=0.862
info|2019-12-11 02:34:47.081760|[g:1][CONSENSUS][PBFT]checkAndChangeView: Reach consensus,org_view=5527,org_changeCycle=0,cur_changeCycle=0,to_view=5528
info|2019-12-11 02:34:48.022861|[P2P][Service] heartBeat,connected count=3
info|2019-12-11 02:34:48.084664|[g:1][CONSENSUS]addRawPrepare,height=1,reqIdx=0,hash=ef5fe5a1...
info|2019-12-11 02:34:48.091000|[g:1][CONSENSUS][PBFT]checkTimeout Succ,view=5528,toView=5529,nodeIdx=3,changeCycle=0,myNode=d0064285...,timecost=6.074
info|2019-12-11 02:34:48.092475|[g:1][CONSENSUS][PBFT]checkAndChangeView: Reach consensus,org_view=5528,org_changeCycle=0,cur_changeCycle=0,to_view=5529
info|2019-12-11 02:34:49.092861|[g:1][CONSENSUS]addRawPrepare,height=1,reqIdx=1,hash=5eb24cdf...
info|2019-12-11 02:34:49.094127|[g:1][CONSENSUS][PBFT]checkTimeout Succ,view=5529,toView=5530,nodeIdx=3,changeCycle=0,myNode=d0064285...,timecost=0.793
info|2019-12-11 02:34:49.096809|[g:1][CONSENSUS][PBFT]checkAndChangeView: Reach consensus,org_view=5529,org_changeCycle=0,cur_changeCycle=0,to_view=5530
info|2019-12-11 02:34:50.101686|[g:1][CONSENSUS]addRawPrepare,height=1,reqIdx=2,hash=bc15db1d...
info|2019-12-11 02:34:50.103408|[g:1][CONSENSUS][PBFT]checkTimeout Succ,view=5530,toView=5531,nodeIdx=3,changeCycle=0,myNode=d0064285...,timecost=1.485
info|2019-12-11 02:34:50.106077|[g:1][CONSENSUS][PBFT]checkAndChangeView: Reach consensus,org_view=5530,org_changeCycle=0,cur_changeCycle=0,to_view=5531
info|2019-12-11 02:34:51.106453|[g:1][CONSENSUS][SEALER]++++++++++++++++ Generating seal on,blkNum=1,tx=0,nodeIdx=3,hash=764e77d9...
info|2019-12-11 02:34:51.107801|[g:1][CONSENSUS][PBFT]checkTimeout Succ,view=5531,toView=5532,nodeIdx=3,changeCycle=0,myNode=d0064285...,timecost=0.817
info|2019-12-11 02:34:51.113476|[g:1][CONSENSUS][PBFT]checkAndChangeView: Reach consensus,org_view=5531,org_changeCycle=0,cur_changeCycle=0,to_view=5532
info|2019-12-11 02:34:52.118492|[g:1][CONSENSUS]addRawPrepare,height=1,reqIdx=0,hash=a7daa532...
info|2019-12-11 02:34:52.119609|[g:1][CONSENSUS][PBFT]checkTimeout Succ,view=5532,toView=5533,nodeIdx=3,changeCycle=0,myNode=d0064285...,timecost=0.882
info|2019-12-11 02:34:52.123355|[g:1][CONSENSUS][PBFT]checkAndChangeView: Reach consensus,org_view=5532,org_changeCycle=0,cur_changeCycle=0,to_view=5533
info|2019-12-11 02:34:53.127103|[g:1][CONSENSUS]addRawPrepare,height=1,reqIdx=1,hash=f3663237...
info|2019-12-11 02:34:53.128267|[g:1][CONSENSUS][PBFT]checkTimeout Succ,view=5533,toView=5534,nodeIdx=3,changeCycle=0,myNode=d0064285...,timecost=0.914
info|2019-12-11 02:34:53.132622|[g:1][CONSENSUS][PBFT]checkAndChangeView: Reach consensus,org_view=5533,org_changeCycle=0,cur_changeCycle=0,to_view=5534
info|2019-12-11 02:34:54.136259|[g:1][CONSENSUS]addRawPrepare,height=1,reqIdx=2,hash=8cb4176b...
info|2019-12-11 02:34:54.137276|[g:1][CONSENSUS][PBFT]checkTimeout Succ,view=5534,toView=5535,nodeIdx=3,changeCycle=0,myNode=d0064285...,timecost=0.805
info|2019-12-11 02:34:54.142857|[g:1][CONSENSUS][PBFT]checkAndChangeView: Reach consensus,org_view=5534,org_changeCycle=0,cur_changeCycle=0,to_view=5535
info|2019-12-11 02:34:55.142500|[g:1][CONSENSUS][SEALER]++++++++++++++++ Generating seal on,blkNum=1,tx=0,nodeIdx=3,hash=e6ac77c2...
info|2019-12-11 02:34:55.144157|[g:1][CONSENSUS][PBFT]checkTimeout Succ,view=5535,toView=5536,nodeIdx=3,changeCycle=0,myNode=d0064285...,timecost=1.106
info|2019-12-11 02:34:55.148990|[g:1][CONSENSUS][PBFT]checkAndChangeView: Reach consensus,org_view=5535,org_changeCycle=0,cur_changeCycle=0,to_view=5536
info|2019-12-11 02:34:56.152018|[g:1][CONSENSUS]addRawPrepare,height=1,reqIdx=0,hash=1c1a02d6...
info|2019-12-11 02:34:56.153487|[g:1][CONSENSUS][PBFT]checkTimeout Succ,view=5536,toView=5537,nodeIdx=3,changeCycle=0,myNode=d0064285...,timecost=1.209
info|2019-12-11 02:34:56.158409|[g:1][CONSENSUS][PBFT]checkAndChangeView: Reach consensus,org_view=5536,org_changeCycle=0,cur_changeCycle=0,to_view=5537
info|2019-12-11 02:34:57.158568|[g:1][CONSENSUS]addRawPrepare,height=1,reqIdx=1,hash=53a359d2...
info|2019-12-11 02:34:57.161043|[g:1][CONSENSUS][PBFT]checkTimeout Succ,view=5537,toView=5538,nodeIdx=3,changeCycle=0,myNode=d0064285...,timecost=1.905
info|2019-12-11 02:34:57.163592|[g:1][CONSENSUS][PBFT]checkAndChangeView: Reach consensus,org_view=5537,org_changeCycle=0,cur_changeCycle=0,to_view=5538
info|2019-12-11 02:34:58.028858|[P2P][Service] heartBeat,connected count=3
info|2019-12-11 02:34:58.167784|[g:1][CONSENSUS]addRawPrepare,height=1,reqIdx=2,hash=7f344dcf...
info|2019-12-11 02:34:58.170575|[g:1][CONSENSUS][PBFT]checkTimeout Succ,view=5538,toView=5539,nodeIdx=3,changeCycle=0,myNode=d0064285...,timecost=2.559
info|2019-12-11 02:34:58.174082|[g:1][CONSENSUS][PBFT]checkAndChangeView: Reach consensus,org_view=5538,org_changeCycle=0,cur_changeCycle=0,to_view=5539
info|2019-12-11 02:34:59.175343|[g:1][CONSENSUS][SEALER]++++++++++++++++ Generating seal on,blkNum=1,tx=0,nodeIdx=3,hash=ae6b70bf...
info|2019-12-11 02:34:59.180166|[g:1][CONSENSUS][PBFT]checkTimeout Succ,view=5539,toView=5540,nodeIdx=3,changeCycle=0,myNode=d0064285...,timecost=0.723
info|2019-12-11 02:34:59.180961|[g:1][CONSENSUS][PBFT]checkAndChangeView: Reach consensus,org_view=5539,org_changeCycle=0,cur_changeCycle=0,to_view=5540
info|2019-12-11 02:35:00.183188|[g:1][CONSENSUS]addRawPrepare,height=1,reqIdx=0,hash=3badf89a...
info|2019-12-11 02:35:00.184980|[g:1][CONSENSUS][PBFT]checkTimeout Succ,view=5540,toView=5541,nodeIdx=3,changeCycle=0,myNode=d0064285...,timecost=1.529
info|2019-12-11 02:35:00.187895|[g:1][CONSENSUS][PBFT]checkAndChangeView: Reach consensus,org_view=5540,org_changeCycle=0,cur_changeCycle=0,to_view=5541
info|2019-12-11 02:35:01.191964|[g:1][CONSENSUS]addRawPrepare,height=1,reqIdx=1,hash=9b610e75...
info|2019-12-11 02:35:01.194394|[g:1][CONSENSUS][PBFT]checkTimeout Succ,view=5541,toView=5542,nodeIdx=3,changeCycle=0,myNode=d0064285...,timecost=2.08
info|2019-12-11 02:35:01.197001|[g:1][CONSENSUS][PBFT]checkAndChangeView: Reach consensus,org_view=5541,org_changeCycle=0,cur_changeCycle=0,to_view=5542
info|2019-12-11 02:35:02.200482|[g:1][CONSENSUS]addRawPrepare,height=1,reqIdx=2,hash=1425c517...
info|2019-12-11 02:35:02.201610|[g:1][CONSENSUS][PBFT]checkTimeout Succ,view=5542,toView=5543,nodeIdx=3,changeCycle=0,myNode=d0064285...,timecost=0.834
info|2019-12-11 02:35:02.204513|[g:1][CONSENSUS][PBFT]checkAndChangeView: Reach consensus,org_view=5542,org_changeCycle=0,cur_changeCycle=0,to_view=5543
info|2019-12-11 02:35:03.204256|[g:1][CONSENSUS][SEALER]++++++++++++++++ Generating seal on,blkNum=1,tx=0,nodeIdx=3,hash=d5cb1ceb...
info|2019-12-11 02:35:03.209468|[g:1][CONSENSUS][PBFT]checkTimeout Succ,view=5543,toView=5544,nodeIdx=3,changeCycle=0,myNode=d0064285...,timecost=0.782
info|2019-12-11 02:35:03.212144|[g:1][CONSENSUS][PBFT]checkAndChangeView: Reach consensus,org_view=5543,org_changeCycle=0,cur_changeCycle=0,to_view=5544
info|2019-12-11 02:35:04.217090|[g:1][CONSENSUS]addRawPrepare,height=1,reqIdx=0,hash=e8d54f61...
info|2019-12-11 02:35:04.218946|[g:1][CONSENSUS][PBFT]checkTimeout Succ,view=5544,toView=5545,nodeIdx=3,changeCycle=0,myNode=d0064285...,timecost=1.516
info|2019-12-11 02:35:04.220786|[g:1][CONSENSUS][PBFT]checkAndChangeView: Reach consensus,org_view=5544,org_changeCycle=0,cur_changeCycle=0,to_view=5545
info|2019-12-11 02:35:05.223196|[g:1][CONSENSUS]addRawPrepare,height=1,reqIdx=1,hash=23a285e3...
info|2019-12-11 02:35:05.224191|[g:1][CONSENSUS][PBFT]checkTimeout Succ,view=5545,toView=5546,nodeIdx=3,changeCycle=0,myNode=d0064285...,timecost=0.785
info|2019-12-11 02:35:05.228870|[g:1][CONSENSUS][PBFT]checkAndChangeView: Reach consensus,org_view=5545,org_changeCycle=0,cur_changeCycle=0,to_view=5546
info|2019-12-11 02:35:06.231298|[g:1][CONSENSUS]addRawPrepare,height=1,reqIdx=2,hash=d3007ff2...
info|2019-12-11 02:35:06.232697|[g:1][CONSENSUS][PBFT]checkTimeout Succ,view=5546,toView=5547,nodeIdx=3,changeCycle=0,myNode=d0064285...,timecost=1.102
info|2019-12-11 02:35:06.235471|[g:1][CONSENSUS][PBFT]checkAndChangeView: Reach consensus,org_view=5546,org_changeCycle=0,cur_changeCycle=0,to_view=5547
info|2019-12-11 02:35:07.235793|[g:1][CONSENSUS][SEALER]++++++++++++++++ Generating seal on,blkNum=1,tx=0,nodeIdx=3,hash=0dd00ecd...
info|2019-12-11 02:35:07.240835|[g:1][CONSENSUS][PBFT]checkTimeout Succ,view=5547,toView=5548,nodeIdx=3,changeCycle=0,myNode=d0064285...,timecost=0.921
info|2019-12-11 02:35:07.244229|[g:1][CONSENSUS][PBFT]checkAndChangeView: Reach consensus,org_view=5547,org_changeCycle=0,cur_changeCycle=0,to_view=5548
info|2019-12-11 02:35:08.033608|[P2P][Service] heartBeat,connected count=3
info|2019-12-11 02:35:08.244987|[g:1][CONSENSUS]addRawPrepare,height=1,reqIdx=0,hash=e437f395...
info|2019-12-11 02:35:08.246157|[g:1][CONSENSUS][PBFT]checkTimeout Succ,view=5548,toView=5549,nodeIdx=3,changeCycle=0,myNode=d0064285...,timecost=0.927
info|2019-12-11 02:35:08.249945|[g:1][CONSENSUS][PBFT]checkAndChangeView: Reach consensus,org_view=5548,org_changeCycle=0,cur_changeCycle=0,to_view=5549
info|2019-12-11 02:35:09.255182|[g:1][CONSENSUS]addRawPrepare,height=1,reqIdx=1,hash=b9466743...
info|2019-12-11 02:35:09.256303|[g:1][CONSENSUS][PBFT]checkTimeout Succ,view=5549,toView=5550,nodeIdx=3,changeCycle=0,myNode=d0064285...,timecost=0.884
info|2019-12-11 02:35:09.259755|[g:1][CONSENSUS][PBFT]checkAndChangeView: Reach consensus,org_view=5549,org_changeCycle=0,cur_changeCycle=0,to_view=5550
info|2019-12-11 02:35:10.261600|[g:1][CONSENSUS]addRawPrepare,height=1,reqIdx=2,hash=febb843b...
info|2019-12-11 02:35:10.263043|[g:1][CONSENSUS][PBFT]checkTimeout Succ,view=5550,toView=5551,nodeIdx=3,changeCycle=0,myNode=d0064285...,timecost=1.058
info|2019-12-11 02:35:10.267381|[g:1][CONSENSUS][PBFT]checkAndChangeView: Reach consensus,org_view=5550,org_changeCycle=0,cur_changeCycle=0,to_view=5551
info|2019-12-11 02:35:11.267314|[g:1][CONSENSUS][SEALER]++++++++++++++++ Generating seal on,blkNum=1,tx=0,nodeIdx=3,hash=e434525c...
info|2019-12-11 02:35:11.273938|[g:1][CONSENSUS][PBFT]checkTimeout Succ,view=5551,toView=5552,nodeIdx=3,changeCycle=0,myNode=d0064285...,timecost=1.178
info|2019-12-11 02:35:11.275546|[g:1][CONSENSUS][PBFT]checkAndChangeView: Reach consensus,org_view=5551,org_changeCycle=0,cur_changeCycle=0,to_view=5552
info|2019-12-11 02:35:12.279644|[g:1][CONSENSUS]addRawPrepare,height=1,reqIdx=0,hash=87b408f9...
info|2019-12-11 02:35:12.280704|[g:1][CONSENSUS][PBFT]checkTimeout Succ,view=5552,toView=5553,nodeIdx=3,changeCycle=0,myNode=d0064285...,timecost=0.812
info|2019-12-11 02:35:12.285192|[g:1][CONSENSUS][PBFT]checkAndChangeView: Reach consensus,org_view=5552,org_changeCycle=0,cur_changeCycle=0,to_view=5553
info|2019-12-11 02:35:13.288851|[g:1][CONSENSUS]addRawPrepare,height=1,reqIdx=1,hash=f0c64ca2...
info|2019-12-11 02:35:13.291789|[g:1][CONSENSUS][PBFT]checkTimeout Succ,view=5553,toView=5554,nodeIdx=3,changeCycle=0,myNode=d0064285...,timecost=2.649
info|2019-12-11 02:35:13.295502|[g:1][CONSENSUS][PBFT]checkAndChangeView: Reach consensus,org_view=5553,org_changeCycle=0,cur_changeCycle=0,to_view=5554
info|2019-12-11 02:35:14.299446|[g:1][CONSENSUS]addRawPrepare,height=1,reqIdx=2,hash=e3bc9a0e...
info|2019-12-11 02:35:14.300597|[g:1][CONSENSUS][PBFT]checkTimeout Succ,view=5554,toView=5555,nodeIdx=3,changeCycle=0,myNode=d0064285...,timecost=0.881
info|2019-12-11 02:35:14.303310|[g:1][CONSENSUS][PBFT]checkAndChangeView: Reach consensus,org_view=5554,org_changeCycle=0,cur_changeCycle=0,to_view=5555
info|2019-12-11 02:35:15.304316|[g:1][CONSENSUS][SEALER]++++++++++++++++ Generating seal on,blkNum=1,tx=0,nodeIdx=3,hash=31893a44...
info|2019-12-11 02:35:15.311259|[g:1][CONSENSUS][PBFT]checkTimeout Succ,view=5555,toView=5556,nodeIdx=3,changeCycle=0,myNode=d0064285...,timecost=0.93
info|2019-12-11 02:35:15.312359|[g:1][CONSENSUS][PBFT]checkAndChangeView: Reach consensus,org_view=5555,org_changeCycle=0,cur_changeCycle=0,to_view=5556
info|2019-12-11 02:35:16.313762|[g:1][CONSENSUS]addRawPrepare,height=1,reqIdx=0,hash=dc5552ff...
info|2019-12-11 02:35:16.316188|[g:1][CONSENSUS][PBFT]checkTimeout Succ,view=5556,toView=5557,nodeIdx=3,changeCycle=0,myNode=d0064285...,timecost=2.181
info|2019-12-11 02:35:16.319016|[g:1][CONSENSUS][PBFT]checkAndChangeView: Reach consensus,org_view=5556,org_changeCycle=0,cur_changeCycle=0,to_view=5557
info|2019-12-11 02:35:17.321100|[g:1][CONSENSUS]addRawPrepare,height=1,reqIdx=1,hash=882d82b0...
info|2019-12-11 02:35:17.323971|[g:1][CONSENSUS][PBFT]checkTimeout Succ,view=5557,toView=5558,nodeIdx=3,changeCycle=0,myNode=d0064285...,timecost=2.648
info|2019-12-11 02:35:17.326808|[g:1][CONSENSUS][PBFT]checkAndChangeView: Reach consensus,org_view=5557,org_changeCycle=0,cur_changeCycle=0,to_view=5558
info|2019-12-11 02:35:18.038385|[P2P][Service] heartBeat,connected count=3
info|2019-12-11 02:35:18.326853|[g:1][CONSENSUS]addRawPrepare,height=1,reqIdx=2,hash=0d6d8678...
info|2019-12-11 02:35:18.328587|[g:1][CONSENSUS][PBFT]checkTimeout Succ,view=5558,toView=5559,nodeIdx=3,changeCycle=0,myNode=d0064285...,timecost=1.519
info|2019-12-11 02:35:18.330077|[g:1][CONSENSUS][PBFT]checkAndChangeView: Reach consensus,org_view=5558,org_changeCycle=0,cur_changeCycle=0,to_view=5559
info|2019-12-11 02:35:19.331271|[g:1][CONSENSUS][SEALER]++++++++++++++++ Generating seal on,blkNum=1,tx=0,nodeIdx=3,hash=641d66c4...
info|2019-12-11 02:35:19.332457|[g:1][CONSENSUS][PBFT]checkTimeout Succ,view=5559,toView=5560,nodeIdx=3,changeCycle=0,myNode=d0064285...,timecost=0.604
info|2019-12-11 02:35:19.336511|[g:1][CONSENSUS][PBFT]checkAndChangeView: Reach consensus,org_view=5559,org_changeCycle=0,cur_changeCycle=0,to_view=5560
info|2019-12-11 02:35:20.339482|[g:1][CONSENSUS]addRawPrepare,height=1,reqIdx=0,hash=2f0e3663...
info|2019-12-11 02:35:20.341383|[g:1][CONSENSUS][PBFT]checkTimeout Succ,view=5560,toView=5561,nodeIdx=3,changeCycle=0,myNode=d0064285...,timecost=1.591
info|2019-12-11 02:35:20.343047|[g:1][CONSENSUS][PBFT]checkAndChangeView: Reach consensus,org_view=5560,org_changeCycle=0,cur_changeCycle=0,to_view=5561
info|2019-12-11 02:35:21.346436|[g:1][CONSENSUS]addRawPrepare,height=1,reqIdx=1,hash=9a261d35...
info|2019-12-11 02:35:21.347674|[g:1][CONSENSUS][PBFT]checkTimeout Succ,view=5561,toView=5562,nodeIdx=3,changeCycle=0,myNode=d0064285...,timecost=0.861
info|2019-12-11 02:35:21.352412|[g:1][CONSENSUS][PBFT]checkAndChangeView: Reach consensus,org_view=5561,org_changeCycle=0,cur_changeCycle=0,to_view=5562
info|2019-12-11 02:35:22.355982|[g:1][CONSENSUS]addRawPrepare,height=1,reqIdx=2,hash=467058eb...
info|2019-12-11 02:35:22.358192|[g:1][CONSENSUS][PBFT]checkTimeout Succ,view=5562,toView=5563,nodeIdx=3,changeCycle=0,myNode=d0064285...,timecost=1.919
info|2019-12-11 02:35:22.360993|[g:1][CONSENSUS][PBFT]checkAndChangeView: Reach consensus,org_view=5562,org_changeCycle=0,cur_changeCycle=0,to_view=5563
info|2019-12-11 02:35:23.362520|[g:1][CONSENSUS][SEALER]++++++++++++++++ Generating seal on,blkNum=1,tx=0,nodeIdx=3,hash=fedc741d...
info|2019-12-11 02:35:23.364255|[g:1][CONSENSUS][PBFT]checkTimeout Succ,view=5563,toView=5564,nodeIdx=3,changeCycle=0,myNode=d0064285...,timecost=1.206
info|2019-12-11 02:35:23.370216|[g:1][CONSENSUS][PBFT]checkAndChangeView: Reach consensus,org_view=5563,org_changeCycle=0,cur_changeCycle=0,to_view=5564
info|2019-12-11 02:35:24.373130|[g:1][CONSENSUS]addRawPrepare,height=1,reqIdx=0,hash=6eebd664...
info|2019-12-11 02:35:24.374163|[g:1][CONSENSUS][PBFT]checkTimeout Succ,view=5564,toView=5565,nodeIdx=3,changeCycle=0,myNode=d0064285...,timecost=0.787
info|2019-12-11 02:35:24.378025|[g:1][CONSENSUS][PBFT]checkAndChangeView: Reach consensus,org_view=5564,org_changeCycle=0,cur_changeCycle=0,to_view=5565
info|2019-12-11 02:35:25.379752|[g:1][CONSENSUS]addRawPrepare,height=1,reqIdx=1,hash=b9c3f7ad...
info|2019-12-11 02:35:25.380952|[g:1][CONSENSUS][PBFT]checkTimeout Succ,view=5565,toView=5566,nodeIdx=3,changeCycle=0,myNode=d0064285...,timecost=1.026
info|2019-12-11 02:35:25.384679|[g:1][CONSENSUS][PBFT]checkAndChangeView: Reach consensus,org_view=5565,org_changeCycle=0,cur_changeCycle=0,to_view=5566
info|2019-12-11 02:35:26.387580|[g:1][CONSENSUS]addRawPrepare,height=1,reqIdx=2,hash=fbf0d475...
info|2019-12-11 02:35:26.389976|[g:1][CONSENSUS][PBFT]checkTimeout Succ,view=5566,toView=5567,nodeIdx=3,changeCycle=0,myNode=d0064285...,timecost=2.145
info|2019-12-11 02:35:26.392865|[g:1][CONSENSUS][PBFT]checkAndChangeView: Reach consensus,org_view=5566,org_changeCycle=0,cur_changeCycle=0,to_view=5567
info|2019-12-11 02:35:27.392538|[g:1][CONSENSUS][SEALER]++++++++++++++++ Generating seal on,blkNum=1,tx=0,nodeIdx=3,hash=d83a3c2d...
info|2019-12-11 02:35:27.397703|[g:1][CONSENSUS][PBFT]checkTimeout Succ,view=5567,toView=5568,nodeIdx=3,changeCycle=0,myNode=d0064285...,timecost=1.167
info|2019-12-11 02:35:27.400483|[g:1][CONSENSUS][PBFT]checkAndChangeView: Reach consensus,org_view=5567,org_changeCycle=0,cur_changeCycle=0,to_view=5568
info|2019-12-11 02:35:28.040933|[P2P][Service] heartBeat,connected count=3
info|2019-12-11 02:35:28.402811|[g:1][CONSENSUS]addRawPrepare,height=1,reqIdx=0,hash=3be37f63...
info|2019-12-11 02:35:28.404669|[g:1][CONSENSUS][PBFT]checkTimeout Succ,view=5568,toView=5569,nodeIdx=3,changeCycle=0,myNode=d0064285...,timecost=1.533
info|2019-12-11 02:35:28.407403|[g:1][CONSENSUS][PBFT]checkAndChangeView: Reach consensus,org_view=5568,org_changeCycle=0,cur_changeCycle=0,to_view=5569
info|2019-12-11 02:35:29.410132|[g:1][CONSENSUS]addRawPrepare,height=1,reqIdx=1,hash=486e7902...
info|2019-12-11 02:35:29.411428|[g:1][CONSENSUS][PBFT]checkTimeout Succ,view=5569,toView=5570,nodeIdx=3,changeCycle=0,myNode=d0064285...,timecost=1.064
info|2019-12-11 02:35:29.413988|[g:1][CONSENSUS][PBFT]checkAndChangeView: Reach consensus,org_view=5569,org_changeCycle=0,cur_changeCycle=0,to_view=5570
info|2019-12-11 02:35:30.419261|[g:1][CONSENSUS]addRawPrepare,height=1,reqIdx=2,hash=1e8b20b7...
info|2019-12-11 02:35:30.420061|[g:1][CONSENSUS][PBFT]checkTimeout Succ,view=5570,toView=5571,nodeIdx=3,changeCycle=0,myNode=d0064285...,timecost=0.594
info|2019-12-11 02:35:30.424547|[g:1][CONSENSUS][PBFT]checkAndChangeView: Reach consensus,org_view=5570,org_changeCycle=0,cur_changeCycle=0,to_view=5571
info|2019-12-11 02:35:31.425365|[g:1][CONSENSUS][SEALER]++++++++++++++++ Generating seal on,blkNum=1,tx=0,nodeIdx=3,hash=22caea63...
info|2019-12-11 02:35:31.426744|[g:1][CONSENSUS][PBFT]checkTimeout Succ,view=5571,toView=5572,nodeIdx=3,changeCycle=0,myNode=d0064285...,timecost=0.822
info|2019-12-11 02:35:31.432559|[g:1][CONSENSUS][PBFT]checkAndChangeView: Reach consensus,org_view=5571,org_changeCycle=0,cur_changeCycle=0,to_view=5572
info|2019-12-11 02:35:32.437812|[g:1][CONSENSUS]addRawPrepare,height=1,reqIdx=0,hash=3df82636...
info|2019-12-11 02:35:32.439283|[g:1][CONSENSUS][PBFT]checkTimeout Succ,view=5572,toView=5573,nodeIdx=3,changeCycle=0,myNode=d0064285...,timecost=1.236
info|2019-12-11 02:35:32.442840|[g:1][CONSENSUS][PBFT]checkAndChangeView: Reach consensus,org_view=5572,org_changeCycle=0,cur_changeCycle=0,to_view=5573
info|2019-12-11 02:35:33.445931|[g:1][CONSENSUS]addRawPrepare,height=1,reqIdx=1,hash=5e6a0499...
info|2019-12-11 02:35:33.447062|[g:1][CONSENSUS][PBFT]checkTimeout Succ,view=5573,toView=5574,nodeIdx=3,changeCycle=0,myNode=d0064285...,timecost=0.892
info|2019-12-11 02:35:33.450752|[g:1][CONSENSUS][PBFT]checkAndChangeView: Reach consensus,org_view=5573,org_changeCycle=0,cur_changeCycle=0,to_view=5574
info|2019-12-11 02:35:34.453364|[g:1][CONSENSUS]addRawPrepare,height=1,reqIdx=2,hash=d45639b2...
info|2019-12-11 02:35:34.455965|[g:1][CONSENSUS][PBFT]checkTimeout Succ,view=5574,toView=5575,nodeIdx=3,changeCycle=0,myNode=d0064285...,timecost=2.15
info|2019-12-11 02:35:34.459443|[g:1][CONSENSUS][PBFT]checkAndChangeView: Reach consensus,org_view=5574,org_changeCycle=0,cur_changeCycle=0,to_view=5575
info|2019-12-11 02:35:35.459279|[g:1][CONSENSUS][SEALER]++++++++++++++++ Generating seal on,blkNum=1,tx=0,nodeIdx=3,hash=5909d50d...
info|2019-12-11 02:35:35.463943|[g:1][CONSENSUS][PBFT]checkTimeout Succ,view=5575,toView=5576,nodeIdx=3,changeCycle=0,myNode=d0064285...,timecost=0.803
info|2019-12-11 02:35:35.467379|[g:1][CONSENSUS][PBFT]checkAndChangeView: Reach consensus,org_view=5575,org_changeCycle=0,cur_changeCycle=0,to_view=5576
info|2019-12-11 02:35:36.470022|[g:1][CONSENSUS]addRawPrepare,height=1,reqIdx=0,hash=d654d9ed...
info|2019-12-11 02:35:36.472850|[g:1][CONSENSUS][PBFT]checkTimeout Succ,view=5576,toView=5577,nodeIdx=3,changeCycle=0,myNode=d0064285...,timecost=2.584
info|2019-12-11 02:35:36.475414|[g:1][CONSENSUS][PBFT]checkAndChangeView: Reach consensus,org_view=5576,org_changeCycle=0,cur_changeCycle=0,to_view=5577
info|2019-12-11 02:35:37.477834|[g:1][CONSENSUS]addRawPrepare,height=1,reqIdx=1,hash=cd2abefd...
info|2019-12-11 02:35:37.479417|[g:1][CONSENSUS][PBFT]checkTimeout Succ,view=5577,toView=5578,nodeIdx=3,changeCycle=0,myNode=d0064285...,timecost=1.315
info|2019-12-11 02:35:37.482301|[g:1][CONSENSUS][PBFT]checkAndChangeView: Reach consensus,org_view=5577,org_changeCycle=0,cur_changeCycle=0,to_view=5578
info|2019-12-11 02:35:38.046939|[P2P][Service] heartBeat,connected count=3
info|2019-12-11 02:35:38.486956|[g:1][CONSENSUS]addRawPrepare,height=1,reqIdx=2,hash=42ecedd7...
info|2019-12-11 02:35:38.492324|[g:1][CONSENSUS][PBFT]checkTimeout Succ,view=5578,toView=5579,nodeIdx=3,changeCycle=0,myNode=d0064285...,timecost=4.426
info|2019-12-11 02:35:38.494097|[g:1][CONSENSUS][PBFT]checkAndChangeView: Reach consensus,org_view=5578,org_changeCycle=0,cur_changeCycle=0,to_view=5579
info|2019-12-11 02:35:39.495358|[g:1][CONSENSUS][SEALER]++++++++++++++++ Generating seal on,blkNum=1,tx=0,nodeIdx=3,hash=b9b5fe38...
info|2019-12-11 02:35:39.496679|[g:1][CONSENSUS][PBFT]checkTimeout Succ,view=5579,toView=5580,nodeIdx=3,changeCycle=0,myNode=d0064285...,timecost=0.795
info|2019-12-11 02:35:39.502386|[g:1][CONSENSUS][PBFT]checkAndChangeView: Reach consensus,org_view=5579,org_changeCycle=0,cur_changeCycle=0,to_view=5580
info|2019-12-11 02:35:40.505815|[g:1][CONSENSUS]addRawPrepare,height=1,reqIdx=0,hash=709f0ae8...
info|2019-12-11 02:35:40.506832|[g:1][CONSENSUS][PBFT]checkTimeout Succ,view=5580,toView=5581,nodeIdx=3,changeCycle=0,myNode=d0064285...,timecost=0.82
info|2019-12-11 02:35:40.511534|[g:1][CONSENSUS][PBFT]checkAndChangeView: Reach consensus,org_view=5580,org_changeCycle=0,cur_changeCycle=0,to_view=5581
info|2019-12-11 02:35:41.516875|[g:1][CONSENSUS]addRawPrepare,height=1,reqIdx=1,hash=4f545a9c...
info|2019-12-11 02:35:41.518244|[g:1][CONSENSUS][PBFT]checkTimeout Succ,view=5581,toView=5582,nodeIdx=3,changeCycle=0,myNode=d0064285...,timecost=1.064
info|2019-12-11 02:35:41.522348|[g:1][CONSENSUS][PBFT]checkAndChangeView: Reach consensus,org_view=5581,org_changeCycle=0,cur_changeCycle=0,to_view=5582
info|2019-12-11 02:35:42.524086|[g:1][CONSENSUS]addRawPrepare,height=1,reqIdx=2,hash=e130677b...
info|2019-12-11 02:35:42.525456|[g:1][CONSENSUS][PBFT]checkTimeout Succ,view=5582,toView=5583,nodeIdx=3,changeCycle=0,myNode=d0064285...,timecost=1.153
info|2019-12-11 02:35:42.528521|[g:1][CONSENSUS][PBFT]checkAndChangeView: Reach consensus,org_view=5582,org_changeCycle=0,cur_changeCycle=0,to_view=5583
info|2019-12-11 02:35:43.528922|[g:1][CONSENSUS][SEALER]++++++++++++++++ Generating seal on,blkNum=1,tx=0,nodeIdx=3,hash=5e7be060...
info|2019-12-11 02:35:43.530447|[g:1][CONSENSUS][PBFT]checkTimeout Succ,view=5583,toView=5584,nodeIdx=3,changeCycle=0,myNode=d0064285...,timecost=0.939
info|2019-12-11 02:35:43.535889|[g:1][CONSENSUS][PBFT]checkAndChangeView: Reach consensus,org_view=5583,org_changeCycle=0,cur_changeCycle=0,to_view=5584
info|2019-12-11 02:35:44.538037|[g:1][CONSENSUS]addRawPrepare,height=1,reqIdx=0,hash=2b4b3955...
info|2019-12-11 02:35:44.539096|[g:1][CONSENSUS][PBFT]checkTimeout Succ,view=5584,toView=5585,nodeIdx=3,changeCycle=0,myNode=d0064285...,timecost=0.83
info|2019-12-11 02:35:44.543303|[g:1][CONSENSUS][PBFT]checkAndChangeView: Reach consensus,org_view=5584,org_changeCycle=0,cur_changeCycle=0,to_view=5585
