warning|2019-12-11 08:23:43.012968|[g:1][CONSENSUS][PBFT]ViewChangeWarning: not caused by omit empty block ,v=5729,toV=5730,curNum=0,hash=382ff964...,nodeIdx=3,myNode=d0064285...
info|2019-12-11 08:23:43.013803|[g:1][CONSENSUS][PBFT]checkTimeout Succ,view=5729,toView=5730,nodeIdx=3,changeCycle=1,myNode=d0064285...,timecost=3.526
info|2019-12-11 08:23:43.013822|[P2P][Service] heartBeat,connected count=3
info|2019-12-11 08:23:43.018307|[g:1][CONSENSUS][PBFT]checkAndChangeView: Reach consensus,org_view=5729,org_changeCycle=1,cur_changeCycle=1,to_view=5730
info|2019-12-11 08:23:44.018429|[g:1][CONSENSUS]addRawPrepare,height=1,reqIdx=2,hash=8676d309...
info|2019-12-11 08:23:44.019033|[g:1][CONSENSUS][PBFT]checkTimeout Succ,view=5730,toView=5731,nodeIdx=3,changeCycle=0,myNode=d0064285...,timecost=0.481
info|2019-12-11 08:23:44.020082|[g:1][CONSENSUS][PBFT]checkAndChangeView: Reach consensus,org_view=5730,org_changeCycle=0,cur_changeCycle=0,to_view=5731
info|2019-12-11 08:23:43.764813|[g:1][CONSENSUS][SEALER]++++++++++++++++ Generating seal on,blkNum=1,tx=0,nodeIdx=3,hash=aeae7ba0...
info|2019-12-11 08:23:43.767463|[g:1][CONSENSUS][PBFT]checkTimeout Succ,view=5731,toView=5732,nodeIdx=3,changeCycle=0,myNode=d0064285...,timecost=1.287
info|2019-12-11 08:23:43.773297|[g:1][CONSENSUS][PBFT]checkAndChangeView: Reach consensus,org_view=5731,org_changeCycle=0,cur_changeCycle=0,to_view=5732
info|2019-12-11 08:23:44.775233|[g:1][CONSENSUS]addRawPrepare,height=1,reqIdx=0,hash=e76dec95...
info|2019-12-11 08:23:44.776493|[g:1][CONSENSUS][PBFT]checkTimeout Succ,view=5732,toView=5733,nodeIdx=3,changeCycle=0,myNode=d0064285...,timecost=1.066
info|2019-12-11 08:23:44.778261|[g:1][CONSENSUS][PBFT]checkAndChangeView: Reach consensus,org_view=5732,org_changeCycle=0,cur_changeCycle=0,to_view=5733
info|2019-12-11 08:23:45.780540|[g:1][CONSENSUS]addRawPrepare,height=1,reqIdx=1,hash=111687a7...
info|2019-12-11 08:23:45.781612|[g:1][CONSENSUS][PBFT]checkTimeout Succ,view=5733,toView=5734,nodeIdx=3,changeCycle=0,myNode=d0064285...,timecost=0.825
info|2019-12-11 08:23:45.785459|[g:1][CONSENSUS][PBFT]checkAndChangeView: Reach consensus,org_view=5733,org_changeCycle=0,cur_changeCycle=0,to_view=5734
info|2019-12-11 08:23:46.787634|[g:1][CONSENSUS]addRawPrepare,height=1,reqIdx=2,hash=fc5b3ca3...
info|2019-12-11 08:23:46.788777|[g:1][CONSENSUS][PBFT]checkTimeout Succ,view=5734,toView=5735,nodeIdx=3,changeCycle=0,myNode=d0064285...,timecost=0.901
info|2019-12-11 08:23:46.791674|[g:1][CONSENSUS][PBFT]checkAndChangeView: Reach consensus,org_view=5734,org_changeCycle=0,cur_changeCycle=0,to_view=5735
info|2019-12-11 08:23:47.792430|[g:1][CONSENSUS][SEALER]++++++++++++++++ Generating seal on,blkNum=1,tx=0,nodeIdx=3,hash=5a5a4031...
info|2019-12-11 08:23:47.797632|[g:1][CONSENSUS][PBFT]checkTimeout Succ,view=5735,toView=5736,nodeIdx=3,changeCycle=0,myNode=d0064285...,timecost=0.951
info|2019-12-11 08:23:47.800210|[g:1][CONSENSUS][PBFT]checkAndChangeView: Reach consensus,org_view=5735,org_changeCycle=0,cur_changeCycle=0,to_view=5736
info|2019-12-11 08:23:48.801732|[g:1][CONSENSUS]addRawPrepare,height=1,reqIdx=0,hash=05d4cc8f...
info|2019-12-11 08:23:48.802748|[g:1][CONSENSUS][PBFT]checkTimeout Succ,view=5736,toView=5737,nodeIdx=3,changeCycle=0,myNode=d0064285...,timecost=0.779
info|2019-12-11 08:23:48.805343|[g:1][CONSENSUS][PBFT]checkAndChangeView: Reach consensus,org_view=5736,org_changeCycle=0,cur_changeCycle=0,to_view=5737
info|2019-12-11 08:23:49.809477|[g:1][CONSENSUS]addRawPrepare,height=1,reqIdx=1,hash=41331347...
info|2019-12-11 08:23:49.810494|[g:1][CONSENSUS][PBFT]checkTimeout Succ,view=5737,toView=5738,nodeIdx=3,changeCycle=0,myNode=d0064285...,timecost=0.778
info|2019-12-11 08:23:49.814456|[g:1][CONSENSUS][PBFT]checkAndChangeView: Reach consensus,org_view=5737,org_changeCycle=0,cur_changeCycle=0,to_view=5738
info|2019-12-11 08:23:50.816257|[g:1][CONSENSUS]addRawPrepare,height=1,reqIdx=2,hash=726d9ea3...
info|2019-12-11 08:23:50.817338|[g:1][CONSENSUS][PBFT]checkTimeout Succ,view=5738,toView=5739,nodeIdx=3,changeCycle=0,myNode=d0064285...,timecost=0.768
info|2019-12-11 08:23:50.822590|[g:1][CONSENSUS][PBFT]checkAndChangeView: Reach consensus,org_view=5738,org_changeCycle=0,cur_changeCycle=0,to_view=5739
info|2019-12-11 08:23:51.823561|[g:1][CONSENSUS][SEALER]++++++++++++++++ Generating seal on,blkNum=1,tx=0,nodeIdx=3,hash=1ac1990e...
info|2019-12-11 08:23:51.828390|[g:1][CONSENSUS][PBFT]checkTimeout Succ,view=5739,toView=5740,nodeIdx=3,changeCycle=0,myNode=d0064285...,timecost=0.754
info|2019-12-11 08:23:51.830774|[g:1][CONSENSUS][PBFT]checkAndChangeView: Reach consensus,org_view=5739,org_changeCycle=0,cur_changeCycle=0,to_view=5740
info|2019-12-11 08:23:52.834376|[g:1][CONSENSUS]addRawPrepare,height=1,reqIdx=0,hash=a38b2be7...
info|2019-12-11 08:23:52.835880|[g:1][CONSENSUS][PBFT]checkTimeout Succ,view=5740,toView=5741,nodeIdx=3,changeCycle=0,myNode=d0064285...,timecost=1.162
info|2019-12-11 08:23:52.839249|[g:1][CONSENSUS][PBFT]checkAndChangeView: Reach consensus,org_view=5740,org_changeCycle=0,cur_changeCycle=0,to_view=5741
info|2019-12-11 08:23:53.017922|[P2P][Service] heartBeat,connected count=3
info|2019-12-11 08:23:53.842553|[g:1][CONSENSUS]addRawPrepare,height=1,reqIdx=1,hash=12357481...
info|2019-12-11 08:23:53.844028|[g:1][CONSENSUS][PBFT]checkTimeout Succ,view=5741,toView=5742,nodeIdx=3,changeCycle=0,myNode=d0064285...,timecost=1.219
info|2019-12-11 08:23:53.846615|[g:1][CONSENSUS][PBFT]checkAndChangeView: Reach consensus,org_view=5741,org_changeCycle=0,cur_changeCycle=0,to_view=5742
info|2019-12-11 08:23:54.852066|[g:1][CONSENSUS]addRawPrepare,height=1,reqIdx=2,hash=9a9764bf...
info|2019-12-11 08:23:54.853292|[g:1][CONSENSUS][PBFT]checkTimeout Succ,view=5742,toView=5743,nodeIdx=3,changeCycle=0,myNode=d0064285...,timecost=1.022
info|2019-12-11 08:23:54.855630|[g:1][CONSENSUS][PBFT]checkAndChangeView: Reach consensus,org_view=5742,org_changeCycle=0,cur_changeCycle=0,to_view=5743
info|2019-12-11 08:23:55.855856|[g:1][CONSENSUS][SEALER]++++++++++++++++ Generating seal on,blkNum=1,tx=0,nodeIdx=3,hash=813279ed...
info|2019-12-11 08:23:55.861647|[g:1][CONSENSUS][PBFT]checkTimeout Succ,view=5743,toView=5744,nodeIdx=3,changeCycle=0,myNode=d0064285...,timecost=0.733
info|2019-12-11 08:23:55.863063|[g:1][CONSENSUS][PBFT]checkAndChangeView: Reach consensus,org_view=5743,org_changeCycle=0,cur_changeCycle=0,to_view=5744
info|2019-12-11 08:23:56.866407|[g:1][CONSENSUS]addRawPrepare,height=1,reqIdx=0,hash=947c115e...
info|2019-12-11 08:23:56.868498|[g:1][CONSENSUS][PBFT]checkTimeout Succ,view=5744,toView=5745,nodeIdx=3,changeCycle=0,myNode=d0064285...,timecost=1.769
info|2019-12-11 08:23:56.872842|[g:1][CONSENSUS][PBFT]checkAndChangeView: Reach consensus,org_view=5744,org_changeCycle=0,cur_changeCycle=0,to_view=5745
info|2019-12-11 08:23:57.874338|[g:1][CONSENSUS]addRawPrepare,height=1,reqIdx=1,hash=bfd34199...
info|2019-12-11 08:23:57.875565|[g:1][CONSENSUS][PBFT]checkTimeout Succ,view=5745,toView=5746,nodeIdx=3,changeCycle=0,myNode=d0064285...,timecost=0.965
info|2019-12-11 08:23:57.879705|[g:1][CONSENSUS][PBFT]checkAndChangeView: Reach consensus,org_view=5745,org_changeCycle=0,cur_changeCycle=0,to_view=5746
info|2019-12-11 08:23:58.881574|[g:1][CONSENSUS]addRawPrepare,height=1,reqIdx=2,hash=cd28fc07...
info|2019-12-11 08:23:58.882629|[g:1][CONSENSUS][PBFT]checkTimeout Succ,view=5746,toView=5747,nodeIdx=3,changeCycle=0,myNode=d0064285...,timecost=0.807
info|2019-12-11 08:23:58.886452|[g:1][CONSENSUS][PBFT]checkAndChangeView: Reach consensus,org_view=5746,org_changeCycle=0,cur_changeCycle=0,to_view=5747
info|2019-12-11 08:23:59.886300|[g:1][CONSENSUS][SEALER]++++++++++++++++ Generating seal on,blkNum=1,tx=0,nodeIdx=3,hash=2f635fc0...
info|2019-12-11 08:23:59.890118|[g:1][CONSENSUS][PBFT]checkTimeout Succ,view=5747,toView=5748,nodeIdx=3,changeCycle=0,myNode=d0064285...,timecost=0.388
info|2019-12-11 08:23:59.891394|[g:1][CONSENSUS][PBFT]checkAndChangeView: Reach consensus,org_view=5747,org_changeCycle=0,cur_changeCycle=0,to_view=5748
info|2019-12-11 08:24:00.893280|[g:1][CONSENSUS]addRawPrepare,height=1,reqIdx=0,hash=b897a5ff...
info|2019-12-11 08:24:00.894378|[g:1][CONSENSUS][PBFT]checkTimeout Succ,view=5748,toView=5749,nodeIdx=3,changeCycle=0,myNode=d0064285...,timecost=0.898
info|2019-12-11 08:24:00.899138|[g:1][CONSENSUS][PBFT]checkAndChangeView: Reach consensus,org_view=5748,org_changeCycle=0,cur_changeCycle=0,to_view=5749
info|2019-12-11 08:24:01.901008|[g:1][CONSENSUS]addRawPrepare,height=1,reqIdx=1,hash=9b2618f8...
info|2019-12-11 08:24:01.902088|[g:1][CONSENSUS][PBFT]checkTimeout Succ,view=5749,toView=5750,nodeIdx=3,changeCycle=0,myNode=d0064285...,timecost=0.833
info|2019-12-11 08:24:01.904700|[g:1][CONSENSUS][PBFT]checkAndChangeView: Reach consensus,org_view=5749,org_changeCycle=0,cur_changeCycle=0,to_view=5750
info|2019-12-11 08:24:02.909411|[g:1][CONSENSUS]addRawPrepare,height=1,reqIdx=2,hash=2f2d1542...
info|2019-12-11 08:24:02.913923|[g:1][CONSENSUS][PBFT]checkTimeout Succ,view=5750,toView=5751,nodeIdx=3,changeCycle=0,myNode=d0064285...,timecost=4.297
info|2019-12-11 08:24:02.916102|[g:1][CONSENSUS][PBFT]checkAndChangeView: Reach consensus,org_view=5750,org_changeCycle=0,cur_changeCycle=0,to_view=5751
info|2019-12-11 08:24:03.021039|[P2P][Service] heartBeat,connected count=3
info|2019-12-11 08:24:03.917899|[g:1][CONSENSUS][SEALER]++++++++++++++++ Generating seal on,blkNum=1,tx=0,nodeIdx=3,hash=ee8d15ac...
info|2019-12-11 08:24:03.919211|[g:1][CONSENSUS][PBFT]checkTimeout Succ,view=5751,toView=5752,nodeIdx=3,changeCycle=0,myNode=d0064285...,timecost=0.793
info|2019-12-11 08:24:03.925166|[g:1][CONSENSUS][PBFT]checkAndChangeView: Reach consensus,org_view=5751,org_changeCycle=0,cur_changeCycle=0,to_view=5752
info|2019-12-11 08:24:04.929307|[g:1][CONSENSUS]addRawPrepare,height=1,reqIdx=0,hash=a9d7f31e...
info|2019-12-11 08:24:04.931069|[g:1][CONSENSUS][PBFT]checkTimeout Succ,view=5752,toView=5753,nodeIdx=3,changeCycle=0,myNode=d0064285...,timecost=1.455
info|2019-12-11 08:24:04.933639|[g:1][CONSENSUS][PBFT]checkAndChangeView: Reach consensus,org_view=5752,org_changeCycle=0,cur_changeCycle=0,to_view=5753
info|2019-12-11 08:24:05.935993|[g:1][CONSENSUS]addRawPrepare,height=1,reqIdx=1,hash=b0d4e605...
info|2019-12-11 08:24:05.937282|[g:1][CONSENSUS][PBFT]checkTimeout Succ,view=5753,toView=5754,nodeIdx=3,changeCycle=0,myNode=d0064285...,timecost=0.925
info|2019-12-11 08:24:05.939803|[g:1][CONSENSUS][PBFT]checkAndChangeView: Reach consensus,org_view=5753,org_changeCycle=0,cur_changeCycle=0,to_view=5754
info|2019-12-11 08:24:06.943000|[g:1][CONSENSUS]addRawPrepare,height=1,reqIdx=2,hash=7baa0faa...
info|2019-12-11 08:24:06.944640|[g:1][CONSENSUS][PBFT]checkTimeout Succ,view=5754,toView=5755,nodeIdx=3,changeCycle=0,myNode=d0064285...,timecost=1.427
info|2019-12-11 08:24:06.946465|[g:1][CONSENSUS][PBFT]checkAndChangeView: Reach consensus,org_view=5754,org_changeCycle=0,cur_changeCycle=0,to_view=5755
info|2019-12-11 08:24:07.947462|[g:1][CONSENSUS][SEALER]++++++++++++++++ Generating seal on,blkNum=1,tx=0,nodeIdx=3,hash=38faaeda...
info|2019-12-11 08:24:07.949007|[g:1][CONSENSUS][PBFT]checkTimeout Succ,view=5755,toView=5756,nodeIdx=3,changeCycle=0,myNode=d0064285...,timecost=0.892
info|2019-12-11 08:24:07.954686|[g:1][CONSENSUS][PBFT]checkAndChangeView: Reach consensus,org_view=5755,org_changeCycle=0,cur_changeCycle=0,to_view=5756
info|2019-12-11 08:24:08.956092|[g:1][CONSENSUS]addRawPrepare,height=1,reqIdx=0,hash=d0321a53...
info|2019-12-11 08:24:08.957478|[g:1][CONSENSUS][PBFT]checkTimeout Succ,view=5756,toView=5757,nodeIdx=3,changeCycle=0,myNode=d0064285...,timecost=1.191
info|2019-12-11 08:24:08.962696|[g:1][CONSENSUS][PBFT]checkAndChangeView: Reach consensus,org_view=5756,org_changeCycle=0,cur_changeCycle=0,to_view=5757
info|2019-12-11 08:24:09.965957|[g:1][CONSENSUS]addRawPrepare,height=1,reqIdx=1,hash=6ff1a8e6...
info|2019-12-11 08:24:09.967927|[g:1][CONSENSUS][PBFT]checkTimeout Succ,view=5757,toView=5758,nodeIdx=3,changeCycle=0,myNode=d0064285...,timecost=1.732
info|2019-12-11 08:24:09.971106|[g:1][CONSENSUS][PBFT]checkAndChangeView: Reach consensus,org_view=5757,org_changeCycle=0,cur_changeCycle=0,to_view=5758
info|2019-12-11 08:24:10.973101|[g:1][CONSENSUS]addRawPrepare,height=1,reqIdx=2,hash=6c742da0...
info|2019-12-11 08:24:10.977777|[g:1][CONSENSUS][PBFT]checkTimeout Succ,view=5758,toView=5759,nodeIdx=3,changeCycle=0,myNode=d0064285...,timecost=4.448
info|2019-12-11 08:24:10.979644|[g:1][CONSENSUS][PBFT]checkAndChangeView: Reach consensus,org_view=5758,org_changeCycle=0,cur_changeCycle=0,to_view=5759
info|2019-12-11 08:24:11.979454|[g:1][CONSENSUS][SEALER]++++++++++++++++ Generating seal on,blkNum=1,tx=0,nodeIdx=3,hash=e890054f...
info|2019-12-11 08:24:11.980758|[g:1][CONSENSUS][PBFT]checkTimeout Succ,view=5759,toView=5760,nodeIdx=3,changeCycle=0,myNode=d0064285...,timecost=0.776
info|2019-12-11 08:24:11.987020|[g:1][CONSENSUS][PBFT]checkAndChangeView: Reach consensus,org_view=5759,org_changeCycle=0,cur_changeCycle=0,to_view=5760
info|2019-12-11 08:24:12.990643|[g:1][CONSENSUS]addRawPrepare,height=1,reqIdx=0,hash=564efe69...
info|2019-12-11 08:24:12.991884|[g:1][CONSENSUS][PBFT]checkTimeout Succ,view=5760,toView=5761,nodeIdx=3,changeCycle=0,myNode=d0064285...,timecost=0.823
info|2019-12-11 08:24:12.995451|[g:1][CONSENSUS][PBFT]checkAndChangeView: Reach consensus,org_view=5760,org_changeCycle=0,cur_changeCycle=0,to_view=5761
info|2019-12-11 08:24:13.026812|[P2P][Service] heartBeat,connected count=3
info|2019-12-11 08:24:13.999113|[g:1][CONSENSUS]addRawPrepare,height=1,reqIdx=1,hash=ca52d1b1...
info|2019-12-11 08:24:14.000277|[g:1][CONSENSUS][PBFT]checkTimeout Succ,view=5761,toView=5762,nodeIdx=3,changeCycle=0,myNode=d0064285...,timecost=0.921
info|2019-12-11 08:24:14.003898|[g:1][CONSENSUS][PBFT]checkAndChangeView: Reach consensus,org_view=5761,org_changeCycle=0,cur_changeCycle=0,to_view=5762
info|2019-12-11 08:24:15.009110|[g:1][CONSENSUS]addRawPrepare,height=1,reqIdx=2,hash=d19b2ed2...
info|2019-12-11 08:24:15.011021|[g:1][CONSENSUS][PBFT]checkTimeout Succ,view=5762,toView=5763,nodeIdx=3,changeCycle=0,myNode=d0064285...,timecost=1.025
info|2019-12-11 08:24:15.013707|[g:1][CONSENSUS][PBFT]checkAndChangeView: Reach consensus,org_view=5762,org_changeCycle=0,cur_changeCycle=0,to_view=5763
info|2019-12-11 08:24:16.014578|[g:1][CONSENSUS][SEALER]++++++++++++++++ Generating seal on,blkNum=1,tx=0,nodeIdx=3,hash=c158e23d...
info|2019-12-11 08:24:16.016037|[g:1][CONSENSUS][PBFT]checkTimeout Succ,view=5763,toView=5764,nodeIdx=3,changeCycle=0,myNode=d0064285...,timecost=0.892
info|2019-12-11 08:24:16.021626|[g:1][CONSENSUS][PBFT]checkAndChangeView: Reach consensus,org_view=5763,org_changeCycle=0,cur_changeCycle=0,to_view=5764
info|2019-12-11 08:24:17.026354|[g:1][CONSENSUS]addRawPrepare,height=1,reqIdx=0,hash=9d9432c5...
info|2019-12-11 08:24:17.027415|[g:1][CONSENSUS][PBFT]checkTimeout Succ,view=5764,toView=5765,nodeIdx=3,changeCycle=0,myNode=d0064285...,timecost=0.858
info|2019-12-11 08:24:17.030054|[g:1][CONSENSUS][PBFT]checkAndChangeView: Reach consensus,org_view=5764,org_changeCycle=0,cur_changeCycle=0,to_view=5765
info|2019-12-11 08:24:18.036247|[g:1][CONSENSUS]addRawPrepare,height=1,reqIdx=1,hash=aad28b8a...
info|2019-12-11 08:24:18.037353|[g:1][CONSENSUS][PBFT]checkTimeout Succ,view=5765,toView=5766,nodeIdx=3,changeCycle=0,myNode=d0064285...,timecost=0.862
info|2019-12-11 08:24:18.040055|[g:1][CONSENSUS][PBFT]checkAndChangeView: Reach consensus,org_view=5765,org_changeCycle=0,cur_changeCycle=0,to_view=5766
info|2019-12-11 08:24:19.043627|[g:1][CONSENSUS]addRawPrepare,height=1,reqIdx=2,hash=69f5e1fe...
info|2019-12-11 08:24:19.044736|[g:1][CONSENSUS][PBFT]checkTimeout Succ,view=5766,toView=5767,nodeIdx=3,changeCycle=0,myNode=d0064285...,timecost=0.811
info|2019-12-11 08:24:19.047365|[g:1][CONSENSUS][PBFT]checkAndChangeView: Reach consensus,org_view=5766,org_changeCycle=0,cur_changeCycle=0,to_view=5767
info|2019-12-11 08:24:20.048066|[g:1][CONSENSUS][SEALER]++++++++++++++++ Generating seal on,blkNum=1,tx=0,nodeIdx=3,hash=045a7e5c...
info|2019-12-11 08:24:20.049427|[g:1][CONSENSUS][PBFT]checkTimeout Succ,view=5767,toView=5768,nodeIdx=3,changeCycle=0,myNode=d0064285...,timecost=0.842
info|2019-12-11 08:24:20.055598|[g:1][CONSENSUS][PBFT]checkAndChangeView: Reach consensus,org_view=5767,org_changeCycle=0,cur_changeCycle=0,to_view=5768
info|2019-12-11 08:24:21.058736|[g:1][CONSENSUS]addRawPrepare,height=1,reqIdx=0,hash=2775cc0c...
info|2019-12-11 08:24:21.059704|[g:1][CONSENSUS][PBFT]checkTimeout Succ,view=5768,toView=5769,nodeIdx=3,changeCycle=0,myNode=d0064285...,timecost=0.724
info|2019-12-11 08:24:21.063373|[g:1][CONSENSUS][PBFT]checkAndChangeView: Reach consensus,org_view=5768,org_changeCycle=0,cur_changeCycle=0,to_view=5769
info|2019-12-11 08:24:22.068792|[g:1][CONSENSUS]addRawPrepare,height=1,reqIdx=1,hash=0cdbcd3d...
info|2019-12-11 08:24:22.070117|[g:1][CONSENSUS][PBFT]checkTimeout Succ,view=5769,toView=5770,nodeIdx=3,changeCycle=0,myNode=d0064285...,timecost=0.782
info|2019-12-11 08:24:22.073653|[g:1][CONSENSUS][PBFT]checkAndChangeView: Reach consensus,org_view=5769,org_changeCycle=0,cur_changeCycle=0,to_view=5770
info|2019-12-11 08:24:23.034829|[P2P][Service] heartBeat,connected count=3
info|2019-12-11 08:24:23.076946|[g:1][CONSENSUS]addRawPrepare,height=1,reqIdx=2,hash=9f23c83c...
info|2019-12-11 08:24:23.077954|[g:1][CONSENSUS][PBFT]checkTimeout Succ,view=5770,toView=5771,nodeIdx=3,changeCycle=0,myNode=d0064285...,timecost=0.801
info|2019-12-11 08:24:23.082833|[g:1][CONSENSUS][PBFT]checkAndChangeView: Reach consensus,org_view=5770,org_changeCycle=0,cur_changeCycle=0,to_view=5771
info|2019-12-11 08:24:24.082302|[g:1][CONSENSUS][SEALER]++++++++++++++++ Generating seal on,blkNum=1,tx=0,nodeIdx=3,hash=ae99b90d...
info|2019-12-11 08:24:24.087125|[g:1][CONSENSUS][PBFT]checkTimeout Succ,view=5771,toView=5772,nodeIdx=3,changeCycle=0,myNode=d0064285...,timecost=0.815
info|2019-12-11 08:24:24.089629|[g:1][CONSENSUS][PBFT]checkAndChangeView: Reach consensus,org_view=5771,org_changeCycle=0,cur_changeCycle=0,to_view=5772
info|2019-12-11 08:24:25.092695|[g:1][CONSENSUS]addRawPrepare,height=1,reqIdx=0,hash=33fe9512...
info|2019-12-11 08:24:25.093926|[g:1][CONSENSUS][PBFT]checkTimeout Succ,view=5772,toView=5773,nodeIdx=3,changeCycle=0,myNode=d0064285...,timecost=0.854
info|2019-12-11 08:24:25.097790|[g:1][CONSENSUS][PBFT]checkAndChangeView: Reach consensus,org_view=5772,org_changeCycle=0,cur_changeCycle=0,to_view=5773
info|2019-12-11 08:24:26.103057|[g:1][CONSENSUS]addRawPrepare,height=1,reqIdx=1,hash=241f2a2f...
info|2019-12-11 08:24:26.104343|[g:1][CONSENSUS][PBFT]checkTimeout Succ,view=5773,toView=5774,nodeIdx=3,changeCycle=0,myNode=d0064285...,timecost=0.777
info|2019-12-11 08:24:26.107919|[g:1][CONSENSUS][PBFT]checkAndChangeView: Reach consensus,org_view=5773,org_changeCycle=0,cur_changeCycle=0,to_view=5774
info|2019-12-11 08:24:27.111951|[g:1][CONSENSUS]addRawPrepare,height=1,reqIdx=2,hash=adc58a74...
info|2019-12-11 08:24:27.113442|[g:1][CONSENSUS][PBFT]checkTimeout Succ,view=5774,toView=5775,nodeIdx=3,changeCycle=0,myNode=d0064285...,timecost=1.112
info|2019-12-11 08:24:27.116908|[g:1][CONSENSUS][PBFT]checkAndChangeView: Reach consensus,org_view=5774,org_changeCycle=0,cur_changeCycle=0,to_view=5775
info|2019-12-11 08:24:28.116182|[g:1][CONSENSUS][SEALER]++++++++++++++++ Generating seal on,blkNum=1,tx=0,nodeIdx=3,hash=0a137e47...
info|2019-12-11 08:24:28.117302|[g:1][CONSENSUS][PBFT]checkTimeout Succ,view=5775,toView=5776,nodeIdx=3,changeCycle=0,myNode=d0064285...,timecost=0.724
info|2019-12-11 08:24:28.121101|[g:1][CONSENSUS][PBFT]checkAndChangeView: Reach consensus,org_view=5775,org_changeCycle=0,cur_changeCycle=0,to_view=5776
info|2019-12-11 08:24:29.123774|[g:1][CONSENSUS]addRawPrepare,height=1,reqIdx=0,hash=9f1c88da...
info|2019-12-11 08:24:29.125133|[g:1][CONSENSUS][PBFT]checkTimeout Succ,view=5776,toView=5777,nodeIdx=3,changeCycle=0,myNode=d0064285...,timecost=1.049
info|2019-12-11 08:24:29.128393|[g:1][CONSENSUS][PBFT]checkAndChangeView: Reach consensus,org_view=5776,org_changeCycle=0,cur_changeCycle=0,to_view=5777
info|2019-12-11 08:24:30.133121|[g:1][CONSENSUS]addRawPrepare,height=1,reqIdx=1,hash=c2e00107...
info|2019-12-11 08:24:30.135345|[g:1][CONSENSUS][PBFT]checkTimeout Succ,view=5777,toView=5778,nodeIdx=3,changeCycle=0,myNode=d0064285...,timecost=1.597
info|2019-12-11 08:24:30.138294|[g:1][CONSENSUS][PBFT]checkAndChangeView: Reach consensus,org_view=5777,org_changeCycle=0,cur_changeCycle=0,to_view=5778
info|2019-12-11 08:24:31.141318|[g:1][CONSENSUS]addRawPrepare,height=1,reqIdx=2,hash=c1fab8d9...
info|2019-12-11 08:24:31.143361|[g:1][CONSENSUS][PBFT]checkTimeout Succ,view=5778,toView=5779,nodeIdx=3,changeCycle=0,myNode=d0064285...,timecost=1.806
info|2019-12-11 08:24:31.146066|[g:1][CONSENSUS][PBFT]checkAndChangeView: Reach consensus,org_view=5778,org_changeCycle=0,cur_changeCycle=0,to_view=5779
info|2019-12-11 08:24:32.146914|[g:1][CONSENSUS][SEALER]++++++++++++++++ Generating seal on,blkNum=1,tx=0,nodeIdx=3,hash=3d20cc26...
info|2019-12-11 08:24:32.148292|[g:1][CONSENSUS][PBFT]checkTimeout Succ,view=5779,toView=5780,nodeIdx=3,changeCycle=0,myNode=d0064285...,timecost=0.849
info|2019-12-11 08:24:32.154247|[g:1][CONSENSUS][PBFT]checkAndChangeView: Reach consensus,org_view=5779,org_changeCycle=0,cur_changeCycle=0,to_view=5780
info|2019-12-11 08:24:33.040465|[P2P][Service] heartBeat,connected count=3
info|2019-12-11 08:24:33.155317|[g:1][CONSENSUS]addRawPrepare,height=1,reqIdx=0,hash=62034797...
info|2019-12-11 08:24:33.156194|[g:1][CONSENSUS][PBFT]checkTimeout Succ,view=5780,toView=5781,nodeIdx=3,changeCycle=0,myNode=d0064285...,timecost=0.711
info|2019-12-11 08:24:33.159685|[g:1][CONSENSUS][PBFT]checkAndChangeView: Reach consensus,org_view=5780,org_changeCycle=0,cur_changeCycle=0,to_view=5781
info|2019-12-11 08:36:21.010639|[P2P][Service] heartBeat,connected count=3
warning|2019-12-11 08:36:21.014302|[g:1][CONSENSUS][PBFT]ViewChangeWarning: not caused by omit empty block ,v=5781,toV=5782,curNum=0,hash=382ff964...,nodeIdx=3,myNode=d0064285...
info|2019-12-11 08:36:21.014419|[g:1][CONSENSUS][PBFT]checkTimeout Succ,view=5781,toView=5782,nodeIdx=3,changeCycle=1,myNode=d0064285...,timecost=0.545
info|2019-12-11 08:36:21.021159|[g:1][CONSENSUS][PBFT]checkAndChangeView: Reach consensus,org_view=5781,org_changeCycle=1,cur_changeCycle=1,to_view=5782
info|2019-12-11 08:36:22.022094|[g:1][CONSENSUS]addRawPrepare,height=1,reqIdx=2,hash=f5a713e0...
info|2019-12-11 08:36:22.022674|[g:1][CONSENSUS][PBFT]checkTimeout Succ,view=5782,toView=5783,nodeIdx=3,changeCycle=0,myNode=d0064285...,timecost=0.448
info|2019-12-11 08:36:22.024303|[g:1][CONSENSUS][PBFT]checkAndChangeView: Reach consensus,org_view=5782,org_changeCycle=0,cur_changeCycle=0,to_view=5783
info|2019-12-11 08:36:23.025734|[g:1][CONSENSUS][SEALER]++++++++++++++++ Generating seal on,blkNum=1,tx=0,nodeIdx=3,hash=2292e000...
info|2019-12-11 08:36:23.027031|[g:1][CONSENSUS][PBFT]checkTimeout Succ,view=5783,toView=5784,nodeIdx=3,changeCycle=0,myNode=d0064285...,timecost=0.767
info|2019-12-11 08:36:23.033058|[g:1][CONSENSUS][PBFT]checkAndChangeView: Reach consensus,org_view=5783,org_changeCycle=0,cur_changeCycle=0,to_view=5784
info|2019-12-11 08:36:24.037437|[g:1][CONSENSUS]addRawPrepare,height=1,reqIdx=0,hash=7d1a27b0...
info|2019-12-11 08:36:24.038386|[g:1][CONSENSUS][PBFT]checkTimeout Succ,view=5784,toView=5785,nodeIdx=3,changeCycle=0,myNode=d0064285...,timecost=0.707
info|2019-12-11 08:36:24.042086|[g:1][CONSENSUS][PBFT]checkAndChangeView: Reach consensus,org_view=5784,org_changeCycle=0,cur_changeCycle=0,to_view=5785
info|2019-12-11 08:36:25.419906|[g:1][CONSENSUS]addRawPrepare,height=1,reqIdx=1,hash=77dc4757...
info|2019-12-11 08:36:25.420699|[g:1][CONSENSUS][PBFT]checkTimeout Succ,view=5785,toView=5786,nodeIdx=3,changeCycle=0,myNode=d0064285...,timecost=0.571
info|2019-12-11 08:36:25.424531|[g:1][CONSENSUS][PBFT]checkAndChangeView: Reach consensus,org_view=5785,org_changeCycle=0,cur_changeCycle=0,to_view=5786
info|2019-12-11 08:36:26.427778|[g:1][CONSENSUS]addRawPrepare,height=1,reqIdx=2,hash=9a0e0b9d...
info|2019-12-11 08:36:26.428931|[g:1][CONSENSUS][PBFT]checkTimeout Succ,view=5786,toView=5787,nodeIdx=3,changeCycle=0,myNode=d0064285...,timecost=0.914
info|2019-12-11 08:36:26.432867|[g:1][CONSENSUS][PBFT]checkAndChangeView: Reach consensus,org_view=5786,org_changeCycle=0,cur_changeCycle=0,to_view=5787
info|2019-12-11 08:36:27.432867|[g:1][CONSENSUS][SEALER]++++++++++++++++ Generating seal on,blkNum=1,tx=0,nodeIdx=3,hash=0da7986c...
info|2019-12-11 08:36:27.434255|[g:1][CONSENSUS][PBFT]checkTimeout Succ,view=5787,toView=5788,nodeIdx=3,changeCycle=0,myNode=d0064285...,timecost=0.815
info|2019-12-11 08:36:27.439673|[g:1][CONSENSUS][PBFT]checkAndChangeView: Reach consensus,org_view=5787,org_changeCycle=0,cur_changeCycle=0,to_view=5788
info|2019-12-11 08:36:28.443546|[g:1][CONSENSUS]addRawPrepare,height=1,reqIdx=0,hash=61282810...
info|2019-12-11 08:36:28.444712|[g:1][CONSENSUS][PBFT]checkTimeout Succ,view=5788,toView=5789,nodeIdx=3,changeCycle=0,myNode=d0064285...,timecost=0.875
info|2019-12-11 08:36:28.447188|[g:1][CONSENSUS][PBFT]checkAndChangeView: Reach consensus,org_view=5788,org_changeCycle=0,cur_changeCycle=0,to_view=5789
info|2019-12-11 08:36:29.449032|[g:1][CONSENSUS]addRawPrepare,height=1,reqIdx=1,hash=f551fb04...
info|2019-12-11 08:36:29.450094|[g:1][CONSENSUS][PBFT]checkTimeout Succ,view=5789,toView=5790,nodeIdx=3,changeCycle=0,myNode=d0064285...,timecost=0.799
info|2019-12-11 08:36:29.452241|[g:1][CONSENSUS][PBFT]checkAndChangeView: Reach consensus,org_view=5789,org_changeCycle=0,cur_changeCycle=0,to_view=5790
info|2019-12-11 08:36:30.455234|[g:1][CONSENSUS]addRawPrepare,height=1,reqIdx=2,hash=c82176e2...
info|2019-12-11 08:36:30.456369|[g:1][CONSENSUS][PBFT]checkTimeout Succ,view=5790,toView=5791,nodeIdx=3,changeCycle=0,myNode=d0064285...,timecost=0.87
info|2019-12-11 08:36:30.460004|[g:1][CONSENSUS][PBFT]checkAndChangeView: Reach consensus,org_view=5790,org_changeCycle=0,cur_changeCycle=0,to_view=5791
info|2019-12-11 08:36:31.010900|[P2P][Service] heartBeat,connected count=3
info|2019-12-11 08:36:31.461649|[g:1][CONSENSUS][SEALER]++++++++++++++++ Generating seal on,blkNum=1,tx=0,nodeIdx=3,hash=a77370a3...
info|2019-12-11 08:36:31.463082|[g:1][CONSENSUS][PBFT]checkTimeout Succ,view=5791,toView=5792,nodeIdx=3,changeCycle=0,myNode=d0064285...,timecost=0.862
info|2019-12-11 08:36:31.468416|[g:1][CONSENSUS][PBFT]checkAndChangeView: Reach consensus,org_view=5791,org_changeCycle=0,cur_changeCycle=0,to_view=5792
info|2019-12-11 08:36:32.470001|[g:1][CONSENSUS]addRawPrepare,height=1,reqIdx=0,hash=685a54ba...
info|2019-12-11 08:36:32.470745|[g:1][CONSENSUS][PBFT]checkTimeout Succ,view=5792,toView=5793,nodeIdx=3,changeCycle=0,myNode=d0064285...,timecost=0.496
info|2019-12-11 08:36:32.472832|[g:1][CONSENSUS][PBFT]checkAndChangeView: Reach consensus,org_view=5792,org_changeCycle=0,cur_changeCycle=0,to_view=5793
info|2019-12-11 08:36:33.475150|[g:1][CONSENSUS]addRawPrepare,height=1,reqIdx=1,hash=ba6337c0...
info|2019-12-11 08:36:33.477285|[g:1][CONSENSUS][PBFT]checkTimeout Succ,view=5793,toView=5794,nodeIdx=3,changeCycle=0,myNode=d0064285...,timecost=1.325
info|2019-12-11 08:36:33.479928|[g:1][CONSENSUS][PBFT]checkAndChangeView: Reach consensus,org_view=5793,org_changeCycle=0,cur_changeCycle=0,to_view=5794
info|2019-12-11 08:36:34.481818|[g:1][CONSENSUS]addRawPrepare,height=1,reqIdx=2,hash=fe074d4d...
info|2019-12-11 08:36:34.482924|[g:1][CONSENSUS][PBFT]checkTimeout Succ,view=5794,toView=5795,nodeIdx=3,changeCycle=0,myNode=d0064285...,timecost=0.866
info|2019-12-11 08:36:34.485608|[g:1][CONSENSUS][PBFT]checkAndChangeView: Reach consensus,org_view=5794,org_changeCycle=0,cur_changeCycle=0,to_view=5795
info|2019-12-11 08:36:35.485203|[g:1][CONSENSUS][SEALER]++++++++++++++++ Generating seal on,blkNum=1,tx=0,nodeIdx=3,hash=ec4c90e1...
info|2019-12-11 08:36:35.486791|[g:1][CONSENSUS][PBFT]checkTimeout Succ,view=5795,toView=5796,nodeIdx=3,changeCycle=0,myNode=d0064285...,timecost=0.899
info|2019-12-11 08:36:35.492456|[g:1][CONSENSUS][PBFT]checkAndChangeView: Reach consensus,org_view=5795,org_changeCycle=0,cur_changeCycle=0,to_view=5796
info|2019-12-11 08:36:36.493917|[g:1][CONSENSUS]addRawPrepare,height=1,reqIdx=0,hash=80f1fc9c...
info|2019-12-11 08:36:36.495812|[g:1][CONSENSUS][PBFT]checkTimeout Succ,view=5796,toView=5797,nodeIdx=3,changeCycle=0,myNode=d0064285...,timecost=1.601
info|2019-12-11 08:36:36.499165|[g:1][CONSENSUS][PBFT]checkAndChangeView: Reach consensus,org_view=5796,org_changeCycle=0,cur_changeCycle=0,to_view=5797
info|2019-12-11 08:36:37.500406|[g:1][CONSENSUS]addRawPrepare,height=1,reqIdx=1,hash=7597875b...
info|2019-12-11 08:36:37.501972|[g:1][CONSENSUS][PBFT]checkTimeout Succ,view=5797,toView=5798,nodeIdx=3,changeCycle=0,myNode=d0064285...,timecost=0.825
info|2019-12-11 08:36:37.504448|[g:1][CONSENSUS][PBFT]checkAndChangeView: Reach consensus,org_view=5797,org_changeCycle=0,cur_changeCycle=0,to_view=5798
info|2019-12-11 08:36:38.508856|[g:1][CONSENSUS]addRawPrepare,height=1,reqIdx=2,hash=d24bed54...
info|2019-12-11 08:36:38.510990|[g:1][CONSENSUS][PBFT]checkTimeout Succ,view=5798,toView=5799,nodeIdx=3,changeCycle=0,myNode=d0064285...,timecost=1.509
info|2019-12-11 08:36:38.513449|[g:1][CONSENSUS][PBFT]checkAndChangeView: Reach consensus,org_view=5798,org_changeCycle=0,cur_changeCycle=0,to_view=5799
info|2019-12-11 08:36:39.514458|[g:1][CONSENSUS][SEALER]++++++++++++++++ Generating seal on,blkNum=1,tx=0,nodeIdx=3,hash=e55e8c87...
info|2019-12-11 08:36:39.520411|[g:1][CONSENSUS][PBFT]checkTimeout Succ,view=5799,toView=5800,nodeIdx=3,changeCycle=0,myNode=d0064285...,timecost=1.008
info|2019-12-11 08:36:39.521775|[g:1][CONSENSUS][PBFT]checkAndChangeView: Reach consensus,org_view=5799,org_changeCycle=0,cur_changeCycle=0,to_view=5800
info|2019-12-11 08:36:40.524431|[g:1][CONSENSUS]addRawPrepare,height=1,reqIdx=0,hash=c09ab51f...
info|2019-12-11 08:36:40.526070|[g:1][CONSENSUS][PBFT]checkTimeout Succ,view=5800,toView=5801,nodeIdx=3,changeCycle=0,myNode=d0064285...,timecost=1.406
info|2019-12-11 08:36:40.529516|[g:1][CONSENSUS][PBFT]checkAndChangeView: Reach consensus,org_view=5800,org_changeCycle=0,cur_changeCycle=0,to_view=5801
info|2019-12-11 08:36:41.016601|[P2P][Service] heartBeat,connected count=3
info|2019-12-11 08:36:41.531545|[g:1][CONSENSUS]addRawPrepare,height=1,reqIdx=1,hash=2309d001...
info|2019-12-11 08:36:41.533599|[g:1][CONSENSUS][PBFT]checkTimeout Succ,view=5801,toView=5802,nodeIdx=3,changeCycle=0,myNode=d0064285...,timecost=1.782
info|2019-12-11 08:36:41.537715|[g:1][CONSENSUS][PBFT]checkAndChangeView: Reach consensus,org_view=5801,org_changeCycle=0,cur_changeCycle=0,to_view=5802
info|2019-12-11 08:36:42.537917|[g:1][CONSENSUS]addRawPrepare,height=1,reqIdx=2,hash=db8132e1...
info|2019-12-11 08:36:42.538403|[g:1][CONSENSUS][PBFT]checkTimeout Succ,view=5802,toView=5803,nodeIdx=3,changeCycle=0,myNode=d0064285...,timecost=0.381
info|2019-12-11 08:36:42.541132|[g:1][CONSENSUS][PBFT]checkAndChangeView: Reach consensus,org_view=5802,org_changeCycle=0,cur_changeCycle=0,to_view=5803
info|2019-12-11 08:36:43.541435|[g:1][CONSENSUS][SEALER]++++++++++++++++ Generating seal on,blkNum=1,tx=0,nodeIdx=3,hash=03419132...
info|2019-12-11 08:36:43.542604|[g:1][CONSENSUS][PBFT]checkTimeout Succ,view=5803,toView=5804,nodeIdx=3,changeCycle=0,myNode=d0064285...,timecost=0.619
info|2019-12-11 08:36:43.547155|[g:1][CONSENSUS][PBFT]checkAndChangeView: Reach consensus,org_view=5803,org_changeCycle=0,cur_changeCycle=0,to_view=5804
info|2019-12-11 08:36:44.548780|[g:1][CONSENSUS]addRawPrepare,height=1,reqIdx=0,hash=a5904309...
info|2019-12-11 08:36:44.549757|[g:1][CONSENSUS][PBFT]checkTimeout Succ,view=5804,toView=5805,nodeIdx=3,changeCycle=0,myNode=d0064285...,timecost=0.737
info|2019-12-11 08:36:44.553598|[g:1][CONSENSUS][PBFT]checkAndChangeView: Reach consensus,org_view=5804,org_changeCycle=0,cur_changeCycle=0,to_view=5805
info|2019-12-11 08:36:45.555974|[g:1][CONSENSUS]addRawPrepare,height=1,reqIdx=1,hash=2d4c63e7...
info|2019-12-11 08:36:45.557657|[g:1][CONSENSUS][PBFT]checkTimeout Succ,view=5805,toView=5806,nodeIdx=3,changeCycle=0,myNode=d0064285...,timecost=1.471
info|2019-12-11 08:36:45.560832|[g:1][CONSENSUS][PBFT]checkAndChangeView: Reach consensus,org_view=5805,org_changeCycle=0,cur_changeCycle=0,to_view=5806
info|2019-12-11 08:36:46.563994|[g:1][CONSENSUS]addRawPrepare,height=1,reqIdx=2,hash=81ecc6b5...
info|2019-12-11 08:36:46.565768|[g:1][CONSENSUS][PBFT]checkTimeout Succ,view=5806,toView=5807,nodeIdx=3,changeCycle=0,myNode=d0064285...,timecost=1.486
info|2019-12-11 08:36:46.568589|[g:1][CONSENSUS][PBFT]checkAndChangeView: Reach consensus,org_view=5806,org_changeCycle=0,cur_changeCycle=0,to_view=5807
