info|2019-12-12 00:22:39.160218|[P2P][Service] heartBeat,connected count=3
warning|2019-12-12 00:22:39.146416|[g:1][CONSENSUS][PBFT]ViewChangeWarning: not caused by omit empty block ,v=1989,toV=1990,curNum=11,hash=9b39b6b9...,nodeIdx=3,myNode=d0064285...
info|2019-12-12 00:22:39.174203|[g:1][CONSENSUS][PBFT]checkTimeout Succ,view=1989,toView=1990,nodeIdx=3,changeCycle=1,myNode=d0064285...,timecost=461.11
info|2019-12-12 00:22:39.387897|[g:1][CONSENSUS][PBFT]checkAndChangeView: Reach consensus,org_view=1989,org_changeCycle=1,cur_changeCycle=1,to_view=1990
warning|2019-12-12 00:22:39.958167|[CHANNEL][SESSION]onRead failed,value=2,message=End of file
warning|2019-12-12 00:22:39.959204|[CHANNEL]onClientRequest,errorCode=-1,what=Read failed, disconnect
warning|2019-12-12 00:22:39.960239|[CHANNEL][SESSION]onRead failed,value=2,message=End of file
warning|2019-12-12 00:22:39.960300|[CHANNEL]onClientRequest,errorCode=-1,what=Read failed, disconnect
warning|2019-12-12 00:22:39.973870|[CHANNEL][SESSION]onRead failed,value=2,message=End of file
warning|2019-12-12 00:22:39.974077|[CHANNEL]onClientRequest,errorCode=-1,what=Read failed, disconnect
warning|2019-12-12 00:22:40.035578|[CHANNEL][SESSION]onRead failed,value=2,message=End of file
warning|2019-12-12 00:22:40.035614|[CHANNEL]onClientRequest,errorCode=-1,what=Read failed, disconnect
warning|2019-12-12 00:22:40.039461|[CHANNEL][SESSION]onRead failed,value=2,message=End of file
warning|2019-12-12 00:22:40.039587|[CHANNEL]onClientRequest,errorCode=-1,what=Read failed, disconnect
warning|2019-12-12 00:22:40.188810|[CHANNEL][SESSION]onRead failed,value=2,message=End of file
warning|2019-12-12 00:22:40.188872|[CHANNEL]onClientRequest,errorCode=-1,what=Read failed, disconnect
info|2019-12-12 00:22:40.297578|[g:1][CONSENSUS]addRawPrepare,height=12,reqIdx=1,hash=88ba0da7...
info|2019-12-12 00:22:40.300045|[g:1][CONSENSUS][PBFT]checkTimeout Succ,view=1990,toView=1991,nodeIdx=3,changeCycle=0,myNode=d0064285...,timecost=0.635
info|2019-12-12 00:22:40.304060|[g:1][CONSENSUS][PBFT]checkAndChangeView: Reach consensus,org_view=1990,org_changeCycle=0,cur_changeCycle=0,to_view=1991
warning|2019-12-12 00:22:40.333856|[CHANNEL][SESSION]onRead failed,value=2,message=End of file
warning|2019-12-12 00:22:40.333892|[CHANNEL]onClientRequest,errorCode=-1,what=Read failed, disconnect
info|2019-12-12 00:22:41.254293|[CHANNEL]channel new connect, host=127.0.0.1:49270
info|2019-12-12 00:22:41.255198|[CHANNEL]start receive
info|2019-12-12 00:22:41.305675|[g:1][CONSENSUS]addRawPrepare,height=12,reqIdx=2,hash=6d83a148...
info|2019-12-12 00:22:41.306458|[g:1][CONSENSUS][PBFT]checkTimeout Succ,view=1991,toView=1992,nodeIdx=3,changeCycle=0,myNode=d0064285...,timecost=0.54
info|2019-12-12 00:22:41.308525|[g:1][CONSENSUS][PBFT]checkAndChangeView: Reach consensus,org_view=1991,org_changeCycle=0,cur_changeCycle=0,to_view=1992
info|2019-12-12 00:22:41.394481|[CHANNEL]channel new connect, host=127.0.0.1:49273
info|2019-12-12 00:22:41.394523|[CHANNEL]start receive
info|2019-12-12 00:22:41.400340|[CHANNEL]channel new connect, host=127.0.0.1:49272
info|2019-12-12 00:22:41.400383|[CHANNEL]start receive
info|2019-12-12 00:22:41.400531|[RPC][getClientVersion]request
info|2019-12-12 00:22:41.407156|[CHANNEL]onClientHandshake,ProtocolVersion=2,clientType=java-sdk,endpoint=127.0.0.149270
info|2019-12-12 00:22:41.410576|[RPC][getClientVersion]request
info|2019-12-12 00:22:41.417973|[RPC][getClientVersion]request
info|2019-12-12 00:22:41.418019|[CHANNEL]onClientHandshake,ProtocolVersion=2,clientType=java-sdk,endpoint=127.0.0.149273
info|2019-12-12 00:22:41.426203|[CHANNEL]onClientHandshake,ProtocolVersion=2,clientType=java-sdk,endpoint=127.0.0.149272
info|2019-12-12 00:22:41.477136|[CHANNEL]channel new connect, host=127.0.0.1:49271
info|2019-12-12 00:22:41.477280|[CHANNEL]start receive
info|2019-12-12 00:22:41.481129|[RPC][getClientVersion]request
info|2019-12-12 00:22:41.483836|[CHANNEL]onClientHandshake,ProtocolVersion=2,clientType=java-sdk,endpoint=127.0.0.149271
info|2019-12-12 00:22:41.508171|[CHANNEL]channel new connect, host=127.0.0.1:49276
info|2019-12-12 00:22:41.508210|[CHANNEL]start receive
info|2019-12-12 00:22:41.513720|[CHANNEL]channel new connect, host=127.0.0.1:49275
info|2019-12-12 00:22:41.513762|[CHANNEL]start receive
info|2019-12-12 00:22:41.520714|[RPC][getClientVersion]request
info|2019-12-12 00:22:41.523420|[RPC][getClientVersion]request
info|2019-12-12 00:22:41.538622|[CHANNEL]channel new connect, host=127.0.0.1:49274
info|2019-12-12 00:22:41.538664|[CHANNEL]start receive
info|2019-12-12 00:22:41.540299|[CHANNEL]onClientHandshake,ProtocolVersion=2,clientType=java-sdk,endpoint=127.0.0.149276
info|2019-12-12 00:22:41.542592|[CHANNEL]onClientHandshake,ProtocolVersion=2,clientType=java-sdk,endpoint=127.0.0.149275
info|2019-12-12 00:22:41.549222|[RPC][getClientVersion]request
info|2019-12-12 00:22:41.561310|[CHANNEL]onClientHandshake,ProtocolVersion=2,clientType=java-sdk,endpoint=127.0.0.149274
info|2019-12-12 00:22:42.308465|[g:1][CONSENSUS][SEALER]++++++++++++++++ Generating seal on,blkNum=12,tx=0,nodeIdx=3,hash=a305ac83...
info|2019-12-12 00:22:42.315155|[g:1][CONSENSUS][PBFT]checkTimeout Succ,view=1992,toView=1993,nodeIdx=3,changeCycle=0,myNode=d0064285...,timecost=0.974
info|2019-12-12 00:22:42.318069|[g:1][CONSENSUS][PBFT]checkAndChangeView: Reach consensus,org_view=1992,org_changeCycle=0,cur_changeCycle=0,to_view=1993
info|2019-12-12 00:22:43.319235|[g:1][CONSENSUS]addRawPrepare,height=12,reqIdx=0,hash=c4b52fc3...
info|2019-12-12 00:22:43.320276|[g:1][CONSENSUS][PBFT]checkTimeout Succ,view=1993,toView=1994,nodeIdx=3,changeCycle=0,myNode=d0064285...,timecost=0.589
info|2019-12-12 00:22:43.322195|[g:1][CONSENSUS][PBFT]checkAndChangeView: Reach consensus,org_view=1993,org_changeCycle=0,cur_changeCycle=0,to_view=1994
info|2019-12-12 00:22:44.325798|[g:1][CONSENSUS]addRawPrepare,height=12,reqIdx=1,hash=96b72396...
info|2019-12-12 00:22:44.331049|[g:1][CONSENSUS][PBFT]checkTimeout Succ,view=1994,toView=1995,nodeIdx=3,changeCycle=0,myNode=d0064285...,timecost=4.727
info|2019-12-12 00:22:44.334687|[g:1][CONSENSUS][PBFT]checkAndChangeView: Reach consensus,org_view=1994,org_changeCycle=0,cur_changeCycle=0,to_view=1995
info|2019-12-12 00:22:45.338915|[g:1][CONSENSUS]addRawPrepare,height=12,reqIdx=2,hash=eb3c4133...
info|2019-12-12 00:22:45.340499|[g:1][CONSENSUS][PBFT]checkTimeout Succ,view=1995,toView=1996,nodeIdx=3,changeCycle=0,myNode=d0064285...,timecost=1.293
info|2019-12-12 00:22:45.343835|[g:1][CONSENSUS][PBFT]checkAndChangeView: Reach consensus,org_view=1995,org_changeCycle=0,cur_changeCycle=0,to_view=1996
info|2019-12-12 00:22:46.343221|[g:1][CONSENSUS][SEALER]++++++++++++++++ Generating seal on,blkNum=12,tx=0,nodeIdx=3,hash=53c768c5...
info|2019-12-12 00:22:46.344416|[g:1][CONSENSUS][PBFT]checkTimeout Succ,view=1996,toView=1997,nodeIdx=3,changeCycle=0,myNode=d0064285...,timecost=0.703
info|2019-12-12 00:22:46.349363|[g:1][CONSENSUS][PBFT]checkAndChangeView: Reach consensus,org_view=1996,org_changeCycle=0,cur_changeCycle=0,to_view=1997
info|2019-12-12 00:22:47.351653|[g:1][CONSENSUS]addRawPrepare,height=12,reqIdx=0,hash=ae20a08f...
info|2019-12-12 00:22:47.354497|[g:1][CONSENSUS][PBFT]checkTimeout Succ,view=1997,toView=1998,nodeIdx=3,changeCycle=0,myNode=d0064285...,timecost=2.625
info|2019-12-12 00:22:47.355650|[g:1][CONSENSUS][PBFT]checkAndChangeView: Reach consensus,org_view=1997,org_changeCycle=0,cur_changeCycle=0,to_view=1998
info|2019-12-12 00:22:48.357008|[g:1][CONSENSUS]addRawPrepare,height=12,reqIdx=1,hash=80428c9e...
info|2019-12-12 00:22:48.357783|[g:1][CONSENSUS][PBFT]checkTimeout Succ,view=1998,toView=1999,nodeIdx=3,changeCycle=0,myNode=d0064285...,timecost=0.524
info|2019-12-12 00:22:48.359070|[g:1][CONSENSUS][PBFT]checkAndChangeView: Reach consensus,org_view=1998,org_changeCycle=0,cur_changeCycle=0,to_view=1999
info|2019-12-12 00:22:49.167253|[P2P][Service] heartBeat,connected count=3
info|2019-12-12 00:22:49.361665|[g:1][CONSENSUS]addRawPrepare,height=12,reqIdx=2,hash=435cf44c...
info|2019-12-12 00:22:49.364107|[g:1][CONSENSUS][PBFT]checkTimeout Succ,view=1999,toView=2000,nodeIdx=3,changeCycle=0,myNode=d0064285...,timecost=2.086
info|2019-12-12 00:22:49.365900|[g:1][CONSENSUS][PBFT]checkAndChangeView: Reach consensus,org_view=1999,org_changeCycle=0,cur_changeCycle=0,to_view=2000
info|2019-12-12 00:22:50.365206|[g:1][CONSENSUS][SEALER]++++++++++++++++ Generating seal on,blkNum=12,tx=0,nodeIdx=3,hash=5a4aa731...
info|2019-12-12 00:22:50.371019|[g:1][CONSENSUS][PBFT]checkTimeout Succ,view=2000,toView=2001,nodeIdx=3,changeCycle=0,myNode=d0064285...,timecost=0.868
info|2019-12-12 00:22:50.373517|[g:1][CONSENSUS][PBFT]checkAndChangeView: Reach consensus,org_view=2000,org_changeCycle=0,cur_changeCycle=0,to_view=2001
info|2019-12-12 00:22:51.374677|[g:1][CONSENSUS]addRawPrepare,height=12,reqIdx=0,hash=b7d6fdf4...
info|2019-12-12 00:22:51.376170|[g:1][CONSENSUS][PBFT]checkTimeout Succ,view=2001,toView=2002,nodeIdx=3,changeCycle=0,myNode=d0064285...,timecost=1.242
info|2019-12-12 00:22:51.377597|[g:1][CONSENSUS][PBFT]checkAndChangeView: Reach consensus,org_view=2001,org_changeCycle=0,cur_changeCycle=0,to_view=2002
info|2019-12-12 00:22:52.378983|[g:1][CONSENSUS]addRawPrepare,height=12,reqIdx=1,hash=7f3803be...
info|2019-12-12 00:22:52.379876|[g:1][CONSENSUS][PBFT]checkTimeout Succ,view=2002,toView=2003,nodeIdx=3,changeCycle=0,myNode=d0064285...,timecost=0.656
info|2019-12-12 00:22:52.381055|[g:1][CONSENSUS][PBFT]checkAndChangeView: Reach consensus,org_view=2002,org_changeCycle=0,cur_changeCycle=0,to_view=2003
info|2019-12-12 00:22:53.384451|[g:1][CONSENSUS]addRawPrepare,height=12,reqIdx=2,hash=e38a9577...
info|2019-12-12 00:22:53.385282|[g:1][CONSENSUS][PBFT]checkTimeout Succ,view=2003,toView=2004,nodeIdx=3,changeCycle=0,myNode=d0064285...,timecost=0.608
info|2019-12-12 00:22:53.388977|[g:1][CONSENSUS][PBFT]checkAndChangeView: Reach consensus,org_view=2003,org_changeCycle=0,cur_changeCycle=0,to_view=2004
info|2019-12-12 00:22:54.389987|[g:1][CONSENSUS][SEALER]++++++++++++++++ Generating seal on,blkNum=12,tx=0,nodeIdx=3,hash=67516ac2...
info|2019-12-12 00:22:54.391313|[g:1][CONSENSUS][PBFT]checkTimeout Succ,view=2004,toView=2005,nodeIdx=3,changeCycle=0,myNode=d0064285...,timecost=0.755
info|2019-12-12 00:22:54.395226|[g:1][CONSENSUS][PBFT]checkAndChangeView: Reach consensus,org_view=2004,org_changeCycle=0,cur_changeCycle=0,to_view=2005
info|2019-12-12 00:22:55.398841|[g:1][CONSENSUS]addRawPrepare,height=12,reqIdx=0,hash=046aece5...
info|2019-12-12 00:22:55.402948|[g:1][CONSENSUS][PBFT]checkTimeout Succ,view=2005,toView=2006,nodeIdx=3,changeCycle=0,myNode=d0064285...,timecost=3.798
info|2019-12-12 00:22:55.405574|[g:1][CONSENSUS][PBFT]checkAndChangeView: Reach consensus,org_view=2005,org_changeCycle=0,cur_changeCycle=0,to_view=2006
info|2019-12-12 00:22:56.406834|[g:1][CONSENSUS]addRawPrepare,height=12,reqIdx=1,hash=620dd00d...
info|2019-12-12 00:22:56.408167|[g:1][CONSENSUS][PBFT]checkTimeout Succ,view=2006,toView=2007,nodeIdx=3,changeCycle=0,myNode=d0064285...,timecost=1.028
info|2019-12-12 00:22:56.412305|[g:1][CONSENSUS][PBFT]checkAndChangeView: Reach consensus,org_view=2006,org_changeCycle=0,cur_changeCycle=0,to_view=2007
info|2019-12-12 00:22:57.415974|[g:1][CONSENSUS]addRawPrepare,height=12,reqIdx=2,hash=8721e3e1...
info|2019-12-12 00:22:57.417505|[g:1][CONSENSUS][PBFT]checkTimeout Succ,view=2007,toView=2008,nodeIdx=3,changeCycle=0,myNode=d0064285...,timecost=1.272
info|2019-12-12 00:22:57.422169|[g:1][CONSENSUS][PBFT]checkAndChangeView: Reach consensus,org_view=2007,org_changeCycle=0,cur_changeCycle=0,to_view=2008
info|2019-12-12 00:22:58.422939|[g:1][CONSENSUS][SEALER]++++++++++++++++ Generating seal on,blkNum=12,tx=0,nodeIdx=3,hash=1a10e63f...
info|2019-12-12 00:22:58.428922|[g:1][CONSENSUS][PBFT]checkTimeout Succ,view=2008,toView=2009,nodeIdx=3,changeCycle=0,myNode=d0064285...,timecost=0.865
info|2019-12-12 00:22:58.431597|[g:1][CONSENSUS][PBFT]checkAndChangeView: Reach consensus,org_view=2008,org_changeCycle=0,cur_changeCycle=0,to_view=2009
info|2019-12-12 00:22:59.167806|[P2P][Service] heartBeat,connected count=3
info|2019-12-12 00:22:59.434622|[g:1][CONSENSUS]addRawPrepare,height=12,reqIdx=0,hash=1d819ed5...
info|2019-12-12 00:22:59.436658|[g:1][CONSENSUS][PBFT]checkTimeout Succ,view=2009,toView=2010,nodeIdx=3,changeCycle=0,myNode=d0064285...,timecost=1.512
info|2019-12-12 00:22:59.441006|[g:1][CONSENSUS][PBFT]checkAndChangeView: Reach consensus,org_view=2009,org_changeCycle=0,cur_changeCycle=0,to_view=2010
info|2019-12-12 00:23:00.445616|[g:1][CONSENSUS]addRawPrepare,height=12,reqIdx=1,hash=93243727...
info|2019-12-12 00:23:00.446330|[g:1][CONSENSUS][PBFT]checkTimeout Succ,view=2010,toView=2011,nodeIdx=3,changeCycle=0,myNode=d0064285...,timecost=0.461
info|2019-12-12 00:23:00.448699|[g:1][CONSENSUS][PBFT]checkAndChangeView: Reach consensus,org_view=2010,org_changeCycle=0,cur_changeCycle=0,to_view=2011
info|2019-12-12 00:23:01.451404|[g:1][CONSENSUS]addRawPrepare,height=12,reqIdx=2,hash=cddc9435...
info|2019-12-12 00:23:01.453257|[g:1][CONSENSUS][PBFT]checkTimeout Succ,view=2011,toView=2012,nodeIdx=3,changeCycle=0,myNode=d0064285...,timecost=1.447
info|2019-12-12 00:23:01.454998|[g:1][CONSENSUS][PBFT]checkAndChangeView: Reach consensus,org_view=2011,org_changeCycle=0,cur_changeCycle=0,to_view=2012
info|2019-12-12 00:23:02.455275|[g:1][CONSENSUS][SEALER]++++++++++++++++ Generating seal on,blkNum=12,tx=0,nodeIdx=3,hash=ce8a249d...
info|2019-12-12 00:23:02.456208|[g:1][CONSENSUS][PBFT]checkTimeout Succ,view=2012,toView=2013,nodeIdx=3,changeCycle=0,myNode=d0064285...,timecost=0.485
info|2019-12-12 00:23:02.460180|[g:1][CONSENSUS][PBFT]checkAndChangeView: Reach consensus,org_view=2012,org_changeCycle=0,cur_changeCycle=0,to_view=2013
info|2019-12-12 00:23:03.463183|[g:1][CONSENSUS]addRawPrepare,height=12,reqIdx=0,hash=1aeabc1a...
info|2019-12-12 00:23:03.464634|[g:1][CONSENSUS][PBFT]checkTimeout Succ,view=2013,toView=2014,nodeIdx=3,changeCycle=0,myNode=d0064285...,timecost=1.151
info|2019-12-12 00:23:03.467396|[g:1][CONSENSUS][PBFT]checkAndChangeView: Reach consensus,org_view=2013,org_changeCycle=0,cur_changeCycle=0,to_view=2014
info|2019-12-12 00:23:04.485374|[g:1][CONSENSUS]addRawPrepare,height=12,reqIdx=1,hash=d4da2989...
info|2019-12-12 00:23:04.486895|[g:1][CONSENSUS][PBFT]checkTimeout Succ,view=2014,toView=2015,nodeIdx=3,changeCycle=0,myNode=d0064285...,timecost=1.214
info|2019-12-12 00:23:04.489677|[g:1][CONSENSUS][PBFT]checkAndChangeView: Reach consensus,org_view=2014,org_changeCycle=0,cur_changeCycle=0,to_view=2015
info|2019-12-12 00:23:05.494223|[g:1][CONSENSUS]addRawPrepare,height=12,reqIdx=2,hash=e06ac883...
info|2019-12-12 00:23:05.495070|[g:1][CONSENSUS][PBFT]checkTimeout Succ,view=2015,toView=2016,nodeIdx=3,changeCycle=0,myNode=d0064285...,timecost=0.627
info|2019-12-12 00:23:05.498672|[g:1][CONSENSUS][PBFT]checkAndChangeView: Reach consensus,org_view=2015,org_changeCycle=0,cur_changeCycle=0,to_view=2016
info|2019-12-12 00:23:06.499417|[g:1][CONSENSUS][SEALER]++++++++++++++++ Generating seal on,blkNum=12,tx=0,nodeIdx=3,hash=c99b58ef...
info|2019-12-12 00:23:06.500835|[g:1][CONSENSUS][PBFT]checkTimeout Succ,view=2016,toView=2017,nodeIdx=3,changeCycle=0,myNode=d0064285...,timecost=0.851
info|2019-12-12 00:23:06.506730|[g:1][CONSENSUS][PBFT]checkAndChangeView: Reach consensus,org_view=2016,org_changeCycle=0,cur_changeCycle=0,to_view=2017
info|2019-12-12 00:23:07.509340|[g:1][CONSENSUS]addRawPrepare,height=12,reqIdx=0,hash=3fc37c57...
info|2019-12-12 00:23:07.511183|[g:1][CONSENSUS][PBFT]checkTimeout Succ,view=2017,toView=2018,nodeIdx=3,changeCycle=0,myNode=d0064285...,timecost=1.616
info|2019-12-12 00:23:07.513588|[g:1][CONSENSUS][PBFT]checkAndChangeView: Reach consensus,org_view=2017,org_changeCycle=0,cur_changeCycle=0,to_view=2018
info|2019-12-12 00:23:08.514861|[g:1][CONSENSUS]addRawPrepare,height=12,reqIdx=1,hash=1e8c42ee...
info|2019-12-12 00:23:08.515724|[g:1][CONSENSUS][PBFT]checkTimeout Succ,view=2018,toView=2019,nodeIdx=3,changeCycle=0,myNode=d0064285...,timecost=0.464
info|2019-12-12 00:23:08.517406|[g:1][CONSENSUS][PBFT]checkAndChangeView: Reach consensus,org_view=2018,org_changeCycle=0,cur_changeCycle=0,to_view=2019
info|2019-12-12 00:23:09.174836|[P2P][Service] heartBeat,connected count=3
info|2019-12-12 00:23:09.519067|[g:1][CONSENSUS]addRawPrepare,height=12,reqIdx=2,hash=d61b6137...
info|2019-12-12 00:23:09.521234|[g:1][CONSENSUS][PBFT]checkTimeout Succ,view=2019,toView=2020,nodeIdx=3,changeCycle=0,myNode=d0064285...,timecost=1.778
info|2019-12-12 00:23:09.523413|[g:1][CONSENSUS][PBFT]checkAndChangeView: Reach consensus,org_view=2019,org_changeCycle=0,cur_changeCycle=0,to_view=2020
info|2019-12-12 00:23:10.523300|[g:1][CONSENSUS][SEALER]++++++++++++++++ Generating seal on,blkNum=12,tx=0,nodeIdx=3,hash=4e136211...
info|2019-12-12 00:23:10.529646|[g:1][CONSENSUS][PBFT]checkTimeout Succ,view=2020,toView=2021,nodeIdx=3,changeCycle=0,myNode=d0064285...,timecost=0.757
info|2019-12-12 00:23:10.530845|[g:1][CONSENSUS][PBFT]checkAndChangeView: Reach consensus,org_view=2020,org_changeCycle=0,cur_changeCycle=0,to_view=2021
info|2019-12-12 00:23:11.533967|[g:1][CONSENSUS]addRawPrepare,height=12,reqIdx=0,hash=33084f57...
info|2019-12-12 00:23:11.537507|[g:1][CONSENSUS][PBFT]checkTimeout Succ,view=2021,toView=2022,nodeIdx=3,changeCycle=0,myNode=d0064285...,timecost=3.174
info|2019-12-12 00:23:11.540382|[g:1][CONSENSUS][PBFT]checkAndChangeView: Reach consensus,org_view=2021,org_changeCycle=0,cur_changeCycle=0,to_view=2022
info|2019-12-12 00:23:12.542929|[g:1][CONSENSUS]addRawPrepare,height=12,reqIdx=1,hash=60b34e8e...
info|2019-12-12 00:23:12.544455|[g:1][CONSENSUS][PBFT]checkTimeout Succ,view=2022,toView=2023,nodeIdx=3,changeCycle=0,myNode=d0064285...,timecost=1.282
info|2019-12-12 00:23:12.547401|[g:1][CONSENSUS][PBFT]checkAndChangeView: Reach consensus,org_view=2022,org_changeCycle=0,cur_changeCycle=0,to_view=2023
info|2019-12-12 00:23:13.550076|[g:1][CONSENSUS]addRawPrepare,height=12,reqIdx=2,hash=16c4cfc6...
info|2019-12-12 00:23:13.551232|[g:1][CONSENSUS][PBFT]checkTimeout Succ,view=2023,toView=2024,nodeIdx=3,changeCycle=0,myNode=d0064285...,timecost=0.883
info|2019-12-12 00:23:13.555825|[g:1][CONSENSUS][PBFT]checkAndChangeView: Reach consensus,org_view=2023,org_changeCycle=0,cur_changeCycle=0,to_view=2024
