warning|2019-12-12 08:49:12.005005|[g:1][CONSENSUS][PBFT]ViewChangeWarning: not caused by omit empty block ,v=2268,toV=2269,curNum=11,hash=9b39b6b9...,nodeIdx=3,myNode=d0064285...
info|2019-12-12 08:49:12.005210|[g:1][CONSENSUS][PBFT]checkTimeout Succ,view=2268,toView=2269,nodeIdx=3,changeCycle=1,myNode=d0064285...,timecost=0.905
info|2019-12-12 08:49:12.013221|[P2P][Service] heartBeat,connected count=3
info|2019-12-12 08:49:12.023933|[g:1][CONSENSUS][PBFT]checkAndChangeView: Reach consensus,org_view=2268,org_changeCycle=1,cur_changeCycle=1,to_view=2269
info|2019-12-12 08:49:13.025621|[g:1][CONSENSUS]addRawPrepare,height=12,reqIdx=0,hash=c7addedb...
info|2019-12-12 08:49:13.026292|[g:1][CONSENSUS][PBFT]checkTimeout Succ,view=2269,toView=2270,nodeIdx=3,changeCycle=0,myNode=d0064285...,timecost=0.509
info|2019-12-12 08:49:13.028486|[g:1][CONSENSUS][PBFT]checkAndChangeView: Reach consensus,org_view=2269,org_changeCycle=0,cur_changeCycle=0,to_view=2270
info|2019-12-12 08:49:14.234358|[g:1][CONSENSUS]addRawPrepare,height=12,reqIdx=1,hash=addbfb01...
info|2019-12-12 08:49:14.234867|[g:1][CONSENSUS][PBFT]checkTimeout Succ,view=2270,toView=2271,nodeIdx=3,changeCycle=0,myNode=d0064285...,timecost=0.349
info|2019-12-12 08:49:14.238057|[g:1][CONSENSUS][PBFT]checkAndChangeView: Reach consensus,org_view=2270,org_changeCycle=0,cur_changeCycle=0,to_view=2271
info|2019-12-12 08:49:15.240185|[g:1][CONSENSUS]addRawPrepare,height=12,reqIdx=2,hash=0d1acfc8...
info|2019-12-12 08:49:15.240862|[g:1][CONSENSUS][PBFT]checkTimeout Succ,view=2271,toView=2272,nodeIdx=3,changeCycle=0,myNode=d0064285...,timecost=0.512
info|2019-12-12 08:49:15.242878|[g:1][CONSENSUS][PBFT]checkAndChangeView: Reach consensus,org_view=2271,org_changeCycle=0,cur_changeCycle=0,to_view=2272
info|2019-12-12 08:49:16.243807|[g:1][CONSENSUS][SEALER]++++++++++++++++ Generating seal on,blkNum=12,tx=0,nodeIdx=3,hash=8cb27222...
info|2019-12-12 08:49:16.250798|[g:1][CONSENSUS][PBFT]checkTimeout Succ,view=2272,toView=2273,nodeIdx=3,changeCycle=0,myNode=d0064285...,timecost=1.321
info|2019-12-12 08:49:16.251936|[g:1][CONSENSUS][PBFT]checkAndChangeView: Reach consensus,org_view=2272,org_changeCycle=0,cur_changeCycle=0,to_view=2273
info|2019-12-12 08:49:17.254959|[g:1][CONSENSUS]addRawPrepare,height=12,reqIdx=0,hash=51552c60...
info|2019-12-12 08:49:17.256170|[g:1][CONSENSUS][PBFT]checkTimeout Succ,view=2273,toView=2274,nodeIdx=3,changeCycle=0,myNode=d0064285...,timecost=0.967
info|2019-12-12 08:49:17.259410|[g:1][CONSENSUS][PBFT]checkAndChangeView: Reach consensus,org_view=2273,org_changeCycle=0,cur_changeCycle=0,to_view=2274
info|2019-12-12 08:49:18.263629|[g:1][CONSENSUS]addRawPrepare,height=12,reqIdx=1,hash=73a53167...
info|2019-12-12 08:49:18.266365|[g:1][CONSENSUS][PBFT]checkTimeout Succ,view=2274,toView=2275,nodeIdx=3,changeCycle=0,myNode=d0064285...,timecost=2.489
info|2019-12-12 08:49:18.269080|[g:1][CONSENSUS][PBFT]checkAndChangeView: Reach consensus,org_view=2274,org_changeCycle=0,cur_changeCycle=0,to_view=2275
info|2019-12-12 08:49:19.271850|[g:1][CONSENSUS]addRawPrepare,height=12,reqIdx=2,hash=64e66d79...
info|2019-12-12 08:49:19.273962|[g:1][CONSENSUS][PBFT]checkTimeout Succ,view=2275,toView=2276,nodeIdx=3,changeCycle=0,myNode=d0064285...,timecost=1.825
info|2019-12-12 08:49:19.276671|[g:1][CONSENSUS][PBFT]checkAndChangeView: Reach consensus,org_view=2275,org_changeCycle=0,cur_changeCycle=0,to_view=2276
info|2019-12-12 08:49:20.277354|[g:1][CONSENSUS][SEALER]++++++++++++++++ Generating seal on,blkNum=12,tx=0,nodeIdx=3,hash=b4561029...
info|2019-12-12 08:49:20.282165|[g:1][CONSENSUS][PBFT]checkTimeout Succ,view=2276,toView=2277,nodeIdx=3,changeCycle=0,myNode=d0064285...,timecost=0.818
info|2019-12-12 08:49:20.284659|[g:1][CONSENSUS][PBFT]checkAndChangeView: Reach consensus,org_view=2276,org_changeCycle=0,cur_changeCycle=0,to_view=2277
info|2019-12-12 08:49:21.287984|[g:1][CONSENSUS]addRawPrepare,height=12,reqIdx=0,hash=b54c9428...
info|2019-12-12 08:49:21.289174|[g:1][CONSENSUS][PBFT]checkTimeout Succ,view=2277,toView=2278,nodeIdx=3,changeCycle=0,myNode=d0064285...,timecost=0.981
info|2019-12-12 08:49:21.293336|[g:1][CONSENSUS][PBFT]checkAndChangeView: Reach consensus,org_view=2277,org_changeCycle=0,cur_changeCycle=0,to_view=2278
info|2019-12-12 08:49:22.013916|[P2P][Service] heartBeat,connected count=3
info|2019-12-12 08:49:22.296818|[g:1][CONSENSUS]addRawPrepare,height=12,reqIdx=1,hash=5942f875...
info|2019-12-12 08:49:22.297889|[g:1][CONSENSUS][PBFT]checkTimeout Succ,view=2278,toView=2279,nodeIdx=3,changeCycle=0,myNode=d0064285...,timecost=0.825
info|2019-12-12 08:49:22.300816|[g:1][CONSENSUS][PBFT]checkAndChangeView: Reach consensus,org_view=2278,org_changeCycle=0,cur_changeCycle=0,to_view=2279
info|2019-12-12 08:49:23.306287|[g:1][CONSENSUS]addRawPrepare,height=12,reqIdx=2,hash=78bfa4c1...
info|2019-12-12 08:49:23.307537|[g:1][CONSENSUS][PBFT]checkTimeout Succ,view=2279,toView=2280,nodeIdx=3,changeCycle=0,myNode=d0064285...,timecost=0.963
info|2019-12-12 08:49:23.313156|[g:1][CONSENSUS][PBFT]checkAndChangeView: Reach consensus,org_view=2279,org_changeCycle=0,cur_changeCycle=0,to_view=2280
info|2019-12-12 08:49:24.313199|[g:1][CONSENSUS][SEALER]++++++++++++++++ Generating seal on,blkNum=12,tx=0,nodeIdx=3,hash=ffebd4ed...
info|2019-12-12 08:49:24.314484|[g:1][CONSENSUS][PBFT]checkTimeout Succ,view=2280,toView=2281,nodeIdx=3,changeCycle=0,myNode=d0064285...,timecost=0.758
info|2019-12-12 08:49:24.321186|[g:1][CONSENSUS][PBFT]checkAndChangeView: Reach consensus,org_view=2280,org_changeCycle=0,cur_changeCycle=0,to_view=2281
info|2019-12-12 08:49:25.321321|[g:1][CONSENSUS]addRawPrepare,height=12,reqIdx=0,hash=cfc1997b...
info|2019-12-12 08:49:25.323232|[g:1][CONSENSUS][PBFT]checkTimeout Succ,view=2281,toView=2282,nodeIdx=3,changeCycle=0,myNode=d0064285...,timecost=1.249
info|2019-12-12 08:49:25.327237|[g:1][CONSENSUS][PBFT]checkAndChangeView: Reach consensus,org_view=2281,org_changeCycle=0,cur_changeCycle=0,to_view=2282
info|2019-12-12 08:49:26.326830|[g:1][CONSENSUS]addRawPrepare,height=12,reqIdx=1,hash=9e22a3e8...
info|2019-12-12 08:49:26.328161|[g:1][CONSENSUS][PBFT]checkTimeout Succ,view=2282,toView=2283,nodeIdx=3,changeCycle=0,myNode=d0064285...,timecost=1.116
info|2019-12-12 08:49:26.334015|[g:1][CONSENSUS][PBFT]checkAndChangeView: Reach consensus,org_view=2282,org_changeCycle=0,cur_changeCycle=0,to_view=2283
info|2019-12-12 08:49:27.335770|[g:1][CONSENSUS]addRawPrepare,height=12,reqIdx=2,hash=b97bc407...
info|2019-12-12 08:49:27.337866|[g:1][CONSENSUS][PBFT]checkTimeout Succ,view=2283,toView=2284,nodeIdx=3,changeCycle=0,myNode=d0064285...,timecost=1.168
info|2019-12-12 08:49:27.340466|[g:1][CONSENSUS][PBFT]checkAndChangeView: Reach consensus,org_view=2283,org_changeCycle=0,cur_changeCycle=0,to_view=2284
info|2019-12-12 08:49:28.340376|[g:1][CONSENSUS][SEALER]++++++++++++++++ Generating seal on,blkNum=12,tx=0,nodeIdx=3,hash=d0d24927...
info|2019-12-12 08:49:28.345078|[g:1][CONSENSUS][PBFT]checkTimeout Succ,view=2284,toView=2285,nodeIdx=3,changeCycle=0,myNode=d0064285...,timecost=1.048
info|2019-12-12 08:49:28.347709|[g:1][CONSENSUS][PBFT]checkAndChangeView: Reach consensus,org_view=2284,org_changeCycle=0,cur_changeCycle=0,to_view=2285
info|2019-12-12 08:49:29.351996|[g:1][CONSENSUS]addRawPrepare,height=12,reqIdx=0,hash=60a8ccbe...
info|2019-12-12 08:49:29.353208|[g:1][CONSENSUS][PBFT]checkTimeout Succ,view=2285,toView=2286,nodeIdx=3,changeCycle=0,myNode=d0064285...,timecost=0.816
info|2019-12-12 08:49:29.355908|[g:1][CONSENSUS][PBFT]checkAndChangeView: Reach consensus,org_view=2285,org_changeCycle=0,cur_changeCycle=0,to_view=2286
info|2019-12-12 08:49:30.359887|[g:1][CONSENSUS]addRawPrepare,height=12,reqIdx=1,hash=58641aa4...
info|2019-12-12 08:49:30.361212|[g:1][CONSENSUS][PBFT]checkTimeout Succ,view=2286,toView=2287,nodeIdx=3,changeCycle=0,myNode=d0064285...,timecost=1.06
info|2019-12-12 08:49:30.364828|[g:1][CONSENSUS][PBFT]checkAndChangeView: Reach consensus,org_view=2286,org_changeCycle=0,cur_changeCycle=0,to_view=2287
info|2019-12-12 08:49:31.367290|[g:1][CONSENSUS]addRawPrepare,height=12,reqIdx=2,hash=a7955834...
info|2019-12-12 08:49:31.368330|[g:1][CONSENSUS][PBFT]checkTimeout Succ,view=2287,toView=2288,nodeIdx=3,changeCycle=0,myNode=d0064285...,timecost=0.807
info|2019-12-12 08:49:31.371870|[g:1][CONSENSUS][PBFT]checkAndChangeView: Reach consensus,org_view=2287,org_changeCycle=0,cur_changeCycle=0,to_view=2288
info|2019-12-12 08:49:32.020841|[P2P][Service] heartBeat,connected count=3
info|2019-12-12 08:49:32.372691|[g:1][CONSENSUS][SEALER]++++++++++++++++ Generating seal on,blkNum=12,tx=0,nodeIdx=3,hash=f1fa0e77...
info|2019-12-12 08:49:32.374157|[g:1][CONSENSUS][PBFT]checkTimeout Succ,view=2288,toView=2289,nodeIdx=3,changeCycle=0,myNode=d0064285...,timecost=0.826
info|2019-12-12 08:49:32.379935|[g:1][CONSENSUS][PBFT]checkAndChangeView: Reach consensus,org_view=2288,org_changeCycle=0,cur_changeCycle=0,to_view=2289
info|2019-12-12 08:49:33.383022|[g:1][CONSENSUS]addRawPrepare,height=12,reqIdx=0,hash=c9488624...
info|2019-12-12 08:49:33.384026|[g:1][CONSENSUS][PBFT]checkTimeout Succ,view=2289,toView=2290,nodeIdx=3,changeCycle=0,myNode=d0064285...,timecost=0.761
info|2019-12-12 08:49:33.389572|[g:1][CONSENSUS][PBFT]checkAndChangeView: Reach consensus,org_view=2289,org_changeCycle=0,cur_changeCycle=0,to_view=2290
info|2019-12-12 08:49:34.392025|[g:1][CONSENSUS]addRawPrepare,height=12,reqIdx=1,hash=7b8bc96e...
info|2019-12-12 08:49:34.393026|[g:1][CONSENSUS][PBFT]checkTimeout Succ,view=2290,toView=2291,nodeIdx=3,changeCycle=0,myNode=d0064285...,timecost=0.792
info|2019-12-12 08:49:34.397143|[g:1][CONSENSUS][PBFT]checkAndChangeView: Reach consensus,org_view=2290,org_changeCycle=0,cur_changeCycle=0,to_view=2291
info|2019-12-12 08:49:35.401252|[g:1][CONSENSUS]addRawPrepare,height=12,reqIdx=2,hash=394f1b8b...
info|2019-12-12 08:49:35.403000|[g:1][CONSENSUS][PBFT]checkTimeout Succ,view=2291,toView=2292,nodeIdx=3,changeCycle=0,myNode=d0064285...,timecost=1.503
info|2019-12-12 08:49:35.405655|[g:1][CONSENSUS][PBFT]checkAndChangeView: Reach consensus,org_view=2291,org_changeCycle=0,cur_changeCycle=0,to_view=2292
info|2019-12-12 08:49:36.405257|[g:1][CONSENSUS][SEALER]++++++++++++++++ Generating seal on,blkNum=12,tx=0,nodeIdx=3,hash=fd8186f2...
info|2019-12-12 08:49:36.411356|[g:1][CONSENSUS][PBFT]checkTimeout Succ,view=2292,toView=2293,nodeIdx=3,changeCycle=0,myNode=d0064285...,timecost=0.798
info|2019-12-12 08:49:36.413100|[g:1][CONSENSUS][PBFT]checkAndChangeView: Reach consensus,org_view=2292,org_changeCycle=0,cur_changeCycle=0,to_view=2293
info|2019-12-12 08:49:37.414545|[g:1][CONSENSUS]addRawPrepare,height=12,reqIdx=0,hash=15f36258...
info|2019-12-12 08:49:37.416250|[g:1][CONSENSUS][PBFT]checkTimeout Succ,view=2293,toView=2294,nodeIdx=3,changeCycle=0,myNode=d0064285...,timecost=1.509
info|2019-12-12 08:49:37.418518|[g:1][CONSENSUS][PBFT]checkAndChangeView: Reach consensus,org_view=2293,org_changeCycle=0,cur_changeCycle=0,to_view=2294
info|2019-12-12 08:49:38.423313|[g:1][CONSENSUS]addRawPrepare,height=12,reqIdx=1,hash=f96c2ae1...
info|2019-12-12 08:49:38.425603|[g:1][CONSENSUS][PBFT]checkTimeout Succ,view=2294,toView=2295,nodeIdx=3,changeCycle=0,myNode=d0064285...,timecost=2.001
info|2019-12-12 08:49:38.428237|[g:1][CONSENSUS][PBFT]checkAndChangeView: Reach consensus,org_view=2294,org_changeCycle=0,cur_changeCycle=0,to_view=2295
info|2019-12-12 08:49:39.432155|[g:1][CONSENSUS]addRawPrepare,height=12,reqIdx=2,hash=ac7ad274...
info|2019-12-12 08:49:39.436208|[g:1][CONSENSUS][PBFT]checkTimeout Succ,view=2295,toView=2296,nodeIdx=3,changeCycle=0,myNode=d0064285...,timecost=3.776
info|2019-12-12 08:49:39.438628|[g:1][CONSENSUS][PBFT]checkAndChangeView: Reach consensus,org_view=2295,org_changeCycle=0,cur_changeCycle=0,to_view=2296
info|2019-12-12 08:49:40.439167|[g:1][CONSENSUS][SEALER]++++++++++++++++ Generating seal on,blkNum=12,tx=0,nodeIdx=3,hash=9d3bef6c...
info|2019-12-12 08:49:40.440640|[g:1][CONSENSUS][PBFT]checkTimeout Succ,view=2296,toView=2297,nodeIdx=3,changeCycle=0,myNode=d0064285...,timecost=0.948
info|2019-12-12 08:49:40.445794|[g:1][CONSENSUS][PBFT]checkAndChangeView: Reach consensus,org_view=2296,org_changeCycle=0,cur_changeCycle=0,to_view=2297
info|2019-12-12 08:49:41.450310|[g:1][CONSENSUS]addRawPrepare,height=12,reqIdx=0,hash=ddeb0eb8...
info|2019-12-12 08:49:41.451359|[g:1][CONSENSUS][PBFT]checkTimeout Succ,view=2297,toView=2298,nodeIdx=3,changeCycle=0,myNode=d0064285...,timecost=0.805
info|2019-12-12 08:49:41.455921|[g:1][CONSENSUS][PBFT]checkAndChangeView: Reach consensus,org_view=2297,org_changeCycle=0,cur_changeCycle=0,to_view=2298
info|2019-12-12 08:49:42.021420|[P2P][Service] heartBeat,connected count=3
info|2019-12-12 08:49:42.458219|[g:1][CONSENSUS]addRawPrepare,height=12,reqIdx=1,hash=0b83e6a1...
info|2019-12-12 08:49:42.460024|[g:1][CONSENSUS][PBFT]checkTimeout Succ,view=2298,toView=2299,nodeIdx=3,changeCycle=0,myNode=d0064285...,timecost=0.874
info|2019-12-12 08:49:42.463284|[g:1][CONSENSUS][PBFT]checkAndChangeView: Reach consensus,org_view=2298,org_changeCycle=0,cur_changeCycle=0,to_view=2299
info|2019-12-12 08:49:43.464915|[g:1][CONSENSUS]addRawPrepare,height=12,reqIdx=2,hash=2aede669...
info|2019-12-12 08:49:43.466966|[g:1][CONSENSUS][PBFT]checkTimeout Succ,view=2299,toView=2300,nodeIdx=3,changeCycle=0,myNode=d0064285...,timecost=1.802
info|2019-12-12 08:49:43.469535|[g:1][CONSENSUS][PBFT]checkAndChangeView: Reach consensus,org_view=2299,org_changeCycle=0,cur_changeCycle=0,to_view=2300
info|2019-12-12 08:49:44.469609|[g:1][CONSENSUS][SEALER]++++++++++++++++ Generating seal on,blkNum=12,tx=0,nodeIdx=3,hash=ff143bb2...
info|2019-12-12 08:49:44.471007|[g:1][CONSENSUS][PBFT]checkTimeout Succ,view=2300,toView=2301,nodeIdx=3,changeCycle=0,myNode=d0064285...,timecost=0.869
info|2019-12-12 08:49:44.477971|[g:1][CONSENSUS][PBFT]checkAndChangeView: Reach consensus,org_view=2300,org_changeCycle=0,cur_changeCycle=0,to_view=2301
info|2019-12-12 08:49:45.479168|[g:1][CONSENSUS]addRawPrepare,height=12,reqIdx=0,hash=3f14ca75...
info|2019-12-12 08:49:45.480669|[g:1][CONSENSUS][PBFT]checkTimeout Succ,view=2301,toView=2302,nodeIdx=3,changeCycle=0,myNode=d0064285...,timecost=0.84
info|2019-12-12 08:49:45.484234|[g:1][CONSENSUS][PBFT]checkAndChangeView: Reach consensus,org_view=2301,org_changeCycle=0,cur_changeCycle=0,to_view=2302
info|2019-12-12 08:49:46.485193|[g:1][CONSENSUS]addRawPrepare,height=12,reqIdx=1,hash=3d12087a...
info|2019-12-12 08:49:46.486289|[g:1][CONSENSUS][PBFT]checkTimeout Succ,view=2302,toView=2303,nodeIdx=3,changeCycle=0,myNode=d0064285...,timecost=0.892
info|2019-12-12 08:49:46.491123|[g:1][CONSENSUS][PBFT]checkAndChangeView: Reach consensus,org_view=2302,org_changeCycle=0,cur_changeCycle=0,to_view=2303
info|2019-12-12 08:49:47.495787|[g:1][CONSENSUS]addRawPrepare,height=12,reqIdx=2,hash=38e76b82...
info|2019-12-12 08:49:47.499319|[g:1][CONSENSUS][PBFT]checkTimeout Succ,view=2303,toView=2304,nodeIdx=3,changeCycle=0,myNode=d0064285...,timecost=2.728
info|2019-12-12 08:49:47.502205|[g:1][CONSENSUS][PBFT]checkAndChangeView: Reach consensus,org_view=2303,org_changeCycle=0,cur_changeCycle=0,to_view=2304
info|2019-12-12 08:49:48.502892|[g:1][CONSENSUS][SEALER]++++++++++++++++ Generating seal on,blkNum=12,tx=0,nodeIdx=3,hash=78b5fbf1...
info|2019-12-12 08:49:48.504198|[g:1][CONSENSUS][PBFT]checkTimeout Succ,view=2304,toView=2305,nodeIdx=3,changeCycle=0,myNode=d0064285...,timecost=0.776
info|2019-12-12 08:49:48.510265|[g:1][CONSENSUS][PBFT]checkAndChangeView: Reach consensus,org_view=2304,org_changeCycle=0,cur_changeCycle=0,to_view=2305
info|2019-12-12 08:49:49.513620|[g:1][CONSENSUS]addRawPrepare,height=12,reqIdx=0,hash=21a5e121...
info|2019-12-12 08:49:49.514931|[g:1][CONSENSUS][PBFT]checkTimeout Succ,view=2305,toView=2306,nodeIdx=3,changeCycle=0,myNode=d0064285...,timecost=0.974
info|2019-12-12 08:49:49.518315|[g:1][CONSENSUS][PBFT]checkAndChangeView: Reach consensus,org_view=2305,org_changeCycle=0,cur_changeCycle=0,to_view=2306
info|2019-12-12 08:49:50.520620|[g:1][CONSENSUS]addRawPrepare,height=12,reqIdx=1,hash=233fab95...
info|2019-12-12 08:49:50.522760|[g:1][CONSENSUS][PBFT]checkTimeout Succ,view=2306,toView=2307,nodeIdx=3,changeCycle=0,myNode=d0064285...,timecost=1.853
info|2019-12-12 08:49:50.525742|[g:1][CONSENSUS][PBFT]checkAndChangeView: Reach consensus,org_view=2306,org_changeCycle=0,cur_changeCycle=0,to_view=2307
info|2019-12-12 08:49:51.529973|[g:1][CONSENSUS]addRawPrepare,height=12,reqIdx=2,hash=4fd87e00...
info|2019-12-12 08:49:51.531774|[g:1][CONSENSUS][PBFT]checkTimeout Succ,view=2307,toView=2308,nodeIdx=3,changeCycle=0,myNode=d0064285...,timecost=1.028
info|2019-12-12 08:49:51.536034|[g:1][CONSENSUS][PBFT]checkAndChangeView: Reach consensus,org_view=2307,org_changeCycle=0,cur_changeCycle=0,to_view=2308
info|2019-12-12 08:49:52.024589|[P2P][Service] heartBeat,connected count=3
info|2019-12-12 08:49:52.536380|[g:1][CONSENSUS][SEALER]++++++++++++++++ Generating seal on,blkNum=12,tx=0,nodeIdx=3,hash=4d71796c...
info|2019-12-12 08:49:52.541270|[g:1][CONSENSUS][PBFT]checkTimeout Succ,view=2308,toView=2309,nodeIdx=3,changeCycle=0,myNode=d0064285...,timecost=0.866
info|2019-12-12 08:49:52.544179|[g:1][CONSENSUS][PBFT]checkAndChangeView: Reach consensus,org_view=2308,org_changeCycle=0,cur_changeCycle=0,to_view=2309
info|2019-12-12 08:49:53.546714|[g:1][CONSENSUS]addRawPrepare,height=12,reqIdx=0,hash=837ff993...
info|2019-12-12 08:49:53.548572|[g:1][CONSENSUS][PBFT]checkTimeout Succ,view=2309,toView=2310,nodeIdx=3,changeCycle=0,myNode=d0064285...,timecost=1.649
info|2019-12-12 08:49:53.552032|[g:1][CONSENSUS][PBFT]checkAndChangeView: Reach consensus,org_view=2309,org_changeCycle=0,cur_changeCycle=0,to_view=2310
info|2019-12-12 08:49:54.554295|[g:1][CONSENSUS]addRawPrepare,height=12,reqIdx=1,hash=b9073daa...
info|2019-12-12 08:49:54.555348|[g:1][CONSENSUS][PBFT]checkTimeout Succ,view=2310,toView=2311,nodeIdx=3,changeCycle=0,myNode=d0064285...,timecost=0.819
info|2019-12-12 08:49:54.559315|[g:1][CONSENSUS][PBFT]checkAndChangeView: Reach consensus,org_view=2310,org_changeCycle=0,cur_changeCycle=0,to_view=2311
info|2019-12-12 08:49:55.562969|[g:1][CONSENSUS]addRawPrepare,height=12,reqIdx=2,hash=c39e7d28...
info|2019-12-12 08:49:55.564532|[g:1][CONSENSUS][PBFT]checkTimeout Succ,view=2311,toView=2312,nodeIdx=3,changeCycle=0,myNode=d0064285...,timecost=1.324
info|2019-12-12 08:49:55.567324|[g:1][CONSENSUS][PBFT]checkAndChangeView: Reach consensus,org_view=2311,org_changeCycle=0,cur_changeCycle=0,to_view=2312
info|2019-12-12 08:49:56.567651|[g:1][CONSENSUS][SEALER]++++++++++++++++ Generating seal on,blkNum=12,tx=0,nodeIdx=3,hash=ea21099d...
info|2019-12-12 08:49:56.568987|[g:1][CONSENSUS][PBFT]checkTimeout Succ,view=2312,toView=2313,nodeIdx=3,changeCycle=0,myNode=d0064285...,timecost=0.817
info|2019-12-12 08:49:56.574575|[g:1][CONSENSUS][PBFT]checkAndChangeView: Reach consensus,org_view=2312,org_changeCycle=0,cur_changeCycle=0,to_view=2313
info|2019-12-12 08:49:57.576970|[g:1][CONSENSUS]addRawPrepare,height=12,reqIdx=0,hash=54be0668...
info|2019-12-12 08:49:57.577997|[g:1][CONSENSUS][PBFT]checkTimeout Succ,view=2313,toView=2314,nodeIdx=3,changeCycle=0,myNode=d0064285...,timecost=0.825
info|2019-12-12 08:49:57.584968|[g:1][CONSENSUS][PBFT]checkAndChangeView: Reach consensus,org_view=2313,org_changeCycle=0,cur_changeCycle=0,to_view=2314
info|2019-12-12 08:49:58.586782|[g:1][CONSENSUS]addRawPrepare,height=12,reqIdx=1,hash=69bf5d88...
info|2019-12-12 08:49:58.587943|[g:1][CONSENSUS][PBFT]checkTimeout Succ,view=2314,toView=2315,nodeIdx=3,changeCycle=0,myNode=d0064285...,timecost=0.724
info|2019-12-12 08:49:58.591021|[g:1][CONSENSUS][PBFT]checkAndChangeView: Reach consensus,org_view=2314,org_changeCycle=0,cur_changeCycle=0,to_view=2315
info|2019-12-12 08:49:59.596198|[g:1][CONSENSUS]addRawPrepare,height=12,reqIdx=2,hash=9b9e7ff1...
info|2019-12-12 08:49:59.597429|[g:1][CONSENSUS][PBFT]checkTimeout Succ,view=2315,toView=2316,nodeIdx=3,changeCycle=0,myNode=d0064285...,timecost=0.987
info|2019-12-12 08:49:59.600628|[g:1][CONSENSUS][PBFT]checkAndChangeView: Reach consensus,org_view=2315,org_changeCycle=0,cur_changeCycle=0,to_view=2316
info|2019-12-12 08:50:00.600498|[g:1][CONSENSUS][SEALER]++++++++++++++++ Generating seal on,blkNum=12,tx=0,nodeIdx=3,hash=3d7b690b...
info|2019-12-12 08:50:00.601921|[g:1][CONSENSUS][PBFT]checkTimeout Succ,view=2316,toView=2317,nodeIdx=3,changeCycle=0,myNode=d0064285...,timecost=0.817
info|2019-12-12 08:50:00.607604|[g:1][CONSENSUS][PBFT]checkAndChangeView: Reach consensus,org_view=2316,org_changeCycle=0,cur_changeCycle=0,to_view=2317
info|2019-12-12 08:50:01.611365|[g:1][CONSENSUS]addRawPrepare,height=12,reqIdx=0,hash=b3d73d98...
info|2019-12-12 08:50:01.612898|[g:1][CONSENSUS][PBFT]checkTimeout Succ,view=2317,toView=2318,nodeIdx=3,changeCycle=0,myNode=d0064285...,timecost=1.289
info|2019-12-12 08:50:01.618020|[g:1][CONSENSUS][PBFT]checkAndChangeView: Reach consensus,org_view=2317,org_changeCycle=0,cur_changeCycle=0,to_view=2318
info|2019-12-12 08:50:02.034353|[P2P][Service] heartBeat,connected count=3
info|2019-12-12 08:50:02.619099|[g:1][CONSENSUS]addRawPrepare,height=12,reqIdx=1,hash=79fab952...
info|2019-12-12 08:50:02.620423|[g:1][CONSENSUS][PBFT]checkTimeout Succ,view=2318,toView=2319,nodeIdx=3,changeCycle=0,myNode=d0064285...,timecost=1.136
info|2019-12-12 08:50:02.624963|[g:1][CONSENSUS][PBFT]checkAndChangeView: Reach consensus,org_view=2318,org_changeCycle=0,cur_changeCycle=0,to_view=2319
info|2019-12-12 08:50:03.627944|[g:1][CONSENSUS]addRawPrepare,height=12,reqIdx=2,hash=5f66df3f...
info|2019-12-12 08:50:03.630424|[g:1][CONSENSUS][PBFT]checkTimeout Succ,view=2319,toView=2320,nodeIdx=3,changeCycle=0,myNode=d0064285...,timecost=2.241
info|2019-12-12 08:50:03.633137|[g:1][CONSENSUS][PBFT]checkAndChangeView: Reach consensus,org_view=2319,org_changeCycle=0,cur_changeCycle=0,to_view=2320
info|2019-12-12 08:50:04.633516|[g:1][CONSENSUS][SEALER]++++++++++++++++ Generating seal on,blkNum=12,tx=0,nodeIdx=3,hash=ebf66c9a...
info|2019-12-12 08:50:04.634974|[g:1][CONSENSUS][PBFT]checkTimeout Succ,view=2320,toView=2321,nodeIdx=3,changeCycle=0,myNode=d0064285...,timecost=0.909
info|2019-12-12 08:50:04.641833|[g:1][CONSENSUS][PBFT]checkAndChangeView: Reach consensus,org_view=2320,org_changeCycle=0,cur_changeCycle=0,to_view=2321
info|2019-12-12 08:50:05.643948|[g:1][CONSENSUS]addRawPrepare,height=12,reqIdx=0,hash=554313bd...
info|2019-12-12 08:50:05.644924|[g:1][CONSENSUS][PBFT]checkTimeout Succ,view=2321,toView=2322,nodeIdx=3,changeCycle=0,myNode=d0064285...,timecost=0.732
info|2019-12-12 08:50:05.647628|[g:1][CONSENSUS][PBFT]checkAndChangeView: Reach consensus,org_view=2321,org_changeCycle=0,cur_changeCycle=0,to_view=2322
info|2019-12-12 08:50:06.651772|[g:1][CONSENSUS]addRawPrepare,height=12,reqIdx=1,hash=b393abad...
info|2019-12-12 08:50:06.652972|[g:1][CONSENSUS][PBFT]checkTimeout Succ,view=2322,toView=2323,nodeIdx=3,changeCycle=0,myNode=d0064285...,timecost=0.907
info|2019-12-12 08:50:06.657928|[g:1][CONSENSUS][PBFT]checkAndChangeView: Reach consensus,org_view=2322,org_changeCycle=0,cur_changeCycle=0,to_view=2323
