info|2019-12-14 01:31:26.021932|[g:1][CONSENSUS][SEALER]++++++++++++++++ Generating seal on,blkNum=476,tx=0,nodeIdx=3,hash=6d7989e6...
warning|2019-12-14 01:31:26.033893|[g:1][CONSENSUS][PBFT]ViewChangeWarning: not caused by omit empty block ,v=2760,toV=2761,curNum=475,hash=ad338c6e...,nodeIdx=3,myNode=d0064285...
info|2019-12-14 01:31:26.037883|[P2P][Service] heartBeat,connected count=3
info|2019-12-14 01:31:26.037889|[g:1][CONSENSUS][PBFT]checkTimeout Succ,view=2760,toView=2761,nodeIdx=3,changeCycle=1,myNode=d0064285...,timecost=18.579
info|2019-12-14 01:31:26.042210|[g:1][CONSENSUS][PBFT]checkTimeout Succ,view=2760,toView=2762,nodeIdx=3,changeCycle=0,myNode=d0064285...,timecost=0.913
info|2019-12-14 01:31:27.037830|[g:1][CONSENSUS][PBFT]FutureBlock,EINFO=handlePrepareMsg,reqIdx=0,view=2761,reqNum=476,curNum=475,consNum=476,fromIp=127.0.0.1:30303,hash=7459e8ea...,nodeIdx=3,myNode=d0064285...,curChangeCycle=0
info|2019-12-14 01:31:27.037845|[g:1][CONSENSUS]addFuturePrepareCache,height=476,reqIdx=0,hash=7459e8ea...
info|2019-12-14 01:31:27.039384|[g:1][CONSENSUS][PBFT]FutureBlock,EINFO=handlePrepareMsg,reqIdx=0,view=2761,reqNum=476,curNum=475,consNum=476,fromIp=127.0.0.1:59982,hash=7459e8ea...,nodeIdx=3,myNode=d0064285...,curChangeCycle=0
info|2019-12-14 01:31:27.039424|[g:1][CONSENSUS][PBFT]FutureBlock,EINFO=handlePrepareMsg,reqIdx=0,view=2761,reqNum=476,curNum=475,consNum=476,fromIp=127.0.0.1:30302,hash=7459e8ea...,nodeIdx=3,myNode=d0064285...,curChangeCycle=0
info|2019-12-14 01:31:27.041675|[g:1][CONSENSUS][PBFT]checkAndChangeView, update m_changeCycle to 1
info|2019-12-14 01:31:27.041688|[g:1][CONSENSUS][PBFT]checkAndChangeView: Reach consensus,org_view=2760,org_changeCycle=0,cur_changeCycle=1,to_view=2762
info|2019-12-14 01:31:28.044092|[g:1][CONSENSUS]addRawPrepare,height=476,reqIdx=1,hash=021a1d2c...
info|2019-12-14 01:31:28.045333|[g:1][CONSENSUS][PBFT]checkTimeout Succ,view=2762,toView=2763,nodeIdx=3,changeCycle=0,myNode=d0064285...,timecost=0.99
info|2019-12-14 01:31:28.047475|[g:1][CONSENSUS][PBFT]checkAndChangeView: Reach consensus,org_view=2762,org_changeCycle=0,cur_changeCycle=0,to_view=2763
info|2019-12-14 01:31:29.052264|[g:1][CONSENSUS]addRawPrepare,height=476,reqIdx=2,hash=cc803d7e...
info|2019-12-14 01:31:29.052759|[g:1][CONSENSUS][PBFT]checkTimeout Succ,view=2763,toView=2764,nodeIdx=3,changeCycle=0,myNode=d0064285...,timecost=0.364
info|2019-12-14 01:31:29.054108|[g:1][CONSENSUS][PBFT]checkAndChangeView: Reach consensus,org_view=2763,org_changeCycle=0,cur_changeCycle=0,to_view=2764
info|2019-12-14 01:31:30.054878|[g:1][CONSENSUS][SEALER]++++++++++++++++ Generating seal on,blkNum=476,tx=0,nodeIdx=3,hash=861864ed...
info|2019-12-14 01:31:30.060454|[g:1][CONSENSUS][PBFT]checkTimeout Succ,view=2764,toView=2765,nodeIdx=3,changeCycle=0,myNode=d0064285...,timecost=1.42
info|2019-12-14 01:31:30.063165|[g:1][CONSENSUS][PBFT]checkAndChangeView: Reach consensus,org_view=2764,org_changeCycle=0,cur_changeCycle=0,to_view=2765
info|2019-12-14 01:31:31.065377|[g:1][CONSENSUS]addRawPrepare,height=476,reqIdx=0,hash=6aed6af7...
info|2019-12-14 01:31:31.066212|[g:1][CONSENSUS][PBFT]checkTimeout Succ,view=2765,toView=2766,nodeIdx=3,changeCycle=0,myNode=d0064285...,timecost=0.672
info|2019-12-14 01:31:31.068309|[g:1][CONSENSUS][PBFT]checkAndChangeView: Reach consensus,org_view=2765,org_changeCycle=0,cur_changeCycle=0,to_view=2766
info|2019-12-14 01:31:32.070886|[g:1][CONSENSUS]addRawPrepare,height=476,reqIdx=1,hash=3f54caa5...
info|2019-12-14 01:31:32.071511|[g:1][CONSENSUS][PBFT]checkTimeout Succ,view=2766,toView=2767,nodeIdx=3,changeCycle=0,myNode=d0064285...,timecost=0.41
info|2019-12-14 01:31:32.073973|[g:1][CONSENSUS][PBFT]checkAndChangeView: Reach consensus,org_view=2766,org_changeCycle=0,cur_changeCycle=0,to_view=2767
info|2019-12-14 01:31:33.076446|[g:1][CONSENSUS]addRawPrepare,height=476,reqIdx=2,hash=a7f353e0...
info|2019-12-14 01:31:33.077228|[g:1][CONSENSUS][PBFT]checkTimeout Succ,view=2767,toView=2768,nodeIdx=3,changeCycle=0,myNode=d0064285...,timecost=0.573
info|2019-12-14 01:31:33.078483|[g:1][CONSENSUS][PBFT]checkAndChangeView: Reach consensus,org_view=2767,org_changeCycle=0,cur_changeCycle=0,to_view=2768
info|2019-12-14 01:31:34.078195|[g:1][CONSENSUS][SEALER]++++++++++++++++ Generating seal on,blkNum=476,tx=0,nodeIdx=3,hash=6841423b...
info|2019-12-14 01:31:34.081804|[g:1][CONSENSUS][PBFT]checkTimeout Succ,view=2768,toView=2769,nodeIdx=3,changeCycle=0,myNode=d0064285...,timecost=0.421
info|2019-12-14 01:31:34.082415|[g:1][CONSENSUS][PBFT]checkAndChangeView: Reach consensus,org_view=2768,org_changeCycle=0,cur_changeCycle=0,to_view=2769
info|2019-12-14 01:31:35.084882|[g:1][CONSENSUS]addRawPrepare,height=476,reqIdx=0,hash=949c51e6...
info|2019-12-14 01:31:35.088451|[g:1][CONSENSUS][PBFT]checkTimeout Succ,view=2769,toView=2770,nodeIdx=3,changeCycle=0,myNode=d0064285...,timecost=2.903
info|2019-12-14 01:31:35.090687|[g:1][CONSENSUS][PBFT]checkAndChangeView: Reach consensus,org_view=2769,org_changeCycle=0,cur_changeCycle=0,to_view=2770
info|2019-12-14 01:31:36.038278|[P2P][Service] heartBeat,connected count=3
info|2019-12-14 01:31:36.091379|[g:1][CONSENSUS]addRawPrepare,height=476,reqIdx=1,hash=29bff48d...
info|2019-12-14 01:31:36.091998|[g:1][CONSENSUS][PBFT]checkTimeout Succ,view=2770,toView=2771,nodeIdx=3,changeCycle=0,myNode=d0064285...,timecost=0.481
info|2019-12-14 01:31:36.094083|[g:1][CONSENSUS][PBFT]checkAndChangeView: Reach consensus,org_view=2770,org_changeCycle=0,cur_changeCycle=0,to_view=2771
info|2019-12-14 01:31:37.096438|[g:1][CONSENSUS]addRawPrepare,height=476,reqIdx=2,hash=7ef7bf3a...
info|2019-12-14 01:31:37.097666|[g:1][CONSENSUS][PBFT]checkTimeout Succ,view=2771,toView=2772,nodeIdx=3,changeCycle=0,myNode=d0064285...,timecost=0.952
info|2019-12-14 01:31:37.100675|[g:1][CONSENSUS][PBFT]checkAndChangeView: Reach consensus,org_view=2771,org_changeCycle=0,cur_changeCycle=0,to_view=2772
info|2019-12-14 01:31:38.100544|[g:1][CONSENSUS][SEALER]++++++++++++++++ Generating seal on,blkNum=476,tx=0,nodeIdx=3,hash=4bc33bec...
info|2019-12-14 01:31:38.101701|[g:1][CONSENSUS][PBFT]checkTimeout Succ,view=2772,toView=2773,nodeIdx=3,changeCycle=0,myNode=d0064285...,timecost=0.559
info|2019-12-14 01:31:38.104818|[g:1][CONSENSUS][PBFT]checkAndChangeView: Reach consensus,org_view=2772,org_changeCycle=0,cur_changeCycle=0,to_view=2773
info|2019-12-14 01:31:39.107163|[g:1][CONSENSUS]addRawPrepare,height=476,reqIdx=0,hash=794def3f...
info|2019-12-14 01:31:39.108209|[g:1][CONSENSUS][PBFT]checkTimeout Succ,view=2773,toView=2774,nodeIdx=3,changeCycle=0,myNode=d0064285...,timecost=0.794
info|2019-12-14 01:31:39.111748|[g:1][CONSENSUS][PBFT]checkAndChangeView: Reach consensus,org_view=2773,org_changeCycle=0,cur_changeCycle=0,to_view=2774
info|2019-12-14 01:31:40.115038|[g:1][CONSENSUS]addRawPrepare,height=476,reqIdx=1,hash=043a74dc...
info|2019-12-14 01:31:40.115694|[g:1][CONSENSUS][PBFT]checkTimeout Succ,view=2774,toView=2775,nodeIdx=3,changeCycle=0,myNode=d0064285...,timecost=0.543
info|2019-12-14 01:31:40.117168|[g:1][CONSENSUS][PBFT]checkAndChangeView: Reach consensus,org_view=2774,org_changeCycle=0,cur_changeCycle=0,to_view=2775
info|2019-12-14 01:31:41.119914|[g:1][CONSENSUS]addRawPrepare,height=476,reqIdx=2,hash=981740b2...
info|2019-12-14 01:31:41.122854|[g:1][CONSENSUS][PBFT]checkTimeout Succ,view=2775,toView=2776,nodeIdx=3,changeCycle=0,myNode=d0064285...,timecost=2.812
info|2019-12-14 01:31:41.124370|[g:1][CONSENSUS][PBFT]checkAndChangeView: Reach consensus,org_view=2775,org_changeCycle=0,cur_changeCycle=0,to_view=2776
info|2019-12-14 01:31:42.124466|[g:1][CONSENSUS][SEALER]++++++++++++++++ Generating seal on,blkNum=476,tx=0,nodeIdx=3,hash=078e2786...
info|2019-12-14 01:31:42.126325|[g:1][CONSENSUS][PBFT]checkTimeout Succ,view=2776,toView=2777,nodeIdx=3,changeCycle=0,myNode=d0064285...,timecost=1.125
info|2019-12-14 01:31:42.131391|[g:1][CONSENSUS][PBFT]checkAndChangeView: Reach consensus,org_view=2776,org_changeCycle=0,cur_changeCycle=0,to_view=2777
info|2019-12-14 01:31:43.133605|[g:1][CONSENSUS]addRawPrepare,height=476,reqIdx=0,hash=9b15baef...
info|2019-12-14 01:31:43.135878|[g:1][CONSENSUS][PBFT]checkTimeout Succ,view=2777,toView=2778,nodeIdx=3,changeCycle=0,myNode=d0064285...,timecost=2.008
info|2019-12-14 01:31:43.140345|[g:1][CONSENSUS][PBFT]checkAndChangeView: Reach consensus,org_view=2777,org_changeCycle=0,cur_changeCycle=0,to_view=2778
info|2019-12-14 01:31:44.142126|[g:1][CONSENSUS]addRawPrepare,height=476,reqIdx=1,hash=9c07f2ab...
info|2019-12-14 01:31:44.143017|[g:1][CONSENSUS][PBFT]checkTimeout Succ,view=2778,toView=2779,nodeIdx=3,changeCycle=0,myNode=d0064285...,timecost=0.694
info|2019-12-14 01:31:44.145811|[g:1][CONSENSUS][PBFT]checkAndChangeView: Reach consensus,org_view=2778,org_changeCycle=0,cur_changeCycle=0,to_view=2779
info|2019-12-14 01:31:45.148195|[g:1][CONSENSUS]addRawPrepare,height=476,reqIdx=2,hash=41cf6f26...
info|2019-12-14 01:31:45.151638|[g:1][CONSENSUS][PBFT]checkTimeout Succ,view=2779,toView=2780,nodeIdx=3,changeCycle=0,myNode=d0064285...,timecost=3.11
info|2019-12-14 01:31:45.154224|[g:1][CONSENSUS][PBFT]checkAndChangeView: Reach consensus,org_view=2779,org_changeCycle=0,cur_changeCycle=0,to_view=2780
info|2019-12-14 01:31:46.039707|[P2P][Service] heartBeat,connected count=3
info|2019-12-14 01:31:46.155694|[g:1][CONSENSUS][SEALER]++++++++++++++++ Generating seal on,blkNum=476,tx=0,nodeIdx=3,hash=80100776...
info|2019-12-14 01:31:46.157239|[g:1][CONSENSUS][PBFT]checkTimeout Succ,view=2780,toView=2781,nodeIdx=3,changeCycle=0,myNode=d0064285...,timecost=1.001
info|2019-12-14 01:31:46.163081|[g:1][CONSENSUS][PBFT]checkAndChangeView: Reach consensus,org_view=2780,org_changeCycle=0,cur_changeCycle=0,to_view=2781
info|2019-12-14 01:31:47.169877|[g:1][CONSENSUS]addRawPrepare,height=476,reqIdx=0,hash=9d1fd450...
info|2019-12-14 01:31:47.170979|[g:1][CONSENSUS][PBFT]checkTimeout Succ,view=2781,toView=2782,nodeIdx=3,changeCycle=0,myNode=d0064285...,timecost=0.857
info|2019-12-14 01:31:47.175599|[g:1][CONSENSUS][PBFT]checkAndChangeView: Reach consensus,org_view=2781,org_changeCycle=0,cur_changeCycle=0,to_view=2782
info|2019-12-14 01:31:48.177186|[g:1][CONSENSUS]addRawPrepare,height=476,reqIdx=1,hash=215f7e8c...
info|2019-12-14 01:31:48.178479|[g:1][CONSENSUS][PBFT]checkTimeout Succ,view=2782,toView=2783,nodeIdx=3,changeCycle=0,myNode=d0064285...,timecost=1.092
info|2019-12-14 01:31:48.180568|[g:1][CONSENSUS][PBFT]checkAndChangeView: Reach consensus,org_view=2782,org_changeCycle=0,cur_changeCycle=0,to_view=2783
info|2019-12-14 01:31:49.183578|[g:1][CONSENSUS]addRawPrepare,height=476,reqIdx=2,hash=b22aa026...
info|2019-12-14 01:31:49.185053|[g:1][CONSENSUS][PBFT]checkTimeout Succ,view=2783,toView=2784,nodeIdx=3,changeCycle=0,myNode=d0064285...,timecost=0.971
info|2019-12-14 01:31:49.188553|[g:1][CONSENSUS][PBFT]checkAndChangeView: Reach consensus,org_view=2783,org_changeCycle=0,cur_changeCycle=0,to_view=2784
info|2019-12-14 01:31:50.188685|[g:1][CONSENSUS][SEALER]++++++++++++++++ Generating seal on,blkNum=476,tx=0,nodeIdx=3,hash=aac2ed95...
info|2019-12-14 01:31:50.194834|[g:1][CONSENSUS][PBFT]checkTimeout Succ,view=2784,toView=2785,nodeIdx=3,changeCycle=0,myNode=d0064285...,timecost=1.894
info|2019-12-14 01:31:50.195371|[g:1][CONSENSUS][PBFT]checkAndChangeView: Reach consensus,org_view=2784,org_changeCycle=0,cur_changeCycle=0,to_view=2785
info|2019-12-14 01:31:51.196515|[g:1][CONSENSUS]addRawPrepare,height=476,reqIdx=0,hash=fc040278...
info|2019-12-14 01:31:51.197618|[g:1][CONSENSUS][PBFT]checkTimeout Succ,view=2785,toView=2786,nodeIdx=3,changeCycle=0,myNode=d0064285...,timecost=0.856
info|2019-12-14 01:31:51.203980|[g:1][CONSENSUS][PBFT]checkAndChangeView: Reach consensus,org_view=2785,org_changeCycle=0,cur_changeCycle=0,to_view=2786
info|2019-12-14 01:31:52.206617|[g:1][CONSENSUS]addRawPrepare,height=476,reqIdx=1,hash=9ef2bc7a...
info|2019-12-14 01:31:52.208346|[g:1][CONSENSUS][PBFT]checkTimeout Succ,view=2786,toView=2787,nodeIdx=3,changeCycle=0,myNode=d0064285...,timecost=1.449
info|2019-12-14 01:31:52.212553|[g:1][CONSENSUS][PBFT]checkAndChangeView: Reach consensus,org_view=2786,org_changeCycle=0,cur_changeCycle=0,to_view=2787
info|2019-12-14 01:31:53.216873|[g:1][CONSENSUS]addRawPrepare,height=476,reqIdx=2,hash=0db59760...
info|2019-12-14 01:31:53.219215|[g:1][CONSENSUS][PBFT]checkTimeout Succ,view=2787,toView=2788,nodeIdx=3,changeCycle=0,myNode=d0064285...,timecost=2.1
info|2019-12-14 01:31:53.222235|[g:1][CONSENSUS][PBFT]checkAndChangeView: Reach consensus,org_view=2787,org_changeCycle=0,cur_changeCycle=0,to_view=2788
info|2019-12-14 01:31:54.223408|[g:1][CONSENSUS][SEALER]++++++++++++++++ Generating seal on,blkNum=476,tx=0,nodeIdx=3,hash=0f08f961...
info|2019-12-14 01:31:54.224788|[g:1][CONSENSUS][PBFT]checkTimeout Succ,view=2788,toView=2789,nodeIdx=3,changeCycle=0,myNode=d0064285...,timecost=0.801
info|2019-12-14 01:31:54.229799|[g:1][CONSENSUS][PBFT]checkAndChangeView: Reach consensus,org_view=2788,org_changeCycle=0,cur_changeCycle=0,to_view=2789
info|2019-12-14 01:31:55.230634|[g:1][CONSENSUS]addRawPrepare,height=476,reqIdx=0,hash=dc062871...
info|2019-12-14 01:31:55.231715|[g:1][CONSENSUS][PBFT]checkTimeout Succ,view=2789,toView=2790,nodeIdx=3,changeCycle=0,myNode=d0064285...,timecost=0.76
info|2019-12-14 01:31:55.235427|[g:1][CONSENSUS][PBFT]checkAndChangeView: Reach consensus,org_view=2789,org_changeCycle=0,cur_changeCycle=0,to_view=2790
info|2019-12-14 01:31:56.043356|[P2P][Service] heartBeat,connected count=3
info|2019-12-14 01:31:56.238897|[g:1][CONSENSUS]addRawPrepare,height=476,reqIdx=1,hash=005e948e...
info|2019-12-14 01:31:56.245300|[g:1][CONSENSUS][PBFT]checkTimeout Succ,view=2790,toView=2791,nodeIdx=3,changeCycle=0,myNode=d0064285...,timecost=5.955
info|2019-12-14 01:31:56.247250|[g:1][CONSENSUS][PBFT]checkAndChangeView: Reach consensus,org_view=2790,org_changeCycle=0,cur_changeCycle=0,to_view=2791
info|2019-12-14 01:31:57.248893|[g:1][CONSENSUS]addRawPrepare,height=476,reqIdx=2,hash=d1d35c18...
info|2019-12-14 01:31:57.251632|[g:1][CONSENSUS][PBFT]checkTimeout Succ,view=2791,toView=2792,nodeIdx=3,changeCycle=0,myNode=d0064285...,timecost=2.49
info|2019-12-14 01:31:57.254390|[g:1][CONSENSUS][PBFT]checkAndChangeView: Reach consensus,org_view=2791,org_changeCycle=0,cur_changeCycle=0,to_view=2792
info|2019-12-14 01:31:58.255621|[g:1][CONSENSUS][SEALER]++++++++++++++++ Generating seal on,blkNum=476,tx=0,nodeIdx=3,hash=4e47df04...
info|2019-12-14 01:31:58.257073|[g:1][CONSENSUS][PBFT]checkTimeout Succ,view=2792,toView=2793,nodeIdx=3,changeCycle=0,myNode=d0064285...,timecost=0.84
info|2019-12-14 01:31:58.262588|[g:1][CONSENSUS][PBFT]checkAndChangeView: Reach consensus,org_view=2792,org_changeCycle=0,cur_changeCycle=0,to_view=2793
info|2019-12-14 01:31:59.267550|[g:1][CONSENSUS]addRawPrepare,height=476,reqIdx=0,hash=01be55b3...
info|2019-12-14 01:31:59.268681|[g:1][CONSENSUS][PBFT]checkTimeout Succ,view=2793,toView=2794,nodeIdx=3,changeCycle=0,myNode=d0064285...,timecost=0.885
info|2019-12-14 01:31:59.272254|[g:1][CONSENSUS][PBFT]checkAndChangeView: Reach consensus,org_view=2793,org_changeCycle=0,cur_changeCycle=0,to_view=2794
info|2019-12-14 01:32:00.275546|[g:1][CONSENSUS]addRawPrepare,height=476,reqIdx=1,hash=423a5d68...
info|2019-12-14 01:32:00.277142|[g:1][CONSENSUS][PBFT]checkTimeout Succ,view=2794,toView=2795,nodeIdx=3,changeCycle=0,myNode=d0064285...,timecost=0.968
info|2019-12-14 01:32:00.279922|[g:1][CONSENSUS][PBFT]checkAndChangeView: Reach consensus,org_view=2794,org_changeCycle=0,cur_changeCycle=0,to_view=2795
info|2019-12-14 01:32:01.284289|[g:1][CONSENSUS]addRawPrepare,height=476,reqIdx=2,hash=2237cf5d...
info|2019-12-14 01:32:01.290965|[g:1][CONSENSUS][PBFT]checkTimeout Succ,view=2795,toView=2796,nodeIdx=3,changeCycle=0,myNode=d0064285...,timecost=6.242
info|2019-12-14 01:32:01.292937|[g:1][CONSENSUS][PBFT]checkAndChangeView: Reach consensus,org_view=2795,org_changeCycle=0,cur_changeCycle=0,to_view=2796
info|2019-12-14 01:32:02.292868|[g:1][CONSENSUS][SEALER]++++++++++++++++ Generating seal on,blkNum=476,tx=0,nodeIdx=3,hash=c9b3da69...
info|2019-12-14 01:32:02.293682|[g:1][CONSENSUS][PBFT]checkTimeout Succ,view=2796,toView=2797,nodeIdx=3,changeCycle=0,myNode=d0064285...,timecost=0.468
info|2019-12-14 01:32:02.297000|[g:1][CONSENSUS][PBFT]checkAndChangeView: Reach consensus,org_view=2796,org_changeCycle=0,cur_changeCycle=0,to_view=2797
info|2019-12-14 01:32:03.298871|[g:1][CONSENSUS]addRawPrepare,height=476,reqIdx=0,hash=888878dd...
info|2019-12-14 01:32:03.299557|[g:1][CONSENSUS][PBFT]checkTimeout Succ,view=2797,toView=2798,nodeIdx=3,changeCycle=0,myNode=d0064285...,timecost=0.519
info|2019-12-14 01:32:03.302669|[g:1][CONSENSUS][PBFT]checkAndChangeView: Reach consensus,org_view=2797,org_changeCycle=0,cur_changeCycle=0,to_view=2798
info|2019-12-14 01:32:04.303784|[g:1][CONSENSUS]addRawPrepare,height=476,reqIdx=1,hash=be492e23...
info|2019-12-14 01:32:04.306099|[g:1][CONSENSUS][PBFT]checkTimeout Succ,view=2798,toView=2799,nodeIdx=3,changeCycle=0,myNode=d0064285...,timecost=2.18
info|2019-12-14 01:32:04.308872|[g:1][CONSENSUS][PBFT]checkAndChangeView: Reach consensus,org_view=2798,org_changeCycle=0,cur_changeCycle=0,to_view=2799
info|2019-12-14 01:32:05.309351|[g:1][CONSENSUS]addRawPrepare,height=476,reqIdx=2,hash=b440c3e6...
info|2019-12-14 01:32:05.310611|[g:1][CONSENSUS][PBFT]checkTimeout Succ,view=2799,toView=2800,nodeIdx=3,changeCycle=0,myNode=d0064285...,timecost=0.926
info|2019-12-14 01:32:05.313714|[g:1][CONSENSUS][PBFT]checkAndChangeView: Reach consensus,org_view=2799,org_changeCycle=0,cur_changeCycle=0,to_view=2800
info|2019-12-14 01:32:06.048717|[P2P][Service] heartBeat,connected count=3
info|2019-12-14 01:32:06.313193|[g:1][CONSENSUS][SEALER]++++++++++++++++ Generating seal on,blkNum=476,tx=0,nodeIdx=3,hash=341f59ee...
info|2019-12-14 01:32:06.317308|[g:1][CONSENSUS][PBFT]checkTimeout Succ,view=2800,toView=2801,nodeIdx=3,changeCycle=0,myNode=d0064285...,timecost=0.508
info|2019-12-14 01:32:06.319486|[g:1][CONSENSUS][PBFT]checkAndChangeView: Reach consensus,org_view=2800,org_changeCycle=0,cur_changeCycle=0,to_view=2801
info|2019-12-14 01:32:07.321577|[g:1][CONSENSUS]addRawPrepare,height=476,reqIdx=0,hash=56d3b874...
info|2019-12-14 01:32:07.322237|[g:1][CONSENSUS][PBFT]checkTimeout Succ,view=2801,toView=2802,nodeIdx=3,changeCycle=0,myNode=d0064285...,timecost=0.53
info|2019-12-14 01:32:07.325660|[g:1][CONSENSUS][PBFT]checkAndChangeView: Reach consensus,org_view=2801,org_changeCycle=0,cur_changeCycle=0,to_view=2802
info|2019-12-14 01:32:08.327527|[g:1][CONSENSUS]addRawPrepare,height=476,reqIdx=1,hash=8ab9d8a0...
info|2019-12-14 01:32:08.328347|[g:1][CONSENSUS][PBFT]checkTimeout Succ,view=2802,toView=2803,nodeIdx=3,changeCycle=0,myNode=d0064285...,timecost=0.655
info|2019-12-14 01:32:08.330481|[g:1][CONSENSUS][PBFT]checkAndChangeView: Reach consensus,org_view=2802,org_changeCycle=0,cur_changeCycle=0,to_view=2803
info|2019-12-14 01:32:09.333189|[g:1][CONSENSUS]addRawPrepare,height=476,reqIdx=2,hash=7466f087...
info|2019-12-14 01:32:09.336576|[g:1][CONSENSUS][PBFT]checkTimeout Succ,view=2803,toView=2804,nodeIdx=3,changeCycle=0,myNode=d0064285...,timecost=3.141
info|2019-12-14 01:32:09.339643|[g:1][CONSENSUS][PBFT]checkAndChangeView: Reach consensus,org_view=2803,org_changeCycle=0,cur_changeCycle=0,to_view=2804
info|2019-12-14 01:32:10.340123|[g:1][CONSENSUS][SEALER]++++++++++++++++ Generating seal on,blkNum=476,tx=0,nodeIdx=3,hash=a4da20c2...
info|2019-12-14 01:32:10.341438|[g:1][CONSENSUS][PBFT]checkTimeout Succ,view=2804,toView=2805,nodeIdx=3,changeCycle=0,myNode=d0064285...,timecost=0.882
info|2019-12-14 01:32:10.345781|[g:1][CONSENSUS][PBFT]checkAndChangeView: Reach consensus,org_view=2804,org_changeCycle=0,cur_changeCycle=0,to_view=2805
info|2019-12-14 01:32:11.348757|[g:1][CONSENSUS]addRawPrepare,height=476,reqIdx=0,hash=f86abdb6...
info|2019-12-14 01:32:11.355192|[g:1][CONSENSUS][PBFT]checkTimeout Succ,view=2805,toView=2806,nodeIdx=3,changeCycle=0,myNode=d0064285...,timecost=6.178
info|2019-12-14 01:32:11.356826|[g:1][CONSENSUS][PBFT]checkAndChangeView: Reach consensus,org_view=2805,org_changeCycle=0,cur_changeCycle=0,to_view=2806
info|2019-12-14 01:32:12.357322|[g:1][CONSENSUS]addRawPrepare,height=476,reqIdx=1,hash=110f392b...
info|2019-12-14 01:32:12.358364|[g:1][CONSENSUS][PBFT]checkTimeout Succ,view=2806,toView=2807,nodeIdx=3,changeCycle=0,myNode=d0064285...,timecost=0.834
info|2019-12-14 01:32:12.362580|[g:1][CONSENSUS][PBFT]checkAndChangeView: Reach consensus,org_view=2806,org_changeCycle=0,cur_changeCycle=0,to_view=2807
info|2019-12-14 01:32:13.364755|[g:1][CONSENSUS]addRawPrepare,height=476,reqIdx=2,hash=391e0560...
info|2019-12-14 01:32:13.367327|[g:1][CONSENSUS][PBFT]checkTimeout Succ,view=2807,toView=2808,nodeIdx=3,changeCycle=0,myNode=d0064285...,timecost=2.309
info|2019-12-14 01:32:13.371412|[g:1][CONSENSUS][PBFT]checkAndChangeView: Reach consensus,org_view=2807,org_changeCycle=0,cur_changeCycle=0,to_view=2808
info|2019-12-14 01:32:14.372734|[g:1][CONSENSUS][SEALER]++++++++++++++++ Generating seal on,blkNum=476,tx=0,nodeIdx=3,hash=5a636ae8...
info|2019-12-14 01:32:14.377561|[g:1][CONSENSUS][PBFT]checkTimeout Succ,view=2808,toView=2809,nodeIdx=3,changeCycle=0,myNode=d0064285...,timecost=0.785
info|2019-12-14 01:32:14.381205|[g:1][CONSENSUS][PBFT]checkAndChangeView: Reach consensus,org_view=2808,org_changeCycle=0,cur_changeCycle=0,to_view=2809
info|2019-12-14 01:32:15.384603|[g:1][CONSENSUS]addRawPrepare,height=476,reqIdx=0,hash=bc37cddd...
info|2019-12-14 01:32:15.389209|[g:1][CONSENSUS][PBFT]checkTimeout Succ,view=2809,toView=2810,nodeIdx=3,changeCycle=0,myNode=d0064285...,timecost=4.276
info|2019-12-14 01:32:15.392445|[g:1][CONSENSUS][PBFT]checkAndChangeView: Reach consensus,org_view=2809,org_changeCycle=0,cur_changeCycle=0,to_view=2810
info|2019-12-14 01:32:16.051941|[P2P][Service] heartBeat,connected count=3
info|2019-12-14 01:32:16.393587|[g:1][CONSENSUS]addRawPrepare,height=476,reqIdx=1,hash=1aaeb4ff...
info|2019-12-14 01:32:16.394700|[g:1][CONSENSUS][PBFT]checkTimeout Succ,view=2810,toView=2811,nodeIdx=3,changeCycle=0,myNode=d0064285...,timecost=0.756
info|2019-12-14 01:32:16.401770|[g:1][CONSENSUS][PBFT]checkAndChangeView: Reach consensus,org_view=2810,org_changeCycle=0,cur_changeCycle=0,to_view=2811
