warning|2019-12-14 07:08:03.007027|[g:1][CONSENSUS][PBFT]ViewChangeWarning: not caused by omit empty block ,v=2993,toV=2994,curNum=475,hash=ad338c6e...,nodeIdx=3,myNode=d0064285...
info|2019-12-14 07:08:03.007136|[g:1][CONSENSUS][PBFT]checkTimeout Succ,view=2993,toView=2994,nodeIdx=3,changeCycle=1,myNode=d0064285...,timecost=0.396
info|2019-12-14 07:08:03.010815|[P2P][Service] heartBeat,connected count=3
info|2019-12-14 07:08:03.029662|[g:1][CONSENSUS][PBFT]checkAndChangeView: Reach consensus,org_view=2993,org_changeCycle=1,cur_changeCycle=1,to_view=2994
info|2019-12-14 07:08:04.027175|[g:1][CONSENSUS]addRawPrepare,height=476,reqIdx=1,hash=94c65387...
info|2019-12-14 07:08:04.027810|[g:1][CONSENSUS][PBFT]checkTimeout Succ,view=2994,toView=2995,nodeIdx=3,changeCycle=0,myNode=d0064285...,timecost=0.504
info|2019-12-14 07:08:04.029150|[g:1][CONSENSUS][PBFT]checkAndChangeView: Reach consensus,org_view=2994,org_changeCycle=0,cur_changeCycle=0,to_view=2995
info|2019-12-14 07:08:05.033890|[g:1][CONSENSUS]addRawPrepare,height=476,reqIdx=2,hash=854b4f79...
info|2019-12-14 07:08:05.034540|[g:1][CONSENSUS][PBFT]checkTimeout Succ,view=2995,toView=2996,nodeIdx=3,changeCycle=0,myNode=d0064285...,timecost=0.367
info|2019-12-14 07:08:05.036705|[g:1][CONSENSUS][PBFT]checkAndChangeView: Reach consensus,org_view=2995,org_changeCycle=0,cur_changeCycle=0,to_view=2996
info|2019-12-14 07:08:06.036503|[g:1][CONSENSUS][SEALER]++++++++++++++++ Generating seal on,blkNum=476,tx=0,nodeIdx=3,hash=4e00d88c...
info|2019-12-14 07:08:06.038248|[g:1][CONSENSUS][PBFT]checkTimeout Succ,view=2996,toView=2997,nodeIdx=3,changeCycle=0,myNode=d0064285...,timecost=0.804
info|2019-12-14 07:08:06.044344|[g:1][CONSENSUS][PBFT]checkAndChangeView: Reach consensus,org_view=2996,org_changeCycle=0,cur_changeCycle=0,to_view=2997
info|2019-12-14 07:08:07.047976|[g:1][CONSENSUS]addRawPrepare,height=476,reqIdx=0,hash=6043740d...
info|2019-12-14 07:08:07.049090|[g:1][CONSENSUS][PBFT]checkTimeout Succ,view=2997,toView=2998,nodeIdx=3,changeCycle=0,myNode=d0064285...,timecost=0.914
info|2019-12-14 07:08:07.054095|[g:1][CONSENSUS][PBFT]checkAndChangeView: Reach consensus,org_view=2997,org_changeCycle=0,cur_changeCycle=0,to_view=2998
info|2019-12-14 07:08:08.055669|[g:1][CONSENSUS]addRawPrepare,height=476,reqIdx=1,hash=2f8e53b3...
info|2019-12-14 07:08:08.059105|[g:1][CONSENSUS][PBFT]checkTimeout Succ,view=2998,toView=2999,nodeIdx=3,changeCycle=0,myNode=d0064285...,timecost=3.146
info|2019-12-14 07:08:08.061499|[g:1][CONSENSUS][PBFT]checkAndChangeView: Reach consensus,org_view=2998,org_changeCycle=0,cur_changeCycle=0,to_view=2999
info|2019-12-14 07:08:09.065145|[g:1][CONSENSUS]addRawPrepare,height=476,reqIdx=2,hash=f7522fa1...
info|2019-12-14 07:08:09.066503|[g:1][CONSENSUS][PBFT]checkTimeout Succ,view=2999,toView=3000,nodeIdx=3,changeCycle=0,myNode=d0064285...,timecost=1.18
info|2019-12-14 07:08:09.068659|[g:1][CONSENSUS][PBFT]checkAndChangeView: Reach consensus,org_view=2999,org_changeCycle=0,cur_changeCycle=0,to_view=3000
info|2019-12-14 07:08:10.069015|[g:1][CONSENSUS][SEALER]++++++++++++++++ Generating seal on,blkNum=476,tx=0,nodeIdx=3,hash=eec7e468...
info|2019-12-14 07:08:10.073691|[g:1][CONSENSUS][PBFT]checkTimeout Succ,view=3000,toView=3001,nodeIdx=3,changeCycle=0,myNode=d0064285...,timecost=1.001
info|2019-12-14 07:08:10.075900|[g:1][CONSENSUS][PBFT]checkAndChangeView: Reach consensus,org_view=3000,org_changeCycle=0,cur_changeCycle=0,to_view=3001
info|2019-12-14 07:08:11.078108|[g:1][CONSENSUS]addRawPrepare,height=476,reqIdx=0,hash=2836755a...
info|2019-12-14 07:08:11.078971|[g:1][CONSENSUS][PBFT]checkTimeout Succ,view=3001,toView=3002,nodeIdx=3,changeCycle=0,myNode=d0064285...,timecost=0.655
info|2019-12-14 07:08:11.081530|[g:1][CONSENSUS][PBFT]checkAndChangeView: Reach consensus,org_view=3001,org_changeCycle=0,cur_changeCycle=0,to_view=3002
info|2019-12-14 07:08:12.084570|[g:1][CONSENSUS]addRawPrepare,height=476,reqIdx=1,hash=9ea122cd...
info|2019-12-14 07:08:12.086489|[g:1][CONSENSUS][PBFT]checkTimeout Succ,view=3002,toView=3003,nodeIdx=3,changeCycle=0,myNode=d0064285...,timecost=1.662
info|2019-12-14 07:08:12.090533|[g:1][CONSENSUS][PBFT]checkAndChangeView: Reach consensus,org_view=3002,org_changeCycle=0,cur_changeCycle=0,to_view=3003
info|2019-12-14 07:08:13.018623|[P2P][Service] heartBeat,connected count=3
info|2019-12-14 07:08:13.093496|[g:1][CONSENSUS]addRawPrepare,height=476,reqIdx=2,hash=06861b5e...
info|2019-12-14 07:08:13.095632|[g:1][CONSENSUS][PBFT]checkTimeout Succ,view=3003,toView=3004,nodeIdx=3,changeCycle=0,myNode=d0064285...,timecost=1.766
info|2019-12-14 07:08:13.097871|[g:1][CONSENSUS][PBFT]checkAndChangeView: Reach consensus,org_view=3003,org_changeCycle=0,cur_changeCycle=0,to_view=3004
info|2019-12-14 07:08:14.098061|[g:1][CONSENSUS][SEALER]++++++++++++++++ Generating seal on,blkNum=476,tx=0,nodeIdx=3,hash=430a2aa8...
info|2019-12-14 07:08:14.102958|[g:1][CONSENSUS][PBFT]checkTimeout Succ,view=3004,toView=3005,nodeIdx=3,changeCycle=0,myNode=d0064285...,timecost=0.809
info|2019-12-14 07:08:14.106705|[g:1][CONSENSUS][PBFT]checkAndChangeView: Reach consensus,org_view=3004,org_changeCycle=0,cur_changeCycle=0,to_view=3005
info|2019-12-14 07:08:15.108821|[g:1][CONSENSUS]addRawPrepare,height=476,reqIdx=0,hash=dbb00b7a...
info|2019-12-14 07:08:15.109980|[g:1][CONSENSUS][PBFT]checkTimeout Succ,view=3005,toView=3006,nodeIdx=3,changeCycle=0,myNode=d0064285...,timecost=0.805
info|2019-12-14 07:08:15.113221|[g:1][CONSENSUS][PBFT]checkAndChangeView: Reach consensus,org_view=3005,org_changeCycle=0,cur_changeCycle=0,to_view=3006
info|2019-12-14 07:08:16.116697|[g:1][CONSENSUS]addRawPrepare,height=476,reqIdx=1,hash=fde38781...
info|2019-12-14 07:08:16.120149|[g:1][CONSENSUS][PBFT]checkTimeout Succ,view=3006,toView=3007,nodeIdx=3,changeCycle=0,myNode=d0064285...,timecost=3.246
info|2019-12-14 07:08:16.123896|[g:1][CONSENSUS][PBFT]checkAndChangeView: Reach consensus,org_view=3006,org_changeCycle=0,cur_changeCycle=0,to_view=3007
info|2019-12-14 07:08:17.125607|[g:1][CONSENSUS]addRawPrepare,height=476,reqIdx=2,hash=b4824d3d...
info|2019-12-14 07:08:17.126698|[g:1][CONSENSUS][PBFT]checkTimeout Succ,view=3007,toView=3008,nodeIdx=3,changeCycle=0,myNode=d0064285...,timecost=0.807
info|2019-12-14 07:08:17.129491|[g:1][CONSENSUS][PBFT]checkAndChangeView: Reach consensus,org_view=3007,org_changeCycle=0,cur_changeCycle=0,to_view=3008
info|2019-12-14 07:08:18.129327|[g:1][CONSENSUS][SEALER]++++++++++++++++ Generating seal on,blkNum=476,tx=0,nodeIdx=3,hash=d4e9b1c6...
info|2019-12-14 07:08:18.133948|[g:1][CONSENSUS][PBFT]checkTimeout Succ,view=3008,toView=3009,nodeIdx=3,changeCycle=0,myNode=d0064285...,timecost=0.713
info|2019-12-14 07:08:18.135520|[g:1][CONSENSUS][PBFT]checkAndChangeView: Reach consensus,org_view=3008,org_changeCycle=0,cur_changeCycle=0,to_view=3009
info|2019-12-14 07:08:19.138666|[g:1][CONSENSUS]addRawPrepare,height=476,reqIdx=0,hash=099bfab6...
info|2019-12-14 07:08:19.139700|[g:1][CONSENSUS][PBFT]checkTimeout Succ,view=3009,toView=3010,nodeIdx=3,changeCycle=0,myNode=d0064285...,timecost=0.764
info|2019-12-14 07:08:19.143055|[g:1][CONSENSUS][PBFT]checkAndChangeView: Reach consensus,org_view=3009,org_changeCycle=0,cur_changeCycle=0,to_view=3010
info|2019-12-14 07:08:20.148801|[g:1][CONSENSUS]addRawPrepare,height=476,reqIdx=1,hash=78d82031...
info|2019-12-14 07:08:20.149470|[g:1][CONSENSUS][PBFT]checkTimeout Succ,view=3010,toView=3011,nodeIdx=3,changeCycle=0,myNode=d0064285...,timecost=0.51
info|2019-12-14 07:08:20.151376|[g:1][CONSENSUS][PBFT]checkAndChangeView: Reach consensus,org_view=3010,org_changeCycle=0,cur_changeCycle=0,to_view=3011
info|2019-12-14 07:08:21.153465|[g:1][CONSENSUS]addRawPrepare,height=476,reqIdx=2,hash=2cd26dc8...
info|2019-12-14 07:08:21.154022|[g:1][CONSENSUS][PBFT]checkTimeout Succ,view=3011,toView=3012,nodeIdx=3,changeCycle=0,myNode=d0064285...,timecost=0.496
info|2019-12-14 07:08:21.156305|[g:1][CONSENSUS][PBFT]checkAndChangeView: Reach consensus,org_view=3011,org_changeCycle=0,cur_changeCycle=0,to_view=3012
info|2019-12-14 07:08:22.157562|[g:1][CONSENSUS][SEALER]++++++++++++++++ Generating seal on,blkNum=476,tx=0,nodeIdx=3,hash=794bc158...
info|2019-12-14 07:08:22.159032|[g:1][CONSENSUS][PBFT]checkTimeout Succ,view=3012,toView=3013,nodeIdx=3,changeCycle=0,myNode=d0064285...,timecost=0.748
info|2019-12-14 07:08:22.164365|[g:1][CONSENSUS][PBFT]checkAndChangeView: Reach consensus,org_view=3012,org_changeCycle=0,cur_changeCycle=0,to_view=3013
info|2019-12-14 07:08:23.019104|[P2P][Service] heartBeat,connected count=3
info|2019-12-14 07:08:23.168731|[g:1][CONSENSUS]addRawPrepare,height=476,reqIdx=0,hash=3d4b732c...
info|2019-12-14 07:08:23.172014|[g:1][CONSENSUS][PBFT]checkTimeout Succ,view=3013,toView=3014,nodeIdx=3,changeCycle=0,myNode=d0064285...,timecost=2.905
info|2019-12-14 07:08:23.173533|[g:1][CONSENSUS][PBFT]checkAndChangeView: Reach consensus,org_view=3013,org_changeCycle=0,cur_changeCycle=0,to_view=3014
info|2019-12-14 07:08:24.175980|[g:1][CONSENSUS]addRawPrepare,height=476,reqIdx=1,hash=fa358133...
info|2019-12-14 07:08:24.177650|[g:1][CONSENSUS][PBFT]checkTimeout Succ,view=3014,toView=3015,nodeIdx=3,changeCycle=0,myNode=d0064285...,timecost=1.185
info|2019-12-14 07:08:24.181550|[g:1][CONSENSUS][PBFT]checkAndChangeView: Reach consensus,org_view=3014,org_changeCycle=0,cur_changeCycle=0,to_view=3015
info|2019-12-14 07:08:25.184227|[g:1][CONSENSUS]addRawPrepare,height=476,reqIdx=2,hash=f9ddd903...
info|2019-12-14 07:08:25.185584|[g:1][CONSENSUS][PBFT]checkTimeout Succ,view=3015,toView=3016,nodeIdx=3,changeCycle=0,myNode=d0064285...,timecost=0.886
info|2019-12-14 07:08:25.189744|[g:1][CONSENSUS][PBFT]checkAndChangeView: Reach consensus,org_view=3015,org_changeCycle=0,cur_changeCycle=0,to_view=3016
info|2019-12-14 07:08:26.190495|[g:1][CONSENSUS][SEALER]++++++++++++++++ Generating seal on,blkNum=476,tx=0,nodeIdx=3,hash=990f7e0f...
info|2019-12-14 07:08:26.191932|[g:1][CONSENSUS][PBFT]checkTimeout Succ,view=3016,toView=3017,nodeIdx=3,changeCycle=0,myNode=d0064285...,timecost=0.915
info|2019-12-14 07:08:26.198727|[g:1][CONSENSUS][PBFT]checkAndChangeView: Reach consensus,org_view=3016,org_changeCycle=0,cur_changeCycle=0,to_view=3017
info|2019-12-14 07:08:27.200382|[g:1][CONSENSUS]addRawPrepare,height=476,reqIdx=0,hash=c59f6865...
info|2019-12-14 07:08:27.201470|[g:1][CONSENSUS][PBFT]checkTimeout Succ,view=3017,toView=3018,nodeIdx=3,changeCycle=0,myNode=d0064285...,timecost=0.835
info|2019-12-14 07:08:27.206320|[g:1][CONSENSUS][PBFT]checkAndChangeView: Reach consensus,org_view=3017,org_changeCycle=0,cur_changeCycle=0,to_view=3018
info|2019-12-14 07:08:28.908630|[g:1][CONSENSUS]addRawPrepare,height=476,reqIdx=1,hash=926be42b...
info|2019-12-14 07:08:28.909305|[g:1][CONSENSUS][PBFT]checkTimeout Succ,view=3018,toView=3019,nodeIdx=3,changeCycle=0,myNode=d0064285...,timecost=0.396
info|2019-12-14 07:08:28.913755|[g:1][CONSENSUS][PBFT]checkAndChangeView: Reach consensus,org_view=3018,org_changeCycle=0,cur_changeCycle=0,to_view=3019
info|2019-12-14 07:08:29.915206|[g:1][CONSENSUS]addRawPrepare,height=476,reqIdx=2,hash=872bb10a...
info|2019-12-14 07:08:29.916431|[g:1][CONSENSUS][PBFT]checkTimeout Succ,view=3019,toView=3020,nodeIdx=3,changeCycle=0,myNode=d0064285...,timecost=0.916
info|2019-12-14 07:08:29.921075|[g:1][CONSENSUS][PBFT]checkAndChangeView: Reach consensus,org_view=3019,org_changeCycle=0,cur_changeCycle=0,to_view=3020
info|2019-12-14 07:08:30.921992|[g:1][CONSENSUS][SEALER]++++++++++++++++ Generating seal on,blkNum=476,tx=0,nodeIdx=3,hash=7eb0b9eb...
info|2019-12-14 07:08:30.923370|[g:1][CONSENSUS][PBFT]checkTimeout Succ,view=3020,toView=3021,nodeIdx=3,changeCycle=0,myNode=d0064285...,timecost=0.843
info|2019-12-14 07:08:30.930666|[g:1][CONSENSUS][PBFT]checkAndChangeView: Reach consensus,org_view=3020,org_changeCycle=0,cur_changeCycle=0,to_view=3021
info|2019-12-14 07:08:31.931364|[g:1][CONSENSUS]addRawPrepare,height=476,reqIdx=0,hash=22eec7eb...
info|2019-12-14 07:08:31.932374|[g:1][CONSENSUS][PBFT]checkTimeout Succ,view=3021,toView=3022,nodeIdx=3,changeCycle=0,myNode=d0064285...,timecost=0.807
info|2019-12-14 07:08:31.935754|[g:1][CONSENSUS][PBFT]checkAndChangeView: Reach consensus,org_view=3021,org_changeCycle=0,cur_changeCycle=0,to_view=3022
info|2019-12-14 07:08:32.937352|[g:1][CONSENSUS]addRawPrepare,height=476,reqIdx=1,hash=dcb425e1...
info|2019-12-14 07:08:32.938552|[g:1][CONSENSUS][PBFT]checkTimeout Succ,view=3022,toView=3023,nodeIdx=3,changeCycle=0,myNode=d0064285...,timecost=0.802
info|2019-12-14 07:08:32.942832|[g:1][CONSENSUS][PBFT]checkAndChangeView: Reach consensus,org_view=3022,org_changeCycle=0,cur_changeCycle=0,to_view=3023
info|2019-12-14 07:08:33.029255|[P2P][Service] heartBeat,connected count=3
info|2019-12-14 07:08:33.946562|[g:1][CONSENSUS]addRawPrepare,height=476,reqIdx=2,hash=14883276...
info|2019-12-14 07:08:33.952514|[g:1][CONSENSUS][PBFT]checkTimeout Succ,view=3023,toView=3024,nodeIdx=3,changeCycle=0,myNode=d0064285...,timecost=5.501
info|2019-12-14 07:08:33.954413|[g:1][CONSENSUS][PBFT]checkAndChangeView: Reach consensus,org_view=3023,org_changeCycle=0,cur_changeCycle=0,to_view=3024
info|2019-12-14 07:08:34.955145|[g:1][CONSENSUS][SEALER]++++++++++++++++ Generating seal on,blkNum=476,tx=0,nodeIdx=3,hash=643bdd00...
info|2019-12-14 07:08:34.956611|[g:1][CONSENSUS][PBFT]checkTimeout Succ,view=3024,toView=3025,nodeIdx=3,changeCycle=0,myNode=d0064285...,timecost=0.821
info|2019-12-14 07:08:34.962527|[g:1][CONSENSUS][PBFT]checkAndChangeView: Reach consensus,org_view=3024,org_changeCycle=0,cur_changeCycle=0,to_view=3025
info|2019-12-14 07:08:35.964263|[g:1][CONSENSUS]addRawPrepare,height=476,reqIdx=0,hash=8cfc3ec8...
info|2019-12-14 07:08:35.967847|[g:1][CONSENSUS][PBFT]checkTimeout Succ,view=3025,toView=3026,nodeIdx=3,changeCycle=0,myNode=d0064285...,timecost=3.299
info|2019-12-14 07:08:35.971031|[g:1][CONSENSUS][PBFT]checkAndChangeView: Reach consensus,org_view=3025,org_changeCycle=0,cur_changeCycle=0,to_view=3026
info|2019-12-14 07:08:36.972500|[g:1][CONSENSUS]addRawPrepare,height=476,reqIdx=1,hash=e9239ac6...
info|2019-12-14 07:08:36.974300|[g:1][CONSENSUS][PBFT]checkTimeout Succ,view=3026,toView=3027,nodeIdx=3,changeCycle=0,myNode=d0064285...,timecost=1.07
info|2019-12-14 07:08:36.977210|[g:1][CONSENSUS][PBFT]checkAndChangeView: Reach consensus,org_view=3026,org_changeCycle=0,cur_changeCycle=0,to_view=3027
info|2019-12-14 07:08:37.979201|[g:1][CONSENSUS]addRawPrepare,height=476,reqIdx=2,hash=7b603889...
info|2019-12-14 07:08:37.980312|[g:1][CONSENSUS][PBFT]checkTimeout Succ,view=3027,toView=3028,nodeIdx=3,changeCycle=0,myNode=d0064285...,timecost=0.819
info|2019-12-14 07:08:37.982811|[g:1][CONSENSUS][PBFT]checkAndChangeView: Reach consensus,org_view=3027,org_changeCycle=0,cur_changeCycle=0,to_view=3028
info|2019-12-14 07:08:38.983235|[g:1][CONSENSUS][SEALER]++++++++++++++++ Generating seal on,blkNum=476,tx=0,nodeIdx=3,hash=8ea9a6c6...
info|2019-12-14 07:08:38.984822|[g:1][CONSENSUS][PBFT]checkTimeout Succ,view=3028,toView=3029,nodeIdx=3,changeCycle=0,myNode=d0064285...,timecost=1.059
info|2019-12-14 07:08:38.991081|[g:1][CONSENSUS][PBFT]checkAndChangeView: Reach consensus,org_view=3028,org_changeCycle=0,cur_changeCycle=0,to_view=3029
info|2019-12-14 07:08:39.996580|[g:1][CONSENSUS]addRawPrepare,height=476,reqIdx=0,hash=45c31859...
info|2019-12-14 07:08:39.998845|[g:1][CONSENSUS][PBFT]checkTimeout Succ,view=3029,toView=3030,nodeIdx=3,changeCycle=0,myNode=d0064285...,timecost=2.024
info|2019-12-14 07:08:40.002117|[g:1][CONSENSUS][PBFT]checkAndChangeView: Reach consensus,org_view=3029,org_changeCycle=0,cur_changeCycle=0,to_view=3030
info|2019-12-14 07:08:41.005354|[g:1][CONSENSUS]addRawPrepare,height=476,reqIdx=1,hash=32ae132a...
info|2019-12-14 07:08:41.006456|[g:1][CONSENSUS][PBFT]checkTimeout Succ,view=3030,toView=3031,nodeIdx=3,changeCycle=0,myNode=d0064285...,timecost=0.889
info|2019-12-14 07:08:41.012083|[g:1][CONSENSUS][PBFT]checkAndChangeView: Reach consensus,org_view=3030,org_changeCycle=0,cur_changeCycle=0,to_view=3031
info|2019-12-14 07:08:42.014048|[g:1][CONSENSUS]addRawPrepare,height=476,reqIdx=2,hash=d5af1ee7...
info|2019-12-14 07:08:42.015009|[g:1][CONSENSUS][PBFT]checkTimeout Succ,view=3031,toView=3032,nodeIdx=3,changeCycle=0,myNode=d0064285...,timecost=0.662
info|2019-12-14 07:08:42.017488|[g:1][CONSENSUS][PBFT]checkAndChangeView: Reach consensus,org_view=3031,org_changeCycle=0,cur_changeCycle=0,to_view=3032
info|2019-12-14 07:08:43.018305|[g:1][CONSENSUS][SEALER]++++++++++++++++ Generating seal on,blkNum=476,tx=0,nodeIdx=3,hash=1893e6a4...
info|2019-12-14 07:08:43.025303|[g:1][CONSENSUS][PBFT]checkTimeout Succ,view=3032,toView=3033,nodeIdx=3,changeCycle=0,myNode=d0064285...,timecost=1.575
info|2019-12-14 07:08:43.027189|[g:1][CONSENSUS][PBFT]checkAndChangeView: Reach consensus,org_view=3032,org_changeCycle=0,cur_changeCycle=0,to_view=3033
info|2019-12-14 07:08:43.030418|[P2P][Service] heartBeat,connected count=3
info|2019-12-14 07:08:44.028986|[g:1][CONSENSUS]addRawPrepare,height=476,reqIdx=0,hash=e309921c...
info|2019-12-14 07:08:44.029952|[g:1][CONSENSUS][PBFT]checkTimeout Succ,view=3033,toView=3034,nodeIdx=3,changeCycle=0,myNode=d0064285...,timecost=0.711
info|2019-12-14 07:08:44.034878|[g:1][CONSENSUS][PBFT]checkAndChangeView: Reach consensus,org_view=3033,org_changeCycle=0,cur_changeCycle=0,to_view=3034
info|2019-12-14 07:08:45.036708|[g:1][CONSENSUS]addRawPrepare,height=476,reqIdx=1,hash=5f8bffea...
info|2019-12-14 07:08:45.038119|[g:1][CONSENSUS][PBFT]checkTimeout Succ,view=3034,toView=3035,nodeIdx=3,changeCycle=0,myNode=d0064285...,timecost=1.12
info|2019-12-14 07:08:45.044023|[g:1][CONSENSUS][PBFT]checkAndChangeView: Reach consensus,org_view=3034,org_changeCycle=0,cur_changeCycle=0,to_view=3035
info|2019-12-14 07:08:46.045189|[g:1][CONSENSUS]addRawPrepare,height=476,reqIdx=2,hash=22425c37...
info|2019-12-14 07:08:46.048413|[g:1][CONSENSUS][PBFT]checkTimeout Succ,view=3035,toView=3036,nodeIdx=3,changeCycle=0,myNode=d0064285...,timecost=2.328
info|2019-12-14 07:08:46.050971|[g:1][CONSENSUS][PBFT]checkAndChangeView: Reach consensus,org_view=3035,org_changeCycle=0,cur_changeCycle=0,to_view=3036
info|2019-12-14 07:08:47.051927|[g:1][CONSENSUS][SEALER]++++++++++++++++ Generating seal on,blkNum=476,tx=0,nodeIdx=3,hash=3ea32e21...
info|2019-12-14 07:08:47.053321|[g:1][CONSENSUS][PBFT]checkTimeout Succ,view=3036,toView=3037,nodeIdx=3,changeCycle=0,myNode=d0064285...,timecost=0.823
info|2019-12-14 07:08:47.060556|[g:1][CONSENSUS][PBFT]checkAndChangeView: Reach consensus,org_view=3036,org_changeCycle=0,cur_changeCycle=0,to_view=3037
info|2019-12-14 07:08:48.062207|[g:1][CONSENSUS]addRawPrepare,height=476,reqIdx=0,hash=ff4edf1f...
info|2019-12-14 07:08:48.063318|[g:1][CONSENSUS][PBFT]checkTimeout Succ,view=3037,toView=3038,nodeIdx=3,changeCycle=0,myNode=d0064285...,timecost=0.834
info|2019-12-14 07:08:48.066794|[g:1][CONSENSUS][PBFT]checkAndChangeView: Reach consensus,org_view=3037,org_changeCycle=0,cur_changeCycle=0,to_view=3038
info|2019-12-14 07:08:49.072562|[g:1][CONSENSUS]addRawPrepare,height=476,reqIdx=1,hash=6860fa0d...
info|2019-12-14 07:08:49.079732|[g:1][CONSENSUS][PBFT]checkTimeout Succ,view=3038,toView=3039,nodeIdx=3,changeCycle=0,myNode=d0064285...,timecost=6.958
info|2019-12-14 07:08:49.081315|[g:1][CONSENSUS][PBFT]checkAndChangeView: Reach consensus,org_view=3038,org_changeCycle=0,cur_changeCycle=0,to_view=3039
info|2019-12-14 07:08:50.081433|[g:1][CONSENSUS]addRawPrepare,height=476,reqIdx=2,hash=935ef3b9...
info|2019-12-14 07:08:50.082857|[g:1][CONSENSUS][PBFT]checkTimeout Succ,view=3039,toView=3040,nodeIdx=3,changeCycle=0,myNode=d0064285...,timecost=1.224
info|2019-12-14 07:08:50.085578|[g:1][CONSENSUS][PBFT]checkAndChangeView: Reach consensus,org_view=3039,org_changeCycle=0,cur_changeCycle=0,to_view=3040
info|2019-12-14 07:08:51.086110|[g:1][CONSENSUS][SEALER]++++++++++++++++ Generating seal on,blkNum=476,tx=0,nodeIdx=3,hash=7ab38bea...
info|2019-12-14 07:08:51.090765|[g:1][CONSENSUS][PBFT]checkTimeout Succ,view=3040,toView=3041,nodeIdx=3,changeCycle=0,myNode=d0064285...,timecost=0.845
info|2019-12-14 07:08:51.093287|[g:1][CONSENSUS][PBFT]checkAndChangeView: Reach consensus,org_view=3040,org_changeCycle=0,cur_changeCycle=0,to_view=3041
info|2019-12-14 07:08:52.097601|[g:1][CONSENSUS]addRawPrepare,height=476,reqIdx=0,hash=f790652d...
info|2019-12-14 07:08:52.099979|[g:1][CONSENSUS][PBFT]checkTimeout Succ,view=3041,toView=3042,nodeIdx=3,changeCycle=0,myNode=d0064285...,timecost=1.772
info|2019-12-14 07:08:52.103455|[g:1][CONSENSUS][PBFT]checkAndChangeView: Reach consensus,org_view=3041,org_changeCycle=0,cur_changeCycle=0,to_view=3042
info|2019-12-14 07:08:53.040198|[P2P][Service] heartBeat,connected count=3
info|2019-12-14 07:08:53.107221|[g:1][CONSENSUS]addRawPrepare,height=476,reqIdx=1,hash=77acf908...
info|2019-12-14 07:08:53.109012|[g:1][CONSENSUS][PBFT]checkTimeout Succ,view=3042,toView=3043,nodeIdx=3,changeCycle=0,myNode=d0064285...,timecost=1.524
info|2019-12-14 07:08:53.111507|[g:1][CONSENSUS][PBFT]checkAndChangeView: Reach consensus,org_view=3042,org_changeCycle=0,cur_changeCycle=0,to_view=3043
info|2019-12-14 07:08:54.116422|[g:1][CONSENSUS]addRawPrepare,height=476,reqIdx=2,hash=69451b65...
info|2019-12-14 07:08:54.118004|[g:1][CONSENSUS][PBFT]checkTimeout Succ,view=3043,toView=3044,nodeIdx=3,changeCycle=0,myNode=d0064285...,timecost=0.878
info|2019-12-14 07:08:54.121638|[g:1][CONSENSUS][PBFT]checkAndChangeView: Reach consensus,org_view=3043,org_changeCycle=0,cur_changeCycle=0,to_view=3044
info|2019-12-14 07:08:55.122353|[g:1][CONSENSUS][SEALER]++++++++++++++++ Generating seal on,blkNum=476,tx=0,nodeIdx=3,hash=74b1f49c...
info|2019-12-14 07:08:55.123485|[g:1][CONSENSUS][PBFT]checkTimeout Succ,view=3044,toView=3045,nodeIdx=3,changeCycle=0,myNode=d0064285...,timecost=0.663
info|2019-12-14 07:08:55.128453|[g:1][CONSENSUS][PBFT]checkAndChangeView: Reach consensus,org_view=3044,org_changeCycle=0,cur_changeCycle=0,to_view=3045
