info|2019-12-10 23:40:14.051813|[g:1][CONSENSUS][SEALER]++++++++++++++++ Generating seal on,blkNum=1,tx=0,nodeIdx=3,hash=deaa5e70...
warning|2019-12-10 23:40:14.053622|[g:1][CONSENSUS][PBFT]ViewChangeWarning: not caused by omit empty block ,v=5407,toV=5408,curNum=0,hash=382ff964...,nodeIdx=3,myNode=d0064285...
info|2019-12-10 23:40:14.081264|[g:1][CONSENSUS][PBFT]checkTimeout Succ,view=5407,toView=5408,nodeIdx=3,changeCycle=1,myNode=d0064285...,timecost=56.861
info|2019-12-10 23:40:14.081608|[P2P][Service] heartBeat,connected count=3
info|2019-12-10 23:40:14.085446|[g:1][CONSENSUS][PBFT]checkTimeout Succ,view=5407,toView=5409,nodeIdx=3,changeCycle=0,myNode=d0064285...,timecost=0.433
info|2019-12-10 23:40:15.072314|[g:1][CONSENSUS][PBFT]FutureBlock,EINFO=handlePrepareMsg,reqIdx=0,view=5408,reqNum=1,curNum=0,consNum=1,fromIp=127.0.0.1:58205,hash=2e728065...,nodeIdx=3,myNode=d0064285...,curChangeCycle=0
info|2019-12-10 23:40:15.072423|[g:1][CONSENSUS]addFuturePrepareCache,height=1,reqIdx=0,hash=2e728065...
info|2019-12-10 23:40:15.080686|[g:1][CONSENSUS][PBFT]FutureBlock,EINFO=handlePrepareMsg,reqIdx=0,view=5408,reqNum=1,curNum=0,consNum=1,fromIp=127.0.0.1:58209,hash=2e728065...,nodeIdx=3,myNode=d0064285...,curChangeCycle=0
info|2019-12-10 23:40:15.080751|[g:1][CONSENSUS][PBFT]FutureBlock,EINFO=handlePrepareMsg,reqIdx=0,view=5408,reqNum=1,curNum=0,consNum=1,fromIp=127.0.0.1:58213,hash=2e728065...,nodeIdx=3,myNode=d0064285...,curChangeCycle=0
info|2019-12-10 23:40:15.081773|[g:1][CONSENSUS][PBFT]checkAndChangeView, update m_changeCycle to 1
info|2019-12-10 23:40:15.081790|[g:1][CONSENSUS][PBFT]checkAndChangeView: Reach consensus,org_view=5407,org_changeCycle=0,cur_changeCycle=1,to_view=5409
info|2019-12-10 23:40:16.076807|[g:1][CONSENSUS]addRawPrepare,height=1,reqIdx=1,hash=17df582b...
info|2019-12-10 23:40:16.077561|[g:1][CONSENSUS][PBFT]checkTimeout Succ,view=5409,toView=5410,nodeIdx=3,changeCycle=0,myNode=d0064285...,timecost=0.615
info|2019-12-10 23:40:16.081817|[g:1][CONSENSUS][PBFT]checkAndChangeView: Reach consensus,org_view=5409,org_changeCycle=0,cur_changeCycle=0,to_view=5410
info|2019-12-10 23:40:17.082444|[g:1][CONSENSUS]addRawPrepare,height=1,reqIdx=2,hash=42212190...
info|2019-12-10 23:40:17.082999|[g:1][CONSENSUS][PBFT]checkTimeout Succ,view=5410,toView=5411,nodeIdx=3,changeCycle=0,myNode=d0064285...,timecost=0.405
info|2019-12-10 23:40:17.084356|[g:1][CONSENSUS][PBFT]checkAndChangeView: Reach consensus,org_view=5410,org_changeCycle=0,cur_changeCycle=0,to_view=5411
info|2019-12-10 23:40:18.084650|[g:1][CONSENSUS][SEALER]++++++++++++++++ Generating seal on,blkNum=1,tx=0,nodeIdx=3,hash=05c1fa38...
info|2019-12-10 23:40:18.089724|[g:1][CONSENSUS][PBFT]checkTimeout Succ,view=5411,toView=5412,nodeIdx=3,changeCycle=0,myNode=d0064285...,timecost=0.943
info|2019-12-10 23:40:18.093804|[g:1][CONSENSUS][PBFT]checkAndChangeView: Reach consensus,org_view=5411,org_changeCycle=0,cur_changeCycle=0,to_view=5412
info|2019-12-10 23:40:19.095928|[g:1][CONSENSUS]addRawPrepare,height=1,reqIdx=0,hash=54bef1e4...
info|2019-12-10 23:40:19.102021|[g:1][CONSENSUS][PBFT]checkTimeout Succ,view=5412,toView=5413,nodeIdx=3,changeCycle=0,myNode=d0064285...,timecost=3.855
info|2019-12-10 23:40:19.103738|[g:1][CONSENSUS][PBFT]checkAndChangeView: Reach consensus,org_view=5412,org_changeCycle=0,cur_changeCycle=0,to_view=5413
info|2019-12-10 23:40:20.103828|[g:1][CONSENSUS]addRawPrepare,height=1,reqIdx=1,hash=67a14adc...
info|2019-12-10 23:40:20.104938|[g:1][CONSENSUS][PBFT]checkTimeout Succ,view=5413,toView=5414,nodeIdx=3,changeCycle=0,myNode=d0064285...,timecost=0.842
info|2019-12-10 23:40:20.107745|[g:1][CONSENSUS][PBFT]checkAndChangeView: Reach consensus,org_view=5413,org_changeCycle=0,cur_changeCycle=0,to_view=5414
info|2019-12-10 23:40:21.111328|[g:1][CONSENSUS]addRawPrepare,height=1,reqIdx=2,hash=e1f7b5fa...
info|2019-12-10 23:40:21.113879|[g:1][CONSENSUS][PBFT]checkTimeout Succ,view=5414,toView=5415,nodeIdx=3,changeCycle=0,myNode=d0064285...,timecost=2.069
info|2019-12-10 23:40:21.116738|[g:1][CONSENSUS][PBFT]checkAndChangeView: Reach consensus,org_view=5414,org_changeCycle=0,cur_changeCycle=0,to_view=5415
info|2019-12-10 23:40:22.117453|[g:1][CONSENSUS][SEALER]++++++++++++++++ Generating seal on,blkNum=1,tx=0,nodeIdx=3,hash=61b5e522...
info|2019-12-10 23:40:22.122196|[g:1][CONSENSUS][PBFT]checkTimeout Succ,view=5415,toView=5416,nodeIdx=3,changeCycle=0,myNode=d0064285...,timecost=0.813
info|2019-12-10 23:40:22.124623|[g:1][CONSENSUS][PBFT]checkAndChangeView: Reach consensus,org_view=5415,org_changeCycle=0,cur_changeCycle=0,to_view=5416
info|2019-12-10 23:40:23.127139|[g:1][CONSENSUS]addRawPrepare,height=1,reqIdx=0,hash=96057bf4...
info|2019-12-10 23:40:23.129537|[g:1][CONSENSUS][PBFT]checkTimeout Succ,view=5416,toView=5417,nodeIdx=3,changeCycle=0,myNode=d0064285...,timecost=2.102
info|2019-12-10 23:40:23.133411|[g:1][CONSENSUS][PBFT]checkAndChangeView: Reach consensus,org_view=5416,org_changeCycle=0,cur_changeCycle=0,to_view=5417
info|2019-12-10 23:40:24.084521|[P2P][Service] heartBeat,connected count=3
info|2019-12-10 23:40:24.134335|[g:1][CONSENSUS]addRawPrepare,height=1,reqIdx=1,hash=dbff2267...
info|2019-12-10 23:40:24.134962|[g:1][CONSENSUS][PBFT]checkTimeout Succ,view=5417,toView=5418,nodeIdx=3,changeCycle=0,myNode=d0064285...,timecost=0.509
info|2019-12-10 23:40:24.136570|[g:1][CONSENSUS][PBFT]checkAndChangeView: Reach consensus,org_view=5417,org_changeCycle=0,cur_changeCycle=0,to_view=5418
info|2019-12-10 23:40:25.140940|[g:1][CONSENSUS]addRawPrepare,height=1,reqIdx=2,hash=e166b369...
info|2019-12-10 23:40:25.143435|[g:1][CONSENSUS][PBFT]checkTimeout Succ,view=5418,toView=5419,nodeIdx=3,changeCycle=0,myNode=d0064285...,timecost=2.255
info|2019-12-10 23:40:25.146499|[g:1][CONSENSUS][PBFT]checkAndChangeView: Reach consensus,org_view=5418,org_changeCycle=0,cur_changeCycle=0,to_view=5419
info|2019-12-10 23:40:26.147329|[g:1][CONSENSUS][SEALER]++++++++++++++++ Generating seal on,blkNum=1,tx=0,nodeIdx=3,hash=bc8a2225...
info|2019-12-10 23:40:26.153554|[g:1][CONSENSUS][PBFT]checkTimeout Succ,view=5419,toView=5420,nodeIdx=3,changeCycle=0,myNode=d0064285...,timecost=1.255
info|2019-12-10 23:40:26.155551|[g:1][CONSENSUS][PBFT]checkAndChangeView: Reach consensus,org_view=5419,org_changeCycle=0,cur_changeCycle=0,to_view=5420
info|2019-12-10 23:40:27.157816|[g:1][CONSENSUS]addRawPrepare,height=1,reqIdx=0,hash=a710dcd2...
info|2019-12-10 23:40:27.158877|[g:1][CONSENSUS][PBFT]checkTimeout Succ,view=5420,toView=5421,nodeIdx=3,changeCycle=0,myNode=d0064285...,timecost=0.803
info|2019-12-10 23:40:27.163350|[g:1][CONSENSUS][PBFT]checkAndChangeView: Reach consensus,org_view=5420,org_changeCycle=0,cur_changeCycle=0,to_view=5421
info|2019-12-10 23:40:28.165793|[g:1][CONSENSUS]addRawPrepare,height=1,reqIdx=1,hash=748633a5...
info|2019-12-10 23:40:28.166874|[g:1][CONSENSUS][PBFT]checkTimeout Succ,view=5421,toView=5422,nodeIdx=3,changeCycle=0,myNode=d0064285...,timecost=0.838
info|2019-12-10 23:40:28.169788|[g:1][CONSENSUS][PBFT]checkAndChangeView: Reach consensus,org_view=5421,org_changeCycle=0,cur_changeCycle=0,to_view=5422
info|2019-12-10 23:40:29.173519|[g:1][CONSENSUS]addRawPrepare,height=1,reqIdx=2,hash=19cb3588...
info|2019-12-10 23:40:29.175081|[g:1][CONSENSUS][PBFT]checkTimeout Succ,view=5422,toView=5423,nodeIdx=3,changeCycle=0,myNode=d0064285...,timecost=1.329
info|2019-12-10 23:40:29.179361|[g:1][CONSENSUS][PBFT]checkAndChangeView: Reach consensus,org_view=5422,org_changeCycle=0,cur_changeCycle=0,to_view=5423
info|2019-12-10 23:40:30.180630|[g:1][CONSENSUS][SEALER]++++++++++++++++ Generating seal on,blkNum=1,tx=0,nodeIdx=3,hash=2f5d6996...
info|2019-12-10 23:40:30.181982|[g:1][CONSENSUS][PBFT]checkTimeout Succ,view=5423,toView=5424,nodeIdx=3,changeCycle=0,myNode=d0064285...,timecost=0.806
info|2019-12-10 23:40:30.187632|[g:1][CONSENSUS][PBFT]checkAndChangeView: Reach consensus,org_view=5423,org_changeCycle=0,cur_changeCycle=0,to_view=5424
info|2019-12-10 23:40:31.192755|[g:1][CONSENSUS]addRawPrepare,height=1,reqIdx=0,hash=15be1d40...
info|2019-12-10 23:40:31.194333|[g:1][CONSENSUS][PBFT]checkTimeout Succ,view=5424,toView=5425,nodeIdx=3,changeCycle=0,myNode=d0064285...,timecost=1.336
info|2019-12-10 23:40:31.197036|[g:1][CONSENSUS][PBFT]checkAndChangeView: Reach consensus,org_view=5424,org_changeCycle=0,cur_changeCycle=0,to_view=5425
info|2019-12-10 23:40:32.197758|[g:1][CONSENSUS]addRawPrepare,height=1,reqIdx=1,hash=0ebadcaa...
info|2019-12-10 23:40:32.198857|[g:1][CONSENSUS][PBFT]checkTimeout Succ,view=5425,toView=5426,nodeIdx=3,changeCycle=0,myNode=d0064285...,timecost=0.888
info|2019-12-10 23:40:32.204014|[g:1][CONSENSUS][PBFT]checkAndChangeView: Reach consensus,org_view=5425,org_changeCycle=0,cur_changeCycle=0,to_view=5426
info|2019-12-10 23:40:33.207281|[g:1][CONSENSUS]addRawPrepare,height=1,reqIdx=2,hash=890d05d9...
info|2019-12-10 23:40:33.208379|[g:1][CONSENSUS][PBFT]checkTimeout Succ,view=5426,toView=5427,nodeIdx=3,changeCycle=0,myNode=d0064285...,timecost=0.947
info|2019-12-10 23:40:33.213502|[g:1][CONSENSUS][PBFT]checkAndChangeView: Reach consensus,org_view=5426,org_changeCycle=0,cur_changeCycle=0,to_view=5427
info|2019-12-10 23:40:34.085939|[P2P][Service] heartBeat,connected count=3
info|2019-12-10 23:40:34.214553|[g:1][CONSENSUS][SEALER]++++++++++++++++ Generating seal on,blkNum=1,tx=0,nodeIdx=3,hash=f5fe25e3...
info|2019-12-10 23:40:34.216003|[g:1][CONSENSUS][PBFT]checkTimeout Succ,view=5427,toView=5428,nodeIdx=3,changeCycle=0,myNode=d0064285...,timecost=0.892
info|2019-12-10 23:40:34.222285|[g:1][CONSENSUS][PBFT]checkAndChangeView: Reach consensus,org_view=5427,org_changeCycle=0,cur_changeCycle=0,to_view=5428
info|2019-12-10 23:40:35.225884|[g:1][CONSENSUS]addRawPrepare,height=1,reqIdx=0,hash=f35ab771...
info|2019-12-10 23:40:35.227393|[g:1][CONSENSUS][PBFT]checkTimeout Succ,view=5428,toView=5429,nodeIdx=3,changeCycle=0,myNode=d0064285...,timecost=0.711
info|2019-12-10 23:40:35.232035|[g:1][CONSENSUS][PBFT]checkAndChangeView: Reach consensus,org_view=5428,org_changeCycle=0,cur_changeCycle=0,to_view=5429
info|2019-12-10 23:40:36.233957|[g:1][CONSENSUS]addRawPrepare,height=1,reqIdx=1,hash=16412fa1...
info|2019-12-10 23:40:36.238648|[g:1][CONSENSUS][PBFT]checkTimeout Succ,view=5429,toView=5430,nodeIdx=3,changeCycle=0,myNode=d0064285...,timecost=4.356
info|2019-12-10 23:40:36.240343|[g:1][CONSENSUS][PBFT]checkAndChangeView: Reach consensus,org_view=5429,org_changeCycle=0,cur_changeCycle=0,to_view=5430
info|2019-12-10 23:40:37.240421|[g:1][CONSENSUS]addRawPrepare,height=1,reqIdx=2,hash=32ea2cd4...
info|2019-12-10 23:40:37.241439|[g:1][CONSENSUS][PBFT]checkTimeout Succ,view=5430,toView=5431,nodeIdx=3,changeCycle=0,myNode=d0064285...,timecost=0.829
info|2019-12-10 23:40:37.246456|[g:1][CONSENSUS][PBFT]checkAndChangeView: Reach consensus,org_view=5430,org_changeCycle=0,cur_changeCycle=0,to_view=5431
info|2019-12-10 23:40:38.247653|[g:1][CONSENSUS][SEALER]++++++++++++++++ Generating seal on,blkNum=1,tx=0,nodeIdx=3,hash=e3151bb8...
info|2019-12-10 23:40:38.252492|[g:1][CONSENSUS][PBFT]checkTimeout Succ,view=5431,toView=5432,nodeIdx=3,changeCycle=0,myNode=d0064285...,timecost=0.892
info|2019-12-10 23:40:38.255136|[g:1][CONSENSUS][PBFT]checkAndChangeView: Reach consensus,org_view=5431,org_changeCycle=0,cur_changeCycle=0,to_view=5432
info|2019-12-10 23:40:39.258187|[g:1][CONSENSUS]addRawPrepare,height=1,reqIdx=0,hash=0ead4442...
info|2019-12-10 23:40:39.260070|[g:1][CONSENSUS][PBFT]checkTimeout Succ,view=5432,toView=5433,nodeIdx=3,changeCycle=0,myNode=d0064285...,timecost=1.641
info|2019-12-10 23:40:39.263911|[g:1][CONSENSUS][PBFT]checkAndChangeView: Reach consensus,org_view=5432,org_changeCycle=0,cur_changeCycle=0,to_view=5433
info|2019-12-10 23:40:40.267266|[g:1][CONSENSUS]addRawPrepare,height=1,reqIdx=1,hash=fc06eba7...
info|2019-12-10 23:40:40.267767|[g:1][CONSENSUS][PBFT]checkTimeout Succ,view=5433,toView=5434,nodeIdx=3,changeCycle=0,myNode=d0064285...,timecost=0.375
info|2019-12-10 23:40:40.270743|[g:1][CONSENSUS][PBFT]checkAndChangeView: Reach consensus,org_view=5433,org_changeCycle=0,cur_changeCycle=0,to_view=5434
warning|2019-12-10 23:59:47.081895|[g:1][CONSENSUS][PBFT]ViewChangeWarning: not caused by omit empty block ,v=5434,toV=5435,curNum=0,hash=382ff964...,nodeIdx=3,myNode=d0064285...
info|2019-12-10 23:59:47.096464|[P2P][Service] heartBeat,connected count=3
info|2019-12-10 23:59:47.097986|[g:1][CONSENSUS][PBFT]checkTimeout Succ,view=5434,toView=5435,nodeIdx=3,changeCycle=1,myNode=d0064285...,timecost=594.894
info|2019-12-10 23:59:47.111977|[g:1][CONSENSUS][PBFT]checkAndChangeView: Reach consensus,org_view=5434,org_changeCycle=1,cur_changeCycle=1,to_view=5435
info|2019-12-10 23:59:48.113475|[g:1][CONSENSUS][SEALER]++++++++++++++++ Generating seal on,blkNum=1,tx=0,nodeIdx=3,hash=3cadc53c...
info|2019-12-10 23:59:48.121130|[g:1][CONSENSUS][PBFT]checkTimeout Succ,view=5435,toView=5436,nodeIdx=3,changeCycle=0,myNode=d0064285...,timecost=0.732
info|2019-12-10 23:59:48.121932|[g:1][CONSENSUS][PBFT]checkAndChangeView: Reach consensus,org_view=5435,org_changeCycle=0,cur_changeCycle=0,to_view=5436
info|2019-12-10 23:59:49.124190|[g:1][CONSENSUS]addRawPrepare,height=1,reqIdx=0,hash=98757f0d...
info|2019-12-10 23:59:49.126493|[g:1][CONSENSUS][PBFT]checkTimeout Succ,view=5436,toView=5437,nodeIdx=3,changeCycle=0,myNode=d0064285...,timecost=1.492
info|2019-12-10 23:59:49.129284|[g:1][CONSENSUS][PBFT]checkAndChangeView: Reach consensus,org_view=5436,org_changeCycle=0,cur_changeCycle=0,to_view=5437
info|2019-12-10 23:59:50.134860|[g:1][CONSENSUS]addRawPrepare,height=1,reqIdx=1,hash=808c8ed7...
info|2019-12-10 23:59:50.136585|[g:1][CONSENSUS][PBFT]checkTimeout Succ,view=5437,toView=5438,nodeIdx=3,changeCycle=0,myNode=d0064285...,timecost=0.94
info|2019-12-10 23:59:50.139678|[g:1][CONSENSUS][PBFT]checkAndChangeView: Reach consensus,org_view=5437,org_changeCycle=0,cur_changeCycle=0,to_view=5438
info|2019-12-10 23:59:51.145819|[g:1][CONSENSUS]addRawPrepare,height=1,reqIdx=2,hash=c8745d8a...
info|2019-12-10 23:59:51.147189|[g:1][CONSENSUS][PBFT]checkTimeout Succ,view=5438,toView=5439,nodeIdx=3,changeCycle=0,myNode=d0064285...,timecost=1.065
info|2019-12-10 23:59:51.150458|[g:1][CONSENSUS][PBFT]checkAndChangeView: Reach consensus,org_view=5438,org_changeCycle=0,cur_changeCycle=0,to_view=5439
info|2019-12-10 23:59:52.151382|[g:1][CONSENSUS][SEALER]++++++++++++++++ Generating seal on,blkNum=1,tx=0,nodeIdx=3,hash=fd96fa6a...
info|2019-12-10 23:59:52.153036|[g:1][CONSENSUS][PBFT]checkTimeout Succ,view=5439,toView=5440,nodeIdx=3,changeCycle=0,myNode=d0064285...,timecost=0.915
info|2019-12-10 23:59:52.159359|[g:1][CONSENSUS][PBFT]checkAndChangeView: Reach consensus,org_view=5439,org_changeCycle=0,cur_changeCycle=0,to_view=5440
info|2019-12-10 23:59:53.164203|[g:1][CONSENSUS]addRawPrepare,height=1,reqIdx=0,hash=72298666...
info|2019-12-10 23:59:53.164960|[g:1][CONSENSUS][PBFT]checkTimeout Succ,view=5440,toView=5441,nodeIdx=3,changeCycle=0,myNode=d0064285...,timecost=0.586
info|2019-12-10 23:59:53.167279|[g:1][CONSENSUS][PBFT]checkAndChangeView: Reach consensus,org_view=5440,org_changeCycle=0,cur_changeCycle=0,to_view=5441
info|2019-12-10 23:59:54.169515|[g:1][CONSENSUS]addRawPrepare,height=1,reqIdx=1,hash=17024abe...
info|2019-12-10 23:59:54.172836|[g:1][CONSENSUS][PBFT]checkTimeout Succ,view=5441,toView=5442,nodeIdx=3,changeCycle=0,myNode=d0064285...,timecost=2.63
info|2019-12-10 23:59:54.175825|[g:1][CONSENSUS][PBFT]checkAndChangeView: Reach consensus,org_view=5441,org_changeCycle=0,cur_changeCycle=0,to_view=5442
info|2019-12-10 23:59:55.174681|[g:1][CONSENSUS]addRawPrepare,height=1,reqIdx=2,hash=8c55b205...
info|2019-12-10 23:59:55.176301|[g:1][CONSENSUS][PBFT]checkTimeout Succ,view=5442,toView=5443,nodeIdx=3,changeCycle=0,myNode=d0064285...,timecost=1.396
info|2019-12-10 23:59:55.177805|[g:1][CONSENSUS][PBFT]checkAndChangeView: Reach consensus,org_view=5442,org_changeCycle=0,cur_changeCycle=0,to_view=5443
info|2019-12-10 23:59:56.254124|[g:1][CONSENSUS][SEALER]++++++++++++++++ Generating seal on,blkNum=1,tx=0,nodeIdx=3,hash=aaf00538...
info|2019-12-10 23:59:56.268400|[g:1][CONSENSUS][PBFT]checkTimeout Succ,view=5443,toView=5444,nodeIdx=3,changeCycle=0,myNode=d0064285...,timecost=0.558
info|2019-12-10 23:59:56.277489|[g:1][CONSENSUS][PBFT]checkAndChangeView: Reach consensus,org_view=5443,org_changeCycle=0,cur_changeCycle=0,to_view=5444
info|2019-12-10 23:59:57.105051|[P2P][Service] heartBeat,connected count=3
info|2019-12-10 23:59:57.281192|[g:1][CONSENSUS]addRawPrepare,height=1,reqIdx=0,hash=dad577cd...
info|2019-12-10 23:59:57.281947|[g:1][CONSENSUS][PBFT]checkTimeout Succ,view=5444,toView=5445,nodeIdx=3,changeCycle=0,myNode=d0064285...,timecost=0.454
info|2019-12-10 23:59:57.284768|[g:1][CONSENSUS][PBFT]checkAndChangeView: Reach consensus,org_view=5444,org_changeCycle=0,cur_changeCycle=0,to_view=5445
info|2019-12-10 23:59:58.288484|[g:1][CONSENSUS]addRawPrepare,height=1,reqIdx=1,hash=ff74bd8b...
info|2019-12-10 23:59:58.290016|[g:1][CONSENSUS][PBFT]checkTimeout Succ,view=5445,toView=5446,nodeIdx=3,changeCycle=0,myNode=d0064285...,timecost=1.291
info|2019-12-10 23:59:58.291837|[g:1][CONSENSUS][PBFT]checkAndChangeView: Reach consensus,org_view=5445,org_changeCycle=0,cur_changeCycle=0,to_view=5446
info|2019-12-10 23:59:59.295475|[g:1][CONSENSUS]addRawPrepare,height=1,reqIdx=2,hash=4e1bae9b...
info|2019-12-10 23:59:59.296605|[g:1][CONSENSUS][PBFT]checkTimeout Succ,view=5446,toView=5447,nodeIdx=3,changeCycle=0,myNode=d0064285...,timecost=0.599
info|2019-12-10 23:59:59.300134|[g:1][CONSENSUS][PBFT]checkAndChangeView: Reach consensus,org_view=5446,org_changeCycle=0,cur_changeCycle=0,to_view=5447
