info|2019-12-14 02:43:52.012125|[P2P][Service] heartBeat,connected count=3
warning|2019-12-14 02:43:52.023277|[g:1][CONSENSUS][PBFT]ViewChangeWarning: not caused by omit empty block ,v=2811,toV=2812,curNum=475,hash=ad338c6e...,nodeIdx=3,myNode=d0064285...
info|2019-12-14 02:43:52.026898|[g:1][CONSENSUS][PBFT]checkTimeout Succ,view=2811,toView=2812,nodeIdx=3,changeCycle=1,myNode=d0064285...,timecost=10.47
info|2019-12-14 02:43:52.028261|[g:1][CONSENSUS][PBFT]checkAndChangeView: Reach consensus,org_view=2811,org_changeCycle=1,cur_changeCycle=1,to_view=2812
info|2019-12-14 02:43:53.029208|[g:1][CONSENSUS][SEALER]++++++++++++++++ Generating seal on,blkNum=476,tx=0,nodeIdx=3,hash=5fff9a31...
info|2019-12-14 02:43:53.033005|[g:1][CONSENSUS][PBFT]checkTimeout Succ,view=2812,toView=2813,nodeIdx=3,changeCycle=0,myNode=d0064285...,timecost=0.432
info|2019-12-14 02:43:53.033651|[g:1][CONSENSUS][PBFT]checkAndChangeView: Reach consensus,org_view=2812,org_changeCycle=0,cur_changeCycle=0,to_view=2813
info|2019-12-14 02:43:54.036955|[g:1][CONSENSUS]addRawPrepare,height=476,reqIdx=0,hash=f62073be...
info|2019-12-14 02:43:54.037453|[g:1][CONSENSUS][PBFT]checkTimeout Succ,view=2813,toView=2814,nodeIdx=3,changeCycle=0,myNode=d0064285...,timecost=0.367
info|2019-12-14 02:43:54.040727|[g:1][CONSENSUS][PBFT]checkAndChangeView: Reach consensus,org_view=2813,org_changeCycle=0,cur_changeCycle=0,to_view=2814
info|2019-12-14 02:43:55.041428|[g:1][CONSENSUS]addRawPrepare,height=476,reqIdx=1,hash=cac8238e...
info|2019-12-14 02:43:55.042352|[g:1][CONSENSUS][PBFT]checkTimeout Succ,view=2814,toView=2815,nodeIdx=3,changeCycle=0,myNode=d0064285...,timecost=0.799
info|2019-12-14 02:43:55.044689|[g:1][CONSENSUS][PBFT]checkAndChangeView: Reach consensus,org_view=2814,org_changeCycle=0,cur_changeCycle=0,to_view=2815
info|2019-12-14 02:43:56.046124|[g:1][CONSENSUS]addRawPrepare,height=476,reqIdx=2,hash=b409619e...
info|2019-12-14 02:43:56.047855|[g:1][CONSENSUS][PBFT]checkTimeout Succ,view=2815,toView=2816,nodeIdx=3,changeCycle=0,myNode=d0064285...,timecost=1.561
info|2019-12-14 02:43:56.050236|[g:1][CONSENSUS][PBFT]checkAndChangeView: Reach consensus,org_view=2815,org_changeCycle=0,cur_changeCycle=0,to_view=2816
info|2019-12-14 02:43:57.051782|[g:1][CONSENSUS][SEALER]++++++++++++++++ Generating seal on,blkNum=476,tx=0,nodeIdx=3,hash=e39ef2f9...
info|2019-12-14 02:43:57.053046|[g:1][CONSENSUS][PBFT]checkTimeout Succ,view=2816,toView=2817,nodeIdx=3,changeCycle=0,myNode=d0064285...,timecost=0.769
info|2019-12-14 02:43:57.057041|[g:1][CONSENSUS][PBFT]checkAndChangeView: Reach consensus,org_view=2816,org_changeCycle=0,cur_changeCycle=0,to_view=2817
info|2019-12-14 02:43:58.061053|[g:1][CONSENSUS]addRawPrepare,height=476,reqIdx=0,hash=17f16c4f...
info|2019-12-14 02:43:58.062231|[g:1][CONSENSUS][PBFT]checkTimeout Succ,view=2817,toView=2818,nodeIdx=3,changeCycle=0,myNode=d0064285...,timecost=0.808
info|2019-12-14 02:43:58.065114|[g:1][CONSENSUS][PBFT]checkAndChangeView: Reach consensus,org_view=2817,org_changeCycle=0,cur_changeCycle=0,to_view=2818
info|2019-12-14 02:43:59.068373|[g:1][CONSENSUS]addRawPrepare,height=476,reqIdx=1,hash=4a350aa7...
info|2019-12-14 02:43:59.069543|[g:1][CONSENSUS][PBFT]checkTimeout Succ,view=2818,toView=2819,nodeIdx=3,changeCycle=0,myNode=d0064285...,timecost=0.96
info|2019-12-14 02:43:59.071722|[g:1][CONSENSUS][PBFT]checkAndChangeView: Reach consensus,org_view=2818,org_changeCycle=0,cur_changeCycle=0,to_view=2819
info|2019-12-14 02:44:00.073622|[g:1][CONSENSUS]addRawPrepare,height=476,reqIdx=2,hash=7bedd3de...
info|2019-12-14 02:44:00.074765|[g:1][CONSENSUS][PBFT]checkTimeout Succ,view=2819,toView=2820,nodeIdx=3,changeCycle=0,myNode=d0064285...,timecost=1.049
info|2019-12-14 02:44:00.079542|[g:1][CONSENSUS][PBFT]checkAndChangeView: Reach consensus,org_view=2819,org_changeCycle=0,cur_changeCycle=0,to_view=2820
info|2019-12-14 02:44:01.079858|[g:1][CONSENSUS][SEALER]++++++++++++++++ Generating seal on,blkNum=476,tx=0,nodeIdx=3,hash=6b87a61b...
info|2019-12-14 02:44:01.081154|[g:1][CONSENSUS][PBFT]checkTimeout Succ,view=2820,toView=2821,nodeIdx=3,changeCycle=0,myNode=d0064285...,timecost=0.767
info|2019-12-14 02:44:01.087533|[g:1][CONSENSUS][PBFT]checkAndChangeView: Reach consensus,org_view=2820,org_changeCycle=0,cur_changeCycle=0,to_view=2821
info|2019-12-14 02:44:02.019731|[P2P][Service] heartBeat,connected count=3
info|2019-12-14 02:44:02.090501|[g:1][CONSENSUS]addRawPrepare,height=476,reqIdx=0,hash=011190cf...
info|2019-12-14 02:44:02.094916|[g:1][CONSENSUS][PBFT]checkTimeout Succ,view=2821,toView=2822,nodeIdx=3,changeCycle=0,myNode=d0064285...,timecost=4.164
info|2019-12-14 02:44:02.097490|[g:1][CONSENSUS][PBFT]checkAndChangeView: Reach consensus,org_view=2821,org_changeCycle=0,cur_changeCycle=0,to_view=2822
info|2019-12-14 02:44:03.101303|[g:1][CONSENSUS]addRawPrepare,height=476,reqIdx=1,hash=7f3417ba...
info|2019-12-14 02:44:03.103313|[g:1][CONSENSUS][PBFT]checkTimeout Succ,view=2822,toView=2823,nodeIdx=3,changeCycle=0,myNode=d0064285...,timecost=1.688
info|2019-12-14 02:44:03.106488|[g:1][CONSENSUS][PBFT]checkAndChangeView: Reach consensus,org_view=2822,org_changeCycle=0,cur_changeCycle=0,to_view=2823
info|2019-12-14 02:44:04.110565|[g:1][CONSENSUS]addRawPrepare,height=476,reqIdx=2,hash=4c339c9c...
info|2019-12-14 02:44:04.111714|[g:1][CONSENSUS][PBFT]checkTimeout Succ,view=2823,toView=2824,nodeIdx=3,changeCycle=0,myNode=d0064285...,timecost=0.939
info|2019-12-14 02:44:04.116583|[g:1][CONSENSUS][PBFT]checkAndChangeView: Reach consensus,org_view=2823,org_changeCycle=0,cur_changeCycle=0,to_view=2824
info|2019-12-14 02:44:05.116375|[g:1][CONSENSUS][SEALER]++++++++++++++++ Generating seal on,blkNum=476,tx=0,nodeIdx=3,hash=29fc86bb...
info|2019-12-14 02:44:05.121054|[g:1][CONSENSUS][PBFT]checkTimeout Succ,view=2824,toView=2825,nodeIdx=3,changeCycle=0,myNode=d0064285...,timecost=0.782
info|2019-12-14 02:44:05.123904|[g:1][CONSENSUS][PBFT]checkAndChangeView: Reach consensus,org_view=2824,org_changeCycle=0,cur_changeCycle=0,to_view=2825
info|2019-12-14 02:44:06.125223|[g:1][CONSENSUS]addRawPrepare,height=476,reqIdx=0,hash=f86f3284...
info|2019-12-14 02:44:06.126212|[g:1][CONSENSUS][PBFT]checkTimeout Succ,view=2825,toView=2826,nodeIdx=3,changeCycle=0,myNode=d0064285...,timecost=0.734
info|2019-12-14 02:44:06.128483|[g:1][CONSENSUS][PBFT]checkAndChangeView: Reach consensus,org_view=2825,org_changeCycle=0,cur_changeCycle=0,to_view=2826
info|2019-12-14 02:44:07.131845|[g:1][CONSENSUS]addRawPrepare,height=476,reqIdx=1,hash=5a7f08f9...
info|2019-12-14 02:44:07.132958|[g:1][CONSENSUS][PBFT]checkTimeout Succ,view=2826,toView=2827,nodeIdx=3,changeCycle=0,myNode=d0064285...,timecost=0.83
info|2019-12-14 02:44:07.137982|[g:1][CONSENSUS][PBFT]checkAndChangeView: Reach consensus,org_view=2826,org_changeCycle=0,cur_changeCycle=0,to_view=2827
info|2019-12-14 02:44:08.139219|[g:1][CONSENSUS]addRawPrepare,height=476,reqIdx=2,hash=e619a199...
info|2019-12-14 02:44:08.140061|[g:1][CONSENSUS][PBFT]checkTimeout Succ,view=2827,toView=2828,nodeIdx=3,changeCycle=0,myNode=d0064285...,timecost=0.629
info|2019-12-14 02:44:08.142531|[g:1][CONSENSUS][PBFT]checkAndChangeView: Reach consensus,org_view=2827,org_changeCycle=0,cur_changeCycle=0,to_view=2828
info|2019-12-14 02:44:09.143071|[g:1][CONSENSUS][SEALER]++++++++++++++++ Generating seal on,blkNum=476,tx=0,nodeIdx=3,hash=a9e95726...
info|2019-12-14 02:44:09.144552|[g:1][CONSENSUS][PBFT]checkTimeout Succ,view=2828,toView=2829,nodeIdx=3,changeCycle=0,myNode=d0064285...,timecost=0.876
info|2019-12-14 02:44:09.150848|[g:1][CONSENSUS][PBFT]checkAndChangeView: Reach consensus,org_view=2828,org_changeCycle=0,cur_changeCycle=0,to_view=2829
info|2019-12-14 02:44:10.152130|[g:1][CONSENSUS]addRawPrepare,height=476,reqIdx=0,hash=3056f67c...
info|2019-12-14 02:44:10.153094|[g:1][CONSENSUS][PBFT]checkTimeout Succ,view=2829,toView=2830,nodeIdx=3,changeCycle=0,myNode=d0064285...,timecost=0.752
info|2019-12-14 02:44:10.159173|[g:1][CONSENSUS][PBFT]checkAndChangeView: Reach consensus,org_view=2829,org_changeCycle=0,cur_changeCycle=0,to_view=2830
info|2019-12-14 02:44:11.159612|[g:1][CONSENSUS]addRawPrepare,height=476,reqIdx=1,hash=f4e13248...
info|2019-12-14 02:44:11.160679|[g:1][CONSENSUS][PBFT]checkTimeout Succ,view=2830,toView=2831,nodeIdx=3,changeCycle=0,myNode=d0064285...,timecost=0.814
info|2019-12-14 02:44:11.164428|[g:1][CONSENSUS][PBFT]checkAndChangeView: Reach consensus,org_view=2830,org_changeCycle=0,cur_changeCycle=0,to_view=2831
info|2019-12-14 02:44:12.024007|[P2P][Service] heartBeat,connected count=3
info|2019-12-14 02:44:12.169056|[g:1][CONSENSUS]addRawPrepare,height=476,reqIdx=2,hash=6e71c0eb...
info|2019-12-14 02:44:12.173360|[g:1][CONSENSUS][PBFT]checkTimeout Succ,view=2831,toView=2832,nodeIdx=3,changeCycle=0,myNode=d0064285...,timecost=3.935
info|2019-12-14 02:44:12.175567|[g:1][CONSENSUS][PBFT]checkAndChangeView: Reach consensus,org_view=2831,org_changeCycle=0,cur_changeCycle=0,to_view=2832
info|2019-12-14 02:44:13.176334|[g:1][CONSENSUS][SEALER]++++++++++++++++ Generating seal on,blkNum=476,tx=0,nodeIdx=3,hash=cb229138...
info|2019-12-14 02:44:13.180846|[g:1][CONSENSUS][PBFT]checkTimeout Succ,view=2832,toView=2833,nodeIdx=3,changeCycle=0,myNode=d0064285...,timecost=0.546
info|2019-12-14 02:44:13.181477|[g:1][CONSENSUS][PBFT]checkAndChangeView: Reach consensus,org_view=2832,org_changeCycle=0,cur_changeCycle=0,to_view=2833
info|2019-12-14 02:44:14.184517|[g:1][CONSENSUS]addRawPrepare,height=476,reqIdx=0,hash=26eda52a...
info|2019-12-14 02:44:14.186692|[g:1][CONSENSUS][PBFT]checkTimeout Succ,view=2833,toView=2834,nodeIdx=3,changeCycle=0,myNode=d0064285...,timecost=1.934
info|2019-12-14 02:44:14.190148|[g:1][CONSENSUS][PBFT]checkAndChangeView: Reach consensus,org_view=2833,org_changeCycle=0,cur_changeCycle=0,to_view=2834
info|2019-12-14 02:44:15.194245|[g:1][CONSENSUS]addRawPrepare,height=476,reqIdx=1,hash=08aa05b7...
info|2019-12-14 02:44:15.195237|[g:1][CONSENSUS][PBFT]checkTimeout Succ,view=2834,toView=2835,nodeIdx=3,changeCycle=0,myNode=d0064285...,timecost=0.742
info|2019-12-14 02:44:15.200567|[g:1][CONSENSUS][PBFT]checkAndChangeView: Reach consensus,org_view=2834,org_changeCycle=0,cur_changeCycle=0,to_view=2835
info|2019-12-14 02:44:16.202997|[g:1][CONSENSUS]addRawPrepare,height=476,reqIdx=2,hash=ac1f74d0...
info|2019-12-14 02:44:16.204757|[g:1][CONSENSUS][PBFT]checkTimeout Succ,view=2835,toView=2836,nodeIdx=3,changeCycle=0,myNode=d0064285...,timecost=1.419
info|2019-12-14 02:44:16.207191|[g:1][CONSENSUS][PBFT]checkAndChangeView: Reach consensus,org_view=2835,org_changeCycle=0,cur_changeCycle=0,to_view=2836
info|2019-12-14 02:44:17.208651|[g:1][CONSENSUS][SEALER]++++++++++++++++ Generating seal on,blkNum=476,tx=0,nodeIdx=3,hash=92606ac6...
info|2019-12-14 02:44:17.212324|[g:1][CONSENSUS][PBFT]checkTimeout Succ,view=2836,toView=2837,nodeIdx=3,changeCycle=0,myNode=d0064285...,timecost=0.576
info|2019-12-14 02:44:17.213783|[g:1][CONSENSUS][PBFT]checkAndChangeView: Reach consensus,org_view=2836,org_changeCycle=0,cur_changeCycle=0,to_view=2837
info|2019-12-14 02:44:18.215731|[g:1][CONSENSUS]addRawPrepare,height=476,reqIdx=0,hash=22846f64...
info|2019-12-14 02:44:18.216567|[g:1][CONSENSUS][PBFT]checkTimeout Succ,view=2837,toView=2838,nodeIdx=3,changeCycle=0,myNode=d0064285...,timecost=0.625
info|2019-12-14 02:44:18.219691|[g:1][CONSENSUS][PBFT]checkAndChangeView: Reach consensus,org_view=2837,org_changeCycle=0,cur_changeCycle=0,to_view=2838
info|2019-12-14 02:44:19.222244|[g:1][CONSENSUS]addRawPrepare,height=476,reqIdx=1,hash=9a9648a0...
info|2019-12-14 02:44:19.223107|[g:1][CONSENSUS][PBFT]checkTimeout Succ,view=2838,toView=2839,nodeIdx=3,changeCycle=0,myNode=d0064285...,timecost=0.659
info|2019-12-14 02:44:19.225537|[g:1][CONSENSUS][PBFT]checkAndChangeView: Reach consensus,org_view=2838,org_changeCycle=0,cur_changeCycle=0,to_view=2839
info|2019-12-14 02:44:20.228409|[g:1][CONSENSUS]addRawPrepare,height=476,reqIdx=2,hash=336a5082...
info|2019-12-14 02:44:20.229394|[g:1][CONSENSUS][PBFT]checkTimeout Succ,view=2839,toView=2840,nodeIdx=3,changeCycle=0,myNode=d0064285...,timecost=0.723
info|2019-12-14 02:44:20.231635|[g:1][CONSENSUS][PBFT]checkAndChangeView: Reach consensus,org_view=2839,org_changeCycle=0,cur_changeCycle=0,to_view=2840
info|2019-12-14 02:44:21.232622|[g:1][CONSENSUS][SEALER]++++++++++++++++ Generating seal on,blkNum=476,tx=0,nodeIdx=3,hash=d2bb60ff...
info|2019-12-14 02:44:21.234033|[g:1][CONSENSUS][PBFT]checkTimeout Succ,view=2840,toView=2841,nodeIdx=3,changeCycle=0,myNode=d0064285...,timecost=0.864
info|2019-12-14 02:44:21.240188|[g:1][CONSENSUS][PBFT]checkAndChangeView: Reach consensus,org_view=2840,org_changeCycle=0,cur_changeCycle=0,to_view=2841
info|2019-12-14 02:44:22.032931|[P2P][Service] heartBeat,connected count=3
info|2019-12-14 02:44:22.243639|[g:1][CONSENSUS]addRawPrepare,height=476,reqIdx=0,hash=1834548d...
info|2019-12-14 02:44:22.244734|[g:1][CONSENSUS][PBFT]checkTimeout Succ,view=2841,toView=2842,nodeIdx=3,changeCycle=0,myNode=d0064285...,timecost=0.843
info|2019-12-14 02:44:22.250029|[g:1][CONSENSUS][PBFT]checkAndChangeView: Reach consensus,org_view=2841,org_changeCycle=0,cur_changeCycle=0,to_view=2842
info|2019-12-14 02:44:23.250033|[g:1][CONSENSUS]addRawPrepare,height=476,reqIdx=1,hash=7be63152...
info|2019-12-14 02:44:23.251011|[g:1][CONSENSUS][PBFT]checkTimeout Succ,view=2842,toView=2843,nodeIdx=3,changeCycle=0,myNode=d0064285...,timecost=0.802
info|2019-12-14 02:44:23.253902|[g:1][CONSENSUS][PBFT]checkAndChangeView: Reach consensus,org_view=2842,org_changeCycle=0,cur_changeCycle=0,to_view=2843
info|2019-12-14 02:44:24.259514|[g:1][CONSENSUS]addRawPrepare,height=476,reqIdx=2,hash=31ffd9f4...
info|2019-12-14 02:44:24.260710|[g:1][CONSENSUS][PBFT]checkTimeout Succ,view=2843,toView=2844,nodeIdx=3,changeCycle=0,myNode=d0064285...,timecost=0.811
info|2019-12-14 02:44:24.264312|[g:1][CONSENSUS][PBFT]checkAndChangeView: Reach consensus,org_view=2843,org_changeCycle=0,cur_changeCycle=0,to_view=2844
info|2019-12-14 02:44:25.264854|[g:1][CONSENSUS][SEALER]++++++++++++++++ Generating seal on,blkNum=476,tx=0,nodeIdx=3,hash=db4235ea...
info|2019-12-14 02:44:25.269306|[g:1][CONSENSUS][PBFT]checkTimeout Succ,view=2844,toView=2845,nodeIdx=3,changeCycle=0,myNode=d0064285...,timecost=0.465
info|2019-12-14 02:44:25.270560|[g:1][CONSENSUS][PBFT]checkAndChangeView: Reach consensus,org_view=2844,org_changeCycle=0,cur_changeCycle=0,to_view=2845
info|2019-12-14 02:44:26.272272|[g:1][CONSENSUS]addRawPrepare,height=476,reqIdx=0,hash=8e36dfbb...
info|2019-12-14 02:44:26.273109|[g:1][CONSENSUS][PBFT]checkTimeout Succ,view=2845,toView=2846,nodeIdx=3,changeCycle=0,myNode=d0064285...,timecost=0.607
info|2019-12-14 02:44:26.275857|[g:1][CONSENSUS][PBFT]checkAndChangeView: Reach consensus,org_view=2845,org_changeCycle=0,cur_changeCycle=0,to_view=2846
info|2019-12-14 02:44:27.280030|[g:1][CONSENSUS]addRawPrepare,height=476,reqIdx=1,hash=907c77d2...
info|2019-12-14 02:44:27.282137|[g:1][CONSENSUS][PBFT]checkTimeout Succ,view=2846,toView=2847,nodeIdx=3,changeCycle=0,myNode=d0064285...,timecost=1.862
info|2019-12-14 02:44:27.286875|[g:1][CONSENSUS][PBFT]checkAndChangeView: Reach consensus,org_view=2846,org_changeCycle=0,cur_changeCycle=0,to_view=2847
info|2019-12-14 02:44:28.291408|[g:1][CONSENSUS]addRawPrepare,height=476,reqIdx=2,hash=63aecee9...
info|2019-12-14 02:44:28.293519|[g:1][CONSENSUS][PBFT]checkTimeout Succ,view=2847,toView=2848,nodeIdx=3,changeCycle=0,myNode=d0064285...,timecost=1.863
info|2019-12-14 02:44:28.297775|[g:1][CONSENSUS][PBFT]checkAndChangeView: Reach consensus,org_view=2847,org_changeCycle=0,cur_changeCycle=0,to_view=2848
info|2019-12-14 02:44:29.298817|[g:1][CONSENSUS][SEALER]++++++++++++++++ Generating seal on,blkNum=476,tx=0,nodeIdx=3,hash=32458d28...
info|2019-12-14 02:44:29.303983|[g:1][CONSENSUS][PBFT]checkTimeout Succ,view=2848,toView=2849,nodeIdx=3,changeCycle=0,myNode=d0064285...,timecost=0.821
info|2019-12-14 02:44:29.306461|[g:1][CONSENSUS][PBFT]checkAndChangeView: Reach consensus,org_view=2848,org_changeCycle=0,cur_changeCycle=0,to_view=2849
info|2019-12-14 02:44:30.307410|[g:1][CONSENSUS]addRawPrepare,height=476,reqIdx=0,hash=380a0a93...
info|2019-12-14 02:44:30.308009|[g:1][CONSENSUS][PBFT]checkTimeout Succ,view=2849,toView=2850,nodeIdx=3,changeCycle=0,myNode=d0064285...,timecost=0.449
info|2019-12-14 02:44:30.310697|[g:1][CONSENSUS][PBFT]checkAndChangeView: Reach consensus,org_view=2849,org_changeCycle=0,cur_changeCycle=0,to_view=2850
info|2019-12-14 02:44:31.312914|[g:1][CONSENSUS]addRawPrepare,height=476,reqIdx=1,hash=2b682a0f...
info|2019-12-14 02:44:31.316078|[g:1][CONSENSUS][PBFT]checkTimeout Succ,view=2850,toView=2851,nodeIdx=3,changeCycle=0,myNode=d0064285...,timecost=2.916
info|2019-12-14 02:44:31.319007|[g:1][CONSENSUS][PBFT]checkAndChangeView: Reach consensus,org_view=2850,org_changeCycle=0,cur_changeCycle=0,to_view=2851
info|2019-12-14 02:44:32.039603|[P2P][Service] heartBeat,connected count=3
info|2019-12-14 02:44:32.321396|[g:1][CONSENSUS]addRawPrepare,height=476,reqIdx=2,hash=6c6926a6...
info|2019-12-14 02:44:32.326956|[g:1][CONSENSUS][PBFT]checkTimeout Succ,view=2851,toView=2852,nodeIdx=3,changeCycle=0,myNode=d0064285...,timecost=5.303
info|2019-12-14 02:44:32.329630|[g:1][CONSENSUS][PBFT]checkAndChangeView: Reach consensus,org_view=2851,org_changeCycle=0,cur_changeCycle=0,to_view=2852
info|2019-12-14 02:44:33.330502|[g:1][CONSENSUS][SEALER]++++++++++++++++ Generating seal on,blkNum=476,tx=0,nodeIdx=3,hash=3daf8c59...
info|2019-12-14 02:44:33.331809|[g:1][CONSENSUS][PBFT]checkTimeout Succ,view=2852,toView=2853,nodeIdx=3,changeCycle=0,myNode=d0064285...,timecost=0.781
info|2019-12-14 02:44:33.338257|[g:1][CONSENSUS][PBFT]checkAndChangeView: Reach consensus,org_view=2852,org_changeCycle=0,cur_changeCycle=0,to_view=2853
info|2019-12-14 02:44:34.339239|[g:1][CONSENSUS]addRawPrepare,height=476,reqIdx=0,hash=e400907c...
info|2019-12-14 02:44:34.340332|[g:1][CONSENSUS][PBFT]checkTimeout Succ,view=2853,toView=2854,nodeIdx=3,changeCycle=0,myNode=d0064285...,timecost=0.715
info|2019-12-14 02:44:34.343344|[g:1][CONSENSUS][PBFT]checkAndChangeView: Reach consensus,org_view=2853,org_changeCycle=0,cur_changeCycle=0,to_view=2854
info|2019-12-14 02:44:35.345819|[g:1][CONSENSUS]addRawPrepare,height=476,reqIdx=1,hash=0591b1dc...
info|2019-12-14 02:44:35.346621|[g:1][CONSENSUS][PBFT]checkTimeout Succ,view=2854,toView=2855,nodeIdx=3,changeCycle=0,myNode=d0064285...,timecost=0.63
info|2019-12-14 02:44:35.349932|[g:1][CONSENSUS][PBFT]checkAndChangeView: Reach consensus,org_view=2854,org_changeCycle=0,cur_changeCycle=0,to_view=2855
info|2019-12-14 02:44:36.351269|[g:1][CONSENSUS]addRawPrepare,height=476,reqIdx=2,hash=f679a70e...
info|2019-12-14 02:44:36.352284|[g:1][CONSENSUS][PBFT]checkTimeout Succ,view=2855,toView=2856,nodeIdx=3,changeCycle=0,myNode=d0064285...,timecost=0.892
info|2019-12-14 02:44:36.353782|[g:1][CONSENSUS][PBFT]checkAndChangeView: Reach consensus,org_view=2855,org_changeCycle=0,cur_changeCycle=0,to_view=2856
info|2019-12-14 02:44:37.354372|[g:1][CONSENSUS][SEALER]++++++++++++++++ Generating seal on,blkNum=476,tx=0,nodeIdx=3,hash=1a54c8cb...
info|2019-12-14 02:44:37.355927|[g:1][CONSENSUS][PBFT]checkTimeout Succ,view=2856,toView=2857,nodeIdx=3,changeCycle=0,myNode=d0064285...,timecost=1.03
info|2019-12-14 02:44:37.361971|[g:1][CONSENSUS][PBFT]checkAndChangeView: Reach consensus,org_view=2856,org_changeCycle=0,cur_changeCycle=0,to_view=2857
info|2019-12-14 02:44:38.364876|[g:1][CONSENSUS]addRawPrepare,height=476,reqIdx=0,hash=09046851...
info|2019-12-14 02:44:38.365692|[g:1][CONSENSUS][PBFT]checkTimeout Succ,view=2857,toView=2858,nodeIdx=3,changeCycle=0,myNode=d0064285...,timecost=0.618
info|2019-12-14 02:44:38.368107|[g:1][CONSENSUS][PBFT]checkAndChangeView: Reach consensus,org_view=2857,org_changeCycle=0,cur_changeCycle=0,to_view=2858
info|2019-12-14 02:44:39.370552|[g:1][CONSENSUS]addRawPrepare,height=476,reqIdx=1,hash=17ddbf1b...
info|2019-12-14 02:44:39.371570|[g:1][CONSENSUS][PBFT]checkTimeout Succ,view=2858,toView=2859,nodeIdx=3,changeCycle=0,myNode=d0064285...,timecost=0.81
info|2019-12-14 02:44:39.377617|[g:1][CONSENSUS][PBFT]checkAndChangeView: Reach consensus,org_view=2858,org_changeCycle=0,cur_changeCycle=0,to_view=2859
info|2019-12-14 02:44:40.377630|[g:1][CONSENSUS]addRawPrepare,height=476,reqIdx=2,hash=e0e8f023...
info|2019-12-14 02:44:40.380370|[g:1][CONSENSUS][PBFT]checkTimeout Succ,view=2859,toView=2860,nodeIdx=3,changeCycle=0,myNode=d0064285...,timecost=2.616
info|2019-12-14 02:44:40.381232|[g:1][CONSENSUS][PBFT]checkAndChangeView: Reach consensus,org_view=2859,org_changeCycle=0,cur_changeCycle=0,to_view=2860
info|2019-12-14 02:44:41.381438|[g:1][CONSENSUS][SEALER]++++++++++++++++ Generating seal on,blkNum=476,tx=0,nodeIdx=3,hash=6c2eaa55...
info|2019-12-14 02:44:41.382883|[g:1][CONSENSUS][PBFT]checkTimeout Succ,view=2860,toView=2861,nodeIdx=3,changeCycle=0,myNode=d0064285...,timecost=0.776
info|2019-12-14 02:44:41.389783|[g:1][CONSENSUS][PBFT]checkAndChangeView: Reach consensus,org_view=2860,org_changeCycle=0,cur_changeCycle=0,to_view=2861
info|2019-12-14 02:44:42.046111|[P2P][Service] heartBeat,connected count=3
info|2019-12-14 02:44:42.391102|[g:1][CONSENSUS]addRawPrepare,height=476,reqIdx=0,hash=69727d43...
info|2019-12-14 02:44:42.392131|[g:1][CONSENSUS][PBFT]checkTimeout Succ,view=2861,toView=2862,nodeIdx=3,changeCycle=0,myNode=d0064285...,timecost=0.611
info|2019-12-14 02:44:42.395339|[g:1][CONSENSUS][PBFT]checkAndChangeView: Reach consensus,org_view=2861,org_changeCycle=0,cur_changeCycle=0,to_view=2862
