warning|2019-12-12 07:05:25.003543|[g:1][CONSENSUS][PBFT]ViewChangeWarning: not caused by omit empty block ,v=2214,toV=2215,curNum=11,hash=9b39b6b9...,nodeIdx=3,myNode=d0064285...
info|2019-12-12 07:05:25.003749|[g:1][CONSENSUS][PBFT]checkTimeout Succ,view=2214,toView=2215,nodeIdx=3,changeCycle=1,myNode=d0064285...,timecost=0.631
info|2019-12-12 07:05:25.008206|[P2P][Service] heartBeat,connected count=3
info|2019-12-12 07:05:25.016992|[g:1][CONSENSUS][PBFT]checkAndChangeView: Reach consensus,org_view=2214,org_changeCycle=1,cur_changeCycle=1,to_view=2215
info|2019-12-12 07:05:26.019361|[g:1][CONSENSUS]addRawPrepare,height=12,reqIdx=2,hash=f603e6af...
info|2019-12-12 07:05:26.020503|[g:1][CONSENSUS][PBFT]checkTimeout Succ,view=2215,toView=2216,nodeIdx=3,changeCycle=0,myNode=d0064285...,timecost=0.939
info|2019-12-12 07:05:26.022709|[g:1][CONSENSUS][PBFT]checkAndChangeView: Reach consensus,org_view=2215,org_changeCycle=0,cur_changeCycle=0,to_view=2216
info|2019-12-12 07:05:27.023202|[g:1][CONSENSUS][SEALER]++++++++++++++++ Generating seal on,blkNum=12,tx=0,nodeIdx=3,hash=9e0b7f1a...
info|2019-12-12 07:05:27.024720|[g:1][CONSENSUS][PBFT]checkTimeout Succ,view=2216,toView=2217,nodeIdx=3,changeCycle=0,myNode=d0064285...,timecost=1.011
info|2019-12-12 07:05:27.032821|[g:1][CONSENSUS][PBFT]checkAndChangeView: Reach consensus,org_view=2216,org_changeCycle=0,cur_changeCycle=0,to_view=2217
info|2019-12-12 07:05:28.032736|[g:1][CONSENSUS]addRawPrepare,height=12,reqIdx=0,hash=532cb502...
info|2019-12-12 07:05:28.037583|[g:1][CONSENSUS][PBFT]checkTimeout Succ,view=2217,toView=2218,nodeIdx=3,changeCycle=0,myNode=d0064285...,timecost=4.615
info|2019-12-12 07:05:28.039765|[g:1][CONSENSUS][PBFT]checkAndChangeView: Reach consensus,org_view=2217,org_changeCycle=0,cur_changeCycle=0,to_view=2218
info|2019-12-12 07:05:29.038887|[g:1][CONSENSUS]addRawPrepare,height=12,reqIdx=1,hash=112d190f...
info|2019-12-12 07:05:29.040571|[g:1][CONSENSUS][PBFT]checkTimeout Succ,view=2218,toView=2219,nodeIdx=3,changeCycle=0,myNode=d0064285...,timecost=1.18
info|2019-12-12 07:05:29.044891|[g:1][CONSENSUS][PBFT]checkAndChangeView: Reach consensus,org_view=2218,org_changeCycle=0,cur_changeCycle=0,to_view=2219
info|2019-12-12 07:05:30.047799|[g:1][CONSENSUS]addRawPrepare,height=12,reqIdx=2,hash=342c1e0e...
info|2019-12-12 07:05:30.048523|[g:1][CONSENSUS][PBFT]checkTimeout Succ,view=2219,toView=2220,nodeIdx=3,changeCycle=0,myNode=d0064285...,timecost=0.501
info|2019-12-12 07:05:30.056132|[g:1][CONSENSUS][PBFT]checkAndChangeView: Reach consensus,org_view=2219,org_changeCycle=0,cur_changeCycle=0,to_view=2220
info|2019-12-12 07:05:31.056963|[g:1][CONSENSUS][SEALER]++++++++++++++++ Generating seal on,blkNum=12,tx=0,nodeIdx=3,hash=da37cdf2...
info|2019-12-12 07:05:31.062133|[g:1][CONSENSUS][PBFT]checkTimeout Succ,view=2220,toView=2221,nodeIdx=3,changeCycle=0,myNode=d0064285...,timecost=0.903
info|2019-12-12 07:05:31.065103|[g:1][CONSENSUS][PBFT]checkAndChangeView: Reach consensus,org_view=2220,org_changeCycle=0,cur_changeCycle=0,to_view=2221
info|2019-12-12 07:05:32.066714|[g:1][CONSENSUS]addRawPrepare,height=12,reqIdx=0,hash=83ef16a6...
info|2019-12-12 07:05:32.069678|[g:1][CONSENSUS][PBFT]checkTimeout Succ,view=2221,toView=2222,nodeIdx=3,changeCycle=0,myNode=d0064285...,timecost=2.722
info|2019-12-12 07:05:32.072772|[g:1][CONSENSUS][PBFT]checkAndChangeView: Reach consensus,org_view=2221,org_changeCycle=0,cur_changeCycle=0,to_view=2222
info|2019-12-12 07:05:33.074259|[g:1][CONSENSUS]addRawPrepare,height=12,reqIdx=1,hash=0ebb8a46...
info|2019-12-12 07:05:33.076152|[g:1][CONSENSUS][PBFT]checkTimeout Succ,view=2222,toView=2223,nodeIdx=3,changeCycle=0,myNode=d0064285...,timecost=0.831
info|2019-12-12 07:05:33.078963|[g:1][CONSENSUS][PBFT]checkAndChangeView: Reach consensus,org_view=2222,org_changeCycle=0,cur_changeCycle=0,to_view=2223
info|2019-12-12 07:05:34.081067|[g:1][CONSENSUS]addRawPrepare,height=12,reqIdx=2,hash=160d9913...
info|2019-12-12 07:05:34.082875|[g:1][CONSENSUS][PBFT]checkTimeout Succ,view=2223,toView=2224,nodeIdx=3,changeCycle=0,myNode=d0064285...,timecost=1.567
info|2019-12-12 07:05:34.085441|[g:1][CONSENSUS][PBFT]checkAndChangeView: Reach consensus,org_view=2223,org_changeCycle=0,cur_changeCycle=0,to_view=2224
info|2019-12-12 07:05:35.011222|[P2P][Service] heartBeat,connected count=3
info|2019-12-12 07:05:35.085557|[g:1][CONSENSUS][SEALER]++++++++++++++++ Generating seal on,blkNum=12,tx=0,nodeIdx=3,hash=4d056246...
info|2019-12-12 07:05:35.086985|[g:1][CONSENSUS][PBFT]checkTimeout Succ,view=2224,toView=2225,nodeIdx=3,changeCycle=0,myNode=d0064285...,timecost=0.834
info|2019-12-12 07:05:35.093800|[g:1][CONSENSUS][PBFT]checkAndChangeView: Reach consensus,org_view=2224,org_changeCycle=0,cur_changeCycle=0,to_view=2225
info|2019-12-12 07:05:36.097744|[g:1][CONSENSUS]addRawPrepare,height=12,reqIdx=0,hash=ff8e8cd8...
info|2019-12-12 07:05:36.100329|[g:1][CONSENSUS][PBFT]checkTimeout Succ,view=2225,toView=2226,nodeIdx=3,changeCycle=0,myNode=d0064285...,timecost=2.23
info|2019-12-12 07:05:36.103409|[g:1][CONSENSUS][PBFT]checkAndChangeView: Reach consensus,org_view=2225,org_changeCycle=0,cur_changeCycle=0,to_view=2226
info|2019-12-12 07:05:37.104656|[g:1][CONSENSUS]addRawPrepare,height=12,reqIdx=1,hash=b86d071b...
info|2019-12-12 07:05:37.106969|[g:1][CONSENSUS][PBFT]checkTimeout Succ,view=2226,toView=2227,nodeIdx=3,changeCycle=0,myNode=d0064285...,timecost=1.888
info|2019-12-12 07:05:37.109744|[g:1][CONSENSUS][PBFT]checkAndChangeView: Reach consensus,org_view=2226,org_changeCycle=0,cur_changeCycle=0,to_view=2227
info|2019-12-12 07:05:38.112909|[g:1][CONSENSUS]addRawPrepare,height=12,reqIdx=2,hash=aee345ee...
info|2019-12-12 07:05:38.114931|[g:1][CONSENSUS][PBFT]checkTimeout Succ,view=2227,toView=2228,nodeIdx=3,changeCycle=0,myNode=d0064285...,timecost=1.776
info|2019-12-12 07:05:38.117806|[g:1][CONSENSUS][PBFT]checkAndChangeView: Reach consensus,org_view=2227,org_changeCycle=0,cur_changeCycle=0,to_view=2228
info|2019-12-12 07:05:39.118141|[g:1][CONSENSUS][SEALER]++++++++++++++++ Generating seal on,blkNum=12,tx=0,nodeIdx=3,hash=164f30ec...
info|2019-12-12 07:05:39.124348|[g:1][CONSENSUS][PBFT]checkTimeout Succ,view=2228,toView=2229,nodeIdx=3,changeCycle=0,myNode=d0064285...,timecost=0.829
info|2019-12-12 07:05:39.125607|[g:1][CONSENSUS][PBFT]checkAndChangeView: Reach consensus,org_view=2228,org_changeCycle=0,cur_changeCycle=0,to_view=2229
info|2019-12-12 07:05:40.126576|[g:1][CONSENSUS]addRawPrepare,height=12,reqIdx=0,hash=7371975c...
info|2019-12-12 07:05:40.128297|[g:1][CONSENSUS][PBFT]checkTimeout Succ,view=2229,toView=2230,nodeIdx=3,changeCycle=0,myNode=d0064285...,timecost=1.221
info|2019-12-12 07:05:40.132573|[g:1][CONSENSUS][PBFT]checkAndChangeView: Reach consensus,org_view=2229,org_changeCycle=0,cur_changeCycle=0,to_view=2230
info|2019-12-12 07:05:41.136418|[g:1][CONSENSUS]addRawPrepare,height=12,reqIdx=1,hash=edc5eeb4...
info|2019-12-12 07:05:41.137187|[g:1][CONSENSUS][PBFT]checkTimeout Succ,view=2230,toView=2231,nodeIdx=3,changeCycle=0,myNode=d0064285...,timecost=0.59
info|2019-12-12 07:05:41.138399|[g:1][CONSENSUS][PBFT]checkAndChangeView: Reach consensus,org_view=2230,org_changeCycle=0,cur_changeCycle=0,to_view=2231
info|2019-12-12 07:05:42.142318|[g:1][CONSENSUS]addRawPrepare,height=12,reqIdx=2,hash=0121c6d5...
info|2019-12-12 07:05:42.143540|[g:1][CONSENSUS][PBFT]checkTimeout Succ,view=2231,toView=2232,nodeIdx=3,changeCycle=0,myNode=d0064285...,timecost=1.011
info|2019-12-12 07:05:42.147771|[g:1][CONSENSUS][PBFT]checkAndChangeView: Reach consensus,org_view=2231,org_changeCycle=0,cur_changeCycle=0,to_view=2232
info|2019-12-12 07:05:43.148393|[g:1][CONSENSUS][SEALER]++++++++++++++++ Generating seal on,blkNum=12,tx=0,nodeIdx=3,hash=05b44bcf...
info|2019-12-12 07:05:43.155807|[g:1][CONSENSUS][PBFT]checkTimeout Succ,view=2232,toView=2233,nodeIdx=3,changeCycle=0,myNode=d0064285...,timecost=1.806
info|2019-12-12 07:05:43.157310|[g:1][CONSENSUS][PBFT]checkAndChangeView: Reach consensus,org_view=2232,org_changeCycle=0,cur_changeCycle=0,to_view=2233
info|2019-12-12 07:05:44.157947|[g:1][CONSENSUS]addRawPrepare,height=12,reqIdx=0,hash=da2f7fc1...
info|2019-12-12 07:05:44.159699|[g:1][CONSENSUS][PBFT]checkTimeout Succ,view=2233,toView=2234,nodeIdx=3,changeCycle=0,myNode=d0064285...,timecost=1.509
info|2019-12-12 07:05:44.163758|[g:1][CONSENSUS][PBFT]checkAndChangeView: Reach consensus,org_view=2233,org_changeCycle=0,cur_changeCycle=0,to_view=2234
info|2019-12-12 07:05:45.019633|[P2P][Service] heartBeat,connected count=3
info|2019-12-12 07:05:45.165835|[g:1][CONSENSUS]addRawPrepare,height=12,reqIdx=1,hash=7f57f84f...
info|2019-12-12 07:05:45.168388|[g:1][CONSENSUS][PBFT]checkTimeout Succ,view=2234,toView=2235,nodeIdx=3,changeCycle=0,myNode=d0064285...,timecost=2.292
info|2019-12-12 07:05:45.171262|[g:1][CONSENSUS][PBFT]checkAndChangeView: Reach consensus,org_view=2234,org_changeCycle=0,cur_changeCycle=0,to_view=2235
info|2019-12-12 07:05:46.174848|[g:1][CONSENSUS]addRawPrepare,height=12,reqIdx=2,hash=8aa0822e...
info|2019-12-12 07:05:46.177223|[g:1][CONSENSUS][PBFT]checkTimeout Succ,view=2235,toView=2236,nodeIdx=3,changeCycle=0,myNode=d0064285...,timecost=2.124
info|2019-12-12 07:05:46.181205|[g:1][CONSENSUS][PBFT]checkAndChangeView: Reach consensus,org_view=2235,org_changeCycle=0,cur_changeCycle=0,to_view=2236
info|2019-12-12 07:05:47.182775|[g:1][CONSENSUS][SEALER]++++++++++++++++ Generating seal on,blkNum=12,tx=0,nodeIdx=3,hash=a94c245f...
info|2019-12-12 07:05:47.184198|[g:1][CONSENSUS][PBFT]checkTimeout Succ,view=2236,toView=2237,nodeIdx=3,changeCycle=0,myNode=d0064285...,timecost=0.899
info|2019-12-12 07:05:47.190703|[g:1][CONSENSUS][PBFT]checkAndChangeView: Reach consensus,org_view=2236,org_changeCycle=0,cur_changeCycle=0,to_view=2237
info|2019-12-12 07:05:48.191845|[g:1][CONSENSUS]addRawPrepare,height=12,reqIdx=0,hash=517503de...
info|2019-12-12 07:05:48.193387|[g:1][CONSENSUS][PBFT]checkTimeout Succ,view=2237,toView=2238,nodeIdx=3,changeCycle=0,myNode=d0064285...,timecost=1.252
info|2019-12-12 07:05:48.196165|[g:1][CONSENSUS][PBFT]checkAndChangeView: Reach consensus,org_view=2237,org_changeCycle=0,cur_changeCycle=0,to_view=2238
info|2019-12-12 07:05:49.199489|[g:1][CONSENSUS]addRawPrepare,height=12,reqIdx=1,hash=e2870155...
info|2019-12-12 07:05:49.200599|[g:1][CONSENSUS][PBFT]checkTimeout Succ,view=2238,toView=2239,nodeIdx=3,changeCycle=0,myNode=d0064285...,timecost=0.813
info|2019-12-12 07:05:49.204409|[g:1][CONSENSUS][PBFT]checkAndChangeView: Reach consensus,org_view=2238,org_changeCycle=0,cur_changeCycle=0,to_view=2239
info|2019-12-12 07:05:50.207787|[g:1][CONSENSUS]addRawPrepare,height=12,reqIdx=2,hash=d94cbcc4...
info|2019-12-12 07:05:50.208669|[g:1][CONSENSUS][PBFT]checkTimeout Succ,view=2239,toView=2240,nodeIdx=3,changeCycle=0,myNode=d0064285...,timecost=0.653
info|2019-12-12 07:05:50.211391|[g:1][CONSENSUS][PBFT]checkAndChangeView: Reach consensus,org_view=2239,org_changeCycle=0,cur_changeCycle=0,to_view=2240
info|2019-12-12 07:05:51.211793|[g:1][CONSENSUS][SEALER]++++++++++++++++ Generating seal on,blkNum=12,tx=0,nodeIdx=3,hash=c93efb4a...
info|2019-12-12 07:05:51.213206|[g:1][CONSENSUS][PBFT]checkTimeout Succ,view=2240,toView=2241,nodeIdx=3,changeCycle=0,myNode=d0064285...,timecost=0.884
info|2019-12-12 07:05:51.218790|[g:1][CONSENSUS][PBFT]checkAndChangeView: Reach consensus,org_view=2240,org_changeCycle=0,cur_changeCycle=0,to_view=2241
info|2019-12-12 07:05:52.221902|[g:1][CONSENSUS]addRawPrepare,height=12,reqIdx=0,hash=1a35e13e...
info|2019-12-12 07:05:52.222788|[g:1][CONSENSUS][PBFT]checkTimeout Succ,view=2241,toView=2242,nodeIdx=3,changeCycle=0,myNode=d0064285...,timecost=0.678
info|2019-12-12 07:05:52.226687|[g:1][CONSENSUS][PBFT]checkAndChangeView: Reach consensus,org_view=2241,org_changeCycle=0,cur_changeCycle=0,to_view=2242
info|2019-12-12 07:05:53.228295|[g:1][CONSENSUS]addRawPrepare,height=12,reqIdx=1,hash=a55bbbab...
info|2019-12-12 07:05:53.229441|[g:1][CONSENSUS][PBFT]checkTimeout Succ,view=2242,toView=2243,nodeIdx=3,changeCycle=0,myNode=d0064285...,timecost=0.809
info|2019-12-12 07:05:53.233872|[g:1][CONSENSUS][PBFT]checkAndChangeView: Reach consensus,org_view=2242,org_changeCycle=0,cur_changeCycle=0,to_view=2243
info|2019-12-12 07:05:54.234952|[g:1][CONSENSUS]addRawPrepare,height=12,reqIdx=2,hash=04a5ff65...
info|2019-12-12 07:05:54.237944|[g:1][CONSENSUS][PBFT]checkTimeout Succ,view=2243,toView=2244,nodeIdx=3,changeCycle=0,myNode=d0064285...,timecost=2.748
info|2019-12-12 07:05:54.241778|[g:1][CONSENSUS][PBFT]checkAndChangeView: Reach consensus,org_view=2243,org_changeCycle=0,cur_changeCycle=0,to_view=2244
info|2019-12-12 07:05:55.020452|[P2P][Service] heartBeat,connected count=3
info|2019-12-12 07:05:55.242494|[g:1][CONSENSUS][SEALER]++++++++++++++++ Generating seal on,blkNum=12,tx=0,nodeIdx=3,hash=6dab1dba...
info|2019-12-12 07:05:55.248582|[g:1][CONSENSUS][PBFT]checkTimeout Succ,view=2244,toView=2245,nodeIdx=3,changeCycle=0,myNode=d0064285...,timecost=0.719
info|2019-12-12 07:05:55.249933|[g:1][CONSENSUS][PBFT]checkAndChangeView: Reach consensus,org_view=2244,org_changeCycle=0,cur_changeCycle=0,to_view=2245
info|2019-12-12 07:05:56.254365|[g:1][CONSENSUS]addRawPrepare,height=12,reqIdx=0,hash=39914f0a...
info|2019-12-12 07:05:56.254979|[g:1][CONSENSUS][PBFT]checkTimeout Succ,view=2245,toView=2246,nodeIdx=3,changeCycle=0,myNode=d0064285...,timecost=0.356
info|2019-12-12 07:05:56.256791|[g:1][CONSENSUS][PBFT]checkAndChangeView: Reach consensus,org_view=2245,org_changeCycle=0,cur_changeCycle=0,to_view=2246
info|2019-12-12 07:05:57.258599|[g:1][CONSENSUS]addRawPrepare,height=12,reqIdx=1,hash=abc4bd37...
info|2019-12-12 07:05:57.260724|[g:1][CONSENSUS][PBFT]checkTimeout Succ,view=2246,toView=2247,nodeIdx=3,changeCycle=0,myNode=d0064285...,timecost=1.885
info|2019-12-12 07:05:57.263570|[g:1][CONSENSUS][PBFT]checkAndChangeView: Reach consensus,org_view=2246,org_changeCycle=0,cur_changeCycle=0,to_view=2247
info|2019-12-12 07:05:58.266354|[g:1][CONSENSUS]addRawPrepare,height=12,reqIdx=2,hash=4c1ceded...
info|2019-12-12 07:05:58.267302|[g:1][CONSENSUS][PBFT]checkTimeout Succ,view=2247,toView=2248,nodeIdx=3,changeCycle=0,myNode=d0064285...,timecost=0.745
info|2019-12-12 07:05:58.270239|[g:1][CONSENSUS][PBFT]checkAndChangeView: Reach consensus,org_view=2247,org_changeCycle=0,cur_changeCycle=0,to_view=2248
info|2019-12-12 07:05:59.271719|[g:1][CONSENSUS][SEALER]++++++++++++++++ Generating seal on,blkNum=12,tx=0,nodeIdx=3,hash=679619cc...
info|2019-12-12 07:05:59.277808|[g:1][CONSENSUS][PBFT]checkTimeout Succ,view=2248,toView=2249,nodeIdx=3,changeCycle=0,myNode=d0064285...,timecost=0.939
info|2019-12-12 07:05:59.278970|[g:1][CONSENSUS][PBFT]checkAndChangeView: Reach consensus,org_view=2248,org_changeCycle=0,cur_changeCycle=0,to_view=2249
info|2019-12-12 07:06:00.282538|[g:1][CONSENSUS]addRawPrepare,height=12,reqIdx=0,hash=88bdb0e0...
info|2019-12-12 07:06:00.283678|[g:1][CONSENSUS][PBFT]checkTimeout Succ,view=2249,toView=2250,nodeIdx=3,changeCycle=0,myNode=d0064285...,timecost=0.899
info|2019-12-12 07:06:00.288805|[g:1][CONSENSUS][PBFT]checkAndChangeView: Reach consensus,org_view=2249,org_changeCycle=0,cur_changeCycle=0,to_view=2250
info|2019-12-12 07:06:01.290717|[g:1][CONSENSUS]addRawPrepare,height=12,reqIdx=1,hash=2703de8b...
info|2019-12-12 07:06:01.291868|[g:1][CONSENSUS][PBFT]checkTimeout Succ,view=2250,toView=2251,nodeIdx=3,changeCycle=0,myNode=d0064285...,timecost=0.903
info|2019-12-12 07:06:01.296933|[g:1][CONSENSUS][PBFT]checkAndChangeView: Reach consensus,org_view=2250,org_changeCycle=0,cur_changeCycle=0,to_view=2251
info|2019-12-12 07:06:02.296688|[g:1][CONSENSUS]addRawPrepare,height=12,reqIdx=2,hash=33b5984a...
info|2019-12-12 07:06:02.298297|[g:1][CONSENSUS][PBFT]checkTimeout Succ,view=2251,toView=2252,nodeIdx=3,changeCycle=0,myNode=d0064285...,timecost=1.357
info|2019-12-12 07:06:02.301664|[g:1][CONSENSUS][PBFT]checkAndChangeView: Reach consensus,org_view=2251,org_changeCycle=0,cur_changeCycle=0,to_view=2252
info|2019-12-12 07:06:03.302549|[g:1][CONSENSUS][SEALER]++++++++++++++++ Generating seal on,blkNum=12,tx=0,nodeIdx=3,hash=aa0d4076...
info|2019-12-12 07:06:03.307725|[g:1][CONSENSUS][PBFT]checkTimeout Succ,view=2252,toView=2253,nodeIdx=3,changeCycle=0,myNode=d0064285...,timecost=0.799
info|2019-12-12 07:06:03.310814|[g:1][CONSENSUS][PBFT]checkAndChangeView: Reach consensus,org_view=2252,org_changeCycle=0,cur_changeCycle=0,to_view=2253
info|2019-12-12 07:06:04.313037|[g:1][CONSENSUS]addRawPrepare,height=12,reqIdx=0,hash=1cc369ff...
info|2019-12-12 07:06:04.314083|[g:1][CONSENSUS][PBFT]checkTimeout Succ,view=2253,toView=2254,nodeIdx=3,changeCycle=0,myNode=d0064285...,timecost=0.801
info|2019-12-12 07:06:04.316793|[g:1][CONSENSUS][PBFT]checkAndChangeView: Reach consensus,org_view=2253,org_changeCycle=0,cur_changeCycle=0,to_view=2254
info|2019-12-12 07:06:05.025885|[P2P][Service] heartBeat,connected count=3
info|2019-12-12 07:06:05.319692|[g:1][CONSENSUS]addRawPrepare,height=12,reqIdx=1,hash=ac972d33...
info|2019-12-12 07:06:05.321281|[g:1][CONSENSUS][PBFT]checkTimeout Succ,view=2254,toView=2255,nodeIdx=3,changeCycle=0,myNode=d0064285...,timecost=1.356
info|2019-12-12 07:06:05.326518|[g:1][CONSENSUS][PBFT]checkAndChangeView: Reach consensus,org_view=2254,org_changeCycle=0,cur_changeCycle=0,to_view=2255
info|2019-12-12 07:06:06.330737|[g:1][CONSENSUS]addRawPrepare,height=12,reqIdx=2,hash=82fb1349...
info|2019-12-12 07:06:06.331962|[g:1][CONSENSUS][PBFT]checkTimeout Succ,view=2255,toView=2256,nodeIdx=3,changeCycle=0,myNode=d0064285...,timecost=0.978
info|2019-12-12 07:06:06.335160|[g:1][CONSENSUS][PBFT]checkAndChangeView: Reach consensus,org_view=2255,org_changeCycle=0,cur_changeCycle=0,to_view=2256
info|2019-12-12 07:06:07.335669|[g:1][CONSENSUS][SEALER]++++++++++++++++ Generating seal on,blkNum=12,tx=0,nodeIdx=3,hash=22bbf6f4...
info|2019-12-12 07:06:07.336969|[g:1][CONSENSUS][PBFT]checkTimeout Succ,view=2256,toView=2257,nodeIdx=3,changeCycle=0,myNode=d0064285...,timecost=0.776
info|2019-12-12 07:06:07.344632|[g:1][CONSENSUS][PBFT]checkAndChangeView: Reach consensus,org_view=2256,org_changeCycle=0,cur_changeCycle=0,to_view=2257
info|2019-12-12 07:06:08.346230|[g:1][CONSENSUS]addRawPrepare,height=12,reqIdx=0,hash=bbdaafa9...
info|2019-12-12 07:06:08.347594|[g:1][CONSENSUS][PBFT]checkTimeout Succ,view=2257,toView=2258,nodeIdx=3,changeCycle=0,myNode=d0064285...,timecost=1.115
info|2019-12-12 07:06:08.350894|[g:1][CONSENSUS][PBFT]checkAndChangeView: Reach consensus,org_view=2257,org_changeCycle=0,cur_changeCycle=0,to_view=2258
info|2019-12-12 07:06:09.354155|[g:1][CONSENSUS]addRawPrepare,height=12,reqIdx=1,hash=dd802dad...
info|2019-12-12 07:06:09.355147|[g:1][CONSENSUS][PBFT]checkTimeout Succ,view=2258,toView=2259,nodeIdx=3,changeCycle=0,myNode=d0064285...,timecost=0.731
info|2019-12-12 07:06:09.356777|[g:1][CONSENSUS][PBFT]checkAndChangeView: Reach consensus,org_view=2258,org_changeCycle=0,cur_changeCycle=0,to_view=2259
info|2019-12-12 07:06:10.358978|[g:1][CONSENSUS]addRawPrepare,height=12,reqIdx=2,hash=51f50727...
info|2019-12-12 07:06:10.360027|[g:1][CONSENSUS][PBFT]checkTimeout Succ,view=2259,toView=2260,nodeIdx=3,changeCycle=0,myNode=d0064285...,timecost=0.866
info|2019-12-12 07:06:10.362472|[g:1][CONSENSUS][PBFT]checkAndChangeView: Reach consensus,org_view=2259,org_changeCycle=0,cur_changeCycle=0,to_view=2260
info|2019-12-12 07:06:11.362355|[g:1][CONSENSUS][SEALER]++++++++++++++++ Generating seal on,blkNum=12,tx=0,nodeIdx=3,hash=ae4b1df8...
info|2019-12-12 07:06:11.368103|[g:1][CONSENSUS][PBFT]checkTimeout Succ,view=2260,toView=2261,nodeIdx=3,changeCycle=0,myNode=d0064285...,timecost=0.747
info|2019-12-12 07:06:11.369468|[g:1][CONSENSUS][PBFT]checkAndChangeView: Reach consensus,org_view=2260,org_changeCycle=0,cur_changeCycle=0,to_view=2261
info|2019-12-12 07:06:12.371731|[g:1][CONSENSUS]addRawPrepare,height=12,reqIdx=0,hash=4e2c0ab7...
info|2019-12-12 07:06:12.373573|[g:1][CONSENSUS][PBFT]checkTimeout Succ,view=2261,toView=2262,nodeIdx=3,changeCycle=0,myNode=d0064285...,timecost=1.594
info|2019-12-12 07:06:12.376041|[g:1][CONSENSUS][PBFT]checkAndChangeView: Reach consensus,org_view=2261,org_changeCycle=0,cur_changeCycle=0,to_view=2262
info|2019-12-12 07:06:13.381163|[g:1][CONSENSUS]addRawPrepare,height=12,reqIdx=1,hash=c2449f19...
info|2019-12-12 07:06:13.382369|[g:1][CONSENSUS][PBFT]checkTimeout Succ,view=2262,toView=2263,nodeIdx=3,changeCycle=0,myNode=d0064285...,timecost=0.871
info|2019-12-12 07:06:13.385084|[g:1][CONSENSUS][PBFT]checkAndChangeView: Reach consensus,org_view=2262,org_changeCycle=0,cur_changeCycle=0,to_view=2263
info|2019-12-12 07:06:14.388011|[g:1][CONSENSUS]addRawPrepare,height=12,reqIdx=2,hash=4795086b...
info|2019-12-12 07:06:14.390388|[g:1][CONSENSUS][PBFT]checkTimeout Succ,view=2263,toView=2264,nodeIdx=3,changeCycle=0,myNode=d0064285...,timecost=1.843
info|2019-12-12 07:06:14.393920|[g:1][CONSENSUS][PBFT]checkAndChangeView: Reach consensus,org_view=2263,org_changeCycle=0,cur_changeCycle=0,to_view=2264
info|2019-12-12 07:06:15.032091|[P2P][Service] heartBeat,connected count=3
info|2019-12-12 07:06:15.394087|[g:1][CONSENSUS][SEALER]++++++++++++++++ Generating seal on,blkNum=12,tx=0,nodeIdx=3,hash=e6245549...
info|2019-12-12 07:06:15.395480|[g:1][CONSENSUS][PBFT]checkTimeout Succ,view=2264,toView=2265,nodeIdx=3,changeCycle=0,myNode=d0064285...,timecost=0.874
info|2019-12-12 07:06:15.401605|[g:1][CONSENSUS][PBFT]checkAndChangeView: Reach consensus,org_view=2264,org_changeCycle=0,cur_changeCycle=0,to_view=2265
info|2019-12-12 07:06:16.407484|[g:1][CONSENSUS]addRawPrepare,height=12,reqIdx=0,hash=fb351587...
info|2019-12-12 07:06:16.408522|[g:1][CONSENSUS][PBFT]checkTimeout Succ,view=2265,toView=2266,nodeIdx=3,changeCycle=0,myNode=d0064285...,timecost=0.805
info|2019-12-12 07:06:16.411297|[g:1][CONSENSUS][PBFT]checkAndChangeView: Reach consensus,org_view=2265,org_changeCycle=0,cur_changeCycle=0,to_view=2266
info|2019-12-12 07:06:17.414455|[g:1][CONSENSUS]addRawPrepare,height=12,reqIdx=1,hash=877d6181...
info|2019-12-12 07:06:17.418500|[g:1][CONSENSUS][PBFT]checkTimeout Succ,view=2266,toView=2267,nodeIdx=3,changeCycle=0,myNode=d0064285...,timecost=3.816
info|2019-12-12 07:06:17.421028|[g:1][CONSENSUS][PBFT]checkAndChangeView: Reach consensus,org_view=2266,org_changeCycle=0,cur_changeCycle=0,to_view=2267
info|2019-12-12 07:06:18.419831|[g:1][CONSENSUS]addRawPrepare,height=12,reqIdx=2,hash=a8853f0a...
info|2019-12-12 07:06:18.420887|[g:1][CONSENSUS][PBFT]checkTimeout Succ,view=2267,toView=2268,nodeIdx=3,changeCycle=0,myNode=d0064285...,timecost=0.846
info|2019-12-12 07:06:18.425851|[g:1][CONSENSUS][PBFT]checkAndChangeView: Reach consensus,org_view=2267,org_changeCycle=0,cur_changeCycle=0,to_view=2268
