info|2019-12-11 00:00:00.301201|[g:1][CONSENSUS][SEALER]++++++++++++++++ Generating seal on,blkNum=1,tx=0,nodeIdx=3,hash=a190f794...
info|2019-12-11 00:00:00.306073|[g:1][CONSENSUS][PBFT]checkTimeout Succ,view=5447,toView=5448,nodeIdx=3,changeCycle=0,myNode=d0064285...,timecost=0.618
info|2019-12-11 00:00:00.307898|[g:1][CONSENSUS][PBFT]checkAndChangeView: Reach consensus,org_view=5447,org_changeCycle=0,cur_changeCycle=0,to_view=5448
info|2019-12-11 00:00:01.309595|[g:1][CONSENSUS]addRawPrepare,height=1,reqIdx=0,hash=ccafe7bd...
info|2019-12-11 00:00:01.310339|[g:1][CONSENSUS][PBFT]checkTimeout Succ,view=5448,toView=5449,nodeIdx=3,changeCycle=0,myNode=d0064285...,timecost=0.473
info|2019-12-11 00:00:01.311729|[g:1][CONSENSUS][PBFT]checkAndChangeView: Reach consensus,org_view=5448,org_changeCycle=0,cur_changeCycle=0,to_view=5449
info|2019-12-11 00:00:02.315063|[g:1][CONSENSUS]addRawPrepare,height=1,reqIdx=1,hash=18c9f33a...
info|2019-12-11 00:00:02.319405|[g:1][CONSENSUS][PBFT]checkTimeout Succ,view=5449,toView=5450,nodeIdx=3,changeCycle=0,myNode=d0064285...,timecost=3.833
info|2019-12-11 00:00:02.323609|[g:1][CONSENSUS][PBFT]checkAndChangeView: Reach consensus,org_view=5449,org_changeCycle=0,cur_changeCycle=0,to_view=5450
info|2019-12-11 00:00:03.337072|[g:1][CONSENSUS]addRawPrepare,height=1,reqIdx=2,hash=d9f89947...
info|2019-12-11 00:00:03.337757|[g:1][CONSENSUS][PBFT]checkTimeout Succ,view=5450,toView=5451,nodeIdx=3,changeCycle=0,myNode=d0064285...,timecost=0.421
info|2019-12-11 00:00:03.368069|[g:1][CONSENSUS][PBFT]checkAndChangeView: Reach consensus,org_view=5450,org_changeCycle=0,cur_changeCycle=0,to_view=5451
warning|2019-12-11 00:33:33.007248|[g:1][CONSENSUS][PBFT]ViewChangeWarning: not caused by omit empty block ,v=5451,toV=5452,curNum=0,hash=382ff964...,nodeIdx=3,myNode=d0064285...
info|2019-12-11 00:33:33.007575|[g:1][CONSENSUS][PBFT]checkTimeout Succ,view=5451,toView=5452,nodeIdx=3,changeCycle=1,myNode=d0064285...,timecost=0.81
info|2019-12-11 00:33:33.015689|[P2P][Service] heartBeat,connected count=3
info|2019-12-11 00:33:33.029021|[g:1][CONSENSUS][PBFT]checkAndChangeView: Reach consensus,org_view=5451,org_changeCycle=1,cur_changeCycle=1,to_view=5452
info|2019-12-11 00:33:34.028829|[g:1][CONSENSUS]addRawPrepare,height=1,reqIdx=0,hash=7406a131...
info|2019-12-11 00:33:34.029733|[g:1][CONSENSUS][PBFT]checkTimeout Succ,view=5452,toView=5453,nodeIdx=3,changeCycle=0,myNode=d0064285...,timecost=0.594
info|2019-12-11 00:33:34.031094|[g:1][CONSENSUS][PBFT]checkAndChangeView: Reach consensus,org_view=5452,org_changeCycle=0,cur_changeCycle=0,to_view=5453
info|2019-12-11 00:33:35.037729|[g:1][CONSENSUS]addRawPrepare,height=1,reqIdx=1,hash=426cf59c...
info|2019-12-11 00:33:35.040983|[g:1][CONSENSUS][PBFT]checkTimeout Succ,view=5453,toView=5454,nodeIdx=3,changeCycle=0,myNode=d0064285...,timecost=0.901
info|2019-12-11 00:33:35.043450|[g:1][CONSENSUS][PBFT]checkAndChangeView: Reach consensus,org_view=5453,org_changeCycle=0,cur_changeCycle=0,to_view=5454
info|2019-12-11 00:33:36.046759|[g:1][CONSENSUS]addRawPrepare,height=1,reqIdx=2,hash=fac69ba8...
info|2019-12-11 00:33:36.047834|[g:1][CONSENSUS][PBFT]checkTimeout Succ,view=5454,toView=5455,nodeIdx=3,changeCycle=0,myNode=d0064285...,timecost=0.889
info|2019-12-11 00:33:36.049446|[g:1][CONSENSUS][PBFT]checkAndChangeView: Reach consensus,org_view=5454,org_changeCycle=0,cur_changeCycle=0,to_view=5455
info|2019-12-11 00:33:37.050316|[g:1][CONSENSUS][SEALER]++++++++++++++++ Generating seal on,blkNum=1,tx=0,nodeIdx=3,hash=47ebc8bd...
info|2019-12-11 00:33:37.057382|[g:1][CONSENSUS][PBFT]checkTimeout Succ,view=5455,toView=5456,nodeIdx=3,changeCycle=0,myNode=d0064285...,timecost=0.974
info|2019-12-11 00:33:37.058664|[g:1][CONSENSUS][PBFT]checkAndChangeView: Reach consensus,org_view=5455,org_changeCycle=0,cur_changeCycle=0,to_view=5456
info|2019-12-11 00:33:38.062178|[g:1][CONSENSUS]addRawPrepare,height=1,reqIdx=0,hash=251f229c...
info|2019-12-11 00:33:38.064063|[g:1][CONSENSUS][PBFT]checkTimeout Succ,view=5456,toView=5457,nodeIdx=3,changeCycle=0,myNode=d0064285...,timecost=1.636
info|2019-12-11 00:33:38.065933|[g:1][CONSENSUS][PBFT]checkAndChangeView: Reach consensus,org_view=5456,org_changeCycle=0,cur_changeCycle=0,to_view=5457
info|2019-12-11 00:33:39.068256|[g:1][CONSENSUS]addRawPrepare,height=1,reqIdx=1,hash=1a6cc9fe...
info|2019-12-11 00:33:39.069544|[g:1][CONSENSUS][PBFT]checkTimeout Succ,view=5457,toView=5458,nodeIdx=3,changeCycle=0,myNode=d0064285...,timecost=1.047
info|2019-12-11 00:33:39.074332|[g:1][CONSENSUS][PBFT]checkAndChangeView: Reach consensus,org_view=5457,org_changeCycle=0,cur_changeCycle=0,to_view=5458
info|2019-12-11 00:33:40.075509|[g:1][CONSENSUS]addRawPrepare,height=1,reqIdx=2,hash=d0fb8279...
info|2019-12-11 00:33:40.076146|[g:1][CONSENSUS][PBFT]checkTimeout Succ,view=5458,toView=5459,nodeIdx=3,changeCycle=0,myNode=d0064285...,timecost=0.435
info|2019-12-11 00:33:40.077408|[g:1][CONSENSUS][PBFT]checkAndChangeView: Reach consensus,org_view=5458,org_changeCycle=0,cur_changeCycle=0,to_view=5459
info|2019-12-11 00:33:41.078041|[g:1][CONSENSUS][SEALER]++++++++++++++++ Generating seal on,blkNum=1,tx=0,nodeIdx=3,hash=171b3614...
info|2019-12-11 00:33:41.081274|[g:1][CONSENSUS][PBFT]checkTimeout Succ,view=5459,toView=5460,nodeIdx=3,changeCycle=0,myNode=d0064285...,timecost=0.423
info|2019-12-11 00:33:41.082579|[g:1][CONSENSUS][PBFT]checkAndChangeView: Reach consensus,org_view=5459,org_changeCycle=0,cur_changeCycle=0,to_view=5460
info|2019-12-11 00:33:42.083586|[g:1][CONSENSUS]addRawPrepare,height=1,reqIdx=0,hash=6e7132f6...
info|2019-12-11 00:33:42.084615|[g:1][CONSENSUS][PBFT]checkTimeout Succ,view=5460,toView=5461,nodeIdx=3,changeCycle=0,myNode=d0064285...,timecost=0.696
info|2019-12-11 00:33:42.086951|[g:1][CONSENSUS][PBFT]checkAndChangeView: Reach consensus,org_view=5460,org_changeCycle=0,cur_changeCycle=0,to_view=5461
info|2019-12-11 00:33:43.019506|[P2P][Service] heartBeat,connected count=3
info|2019-12-11 00:33:43.089463|[g:1][CONSENSUS]addRawPrepare,height=1,reqIdx=1,hash=9d7de0fd...
info|2019-12-11 00:33:43.090784|[g:1][CONSENSUS][PBFT]checkTimeout Succ,view=5461,toView=5462,nodeIdx=3,changeCycle=0,myNode=d0064285...,timecost=1.13
info|2019-12-11 00:33:43.096044|[g:1][CONSENSUS][PBFT]checkAndChangeView: Reach consensus,org_view=5461,org_changeCycle=0,cur_changeCycle=0,to_view=5462
info|2019-12-11 00:33:44.098475|[g:1][CONSENSUS]addRawPrepare,height=1,reqIdx=2,hash=232c3fde...
info|2019-12-11 00:33:44.100312|[g:1][CONSENSUS][PBFT]checkTimeout Succ,view=5462,toView=5463,nodeIdx=3,changeCycle=0,myNode=d0064285...,timecost=1.329
info|2019-12-11 00:33:44.103198|[g:1][CONSENSUS][PBFT]checkAndChangeView: Reach consensus,org_view=5462,org_changeCycle=0,cur_changeCycle=0,to_view=5463
info|2019-12-11 00:33:45.104140|[g:1][CONSENSUS][SEALER]++++++++++++++++ Generating seal on,blkNum=1,tx=0,nodeIdx=3,hash=9b7518fc...
info|2019-12-11 00:33:45.109056|[g:1][CONSENSUS][PBFT]checkTimeout Succ,view=5463,toView=5464,nodeIdx=3,changeCycle=0,myNode=d0064285...,timecost=0.586
info|2019-12-11 00:33:45.110379|[g:1][CONSENSUS][PBFT]checkAndChangeView: Reach consensus,org_view=5463,org_changeCycle=0,cur_changeCycle=0,to_view=5464
info|2019-12-11 00:33:46.111792|[g:1][CONSENSUS]addRawPrepare,height=1,reqIdx=0,hash=36b77061...
info|2019-12-11 00:33:46.112358|[g:1][CONSENSUS][PBFT]checkTimeout Succ,view=5464,toView=5465,nodeIdx=3,changeCycle=0,myNode=d0064285...,timecost=0.431
info|2019-12-11 00:33:46.113821|[g:1][CONSENSUS][PBFT]checkAndChangeView: Reach consensus,org_view=5464,org_changeCycle=0,cur_changeCycle=0,to_view=5465
info|2019-12-11 00:33:47.118133|[g:1][CONSENSUS]addRawPrepare,height=1,reqIdx=1,hash=fec2a2b1...
info|2019-12-11 00:33:47.119085|[g:1][CONSENSUS][PBFT]checkTimeout Succ,view=5465,toView=5466,nodeIdx=3,changeCycle=0,myNode=d0064285...,timecost=0.694
info|2019-12-11 00:33:47.120763|[g:1][CONSENSUS][PBFT]checkAndChangeView: Reach consensus,org_view=5465,org_changeCycle=0,cur_changeCycle=0,to_view=5466
info|2019-12-11 00:33:48.123463|[g:1][CONSENSUS]addRawPrepare,height=1,reqIdx=2,hash=29c186c2...
info|2019-12-11 00:33:48.124648|[g:1][CONSENSUS][PBFT]checkTimeout Succ,view=5466,toView=5467,nodeIdx=3,changeCycle=0,myNode=d0064285...,timecost=0.741
info|2019-12-11 00:33:48.131849|[g:1][CONSENSUS][PBFT]checkAndChangeView: Reach consensus,org_view=5466,org_changeCycle=0,cur_changeCycle=0,to_view=5467
info|2019-12-11 00:33:49.131517|[g:1][CONSENSUS][SEALER]++++++++++++++++ Generating seal on,blkNum=1,tx=0,nodeIdx=3,hash=6184abdd...
info|2019-12-11 00:33:49.137211|[g:1][CONSENSUS][PBFT]checkTimeout Succ,view=5467,toView=5468,nodeIdx=3,changeCycle=0,myNode=d0064285...,timecost=0.856
info|2019-12-11 00:33:49.139864|[g:1][CONSENSUS][PBFT]checkAndChangeView: Reach consensus,org_view=5467,org_changeCycle=0,cur_changeCycle=0,to_view=5468
info|2019-12-11 00:33:50.143048|[g:1][CONSENSUS]addRawPrepare,height=1,reqIdx=0,hash=8245577e...
info|2019-12-11 00:33:50.145087|[g:1][CONSENSUS][PBFT]checkTimeout Succ,view=5468,toView=5469,nodeIdx=3,changeCycle=0,myNode=d0064285...,timecost=1.753
info|2019-12-11 00:33:50.147730|[g:1][CONSENSUS][PBFT]checkAndChangeView: Reach consensus,org_view=5468,org_changeCycle=0,cur_changeCycle=0,to_view=5469
info|2019-12-11 00:33:51.151635|[g:1][CONSENSUS]addRawPrepare,height=1,reqIdx=1,hash=9e4475cc...
info|2019-12-11 00:33:51.152801|[g:1][CONSENSUS][PBFT]checkTimeout Succ,view=5469,toView=5470,nodeIdx=3,changeCycle=0,myNode=d0064285...,timecost=0.839
info|2019-12-11 00:33:51.158168|[g:1][CONSENSUS][PBFT]checkAndChangeView: Reach consensus,org_view=5469,org_changeCycle=0,cur_changeCycle=0,to_view=5470
info|2019-12-11 00:33:52.160017|[g:1][CONSENSUS]addRawPrepare,height=1,reqIdx=2,hash=f065f3b9...
info|2019-12-11 00:33:52.161138|[g:1][CONSENSUS][PBFT]checkTimeout Succ,view=5470,toView=5471,nodeIdx=3,changeCycle=0,myNode=d0064285...,timecost=0.895
info|2019-12-11 00:33:52.165473|[g:1][CONSENSUS][PBFT]checkAndChangeView: Reach consensus,org_view=5470,org_changeCycle=0,cur_changeCycle=0,to_view=5471
info|2019-12-11 00:33:53.020271|[P2P][Service] heartBeat,connected count=3
info|2019-12-11 00:33:53.165227|[g:1][CONSENSUS][SEALER]++++++++++++++++ Generating seal on,blkNum=1,tx=0,nodeIdx=3,hash=1c55c749...
info|2019-12-11 00:33:53.170257|[g:1][CONSENSUS][PBFT]checkTimeout Succ,view=5471,toView=5472,nodeIdx=3,changeCycle=0,myNode=d0064285...,timecost=0.672
info|2019-12-11 00:33:53.171176|[g:1][CONSENSUS][PBFT]checkAndChangeView: Reach consensus,org_view=5471,org_changeCycle=0,cur_changeCycle=0,to_view=5472
info|2019-12-11 00:33:54.174155|[g:1][CONSENSUS]addRawPrepare,height=1,reqIdx=0,hash=e7ff703d...
info|2019-12-11 00:33:54.177239|[g:1][CONSENSUS][PBFT]checkTimeout Succ,view=5472,toView=5473,nodeIdx=3,changeCycle=0,myNode=d0064285...,timecost=2.838
info|2019-12-11 00:33:54.178361|[g:1][CONSENSUS][PBFT]checkAndChangeView: Reach consensus,org_view=5472,org_changeCycle=0,cur_changeCycle=0,to_view=5473
info|2019-12-11 00:33:55.178224|[g:1][CONSENSUS]addRawPrepare,height=1,reqIdx=1,hash=1298cf19...
info|2019-12-11 00:33:55.179053|[g:1][CONSENSUS][PBFT]checkTimeout Succ,view=5473,toView=5474,nodeIdx=3,changeCycle=0,myNode=d0064285...,timecost=0.528
info|2019-12-11 00:33:55.181972|[g:1][CONSENSUS][PBFT]checkAndChangeView: Reach consensus,org_view=5473,org_changeCycle=0,cur_changeCycle=0,to_view=5474
info|2019-12-11 00:33:56.185646|[g:1][CONSENSUS]addRawPrepare,height=1,reqIdx=2,hash=96566a10...
info|2019-12-11 00:33:56.186511|[g:1][CONSENSUS][PBFT]checkTimeout Succ,view=5474,toView=5475,nodeIdx=3,changeCycle=0,myNode=d0064285...,timecost=0.652
info|2019-12-11 00:33:56.188735|[g:1][CONSENSUS][PBFT]checkAndChangeView: Reach consensus,org_view=5474,org_changeCycle=0,cur_changeCycle=0,to_view=5475
info|2019-12-11 00:33:57.188689|[g:1][CONSENSUS][SEALER]++++++++++++++++ Generating seal on,blkNum=1,tx=0,nodeIdx=3,hash=2f4c57c9...
info|2019-12-11 00:33:57.190062|[g:1][CONSENSUS][PBFT]checkTimeout Succ,view=5475,toView=5476,nodeIdx=3,changeCycle=0,myNode=d0064285...,timecost=0.848
info|2019-12-11 00:33:57.196981|[g:1][CONSENSUS][PBFT]checkAndChangeView: Reach consensus,org_view=5475,org_changeCycle=0,cur_changeCycle=0,to_view=5476
info|2019-12-11 00:33:58.198563|[g:1][CONSENSUS]addRawPrepare,height=1,reqIdx=0,hash=0063092a...
info|2019-12-11 00:33:58.199839|[g:1][CONSENSUS][PBFT]checkTimeout Succ,view=5476,toView=5477,nodeIdx=3,changeCycle=0,myNode=d0064285...,timecost=1.004
info|2019-12-11 00:33:58.201617|[g:1][CONSENSUS][PBFT]checkAndChangeView: Reach consensus,org_view=5476,org_changeCycle=0,cur_changeCycle=0,to_view=5477
info|2019-12-11 00:33:59.204798|[g:1][CONSENSUS]addRawPrepare,height=1,reqIdx=1,hash=9103ad8a...
info|2019-12-11 00:33:59.205864|[g:1][CONSENSUS][PBFT]checkTimeout Succ,view=5477,toView=5478,nodeIdx=3,changeCycle=0,myNode=d0064285...,timecost=0.709
info|2019-12-11 00:33:59.209580|[g:1][CONSENSUS][PBFT]checkAndChangeView: Reach consensus,org_view=5477,org_changeCycle=0,cur_changeCycle=0,to_view=5478
info|2019-12-11 00:34:00.209931|[g:1][CONSENSUS]addRawPrepare,height=1,reqIdx=2,hash=a10d465a...
info|2019-12-11 00:34:00.210521|[g:1][CONSENSUS][PBFT]checkTimeout Succ,view=5478,toView=5479,nodeIdx=3,changeCycle=0,myNode=d0064285...,timecost=0.389
info|2019-12-11 00:34:00.212628|[g:1][CONSENSUS][PBFT]checkAndChangeView: Reach consensus,org_view=5478,org_changeCycle=0,cur_changeCycle=0,to_view=5479
info|2019-12-11 00:34:01.213704|[g:1][CONSENSUS][SEALER]++++++++++++++++ Generating seal on,blkNum=1,tx=0,nodeIdx=3,hash=ec18e7b5...
info|2019-12-11 00:34:01.215033|[g:1][CONSENSUS][PBFT]checkTimeout Succ,view=5479,toView=5480,nodeIdx=3,changeCycle=0,myNode=d0064285...,timecost=0.774
info|2019-12-11 00:34:01.220535|[g:1][CONSENSUS][PBFT]checkAndChangeView: Reach consensus,org_view=5479,org_changeCycle=0,cur_changeCycle=0,to_view=5480
info|2019-12-11 00:34:02.222356|[g:1][CONSENSUS]addRawPrepare,height=1,reqIdx=0,hash=772856d3...
info|2019-12-11 00:34:02.223116|[g:1][CONSENSUS][PBFT]checkTimeout Succ,view=5480,toView=5481,nodeIdx=3,changeCycle=0,myNode=d0064285...,timecost=0.498
info|2019-12-11 00:34:02.226288|[g:1][CONSENSUS][PBFT]checkAndChangeView: Reach consensus,org_view=5480,org_changeCycle=0,cur_changeCycle=0,to_view=5481
info|2019-12-11 00:34:03.024005|[P2P][Service] heartBeat,connected count=3
info|2019-12-11 00:34:03.229606|[g:1][CONSENSUS]addRawPrepare,height=1,reqIdx=1,hash=f56ef9a2...
info|2019-12-11 00:34:03.230798|[g:1][CONSENSUS][PBFT]checkTimeout Succ,view=5481,toView=5482,nodeIdx=3,changeCycle=0,myNode=d0064285...,timecost=0.79
info|2019-12-11 00:34:03.235611|[g:1][CONSENSUS][PBFT]checkAndChangeView: Reach consensus,org_view=5481,org_changeCycle=0,cur_changeCycle=0,to_view=5482
info|2019-12-11 00:34:04.239332|[g:1][CONSENSUS]addRawPrepare,height=1,reqIdx=2,hash=18f76622...
info|2019-12-11 00:34:04.241410|[g:1][CONSENSUS][PBFT]checkTimeout Succ,view=5482,toView=5483,nodeIdx=3,changeCycle=0,myNode=d0064285...,timecost=1.8
info|2019-12-11 00:34:04.244255|[g:1][CONSENSUS][PBFT]checkAndChangeView: Reach consensus,org_view=5482,org_changeCycle=0,cur_changeCycle=0,to_view=5483
info|2019-12-11 00:34:05.245464|[g:1][CONSENSUS][SEALER]++++++++++++++++ Generating seal on,blkNum=1,tx=0,nodeIdx=3,hash=3a37111e...
info|2019-12-11 00:34:05.246645|[g:1][CONSENSUS][PBFT]checkTimeout Succ,view=5483,toView=5484,nodeIdx=3,changeCycle=0,myNode=d0064285...,timecost=0.756
info|2019-12-11 00:34:05.251456|[g:1][CONSENSUS][PBFT]checkAndChangeView: Reach consensus,org_view=5483,org_changeCycle=0,cur_changeCycle=0,to_view=5484
info|2019-12-11 00:34:06.253192|[g:1][CONSENSUS]addRawPrepare,height=1,reqIdx=0,hash=6e95669d...
info|2019-12-11 00:34:06.254673|[g:1][CONSENSUS][PBFT]checkTimeout Succ,view=5484,toView=5485,nodeIdx=3,changeCycle=0,myNode=d0064285...,timecost=1.327
info|2019-12-11 00:34:06.255891|[g:1][CONSENSUS][PBFT]checkAndChangeView: Reach consensus,org_view=5484,org_changeCycle=0,cur_changeCycle=0,to_view=5485
info|2019-12-11 00:34:07.258634|[g:1][CONSENSUS]addRawPrepare,height=1,reqIdx=1,hash=81ad8239...
info|2019-12-11 00:34:07.259847|[g:1][CONSENSUS][PBFT]checkTimeout Succ,view=5485,toView=5486,nodeIdx=3,changeCycle=0,myNode=d0064285...,timecost=0.916
info|2019-12-11 00:34:07.261606|[g:1][CONSENSUS][PBFT]checkAndChangeView: Reach consensus,org_view=5485,org_changeCycle=0,cur_changeCycle=0,to_view=5486
info|2019-12-11 00:34:08.264091|[g:1][CONSENSUS]addRawPrepare,height=1,reqIdx=2,hash=b2ffbfcb...
info|2019-12-11 00:34:08.268399|[g:1][CONSENSUS][PBFT]checkTimeout Succ,view=5486,toView=5487,nodeIdx=3,changeCycle=0,myNode=d0064285...,timecost=3.985
info|2019-12-11 00:34:08.270790|[g:1][CONSENSUS][PBFT]checkAndChangeView: Reach consensus,org_view=5486,org_changeCycle=0,cur_changeCycle=0,to_view=5487
info|2019-12-11 00:34:09.270884|[g:1][CONSENSUS][SEALER]++++++++++++++++ Generating seal on,blkNum=1,tx=0,nodeIdx=3,hash=cda96e4c...
info|2019-12-11 00:34:09.272071|[g:1][CONSENSUS][PBFT]checkTimeout Succ,view=5487,toView=5488,nodeIdx=3,changeCycle=0,myNode=d0064285...,timecost=0.736
info|2019-12-11 00:34:09.276263|[g:1][CONSENSUS][PBFT]checkAndChangeView: Reach consensus,org_view=5487,org_changeCycle=0,cur_changeCycle=0,to_view=5488
info|2019-12-11 00:34:10.278198|[g:1][CONSENSUS]addRawPrepare,height=1,reqIdx=0,hash=795f5137...
info|2019-12-11 00:34:10.279394|[g:1][CONSENSUS][PBFT]checkTimeout Succ,view=5488,toView=5489,nodeIdx=3,changeCycle=0,myNode=d0064285...,timecost=0.836
info|2019-12-11 00:34:10.282057|[g:1][CONSENSUS][PBFT]checkAndChangeView: Reach consensus,org_view=5488,org_changeCycle=0,cur_changeCycle=0,to_view=5489
info|2019-12-11 00:34:11.284363|[g:1][CONSENSUS]addRawPrepare,height=1,reqIdx=1,hash=6bae90f5...
info|2019-12-11 00:34:11.285525|[g:1][CONSENSUS][PBFT]checkTimeout Succ,view=5489,toView=5490,nodeIdx=3,changeCycle=0,myNode=d0064285...,timecost=0.791
info|2019-12-11 00:34:11.289180|[g:1][CONSENSUS][PBFT]checkAndChangeView: Reach consensus,org_view=5489,org_changeCycle=0,cur_changeCycle=0,to_view=5490
info|2019-12-11 00:34:12.293944|[g:1][CONSENSUS]addRawPrepare,height=1,reqIdx=2,hash=90f0a60d...
info|2019-12-11 00:34:12.296048|[g:1][CONSENSUS][PBFT]checkTimeout Succ,view=5490,toView=5491,nodeIdx=3,changeCycle=0,myNode=d0064285...,timecost=1.763
info|2019-12-11 00:34:12.299726|[g:1][CONSENSUS][PBFT]checkAndChangeView: Reach consensus,org_view=5490,org_changeCycle=0,cur_changeCycle=0,to_view=5491
info|2019-12-11 00:34:13.031791|[P2P][Service] heartBeat,connected count=3
info|2019-12-11 00:34:13.299570|[g:1][CONSENSUS][SEALER]++++++++++++++++ Generating seal on,blkNum=1,tx=0,nodeIdx=3,hash=c057aa1f...
info|2019-12-11 00:34:13.300308|[g:1][CONSENSUS][PBFT]checkTimeout Succ,view=5491,toView=5492,nodeIdx=3,changeCycle=0,myNode=d0064285...,timecost=0.488
info|2019-12-11 00:34:13.304374|[g:1][CONSENSUS][PBFT]checkAndChangeView: Reach consensus,org_view=5491,org_changeCycle=0,cur_changeCycle=0,to_view=5492
info|2019-12-11 00:34:14.305655|[g:1][CONSENSUS]addRawPrepare,height=1,reqIdx=0,hash=888ca9e8...
info|2019-12-11 00:34:14.306631|[g:1][CONSENSUS][PBFT]checkTimeout Succ,view=5492,toView=5493,nodeIdx=3,changeCycle=0,myNode=d0064285...,timecost=0.408
info|2019-12-11 00:34:14.313441|[g:1][CONSENSUS][PBFT]checkAndChangeView: Reach consensus,org_view=5492,org_changeCycle=0,cur_changeCycle=0,to_view=5493
info|2019-12-11 00:34:15.316628|[g:1][CONSENSUS]addRawPrepare,height=1,reqIdx=1,hash=37642d14...
info|2019-12-11 00:34:15.317933|[g:1][CONSENSUS][PBFT]checkTimeout Succ,view=5493,toView=5494,nodeIdx=3,changeCycle=0,myNode=d0064285...,timecost=1.029
info|2019-12-11 00:34:15.322747|[g:1][CONSENSUS][PBFT]checkAndChangeView: Reach consensus,org_view=5493,org_changeCycle=0,cur_changeCycle=0,to_view=5494
info|2019-12-11 00:34:16.323541|[g:1][CONSENSUS]addRawPrepare,height=1,reqIdx=2,hash=bdb3dbca...
info|2019-12-11 00:34:16.324013|[g:1][CONSENSUS][PBFT]checkTimeout Succ,view=5494,toView=5495,nodeIdx=3,changeCycle=0,myNode=d0064285...,timecost=0.351
info|2019-12-11 00:34:16.329508|[g:1][CONSENSUS][PBFT]checkAndChangeView: Reach consensus,org_view=5494,org_changeCycle=0,cur_changeCycle=0,to_view=5495
info|2019-12-11 00:34:17.329420|[g:1][CONSENSUS][SEALER]++++++++++++++++ Generating seal on,blkNum=1,tx=0,nodeIdx=3,hash=d810cd51...
info|2019-12-11 00:34:17.334822|[g:1][CONSENSUS][PBFT]checkTimeout Succ,view=5495,toView=5496,nodeIdx=3,changeCycle=0,myNode=d0064285...,timecost=0.939
info|2019-12-11 00:34:17.336974|[g:1][CONSENSUS][PBFT]checkAndChangeView: Reach consensus,org_view=5495,org_changeCycle=0,cur_changeCycle=0,to_view=5496
info|2019-12-11 00:34:18.341262|[g:1][CONSENSUS]addRawPrepare,height=1,reqIdx=0,hash=1b1c9580...
info|2019-12-11 00:34:18.342656|[g:1][CONSENSUS][PBFT]checkTimeout Succ,view=5496,toView=5497,nodeIdx=3,changeCycle=0,myNode=d0064285...,timecost=1.204
info|2019-12-11 00:34:18.344463|[g:1][CONSENSUS][PBFT]checkAndChangeView: Reach consensus,org_view=5496,org_changeCycle=0,cur_changeCycle=0,to_view=5497
info|2019-12-11 00:34:19.346640|[g:1][CONSENSUS]addRawPrepare,height=1,reqIdx=1,hash=dd53556f...
info|2019-12-11 00:34:19.347632|[g:1][CONSENSUS][PBFT]checkTimeout Succ,view=5497,toView=5498,nodeIdx=3,changeCycle=0,myNode=d0064285...,timecost=0.498
info|2019-12-11 00:34:19.349988|[g:1][CONSENSUS][PBFT]checkAndChangeView: Reach consensus,org_view=5497,org_changeCycle=0,cur_changeCycle=0,to_view=5498
info|2019-12-11 00:34:20.352600|[g:1][CONSENSUS]addRawPrepare,height=1,reqIdx=2,hash=4f2f4e72...
info|2019-12-11 00:34:20.353302|[g:1][CONSENSUS][PBFT]checkTimeout Succ,view=5498,toView=5499,nodeIdx=3,changeCycle=0,myNode=d0064285...,timecost=0.521
info|2019-12-11 00:34:20.355066|[g:1][CONSENSUS][PBFT]checkAndChangeView: Reach consensus,org_view=5498,org_changeCycle=0,cur_changeCycle=0,to_view=5499
info|2019-12-11 00:34:21.355687|[g:1][CONSENSUS][SEALER]++++++++++++++++ Generating seal on,blkNum=1,tx=0,nodeIdx=3,hash=2ee49d02...
info|2019-12-11 00:34:21.358894|[g:1][CONSENSUS][PBFT]checkTimeout Succ,view=5499,toView=5500,nodeIdx=3,changeCycle=0,myNode=d0064285...,timecost=0.4
info|2019-12-11 00:34:21.360171|[g:1][CONSENSUS][PBFT]checkAndChangeView: Reach consensus,org_view=5499,org_changeCycle=0,cur_changeCycle=0,to_view=5500
info|2019-12-11 00:34:22.362251|[g:1][CONSENSUS]addRawPrepare,height=1,reqIdx=0,hash=31a7253d...
info|2019-12-11 00:34:22.362974|[g:1][CONSENSUS][PBFT]checkTimeout Succ,view=5500,toView=5501,nodeIdx=3,changeCycle=0,myNode=d0064285...,timecost=0.567
info|2019-12-11 00:34:22.365044|[g:1][CONSENSUS][PBFT]checkAndChangeView: Reach consensus,org_view=5500,org_changeCycle=0,cur_changeCycle=0,to_view=5501
info|2019-12-11 00:34:23.037335|[P2P][Service] heartBeat,connected count=3
info|2019-12-11 00:34:23.367976|[g:1][CONSENSUS]addRawPrepare,height=1,reqIdx=1,hash=5be3435c...
info|2019-12-11 00:34:23.368804|[g:1][CONSENSUS][PBFT]checkTimeout Succ,view=5501,toView=5502,nodeIdx=3,changeCycle=0,myNode=d0064285...,timecost=0.573
info|2019-12-11 00:34:23.371564|[g:1][CONSENSUS][PBFT]checkAndChangeView: Reach consensus,org_view=5501,org_changeCycle=0,cur_changeCycle=0,to_view=5502
info|2019-12-11 00:34:24.374732|[g:1][CONSENSUS]addRawPrepare,height=1,reqIdx=2,hash=651ddc5b...
info|2019-12-11 00:34:24.376693|[g:1][CONSENSUS][PBFT]checkTimeout Succ,view=5502,toView=5503,nodeIdx=3,changeCycle=0,myNode=d0064285...,timecost=1.661
info|2019-12-11 00:34:24.378429|[g:1][CONSENSUS][PBFT]checkAndChangeView: Reach consensus,org_view=5502,org_changeCycle=0,cur_changeCycle=0,to_view=5503
info|2019-12-11 00:34:25.378404|[g:1][CONSENSUS][SEALER]++++++++++++++++ Generating seal on,blkNum=1,tx=0,nodeIdx=3,hash=c5585c61...
info|2019-12-11 00:34:25.382459|[g:1][CONSENSUS][PBFT]checkTimeout Succ,view=5503,toView=5504,nodeIdx=3,changeCycle=0,myNode=d0064285...,timecost=0.429
info|2019-12-11 00:34:25.383082|[g:1][CONSENSUS][PBFT]checkAndChangeView: Reach consensus,org_view=5503,org_changeCycle=0,cur_changeCycle=0,to_view=5504
info|2019-12-11 00:34:26.385958|[g:1][CONSENSUS]addRawPrepare,height=1,reqIdx=0,hash=2d464d7c...
info|2019-12-11 00:34:26.387260|[g:1][CONSENSUS][PBFT]checkTimeout Succ,view=5504,toView=5505,nodeIdx=3,changeCycle=0,myNode=d0064285...,timecost=1.121
info|2019-12-11 00:34:26.388561|[g:1][CONSENSUS][PBFT]checkAndChangeView: Reach consensus,org_view=5504,org_changeCycle=0,cur_changeCycle=0,to_view=5505
info|2019-12-11 00:34:27.391280|[g:1][CONSENSUS]addRawPrepare,height=1,reqIdx=1,hash=22e63ac0...
info|2019-12-11 00:34:27.393597|[g:1][CONSENSUS][PBFT]checkTimeout Succ,view=5505,toView=5506,nodeIdx=3,changeCycle=0,myNode=d0064285...,timecost=2.201
info|2019-12-11 00:34:27.394892|[g:1][CONSENSUS][PBFT]checkAndChangeView: Reach consensus,org_view=5505,org_changeCycle=0,cur_changeCycle=0,to_view=5506
info|2019-12-11 00:34:28.396573|[g:1][CONSENSUS]addRawPrepare,height=1,reqIdx=2,hash=0a8e960f...
info|2019-12-11 00:34:28.398113|[g:1][CONSENSUS][PBFT]checkTimeout Succ,view=5506,toView=5507,nodeIdx=3,changeCycle=0,myNode=d0064285...,timecost=0.963
info|2019-12-11 00:34:28.401641|[g:1][CONSENSUS][PBFT]checkAndChangeView: Reach consensus,org_view=5506,org_changeCycle=0,cur_changeCycle=0,to_view=5507
info|2019-12-11 00:34:29.402577|[g:1][CONSENSUS][SEALER]++++++++++++++++ Generating seal on,blkNum=1,tx=0,nodeIdx=3,hash=23eaac46...
info|2019-12-11 00:34:29.404589|[g:1][CONSENSUS][PBFT]checkTimeout Succ,view=5507,toView=5508,nodeIdx=3,changeCycle=0,myNode=d0064285...,timecost=0.82
info|2019-12-11 00:34:29.410088|[g:1][CONSENSUS][PBFT]checkAndChangeView: Reach consensus,org_view=5507,org_changeCycle=0,cur_changeCycle=0,to_view=5508
info|2019-12-11 00:34:30.414219|[g:1][CONSENSUS]addRawPrepare,height=1,reqIdx=0,hash=711b7b28...
info|2019-12-11 00:34:30.415355|[g:1][CONSENSUS][PBFT]checkTimeout Succ,view=5508,toView=5509,nodeIdx=3,changeCycle=0,myNode=d0064285...,timecost=0.942
info|2019-12-11 00:34:30.421661|[g:1][CONSENSUS][PBFT]checkAndChangeView: Reach consensus,org_view=5508,org_changeCycle=0,cur_changeCycle=0,to_view=5509
info|2019-12-11 00:34:31.423356|[g:1][CONSENSUS]addRawPrepare,height=1,reqIdx=1,hash=7b8b3683...
info|2019-12-11 00:34:31.424955|[g:1][CONSENSUS][PBFT]checkTimeout Succ,view=5509,toView=5510,nodeIdx=3,changeCycle=0,myNode=d0064285...,timecost=1.199
info|2019-12-11 00:34:31.427887|[g:1][CONSENSUS][PBFT]checkAndChangeView: Reach consensus,org_view=5509,org_changeCycle=0,cur_changeCycle=0,to_view=5510
info|2019-12-11 00:34:32.431004|[g:1][CONSENSUS]addRawPrepare,height=1,reqIdx=2,hash=4e2b041f...
info|2019-12-11 00:34:32.432472|[g:1][CONSENSUS][PBFT]checkTimeout Succ,view=5510,toView=5511,nodeIdx=3,changeCycle=0,myNode=d0064285...,timecost=0.81
info|2019-12-11 00:34:32.434174|[g:1][CONSENSUS][PBFT]checkAndChangeView: Reach consensus,org_view=5510,org_changeCycle=0,cur_changeCycle=0,to_view=5511
info|2019-12-11 00:34:33.043847|[P2P][Service] heartBeat,connected count=3
info|2019-12-11 00:34:33.435472|[g:1][CONSENSUS][SEALER]++++++++++++++++ Generating seal on,blkNum=1,tx=0,nodeIdx=3,hash=7209eefa...
info|2019-12-11 00:34:33.441454|[g:1][CONSENSUS][PBFT]checkTimeout Succ,view=5511,toView=5512,nodeIdx=3,changeCycle=0,myNode=d0064285...,timecost=1.562
info|2019-12-11 00:34:33.444329|[g:1][CONSENSUS][PBFT]checkAndChangeView: Reach consensus,org_view=5511,org_changeCycle=0,cur_changeCycle=0,to_view=5512
info|2019-12-11 00:34:34.448168|[g:1][CONSENSUS]addRawPrepare,height=1,reqIdx=0,hash=8a9bbbe3...
info|2019-12-11 00:34:34.449279|[g:1][CONSENSUS][PBFT]checkTimeout Succ,view=5512,toView=5513,nodeIdx=3,changeCycle=0,myNode=d0064285...,timecost=0.864
info|2019-12-11 00:34:34.454625|[g:1][CONSENSUS][PBFT]checkAndChangeView: Reach consensus,org_view=5512,org_changeCycle=0,cur_changeCycle=0,to_view=5513
info|2019-12-11 00:34:35.455705|[g:1][CONSENSUS]addRawPrepare,height=1,reqIdx=1,hash=829094bb...
info|2019-12-11 00:34:35.457624|[g:1][CONSENSUS][PBFT]checkTimeout Succ,view=5513,toView=5514,nodeIdx=3,changeCycle=0,myNode=d0064285...,timecost=1.703
info|2019-12-11 00:34:35.460184|[g:1][CONSENSUS][PBFT]checkAndChangeView: Reach consensus,org_view=5513,org_changeCycle=0,cur_changeCycle=0,to_view=5514
info|2019-12-11 00:34:36.461795|[g:1][CONSENSUS]addRawPrepare,height=1,reqIdx=2,hash=0fe37ace...
info|2019-12-11 00:34:36.463713|[g:1][CONSENSUS][PBFT]checkTimeout Succ,view=5514,toView=5515,nodeIdx=3,changeCycle=0,myNode=d0064285...,timecost=1.578
info|2019-12-11 00:34:36.465714|[g:1][CONSENSUS][PBFT]checkAndChangeView: Reach consensus,org_view=5514,org_changeCycle=0,cur_changeCycle=0,to_view=5515
info|2019-12-11 00:34:37.466399|[g:1][CONSENSUS][SEALER]++++++++++++++++ Generating seal on,blkNum=1,tx=0,nodeIdx=3,hash=f8e844ee...
info|2019-12-11 00:34:37.471251|[g:1][CONSENSUS][PBFT]checkTimeout Succ,view=5515,toView=5516,nodeIdx=3,changeCycle=0,myNode=d0064285...,timecost=0.89
info|2019-12-11 00:34:37.474208|[g:1][CONSENSUS][PBFT]checkAndChangeView: Reach consensus,org_view=5515,org_changeCycle=0,cur_changeCycle=0,to_view=5516
info|2019-12-11 00:34:38.477892|[g:1][CONSENSUS]addRawPrepare,height=1,reqIdx=0,hash=18f4a1cc...
info|2019-12-11 00:34:38.480642|[g:1][CONSENSUS][PBFT]checkTimeout Succ,view=5516,toView=5517,nodeIdx=3,changeCycle=0,myNode=d0064285...,timecost=2.364
info|2019-12-11 00:34:38.484092|[g:1][CONSENSUS][PBFT]checkAndChangeView: Reach consensus,org_view=5516,org_changeCycle=0,cur_changeCycle=0,to_view=5517
info|2019-12-11 00:34:39.486758|[g:1][CONSENSUS]addRawPrepare,height=1,reqIdx=1,hash=3033ee49...
info|2019-12-11 00:34:39.488238|[g:1][CONSENSUS][PBFT]checkTimeout Succ,view=5517,toView=5518,nodeIdx=3,changeCycle=0,myNode=d0064285...,timecost=1.227
info|2019-12-11 00:34:39.491058|[g:1][CONSENSUS][PBFT]checkAndChangeView: Reach consensus,org_view=5517,org_changeCycle=0,cur_changeCycle=0,to_view=5518
