warning|2019-12-12 01:02:42.023204|[g:1][CONSENSUS][PBFT]ViewChangeWarning: not caused by omit empty block ,v=2024,toV=2025,curNum=11,hash=9b39b6b9...,nodeIdx=3,myNode=d0064285...
info|2019-12-12 01:02:42.023386|[g:1][CONSENSUS][SEALER]++++++++++++++++ Generating seal on,blkNum=12,tx=0,nodeIdx=3,hash=e77628e7...
info|2019-12-12 01:02:42.024661|[P2P][Service] heartBeat,connected count=3
info|2019-12-12 01:02:42.026790|[g:1][CONSENSUS][PBFT]checkTimeout Succ,view=2024,toView=2025,nodeIdx=3,changeCycle=1,myNode=d0064285...,timecost=9.984
info|2019-12-12 01:02:42.029821|[g:1][CONSENSUS][PBFT]checkTimeout Succ,view=2024,toView=2026,nodeIdx=3,changeCycle=0,myNode=d0064285...,timecost=0.465
info|2019-12-12 01:02:43.029424|[g:1][CONSENSUS][PBFT]FutureBlock,EINFO=handlePrepareMsg,reqIdx=0,view=2025,reqNum=12,curNum=11,consNum=12,fromIp=127.0.0.1:58205,hash=5b505073...,nodeIdx=3,myNode=d0064285...,curChangeCycle=0
info|2019-12-12 01:02:43.029441|[g:1][CONSENSUS]addFuturePrepareCache,height=12,reqIdx=0,hash=5b505073...
info|2019-12-12 01:02:43.032100|[g:1][CONSENSUS][PBFT]FutureBlock,EINFO=handlePrepareMsg,reqIdx=0,view=2025,reqNum=12,curNum=11,consNum=12,fromIp=127.0.0.1:58209,hash=5b505073...,nodeIdx=3,myNode=d0064285...,curChangeCycle=0
info|2019-12-12 01:02:43.032698|[g:1][CONSENSUS][PBFT]checkAndChangeView, update m_changeCycle to 1
info|2019-12-12 01:02:43.032712|[g:1][CONSENSUS][PBFT]checkAndChangeView: Reach consensus,org_view=2024,org_changeCycle=0,cur_changeCycle=1,to_view=2026
warning|2019-12-12 01:02:42.741000|[g:1][CONSENSUS][PBFT]ViewChangeWarning: not caused by omit empty block ,v=2026,toV=2027,curNum=11,hash=9b39b6b9...,nodeIdx=3,myNode=d0064285...
info|2019-12-12 01:02:42.741143|[g:1][CONSENSUS][PBFT]checkTimeout Succ,view=2026,toView=2027,nodeIdx=3,changeCycle=2,myNode=d0064285...,timecost=0.42
info|2019-12-12 01:02:42.742436|[g:1][CONSENSUS][PBFT]checkAndChangeView: Reach consensus,org_view=2026,org_changeCycle=2,cur_changeCycle=2,to_view=2027
info|2019-12-12 01:02:43.744687|[g:1][CONSENSUS]addRawPrepare,height=12,reqIdx=2,hash=a731bf64...
info|2019-12-12 01:02:43.746012|[g:1][CONSENSUS][PBFT]checkTimeout Succ,view=2027,toView=2028,nodeIdx=3,changeCycle=0,myNode=d0064285...,timecost=1
info|2019-12-12 01:02:43.751827|[g:1][CONSENSUS][PBFT]checkAndChangeView: Reach consensus,org_view=2027,org_changeCycle=0,cur_changeCycle=0,to_view=2028
info|2019-12-12 01:02:44.752592|[g:1][CONSENSUS][SEALER]++++++++++++++++ Generating seal on,blkNum=12,tx=0,nodeIdx=3,hash=5f56e49c...
info|2019-12-12 01:02:44.759127|[g:1][CONSENSUS][PBFT]checkTimeout Succ,view=2028,toView=2029,nodeIdx=3,changeCycle=0,myNode=d0064285...,timecost=1.095
info|2019-12-12 01:02:44.760417|[g:1][CONSENSUS][PBFT]checkAndChangeView: Reach consensus,org_view=2028,org_changeCycle=0,cur_changeCycle=0,to_view=2029
info|2019-12-12 01:02:45.763732|[g:1][CONSENSUS]addRawPrepare,height=12,reqIdx=0,hash=a6c86f8f...
info|2019-12-12 01:02:45.764579|[g:1][CONSENSUS][PBFT]checkTimeout Succ,view=2029,toView=2030,nodeIdx=3,changeCycle=0,myNode=d0064285...,timecost=0.65
info|2019-12-12 01:02:45.768207|[g:1][CONSENSUS][PBFT]checkAndChangeView: Reach consensus,org_view=2029,org_changeCycle=0,cur_changeCycle=0,to_view=2030
info|2019-12-12 01:02:46.771360|[g:1][CONSENSUS]addRawPrepare,height=12,reqIdx=1,hash=15280d7b...
info|2019-12-12 01:02:46.772772|[g:1][CONSENSUS][PBFT]checkTimeout Succ,view=2030,toView=2031,nodeIdx=3,changeCycle=0,myNode=d0064285...,timecost=0.883
info|2019-12-12 01:02:46.778601|[g:1][CONSENSUS][PBFT]checkAndChangeView: Reach consensus,org_view=2030,org_changeCycle=0,cur_changeCycle=0,to_view=2031
info|2019-12-12 01:02:47.779288|[g:1][CONSENSUS]addRawPrepare,height=12,reqIdx=2,hash=85408036...
info|2019-12-12 01:02:47.780033|[g:1][CONSENSUS][PBFT]checkTimeout Succ,view=2031,toView=2032,nodeIdx=3,changeCycle=0,myNode=d0064285...,timecost=0.623
info|2019-12-12 01:02:47.781366|[g:1][CONSENSUS][PBFT]checkAndChangeView: Reach consensus,org_view=2031,org_changeCycle=0,cur_changeCycle=0,to_view=2032
info|2019-12-12 01:02:48.781980|[g:1][CONSENSUS][SEALER]++++++++++++++++ Generating seal on,blkNum=12,tx=0,nodeIdx=3,hash=cad4e27b...
info|2019-12-12 01:02:48.787338|[g:1][CONSENSUS][PBFT]checkTimeout Succ,view=2032,toView=2033,nodeIdx=3,changeCycle=0,myNode=d0064285...,timecost=0.795
info|2019-12-12 01:02:48.790566|[g:1][CONSENSUS][PBFT]checkAndChangeView: Reach consensus,org_view=2032,org_changeCycle=0,cur_changeCycle=0,to_view=2033
info|2019-12-12 01:02:49.792440|[g:1][CONSENSUS]addRawPrepare,height=12,reqIdx=0,hash=e988dffb...
info|2019-12-12 01:02:49.793917|[g:1][CONSENSUS][PBFT]checkTimeout Succ,view=2033,toView=2034,nodeIdx=3,changeCycle=0,myNode=d0064285...,timecost=1.031
info|2019-12-12 01:02:49.798449|[g:1][CONSENSUS][PBFT]checkAndChangeView: Reach consensus,org_view=2033,org_changeCycle=0,cur_changeCycle=0,to_view=2034
info|2019-12-12 01:02:50.802162|[g:1][CONSENSUS]addRawPrepare,height=12,reqIdx=1,hash=46b5de0a...
info|2019-12-12 01:02:50.802868|[g:1][CONSENSUS][PBFT]checkTimeout Succ,view=2034,toView=2035,nodeIdx=3,changeCycle=0,myNode=d0064285...,timecost=0.494
info|2019-12-12 01:02:50.804918|[g:1][CONSENSUS][PBFT]checkAndChangeView: Reach consensus,org_view=2034,org_changeCycle=0,cur_changeCycle=0,to_view=2035
info|2019-12-12 01:02:51.806593|[g:1][CONSENSUS]addRawPrepare,height=12,reqIdx=2,hash=c8340c66...
info|2019-12-12 01:02:51.808083|[g:1][CONSENSUS][PBFT]checkTimeout Succ,view=2035,toView=2036,nodeIdx=3,changeCycle=0,myNode=d0064285...,timecost=1.244
info|2019-12-12 01:02:51.811583|[g:1][CONSENSUS][PBFT]checkAndChangeView: Reach consensus,org_view=2035,org_changeCycle=0,cur_changeCycle=0,to_view=2036
info|2019-12-12 01:02:52.024891|[P2P][Service] heartBeat,connected count=3
info|2019-12-12 01:02:52.811693|[g:1][CONSENSUS][SEALER]++++++++++++++++ Generating seal on,blkNum=12,tx=0,nodeIdx=3,hash=5e4b262c...
info|2019-12-12 01:02:52.813228|[g:1][CONSENSUS][PBFT]checkTimeout Succ,view=2036,toView=2037,nodeIdx=3,changeCycle=0,myNode=d0064285...,timecost=0.869
info|2019-12-12 01:02:52.818491|[g:1][CONSENSUS][PBFT]checkAndChangeView: Reach consensus,org_view=2036,org_changeCycle=0,cur_changeCycle=0,to_view=2037
info|2019-12-12 01:02:53.819997|[g:1][CONSENSUS]addRawPrepare,height=12,reqIdx=0,hash=a485a546...
info|2019-12-12 01:02:53.820632|[g:1][CONSENSUS][PBFT]checkTimeout Succ,view=2037,toView=2038,nodeIdx=3,changeCycle=0,myNode=d0064285...,timecost=0.464
info|2019-12-12 01:02:53.823235|[g:1][CONSENSUS][PBFT]checkAndChangeView: Reach consensus,org_view=2037,org_changeCycle=0,cur_changeCycle=0,to_view=2038
info|2019-12-12 01:02:54.829761|[g:1][CONSENSUS]addRawPrepare,height=12,reqIdx=1,hash=334dbddd...
info|2019-12-12 01:02:54.830250|[g:1][CONSENSUS][PBFT]checkTimeout Succ,view=2038,toView=2039,nodeIdx=3,changeCycle=0,myNode=d0064285...,timecost=0.341
info|2019-12-12 01:02:54.835007|[g:1][CONSENSUS][PBFT]checkAndChangeView: Reach consensus,org_view=2038,org_changeCycle=0,cur_changeCycle=0,to_view=2039
info|2019-12-12 01:02:55.836474|[g:1][CONSENSUS]addRawPrepare,height=12,reqIdx=2,hash=16cb8ee1...
info|2019-12-12 01:02:55.837521|[g:1][CONSENSUS][PBFT]checkTimeout Succ,view=2039,toView=2040,nodeIdx=3,changeCycle=0,myNode=d0064285...,timecost=0.736
info|2019-12-12 01:02:55.839133|[g:1][CONSENSUS][PBFT]checkAndChangeView: Reach consensus,org_view=2039,org_changeCycle=0,cur_changeCycle=0,to_view=2040
info|2019-12-12 01:02:56.839216|[g:1][CONSENSUS][SEALER]++++++++++++++++ Generating seal on,blkNum=12,tx=0,nodeIdx=3,hash=57ef9475...
info|2019-12-12 01:02:56.840703|[g:1][CONSENSUS][PBFT]checkTimeout Succ,view=2040,toView=2041,nodeIdx=3,changeCycle=0,myNode=d0064285...,timecost=0.749
info|2019-12-12 01:02:56.847105|[g:1][CONSENSUS][PBFT]checkAndChangeView: Reach consensus,org_view=2040,org_changeCycle=0,cur_changeCycle=0,to_view=2041
info|2019-12-12 01:02:57.852054|[g:1][CONSENSUS]addRawPrepare,height=12,reqIdx=0,hash=bc2b24ba...
info|2019-12-12 01:02:57.852806|[g:1][CONSENSUS][PBFT]checkTimeout Succ,view=2041,toView=2042,nodeIdx=3,changeCycle=0,myNode=d0064285...,timecost=0.636
info|2019-12-12 01:02:57.855329|[g:1][CONSENSUS][PBFT]checkAndChangeView: Reach consensus,org_view=2041,org_changeCycle=0,cur_changeCycle=0,to_view=2042
info|2019-12-12 01:02:58.856878|[g:1][CONSENSUS]addRawPrepare,height=12,reqIdx=1,hash=f6fc8791...
info|2019-12-12 01:02:58.857559|[g:1][CONSENSUS][PBFT]checkTimeout Succ,view=2042,toView=2043,nodeIdx=3,changeCycle=0,myNode=d0064285...,timecost=0.554
info|2019-12-12 01:02:58.861546|[g:1][CONSENSUS][PBFT]checkAndChangeView: Reach consensus,org_view=2042,org_changeCycle=0,cur_changeCycle=0,to_view=2043
info|2019-12-12 01:02:59.860849|[g:1][CONSENSUS]addRawPrepare,height=12,reqIdx=2,hash=188e024c...
info|2019-12-12 01:02:59.861330|[g:1][CONSENSUS][PBFT]checkTimeout Succ,view=2043,toView=2044,nodeIdx=3,changeCycle=0,myNode=d0064285...,timecost=0.354
info|2019-12-12 01:02:59.863255|[g:1][CONSENSUS][PBFT]checkAndChangeView: Reach consensus,org_view=2043,org_changeCycle=0,cur_changeCycle=0,to_view=2044
info|2019-12-12 01:03:00.863235|[g:1][CONSENSUS][SEALER]++++++++++++++++ Generating seal on,blkNum=12,tx=0,nodeIdx=3,hash=e9686406...
info|2019-12-12 01:03:00.864506|[g:1][CONSENSUS][PBFT]checkTimeout Succ,view=2044,toView=2045,nodeIdx=3,changeCycle=0,myNode=d0064285...,timecost=0.723
info|2019-12-12 01:03:00.868462|[g:1][CONSENSUS][PBFT]checkAndChangeView: Reach consensus,org_view=2044,org_changeCycle=0,cur_changeCycle=0,to_view=2045
info|2019-12-12 01:03:01.870447|[g:1][CONSENSUS]addRawPrepare,height=12,reqIdx=0,hash=2d2732f6...
info|2019-12-12 01:03:01.871630|[g:1][CONSENSUS][PBFT]checkTimeout Succ,view=2045,toView=2046,nodeIdx=3,changeCycle=0,myNode=d0064285...,timecost=0.842
info|2019-12-12 01:03:01.874575|[g:1][CONSENSUS][PBFT]checkAndChangeView: Reach consensus,org_view=2045,org_changeCycle=0,cur_changeCycle=0,to_view=2046
info|2019-12-12 01:03:02.029198|[P2P][Service] heartBeat,connected count=3
info|2019-12-12 01:03:02.879117|[g:1][CONSENSUS]addRawPrepare,height=12,reqIdx=1,hash=8ea00190...
info|2019-12-12 01:03:02.879980|[g:1][CONSENSUS][PBFT]checkTimeout Succ,view=2046,toView=2047,nodeIdx=3,changeCycle=0,myNode=d0064285...,timecost=0.528
info|2019-12-12 01:03:02.882854|[g:1][CONSENSUS][PBFT]checkAndChangeView: Reach consensus,org_view=2046,org_changeCycle=0,cur_changeCycle=0,to_view=2047
info|2019-12-12 01:03:03.885500|[g:1][CONSENSUS]addRawPrepare,height=12,reqIdx=2,hash=cde26bf2...
info|2019-12-12 01:03:03.886236|[g:1][CONSENSUS][PBFT]checkTimeout Succ,view=2047,toView=2048,nodeIdx=3,changeCycle=0,myNode=d0064285...,timecost=0.538
info|2019-12-12 01:03:03.887655|[g:1][CONSENSUS][PBFT]checkAndChangeView: Reach consensus,org_view=2047,org_changeCycle=0,cur_changeCycle=0,to_view=2048
info|2019-12-12 01:03:04.888096|[g:1][CONSENSUS][SEALER]++++++++++++++++ Generating seal on,blkNum=12,tx=0,nodeIdx=3,hash=7017956c...
info|2019-12-12 01:03:04.889029|[g:1][CONSENSUS][PBFT]checkTimeout Succ,view=2048,toView=2049,nodeIdx=3,changeCycle=0,myNode=d0064285...,timecost=0.53
info|2019-12-12 01:03:04.892022|[g:1][CONSENSUS][PBFT]checkAndChangeView: Reach consensus,org_view=2048,org_changeCycle=0,cur_changeCycle=0,to_view=2049
info|2019-12-12 01:03:05.894213|[g:1][CONSENSUS]addRawPrepare,height=12,reqIdx=0,hash=01c4c765...
info|2019-12-12 01:03:05.895066|[g:1][CONSENSUS][PBFT]checkTimeout Succ,view=2049,toView=2050,nodeIdx=3,changeCycle=0,myNode=d0064285...,timecost=0.725
info|2019-12-12 01:03:05.898191|[g:1][CONSENSUS][PBFT]checkAndChangeView: Reach consensus,org_view=2049,org_changeCycle=0,cur_changeCycle=0,to_view=2050
info|2019-12-12 01:03:06.899210|[g:1][CONSENSUS]addRawPrepare,height=12,reqIdx=1,hash=6ee98bed...
info|2019-12-12 01:03:06.900783|[g:1][CONSENSUS][PBFT]checkTimeout Succ,view=2050,toView=2051,nodeIdx=3,changeCycle=0,myNode=d0064285...,timecost=1.356
info|2019-12-12 01:03:06.902234|[g:1][CONSENSUS][PBFT]checkAndChangeView: Reach consensus,org_view=2050,org_changeCycle=0,cur_changeCycle=0,to_view=2051
info|2019-12-12 01:03:07.904738|[g:1][CONSENSUS]addRawPrepare,height=12,reqIdx=2,hash=61e16690...
info|2019-12-12 01:03:07.906100|[g:1][CONSENSUS][PBFT]checkTimeout Succ,view=2051,toView=2052,nodeIdx=3,changeCycle=0,myNode=d0064285...,timecost=1.162
info|2019-12-12 01:03:07.908555|[g:1][CONSENSUS][PBFT]checkAndChangeView: Reach consensus,org_view=2051,org_changeCycle=0,cur_changeCycle=0,to_view=2052
info|2019-12-12 01:03:08.909224|[g:1][CONSENSUS][SEALER]++++++++++++++++ Generating seal on,blkNum=12,tx=0,nodeIdx=3,hash=77298f46...
info|2019-12-12 01:03:08.913477|[g:1][CONSENSUS][PBFT]checkTimeout Succ,view=2052,toView=2053,nodeIdx=3,changeCycle=0,myNode=d0064285...,timecost=0.439
info|2019-12-12 01:03:08.914163|[g:1][CONSENSUS][PBFT]checkAndChangeView: Reach consensus,org_view=2052,org_changeCycle=0,cur_changeCycle=0,to_view=2053
info|2019-12-12 01:03:09.916854|[g:1][CONSENSUS]addRawPrepare,height=12,reqIdx=0,hash=b9d0339e...
info|2019-12-12 01:03:09.918119|[g:1][CONSENSUS][PBFT]checkTimeout Succ,view=2053,toView=2054,nodeIdx=3,changeCycle=0,myNode=d0064285...,timecost=0.601
info|2019-12-12 01:03:09.920029|[g:1][CONSENSUS][PBFT]checkAndChangeView: Reach consensus,org_view=2053,org_changeCycle=0,cur_changeCycle=0,to_view=2054
info|2019-12-12 01:03:10.921553|[g:1][CONSENSUS]addRawPrepare,height=12,reqIdx=1,hash=22670a75...
info|2019-12-12 01:03:10.922400|[g:1][CONSENSUS][PBFT]checkTimeout Succ,view=2054,toView=2055,nodeIdx=3,changeCycle=0,myNode=d0064285...,timecost=0.525
info|2019-12-12 01:03:10.923937|[g:1][CONSENSUS][PBFT]checkAndChangeView: Reach consensus,org_view=2054,org_changeCycle=0,cur_changeCycle=0,to_view=2055
info|2019-12-12 01:03:11.924827|[g:1][CONSENSUS]addRawPrepare,height=12,reqIdx=2,hash=53881e6e...
info|2019-12-12 01:03:11.925511|[g:1][CONSENSUS][PBFT]checkTimeout Succ,view=2055,toView=2056,nodeIdx=3,changeCycle=0,myNode=d0064285...,timecost=0.449
info|2019-12-12 01:03:11.928404|[g:1][CONSENSUS][PBFT]checkAndChangeView: Reach consensus,org_view=2055,org_changeCycle=0,cur_changeCycle=0,to_view=2056
info|2019-12-12 01:03:12.033937|[P2P][Service] heartBeat,connected count=3
info|2019-12-12 01:03:12.929114|[g:1][CONSENSUS][SEALER]++++++++++++++++ Generating seal on,blkNum=12,tx=0,nodeIdx=3,hash=d52da39e...
info|2019-12-12 01:03:12.933879|[g:1][CONSENSUS][PBFT]checkTimeout Succ,view=2056,toView=2057,nodeIdx=3,changeCycle=0,myNode=d0064285...,timecost=0.554
info|2019-12-12 01:03:12.934942|[g:1][CONSENSUS][PBFT]checkAndChangeView: Reach consensus,org_view=2056,org_changeCycle=0,cur_changeCycle=0,to_view=2057
info|2019-12-12 01:03:13.936958|[g:1][CONSENSUS]addRawPrepare,height=12,reqIdx=0,hash=9f3c75af...
info|2019-12-12 01:03:13.938021|[g:1][CONSENSUS][PBFT]checkTimeout Succ,view=2057,toView=2058,nodeIdx=3,changeCycle=0,myNode=d0064285...,timecost=0.759
info|2019-12-12 01:03:13.941862|[g:1][CONSENSUS][PBFT]checkAndChangeView: Reach consensus,org_view=2057,org_changeCycle=0,cur_changeCycle=0,to_view=2058
info|2019-12-12 01:03:14.944905|[g:1][CONSENSUS]addRawPrepare,height=12,reqIdx=1,hash=635fc539...
info|2019-12-12 01:03:14.946093|[g:1][CONSENSUS][PBFT]checkTimeout Succ,view=2058,toView=2059,nodeIdx=3,changeCycle=0,myNode=d0064285...,timecost=0.785
info|2019-12-12 01:03:14.950779|[g:1][CONSENSUS][PBFT]checkAndChangeView: Reach consensus,org_view=2058,org_changeCycle=0,cur_changeCycle=0,to_view=2059
info|2019-12-12 01:03:15.952880|[g:1][CONSENSUS]addRawPrepare,height=12,reqIdx=2,hash=fdfe963a...
info|2019-12-12 01:03:15.953954|[g:1][CONSENSUS][PBFT]checkTimeout Succ,view=2059,toView=2060,nodeIdx=3,changeCycle=0,myNode=d0064285...,timecost=0.839
info|2019-12-12 01:03:15.958695|[g:1][CONSENSUS][PBFT]checkAndChangeView: Reach consensus,org_view=2059,org_changeCycle=0,cur_changeCycle=0,to_view=2060
info|2019-12-12 01:03:16.959137|[g:1][CONSENSUS][SEALER]++++++++++++++++ Generating seal on,blkNum=12,tx=0,nodeIdx=3,hash=f87c170e...
info|2019-12-12 01:03:16.965541|[g:1][CONSENSUS][PBFT]checkTimeout Succ,view=2060,toView=2061,nodeIdx=3,changeCycle=0,myNode=d0064285...,timecost=0.728
info|2019-12-12 01:03:16.966893|[g:1][CONSENSUS][PBFT]checkAndChangeView: Reach consensus,org_view=2060,org_changeCycle=0,cur_changeCycle=0,to_view=2061
info|2019-12-12 01:03:17.967977|[g:1][CONSENSUS]addRawPrepare,height=12,reqIdx=0,hash=db243986...
info|2019-12-12 01:03:17.970726|[g:1][CONSENSUS][PBFT]checkTimeout Succ,view=2061,toView=2062,nodeIdx=3,changeCycle=0,myNode=d0064285...,timecost=2.268
info|2019-12-12 01:03:17.973368|[g:1][CONSENSUS][PBFT]checkAndChangeView: Reach consensus,org_view=2061,org_changeCycle=0,cur_changeCycle=0,to_view=2062
info|2019-12-12 01:03:18.975421|[g:1][CONSENSUS]addRawPrepare,height=12,reqIdx=1,hash=dc211e41...
info|2019-12-12 01:03:18.980625|[g:1][CONSENSUS][PBFT]checkTimeout Succ,view=2062,toView=2063,nodeIdx=3,changeCycle=0,myNode=d0064285...,timecost=4.582
info|2019-12-12 01:03:18.982396|[g:1][CONSENSUS][PBFT]checkAndChangeView: Reach consensus,org_view=2062,org_changeCycle=0,cur_changeCycle=0,to_view=2063
info|2019-12-12 01:03:19.982188|[g:1][CONSENSUS]addRawPrepare,height=12,reqIdx=2,hash=a494aad9...
info|2019-12-12 01:03:19.984606|[g:1][CONSENSUS][PBFT]checkTimeout Succ,view=2063,toView=2064,nodeIdx=3,changeCycle=0,myNode=d0064285...,timecost=2.123
info|2019-12-12 01:03:19.987343|[g:1][CONSENSUS][PBFT]checkAndChangeView: Reach consensus,org_view=2063,org_changeCycle=0,cur_changeCycle=0,to_view=2064
info|2019-12-12 01:03:20.987339|[g:1][CONSENSUS][SEALER]++++++++++++++++ Generating seal on,blkNum=12,tx=0,nodeIdx=3,hash=db5679a1...
info|2019-12-12 01:03:20.992086|[g:1][CONSENSUS][PBFT]checkTimeout Succ,view=2064,toView=2065,nodeIdx=3,changeCycle=0,myNode=d0064285...,timecost=1.018
info|2019-12-12 01:03:20.994778|[g:1][CONSENSUS][PBFT]checkAndChangeView: Reach consensus,org_view=2064,org_changeCycle=0,cur_changeCycle=0,to_view=2065
info|2019-12-12 01:03:21.998416|[g:1][CONSENSUS]addRawPrepare,height=12,reqIdx=0,hash=e1aa5d6c...
info|2019-12-12 01:03:21.999415|[g:1][CONSENSUS][PBFT]checkTimeout Succ,view=2065,toView=2066,nodeIdx=3,changeCycle=0,myNode=d0064285...,timecost=0.799
info|2019-12-12 01:03:22.003799|[g:1][CONSENSUS][PBFT]checkAndChangeView: Reach consensus,org_view=2065,org_changeCycle=0,cur_changeCycle=0,to_view=2066
info|2019-12-12 01:03:22.041619|[P2P][Service] heartBeat,connected count=3
info|2019-12-12 01:03:23.005985|[g:1][CONSENSUS]addRawPrepare,height=12,reqIdx=1,hash=fdaf6218...
info|2019-12-12 01:03:23.007160|[g:1][CONSENSUS][PBFT]checkTimeout Succ,view=2066,toView=2067,nodeIdx=3,changeCycle=0,myNode=d0064285...,timecost=0.973
info|2019-12-12 01:03:23.011015|[g:1][CONSENSUS][PBFT]checkAndChangeView: Reach consensus,org_view=2066,org_changeCycle=0,cur_changeCycle=0,to_view=2067
info|2019-12-12 01:03:24.013457|[g:1][CONSENSUS]addRawPrepare,height=12,reqIdx=2,hash=0456db1e...
info|2019-12-12 01:03:24.015924|[g:1][CONSENSUS][PBFT]checkTimeout Succ,view=2067,toView=2068,nodeIdx=3,changeCycle=0,myNode=d0064285...,timecost=2.166
info|2019-12-12 01:03:24.019131|[g:1][CONSENSUS][PBFT]checkAndChangeView: Reach consensus,org_view=2067,org_changeCycle=0,cur_changeCycle=0,to_view=2068
info|2019-12-12 01:03:25.020159|[g:1][CONSENSUS][SEALER]++++++++++++++++ Generating seal on,blkNum=12,tx=0,nodeIdx=3,hash=8ba0811b...
info|2019-12-12 01:03:25.026384|[g:1][CONSENSUS][PBFT]checkTimeout Succ,view=2068,toView=2069,nodeIdx=3,changeCycle=0,myNode=d0064285...,timecost=0.706
info|2019-12-12 01:03:25.029173|[g:1][CONSENSUS][PBFT]checkAndChangeView: Reach consensus,org_view=2068,org_changeCycle=0,cur_changeCycle=0,to_view=2069
info|2019-12-12 01:03:26.031156|[g:1][CONSENSUS]addRawPrepare,height=12,reqIdx=0,hash=a8daf6c0...
info|2019-12-12 01:03:26.032408|[g:1][CONSENSUS][PBFT]checkTimeout Succ,view=2069,toView=2070,nodeIdx=3,changeCycle=0,myNode=d0064285...,timecost=0.917
info|2019-12-12 01:03:26.034934|[g:1][CONSENSUS][PBFT]checkAndChangeView: Reach consensus,org_view=2069,org_changeCycle=0,cur_changeCycle=0,to_view=2070
info|2019-12-12 01:03:27.038385|[g:1][CONSENSUS]addRawPrepare,height=12,reqIdx=1,hash=cd7810d8...
info|2019-12-12 01:03:27.039793|[g:1][CONSENSUS][PBFT]checkTimeout Succ,view=2070,toView=2071,nodeIdx=3,changeCycle=0,myNode=d0064285...,timecost=1.119
info|2019-12-12 01:03:27.044841|[g:1][CONSENSUS][PBFT]checkAndChangeView: Reach consensus,org_view=2070,org_changeCycle=0,cur_changeCycle=0,to_view=2071
info|2019-12-12 01:03:28.048617|[g:1][CONSENSUS]addRawPrepare,height=12,reqIdx=2,hash=eaab58d4...
info|2019-12-12 01:03:28.049717|[g:1][CONSENSUS][PBFT]checkTimeout Succ,view=2071,toView=2072,nodeIdx=3,changeCycle=0,myNode=d0064285...,timecost=0.846
info|2019-12-12 01:03:28.053199|[g:1][CONSENSUS][PBFT]checkAndChangeView: Reach consensus,org_view=2071,org_changeCycle=0,cur_changeCycle=0,to_view=2072
info|2019-12-12 01:03:29.054324|[g:1][CONSENSUS][SEALER]++++++++++++++++ Generating seal on,blkNum=12,tx=0,nodeIdx=3,hash=2379f136...
info|2019-12-12 01:03:29.057317|[g:1][CONSENSUS][PBFT]checkTimeout Succ,view=2072,toView=2073,nodeIdx=3,changeCycle=0,myNode=d0064285...,timecost=0.369
info|2019-12-12 01:03:29.058736|[g:1][CONSENSUS][PBFT]checkAndChangeView: Reach consensus,org_view=2072,org_changeCycle=0,cur_changeCycle=0,to_view=2073
info|2019-12-12 01:03:30.061020|[g:1][CONSENSUS]addRawPrepare,height=12,reqIdx=0,hash=2ba2c554...
info|2019-12-12 01:03:30.062538|[g:1][CONSENSUS][PBFT]checkTimeout Succ,view=2073,toView=2074,nodeIdx=3,changeCycle=0,myNode=d0064285...,timecost=1.208
info|2019-12-12 01:03:30.065672|[g:1][CONSENSUS][PBFT]checkAndChangeView: Reach consensus,org_view=2073,org_changeCycle=0,cur_changeCycle=0,to_view=2074
info|2019-12-12 01:03:31.067391|[g:1][CONSENSUS]addRawPrepare,height=12,reqIdx=1,hash=b409e412...
info|2019-12-12 01:03:31.068697|[g:1][CONSENSUS][PBFT]checkTimeout Succ,view=2074,toView=2075,nodeIdx=3,changeCycle=0,myNode=d0064285...,timecost=0.885
info|2019-12-12 01:03:31.072262|[g:1][CONSENSUS][PBFT]checkAndChangeView: Reach consensus,org_view=2074,org_changeCycle=0,cur_changeCycle=0,to_view=2075
info|2019-12-12 01:03:32.048033|[P2P][Service] heartBeat,connected count=3
info|2019-12-12 01:03:32.075434|[g:1][CONSENSUS]addRawPrepare,height=12,reqIdx=2,hash=da3a8517...
info|2019-12-12 01:03:32.076723|[g:1][CONSENSUS][PBFT]checkTimeout Succ,view=2075,toView=2076,nodeIdx=3,changeCycle=0,myNode=d0064285...,timecost=1.023
info|2019-12-12 01:03:32.078452|[g:1][CONSENSUS][PBFT]checkAndChangeView: Reach consensus,org_view=2075,org_changeCycle=0,cur_changeCycle=0,to_view=2076
info|2019-12-12 01:03:33.078555|[g:1][CONSENSUS][SEALER]++++++++++++++++ Generating seal on,blkNum=12,tx=0,nodeIdx=3,hash=4518d108...
info|2019-12-12 01:03:33.079922|[g:1][CONSENSUS][PBFT]checkTimeout Succ,view=2076,toView=2077,nodeIdx=3,changeCycle=0,myNode=d0064285...,timecost=0.811
info|2019-12-12 01:03:33.086726|[g:1][CONSENSUS][PBFT]checkAndChangeView: Reach consensus,org_view=2076,org_changeCycle=0,cur_changeCycle=0,to_view=2077
info|2019-12-12 01:03:34.087162|[g:1][CONSENSUS]addRawPrepare,height=12,reqIdx=0,hash=ba3d6903...
info|2019-12-12 01:03:34.088337|[g:1][CONSENSUS][PBFT]checkTimeout Succ,view=2077,toView=2078,nodeIdx=3,changeCycle=0,myNode=d0064285...,timecost=0.942
info|2019-12-12 01:03:34.093220|[g:1][CONSENSUS][PBFT]checkAndChangeView: Reach consensus,org_view=2077,org_changeCycle=0,cur_changeCycle=0,to_view=2078
info|2019-12-12 01:03:35.094287|[g:1][CONSENSUS]addRawPrepare,height=12,reqIdx=1,hash=d1121201...
info|2019-12-12 01:03:35.095354|[g:1][CONSENSUS][PBFT]checkTimeout Succ,view=2078,toView=2079,nodeIdx=3,changeCycle=0,myNode=d0064285...,timecost=0.824
info|2019-12-12 01:03:35.099899|[g:1][CONSENSUS][PBFT]checkAndChangeView: Reach consensus,org_view=2078,org_changeCycle=0,cur_changeCycle=0,to_view=2079
info|2019-12-12 01:03:36.103078|[g:1][CONSENSUS]addRawPrepare,height=12,reqIdx=2,hash=71c85e70...
info|2019-12-12 01:03:36.104216|[g:1][CONSENSUS][PBFT]checkTimeout Succ,view=2079,toView=2080,nodeIdx=3,changeCycle=0,myNode=d0064285...,timecost=0.871
info|2019-12-12 01:03:36.106774|[g:1][CONSENSUS][PBFT]checkAndChangeView: Reach consensus,org_view=2079,org_changeCycle=0,cur_changeCycle=0,to_view=2080
info|2019-12-12 01:03:37.106780|[g:1][CONSENSUS][SEALER]++++++++++++++++ Generating seal on,blkNum=12,tx=0,nodeIdx=3,hash=c937b47a...
info|2019-12-12 01:03:37.108117|[g:1][CONSENSUS][PBFT]checkTimeout Succ,view=2080,toView=2081,nodeIdx=3,changeCycle=0,myNode=d0064285...,timecost=0.818
info|2019-12-12 01:03:37.113794|[g:1][CONSENSUS][PBFT]checkAndChangeView: Reach consensus,org_view=2080,org_changeCycle=0,cur_changeCycle=0,to_view=2081
info|2019-12-12 01:03:38.117244|[g:1][CONSENSUS]addRawPrepare,height=12,reqIdx=0,hash=d8f85f4e...
info|2019-12-12 01:03:38.118908|[g:1][CONSENSUS][PBFT]checkTimeout Succ,view=2081,toView=2082,nodeIdx=3,changeCycle=0,myNode=d0064285...,timecost=1.158
info|2019-12-12 01:03:38.121850|[g:1][CONSENSUS][PBFT]checkAndChangeView: Reach consensus,org_view=2081,org_changeCycle=0,cur_changeCycle=0,to_view=2082
info|2019-12-12 01:03:39.124987|[g:1][CONSENSUS]addRawPrepare,height=12,reqIdx=1,hash=a89b2166...
info|2019-12-12 01:03:39.126238|[g:1][CONSENSUS][PBFT]checkTimeout Succ,view=2082,toView=2083,nodeIdx=3,changeCycle=0,myNode=d0064285...,timecost=0.986
info|2019-12-12 01:03:39.128720|[g:1][CONSENSUS][PBFT]checkAndChangeView: Reach consensus,org_view=2082,org_changeCycle=0,cur_changeCycle=0,to_view=2083
info|2019-12-12 01:03:40.131314|[g:1][CONSENSUS]addRawPrepare,height=12,reqIdx=2,hash=b25bda75...
info|2019-12-12 01:03:40.136250|[g:1][CONSENSUS][PBFT]checkTimeout Succ,view=2083,toView=2084,nodeIdx=3,changeCycle=0,myNode=d0064285...,timecost=4.705
info|2019-12-12 01:03:40.138040|[g:1][CONSENSUS][PBFT]checkAndChangeView: Reach consensus,org_view=2083,org_changeCycle=0,cur_changeCycle=0,to_view=2084
info|2019-12-12 01:03:41.139076|[g:1][CONSENSUS][SEALER]++++++++++++++++ Generating seal on,blkNum=12,tx=0,nodeIdx=3,hash=51f88d27...
info|2019-12-12 01:03:41.145498|[g:1][CONSENSUS][PBFT]checkTimeout Succ,view=2084,toView=2085,nodeIdx=3,changeCycle=0,myNode=d0064285...,timecost=0.732
info|2019-12-12 01:03:41.146725|[g:1][CONSENSUS][PBFT]checkAndChangeView: Reach consensus,org_view=2084,org_changeCycle=0,cur_changeCycle=0,to_view=2085
info|2019-12-12 01:03:42.055297|[P2P][Service] heartBeat,connected count=3
info|2019-12-12 01:03:42.147981|[g:1][CONSENSUS]addRawPrepare,height=12,reqIdx=0,hash=a0ee4c8a...
info|2019-12-12 01:03:42.149239|[g:1][CONSENSUS][PBFT]checkTimeout Succ,view=2085,toView=2086,nodeIdx=3,changeCycle=0,myNode=d0064285...,timecost=1.049
info|2019-12-12 01:03:42.154331|[g:1][CONSENSUS][PBFT]checkAndChangeView: Reach consensus,org_view=2085,org_changeCycle=0,cur_changeCycle=0,to_view=2086
info|2019-12-12 01:03:43.156765|[g:1][CONSENSUS]addRawPrepare,height=12,reqIdx=1,hash=906fab33...
info|2019-12-12 01:03:43.158385|[g:1][CONSENSUS][PBFT]checkTimeout Succ,view=2086,toView=2087,nodeIdx=3,changeCycle=0,myNode=d0064285...,timecost=0.936
info|2019-12-12 01:03:43.161824|[g:1][CONSENSUS][PBFT]checkAndChangeView: Reach consensus,org_view=2086,org_changeCycle=0,cur_changeCycle=0,to_view=2087
info|2019-12-12 01:03:44.164461|[g:1][CONSENSUS]addRawPrepare,height=12,reqIdx=2,hash=1da85c44...
info|2019-12-12 01:03:44.166443|[g:1][CONSENSUS][PBFT]checkTimeout Succ,view=2087,toView=2088,nodeIdx=3,changeCycle=0,myNode=d0064285...,timecost=1.667
info|2019-12-12 01:03:44.169185|[g:1][CONSENSUS][PBFT]checkAndChangeView: Reach consensus,org_view=2087,org_changeCycle=0,cur_changeCycle=0,to_view=2088
info|2019-12-12 01:03:45.170776|[g:1][CONSENSUS][SEALER]++++++++++++++++ Generating seal on,blkNum=12,tx=0,nodeIdx=3,hash=ab1c921e...
info|2019-12-12 01:03:45.175785|[g:1][CONSENSUS][PBFT]checkTimeout Succ,view=2088,toView=2089,nodeIdx=3,changeCycle=0,myNode=d0064285...,timecost=0.952
info|2019-12-12 01:03:45.178505|[g:1][CONSENSUS][PBFT]checkAndChangeView: Reach consensus,org_view=2088,org_changeCycle=0,cur_changeCycle=0,to_view=2089
info|2019-12-12 01:03:46.182042|[g:1][CONSENSUS]addRawPrepare,height=12,reqIdx=0,hash=59355cbb...
info|2019-12-12 01:03:46.186019|[g:1][CONSENSUS][PBFT]checkTimeout Succ,view=2089,toView=2090,nodeIdx=3,changeCycle=0,myNode=d0064285...,timecost=3.728
info|2019-12-12 01:03:46.188578|[g:1][CONSENSUS][PBFT]checkAndChangeView: Reach consensus,org_view=2089,org_changeCycle=0,cur_changeCycle=0,to_view=2090
info|2019-12-12 01:03:47.188457|[g:1][CONSENSUS]addRawPrepare,height=12,reqIdx=1,hash=bf6a55b1...
info|2019-12-12 01:03:47.189975|[g:1][CONSENSUS][PBFT]checkTimeout Succ,view=2090,toView=2091,nodeIdx=3,changeCycle=0,myNode=d0064285...,timecost=0.938
info|2019-12-12 01:03:47.193726|[g:1][CONSENSUS][PBFT]checkAndChangeView: Reach consensus,org_view=2090,org_changeCycle=0,cur_changeCycle=0,to_view=2091
info|2019-12-12 01:03:48.197194|[g:1][CONSENSUS]addRawPrepare,height=12,reqIdx=2,hash=f120f0d8...
info|2019-12-12 01:03:48.198684|[g:1][CONSENSUS][PBFT]checkTimeout Succ,view=2091,toView=2092,nodeIdx=3,changeCycle=0,myNode=d0064285...,timecost=1.172
info|2019-12-12 01:03:48.201464|[g:1][CONSENSUS][PBFT]checkAndChangeView: Reach consensus,org_view=2091,org_changeCycle=0,cur_changeCycle=0,to_view=2092
info|2019-12-12 01:03:49.201568|[g:1][CONSENSUS][SEALER]++++++++++++++++ Generating seal on,blkNum=12,tx=0,nodeIdx=3,hash=c14de057...
info|2019-12-12 01:03:49.202934|[g:1][CONSENSUS][PBFT]checkTimeout Succ,view=2092,toView=2093,nodeIdx=3,changeCycle=0,myNode=d0064285...,timecost=0.837
info|2019-12-12 01:03:49.209801|[g:1][CONSENSUS][PBFT]checkAndChangeView: Reach consensus,org_view=2092,org_changeCycle=0,cur_changeCycle=0,to_view=2093
info|2019-12-12 01:03:50.212606|[g:1][CONSENSUS]addRawPrepare,height=12,reqIdx=0,hash=cc6ec967...
info|2019-12-12 01:03:50.213856|[g:1][CONSENSUS][PBFT]checkTimeout Succ,view=2093,toView=2094,nodeIdx=3,changeCycle=0,myNode=d0064285...,timecost=1.026
info|2019-12-12 01:03:50.219727|[g:1][CONSENSUS][PBFT]checkAndChangeView: Reach consensus,org_view=2093,org_changeCycle=0,cur_changeCycle=0,to_view=2094
info|2019-12-12 01:03:51.220126|[g:1][CONSENSUS]addRawPrepare,height=12,reqIdx=1,hash=4e4a85b2...
info|2019-12-12 01:03:51.222906|[g:1][CONSENSUS][PBFT]checkTimeout Succ,view=2094,toView=2095,nodeIdx=3,changeCycle=0,myNode=d0064285...,timecost=2.518
info|2019-12-12 01:03:51.225818|[g:1][CONSENSUS][PBFT]checkAndChangeView: Reach consensus,org_view=2094,org_changeCycle=0,cur_changeCycle=0,to_view=2095
info|2019-12-12 01:03:52.060872|[P2P][Service] heartBeat,connected count=3
info|2019-12-12 01:03:52.226853|[g:1][CONSENSUS]addRawPrepare,height=12,reqIdx=2,hash=4de40346...
info|2019-12-12 01:03:52.230950|[g:1][CONSENSUS][PBFT]checkTimeout Succ,view=2095,toView=2096,nodeIdx=3,changeCycle=0,myNode=d0064285...,timecost=3.843
info|2019-12-12 01:03:52.233403|[g:1][CONSENSUS][PBFT]checkAndChangeView: Reach consensus,org_view=2095,org_changeCycle=0,cur_changeCycle=0,to_view=2096
info|2019-12-12 01:03:53.233198|[g:1][CONSENSUS][SEALER]++++++++++++++++ Generating seal on,blkNum=12,tx=0,nodeIdx=3,hash=a7b608b8...
info|2019-12-12 01:03:53.234516|[g:1][CONSENSUS][PBFT]checkTimeout Succ,view=2096,toView=2097,nodeIdx=3,changeCycle=0,myNode=d0064285...,timecost=0.792
info|2019-12-12 01:03:53.240098|[g:1][CONSENSUS][PBFT]checkAndChangeView: Reach consensus,org_view=2096,org_changeCycle=0,cur_changeCycle=0,to_view=2097
info|2019-12-12 01:03:54.245835|[g:1][CONSENSUS]addRawPrepare,height=12,reqIdx=0,hash=2c1401fa...
info|2019-12-12 01:03:54.246984|[g:1][CONSENSUS][PBFT]checkTimeout Succ,view=2097,toView=2098,nodeIdx=3,changeCycle=0,myNode=d0064285...,timecost=0.956
info|2019-12-12 01:03:54.250943|[g:1][CONSENSUS][PBFT]checkAndChangeView: Reach consensus,org_view=2097,org_changeCycle=0,cur_changeCycle=0,to_view=2098
info|2019-12-12 01:03:55.253742|[g:1][CONSENSUS]addRawPrepare,height=12,reqIdx=1,hash=0532fea5...
info|2019-12-12 01:03:55.255003|[g:1][CONSENSUS][PBFT]checkTimeout Succ,view=2098,toView=2099,nodeIdx=3,changeCycle=0,myNode=d0064285...,timecost=1.055
info|2019-12-12 01:03:55.260320|[g:1][CONSENSUS][PBFT]checkAndChangeView: Reach consensus,org_view=2098,org_changeCycle=0,cur_changeCycle=0,to_view=2099
