warning|2019-12-14 04:04:42.009513|[g:1][CONSENSUS][PBFT]ViewChangeWarning: not caused by omit empty block ,v=2862,toV=2863,curNum=475,hash=ad338c6e...,nodeIdx=3,myNode=d0064285...
info|2019-12-14 04:04:42.009795|[g:1][CONSENSUS][PBFT]checkTimeout Succ,view=2862,toView=2863,nodeIdx=3,changeCycle=1,myNode=d0064285...,timecost=0.78
info|2019-12-14 04:04:42.015224|[P2P][Service] heartBeat,connected count=3
info|2019-12-14 04:04:42.029749|[g:1][CONSENSUS][PBFT]checkAndChangeView: Reach consensus,org_view=2862,org_changeCycle=1,cur_changeCycle=1,to_view=2863
info|2019-12-14 04:04:43.026125|[g:1][CONSENSUS]addRawPrepare,height=476,reqIdx=2,hash=f727bf60...
info|2019-12-14 04:04:43.026677|[g:1][CONSENSUS][PBFT]checkTimeout Succ,view=2863,toView=2864,nodeIdx=3,changeCycle=0,myNode=d0064285...,timecost=0.421
info|2019-12-14 04:04:43.028573|[g:1][CONSENSUS][PBFT]checkAndChangeView: Reach consensus,org_view=2863,org_changeCycle=0,cur_changeCycle=0,to_view=2864
info|2019-12-14 04:04:44.029323|[g:1][CONSENSUS][SEALER]++++++++++++++++ Generating seal on,blkNum=476,tx=0,nodeIdx=3,hash=6b9a5b40...
info|2019-12-14 04:04:44.033612|[g:1][CONSENSUS][PBFT]checkTimeout Succ,view=2864,toView=2865,nodeIdx=3,changeCycle=0,myNode=d0064285...,timecost=0.508
info|2019-12-14 04:04:44.034512|[g:1][CONSENSUS][PBFT]checkAndChangeView: Reach consensus,org_view=2864,org_changeCycle=0,cur_changeCycle=0,to_view=2865
info|2019-12-14 04:04:45.036994|[g:1][CONSENSUS]addRawPrepare,height=476,reqIdx=0,hash=65e26490...
info|2019-12-14 04:04:45.038148|[g:1][CONSENSUS][PBFT]checkTimeout Succ,view=2865,toView=2866,nodeIdx=3,changeCycle=0,myNode=d0064285...,timecost=0.875
info|2019-12-14 04:04:45.042348|[g:1][CONSENSUS][PBFT]checkAndChangeView: Reach consensus,org_view=2865,org_changeCycle=0,cur_changeCycle=0,to_view=2866
info|2019-12-14 04:04:46.296561|[g:1][CONSENSUS]addRawPrepare,height=476,reqIdx=1,hash=6f7b8eae...
info|2019-12-14 04:04:46.297114|[g:1][CONSENSUS][PBFT]checkTimeout Succ,view=2866,toView=2867,nodeIdx=3,changeCycle=0,myNode=d0064285...,timecost=0.404
info|2019-12-14 04:04:46.301257|[g:1][CONSENSUS][PBFT]checkAndChangeView: Reach consensus,org_view=2866,org_changeCycle=0,cur_changeCycle=0,to_view=2867
info|2019-12-14 04:04:47.303105|[g:1][CONSENSUS]addRawPrepare,height=476,reqIdx=2,hash=ee7f55f1...
info|2019-12-14 04:04:47.304231|[g:1][CONSENSUS][PBFT]checkTimeout Succ,view=2867,toView=2868,nodeIdx=3,changeCycle=0,myNode=d0064285...,timecost=0.88
info|2019-12-14 04:04:47.308686|[g:1][CONSENSUS][PBFT]checkAndChangeView: Reach consensus,org_view=2867,org_changeCycle=0,cur_changeCycle=0,to_view=2868
info|2019-12-14 04:04:48.308253|[g:1][CONSENSUS][SEALER]++++++++++++++++ Generating seal on,blkNum=476,tx=0,nodeIdx=3,hash=49639a2b...
info|2019-12-14 04:04:48.313427|[g:1][CONSENSUS][PBFT]checkTimeout Succ,view=2868,toView=2869,nodeIdx=3,changeCycle=0,myNode=d0064285...,timecost=1.108
info|2019-12-14 04:04:48.316071|[g:1][CONSENSUS][PBFT]checkAndChangeView: Reach consensus,org_view=2868,org_changeCycle=0,cur_changeCycle=0,to_view=2869
info|2019-12-14 04:04:49.321104|[g:1][CONSENSUS]addRawPrepare,height=476,reqIdx=0,hash=3ecb1262...
info|2019-12-14 04:04:49.322739|[g:1][CONSENSUS][PBFT]checkTimeout Succ,view=2869,toView=2870,nodeIdx=3,changeCycle=0,myNode=d0064285...,timecost=1.194
info|2019-12-14 04:04:49.327897|[g:1][CONSENSUS][PBFT]checkAndChangeView: Reach consensus,org_view=2869,org_changeCycle=0,cur_changeCycle=0,to_view=2870
info|2019-12-14 04:04:50.331731|[g:1][CONSENSUS]addRawPrepare,height=476,reqIdx=1,hash=1e2f982d...
info|2019-12-14 04:04:50.334129|[g:1][CONSENSUS][PBFT]checkTimeout Succ,view=2870,toView=2871,nodeIdx=3,changeCycle=0,myNode=d0064285...,timecost=2.06
info|2019-12-14 04:04:50.337226|[g:1][CONSENSUS][PBFT]checkAndChangeView: Reach consensus,org_view=2870,org_changeCycle=0,cur_changeCycle=0,to_view=2871
info|2019-12-14 04:04:51.340012|[g:1][CONSENSUS]addRawPrepare,height=476,reqIdx=2,hash=a69ac9f9...
info|2019-12-14 04:04:51.340950|[g:1][CONSENSUS][PBFT]checkTimeout Succ,view=2871,toView=2872,nodeIdx=3,changeCycle=0,myNode=d0064285...,timecost=0.505
info|2019-12-14 04:04:51.343966|[g:1][CONSENSUS][PBFT]checkAndChangeView: Reach consensus,org_view=2871,org_changeCycle=0,cur_changeCycle=0,to_view=2872
info|2019-12-14 04:04:52.024503|[P2P][Service] heartBeat,connected count=3
info|2019-12-14 04:04:52.344211|[g:1][CONSENSUS][SEALER]++++++++++++++++ Generating seal on,blkNum=476,tx=0,nodeIdx=3,hash=7eaadb20...
info|2019-12-14 04:04:52.350981|[g:1][CONSENSUS][PBFT]checkTimeout Succ,view=2872,toView=2873,nodeIdx=3,changeCycle=0,myNode=d0064285...,timecost=1.127
info|2019-12-14 04:04:52.352682|[g:1][CONSENSUS][PBFT]checkAndChangeView: Reach consensus,org_view=2872,org_changeCycle=0,cur_changeCycle=0,to_view=2873
info|2019-12-14 04:04:53.353622|[g:1][CONSENSUS]addRawPrepare,height=476,reqIdx=0,hash=cae00b66...
info|2019-12-14 04:04:53.354836|[g:1][CONSENSUS][PBFT]checkTimeout Succ,view=2873,toView=2874,nodeIdx=3,changeCycle=0,myNode=d0064285...,timecost=0.961
info|2019-12-14 04:04:53.360153|[g:1][CONSENSUS][PBFT]checkAndChangeView: Reach consensus,org_view=2873,org_changeCycle=0,cur_changeCycle=0,to_view=2874
info|2019-12-14 04:04:54.362065|[g:1][CONSENSUS]addRawPrepare,height=476,reqIdx=1,hash=4d4ed142...
info|2019-12-14 04:04:54.363354|[g:1][CONSENSUS][PBFT]checkTimeout Succ,view=2874,toView=2875,nodeIdx=3,changeCycle=0,myNode=d0064285...,timecost=1.043
info|2019-12-14 04:04:54.366200|[g:1][CONSENSUS][PBFT]checkAndChangeView: Reach consensus,org_view=2874,org_changeCycle=0,cur_changeCycle=0,to_view=2875
info|2019-12-14 04:04:55.369455|[g:1][CONSENSUS]addRawPrepare,height=476,reqIdx=2,hash=c0fdc1a6...
info|2019-12-14 04:04:55.375275|[g:1][CONSENSUS][PBFT]checkTimeout Succ,view=2875,toView=2876,nodeIdx=3,changeCycle=0,myNode=d0064285...,timecost=5.508
info|2019-12-14 04:04:55.376697|[g:1][CONSENSUS][PBFT]checkAndChangeView: Reach consensus,org_view=2875,org_changeCycle=0,cur_changeCycle=0,to_view=2876
info|2019-12-14 04:04:56.376624|[g:1][CONSENSUS][SEALER]++++++++++++++++ Generating seal on,blkNum=476,tx=0,nodeIdx=3,hash=7a66470f...
info|2019-12-14 04:04:56.377996|[g:1][CONSENSUS][PBFT]checkTimeout Succ,view=2876,toView=2877,nodeIdx=3,changeCycle=0,myNode=d0064285...,timecost=0.815
info|2019-12-14 04:04:56.384110|[g:1][CONSENSUS][PBFT]checkAndChangeView: Reach consensus,org_view=2876,org_changeCycle=0,cur_changeCycle=0,to_view=2877
info|2019-12-14 04:04:57.388308|[g:1][CONSENSUS]addRawPrepare,height=476,reqIdx=0,hash=ced00c4e...
info|2019-12-14 04:04:57.390972|[g:1][CONSENSUS][PBFT]checkTimeout Succ,view=2877,toView=2878,nodeIdx=3,changeCycle=0,myNode=d0064285...,timecost=2.42
info|2019-12-14 04:04:57.394625|[g:1][CONSENSUS][PBFT]checkAndChangeView: Reach consensus,org_view=2877,org_changeCycle=0,cur_changeCycle=0,to_view=2878
info|2019-12-14 04:04:58.396538|[g:1][CONSENSUS]addRawPrepare,height=476,reqIdx=1,hash=bb14acfa...
info|2019-12-14 04:04:58.399902|[g:1][CONSENSUS][PBFT]checkTimeout Succ,view=2878,toView=2879,nodeIdx=3,changeCycle=0,myNode=d0064285...,timecost=3.11
info|2019-12-14 04:04:58.403402|[g:1][CONSENSUS][PBFT]checkAndChangeView: Reach consensus,org_view=2878,org_changeCycle=0,cur_changeCycle=0,to_view=2879
info|2019-12-14 04:04:59.403940|[g:1][CONSENSUS]addRawPrepare,height=476,reqIdx=2,hash=7204ad79...
info|2019-12-14 04:04:59.406839|[g:1][CONSENSUS][PBFT]checkTimeout Succ,view=2879,toView=2880,nodeIdx=3,changeCycle=0,myNode=d0064285...,timecost=2.195
info|2019-12-14 04:04:59.408412|[g:1][CONSENSUS][PBFT]checkAndChangeView: Reach consensus,org_view=2879,org_changeCycle=0,cur_changeCycle=0,to_view=2880
info|2019-12-14 04:05:00.409391|[g:1][CONSENSUS][SEALER]++++++++++++++++ Generating seal on,blkNum=476,tx=0,nodeIdx=3,hash=0b68f70a...
info|2019-12-14 04:05:00.414470|[g:1][CONSENSUS][PBFT]checkTimeout Succ,view=2880,toView=2881,nodeIdx=3,changeCycle=0,myNode=d0064285...,timecost=0.833
info|2019-12-14 04:05:00.416936|[g:1][CONSENSUS][PBFT]checkAndChangeView: Reach consensus,org_view=2880,org_changeCycle=0,cur_changeCycle=0,to_view=2881
info|2019-12-14 04:05:01.419762|[g:1][CONSENSUS]addRawPrepare,height=476,reqIdx=0,hash=dfdb9403...
info|2019-12-14 04:05:01.422019|[g:1][CONSENSUS][PBFT]checkTimeout Succ,view=2881,toView=2882,nodeIdx=3,changeCycle=0,myNode=d0064285...,timecost=1.998
info|2019-12-14 04:05:01.425048|[g:1][CONSENSUS][PBFT]checkAndChangeView: Reach consensus,org_view=2881,org_changeCycle=0,cur_changeCycle=0,to_view=2882
info|2019-12-14 04:05:02.030150|[P2P][Service] heartBeat,connected count=3
info|2019-12-14 04:05:02.426740|[g:1][CONSENSUS]addRawPrepare,height=476,reqIdx=1,hash=9484659e...
info|2019-12-14 04:05:02.427651|[g:1][CONSENSUS][PBFT]checkTimeout Succ,view=2882,toView=2883,nodeIdx=3,changeCycle=0,myNode=d0064285...,timecost=0.666
info|2019-12-14 04:05:02.431614|[g:1][CONSENSUS][PBFT]checkAndChangeView: Reach consensus,org_view=2882,org_changeCycle=0,cur_changeCycle=0,to_view=2883
info|2019-12-14 04:05:03.433222|[g:1][CONSENSUS]addRawPrepare,height=476,reqIdx=2,hash=fecdcbc8...
info|2019-12-14 04:05:03.434491|[g:1][CONSENSUS][PBFT]checkTimeout Succ,view=2883,toView=2884,nodeIdx=3,changeCycle=0,myNode=d0064285...,timecost=1.165
info|2019-12-14 04:05:03.436595|[g:1][CONSENSUS][PBFT]checkAndChangeView: Reach consensus,org_view=2883,org_changeCycle=0,cur_changeCycle=0,to_view=2884
info|2019-12-14 04:05:04.436317|[g:1][CONSENSUS][SEALER]++++++++++++++++ Generating seal on,blkNum=476,tx=0,nodeIdx=3,hash=5bb03cae...
info|2019-12-14 04:05:04.441312|[g:1][CONSENSUS][PBFT]checkTimeout Succ,view=2884,toView=2885,nodeIdx=3,changeCycle=0,myNode=d0064285...,timecost=0.823
info|2019-12-14 04:05:04.444125|[g:1][CONSENSUS][PBFT]checkAndChangeView: Reach consensus,org_view=2884,org_changeCycle=0,cur_changeCycle=0,to_view=2885
info|2019-12-14 04:05:05.445623|[g:1][CONSENSUS]addRawPrepare,height=476,reqIdx=0,hash=022bb635...
info|2019-12-14 04:05:05.447267|[g:1][CONSENSUS][PBFT]checkTimeout Succ,view=2885,toView=2886,nodeIdx=3,changeCycle=0,myNode=d0064285...,timecost=0.879
info|2019-12-14 04:05:05.451061|[g:1][CONSENSUS][PBFT]checkAndChangeView: Reach consensus,org_view=2885,org_changeCycle=0,cur_changeCycle=0,to_view=2886
info|2019-12-14 04:05:06.454192|[g:1][CONSENSUS]addRawPrepare,height=476,reqIdx=1,hash=13d36900...
info|2019-12-14 04:05:06.455385|[g:1][CONSENSUS][PBFT]checkTimeout Succ,view=2886,toView=2887,nodeIdx=3,changeCycle=0,myNode=d0064285...,timecost=0.944
info|2019-12-14 04:05:06.459258|[g:1][CONSENSUS][PBFT]checkAndChangeView: Reach consensus,org_view=2886,org_changeCycle=0,cur_changeCycle=0,to_view=2887
info|2019-12-14 04:05:07.461174|[g:1][CONSENSUS]addRawPrepare,height=476,reqIdx=2,hash=816c83b0...
info|2019-12-14 04:05:07.462620|[g:1][CONSENSUS][PBFT]checkTimeout Succ,view=2887,toView=2888,nodeIdx=3,changeCycle=0,myNode=d0064285...,timecost=1.21
info|2019-12-14 04:05:07.466390|[g:1][CONSENSUS][PBFT]checkAndChangeView: Reach consensus,org_view=2887,org_changeCycle=0,cur_changeCycle=0,to_view=2888
info|2019-12-14 04:05:08.466967|[g:1][CONSENSUS][SEALER]++++++++++++++++ Generating seal on,blkNum=476,tx=0,nodeIdx=3,hash=13be52aa...
info|2019-12-14 04:05:08.468321|[g:1][CONSENSUS][PBFT]checkTimeout Succ,view=2888,toView=2889,nodeIdx=3,changeCycle=0,myNode=d0064285...,timecost=0.765
info|2019-12-14 04:05:08.474296|[g:1][CONSENSUS][PBFT]checkAndChangeView: Reach consensus,org_view=2888,org_changeCycle=0,cur_changeCycle=0,to_view=2889
warning|2019-12-14 04:08:12.045026|[g:1][CONSENSUS][PBFT]ViewChangeWarning: not caused by omit empty block ,v=2889,toV=2890,curNum=475,hash=ad338c6e...,nodeIdx=3,myNode=d0064285...
info|2019-12-14 04:08:12.051236|[P2P][Service] heartBeat,connected count=3
info|2019-12-14 04:08:12.051268|[g:1][CONSENSUS][PBFT]checkTimeout Succ,view=2889,toView=2890,nodeIdx=3,changeCycle=1,myNode=d0064285...,timecost=29.198
info|2019-12-14 04:08:12.053414|[g:1][CONSENSUS][PBFT]checkAndChangeView: Reach consensus,org_view=2889,org_changeCycle=1,cur_changeCycle=1,to_view=2890
info|2019-12-14 04:08:13.029600|[g:1][CONSENSUS]addRawPrepare,height=476,reqIdx=1,hash=2c92c02f...
info|2019-12-14 04:08:13.031096|[g:1][CONSENSUS][PBFT]checkTimeout Succ,view=2890,toView=2891,nodeIdx=3,changeCycle=0,myNode=d0064285...,timecost=1.26
info|2019-12-14 04:08:13.032589|[g:1][CONSENSUS][PBFT]checkAndChangeView: Reach consensus,org_view=2890,org_changeCycle=0,cur_changeCycle=0,to_view=2891
info|2019-12-14 04:08:14.035427|[g:1][CONSENSUS]addRawPrepare,height=476,reqIdx=2,hash=f83d7717...
info|2019-12-14 04:08:14.036325|[g:1][CONSENSUS][PBFT]checkTimeout Succ,view=2891,toView=2892,nodeIdx=3,changeCycle=0,myNode=d0064285...,timecost=0.585
info|2019-12-14 04:08:14.041767|[g:1][CONSENSUS][PBFT]checkAndChangeView: Reach consensus,org_view=2891,org_changeCycle=0,cur_changeCycle=0,to_view=2892
info|2019-12-14 04:08:15.042592|[g:1][CONSENSUS][SEALER]++++++++++++++++ Generating seal on,blkNum=476,tx=0,nodeIdx=3,hash=dd8442cf...
info|2019-12-14 04:08:15.045792|[g:1][CONSENSUS][PBFT]checkTimeout Succ,view=2892,toView=2893,nodeIdx=3,changeCycle=0,myNode=d0064285...,timecost=0.359
info|2019-12-14 04:08:15.046651|[g:1][CONSENSUS][PBFT]checkAndChangeView: Reach consensus,org_view=2892,org_changeCycle=0,cur_changeCycle=0,to_view=2893
info|2019-12-14 04:08:16.048679|[g:1][CONSENSUS]addRawPrepare,height=476,reqIdx=0,hash=4deb3e0f...
info|2019-12-14 04:08:16.049187|[g:1][CONSENSUS][PBFT]checkTimeout Succ,view=2893,toView=2894,nodeIdx=3,changeCycle=0,myNode=d0064285...,timecost=0.37
info|2019-12-14 04:08:16.051553|[g:1][CONSENSUS][PBFT]checkAndChangeView: Reach consensus,org_view=2893,org_changeCycle=0,cur_changeCycle=0,to_view=2894
info|2019-12-14 04:08:17.056638|[g:1][CONSENSUS]addRawPrepare,height=476,reqIdx=1,hash=f894755e...
info|2019-12-14 04:08:17.058667|[g:1][CONSENSUS][PBFT]checkTimeout Succ,view=2894,toView=2895,nodeIdx=3,changeCycle=0,myNode=d0064285...,timecost=1.036
info|2019-12-14 04:08:17.062163|[g:1][CONSENSUS][PBFT]checkAndChangeView: Reach consensus,org_view=2894,org_changeCycle=0,cur_changeCycle=0,to_view=2895
info|2019-12-14 04:08:18.067595|[g:1][CONSENSUS]addRawPrepare,height=476,reqIdx=2,hash=7b666089...
info|2019-12-14 04:08:18.068757|[g:1][CONSENSUS][PBFT]checkTimeout Succ,view=2895,toView=2896,nodeIdx=3,changeCycle=0,myNode=d0064285...,timecost=0.909
info|2019-12-14 04:08:18.074038|[g:1][CONSENSUS][PBFT]checkAndChangeView: Reach consensus,org_view=2895,org_changeCycle=0,cur_changeCycle=0,to_view=2896
info|2019-12-14 04:08:19.075578|[g:1][CONSENSUS][SEALER]++++++++++++++++ Generating seal on,blkNum=476,tx=0,nodeIdx=3,hash=96a0c1c4...
info|2019-12-14 04:08:19.076854|[g:1][CONSENSUS][PBFT]checkTimeout Succ,view=2896,toView=2897,nodeIdx=3,changeCycle=0,myNode=d0064285...,timecost=0.757
info|2019-12-14 04:08:19.081375|[g:1][CONSENSUS][PBFT]checkAndChangeView: Reach consensus,org_view=2896,org_changeCycle=0,cur_changeCycle=0,to_view=2897
info|2019-12-14 04:08:20.083877|[g:1][CONSENSUS]addRawPrepare,height=476,reqIdx=0,hash=0149c3d5...
info|2019-12-14 04:08:20.085198|[g:1][CONSENSUS][PBFT]checkTimeout Succ,view=2897,toView=2898,nodeIdx=3,changeCycle=0,myNode=d0064285...,timecost=1.04
info|2019-12-14 04:08:20.091164|[g:1][CONSENSUS][PBFT]checkAndChangeView: Reach consensus,org_view=2897,org_changeCycle=0,cur_changeCycle=0,to_view=2898
info|2019-12-14 04:08:21.092554|[g:1][CONSENSUS]addRawPrepare,height=476,reqIdx=1,hash=c265c624...
info|2019-12-14 04:08:21.094095|[g:1][CONSENSUS][PBFT]checkTimeout Succ,view=2898,toView=2899,nodeIdx=3,changeCycle=0,myNode=d0064285...,timecost=1.003
info|2019-12-14 04:08:21.097859|[g:1][CONSENSUS][PBFT]checkAndChangeView: Reach consensus,org_view=2898,org_changeCycle=0,cur_changeCycle=0,to_view=2899
info|2019-12-14 04:08:22.054203|[P2P][Service] heartBeat,connected count=3
info|2019-12-14 04:08:22.101293|[g:1][CONSENSUS]addRawPrepare,height=476,reqIdx=2,hash=b1751b87...
info|2019-12-14 04:08:22.106572|[g:1][CONSENSUS][PBFT]checkTimeout Succ,view=2899,toView=2900,nodeIdx=3,changeCycle=0,myNode=d0064285...,timecost=4.996
info|2019-12-14 04:08:22.108785|[g:1][CONSENSUS][PBFT]checkAndChangeView: Reach consensus,org_view=2899,org_changeCycle=0,cur_changeCycle=0,to_view=2900
info|2019-12-14 04:08:23.109666|[g:1][CONSENSUS][SEALER]++++++++++++++++ Generating seal on,blkNum=476,tx=0,nodeIdx=3,hash=3cc86af5...
info|2019-12-14 04:08:23.116414|[g:1][CONSENSUS][PBFT]checkTimeout Succ,view=2900,toView=2901,nodeIdx=3,changeCycle=0,myNode=d0064285...,timecost=2.04
info|2019-12-14 04:08:23.118095|[g:1][CONSENSUS][PBFT]checkAndChangeView: Reach consensus,org_view=2900,org_changeCycle=0,cur_changeCycle=0,to_view=2901
info|2019-12-14 04:08:24.119300|[g:1][CONSENSUS]addRawPrepare,height=476,reqIdx=0,hash=2fe0243f...
info|2019-12-14 04:08:24.122657|[g:1][CONSENSUS][PBFT]checkTimeout Succ,view=2901,toView=2902,nodeIdx=3,changeCycle=0,myNode=d0064285...,timecost=3.052
info|2019-12-14 04:08:24.125218|[g:1][CONSENSUS][PBFT]checkAndChangeView: Reach consensus,org_view=2901,org_changeCycle=0,cur_changeCycle=0,to_view=2902
info|2019-12-14 04:08:25.131085|[g:1][CONSENSUS]addRawPrepare,height=476,reqIdx=1,hash=208eb479...
info|2019-12-14 04:08:25.131660|[g:1][CONSENSUS][PBFT]checkTimeout Succ,view=2902,toView=2903,nodeIdx=3,changeCycle=0,myNode=d0064285...,timecost=0.449
info|2019-12-14 04:08:25.133857|[g:1][CONSENSUS][PBFT]checkAndChangeView: Reach consensus,org_view=2902,org_changeCycle=0,cur_changeCycle=0,to_view=2903
info|2019-12-14 04:08:26.136077|[g:1][CONSENSUS]addRawPrepare,height=476,reqIdx=2,hash=4ebb2cd0...
info|2019-12-14 04:08:26.137213|[g:1][CONSENSUS][PBFT]checkTimeout Succ,view=2903,toView=2904,nodeIdx=3,changeCycle=0,myNode=d0064285...,timecost=0.85
info|2019-12-14 04:08:26.141260|[g:1][CONSENSUS][PBFT]checkAndChangeView: Reach consensus,org_view=2903,org_changeCycle=0,cur_changeCycle=0,to_view=2904
info|2019-12-14 04:08:27.142470|[g:1][CONSENSUS][SEALER]++++++++++++++++ Generating seal on,blkNum=476,tx=0,nodeIdx=3,hash=d4b10559...
info|2019-12-14 04:08:27.143759|[g:1][CONSENSUS][PBFT]checkTimeout Succ,view=2904,toView=2905,nodeIdx=3,changeCycle=0,myNode=d0064285...,timecost=0.769
info|2019-12-14 04:08:27.149853|[g:1][CONSENSUS][PBFT]checkAndChangeView: Reach consensus,org_view=2904,org_changeCycle=0,cur_changeCycle=0,to_view=2905
info|2019-12-14 04:08:28.151380|[g:1][CONSENSUS]addRawPrepare,height=476,reqIdx=0,hash=a7235917...
info|2019-12-14 04:08:28.152443|[g:1][CONSENSUS][PBFT]checkTimeout Succ,view=2905,toView=2906,nodeIdx=3,changeCycle=0,myNode=d0064285...,timecost=0.808
info|2019-12-14 04:08:28.155399|[g:1][CONSENSUS][PBFT]checkAndChangeView: Reach consensus,org_view=2905,org_changeCycle=0,cur_changeCycle=0,to_view=2906
info|2019-12-14 04:08:29.157576|[g:1][CONSENSUS]addRawPrepare,height=476,reqIdx=1,hash=7c5b0b57...
info|2019-12-14 04:08:29.160709|[g:1][CONSENSUS][PBFT]checkTimeout Succ,view=2906,toView=2907,nodeIdx=3,changeCycle=0,myNode=d0064285...,timecost=2.921
info|2019-12-14 04:08:29.162350|[g:1][CONSENSUS][PBFT]checkAndChangeView: Reach consensus,org_view=2906,org_changeCycle=0,cur_changeCycle=0,to_view=2907
info|2019-12-14 04:08:30.163241|[g:1][CONSENSUS]addRawPrepare,height=476,reqIdx=2,hash=9486954c...
info|2019-12-14 04:08:30.164271|[g:1][CONSENSUS][PBFT]checkTimeout Succ,view=2907,toView=2908,nodeIdx=3,changeCycle=0,myNode=d0064285...,timecost=0.824
info|2019-12-14 04:08:30.168989|[g:1][CONSENSUS][PBFT]checkAndChangeView: Reach consensus,org_view=2907,org_changeCycle=0,cur_changeCycle=0,to_view=2908
info|2019-12-14 04:08:31.169685|[g:1][CONSENSUS][SEALER]++++++++++++++++ Generating seal on,blkNum=476,tx=0,nodeIdx=3,hash=87321d61...
info|2019-12-14 04:08:31.174333|[g:1][CONSENSUS][PBFT]checkTimeout Succ,view=2908,toView=2909,nodeIdx=3,changeCycle=0,myNode=d0064285...,timecost=0.815
info|2019-12-14 04:08:31.177874|[g:1][CONSENSUS][PBFT]checkAndChangeView: Reach consensus,org_view=2908,org_changeCycle=0,cur_changeCycle=0,to_view=2909
info|2019-12-14 04:08:32.057643|[P2P][Service] heartBeat,connected count=3
info|2019-12-14 04:08:32.180672|[g:1][CONSENSUS]addRawPrepare,height=476,reqIdx=0,hash=012a8178...
info|2019-12-14 04:08:32.181515|[g:1][CONSENSUS][PBFT]checkTimeout Succ,view=2909,toView=2910,nodeIdx=3,changeCycle=0,myNode=d0064285...,timecost=0.64
info|2019-12-14 04:08:32.185456|[g:1][CONSENSUS][PBFT]checkAndChangeView: Reach consensus,org_view=2909,org_changeCycle=0,cur_changeCycle=0,to_view=2910
info|2019-12-14 04:08:33.186836|[g:1][CONSENSUS]addRawPrepare,height=476,reqIdx=1,hash=f59fa0bf...
info|2019-12-14 04:08:33.187947|[g:1][CONSENSUS][PBFT]checkTimeout Succ,view=2910,toView=2911,nodeIdx=3,changeCycle=0,myNode=d0064285...,timecost=0.867
info|2019-12-14 04:08:33.191529|[g:1][CONSENSUS][PBFT]checkAndChangeView: Reach consensus,org_view=2910,org_changeCycle=0,cur_changeCycle=0,to_view=2911
info|2019-12-14 04:08:34.195301|[g:1][CONSENSUS]addRawPrepare,height=476,reqIdx=2,hash=31387497...
info|2019-12-14 04:08:34.197042|[g:1][CONSENSUS][PBFT]checkTimeout Succ,view=2911,toView=2912,nodeIdx=3,changeCycle=0,myNode=d0064285...,timecost=1.396
info|2019-12-14 04:08:34.199728|[g:1][CONSENSUS][PBFT]checkAndChangeView: Reach consensus,org_view=2911,org_changeCycle=0,cur_changeCycle=0,to_view=2912
info|2019-12-14 04:08:35.199458|[g:1][CONSENSUS][SEALER]++++++++++++++++ Generating seal on,blkNum=476,tx=0,nodeIdx=3,hash=51b557e1...
info|2019-12-14 04:08:35.206072|[g:1][CONSENSUS][PBFT]checkTimeout Succ,view=2912,toView=2913,nodeIdx=3,changeCycle=0,myNode=d0064285...,timecost=0.802
info|2019-12-14 04:08:35.207327|[g:1][CONSENSUS][PBFT]checkAndChangeView: Reach consensus,org_view=2912,org_changeCycle=0,cur_changeCycle=0,to_view=2913
info|2019-12-14 04:08:36.208940|[g:1][CONSENSUS]addRawPrepare,height=476,reqIdx=0,hash=0170b219...
info|2019-12-14 04:08:36.212178|[g:1][CONSENSUS][PBFT]checkTimeout Succ,view=2913,toView=2914,nodeIdx=3,changeCycle=0,myNode=d0064285...,timecost=2.987
info|2019-12-14 04:08:36.215005|[g:1][CONSENSUS][PBFT]checkAndChangeView: Reach consensus,org_view=2913,org_changeCycle=0,cur_changeCycle=0,to_view=2914
info|2019-12-14 04:08:37.216669|[g:1][CONSENSUS]addRawPrepare,height=476,reqIdx=1,hash=6931a7d4...
info|2019-12-14 04:08:37.219086|[g:1][CONSENSUS][PBFT]checkTimeout Succ,view=2914,toView=2915,nodeIdx=3,changeCycle=0,myNode=d0064285...,timecost=2.209
info|2019-12-14 04:08:37.220781|[g:1][CONSENSUS][PBFT]checkAndChangeView: Reach consensus,org_view=2914,org_changeCycle=0,cur_changeCycle=0,to_view=2915
info|2019-12-14 04:08:38.225476|[g:1][CONSENSUS]addRawPrepare,height=476,reqIdx=2,hash=c8924c53...
info|2019-12-14 04:08:38.227847|[g:1][CONSENSUS][PBFT]checkTimeout Succ,view=2915,toView=2916,nodeIdx=3,changeCycle=0,myNode=d0064285...,timecost=2.194
info|2019-12-14 04:08:38.228990|[g:1][CONSENSUS][PBFT]checkAndChangeView: Reach consensus,org_view=2915,org_changeCycle=0,cur_changeCycle=0,to_view=2916
info|2019-12-14 04:08:39.229291|[g:1][CONSENSUS][SEALER]++++++++++++++++ Generating seal on,blkNum=476,tx=0,nodeIdx=3,hash=fa9a6fae...
info|2019-12-14 04:08:39.234449|[g:1][CONSENSUS][PBFT]checkTimeout Succ,view=2916,toView=2917,nodeIdx=3,changeCycle=0,myNode=d0064285...,timecost=0.41
info|2019-12-14 04:08:39.235845|[g:1][CONSENSUS][PBFT]checkAndChangeView: Reach consensus,org_view=2916,org_changeCycle=0,cur_changeCycle=0,to_view=2917
info|2019-12-14 04:08:40.238459|[g:1][CONSENSUS]addRawPrepare,height=476,reqIdx=0,hash=a0ddd8bb...
info|2019-12-14 04:08:40.239329|[g:1][CONSENSUS][PBFT]checkTimeout Succ,view=2917,toView=2918,nodeIdx=3,changeCycle=0,myNode=d0064285...,timecost=0.664
info|2019-12-14 04:08:40.242173|[g:1][CONSENSUS][PBFT]checkAndChangeView: Reach consensus,org_view=2917,org_changeCycle=0,cur_changeCycle=0,to_view=2918
info|2019-12-14 04:08:41.245376|[g:1][CONSENSUS]addRawPrepare,height=476,reqIdx=1,hash=bd4d1548...
info|2019-12-14 04:08:41.246605|[g:1][CONSENSUS][PBFT]checkTimeout Succ,view=2918,toView=2919,nodeIdx=3,changeCycle=0,myNode=d0064285...,timecost=0.937
info|2019-12-14 04:08:41.250109|[g:1][CONSENSUS][PBFT]checkAndChangeView: Reach consensus,org_view=2918,org_changeCycle=0,cur_changeCycle=0,to_view=2919
info|2019-12-14 04:08:42.064156|[P2P][Service] heartBeat,connected count=3
info|2019-12-14 04:08:42.254093|[g:1][CONSENSUS]addRawPrepare,height=476,reqIdx=2,hash=bb07eaaf...
info|2019-12-14 04:08:42.257171|[g:1][CONSENSUS][PBFT]checkTimeout Succ,view=2919,toView=2920,nodeIdx=3,changeCycle=0,myNode=d0064285...,timecost=1.965
info|2019-12-14 04:08:42.259583|[g:1][CONSENSUS][PBFT]checkAndChangeView: Reach consensus,org_view=2919,org_changeCycle=0,cur_changeCycle=0,to_view=2920
info|2019-12-14 04:08:43.260854|[g:1][CONSENSUS][SEALER]++++++++++++++++ Generating seal on,blkNum=476,tx=0,nodeIdx=3,hash=e085d90d...
info|2019-12-14 04:08:43.265520|[g:1][CONSENSUS][PBFT]checkTimeout Succ,view=2920,toView=2921,nodeIdx=3,changeCycle=0,myNode=d0064285...,timecost=0.867
info|2019-12-14 04:08:43.268011|[g:1][CONSENSUS][PBFT]checkAndChangeView: Reach consensus,org_view=2920,org_changeCycle=0,cur_changeCycle=0,to_view=2921
info|2019-12-14 04:08:44.272741|[g:1][CONSENSUS]addRawPrepare,height=476,reqIdx=0,hash=a01e412a...
info|2019-12-14 04:08:44.274008|[g:1][CONSENSUS][PBFT]checkTimeout Succ,view=2921,toView=2922,nodeIdx=3,changeCycle=0,myNode=d0064285...,timecost=1.004
info|2019-12-14 04:08:44.277619|[g:1][CONSENSUS][PBFT]checkAndChangeView: Reach consensus,org_view=2921,org_changeCycle=0,cur_changeCycle=0,to_view=2922
info|2019-12-14 04:08:45.279561|[g:1][CONSENSUS]addRawPrepare,height=476,reqIdx=1,hash=375c183a...
info|2019-12-14 04:08:45.280656|[g:1][CONSENSUS][PBFT]checkTimeout Succ,view=2922,toView=2923,nodeIdx=3,changeCycle=0,myNode=d0064285...,timecost=0.843
info|2019-12-14 04:08:45.284311|[g:1][CONSENSUS][PBFT]checkAndChangeView: Reach consensus,org_view=2922,org_changeCycle=0,cur_changeCycle=0,to_view=2923
info|2019-12-14 04:08:46.287688|[g:1][CONSENSUS]addRawPrepare,height=476,reqIdx=2,hash=1d68327c...
info|2019-12-14 04:08:46.288651|[g:1][CONSENSUS][PBFT]checkTimeout Succ,view=2923,toView=2924,nodeIdx=3,changeCycle=0,myNode=d0064285...,timecost=0.755
info|2019-12-14 04:08:46.290858|[g:1][CONSENSUS][PBFT]checkAndChangeView: Reach consensus,org_view=2923,org_changeCycle=0,cur_changeCycle=0,to_view=2924
info|2019-12-14 04:08:47.291075|[g:1][CONSENSUS][SEALER]++++++++++++++++ Generating seal on,blkNum=476,tx=0,nodeIdx=3,hash=2f812378...
info|2019-12-14 04:08:47.292230|[g:1][CONSENSUS][PBFT]checkTimeout Succ,view=2924,toView=2925,nodeIdx=3,changeCycle=0,myNode=d0064285...,timecost=0.649
info|2019-12-14 04:08:47.296968|[g:1][CONSENSUS][PBFT]checkAndChangeView: Reach consensus,org_view=2924,org_changeCycle=0,cur_changeCycle=0,to_view=2925
info|2019-12-14 04:08:48.299659|[g:1][CONSENSUS]addRawPrepare,height=476,reqIdx=0,hash=7d8b29ef...
info|2019-12-14 04:08:48.300714|[g:1][CONSENSUS][PBFT]checkTimeout Succ,view=2925,toView=2926,nodeIdx=3,changeCycle=0,myNode=d0064285...,timecost=0.803
info|2019-12-14 04:08:48.305665|[g:1][CONSENSUS][PBFT]checkAndChangeView: Reach consensus,org_view=2925,org_changeCycle=0,cur_changeCycle=0,to_view=2926
info|2019-12-14 04:08:49.307325|[g:1][CONSENSUS]addRawPrepare,height=476,reqIdx=1,hash=34e14939...
info|2019-12-14 04:08:49.309956|[g:1][CONSENSUS][PBFT]checkTimeout Succ,view=2926,toView=2927,nodeIdx=3,changeCycle=0,myNode=d0064285...,timecost=2.387
info|2019-12-14 04:08:49.312831|[g:1][CONSENSUS][PBFT]checkAndChangeView: Reach consensus,org_view=2926,org_changeCycle=0,cur_changeCycle=0,to_view=2927
info|2019-12-14 04:08:50.316907|[g:1][CONSENSUS]addRawPrepare,height=476,reqIdx=2,hash=c56243b6...
info|2019-12-14 04:08:50.318451|[g:1][CONSENSUS][PBFT]checkTimeout Succ,view=2927,toView=2928,nodeIdx=3,changeCycle=0,myNode=d0064285...,timecost=1.3
info|2019-12-14 04:08:50.321539|[g:1][CONSENSUS][PBFT]checkAndChangeView: Reach consensus,org_view=2927,org_changeCycle=0,cur_changeCycle=0,to_view=2928
info|2019-12-14 04:08:51.321436|[g:1][CONSENSUS][SEALER]++++++++++++++++ Generating seal on,blkNum=476,tx=0,nodeIdx=3,hash=7c9555d9...
info|2019-12-14 04:08:51.322865|[g:1][CONSENSUS][PBFT]checkTimeout Succ,view=2928,toView=2929,nodeIdx=3,changeCycle=0,myNode=d0064285...,timecost=0.817
info|2019-12-14 04:08:51.328760|[g:1][CONSENSUS][PBFT]checkAndChangeView: Reach consensus,org_view=2928,org_changeCycle=0,cur_changeCycle=0,to_view=2929
info|2019-12-14 04:08:52.065813|[P2P][Service] heartBeat,connected count=3
info|2019-12-14 04:08:52.332805|[g:1][CONSENSUS]addRawPrepare,height=476,reqIdx=0,hash=a830d214...
info|2019-12-14 04:08:52.333911|[g:1][CONSENSUS][PBFT]checkTimeout Succ,view=2929,toView=2930,nodeIdx=3,changeCycle=0,myNode=d0064285...,timecost=0.89
info|2019-12-14 04:08:52.338573|[g:1][CONSENSUS][PBFT]checkAndChangeView: Reach consensus,org_view=2929,org_changeCycle=0,cur_changeCycle=0,to_view=2930
info|2019-12-14 04:08:53.341052|[g:1][CONSENSUS]addRawPrepare,height=476,reqIdx=1,hash=ca03a2a3...
info|2019-12-14 04:08:53.342358|[g:1][CONSENSUS][PBFT]checkTimeout Succ,view=2930,toView=2931,nodeIdx=3,changeCycle=0,myNode=d0064285...,timecost=1.093
info|2019-12-14 04:08:53.348392|[g:1][CONSENSUS][PBFT]checkAndChangeView: Reach consensus,org_view=2930,org_changeCycle=0,cur_changeCycle=0,to_view=2931
info|2019-12-14 04:08:54.350298|[g:1][CONSENSUS]addRawPrepare,height=476,reqIdx=2,hash=2b0c2cc4...
info|2019-12-14 04:08:54.351365|[g:1][CONSENSUS][PBFT]checkTimeout Succ,view=2931,toView=2932,nodeIdx=3,changeCycle=0,myNode=d0064285...,timecost=0.818
info|2019-12-14 04:08:54.354633|[g:1][CONSENSUS][PBFT]checkAndChangeView: Reach consensus,org_view=2931,org_changeCycle=0,cur_changeCycle=0,to_view=2932
info|2019-12-14 04:08:55.354306|[g:1][CONSENSUS][SEALER]++++++++++++++++ Generating seal on,blkNum=476,tx=0,nodeIdx=3,hash=9279371c...
info|2019-12-14 04:08:55.360189|[g:1][CONSENSUS][PBFT]checkTimeout Succ,view=2932,toView=2933,nodeIdx=3,changeCycle=0,myNode=d0064285...,timecost=0.774
info|2019-12-14 04:08:55.361866|[g:1][CONSENSUS][PBFT]checkAndChangeView: Reach consensus,org_view=2932,org_changeCycle=0,cur_changeCycle=0,to_view=2933
info|2019-12-14 04:08:56.366290|[g:1][CONSENSUS]addRawPrepare,height=476,reqIdx=0,hash=34594546...
info|2019-12-14 04:08:56.367492|[g:1][CONSENSUS][PBFT]checkTimeout Succ,view=2933,toView=2934,nodeIdx=3,changeCycle=0,myNode=d0064285...,timecost=0.951
info|2019-12-14 04:08:56.370776|[g:1][CONSENSUS][PBFT]checkAndChangeView: Reach consensus,org_view=2933,org_changeCycle=0,cur_changeCycle=0,to_view=2934
info|2019-12-14 04:08:57.372621|[g:1][CONSENSUS]addRawPrepare,height=476,reqIdx=1,hash=0c34aca8...
info|2019-12-14 04:08:57.373981|[g:1][CONSENSUS][PBFT]checkTimeout Succ,view=2934,toView=2935,nodeIdx=3,changeCycle=0,myNode=d0064285...,timecost=1.016
info|2019-12-14 04:08:57.378102|[g:1][CONSENSUS][PBFT]checkAndChangeView: Reach consensus,org_view=2934,org_changeCycle=0,cur_changeCycle=0,to_view=2935
info|2019-12-14 04:08:58.381773|[g:1][CONSENSUS]addRawPrepare,height=476,reqIdx=2,hash=644c7ed5...
info|2019-12-14 04:08:58.382989|[g:1][CONSENSUS][PBFT]checkTimeout Succ,view=2935,toView=2936,nodeIdx=3,changeCycle=0,myNode=d0064285...,timecost=1.002
info|2019-12-14 04:08:58.388268|[g:1][CONSENSUS][PBFT]checkAndChangeView: Reach consensus,org_view=2935,org_changeCycle=0,cur_changeCycle=0,to_view=2936
info|2019-12-14 04:08:59.388585|[g:1][CONSENSUS][SEALER]++++++++++++++++ Generating seal on,blkNum=476,tx=0,nodeIdx=3,hash=0d68871e...
info|2019-12-14 04:08:59.390404|[g:1][CONSENSUS][PBFT]checkTimeout Succ,view=2936,toView=2937,nodeIdx=3,changeCycle=0,myNode=d0064285...,timecost=1.189
info|2019-12-14 04:08:59.396778|[g:1][CONSENSUS][PBFT]checkAndChangeView: Reach consensus,org_view=2936,org_changeCycle=0,cur_changeCycle=0,to_view=2937
info|2019-12-14 04:09:00.398793|[g:1][CONSENSUS]addRawPrepare,height=476,reqIdx=0,hash=d0ddca94...
info|2019-12-14 04:09:00.399775|[g:1][CONSENSUS][PBFT]checkTimeout Succ,view=2937,toView=2938,nodeIdx=3,changeCycle=0,myNode=d0064285...,timecost=0.767
info|2019-12-14 04:09:00.405260|[g:1][CONSENSUS][PBFT]checkAndChangeView: Reach consensus,org_view=2937,org_changeCycle=0,cur_changeCycle=0,to_view=2938
info|2019-12-14 04:09:01.409680|[g:1][CONSENSUS]addRawPrepare,height=476,reqIdx=1,hash=7fb351f6...
info|2019-12-14 04:09:01.411648|[g:1][CONSENSUS][PBFT]checkTimeout Succ,view=2938,toView=2939,nodeIdx=3,changeCycle=0,myNode=d0064285...,timecost=1.686
info|2019-12-14 04:09:01.414309|[g:1][CONSENSUS][PBFT]checkAndChangeView: Reach consensus,org_view=2938,org_changeCycle=0,cur_changeCycle=0,to_view=2939
info|2019-12-14 04:09:02.067487|[P2P][Service] heartBeat,connected count=3
info|2019-12-14 04:09:02.417042|[g:1][CONSENSUS]addRawPrepare,height=476,reqIdx=2,hash=a16f43c6...
info|2019-12-14 04:09:02.419450|[g:1][CONSENSUS][PBFT]checkTimeout Succ,view=2939,toView=2940,nodeIdx=3,changeCycle=0,myNode=d0064285...,timecost=2.159
info|2019-12-14 04:09:02.423250|[g:1][CONSENSUS][PBFT]checkAndChangeView: Reach consensus,org_view=2939,org_changeCycle=0,cur_changeCycle=0,to_view=2940
info|2019-12-14 04:09:03.424620|[g:1][CONSENSUS][SEALER]++++++++++++++++ Generating seal on,blkNum=476,tx=0,nodeIdx=3,hash=30531fa0...
info|2019-12-14 04:09:03.427136|[g:1][CONSENSUS][PBFT]checkTimeout Succ,view=2940,toView=2941,nodeIdx=3,changeCycle=0,myNode=d0064285...,timecost=1.223
info|2019-12-14 04:09:03.439187|[g:1][CONSENSUS][PBFT]checkAndChangeView: Reach consensus,org_view=2940,org_changeCycle=0,cur_changeCycle=0,to_view=2941
