info|2019-12-14 05:19:57.015185|[P2P][Service] heartBeat,connected count=3
warning|2019-12-14 05:19:57.020637|[g:1][CONSENSUS][PBFT]ViewChangeWarning: not caused by omit empty block ,v=2941,toV=2942,curNum=475,hash=ad338c6e...,nodeIdx=3,myNode=d0064285...
info|2019-12-14 05:19:57.020807|[g:1][CONSENSUS][PBFT]checkTimeout Succ,view=2941,toView=2942,nodeIdx=3,changeCycle=1,myNode=d0064285...,timecost=0.474
info|2019-12-14 05:19:57.036116|[g:1][CONSENSUS][PBFT]checkAndChangeView: Reach consensus,org_view=2941,org_changeCycle=1,cur_changeCycle=1,to_view=2942
info|2019-12-14 05:19:58.029178|[g:1][CONSENSUS]addRawPrepare,height=476,reqIdx=1,hash=655d37de...
info|2019-12-14 05:19:58.029880|[g:1][CONSENSUS][PBFT]checkTimeout Succ,view=2942,toView=2943,nodeIdx=3,changeCycle=0,myNode=d0064285...,timecost=0.573
info|2019-12-14 05:19:58.030765|[g:1][CONSENSUS][PBFT]checkAndChangeView: Reach consensus,org_view=2942,org_changeCycle=0,cur_changeCycle=0,to_view=2943
info|2019-12-14 05:19:59.032313|[g:1][CONSENSUS]addRawPrepare,height=476,reqIdx=2,hash=29d5ed13...
info|2019-12-14 05:19:59.032878|[g:1][CONSENSUS][PBFT]checkTimeout Succ,view=2943,toView=2944,nodeIdx=3,changeCycle=0,myNode=d0064285...,timecost=0.422
info|2019-12-14 05:19:59.037510|[g:1][CONSENSUS][PBFT]checkAndChangeView: Reach consensus,org_view=2943,org_changeCycle=0,cur_changeCycle=0,to_view=2944
info|2019-12-14 05:20:00.038777|[g:1][CONSENSUS][SEALER]++++++++++++++++ Generating seal on,blkNum=476,tx=0,nodeIdx=3,hash=43963b68...
info|2019-12-14 05:20:00.044823|[g:1][CONSENSUS][PBFT]checkTimeout Succ,view=2944,toView=2945,nodeIdx=3,changeCycle=0,myNode=d0064285...,timecost=0.816
info|2019-12-14 05:20:00.046935|[g:1][CONSENSUS][PBFT]checkAndChangeView: Reach consensus,org_view=2944,org_changeCycle=0,cur_changeCycle=0,to_view=2945
info|2019-12-14 05:20:01.048031|[g:1][CONSENSUS]addRawPrepare,height=476,reqIdx=0,hash=2134db28...
info|2019-12-14 05:20:01.048833|[g:1][CONSENSUS][PBFT]checkTimeout Succ,view=2945,toView=2946,nodeIdx=3,changeCycle=0,myNode=d0064285...,timecost=0.575
info|2019-12-14 05:20:01.051691|[g:1][CONSENSUS][PBFT]checkAndChangeView: Reach consensus,org_view=2945,org_changeCycle=0,cur_changeCycle=0,to_view=2946
info|2019-12-14 05:20:02.054272|[g:1][CONSENSUS]addRawPrepare,height=476,reqIdx=1,hash=92ad9a4d...
info|2019-12-14 05:20:02.056859|[g:1][CONSENSUS][PBFT]checkTimeout Succ,view=2946,toView=2947,nodeIdx=3,changeCycle=0,myNode=d0064285...,timecost=2.376
info|2019-12-14 05:20:02.063276|[g:1][CONSENSUS][PBFT]checkAndChangeView: Reach consensus,org_view=2946,org_changeCycle=0,cur_changeCycle=0,to_view=2947
info|2019-12-14 05:20:03.064658|[g:1][CONSENSUS]addRawPrepare,height=476,reqIdx=2,hash=64bc3998...
info|2019-12-14 05:20:03.065798|[g:1][CONSENSUS][PBFT]checkTimeout Succ,view=2947,toView=2948,nodeIdx=3,changeCycle=0,myNode=d0064285...,timecost=0.898
info|2019-12-14 05:20:03.069772|[g:1][CONSENSUS][PBFT]checkAndChangeView: Reach consensus,org_view=2947,org_changeCycle=0,cur_changeCycle=0,to_view=2948
info|2019-12-14 05:20:04.070110|[g:1][CONSENSUS][SEALER]++++++++++++++++ Generating seal on,blkNum=476,tx=0,nodeIdx=3,hash=61f1e5ea...
info|2019-12-14 05:20:04.076998|[g:1][CONSENSUS][PBFT]checkTimeout Succ,view=2948,toView=2949,nodeIdx=3,changeCycle=0,myNode=d0064285...,timecost=1.635
info|2019-12-14 05:20:04.078299|[g:1][CONSENSUS][PBFT]checkAndChangeView: Reach consensus,org_view=2948,org_changeCycle=0,cur_changeCycle=0,to_view=2949
info|2019-12-14 05:20:05.079606|[g:1][CONSENSUS]addRawPrepare,height=476,reqIdx=0,hash=9f23283b...
info|2019-12-14 05:20:05.080446|[g:1][CONSENSUS][PBFT]checkTimeout Succ,view=2949,toView=2950,nodeIdx=3,changeCycle=0,myNode=d0064285...,timecost=0.627
info|2019-12-14 05:20:05.082755|[g:1][CONSENSUS][PBFT]checkAndChangeView: Reach consensus,org_view=2949,org_changeCycle=0,cur_changeCycle=0,to_view=2950
info|2019-12-14 05:20:06.086675|[g:1][CONSENSUS]addRawPrepare,height=476,reqIdx=1,hash=de290c9e...
info|2019-12-14 05:20:06.087817|[g:1][CONSENSUS][PBFT]checkTimeout Succ,view=2950,toView=2951,nodeIdx=3,changeCycle=0,myNode=d0064285...,timecost=0.771
info|2019-12-14 05:20:06.091729|[g:1][CONSENSUS][PBFT]checkAndChangeView: Reach consensus,org_view=2950,org_changeCycle=0,cur_changeCycle=0,to_view=2951
info|2019-12-14 05:20:07.025261|[P2P][Service] heartBeat,connected count=3
info|2019-12-14 05:20:07.094486|[g:1][CONSENSUS]addRawPrepare,height=476,reqIdx=2,hash=b321bb28...
info|2019-12-14 05:20:07.095832|[g:1][CONSENSUS][PBFT]checkTimeout Succ,view=2951,toView=2952,nodeIdx=3,changeCycle=0,myNode=d0064285...,timecost=1.014
info|2019-12-14 05:20:07.099912|[g:1][CONSENSUS][PBFT]checkAndChangeView: Reach consensus,org_view=2951,org_changeCycle=0,cur_changeCycle=0,to_view=2952
info|2019-12-14 05:20:08.099951|[g:1][CONSENSUS][SEALER]++++++++++++++++ Generating seal on,blkNum=476,tx=0,nodeIdx=3,hash=88018c29...
info|2019-12-14 05:20:08.106171|[g:1][CONSENSUS][PBFT]checkTimeout Succ,view=2952,toView=2953,nodeIdx=3,changeCycle=0,myNode=d0064285...,timecost=0.891
info|2019-12-14 05:20:08.107517|[g:1][CONSENSUS][PBFT]checkAndChangeView: Reach consensus,org_view=2952,org_changeCycle=0,cur_changeCycle=0,to_view=2953
info|2019-12-14 05:20:09.112903|[g:1][CONSENSUS]addRawPrepare,height=476,reqIdx=0,hash=f65dc689...
info|2019-12-14 05:20:09.114905|[g:1][CONSENSUS][PBFT]checkTimeout Succ,view=2953,toView=2954,nodeIdx=3,changeCycle=0,myNode=d0064285...,timecost=1.757
info|2019-12-14 05:20:09.118021|[g:1][CONSENSUS][PBFT]checkAndChangeView: Reach consensus,org_view=2953,org_changeCycle=0,cur_changeCycle=0,to_view=2954
info|2019-12-14 05:20:10.120785|[g:1][CONSENSUS]addRawPrepare,height=476,reqIdx=1,hash=9cddfcb5...
info|2019-12-14 05:20:10.121825|[g:1][CONSENSUS][PBFT]checkTimeout Succ,view=2954,toView=2955,nodeIdx=3,changeCycle=0,myNode=d0064285...,timecost=0.888
info|2019-12-14 05:20:10.125929|[g:1][CONSENSUS][PBFT]checkAndChangeView: Reach consensus,org_view=2954,org_changeCycle=0,cur_changeCycle=0,to_view=2955
info|2019-12-14 05:20:11.128302|[g:1][CONSENSUS]addRawPrepare,height=476,reqIdx=2,hash=9fd378b0...
info|2019-12-14 05:20:11.130962|[g:1][CONSENSUS][PBFT]checkTimeout Succ,view=2955,toView=2956,nodeIdx=3,changeCycle=0,myNode=d0064285...,timecost=2.412
info|2019-12-14 05:20:11.133807|[g:1][CONSENSUS][PBFT]checkAndChangeView: Reach consensus,org_view=2955,org_changeCycle=0,cur_changeCycle=0,to_view=2956
info|2019-12-14 05:20:12.133736|[g:1][CONSENSUS][SEALER]++++++++++++++++ Generating seal on,blkNum=476,tx=0,nodeIdx=3,hash=cbe78571...
info|2019-12-14 05:20:12.139151|[g:1][CONSENSUS][PBFT]checkTimeout Succ,view=2956,toView=2957,nodeIdx=3,changeCycle=0,myNode=d0064285...,timecost=0.844
info|2019-12-14 05:20:12.141586|[g:1][CONSENSUS][PBFT]checkAndChangeView: Reach consensus,org_view=2956,org_changeCycle=0,cur_changeCycle=0,to_view=2957
info|2019-12-14 05:20:13.145386|[g:1][CONSENSUS]addRawPrepare,height=476,reqIdx=0,hash=1ab990db...
info|2019-12-14 05:20:13.146435|[g:1][CONSENSUS][PBFT]checkTimeout Succ,view=2957,toView=2958,nodeIdx=3,changeCycle=0,myNode=d0064285...,timecost=0.792
info|2019-12-14 05:20:13.150102|[g:1][CONSENSUS][PBFT]checkAndChangeView: Reach consensus,org_view=2957,org_changeCycle=0,cur_changeCycle=0,to_view=2958
info|2019-12-14 05:20:14.154284|[g:1][CONSENSUS]addRawPrepare,height=476,reqIdx=1,hash=ead34dc5...
info|2019-12-14 05:20:14.159931|[g:1][CONSENSUS][PBFT]checkTimeout Succ,view=2958,toView=2959,nodeIdx=3,changeCycle=0,myNode=d0064285...,timecost=5.191
info|2019-12-14 05:20:14.161642|[g:1][CONSENSUS][PBFT]checkAndChangeView: Reach consensus,org_view=2958,org_changeCycle=0,cur_changeCycle=0,to_view=2959
info|2019-12-14 05:20:15.160873|[g:1][CONSENSUS]addRawPrepare,height=476,reqIdx=2,hash=b1ea1c2f...
info|2019-12-14 05:20:15.161830|[g:1][CONSENSUS][PBFT]checkTimeout Succ,view=2959,toView=2960,nodeIdx=3,changeCycle=0,myNode=d0064285...,timecost=0.747
info|2019-12-14 05:20:15.167021|[g:1][CONSENSUS][PBFT]checkAndChangeView: Reach consensus,org_view=2959,org_changeCycle=0,cur_changeCycle=0,to_view=2960
info|2019-12-14 05:20:16.168094|[g:1][CONSENSUS][SEALER]++++++++++++++++ Generating seal on,blkNum=476,tx=0,nodeIdx=3,hash=e2ee5246...
info|2019-12-14 05:20:16.169436|[g:1][CONSENSUS][PBFT]checkTimeout Succ,view=2960,toView=2961,nodeIdx=3,changeCycle=0,myNode=d0064285...,timecost=0.817
info|2019-12-14 05:20:16.175612|[g:1][CONSENSUS][PBFT]checkAndChangeView: Reach consensus,org_view=2960,org_changeCycle=0,cur_changeCycle=0,to_view=2961
info|2019-12-14 05:20:17.032117|[P2P][Service] heartBeat,connected count=3
info|2019-12-14 05:20:17.177168|[g:1][CONSENSUS]addRawPrepare,height=476,reqIdx=0,hash=3265bb9a...
info|2019-12-14 05:20:17.182478|[g:1][CONSENSUS][PBFT]checkTimeout Succ,view=2961,toView=2962,nodeIdx=3,changeCycle=0,myNode=d0064285...,timecost=4.948
info|2019-12-14 05:20:17.184896|[g:1][CONSENSUS][PBFT]checkAndChangeView: Reach consensus,org_view=2961,org_changeCycle=0,cur_changeCycle=0,to_view=2962
info|2019-12-14 05:20:18.185722|[g:1][CONSENSUS]addRawPrepare,height=476,reqIdx=1,hash=d2334c66...
info|2019-12-14 05:20:18.187204|[g:1][CONSENSUS][PBFT]checkTimeout Succ,view=2962,toView=2963,nodeIdx=3,changeCycle=0,myNode=d0064285...,timecost=1.221
info|2019-12-14 05:20:18.194039|[g:1][CONSENSUS][PBFT]checkAndChangeView: Reach consensus,org_view=2962,org_changeCycle=0,cur_changeCycle=0,to_view=2963
info|2019-12-14 05:20:19.194099|[g:1][CONSENSUS]addRawPrepare,height=476,reqIdx=2,hash=32e4713b...
info|2019-12-14 05:20:19.196220|[g:1][CONSENSUS][PBFT]checkTimeout Succ,view=2963,toView=2964,nodeIdx=3,changeCycle=0,myNode=d0064285...,timecost=0.612
info|2019-12-14 05:20:19.198081|[g:1][CONSENSUS][PBFT]checkAndChangeView: Reach consensus,org_view=2963,org_changeCycle=0,cur_changeCycle=0,to_view=2964
info|2019-12-14 05:20:20.198861|[g:1][CONSENSUS][SEALER]++++++++++++++++ Generating seal on,blkNum=476,tx=0,nodeIdx=3,hash=c2a6db74...
info|2019-12-14 05:20:20.200340|[g:1][CONSENSUS][PBFT]checkTimeout Succ,view=2964,toView=2965,nodeIdx=3,changeCycle=0,myNode=d0064285...,timecost=0.878
info|2019-12-14 05:20:20.206885|[g:1][CONSENSUS][PBFT]checkAndChangeView: Reach consensus,org_view=2964,org_changeCycle=0,cur_changeCycle=0,to_view=2965
info|2019-12-14 05:20:21.208670|[g:1][CONSENSUS]addRawPrepare,height=476,reqIdx=0,hash=1d129095...
info|2019-12-14 05:20:21.210591|[g:1][CONSENSUS][PBFT]checkTimeout Succ,view=2965,toView=2966,nodeIdx=3,changeCycle=0,myNode=d0064285...,timecost=1.672
info|2019-12-14 05:20:21.213600|[g:1][CONSENSUS][PBFT]checkAndChangeView: Reach consensus,org_view=2965,org_changeCycle=0,cur_changeCycle=0,to_view=2966
info|2019-12-14 05:20:22.218014|[g:1][CONSENSUS]addRawPrepare,height=476,reqIdx=1,hash=b4cd0f7f...
info|2019-12-14 05:20:22.220600|[g:1][CONSENSUS][PBFT]checkTimeout Succ,view=2966,toView=2967,nodeIdx=3,changeCycle=0,myNode=d0064285...,timecost=1.339
info|2019-12-14 05:20:22.222384|[g:1][CONSENSUS][PBFT]checkAndChangeView: Reach consensus,org_view=2966,org_changeCycle=0,cur_changeCycle=0,to_view=2967
info|2019-12-14 05:20:23.226243|[g:1][CONSENSUS]addRawPrepare,height=476,reqIdx=2,hash=5087a1e0...
info|2019-12-14 05:20:23.227440|[g:1][CONSENSUS][PBFT]checkTimeout Succ,view=2967,toView=2968,nodeIdx=3,changeCycle=0,myNode=d0064285...,timecost=0.956
info|2019-12-14 05:20:23.230195|[g:1][CONSENSUS][PBFT]checkAndChangeView: Reach consensus,org_view=2967,org_changeCycle=0,cur_changeCycle=0,to_view=2968
info|2019-12-14 05:20:24.231103|[g:1][CONSENSUS][SEALER]++++++++++++++++ Generating seal on,blkNum=476,tx=0,nodeIdx=3,hash=648f3b6a...
info|2019-12-14 05:20:24.232564|[g:1][CONSENSUS][PBFT]checkTimeout Succ,view=2968,toView=2969,nodeIdx=3,changeCycle=0,myNode=d0064285...,timecost=0.87
info|2019-12-14 05:20:24.240040|[g:1][CONSENSUS][PBFT]checkAndChangeView: Reach consensus,org_view=2968,org_changeCycle=0,cur_changeCycle=0,to_view=2969
info|2019-12-14 05:20:25.240877|[g:1][CONSENSUS]addRawPrepare,height=476,reqIdx=0,hash=78a8e0dd...
info|2019-12-14 05:20:25.241974|[g:1][CONSENSUS][PBFT]checkTimeout Succ,view=2969,toView=2970,nodeIdx=3,changeCycle=0,myNode=d0064285...,timecost=0.84
info|2019-12-14 05:20:25.250503|[g:1][CONSENSUS][PBFT]checkAndChangeView: Reach consensus,org_view=2969,org_changeCycle=0,cur_changeCycle=0,to_view=2970
info|2019-12-14 05:20:26.248770|[g:1][CONSENSUS]addRawPrepare,height=476,reqIdx=1,hash=d7c962f0...
info|2019-12-14 05:20:26.250139|[g:1][CONSENSUS][PBFT]checkTimeout Succ,view=2970,toView=2971,nodeIdx=3,changeCycle=0,myNode=d0064285...,timecost=1.034
info|2019-12-14 05:20:26.254915|[g:1][CONSENSUS][PBFT]checkAndChangeView: Reach consensus,org_view=2970,org_changeCycle=0,cur_changeCycle=0,to_view=2971
info|2019-12-14 05:20:27.035518|[P2P][Service] heartBeat,connected count=3
info|2019-12-14 05:20:27.263744|[g:1][CONSENSUS]addRawPrepare,height=476,reqIdx=2,hash=eda31e7a...
info|2019-12-14 05:20:27.266706|[g:1][CONSENSUS][PBFT]checkTimeout Succ,view=2971,toView=2972,nodeIdx=3,changeCycle=0,myNode=d0064285...,timecost=0.908
info|2019-12-14 05:20:27.268131|[g:1][CONSENSUS][PBFT]checkAndChangeView: Reach consensus,org_view=2971,org_changeCycle=0,cur_changeCycle=0,to_view=2972
info|2019-12-14 05:20:28.268428|[g:1][CONSENSUS][SEALER]++++++++++++++++ Generating seal on,blkNum=476,tx=0,nodeIdx=3,hash=cfbbeb95...
info|2019-12-14 05:20:28.273349|[g:1][CONSENSUS][PBFT]checkTimeout Succ,view=2972,toView=2973,nodeIdx=3,changeCycle=0,myNode=d0064285...,timecost=0.764
info|2019-12-14 05:20:28.275779|[g:1][CONSENSUS][PBFT]checkAndChangeView: Reach consensus,org_view=2972,org_changeCycle=0,cur_changeCycle=0,to_view=2973
info|2019-12-14 05:20:29.277684|[g:1][CONSENSUS]addRawPrepare,height=476,reqIdx=0,hash=59fbb2a4...
info|2019-12-14 05:20:29.278464|[g:1][CONSENSUS][PBFT]checkTimeout Succ,view=2973,toView=2974,nodeIdx=3,changeCycle=0,myNode=d0064285...,timecost=0.629
info|2019-12-14 05:20:29.281677|[g:1][CONSENSUS][PBFT]checkAndChangeView: Reach consensus,org_view=2973,org_changeCycle=0,cur_changeCycle=0,to_view=2974
info|2019-12-14 05:20:30.283114|[g:1][CONSENSUS]addRawPrepare,height=476,reqIdx=1,hash=f0edb312...
info|2019-12-14 05:20:30.285029|[g:1][CONSENSUS][PBFT]checkTimeout Succ,view=2974,toView=2975,nodeIdx=3,changeCycle=0,myNode=d0064285...,timecost=1.418
info|2019-12-14 05:20:30.287679|[g:1][CONSENSUS][PBFT]checkAndChangeView: Reach consensus,org_view=2974,org_changeCycle=0,cur_changeCycle=0,to_view=2975
info|2019-12-14 05:20:31.292799|[g:1][CONSENSUS]addRawPrepare,height=476,reqIdx=2,hash=663e4e6a...
info|2019-12-14 05:20:31.293847|[g:1][CONSENSUS][PBFT]checkTimeout Succ,view=2975,toView=2976,nodeIdx=3,changeCycle=0,myNode=d0064285...,timecost=0.844
info|2019-12-14 05:20:31.296698|[g:1][CONSENSUS][PBFT]checkAndChangeView: Reach consensus,org_view=2975,org_changeCycle=0,cur_changeCycle=0,to_view=2976
info|2019-12-14 05:20:32.297648|[g:1][CONSENSUS][SEALER]++++++++++++++++ Generating seal on,blkNum=476,tx=0,nodeIdx=3,hash=205d7655...
info|2019-12-14 05:20:32.299318|[g:1][CONSENSUS][PBFT]checkTimeout Succ,view=2976,toView=2977,nodeIdx=3,changeCycle=0,myNode=d0064285...,timecost=1.122
info|2019-12-14 05:20:32.305594|[g:1][CONSENSUS][PBFT]checkAndChangeView: Reach consensus,org_view=2976,org_changeCycle=0,cur_changeCycle=0,to_view=2977
info|2019-12-14 05:20:33.310718|[g:1][CONSENSUS]addRawPrepare,height=476,reqIdx=0,hash=6ad2a1bf...
info|2019-12-14 05:20:33.312151|[g:1][CONSENSUS][PBFT]checkTimeout Succ,view=2977,toView=2978,nodeIdx=3,changeCycle=0,myNode=d0064285...,timecost=1.223
info|2019-12-14 05:20:33.315753|[g:1][CONSENSUS][PBFT]checkAndChangeView: Reach consensus,org_view=2977,org_changeCycle=0,cur_changeCycle=0,to_view=2978
info|2019-12-14 05:20:34.318688|[g:1][CONSENSUS]addRawPrepare,height=476,reqIdx=1,hash=1e315c25...
info|2019-12-14 05:20:34.319936|[g:1][CONSENSUS][PBFT]checkTimeout Succ,view=2978,toView=2979,nodeIdx=3,changeCycle=0,myNode=d0064285...,timecost=0.845
info|2019-12-14 05:20:34.324185|[g:1][CONSENSUS][PBFT]checkAndChangeView: Reach consensus,org_view=2978,org_changeCycle=0,cur_changeCycle=0,to_view=2979
info|2019-12-14 05:20:35.326413|[g:1][CONSENSUS]addRawPrepare,height=476,reqIdx=2,hash=2b90e16a...
info|2019-12-14 05:20:35.328704|[g:1][CONSENSUS][PBFT]checkTimeout Succ,view=2979,toView=2980,nodeIdx=3,changeCycle=0,myNode=d0064285...,timecost=2.008
info|2019-12-14 05:20:35.331753|[g:1][CONSENSUS][PBFT]checkAndChangeView: Reach consensus,org_view=2979,org_changeCycle=0,cur_changeCycle=0,to_view=2980
info|2019-12-14 05:20:36.331544|[g:1][CONSENSUS][SEALER]++++++++++++++++ Generating seal on,blkNum=476,tx=0,nodeIdx=3,hash=22d6109f...
info|2019-12-14 05:20:36.332907|[g:1][CONSENSUS][PBFT]checkTimeout Succ,view=2980,toView=2981,nodeIdx=3,changeCycle=0,myNode=d0064285...,timecost=0.825
info|2019-12-14 05:20:36.339214|[g:1][CONSENSUS][PBFT]checkAndChangeView: Reach consensus,org_view=2980,org_changeCycle=0,cur_changeCycle=0,to_view=2981
info|2019-12-14 05:20:37.040459|[P2P][Service] heartBeat,connected count=3
info|2019-12-14 05:20:37.340016|[g:1][CONSENSUS]addRawPrepare,height=476,reqIdx=0,hash=1621c509...
info|2019-12-14 05:20:37.342513|[g:1][CONSENSUS][PBFT]checkTimeout Succ,view=2981,toView=2982,nodeIdx=3,changeCycle=0,myNode=d0064285...,timecost=1.63
info|2019-12-14 05:20:37.347406|[g:1][CONSENSUS][PBFT]checkAndChangeView: Reach consensus,org_view=2981,org_changeCycle=0,cur_changeCycle=0,to_view=2982
info|2019-12-14 05:20:38.345267|[g:1][CONSENSUS]addRawPrepare,height=476,reqIdx=1,hash=9c64916d...
info|2019-12-14 05:20:38.345813|[g:1][CONSENSUS][PBFT]checkTimeout Succ,view=2982,toView=2983,nodeIdx=3,changeCycle=0,myNode=d0064285...,timecost=0.413
info|2019-12-14 05:20:38.348264|[g:1][CONSENSUS][PBFT]checkAndChangeView: Reach consensus,org_view=2982,org_changeCycle=0,cur_changeCycle=0,to_view=2983
info|2019-12-14 05:20:39.350511|[g:1][CONSENSUS]addRawPrepare,height=476,reqIdx=2,hash=bb014628...
info|2019-12-14 05:20:39.351628|[g:1][CONSENSUS][PBFT]checkTimeout Succ,view=2983,toView=2984,nodeIdx=3,changeCycle=0,myNode=d0064285...,timecost=0.856
info|2019-12-14 05:20:39.357505|[g:1][CONSENSUS][PBFT]checkAndChangeView: Reach consensus,org_view=2983,org_changeCycle=0,cur_changeCycle=0,to_view=2984
info|2019-12-14 05:20:40.358595|[g:1][CONSENSUS][SEALER]++++++++++++++++ Generating seal on,blkNum=476,tx=0,nodeIdx=3,hash=8432c637...
info|2019-12-14 05:20:40.366357|[g:1][CONSENSUS][PBFT]checkTimeout Succ,view=2984,toView=2985,nodeIdx=3,changeCycle=0,myNode=d0064285...,timecost=2.83
info|2019-12-14 05:20:40.367364|[g:1][CONSENSUS][PBFT]checkAndChangeView: Reach consensus,org_view=2984,org_changeCycle=0,cur_changeCycle=0,to_view=2985
info|2019-12-14 05:20:41.368627|[g:1][CONSENSUS]addRawPrepare,height=476,reqIdx=0,hash=76c80888...
info|2019-12-14 05:20:41.371333|[g:1][CONSENSUS][PBFT]checkTimeout Succ,view=2985,toView=2986,nodeIdx=3,changeCycle=0,myNode=d0064285...,timecost=2.458
info|2019-12-14 05:20:41.373829|[g:1][CONSENSUS][PBFT]checkAndChangeView: Reach consensus,org_view=2985,org_changeCycle=0,cur_changeCycle=0,to_view=2986
info|2019-12-14 05:20:42.378892|[g:1][CONSENSUS]addRawPrepare,height=476,reqIdx=1,hash=a161a969...
info|2019-12-14 05:20:42.380460|[g:1][CONSENSUS][PBFT]checkTimeout Succ,view=2986,toView=2987,nodeIdx=3,changeCycle=0,myNode=d0064285...,timecost=1.328
info|2019-12-14 05:20:42.383965|[g:1][CONSENSUS][PBFT]checkAndChangeView: Reach consensus,org_view=2986,org_changeCycle=0,cur_changeCycle=0,to_view=2987
info|2019-12-14 05:20:43.387643|[g:1][CONSENSUS]addRawPrepare,height=476,reqIdx=2,hash=18d2729f...
info|2019-12-14 05:20:43.388459|[g:1][CONSENSUS][PBFT]checkTimeout Succ,view=2987,toView=2988,nodeIdx=3,changeCycle=0,myNode=d0064285...,timecost=0.593
info|2019-12-14 05:20:43.390295|[g:1][CONSENSUS][PBFT]checkAndChangeView: Reach consensus,org_view=2987,org_changeCycle=0,cur_changeCycle=0,to_view=2988
info|2019-12-14 05:20:44.391542|[g:1][CONSENSUS][SEALER]++++++++++++++++ Generating seal on,blkNum=476,tx=0,nodeIdx=3,hash=3d09e803...
info|2019-12-14 05:20:44.398142|[g:1][CONSENSUS][PBFT]checkTimeout Succ,view=2988,toView=2989,nodeIdx=3,changeCycle=0,myNode=d0064285...,timecost=0.938
info|2019-12-14 05:20:44.399516|[g:1][CONSENSUS][PBFT]checkAndChangeView: Reach consensus,org_view=2988,org_changeCycle=0,cur_changeCycle=0,to_view=2989
info|2019-12-14 05:20:45.399237|[g:1][CONSENSUS]addRawPrepare,height=476,reqIdx=0,hash=7fc0ffb5...
info|2019-12-14 05:20:45.400640|[g:1][CONSENSUS][PBFT]checkTimeout Succ,view=2989,toView=2990,nodeIdx=3,changeCycle=0,myNode=d0064285...,timecost=1.003
info|2019-12-14 05:20:45.404493|[g:1][CONSENSUS][PBFT]checkAndChangeView: Reach consensus,org_view=2989,org_changeCycle=0,cur_changeCycle=0,to_view=2990
info|2019-12-14 05:20:46.406885|[g:1][CONSENSUS]addRawPrepare,height=476,reqIdx=1,hash=c0144e3c...
info|2019-12-14 05:20:46.409523|[g:1][CONSENSUS][PBFT]checkTimeout Succ,view=2990,toView=2991,nodeIdx=3,changeCycle=0,myNode=d0064285...,timecost=2.376
info|2019-12-14 05:20:46.412472|[g:1][CONSENSUS][PBFT]checkAndChangeView: Reach consensus,org_view=2990,org_changeCycle=0,cur_changeCycle=0,to_view=2991
info|2019-12-14 05:20:47.046553|[P2P][Service] heartBeat,connected count=3
info|2019-12-14 05:20:47.415650|[g:1][CONSENSUS]addRawPrepare,height=476,reqIdx=2,hash=b3b08b37...
info|2019-12-14 05:20:47.417031|[g:1][CONSENSUS][PBFT]checkTimeout Succ,view=2991,toView=2992,nodeIdx=3,changeCycle=0,myNode=d0064285...,timecost=0.842
info|2019-12-14 05:20:47.420663|[g:1][CONSENSUS][PBFT]checkAndChangeView: Reach consensus,org_view=2991,org_changeCycle=0,cur_changeCycle=0,to_view=2992
info|2019-12-14 05:20:48.421180|[g:1][CONSENSUS][SEALER]++++++++++++++++ Generating seal on,blkNum=476,tx=0,nodeIdx=3,hash=fee6e78b...
info|2019-12-14 05:20:48.422513|[g:1][CONSENSUS][PBFT]checkTimeout Succ,view=2992,toView=2993,nodeIdx=3,changeCycle=0,myNode=d0064285...,timecost=0.808
info|2019-12-14 05:20:48.429139|[g:1][CONSENSUS][PBFT]checkAndChangeView: Reach consensus,org_view=2992,org_changeCycle=0,cur_changeCycle=0,to_view=2993
