warning|2019-12-12 03:03:32.016523|[g:1][CONSENSUS][PBFT]ViewChangeWarning: not caused by omit empty block ,v=2099,toV=2100,curNum=11,hash=9b39b6b9...,nodeIdx=3,myNode=d0064285...
info|2019-12-12 03:03:32.018700|[P2P][Service] heartBeat,connected count=3
info|2019-12-12 03:03:32.019486|[g:1][CONSENSUS][PBFT]checkTimeout Succ,view=2099,toView=2100,nodeIdx=3,changeCycle=1,myNode=d0064285...,timecost=16.73
info|2019-12-12 03:03:32.025997|[g:1][CONSENSUS][PBFT]checkAndChangeView: Reach consensus,org_view=2099,org_changeCycle=1,cur_changeCycle=1,to_view=2100
info|2019-12-12 03:03:33.027084|[g:1][CONSENSUS][SEALER]++++++++++++++++ Generating seal on,blkNum=12,tx=0,nodeIdx=3,hash=5c52a366...
info|2019-12-12 03:03:33.031685|[g:1][CONSENSUS][PBFT]checkTimeout Succ,view=2100,toView=2101,nodeIdx=3,changeCycle=0,myNode=d0064285...,timecost=0.36
info|2019-12-12 03:03:33.032263|[g:1][CONSENSUS][PBFT]checkAndChangeView: Reach consensus,org_view=2100,org_changeCycle=0,cur_changeCycle=0,to_view=2101
info|2019-12-12 03:03:34.033300|[g:1][CONSENSUS]addRawPrepare,height=12,reqIdx=0,hash=aeb7fdb2...
info|2019-12-12 03:03:34.034732|[g:1][CONSENSUS][PBFT]checkTimeout Succ,view=2101,toView=2102,nodeIdx=3,changeCycle=0,myNode=d0064285...,timecost=1.187
info|2019-12-12 03:03:34.036308|[g:1][CONSENSUS][PBFT]checkAndChangeView: Reach consensus,org_view=2101,org_changeCycle=0,cur_changeCycle=0,to_view=2102
info|2019-12-12 03:03:35.038631|[g:1][CONSENSUS]addRawPrepare,height=12,reqIdx=1,hash=99010925...
info|2019-12-12 03:03:35.039245|[g:1][CONSENSUS][PBFT]checkTimeout Succ,view=2102,toView=2103,nodeIdx=3,changeCycle=0,myNode=d0064285...,timecost=0.482
info|2019-12-12 03:03:35.041428|[g:1][CONSENSUS][PBFT]checkAndChangeView: Reach consensus,org_view=2102,org_changeCycle=0,cur_changeCycle=0,to_view=2103
info|2019-12-12 03:03:36.045007|[g:1][CONSENSUS]addRawPrepare,height=12,reqIdx=2,hash=6cab7cba...
info|2019-12-12 03:03:36.048002|[g:1][CONSENSUS][PBFT]checkTimeout Succ,view=2103,toView=2104,nodeIdx=3,changeCycle=0,myNode=d0064285...,timecost=2.757
info|2019-12-12 03:03:36.049443|[g:1][CONSENSUS][PBFT]checkAndChangeView: Reach consensus,org_view=2103,org_changeCycle=0,cur_changeCycle=0,to_view=2104
info|2019-12-12 03:03:37.049288|[g:1][CONSENSUS][SEALER]++++++++++++++++ Generating seal on,blkNum=12,tx=0,nodeIdx=3,hash=bc69e5af...
info|2019-12-12 03:03:37.050671|[g:1][CONSENSUS][PBFT]checkTimeout Succ,view=2104,toView=2105,nodeIdx=3,changeCycle=0,myNode=d0064285...,timecost=0.855
info|2019-12-12 03:03:37.056344|[g:1][CONSENSUS][PBFT]checkAndChangeView: Reach consensus,org_view=2104,org_changeCycle=0,cur_changeCycle=0,to_view=2105
info|2019-12-12 03:03:38.062666|[g:1][CONSENSUS]addRawPrepare,height=12,reqIdx=0,hash=63c80175...
info|2019-12-12 03:03:38.063726|[g:1][CONSENSUS][PBFT]checkTimeout Succ,view=2105,toView=2106,nodeIdx=3,changeCycle=0,myNode=d0064285...,timecost=0.807
info|2019-12-12 03:03:38.068672|[g:1][CONSENSUS][PBFT]checkAndChangeView: Reach consensus,org_view=2105,org_changeCycle=0,cur_changeCycle=0,to_view=2106
info|2019-12-12 03:03:39.069889|[g:1][CONSENSUS]addRawPrepare,height=12,reqIdx=1,hash=c177bf83...
info|2019-12-12 03:03:39.071684|[g:1][CONSENSUS][PBFT]checkTimeout Succ,view=2106,toView=2107,nodeIdx=3,changeCycle=0,myNode=d0064285...,timecost=1.548
info|2019-12-12 03:03:39.074693|[g:1][CONSENSUS][PBFT]checkAndChangeView: Reach consensus,org_view=2106,org_changeCycle=0,cur_changeCycle=0,to_view=2107
info|2019-12-12 03:03:40.077133|[g:1][CONSENSUS]addRawPrepare,height=12,reqIdx=2,hash=098e3c08...
info|2019-12-12 03:03:40.079131|[g:1][CONSENSUS][PBFT]checkTimeout Succ,view=2107,toView=2108,nodeIdx=3,changeCycle=0,myNode=d0064285...,timecost=1.656
info|2019-12-12 03:03:40.082176|[g:1][CONSENSUS][PBFT]checkAndChangeView: Reach consensus,org_view=2107,org_changeCycle=0,cur_changeCycle=0,to_view=2108
info|2019-12-12 03:03:41.082929|[g:1][CONSENSUS][SEALER]++++++++++++++++ Generating seal on,blkNum=12,tx=0,nodeIdx=3,hash=e544fda3...
info|2019-12-12 03:03:41.086925|[g:1][CONSENSUS][PBFT]checkTimeout Succ,view=2108,toView=2109,nodeIdx=3,changeCycle=0,myNode=d0064285...,timecost=0.384
info|2019-12-12 03:03:41.088770|[g:1][CONSENSUS][PBFT]checkAndChangeView: Reach consensus,org_view=2108,org_changeCycle=0,cur_changeCycle=0,to_view=2109
info|2019-12-12 03:03:42.018854|[P2P][Service] heartBeat,connected count=3
info|2019-12-12 03:03:42.089429|[g:1][CONSENSUS]addRawPrepare,height=12,reqIdx=0,hash=f6fc2856...
info|2019-12-12 03:03:42.092132|[g:1][CONSENSUS][PBFT]checkTimeout Succ,view=2109,toView=2110,nodeIdx=3,changeCycle=0,myNode=d0064285...,timecost=2.172
info|2019-12-12 03:03:42.096390|[g:1][CONSENSUS][PBFT]checkAndChangeView: Reach consensus,org_view=2109,org_changeCycle=0,cur_changeCycle=0,to_view=2110
info|2019-12-12 03:03:43.105017|[g:1][CONSENSUS]addRawPrepare,height=12,reqIdx=1,hash=cb9dd4cf...
info|2019-12-12 03:03:43.107888|[g:1][CONSENSUS][PBFT]checkTimeout Succ,view=2110,toView=2111,nodeIdx=3,changeCycle=0,myNode=d0064285...,timecost=2.599
info|2019-12-12 03:03:43.115997|[g:1][CONSENSUS][PBFT]checkAndChangeView: Reach consensus,org_view=2110,org_changeCycle=0,cur_changeCycle=0,to_view=2111
info|2019-12-12 03:03:44.123953|[g:1][CONSENSUS]addRawPrepare,height=12,reqIdx=2,hash=18c4cb60...
info|2019-12-12 03:03:44.125163|[g:1][CONSENSUS][PBFT]checkTimeout Succ,view=2111,toView=2112,nodeIdx=3,changeCycle=0,myNode=d0064285...,timecost=0.98
info|2019-12-12 03:03:44.130464|[g:1][CONSENSUS][PBFT]checkAndChangeView: Reach consensus,org_view=2111,org_changeCycle=0,cur_changeCycle=0,to_view=2112
info|2019-12-12 03:03:45.131285|[g:1][CONSENSUS][SEALER]++++++++++++++++ Generating seal on,blkNum=12,tx=0,nodeIdx=3,hash=fbac2270...
info|2019-12-12 03:03:45.132734|[g:1][CONSENSUS][PBFT]checkTimeout Succ,view=2112,toView=2113,nodeIdx=3,changeCycle=0,myNode=d0064285...,timecost=0.899
info|2019-12-12 03:03:45.138242|[g:1][CONSENSUS][PBFT]checkAndChangeView: Reach consensus,org_view=2112,org_changeCycle=0,cur_changeCycle=0,to_view=2113
info|2019-12-12 03:03:46.143760|[g:1][CONSENSUS]addRawPrepare,height=12,reqIdx=0,hash=8c5c5846...
info|2019-12-12 03:03:46.145812|[g:1][CONSENSUS][PBFT]checkTimeout Succ,view=2113,toView=2114,nodeIdx=3,changeCycle=0,myNode=d0064285...,timecost=1.613
info|2019-12-12 03:03:46.150958|[g:1][CONSENSUS][PBFT]checkAndChangeView: Reach consensus,org_view=2113,org_changeCycle=0,cur_changeCycle=0,to_view=2114
info|2019-12-12 03:03:47.151335|[g:1][CONSENSUS]addRawPrepare,height=12,reqIdx=1,hash=98c29207...
info|2019-12-12 03:03:47.152332|[g:1][CONSENSUS][PBFT]checkTimeout Succ,view=2114,toView=2115,nodeIdx=3,changeCycle=0,myNode=d0064285...,timecost=0.743
info|2019-12-12 03:03:47.156383|[g:1][CONSENSUS][PBFT]checkAndChangeView: Reach consensus,org_view=2114,org_changeCycle=0,cur_changeCycle=0,to_view=2115
info|2019-12-12 03:03:48.159449|[g:1][CONSENSUS]addRawPrepare,height=12,reqIdx=2,hash=73de91ba...
info|2019-12-12 03:03:48.160648|[g:1][CONSENSUS][PBFT]checkTimeout Succ,view=2115,toView=2116,nodeIdx=3,changeCycle=0,myNode=d0064285...,timecost=0.815
info|2019-12-12 03:03:48.163646|[g:1][CONSENSUS][PBFT]checkAndChangeView: Reach consensus,org_view=2115,org_changeCycle=0,cur_changeCycle=0,to_view=2116
info|2019-12-12 03:03:49.163405|[g:1][CONSENSUS][SEALER]++++++++++++++++ Generating seal on,blkNum=12,tx=0,nodeIdx=3,hash=254f4cf6...
info|2019-12-12 03:03:49.164726|[g:1][CONSENSUS][PBFT]checkTimeout Succ,view=2116,toView=2117,nodeIdx=3,changeCycle=0,myNode=d0064285...,timecost=0.76
info|2019-12-12 03:03:49.171146|[g:1][CONSENSUS][PBFT]checkAndChangeView: Reach consensus,org_view=2116,org_changeCycle=0,cur_changeCycle=0,to_view=2117
info|2019-12-12 03:03:50.174872|[g:1][CONSENSUS]addRawPrepare,height=12,reqIdx=0,hash=74909d2e...
info|2019-12-12 03:03:50.177450|[g:1][CONSENSUS][PBFT]checkTimeout Succ,view=2117,toView=2118,nodeIdx=3,changeCycle=0,myNode=d0064285...,timecost=2.347
info|2019-12-12 03:03:50.180023|[g:1][CONSENSUS][PBFT]checkAndChangeView: Reach consensus,org_view=2117,org_changeCycle=0,cur_changeCycle=0,to_view=2118
info|2019-12-12 03:03:51.183139|[g:1][CONSENSUS]addRawPrepare,height=12,reqIdx=1,hash=10167b46...
info|2019-12-12 03:03:51.184234|[g:1][CONSENSUS][PBFT]checkTimeout Succ,view=2118,toView=2119,nodeIdx=3,changeCycle=0,myNode=d0064285...,timecost=0.858
info|2019-12-12 03:03:51.188702|[g:1][CONSENSUS][PBFT]checkAndChangeView: Reach consensus,org_view=2118,org_changeCycle=0,cur_changeCycle=0,to_view=2119
info|2019-12-12 03:03:52.022433|[P2P][Service] heartBeat,connected count=3
info|2019-12-12 03:03:52.190467|[g:1][CONSENSUS]addRawPrepare,height=12,reqIdx=2,hash=dc3087db...
info|2019-12-12 03:03:52.194272|[g:1][CONSENSUS][PBFT]checkTimeout Succ,view=2119,toView=2120,nodeIdx=3,changeCycle=0,myNode=d0064285...,timecost=3.57
info|2019-12-12 03:03:52.196966|[g:1][CONSENSUS][PBFT]checkAndChangeView: Reach consensus,org_view=2119,org_changeCycle=0,cur_changeCycle=0,to_view=2120
info|2019-12-12 03:03:53.196490|[g:1][CONSENSUS][SEALER]++++++++++++++++ Generating seal on,blkNum=12,tx=0,nodeIdx=3,hash=643d7362...
info|2019-12-12 03:03:53.197814|[g:1][CONSENSUS][PBFT]checkTimeout Succ,view=2120,toView=2121,nodeIdx=3,changeCycle=0,myNode=d0064285...,timecost=0.798
info|2019-12-12 03:03:53.203951|[g:1][CONSENSUS][PBFT]checkAndChangeView: Reach consensus,org_view=2120,org_changeCycle=0,cur_changeCycle=0,to_view=2121
info|2019-12-12 03:03:54.207139|[g:1][CONSENSUS]addRawPrepare,height=12,reqIdx=0,hash=335e2b81...
info|2019-12-12 03:03:54.208467|[g:1][CONSENSUS][PBFT]checkTimeout Succ,view=2121,toView=2122,nodeIdx=3,changeCycle=0,myNode=d0064285...,timecost=1.232
info|2019-12-12 03:03:54.212608|[g:1][CONSENSUS][PBFT]checkAndChangeView: Reach consensus,org_view=2121,org_changeCycle=0,cur_changeCycle=0,to_view=2122
info|2019-12-12 03:03:55.216381|[g:1][CONSENSUS]addRawPrepare,height=12,reqIdx=1,hash=a0470c5b...
info|2019-12-12 03:03:55.219140|[g:1][CONSENSUS][PBFT]checkTimeout Succ,view=2122,toView=2123,nodeIdx=3,changeCycle=0,myNode=d0064285...,timecost=2.536
info|2019-12-12 03:03:55.223612|[g:1][CONSENSUS][PBFT]checkAndChangeView: Reach consensus,org_view=2122,org_changeCycle=0,cur_changeCycle=0,to_view=2123
info|2019-12-12 03:03:56.223982|[g:1][CONSENSUS]addRawPrepare,height=12,reqIdx=2,hash=9efb2207...
info|2019-12-12 03:03:56.225257|[g:1][CONSENSUS][PBFT]checkTimeout Succ,view=2123,toView=2124,nodeIdx=3,changeCycle=0,myNode=d0064285...,timecost=1.057
info|2019-12-12 03:03:56.230048|[g:1][CONSENSUS][PBFT]checkAndChangeView: Reach consensus,org_view=2123,org_changeCycle=0,cur_changeCycle=0,to_view=2124
info|2019-12-12 03:03:57.231217|[g:1][CONSENSUS][SEALER]++++++++++++++++ Generating seal on,blkNum=12,tx=0,nodeIdx=3,hash=6abbf714...
info|2019-12-12 03:03:57.238110|[g:1][CONSENSUS][PBFT]checkTimeout Succ,view=2124,toView=2125,nodeIdx=3,changeCycle=0,myNode=d0064285...,timecost=1.079
info|2019-12-12 03:03:57.239221|[g:1][CONSENSUS][PBFT]checkAndChangeView: Reach consensus,org_view=2124,org_changeCycle=0,cur_changeCycle=0,to_view=2125
info|2019-12-12 03:03:58.245139|[g:1][CONSENSUS]addRawPrepare,height=12,reqIdx=0,hash=165bf918...
info|2019-12-12 03:03:58.247768|[g:1][CONSENSUS][PBFT]checkTimeout Succ,view=2125,toView=2126,nodeIdx=3,changeCycle=0,myNode=d0064285...,timecost=2.387
info|2019-12-12 03:03:58.250537|[g:1][CONSENSUS][PBFT]checkAndChangeView: Reach consensus,org_view=2125,org_changeCycle=0,cur_changeCycle=0,to_view=2126
info|2019-12-12 03:03:59.253781|[g:1][CONSENSUS]addRawPrepare,height=12,reqIdx=1,hash=1e9a3ab6...
info|2019-12-12 03:03:59.254943|[g:1][CONSENSUS][PBFT]checkTimeout Succ,view=2126,toView=2127,nodeIdx=3,changeCycle=0,myNode=d0064285...,timecost=0.921
info|2019-12-12 03:03:59.257805|[g:1][CONSENSUS][PBFT]checkAndChangeView: Reach consensus,org_view=2126,org_changeCycle=0,cur_changeCycle=0,to_view=2127
info|2019-12-12 03:04:00.262242|[g:1][CONSENSUS]addRawPrepare,height=12,reqIdx=2,hash=74721553...
info|2019-12-12 03:04:00.264070|[g:1][CONSENSUS][PBFT]checkTimeout Succ,view=2127,toView=2128,nodeIdx=3,changeCycle=0,myNode=d0064285...,timecost=1.529
info|2019-12-12 03:04:00.268937|[g:1][CONSENSUS][PBFT]checkAndChangeView: Reach consensus,org_view=2127,org_changeCycle=0,cur_changeCycle=0,to_view=2128
info|2019-12-12 03:04:01.269371|[g:1][CONSENSUS][SEALER]++++++++++++++++ Generating seal on,blkNum=12,tx=0,nodeIdx=3,hash=fb443156...
info|2019-12-12 03:04:01.276115|[g:1][CONSENSUS][PBFT]checkTimeout Succ,view=2128,toView=2129,nodeIdx=3,changeCycle=0,myNode=d0064285...,timecost=0.911
info|2019-12-12 03:04:01.277338|[g:1][CONSENSUS][PBFT]checkAndChangeView: Reach consensus,org_view=2128,org_changeCycle=0,cur_changeCycle=0,to_view=2129
info|2019-12-12 03:04:02.026616|[P2P][Service] heartBeat,connected count=3
info|2019-12-12 03:04:02.279515|[g:1][CONSENSUS]addRawPrepare,height=12,reqIdx=0,hash=e8ddf304...
info|2019-12-12 03:04:02.280685|[g:1][CONSENSUS][PBFT]checkTimeout Succ,view=2129,toView=2130,nodeIdx=3,changeCycle=0,myNode=d0064285...,timecost=0.944
info|2019-12-12 03:04:02.286653|[g:1][CONSENSUS][PBFT]checkAndChangeView: Reach consensus,org_view=2129,org_changeCycle=0,cur_changeCycle=0,to_view=2130
info|2019-12-12 03:04:03.288356|[g:1][CONSENSUS]addRawPrepare,height=12,reqIdx=1,hash=761d5acf...
info|2019-12-12 03:04:03.289675|[g:1][CONSENSUS][PBFT]checkTimeout Succ,view=2130,toView=2131,nodeIdx=3,changeCycle=0,myNode=d0064285...,timecost=1.069
info|2019-12-12 03:04:03.292645|[g:1][CONSENSUS][PBFT]checkAndChangeView: Reach consensus,org_view=2130,org_changeCycle=0,cur_changeCycle=0,to_view=2131
info|2019-12-12 03:04:04.297283|[g:1][CONSENSUS]addRawPrepare,height=12,reqIdx=2,hash=6a637133...
info|2019-12-12 03:04:04.298449|[g:1][CONSENSUS][PBFT]checkTimeout Succ,view=2131,toView=2132,nodeIdx=3,changeCycle=0,myNode=d0064285...,timecost=0.777
info|2019-12-12 03:04:04.301202|[g:1][CONSENSUS][PBFT]checkAndChangeView: Reach consensus,org_view=2131,org_changeCycle=0,cur_changeCycle=0,to_view=2132
info|2019-12-12 03:04:05.301166|[g:1][CONSENSUS][SEALER]++++++++++++++++ Generating seal on,blkNum=12,tx=0,nodeIdx=3,hash=af2ce4eb...
info|2019-12-12 03:04:05.301902|[g:1][CONSENSUS][PBFT]checkTimeout Succ,view=2132,toView=2133,nodeIdx=3,changeCycle=0,myNode=d0064285...,timecost=0.387
info|2019-12-12 03:04:05.304569|[g:1][CONSENSUS][PBFT]checkAndChangeView: Reach consensus,org_view=2132,org_changeCycle=0,cur_changeCycle=0,to_view=2133
info|2019-12-12 03:04:06.306185|[g:1][CONSENSUS]addRawPrepare,height=12,reqIdx=0,hash=ef7d6374...
info|2019-12-12 03:04:06.307719|[g:1][CONSENSUS][PBFT]checkTimeout Succ,view=2133,toView=2134,nodeIdx=3,changeCycle=0,myNode=d0064285...,timecost=1.368
info|2019-12-12 03:04:06.309511|[g:1][CONSENSUS][PBFT]checkAndChangeView: Reach consensus,org_view=2133,org_changeCycle=0,cur_changeCycle=0,to_view=2134
info|2019-12-12 03:04:07.311832|[g:1][CONSENSUS]addRawPrepare,height=12,reqIdx=1,hash=78f482ef...
info|2019-12-12 03:04:07.314113|[g:1][CONSENSUS][PBFT]checkTimeout Succ,view=2134,toView=2135,nodeIdx=3,changeCycle=0,myNode=d0064285...,timecost=2.079
info|2019-12-12 03:04:07.315642|[g:1][CONSENSUS][PBFT]checkAndChangeView: Reach consensus,org_view=2134,org_changeCycle=0,cur_changeCycle=0,to_view=2135
info|2019-12-12 03:04:08.318693|[g:1][CONSENSUS]addRawPrepare,height=12,reqIdx=2,hash=3a72d5dd...
info|2019-12-12 03:04:08.319548|[g:1][CONSENSUS][PBFT]checkTimeout Succ,view=2135,toView=2136,nodeIdx=3,changeCycle=0,myNode=d0064285...,timecost=0.672
info|2019-12-12 03:04:08.322200|[g:1][CONSENSUS][PBFT]checkAndChangeView: Reach consensus,org_view=2135,org_changeCycle=0,cur_changeCycle=0,to_view=2136
info|2019-12-12 03:04:09.322215|[g:1][CONSENSUS][SEALER]++++++++++++++++ Generating seal on,blkNum=12,tx=0,nodeIdx=3,hash=9f5003fd...
info|2019-12-12 03:04:09.323558|[g:1][CONSENSUS][PBFT]checkTimeout Succ,view=2136,toView=2137,nodeIdx=3,changeCycle=0,myNode=d0064285...,timecost=0.838
info|2019-12-12 03:04:09.327616|[g:1][CONSENSUS][PBFT]checkAndChangeView: Reach consensus,org_view=2136,org_changeCycle=0,cur_changeCycle=0,to_view=2137
info|2019-12-12 03:04:10.330403|[g:1][CONSENSUS]addRawPrepare,height=12,reqIdx=0,hash=f0b3d0e0...
info|2019-12-12 03:04:10.331456|[g:1][CONSENSUS][PBFT]checkTimeout Succ,view=2137,toView=2138,nodeIdx=3,changeCycle=0,myNode=d0064285...,timecost=0.821
info|2019-12-12 03:04:10.335065|[g:1][CONSENSUS][PBFT]checkAndChangeView: Reach consensus,org_view=2137,org_changeCycle=0,cur_changeCycle=0,to_view=2138
info|2019-12-12 03:04:11.340645|[g:1][CONSENSUS]addRawPrepare,height=12,reqIdx=1,hash=f974e099...
info|2019-12-12 03:04:11.341885|[g:1][CONSENSUS][PBFT]checkTimeout Succ,view=2138,toView=2139,nodeIdx=3,changeCycle=0,myNode=d0064285...,timecost=0.901
info|2019-12-12 03:04:11.344233|[g:1][CONSENSUS][PBFT]checkAndChangeView: Reach consensus,org_view=2138,org_changeCycle=0,cur_changeCycle=0,to_view=2139
info|2019-12-12 03:04:12.031236|[P2P][Service] heartBeat,connected count=3
info|2019-12-12 03:04:12.347725|[g:1][CONSENSUS]addRawPrepare,height=12,reqIdx=2,hash=4489755d...
info|2019-12-12 03:04:12.350026|[g:1][CONSENSUS][PBFT]checkTimeout Succ,view=2139,toView=2140,nodeIdx=3,changeCycle=0,myNode=d0064285...,timecost=2.011
info|2019-12-12 03:04:12.355946|[g:1][CONSENSUS][PBFT]checkAndChangeView: Reach consensus,org_view=2139,org_changeCycle=0,cur_changeCycle=0,to_view=2140
info|2019-12-12 03:04:13.356864|[g:1][CONSENSUS][SEALER]++++++++++++++++ Generating seal on,blkNum=12,tx=0,nodeIdx=3,hash=3ef870e1...
info|2019-12-12 03:04:13.361585|[g:1][CONSENSUS][PBFT]checkTimeout Succ,view=2140,toView=2141,nodeIdx=3,changeCycle=0,myNode=d0064285...,timecost=0.854
info|2019-12-12 03:04:13.364046|[g:1][CONSENSUS][PBFT]checkAndChangeView: Reach consensus,org_view=2140,org_changeCycle=0,cur_changeCycle=0,to_view=2141
info|2019-12-12 03:04:14.365781|[g:1][CONSENSUS]addRawPrepare,height=12,reqIdx=0,hash=00ca1bfa...
info|2019-12-12 03:04:14.367052|[g:1][CONSENSUS][PBFT]checkTimeout Succ,view=2141,toView=2142,nodeIdx=3,changeCycle=0,myNode=d0064285...,timecost=1.005
info|2019-12-12 03:04:14.371573|[g:1][CONSENSUS][PBFT]checkAndChangeView: Reach consensus,org_view=2141,org_changeCycle=0,cur_changeCycle=0,to_view=2142
info|2019-12-12 03:04:15.373664|[g:1][CONSENSUS]addRawPrepare,height=12,reqIdx=1,hash=eda0cf76...
info|2019-12-12 03:04:15.374781|[g:1][CONSENSUS][PBFT]checkTimeout Succ,view=2142,toView=2143,nodeIdx=3,changeCycle=0,myNode=d0064285...,timecost=0.873
info|2019-12-12 03:04:15.378936|[g:1][CONSENSUS][PBFT]checkAndChangeView: Reach consensus,org_view=2142,org_changeCycle=0,cur_changeCycle=0,to_view=2143
info|2019-12-12 03:04:16.381998|[g:1][CONSENSUS]addRawPrepare,height=12,reqIdx=2,hash=f5dd5305...
info|2019-12-12 03:04:16.384405|[g:1][CONSENSUS][PBFT]checkTimeout Succ,view=2143,toView=2144,nodeIdx=3,changeCycle=0,myNode=d0064285...,timecost=2.127
info|2019-12-12 03:04:16.387196|[g:1][CONSENSUS][PBFT]checkAndChangeView: Reach consensus,org_view=2143,org_changeCycle=0,cur_changeCycle=0,to_view=2144
info|2019-12-12 03:04:17.387698|[g:1][CONSENSUS][SEALER]++++++++++++++++ Generating seal on,blkNum=12,tx=0,nodeIdx=3,hash=7c8d734d...
info|2019-12-12 03:04:17.394908|[g:1][CONSENSUS][PBFT]checkTimeout Succ,view=2144,toView=2145,nodeIdx=3,changeCycle=0,myNode=d0064285...,timecost=3.041
info|2019-12-12 03:04:17.397257|[g:1][CONSENSUS][PBFT]checkAndChangeView: Reach consensus,org_view=2144,org_changeCycle=0,cur_changeCycle=0,to_view=2145
info|2019-12-12 03:04:18.399561|[g:1][CONSENSUS]addRawPrepare,height=12,reqIdx=0,hash=065d0c73...
info|2019-12-12 03:04:18.400656|[g:1][CONSENSUS][PBFT]checkTimeout Succ,view=2145,toView=2146,nodeIdx=3,changeCycle=0,myNode=d0064285...,timecost=0.728
info|2019-12-12 03:04:18.405780|[g:1][CONSENSUS][PBFT]checkAndChangeView: Reach consensus,org_view=2145,org_changeCycle=0,cur_changeCycle=0,to_view=2146
info|2019-12-12 03:04:19.407040|[g:1][CONSENSUS]addRawPrepare,height=12,reqIdx=1,hash=273f7959...
info|2019-12-12 03:04:19.408356|[g:1][CONSENSUS][PBFT]checkTimeout Succ,view=2146,toView=2147,nodeIdx=3,changeCycle=0,myNode=d0064285...,timecost=1.081
info|2019-12-12 03:04:19.411980|[g:1][CONSENSUS][PBFT]checkAndChangeView: Reach consensus,org_view=2146,org_changeCycle=0,cur_changeCycle=0,to_view=2147
info|2019-12-12 03:04:20.414848|[g:1][CONSENSUS]addRawPrepare,height=12,reqIdx=2,hash=a9a299c3...
info|2019-12-12 03:04:20.415807|[g:1][CONSENSUS][PBFT]checkTimeout Succ,view=2147,toView=2148,nodeIdx=3,changeCycle=0,myNode=d0064285...,timecost=0.715
info|2019-12-12 03:04:20.418773|[g:1][CONSENSUS][PBFT]checkAndChangeView: Reach consensus,org_view=2147,org_changeCycle=0,cur_changeCycle=0,to_view=2148
info|2019-12-12 03:04:21.418785|[g:1][CONSENSUS][SEALER]++++++++++++++++ Generating seal on,blkNum=12,tx=0,nodeIdx=3,hash=30cc588c...
info|2019-12-12 03:04:21.420264|[g:1][CONSENSUS][PBFT]checkTimeout Succ,view=2148,toView=2149,nodeIdx=3,changeCycle=0,myNode=d0064285...,timecost=0.929
info|2019-12-12 03:04:21.426681|[g:1][CONSENSUS][PBFT]checkAndChangeView: Reach consensus,org_view=2148,org_changeCycle=0,cur_changeCycle=0,to_view=2149
info|2019-12-12 03:04:22.035787|[P2P][Service] heartBeat,connected count=3
info|2019-12-12 03:04:22.428241|[g:1][CONSENSUS]addRawPrepare,height=12,reqIdx=0,hash=47076da6...
info|2019-12-12 03:04:22.429501|[g:1][CONSENSUS][PBFT]checkTimeout Succ,view=2149,toView=2150,nodeIdx=3,changeCycle=0,myNode=d0064285...,timecost=1.073
info|2019-12-12 03:04:22.432646|[g:1][CONSENSUS][PBFT]checkAndChangeView: Reach consensus,org_view=2149,org_changeCycle=0,cur_changeCycle=0,to_view=2150
info|2019-12-12 03:04:23.435810|[g:1][CONSENSUS]addRawPrepare,height=12,reqIdx=1,hash=f4a5a554...
info|2019-12-12 03:04:23.436918|[g:1][CONSENSUS][PBFT]checkTimeout Succ,view=2150,toView=2151,nodeIdx=3,changeCycle=0,myNode=d0064285...,timecost=0.871
info|2019-12-12 03:04:23.441108|[g:1][CONSENSUS][PBFT]checkAndChangeView: Reach consensus,org_view=2150,org_changeCycle=0,cur_changeCycle=0,to_view=2151
info|2019-12-12 03:04:24.444985|[g:1][CONSENSUS]addRawPrepare,height=12,reqIdx=2,hash=4413e45b...
info|2019-12-12 03:04:24.446961|[g:1][CONSENSUS][PBFT]checkTimeout Succ,view=2151,toView=2152,nodeIdx=3,changeCycle=0,myNode=d0064285...,timecost=1.738
info|2019-12-12 03:04:24.449857|[g:1][CONSENSUS][PBFT]checkAndChangeView: Reach consensus,org_view=2151,org_changeCycle=0,cur_changeCycle=0,to_view=2152
info|2019-12-12 03:04:25.450598|[g:1][CONSENSUS][SEALER]++++++++++++++++ Generating seal on,blkNum=12,tx=0,nodeIdx=3,hash=fef5dfea...
info|2019-12-12 03:04:25.457259|[g:1][CONSENSUS][PBFT]checkTimeout Succ,view=2152,toView=2153,nodeIdx=3,changeCycle=0,myNode=d0064285...,timecost=0.823
info|2019-12-12 03:04:25.458535|[g:1][CONSENSUS][PBFT]checkAndChangeView: Reach consensus,org_view=2152,org_changeCycle=0,cur_changeCycle=0,to_view=2153
info|2019-12-12 03:04:26.460095|[g:1][CONSENSUS]addRawPrepare,height=12,reqIdx=0,hash=8ba0d618...
info|2019-12-12 03:04:26.461032|[g:1][CONSENSUS][PBFT]checkTimeout Succ,view=2153,toView=2154,nodeIdx=3,changeCycle=0,myNode=d0064285...,timecost=0.727
info|2019-12-12 03:04:26.466029|[g:1][CONSENSUS][PBFT]checkAndChangeView: Reach consensus,org_view=2153,org_changeCycle=0,cur_changeCycle=0,to_view=2154
info|2019-12-12 03:04:27.468390|[g:1][CONSENSUS]addRawPrepare,height=12,reqIdx=1,hash=fc1f4d3b...
info|2019-12-12 03:04:27.473385|[g:1][CONSENSUS][PBFT]checkTimeout Succ,view=2154,toView=2155,nodeIdx=3,changeCycle=0,myNode=d0064285...,timecost=4.542
info|2019-12-12 03:04:27.475370|[g:1][CONSENSUS][PBFT]checkAndChangeView: Reach consensus,org_view=2154,org_changeCycle=0,cur_changeCycle=0,to_view=2155
info|2019-12-12 03:04:28.475627|[g:1][CONSENSUS]addRawPrepare,height=12,reqIdx=2,hash=9db11679...
info|2019-12-12 03:04:28.479043|[g:1][CONSENSUS][PBFT]checkTimeout Succ,view=2155,toView=2156,nodeIdx=3,changeCycle=0,myNode=d0064285...,timecost=3.174
info|2019-12-12 03:04:28.481674|[g:1][CONSENSUS][PBFT]checkAndChangeView: Reach consensus,org_view=2155,org_changeCycle=0,cur_changeCycle=0,to_view=2156
info|2019-12-12 03:04:29.482725|[g:1][CONSENSUS][SEALER]++++++++++++++++ Generating seal on,blkNum=12,tx=0,nodeIdx=3,hash=66744178...
info|2019-12-12 03:04:29.484179|[g:1][CONSENSUS][PBFT]checkTimeout Succ,view=2156,toView=2157,nodeIdx=3,changeCycle=0,myNode=d0064285...,timecost=0.881
info|2019-12-12 03:04:29.490502|[g:1][CONSENSUS][PBFT]checkAndChangeView: Reach consensus,org_view=2156,org_changeCycle=0,cur_changeCycle=0,to_view=2157
info|2019-12-12 03:04:30.492992|[g:1][CONSENSUS]addRawPrepare,height=12,reqIdx=0,hash=17d6c03d...
info|2019-12-12 03:04:30.494040|[g:1][CONSENSUS][PBFT]checkTimeout Succ,view=2157,toView=2158,nodeIdx=3,changeCycle=0,myNode=d0064285...,timecost=0.817
info|2019-12-12 03:04:30.497911|[g:1][CONSENSUS][PBFT]checkAndChangeView: Reach consensus,org_view=2157,org_changeCycle=0,cur_changeCycle=0,to_view=2158
info|2019-12-12 03:04:31.500603|[g:1][CONSENSUS]addRawPrepare,height=12,reqIdx=1,hash=943fee31...
info|2019-12-12 03:04:31.501760|[g:1][CONSENSUS][PBFT]checkTimeout Succ,view=2158,toView=2159,nodeIdx=3,changeCycle=0,myNode=d0064285...,timecost=0.911
info|2019-12-12 03:04:31.505577|[g:1][CONSENSUS][PBFT]checkAndChangeView: Reach consensus,org_view=2158,org_changeCycle=0,cur_changeCycle=0,to_view=2159
info|2019-12-12 03:04:32.041632|[P2P][Service] heartBeat,connected count=3
info|2019-12-12 03:04:32.507396|[g:1][CONSENSUS]addRawPrepare,height=12,reqIdx=2,hash=126b8e84...
info|2019-12-12 03:04:32.508772|[g:1][CONSENSUS][PBFT]checkTimeout Succ,view=2159,toView=2160,nodeIdx=3,changeCycle=0,myNode=d0064285...,timecost=1.06
info|2019-12-12 03:04:32.512759|[g:1][CONSENSUS][PBFT]checkAndChangeView: Reach consensus,org_view=2159,org_changeCycle=0,cur_changeCycle=0,to_view=2160
info|2019-12-12 03:04:33.512975|[g:1][CONSENSUS][SEALER]++++++++++++++++ Generating seal on,blkNum=12,tx=0,nodeIdx=3,hash=32986512...
info|2019-12-12 03:04:33.514379|[g:1][CONSENSUS][PBFT]checkTimeout Succ,view=2160,toView=2161,nodeIdx=3,changeCycle=0,myNode=d0064285...,timecost=0.88
info|2019-12-12 03:04:33.521871|[g:1][CONSENSUS][PBFT]checkAndChangeView: Reach consensus,org_view=2160,org_changeCycle=0,cur_changeCycle=0,to_view=2161
