info|2019-12-11 06:22:53.011869|[P2P][Service] heartBeat,connected count=3
warning|2019-12-11 06:22:53.013387|[g:1][CONSENSUS][PBFT]ViewChangeWarning: not caused by omit empty block ,v=5677,toV=5678,curNum=0,hash=382ff964...,nodeIdx=3,myNode=d0064285...
info|2019-12-11 06:22:53.013503|[g:1][CONSENSUS][PBFT]checkTimeout Succ,view=5677,toView=5678,nodeIdx=3,changeCycle=1,myNode=d0064285...,timecost=0.52
info|2019-12-11 06:22:53.017230|[g:1][CONSENSUS][PBFT]checkAndChangeView: Reach consensus,org_view=5677,org_changeCycle=1,cur_changeCycle=1,to_view=5678
info|2019-12-11 06:22:54.019319|[g:1][CONSENSUS]addRawPrepare,height=1,reqIdx=2,hash=eb8cef82...
info|2019-12-11 06:22:54.019966|[g:1][CONSENSUS][PBFT]checkTimeout Succ,view=5678,toView=5679,nodeIdx=3,changeCycle=0,myNode=d0064285...,timecost=0.53
info|2019-12-11 06:22:54.021786|[g:1][CONSENSUS][PBFT]checkAndChangeView: Reach consensus,org_view=5678,org_changeCycle=0,cur_changeCycle=0,to_view=5679
info|2019-12-11 06:22:55.021944|[g:1][CONSENSUS][SEALER]++++++++++++++++ Generating seal on,blkNum=1,tx=0,nodeIdx=3,hash=6e2e8ddd...
info|2019-12-11 06:22:55.025960|[g:1][CONSENSUS][PBFT]checkTimeout Succ,view=5679,toView=5680,nodeIdx=3,changeCycle=0,myNode=d0064285...,timecost=0.639
info|2019-12-11 06:22:55.027475|[g:1][CONSENSUS][PBFT]checkAndChangeView: Reach consensus,org_view=5679,org_changeCycle=0,cur_changeCycle=0,to_view=5680
info|2019-12-11 06:22:56.029035|[g:1][CONSENSUS]addRawPrepare,height=1,reqIdx=0,hash=091eba6b...
info|2019-12-11 06:22:56.030661|[g:1][CONSENSUS][PBFT]checkTimeout Succ,view=5680,toView=5681,nodeIdx=3,changeCycle=0,myNode=d0064285...,timecost=1.294
info|2019-12-11 06:22:56.035076|[g:1][CONSENSUS][PBFT]checkAndChangeView: Reach consensus,org_view=5680,org_changeCycle=0,cur_changeCycle=0,to_view=5681
info|2019-12-11 06:22:57.035023|[g:1][CONSENSUS]addRawPrepare,height=1,reqIdx=1,hash=afced68b...
info|2019-12-11 06:22:57.036168|[g:1][CONSENSUS][PBFT]checkTimeout Succ,view=5681,toView=5682,nodeIdx=3,changeCycle=0,myNode=d0064285...,timecost=0.603
info|2019-12-11 06:22:57.038088|[g:1][CONSENSUS][PBFT]checkAndChangeView: Reach consensus,org_view=5681,org_changeCycle=0,cur_changeCycle=0,to_view=5682
info|2019-12-11 06:22:58.041788|[g:1][CONSENSUS]addRawPrepare,height=1,reqIdx=2,hash=5c109201...
info|2019-12-11 06:22:58.044625|[g:1][CONSENSUS][PBFT]checkTimeout Succ,view=5682,toView=5683,nodeIdx=3,changeCycle=0,myNode=d0064285...,timecost=1.282
info|2019-12-11 06:22:58.046977|[g:1][CONSENSUS][PBFT]checkAndChangeView: Reach consensus,org_view=5682,org_changeCycle=0,cur_changeCycle=0,to_view=5683
info|2019-12-11 06:22:57.486285|[g:1][CONSENSUS][SEALER]++++++++++++++++ Generating seal on,blkNum=1,tx=0,nodeIdx=3,hash=26bcc589...
info|2019-12-11 06:22:57.498054|[g:1][CONSENSUS][PBFT]checkTimeout Succ,view=5683,toView=5684,nodeIdx=3,changeCycle=0,myNode=d0064285...,timecost=0.463
info|2019-12-11 06:22:57.499368|[g:1][CONSENSUS][PBFT]checkAndChangeView: Reach consensus,org_view=5683,org_changeCycle=0,cur_changeCycle=0,to_view=5684
info|2019-12-11 06:22:58.502045|[g:1][CONSENSUS]addRawPrepare,height=1,reqIdx=0,hash=cbe5b1c7...
info|2019-12-11 06:22:58.503271|[g:1][CONSENSUS][PBFT]checkTimeout Succ,view=5684,toView=5685,nodeIdx=3,changeCycle=0,myNode=d0064285...,timecost=0.919
info|2019-12-11 06:22:58.505895|[g:1][CONSENSUS][PBFT]checkAndChangeView: Reach consensus,org_view=5684,org_changeCycle=0,cur_changeCycle=0,to_view=5685
info|2019-12-11 06:22:59.511089|[g:1][CONSENSUS]addRawPrepare,height=1,reqIdx=1,hash=33084944...
info|2019-12-11 06:22:59.512092|[g:1][CONSENSUS][PBFT]checkTimeout Succ,view=5685,toView=5686,nodeIdx=3,changeCycle=0,myNode=d0064285...,timecost=0.763
info|2019-12-11 06:22:59.515361|[g:1][CONSENSUS][PBFT]checkAndChangeView: Reach consensus,org_view=5685,org_changeCycle=0,cur_changeCycle=0,to_view=5686
info|2019-12-11 06:23:00.517744|[g:1][CONSENSUS]addRawPrepare,height=1,reqIdx=2,hash=8b0810cf...
info|2019-12-11 06:23:00.518911|[g:1][CONSENSUS][PBFT]checkTimeout Succ,view=5686,toView=5687,nodeIdx=3,changeCycle=0,myNode=d0064285...,timecost=0.852
info|2019-12-11 06:23:00.522501|[g:1][CONSENSUS][PBFT]checkAndChangeView: Reach consensus,org_view=5686,org_changeCycle=0,cur_changeCycle=0,to_view=5687
info|2019-12-11 06:23:01.523210|[g:1][CONSENSUS][SEALER]++++++++++++++++ Generating seal on,blkNum=1,tx=0,nodeIdx=3,hash=df89b4d1...
info|2019-12-11 06:23:01.524503|[g:1][CONSENSUS][PBFT]checkTimeout Succ,view=5687,toView=5688,nodeIdx=3,changeCycle=0,myNode=d0064285...,timecost=0.744
info|2019-12-11 06:23:01.530568|[g:1][CONSENSUS][PBFT]checkAndChangeView: Reach consensus,org_view=5687,org_changeCycle=0,cur_changeCycle=0,to_view=5688
info|2019-12-11 06:23:02.533670|[g:1][CONSENSUS]addRawPrepare,height=1,reqIdx=0,hash=6fe87941...
info|2019-12-11 06:23:02.535466|[g:1][CONSENSUS][PBFT]checkTimeout Succ,view=5688,toView=5689,nodeIdx=3,changeCycle=0,myNode=d0064285...,timecost=0.843
info|2019-12-11 06:23:02.539655|[g:1][CONSENSUS][PBFT]checkAndChangeView: Reach consensus,org_view=5688,org_changeCycle=0,cur_changeCycle=0,to_view=5689
info|2019-12-11 06:23:03.018314|[P2P][Service] heartBeat,connected count=3
info|2019-12-11 06:23:03.539818|[g:1][CONSENSUS]addRawPrepare,height=1,reqIdx=1,hash=c01e45e4...
info|2019-12-11 06:23:03.540814|[g:1][CONSENSUS][PBFT]checkTimeout Succ,view=5689,toView=5690,nodeIdx=3,changeCycle=0,myNode=d0064285...,timecost=0.765
info|2019-12-11 06:23:03.545717|[g:1][CONSENSUS][PBFT]checkAndChangeView: Reach consensus,org_view=5689,org_changeCycle=0,cur_changeCycle=0,to_view=5690
info|2019-12-11 06:23:04.548806|[g:1][CONSENSUS]addRawPrepare,height=1,reqIdx=2,hash=9f31a326...
info|2019-12-11 06:23:04.551313|[g:1][CONSENSUS][PBFT]checkTimeout Succ,view=5690,toView=5691,nodeIdx=3,changeCycle=0,myNode=d0064285...,timecost=2.262
info|2019-12-11 06:23:04.554217|[g:1][CONSENSUS][PBFT]checkAndChangeView: Reach consensus,org_view=5690,org_changeCycle=0,cur_changeCycle=0,to_view=5691
info|2019-12-11 06:23:05.554402|[g:1][CONSENSUS][SEALER]++++++++++++++++ Generating seal on,blkNum=1,tx=0,nodeIdx=3,hash=333d5fa5...
info|2019-12-11 06:23:05.556097|[g:1][CONSENSUS][PBFT]checkTimeout Succ,view=5691,toView=5692,nodeIdx=3,changeCycle=0,myNode=d0064285...,timecost=0.951
info|2019-12-11 06:23:05.561070|[g:1][CONSENSUS][PBFT]checkAndChangeView: Reach consensus,org_view=5691,org_changeCycle=0,cur_changeCycle=0,to_view=5692
info|2019-12-11 06:23:06.563286|[g:1][CONSENSUS]addRawPrepare,height=1,reqIdx=0,hash=fd73905b...
info|2019-12-11 06:23:06.565366|[g:1][CONSENSUS][PBFT]checkTimeout Succ,view=5692,toView=5693,nodeIdx=3,changeCycle=0,myNode=d0064285...,timecost=1.742
info|2019-12-11 06:23:06.568345|[g:1][CONSENSUS][PBFT]checkAndChangeView: Reach consensus,org_view=5692,org_changeCycle=0,cur_changeCycle=0,to_view=5693
info|2019-12-11 06:23:07.569750|[g:1][CONSENSUS]addRawPrepare,height=1,reqIdx=1,hash=cb36f5b0...
info|2019-12-11 06:23:07.572321|[g:1][CONSENSUS][PBFT]checkTimeout Succ,view=5693,toView=5694,nodeIdx=3,changeCycle=0,myNode=d0064285...,timecost=2.102
info|2019-12-11 06:23:07.574811|[g:1][CONSENSUS][PBFT]checkAndChangeView: Reach consensus,org_view=5693,org_changeCycle=0,cur_changeCycle=0,to_view=5694
info|2019-12-11 06:23:08.579237|[g:1][CONSENSUS]addRawPrepare,height=1,reqIdx=2,hash=5dc59a69...
info|2019-12-11 06:23:08.581365|[g:1][CONSENSUS][PBFT]checkTimeout Succ,view=5694,toView=5695,nodeIdx=3,changeCycle=0,myNode=d0064285...,timecost=1.569
info|2019-12-11 06:23:08.584391|[g:1][CONSENSUS][PBFT]checkAndChangeView: Reach consensus,org_view=5694,org_changeCycle=0,cur_changeCycle=0,to_view=5695
info|2019-12-11 06:23:09.584550|[g:1][CONSENSUS][SEALER]++++++++++++++++ Generating seal on,blkNum=1,tx=0,nodeIdx=3,hash=4d21fd00...
info|2019-12-11 06:23:09.585855|[g:1][CONSENSUS][PBFT]checkTimeout Succ,view=5695,toView=5696,nodeIdx=3,changeCycle=0,myNode=d0064285...,timecost=0.757
info|2019-12-11 06:23:09.592560|[g:1][CONSENSUS][PBFT]checkAndChangeView: Reach consensus,org_view=5695,org_changeCycle=0,cur_changeCycle=0,to_view=5696
info|2019-12-11 06:23:10.593082|[g:1][CONSENSUS]addRawPrepare,height=1,reqIdx=0,hash=a7a3a59e...
info|2019-12-11 06:23:10.594078|[g:1][CONSENSUS][PBFT]checkTimeout Succ,view=5696,toView=5697,nodeIdx=3,changeCycle=0,myNode=d0064285...,timecost=0.794
info|2019-12-11 06:23:10.598935|[g:1][CONSENSUS][PBFT]checkAndChangeView: Reach consensus,org_view=5696,org_changeCycle=0,cur_changeCycle=0,to_view=5697
info|2019-12-11 06:23:11.601949|[g:1][CONSENSUS]addRawPrepare,height=1,reqIdx=1,hash=3cadeaf3...
info|2019-12-11 06:23:11.603284|[g:1][CONSENSUS][PBFT]checkTimeout Succ,view=5697,toView=5698,nodeIdx=3,changeCycle=0,myNode=d0064285...,timecost=1.099
info|2019-12-11 06:23:11.606769|[g:1][CONSENSUS][PBFT]checkAndChangeView: Reach consensus,org_view=5697,org_changeCycle=0,cur_changeCycle=0,to_view=5698
info|2019-12-11 06:23:12.607532|[g:1][CONSENSUS]addRawPrepare,height=1,reqIdx=2,hash=c4a570dd...
info|2019-12-11 06:23:12.608830|[g:1][CONSENSUS][PBFT]checkTimeout Succ,view=5698,toView=5699,nodeIdx=3,changeCycle=0,myNode=d0064285...,timecost=0.89
info|2019-12-11 06:23:12.613750|[g:1][CONSENSUS][PBFT]checkAndChangeView: Reach consensus,org_view=5698,org_changeCycle=0,cur_changeCycle=0,to_view=5699
info|2019-12-11 06:23:13.028160|[P2P][Service] heartBeat,connected count=3
info|2019-12-11 06:23:13.614058|[g:1][CONSENSUS][SEALER]++++++++++++++++ Generating seal on,blkNum=1,tx=0,nodeIdx=3,hash=325f8ca6...
info|2019-12-11 06:23:13.619200|[g:1][CONSENSUS][PBFT]checkTimeout Succ,view=5699,toView=5700,nodeIdx=3,changeCycle=0,myNode=d0064285...,timecost=0.798
info|2019-12-11 06:23:13.621829|[g:1][CONSENSUS][PBFT]checkAndChangeView: Reach consensus,org_view=5699,org_changeCycle=0,cur_changeCycle=0,to_view=5700
info|2019-12-11 06:23:14.622968|[g:1][CONSENSUS]addRawPrepare,height=1,reqIdx=0,hash=df924e31...
info|2019-12-11 06:23:14.625240|[g:1][CONSENSUS][PBFT]checkTimeout Succ,view=5700,toView=5701,nodeIdx=3,changeCycle=0,myNode=d0064285...,timecost=2.036
info|2019-12-11 06:23:14.627820|[g:1][CONSENSUS][PBFT]checkAndChangeView: Reach consensus,org_view=5700,org_changeCycle=0,cur_changeCycle=0,to_view=5701
info|2019-12-11 06:23:15.630802|[g:1][CONSENSUS]addRawPrepare,height=1,reqIdx=1,hash=ea910eb0...
info|2019-12-11 06:23:15.634384|[g:1][CONSENSUS][PBFT]checkTimeout Succ,view=5701,toView=5702,nodeIdx=3,changeCycle=0,myNode=d0064285...,timecost=3.341
info|2019-12-11 06:23:15.637221|[g:1][CONSENSUS][PBFT]checkAndChangeView: Reach consensus,org_view=5701,org_changeCycle=0,cur_changeCycle=0,to_view=5702
info|2019-12-11 06:23:16.637706|[g:1][CONSENSUS]addRawPrepare,height=1,reqIdx=2,hash=85d2d245...
info|2019-12-11 06:23:16.640279|[g:1][CONSENSUS][PBFT]checkTimeout Succ,view=5702,toView=5703,nodeIdx=3,changeCycle=0,myNode=d0064285...,timecost=2.328
info|2019-12-11 06:23:16.643438|[g:1][CONSENSUS][PBFT]checkAndChangeView: Reach consensus,org_view=5702,org_changeCycle=0,cur_changeCycle=0,to_view=5703
info|2019-12-11 06:23:17.643795|[g:1][CONSENSUS][SEALER]++++++++++++++++ Generating seal on,blkNum=1,tx=0,nodeIdx=3,hash=b4506e18...
info|2019-12-11 06:23:17.648519|[g:1][CONSENSUS][PBFT]checkTimeout Succ,view=5703,toView=5704,nodeIdx=3,changeCycle=0,myNode=d0064285...,timecost=0.774
info|2019-12-11 06:23:17.651467|[g:1][CONSENSUS][PBFT]checkAndChangeView: Reach consensus,org_view=5703,org_changeCycle=0,cur_changeCycle=0,to_view=5704
info|2019-12-11 06:23:18.653495|[g:1][CONSENSUS]addRawPrepare,height=1,reqIdx=0,hash=e3e5a3e2...
info|2019-12-11 06:23:18.654919|[g:1][CONSENSUS][PBFT]checkTimeout Succ,view=5704,toView=5705,nodeIdx=3,changeCycle=0,myNode=d0064285...,timecost=0.949
info|2019-12-11 06:23:18.658965|[g:1][CONSENSUS][PBFT]checkAndChangeView: Reach consensus,org_view=5704,org_changeCycle=0,cur_changeCycle=0,to_view=5705
info|2019-12-11 06:23:19.660753|[g:1][CONSENSUS]addRawPrepare,height=1,reqIdx=1,hash=23216662...
info|2019-12-11 06:23:19.663784|[g:1][CONSENSUS][PBFT]checkTimeout Succ,view=5705,toView=5706,nodeIdx=3,changeCycle=0,myNode=d0064285...,timecost=2.694
info|2019-12-11 06:23:19.666389|[g:1][CONSENSUS][PBFT]checkAndChangeView: Reach consensus,org_view=5705,org_changeCycle=0,cur_changeCycle=0,to_view=5706
info|2019-12-11 06:23:20.668618|[g:1][CONSENSUS]addRawPrepare,height=1,reqIdx=2,hash=e95339f1...
info|2019-12-11 06:23:20.669648|[g:1][CONSENSUS][PBFT]checkTimeout Succ,view=5706,toView=5707,nodeIdx=3,changeCycle=0,myNode=d0064285...,timecost=0.784
info|2019-12-11 06:23:20.674244|[g:1][CONSENSUS][PBFT]checkAndChangeView: Reach consensus,org_view=5706,org_changeCycle=0,cur_changeCycle=0,to_view=5707
info|2019-12-11 06:23:21.674563|[g:1][CONSENSUS][SEALER]++++++++++++++++ Generating seal on,blkNum=1,tx=0,nodeIdx=3,hash=fa4c20a6...
info|2019-12-11 06:23:21.675879|[g:1][CONSENSUS][PBFT]checkTimeout Succ,view=5707,toView=5708,nodeIdx=3,changeCycle=0,myNode=d0064285...,timecost=0.787
info|2019-12-11 06:23:21.682706|[g:1][CONSENSUS][PBFT]checkAndChangeView: Reach consensus,org_view=5707,org_changeCycle=0,cur_changeCycle=0,to_view=5708
info|2019-12-11 06:23:22.685169|[g:1][CONSENSUS]addRawPrepare,height=1,reqIdx=0,hash=41396497...
info|2019-12-11 06:23:22.686559|[g:1][CONSENSUS][PBFT]checkTimeout Succ,view=5708,toView=5709,nodeIdx=3,changeCycle=0,myNode=d0064285...,timecost=1.149
info|2019-12-11 06:23:22.689287|[g:1][CONSENSUS][PBFT]checkAndChangeView: Reach consensus,org_view=5708,org_changeCycle=0,cur_changeCycle=0,to_view=5709
info|2019-12-11 06:23:23.034966|[P2P][Service] heartBeat,connected count=3
info|2019-12-11 06:23:23.693999|[g:1][CONSENSUS]addRawPrepare,height=1,reqIdx=1,hash=d7baa248...
info|2019-12-11 06:23:23.696091|[g:1][CONSENSUS][PBFT]checkTimeout Succ,view=5709,toView=5710,nodeIdx=3,changeCycle=0,myNode=d0064285...,timecost=1.816
info|2019-12-11 06:23:23.698686|[g:1][CONSENSUS][PBFT]checkAndChangeView: Reach consensus,org_view=5709,org_changeCycle=0,cur_changeCycle=0,to_view=5710
info|2019-12-11 06:23:24.702798|[g:1][CONSENSUS]addRawPrepare,height=1,reqIdx=2,hash=800376a8...
info|2019-12-11 06:23:24.704042|[g:1][CONSENSUS][PBFT]checkTimeout Succ,view=5710,toView=5711,nodeIdx=3,changeCycle=0,myNode=d0064285...,timecost=0.976
info|2019-12-11 06:23:24.708268|[g:1][CONSENSUS][PBFT]checkAndChangeView: Reach consensus,org_view=5710,org_changeCycle=0,cur_changeCycle=0,to_view=5711
info|2019-12-11 06:23:25.709245|[g:1][CONSENSUS][SEALER]++++++++++++++++ Generating seal on,blkNum=1,tx=0,nodeIdx=3,hash=2707cd9a...
info|2019-12-11 06:23:25.710697|[g:1][CONSENSUS][PBFT]checkTimeout Succ,view=5711,toView=5712,nodeIdx=3,changeCycle=0,myNode=d0064285...,timecost=0.894
info|2019-12-11 06:23:25.716365|[g:1][CONSENSUS][PBFT]checkAndChangeView: Reach consensus,org_view=5711,org_changeCycle=0,cur_changeCycle=0,to_view=5712
info|2019-12-11 06:23:26.720969|[g:1][CONSENSUS]addRawPrepare,height=1,reqIdx=0,hash=95cf7347...
info|2019-12-11 06:23:26.722204|[g:1][CONSENSUS][PBFT]checkTimeout Succ,view=5712,toView=5713,nodeIdx=3,changeCycle=0,myNode=d0064285...,timecost=0.871
info|2019-12-11 06:23:26.724981|[g:1][CONSENSUS][PBFT]checkAndChangeView: Reach consensus,org_view=5712,org_changeCycle=0,cur_changeCycle=0,to_view=5713
info|2019-12-11 06:23:27.728823|[g:1][CONSENSUS]addRawPrepare,height=1,reqIdx=1,hash=d2497796...
info|2019-12-11 06:23:27.733591|[g:1][CONSENSUS][PBFT]checkTimeout Succ,view=5713,toView=5714,nodeIdx=3,changeCycle=0,myNode=d0064285...,timecost=4.535
info|2019-12-11 06:23:27.735677|[g:1][CONSENSUS][PBFT]checkAndChangeView: Reach consensus,org_view=5713,org_changeCycle=0,cur_changeCycle=0,to_view=5714
info|2019-12-11 06:23:28.734483|[g:1][CONSENSUS]addRawPrepare,height=1,reqIdx=2,hash=2d226416...
info|2019-12-11 06:23:28.735744|[g:1][CONSENSUS][PBFT]checkTimeout Succ,view=5714,toView=5715,nodeIdx=3,changeCycle=0,myNode=d0064285...,timecost=1.008
info|2019-12-11 06:23:28.738380|[g:1][CONSENSUS][PBFT]checkAndChangeView: Reach consensus,org_view=5714,org_changeCycle=0,cur_changeCycle=0,to_view=5715
info|2019-12-11 06:23:29.739140|[g:1][CONSENSUS][SEALER]++++++++++++++++ Generating seal on,blkNum=1,tx=0,nodeIdx=3,hash=afc234f2...
info|2019-12-11 06:23:29.740471|[g:1][CONSENSUS][PBFT]checkTimeout Succ,view=5715,toView=5716,nodeIdx=3,changeCycle=0,myNode=d0064285...,timecost=0.801
info|2019-12-11 06:23:29.747246|[g:1][CONSENSUS][PBFT]checkAndChangeView: Reach consensus,org_view=5715,org_changeCycle=0,cur_changeCycle=0,to_view=5716
info|2019-12-11 06:23:30.748619|[g:1][CONSENSUS]addRawPrepare,height=1,reqIdx=0,hash=9be72050...
info|2019-12-11 06:23:30.749710|[g:1][CONSENSUS][PBFT]checkTimeout Succ,view=5716,toView=5717,nodeIdx=3,changeCycle=0,myNode=d0064285...,timecost=0.819
info|2019-12-11 06:23:30.753288|[g:1][CONSENSUS][PBFT]checkAndChangeView: Reach consensus,org_view=5716,org_changeCycle=0,cur_changeCycle=0,to_view=5717
info|2019-12-11 06:23:31.755184|[g:1][CONSENSUS]addRawPrepare,height=1,reqIdx=1,hash=760b6487...
info|2019-12-11 06:23:31.756250|[g:1][CONSENSUS][PBFT]checkTimeout Succ,view=5717,toView=5718,nodeIdx=3,changeCycle=0,myNode=d0064285...,timecost=0.864
info|2019-12-11 06:23:31.761552|[g:1][CONSENSUS][PBFT]checkAndChangeView: Reach consensus,org_view=5717,org_changeCycle=0,cur_changeCycle=0,to_view=5718
info|2019-12-11 06:23:32.763990|[g:1][CONSENSUS]addRawPrepare,height=1,reqIdx=2,hash=24f07a4f...
info|2019-12-11 06:23:32.767511|[g:1][CONSENSUS][PBFT]checkTimeout Succ,view=5718,toView=5719,nodeIdx=3,changeCycle=0,myNode=d0064285...,timecost=3.13
info|2019-12-11 06:23:32.770476|[g:1][CONSENSUS][PBFT]checkAndChangeView: Reach consensus,org_view=5718,org_changeCycle=0,cur_changeCycle=0,to_view=5719
info|2019-12-11 06:23:33.041576|[P2P][Service] heartBeat,connected count=3
info|2019-12-11 06:23:33.771180|[g:1][CONSENSUS][SEALER]++++++++++++++++ Generating seal on,blkNum=1,tx=0,nodeIdx=3,hash=7c629d1b...
info|2019-12-11 06:23:33.772557|[g:1][CONSENSUS][PBFT]checkTimeout Succ,view=5719,toView=5720,nodeIdx=3,changeCycle=0,myNode=d0064285...,timecost=0.811
info|2019-12-11 06:23:33.779501|[g:1][CONSENSUS][PBFT]checkAndChangeView: Reach consensus,org_view=5719,org_changeCycle=0,cur_changeCycle=0,to_view=5720
info|2019-12-11 06:23:34.781235|[g:1][CONSENSUS]addRawPrepare,height=1,reqIdx=0,hash=75c8806d...
info|2019-12-11 06:23:34.782434|[g:1][CONSENSUS][PBFT]checkTimeout Succ,view=5720,toView=5721,nodeIdx=3,changeCycle=0,myNode=d0064285...,timecost=0.957
info|2019-12-11 06:23:34.785028|[g:1][CONSENSUS][PBFT]checkAndChangeView: Reach consensus,org_view=5720,org_changeCycle=0,cur_changeCycle=0,to_view=5721
info|2019-12-11 06:23:35.787927|[g:1][CONSENSUS]addRawPrepare,height=1,reqIdx=1,hash=6c27144d...
info|2019-12-11 06:23:35.789689|[g:1][CONSENSUS][PBFT]checkTimeout Succ,view=5721,toView=5722,nodeIdx=3,changeCycle=0,myNode=d0064285...,timecost=1.522
info|2019-12-11 06:23:35.793091|[g:1][CONSENSUS][PBFT]checkAndChangeView: Reach consensus,org_view=5721,org_changeCycle=0,cur_changeCycle=0,to_view=5722
info|2019-12-11 06:23:36.797732|[g:1][CONSENSUS]addRawPrepare,height=1,reqIdx=2,hash=19b3f041...
info|2019-12-11 06:23:36.799412|[g:1][CONSENSUS][PBFT]checkTimeout Succ,view=5722,toView=5723,nodeIdx=3,changeCycle=0,myNode=d0064285...,timecost=1.264
info|2019-12-11 06:23:36.803548|[g:1][CONSENSUS][PBFT]checkAndChangeView: Reach consensus,org_view=5722,org_changeCycle=0,cur_changeCycle=0,to_view=5723
info|2019-12-11 06:23:37.804128|[g:1][CONSENSUS][SEALER]++++++++++++++++ Generating seal on,blkNum=1,tx=0,nodeIdx=3,hash=d33e7006...
info|2019-12-11 06:23:37.805571|[g:1][CONSENSUS][PBFT]checkTimeout Succ,view=5723,toView=5724,nodeIdx=3,changeCycle=0,myNode=d0064285...,timecost=0.805
info|2019-12-11 06:23:37.812241|[g:1][CONSENSUS][PBFT]checkAndChangeView: Reach consensus,org_view=5723,org_changeCycle=0,cur_changeCycle=0,to_view=5724
info|2019-12-11 06:23:38.815940|[g:1][CONSENSUS]addRawPrepare,height=1,reqIdx=0,hash=96dc2c90...
info|2019-12-11 06:23:38.816960|[g:1][CONSENSUS][PBFT]checkTimeout Succ,view=5724,toView=5725,nodeIdx=3,changeCycle=0,myNode=d0064285...,timecost=0.776
info|2019-12-11 06:23:38.820384|[g:1][CONSENSUS][PBFT]checkAndChangeView: Reach consensus,org_view=5724,org_changeCycle=0,cur_changeCycle=0,to_view=5725
info|2019-12-11 06:23:39.822821|[g:1][CONSENSUS]addRawPrepare,height=1,reqIdx=1,hash=805e6a1a...
info|2019-12-11 06:23:39.823840|[g:1][CONSENSUS][PBFT]checkTimeout Succ,view=5725,toView=5726,nodeIdx=3,changeCycle=0,myNode=d0064285...,timecost=0.74
info|2019-12-11 06:23:39.827243|[g:1][CONSENSUS][PBFT]checkAndChangeView: Reach consensus,org_view=5725,org_changeCycle=0,cur_changeCycle=0,to_view=5726
info|2019-12-11 06:23:40.830609|[g:1][CONSENSUS]addRawPrepare,height=1,reqIdx=2,hash=a1ed1471...
info|2019-12-11 06:23:40.832800|[g:1][CONSENSUS][PBFT]checkTimeout Succ,view=5726,toView=5727,nodeIdx=3,changeCycle=0,myNode=d0064285...,timecost=1.027
info|2019-12-11 06:23:40.835477|[g:1][CONSENSUS][PBFT]checkAndChangeView: Reach consensus,org_view=5726,org_changeCycle=0,cur_changeCycle=0,to_view=5727
info|2019-12-11 06:23:41.835650|[g:1][CONSENSUS][SEALER]++++++++++++++++ Generating seal on,blkNum=1,tx=0,nodeIdx=3,hash=d977ec80...
info|2019-12-11 06:23:41.842341|[g:1][CONSENSUS][PBFT]checkTimeout Succ,view=5727,toView=5728,nodeIdx=3,changeCycle=0,myNode=d0064285...,timecost=0.879
info|2019-12-11 06:23:41.843688|[g:1][CONSENSUS][PBFT]checkAndChangeView: Reach consensus,org_view=5727,org_changeCycle=0,cur_changeCycle=0,to_view=5728
info|2019-12-11 06:23:42.845735|[g:1][CONSENSUS]addRawPrepare,height=1,reqIdx=0,hash=3a9e186c...
info|2019-12-11 06:23:42.849401|[g:1][CONSENSUS][PBFT]checkTimeout Succ,view=5728,toView=5729,nodeIdx=3,changeCycle=0,myNode=d0064285...,timecost=3.19
info|2019-12-11 06:23:42.852424|[g:1][CONSENSUS][PBFT]checkAndChangeView: Reach consensus,org_view=5728,org_changeCycle=0,cur_changeCycle=0,to_view=5729
info|2019-12-11 06:23:43.047294|[P2P][Service] heartBeat,connected count=3
