warning|2019-12-10 23:40:14.012461|[g:1][CONSENSUS][PBFT]ViewChangeWarning: not caused by omit empty block ,v=5407,toV=5408,curNum=0,hash=382ff964...,nodeIdx=1,myNode=ae5ce17c...
info|2019-12-10 23:40:14.012626|[g:1][CONSENSUS][PBFT]checkTimeout Succ,view=5407,toView=5408,nodeIdx=1,changeCycle=1,myNode=ae5ce17c...,timecost=0.874
info|2019-12-10 23:40:14.021097|[P2P][Service] heartBeat,connected count=3
info|2019-12-10 23:40:14.067937|[g:1][CONSENSUS][PBFT]checkAndChangeView: Reach consensus,org_view=5407,org_changeCycle=1,cur_changeCycle=1,to_view=5408
info|2019-12-10 23:40:15.072708|[g:1][CONSENSUS]addRawPrepare,height=1,reqIdx=0,hash=2e728065...
info|2019-12-10 23:40:15.073319|[g:1][CONSENSUS][PBFT]checkTimeout Succ,view=5408,toView=5409,nodeIdx=1,changeCycle=0,myNode=ae5ce17c...,timecost=0.487
info|2019-12-10 23:40:15.074869|[g:1][CONSENSUS][PBFT]checkAndChangeView: Reach consensus,org_view=5408,org_changeCycle=0,cur_changeCycle=0,to_view=5409
info|2019-12-10 23:40:16.075235|[g:1][CONSENSUS][SEALER]++++++++++++++++ Generating seal on,blkNum=1,tx=0,nodeIdx=1,hash=17df582b...
info|2019-12-10 23:40:16.076300|[g:1][CONSENSUS][PBFT]checkTimeout Succ,view=5409,toView=5410,nodeIdx=1,changeCycle=0,myNode=ae5ce17c...,timecost=0.435
info|2019-12-10 23:40:16.081379|[g:1][CONSENSUS][PBFT]checkAndChangeView: Reach consensus,org_view=5409,org_changeCycle=0,cur_changeCycle=0,to_view=5410
info|2019-12-10 23:40:17.082237|[g:1][CONSENSUS]addRawPrepare,height=1,reqIdx=2,hash=42212190...
info|2019-12-10 23:40:17.082837|[g:1][CONSENSUS][PBFT]checkTimeout Succ,view=5410,toView=5411,nodeIdx=1,changeCycle=0,myNode=ae5ce17c...,timecost=0.443
info|2019-12-10 23:40:17.084211|[g:1][CONSENSUS][PBFT]checkAndChangeView: Reach consensus,org_view=5410,org_changeCycle=0,cur_changeCycle=0,to_view=5411
info|2019-12-10 23:40:18.086217|[g:1][CONSENSUS]addRawPrepare,height=1,reqIdx=3,hash=05c1fa38...
info|2019-12-10 23:40:18.087567|[g:1][CONSENSUS][PBFT]checkTimeout Succ,view=5411,toView=5412,nodeIdx=1,changeCycle=0,myNode=ae5ce17c...,timecost=1.127
info|2019-12-10 23:40:18.092143|[g:1][CONSENSUS][PBFT]checkAndChangeView: Reach consensus,org_view=5411,org_changeCycle=0,cur_changeCycle=0,to_view=5412
info|2019-12-10 23:40:19.095554|[g:1][CONSENSUS]addRawPrepare,height=1,reqIdx=0,hash=54bef1e4...
info|2019-12-10 23:40:19.097066|[g:1][CONSENSUS][PBFT]checkTimeout Succ,view=5412,toView=5413,nodeIdx=1,changeCycle=0,myNode=ae5ce17c...,timecost=1.254
info|2019-12-10 23:40:19.101035|[g:1][CONSENSUS][PBFT]checkAndChangeView: Reach consensus,org_view=5412,org_changeCycle=0,cur_changeCycle=0,to_view=5413
info|2019-12-10 23:40:20.101533|[g:1][CONSENSUS][SEALER]++++++++++++++++ Generating seal on,blkNum=1,tx=0,nodeIdx=1,hash=67a14adc...
info|2019-12-10 23:40:20.102916|[g:1][CONSENSUS][PBFT]checkTimeout Succ,view=5413,toView=5414,nodeIdx=1,changeCycle=0,myNode=ae5ce17c...,timecost=0.828
info|2019-12-10 23:40:20.110355|[g:1][CONSENSUS][PBFT]checkAndChangeView: Reach consensus,org_view=5413,org_changeCycle=0,cur_changeCycle=0,to_view=5414
info|2019-12-10 23:40:21.111239|[g:1][CONSENSUS]addRawPrepare,height=1,reqIdx=2,hash=e1f7b5fa...
info|2019-12-10 23:40:21.112517|[g:1][CONSENSUS][PBFT]checkTimeout Succ,view=5414,toView=5415,nodeIdx=1,changeCycle=0,myNode=ae5ce17c...,timecost=0.848
info|2019-12-10 23:40:21.117192|[g:1][CONSENSUS][PBFT]checkAndChangeView: Reach consensus,org_view=5414,org_changeCycle=0,cur_changeCycle=0,to_view=5415
info|2019-12-10 23:40:22.119493|[g:1][CONSENSUS]addRawPrepare,height=1,reqIdx=3,hash=61b5e522...
info|2019-12-10 23:40:22.120548|[g:1][CONSENSUS][PBFT]checkTimeout Succ,view=5415,toView=5416,nodeIdx=1,changeCycle=0,myNode=ae5ce17c...,timecost=0.828
info|2019-12-10 23:40:22.126306|[g:1][CONSENSUS][PBFT]checkAndChangeView: Reach consensus,org_view=5415,org_changeCycle=0,cur_changeCycle=0,to_view=5416
info|2019-12-10 23:40:23.126412|[g:1][CONSENSUS]addRawPrepare,height=1,reqIdx=0,hash=96057bf4...
info|2019-12-10 23:40:23.127427|[g:1][CONSENSUS][PBFT]checkTimeout Succ,view=5416,toView=5417,nodeIdx=1,changeCycle=0,myNode=ae5ce17c...,timecost=0.801
info|2019-12-10 23:40:23.132466|[g:1][CONSENSUS][PBFT]checkAndChangeView: Reach consensus,org_view=5416,org_changeCycle=0,cur_changeCycle=0,to_view=5417
info|2019-12-10 23:40:24.028321|[P2P][Service] heartBeat,connected count=3
info|2019-12-10 23:40:24.132969|[g:1][CONSENSUS][SEALER]++++++++++++++++ Generating seal on,blkNum=1,tx=0,nodeIdx=1,hash=dbff2267...
info|2019-12-10 23:40:24.133652|[g:1][CONSENSUS][PBFT]checkTimeout Succ,view=5417,toView=5418,nodeIdx=1,changeCycle=0,myNode=ae5ce17c...,timecost=0.42
info|2019-12-10 23:40:24.137567|[g:1][CONSENSUS][PBFT]checkAndChangeView: Reach consensus,org_view=5417,org_changeCycle=0,cur_changeCycle=0,to_view=5418
info|2019-12-10 23:40:25.140402|[g:1][CONSENSUS]addRawPrepare,height=1,reqIdx=2,hash=e166b369...
info|2019-12-10 23:40:25.142353|[g:1][CONSENSUS][PBFT]checkTimeout Succ,view=5418,toView=5419,nodeIdx=1,changeCycle=0,myNode=ae5ce17c...,timecost=1.708
info|2019-12-10 23:40:25.144947|[g:1][CONSENSUS][PBFT]checkAndChangeView: Reach consensus,org_view=5418,org_changeCycle=0,cur_changeCycle=0,to_view=5419
info|2019-12-10 23:40:26.149448|[g:1][CONSENSUS]addRawPrepare,height=1,reqIdx=3,hash=bc8a2225...
info|2019-12-10 23:40:26.150699|[g:1][CONSENSUS][PBFT]checkTimeout Succ,view=5419,toView=5420,nodeIdx=1,changeCycle=0,myNode=ae5ce17c...,timecost=0.927
info|2019-12-10 23:40:26.157435|[g:1][CONSENSUS][PBFT]checkAndChangeView: Reach consensus,org_view=5419,org_changeCycle=0,cur_changeCycle=0,to_view=5420
info|2019-12-10 23:40:27.157641|[g:1][CONSENSUS]addRawPrepare,height=1,reqIdx=0,hash=a710dcd2...
info|2019-12-10 23:40:27.160155|[g:1][CONSENSUS][PBFT]checkTimeout Succ,view=5420,toView=5421,nodeIdx=1,changeCycle=0,myNode=ae5ce17c...,timecost=2.082
info|2019-12-10 23:40:27.162937|[g:1][CONSENSUS][PBFT]checkAndChangeView: Reach consensus,org_view=5420,org_changeCycle=0,cur_changeCycle=0,to_view=5421
info|2019-12-10 23:40:28.163447|[g:1][CONSENSUS][SEALER]++++++++++++++++ Generating seal on,blkNum=1,tx=0,nodeIdx=1,hash=748633a5...
info|2019-12-10 23:40:28.164889|[g:1][CONSENSUS][PBFT]checkTimeout Succ,view=5421,toView=5422,nodeIdx=1,changeCycle=0,myNode=ae5ce17c...,timecost=0.897
info|2019-12-10 23:40:28.170111|[g:1][CONSENSUS][PBFT]checkAndChangeView: Reach consensus,org_view=5421,org_changeCycle=0,cur_changeCycle=0,to_view=5422
info|2019-12-10 23:40:29.173124|[g:1][CONSENSUS]addRawPrepare,height=1,reqIdx=2,hash=19cb3588...
info|2019-12-10 23:40:29.177962|[g:1][CONSENSUS][PBFT]checkTimeout Succ,view=5422,toView=5423,nodeIdx=1,changeCycle=0,myNode=ae5ce17c...,timecost=4.518
info|2019-12-10 23:40:29.180271|[g:1][CONSENSUS][PBFT]checkAndChangeView: Reach consensus,org_view=5422,org_changeCycle=0,cur_changeCycle=0,to_view=5423
info|2019-12-10 23:40:30.182683|[g:1][CONSENSUS]addRawPrepare,height=1,reqIdx=3,hash=2f5d6996...
info|2019-12-10 23:40:30.184881|[g:1][CONSENSUS][PBFT]checkTimeout Succ,view=5423,toView=5424,nodeIdx=1,changeCycle=0,myNode=ae5ce17c...,timecost=1.955
info|2019-12-10 23:40:30.187647|[g:1][CONSENSUS][PBFT]checkAndChangeView: Reach consensus,org_view=5423,org_changeCycle=0,cur_changeCycle=0,to_view=5424
info|2019-12-10 23:40:31.192539|[g:1][CONSENSUS]addRawPrepare,height=1,reqIdx=0,hash=15be1d40...
info|2019-12-10 23:40:31.194495|[g:1][CONSENSUS][PBFT]checkTimeout Succ,view=5424,toView=5425,nodeIdx=1,changeCycle=0,myNode=ae5ce17c...,timecost=1.416
info|2019-12-10 23:40:31.196907|[g:1][CONSENSUS][PBFT]checkAndChangeView: Reach consensus,org_view=5424,org_changeCycle=0,cur_changeCycle=0,to_view=5425
info|2019-12-10 23:40:32.196211|[g:1][CONSENSUS][SEALER]++++++++++++++++ Generating seal on,blkNum=1,tx=0,nodeIdx=1,hash=0ebadcaa...
info|2019-12-10 23:40:32.201173|[g:1][CONSENSUS][PBFT]checkTimeout Succ,view=5425,toView=5426,nodeIdx=1,changeCycle=0,myNode=ae5ce17c...,timecost=0.947
info|2019-12-10 23:40:32.204471|[g:1][CONSENSUS][PBFT]checkAndChangeView: Reach consensus,org_view=5425,org_changeCycle=0,cur_changeCycle=0,to_view=5426
info|2019-12-10 23:40:33.207781|[g:1][CONSENSUS]addRawPrepare,height=1,reqIdx=2,hash=890d05d9...
info|2019-12-10 23:40:33.210494|[g:1][CONSENSUS][PBFT]checkTimeout Succ,view=5426,toView=5427,nodeIdx=1,changeCycle=0,myNode=ae5ce17c...,timecost=2.241
info|2019-12-10 23:40:33.214084|[g:1][CONSENSUS][PBFT]checkAndChangeView: Reach consensus,org_view=5426,org_changeCycle=0,cur_changeCycle=0,to_view=5427
info|2019-12-10 23:40:34.034338|[P2P][Service] heartBeat,connected count=3
info|2019-12-10 23:40:34.216729|[g:1][CONSENSUS]addRawPrepare,height=1,reqIdx=3,hash=f5fe25e3...
info|2019-12-10 23:40:34.222393|[g:1][CONSENSUS][PBFT]checkTimeout Succ,view=5427,toView=5428,nodeIdx=1,changeCycle=0,myNode=ae5ce17c...,timecost=5.408
info|2019-12-10 23:40:34.224386|[g:1][CONSENSUS][PBFT]checkAndChangeView: Reach consensus,org_view=5427,org_changeCycle=0,cur_changeCycle=0,to_view=5428
info|2019-12-10 23:40:35.225330|[g:1][CONSENSUS]addRawPrepare,height=1,reqIdx=0,hash=f35ab771...
info|2019-12-10 23:40:35.226346|[g:1][CONSENSUS][PBFT]checkTimeout Succ,view=5428,toView=5429,nodeIdx=1,changeCycle=0,myNode=ae5ce17c...,timecost=0.846
info|2019-12-10 23:40:35.230731|[g:1][CONSENSUS][PBFT]checkAndChangeView: Reach consensus,org_view=5428,org_changeCycle=0,cur_changeCycle=0,to_view=5429
info|2019-12-10 23:40:36.231458|[g:1][CONSENSUS][SEALER]++++++++++++++++ Generating seal on,blkNum=1,tx=0,nodeIdx=1,hash=16412fa1...
info|2019-12-10 23:40:36.232787|[g:1][CONSENSUS][PBFT]checkTimeout Succ,view=5429,toView=5430,nodeIdx=1,changeCycle=0,myNode=ae5ce17c...,timecost=0.781
info|2019-12-10 23:40:36.238033|[g:1][CONSENSUS][PBFT]checkAndChangeView: Reach consensus,org_view=5429,org_changeCycle=0,cur_changeCycle=0,to_view=5430
info|2019-12-10 23:40:37.240241|[g:1][CONSENSUS]addRawPrepare,height=1,reqIdx=2,hash=32ea2cd4...
info|2019-12-10 23:40:37.241337|[g:1][CONSENSUS][PBFT]checkTimeout Succ,view=5430,toView=5431,nodeIdx=1,changeCycle=0,myNode=ae5ce17c...,timecost=0.851
info|2019-12-10 23:40:37.243844|[g:1][CONSENSUS][PBFT]checkAndChangeView: Reach consensus,org_view=5430,org_changeCycle=0,cur_changeCycle=0,to_view=5431
info|2019-12-10 23:40:38.249157|[g:1][CONSENSUS]addRawPrepare,height=1,reqIdx=3,hash=e3151bb8...
info|2019-12-10 23:40:38.250238|[g:1][CONSENSUS][PBFT]checkTimeout Succ,view=5431,toView=5432,nodeIdx=1,changeCycle=0,myNode=ae5ce17c...,timecost=0.871
info|2019-12-10 23:40:38.255111|[g:1][CONSENSUS][PBFT]checkAndChangeView: Reach consensus,org_view=5431,org_changeCycle=0,cur_changeCycle=0,to_view=5432
info|2019-12-10 23:40:39.258418|[g:1][CONSENSUS]addRawPrepare,height=1,reqIdx=0,hash=0ead4442...
info|2019-12-10 23:40:39.263934|[g:1][CONSENSUS][PBFT]checkTimeout Succ,view=5432,toView=5433,nodeIdx=1,changeCycle=0,myNode=ae5ce17c...,timecost=5.235
info|2019-12-10 23:40:39.265856|[g:1][CONSENSUS][PBFT]checkAndChangeView: Reach consensus,org_view=5432,org_changeCycle=0,cur_changeCycle=0,to_view=5433
info|2019-12-10 23:40:40.266081|[g:1][CONSENSUS][SEALER]++++++++++++++++ Generating seal on,blkNum=1,tx=0,nodeIdx=1,hash=fc06eba7...
info|2019-12-10 23:40:40.269751|[g:1][CONSENSUS][PBFT]checkTimeout Succ,view=5433,toView=5434,nodeIdx=1,changeCycle=0,myNode=ae5ce17c...,timecost=0.401
info|2019-12-10 23:40:40.270441|[g:1][CONSENSUS][PBFT]checkAndChangeView: Reach consensus,org_view=5433,org_changeCycle=0,cur_changeCycle=0,to_view=5434
info|2019-12-10 23:59:46.970839|[P2P][Service] heartBeat,connected count=3
warning|2019-12-10 23:59:46.970617|[g:1][CONSENSUS][PBFT]ViewChangeWarning: not caused by omit empty block ,v=5434,toV=5435,curNum=0,hash=382ff964...,nodeIdx=1,myNode=ae5ce17c...
info|2019-12-10 23:59:46.988373|[g:1][CONSENSUS][PBFT]checkTimeout Succ,view=5434,toView=5435,nodeIdx=1,changeCycle=1,myNode=ae5ce17c...,timecost=582.27
info|2019-12-10 23:59:47.145269|[g:1][CONSENSUS][PBFT]checkAndChangeView: Reach consensus,org_view=5434,org_changeCycle=1,cur_changeCycle=1,to_view=5435
info|2019-12-10 23:59:48.115659|[g:1][CONSENSUS]addRawPrepare,height=1,reqIdx=3,hash=3cadc53c...
info|2019-12-10 23:59:48.116853|[g:1][CONSENSUS][PBFT]checkTimeout Succ,view=5435,toView=5436,nodeIdx=1,changeCycle=0,myNode=ae5ce17c...,timecost=0.584
info|2019-12-10 23:59:48.120643|[g:1][CONSENSUS][PBFT]checkAndChangeView: Reach consensus,org_view=5435,org_changeCycle=0,cur_changeCycle=0,to_view=5436
info|2019-12-10 23:59:49.123535|[g:1][CONSENSUS]addRawPrepare,height=1,reqIdx=0,hash=98757f0d...
info|2019-12-10 23:59:49.126194|[g:1][CONSENSUS][PBFT]checkTimeout Succ,view=5436,toView=5437,nodeIdx=1,changeCycle=0,myNode=ae5ce17c...,timecost=1.93
info|2019-12-10 23:59:49.131272|[g:1][CONSENSUS][PBFT]checkAndChangeView: Reach consensus,org_view=5436,org_changeCycle=0,cur_changeCycle=0,to_view=5437
info|2019-12-10 23:59:50.132301|[g:1][CONSENSUS][SEALER]++++++++++++++++ Generating seal on,blkNum=1,tx=0,nodeIdx=1,hash=808c8ed7...
info|2019-12-10 23:59:50.134110|[g:1][CONSENSUS][PBFT]checkTimeout Succ,view=5437,toView=5438,nodeIdx=1,changeCycle=0,myNode=ae5ce17c...,timecost=1.067
info|2019-12-10 23:59:50.140334|[g:1][CONSENSUS][PBFT]checkAndChangeView: Reach consensus,org_view=5437,org_changeCycle=0,cur_changeCycle=0,to_view=5438
info|2019-12-10 23:59:51.145625|[g:1][CONSENSUS]addRawPrepare,height=1,reqIdx=2,hash=c8745d8a...
info|2019-12-10 23:59:51.151821|[g:1][CONSENSUS][PBFT]checkTimeout Succ,view=5438,toView=5439,nodeIdx=1,changeCycle=0,myNode=ae5ce17c...,timecost=5.647
info|2019-12-10 23:59:51.153390|[g:1][CONSENSUS][PBFT]checkAndChangeView: Reach consensus,org_view=5438,org_changeCycle=0,cur_changeCycle=0,to_view=5439
info|2019-12-10 23:59:52.153780|[g:1][CONSENSUS]addRawPrepare,height=1,reqIdx=3,hash=fd96fa6a...
info|2019-12-10 23:59:52.160365|[g:1][CONSENSUS][PBFT]checkTimeout Succ,view=5439,toView=5440,nodeIdx=1,changeCycle=0,myNode=ae5ce17c...,timecost=6.107
info|2019-12-10 23:59:52.162443|[g:1][CONSENSUS][PBFT]checkAndChangeView: Reach consensus,org_view=5439,org_changeCycle=0,cur_changeCycle=0,to_view=5440
info|2019-12-10 23:59:53.164182|[g:1][CONSENSUS]addRawPrepare,height=1,reqIdx=0,hash=72298666...
info|2019-12-10 23:59:53.165827|[g:1][CONSENSUS][PBFT]checkTimeout Succ,view=5440,toView=5441,nodeIdx=1,changeCycle=0,myNode=ae5ce17c...,timecost=1.389
info|2019-12-10 23:59:53.167488|[g:1][CONSENSUS][PBFT]checkAndChangeView: Reach consensus,org_view=5440,org_changeCycle=0,cur_changeCycle=0,to_view=5441
info|2019-12-10 23:59:54.167357|[g:1][CONSENSUS][SEALER]++++++++++++++++ Generating seal on,blkNum=1,tx=0,nodeIdx=1,hash=17024abe...
info|2019-12-10 23:59:54.168739|[g:1][CONSENSUS][PBFT]checkTimeout Succ,view=5441,toView=5442,nodeIdx=1,changeCycle=0,myNode=ae5ce17c...,timecost=0.764
info|2019-12-10 23:59:54.172791|[g:1][CONSENSUS][PBFT]checkAndChangeView: Reach consensus,org_view=5441,org_changeCycle=0,cur_changeCycle=0,to_view=5442
info|2019-12-10 23:59:55.174557|[g:1][CONSENSUS]addRawPrepare,height=1,reqIdx=2,hash=8c55b205...
info|2019-12-10 23:59:55.175612|[g:1][CONSENSUS][PBFT]checkTimeout Succ,view=5442,toView=5443,nodeIdx=1,changeCycle=0,myNode=ae5ce17c...,timecost=0.792
info|2019-12-10 23:59:55.176945|[g:1][CONSENSUS][PBFT]checkAndChangeView: Reach consensus,org_view=5442,org_changeCycle=0,cur_changeCycle=0,to_view=5443
info|2019-12-10 23:59:56.273777|[g:1][CONSENSUS]addRawPrepare,height=1,reqIdx=3,hash=aaf00538...
info|2019-12-10 23:59:56.274390|[g:1][CONSENSUS][PBFT]checkTimeout Succ,view=5443,toView=5444,nodeIdx=1,changeCycle=0,myNode=ae5ce17c...,timecost=0.371
info|2019-12-10 23:59:56.277212|[g:1][CONSENSUS][PBFT]checkAndChangeView: Reach consensus,org_view=5443,org_changeCycle=0,cur_changeCycle=0,to_view=5444
info|2019-12-10 23:59:56.984981|[P2P][Service] heartBeat,connected count=3
info|2019-12-10 23:59:57.281152|[g:1][CONSENSUS]addRawPrepare,height=1,reqIdx=0,hash=dad577cd...
info|2019-12-10 23:59:57.282026|[g:1][CONSENSUS][PBFT]checkTimeout Succ,view=5444,toView=5445,nodeIdx=1,changeCycle=0,myNode=ae5ce17c...,timecost=0.566
info|2019-12-10 23:59:57.285343|[g:1][CONSENSUS][PBFT]checkAndChangeView: Reach consensus,org_view=5444,org_changeCycle=0,cur_changeCycle=0,to_view=5445
info|2019-12-10 23:59:58.286438|[g:1][CONSENSUS][SEALER]++++++++++++++++ Generating seal on,blkNum=1,tx=0,nodeIdx=1,hash=ff74bd8b...
info|2019-12-10 23:59:58.287750|[g:1][CONSENSUS][PBFT]checkTimeout Succ,view=5445,toView=5446,nodeIdx=1,changeCycle=0,myNode=ae5ce17c...,timecost=0.691
info|2019-12-10 23:59:58.292251|[g:1][CONSENSUS][PBFT]checkAndChangeView: Reach consensus,org_view=5445,org_changeCycle=0,cur_changeCycle=0,to_view=5446
info|2019-12-10 23:59:59.295521|[g:1][CONSENSUS]addRawPrepare,height=1,reqIdx=2,hash=4e1bae9b...
info|2019-12-10 23:59:59.296529|[g:1][CONSENSUS][PBFT]checkTimeout Succ,view=5446,toView=5447,nodeIdx=1,changeCycle=0,myNode=ae5ce17c...,timecost=0.669
info|2019-12-10 23:59:59.300013|[g:1][CONSENSUS][PBFT]checkAndChangeView: Reach consensus,org_view=5446,org_changeCycle=0,cur_changeCycle=0,to_view=5447
