info|2019-12-14 04:04:42.010187|[g:1][CONSENSUS][SEALER]++++++++++++++++ Generating seal on,blkNum=476,tx=0,nodeIdx=1,hash=270d60bb...
warning|2019-12-14 04:04:42.010569|[g:1][CONSENSUS][PBFT]ViewChangeWarning: not caused by omit empty block ,v=2862,toV=2863,curNum=475,hash=ad338c6e...,nodeIdx=1,myNode=ae5ce17c...
info|2019-12-14 04:04:42.010694|[g:1][CONSENSUS][PBFT]checkTimeout Succ,view=2862,toView=2863,nodeIdx=1,changeCycle=1,myNode=ae5ce17c...,timecost=0.624
info|2019-12-14 04:04:42.024938|[P2P][Service] heartBeat,connected count=3
info|2019-12-14 04:04:42.029621|[g:1][CONSENSUS][PBFT]checkTimeout Succ,view=2862,toView=2864,nodeIdx=1,changeCycle=0,myNode=ae5ce17c...,timecost=0.52
info|2019-12-14 04:04:43.025680|[g:1][CONSENSUS][PBFT]FutureBlock,EINFO=handlePrepareMsg,reqIdx=2,view=2863,reqNum=476,curNum=475,consNum=476,fromIp=127.0.0.1:59988,hash=f727bf60...,nodeIdx=1,myNode=ae5ce17c...,curChangeCycle=0
info|2019-12-14 04:04:43.025696|[g:1][CONSENSUS]addFuturePrepareCache,height=476,reqIdx=2,hash=f727bf60...
info|2019-12-14 04:04:43.027188|[g:1][CONSENSUS][PBFT]FutureBlock,EINFO=handlePrepareMsg,reqIdx=2,view=2863,reqNum=476,curNum=475,consNum=476,fromIp=127.0.0.1:59985,hash=f727bf60...,nodeIdx=1,myNode=ae5ce17c...,curChangeCycle=0
info|2019-12-14 04:04:43.027222|[g:1][CONSENSUS][PBFT]FutureBlock,EINFO=handlePrepareMsg,reqIdx=2,view=2863,reqNum=476,curNum=475,consNum=476,fromIp=127.0.0.1:30303,hash=f727bf60...,nodeIdx=1,myNode=ae5ce17c...,curChangeCycle=0
info|2019-12-14 04:04:43.027748|[g:1][CONSENSUS][PBFT]checkAndChangeView, update m_changeCycle to 1
info|2019-12-14 04:04:43.027775|[g:1][CONSENSUS][PBFT]checkAndChangeView: Reach consensus,org_view=2862,org_changeCycle=0,cur_changeCycle=1,to_view=2864
info|2019-12-14 04:04:44.031256|[g:1][CONSENSUS]addRawPrepare,height=476,reqIdx=3,hash=6b9a5b40...
info|2019-12-14 04:04:44.032393|[g:1][CONSENSUS][PBFT]checkTimeout Succ,view=2864,toView=2865,nodeIdx=1,changeCycle=0,myNode=ae5ce17c...,timecost=0.925
info|2019-12-14 04:04:44.035172|[g:1][CONSENSUS][PBFT]checkAndChangeView: Reach consensus,org_view=2864,org_changeCycle=0,cur_changeCycle=0,to_view=2865
info|2019-12-14 04:04:45.037084|[g:1][CONSENSUS]addRawPrepare,height=476,reqIdx=0,hash=65e26490...
info|2019-12-14 04:04:45.041926|[g:1][CONSENSUS][PBFT]checkTimeout Succ,view=2865,toView=2866,nodeIdx=1,changeCycle=0,myNode=ae5ce17c...,timecost=4.683
info|2019-12-14 04:04:45.044645|[g:1][CONSENSUS][PBFT]checkAndChangeView: Reach consensus,org_view=2865,org_changeCycle=0,cur_changeCycle=0,to_view=2866
info|2019-12-14 04:04:46.285451|[g:1][CONSENSUS][SEALER]++++++++++++++++ Generating seal on,blkNum=476,tx=0,nodeIdx=1,hash=6f7b8eae...
info|2019-12-14 04:04:46.296889|[g:1][CONSENSUS][PBFT]checkTimeout Succ,view=2866,toView=2867,nodeIdx=1,changeCycle=0,myNode=ae5ce17c...,timecost=4.418
info|2019-12-14 04:04:46.299928|[g:1][CONSENSUS][PBFT]checkAndChangeView: Reach consensus,org_view=2866,org_changeCycle=0,cur_changeCycle=0,to_view=2867
info|2019-12-14 04:04:47.302859|[g:1][CONSENSUS]addRawPrepare,height=476,reqIdx=2,hash=ee7f55f1...
info|2019-12-14 04:04:47.304592|[g:1][CONSENSUS][PBFT]checkTimeout Succ,view=2867,toView=2868,nodeIdx=1,changeCycle=0,myNode=ae5ce17c...,timecost=1.282
info|2019-12-14 04:04:47.307244|[g:1][CONSENSUS][PBFT]checkAndChangeView: Reach consensus,org_view=2867,org_changeCycle=0,cur_changeCycle=0,to_view=2868
info|2019-12-14 04:04:48.309775|[g:1][CONSENSUS]addRawPrepare,height=476,reqIdx=3,hash=49639a2b...
info|2019-12-14 04:04:48.311086|[g:1][CONSENSUS][PBFT]checkTimeout Succ,view=2868,toView=2869,nodeIdx=1,changeCycle=0,myNode=ae5ce17c...,timecost=1.078
info|2019-12-14 04:04:48.315551|[g:1][CONSENSUS][PBFT]checkAndChangeView: Reach consensus,org_view=2868,org_changeCycle=0,cur_changeCycle=0,to_view=2869
info|2019-12-14 04:04:49.321331|[g:1][CONSENSUS]addRawPrepare,height=476,reqIdx=0,hash=3ecb1262...
info|2019-12-14 04:04:49.322326|[g:1][CONSENSUS][PBFT]checkTimeout Succ,view=2869,toView=2870,nodeIdx=1,changeCycle=0,myNode=ae5ce17c...,timecost=0.743
info|2019-12-14 04:04:49.328386|[g:1][CONSENSUS][PBFT]checkAndChangeView: Reach consensus,org_view=2869,org_changeCycle=0,cur_changeCycle=0,to_view=2870
info|2019-12-14 04:04:50.329369|[g:1][CONSENSUS][SEALER]++++++++++++++++ Generating seal on,blkNum=476,tx=0,nodeIdx=1,hash=1e2f982d...
info|2019-12-14 04:04:50.330876|[g:1][CONSENSUS][PBFT]checkTimeout Succ,view=2870,toView=2871,nodeIdx=1,changeCycle=0,myNode=ae5ce17c...,timecost=0.979
info|2019-12-14 04:04:50.337691|[g:1][CONSENSUS][PBFT]checkAndChangeView: Reach consensus,org_view=2870,org_changeCycle=0,cur_changeCycle=0,to_view=2871
info|2019-12-14 04:04:51.340259|[g:1][CONSENSUS]addRawPrepare,height=476,reqIdx=2,hash=a69ac9f9...
info|2019-12-14 04:04:51.340938|[g:1][CONSENSUS][PBFT]checkTimeout Succ,view=2871,toView=2872,nodeIdx=1,changeCycle=0,myNode=ae5ce17c...,timecost=0.52
info|2019-12-14 04:04:51.344086|[g:1][CONSENSUS][PBFT]checkAndChangeView: Reach consensus,org_view=2871,org_changeCycle=0,cur_changeCycle=0,to_view=2872
info|2019-12-14 04:04:52.025560|[P2P][Service] heartBeat,connected count=3
info|2019-12-14 04:04:52.346529|[g:1][CONSENSUS]addRawPrepare,height=476,reqIdx=3,hash=7eaadb20...
info|2019-12-14 04:04:52.347688|[g:1][CONSENSUS][PBFT]checkTimeout Succ,view=2872,toView=2873,nodeIdx=1,changeCycle=0,myNode=ae5ce17c...,timecost=0.834
info|2019-12-14 04:04:52.352098|[g:1][CONSENSUS][PBFT]checkAndChangeView: Reach consensus,org_view=2872,org_changeCycle=0,cur_changeCycle=0,to_view=2873
info|2019-12-14 04:04:53.353962|[g:1][CONSENSUS]addRawPrepare,height=476,reqIdx=0,hash=cae00b66...
info|2019-12-14 04:04:53.356615|[g:1][CONSENSUS][PBFT]checkTimeout Succ,view=2873,toView=2874,nodeIdx=1,changeCycle=0,myNode=ae5ce17c...,timecost=2.323
info|2019-12-14 04:04:53.359265|[g:1][CONSENSUS][PBFT]checkAndChangeView: Reach consensus,org_view=2873,org_changeCycle=0,cur_changeCycle=0,to_view=2874
info|2019-12-14 04:04:54.359748|[g:1][CONSENSUS][SEALER]++++++++++++++++ Generating seal on,blkNum=476,tx=0,nodeIdx=1,hash=4d4ed142...
info|2019-12-14 04:04:54.361190|[g:1][CONSENSUS][PBFT]checkTimeout Succ,view=2874,toView=2875,nodeIdx=1,changeCycle=0,myNode=ae5ce17c...,timecost=0.868
info|2019-12-14 04:04:54.367392|[g:1][CONSENSUS][PBFT]checkAndChangeView: Reach consensus,org_view=2874,org_changeCycle=0,cur_changeCycle=0,to_view=2875
info|2019-12-14 04:04:55.369651|[g:1][CONSENSUS]addRawPrepare,height=476,reqIdx=2,hash=c0fdc1a6...
info|2019-12-14 04:04:55.371465|[g:1][CONSENSUS][PBFT]checkTimeout Succ,view=2875,toView=2876,nodeIdx=1,changeCycle=0,myNode=ae5ce17c...,timecost=1.539
info|2019-12-14 04:04:55.374234|[g:1][CONSENSUS][PBFT]checkAndChangeView: Reach consensus,org_view=2875,org_changeCycle=0,cur_changeCycle=0,to_view=2876
info|2019-12-14 04:04:56.378619|[g:1][CONSENSUS]addRawPrepare,height=476,reqIdx=3,hash=7a66470f...
info|2019-12-14 04:04:56.379625|[g:1][CONSENSUS][PBFT]checkTimeout Succ,view=2876,toView=2877,nodeIdx=1,changeCycle=0,myNode=ae5ce17c...,timecost=0.747
info|2019-12-14 04:04:56.383038|[g:1][CONSENSUS][PBFT]checkAndChangeView: Reach consensus,org_view=2876,org_changeCycle=0,cur_changeCycle=0,to_view=2877
info|2019-12-14 04:04:57.388470|[g:1][CONSENSUS]addRawPrepare,height=476,reqIdx=0,hash=ced00c4e...
info|2019-12-14 04:04:57.391353|[g:1][CONSENSUS][PBFT]checkTimeout Succ,view=2877,toView=2878,nodeIdx=1,changeCycle=0,myNode=ae5ce17c...,timecost=2.582
info|2019-12-14 04:04:57.393932|[g:1][CONSENSUS][PBFT]checkAndChangeView: Reach consensus,org_view=2877,org_changeCycle=0,cur_changeCycle=0,to_view=2878
info|2019-12-14 04:04:58.394502|[g:1][CONSENSUS][SEALER]++++++++++++++++ Generating seal on,blkNum=476,tx=0,nodeIdx=1,hash=bb14acfa...
info|2019-12-14 04:04:58.395836|[g:1][CONSENSUS][PBFT]checkTimeout Succ,view=2878,toView=2879,nodeIdx=1,changeCycle=0,myNode=ae5ce17c...,timecost=0.788
info|2019-12-14 04:04:58.401443|[g:1][CONSENSUS][PBFT]checkAndChangeView: Reach consensus,org_view=2878,org_changeCycle=0,cur_changeCycle=0,to_view=2879
info|2019-12-14 04:04:59.404122|[g:1][CONSENSUS]addRawPrepare,height=476,reqIdx=2,hash=7204ad79...
info|2019-12-14 04:04:59.405040|[g:1][CONSENSUS][PBFT]checkTimeout Succ,view=2879,toView=2880,nodeIdx=1,changeCycle=0,myNode=ae5ce17c...,timecost=0.706
info|2019-12-14 04:04:59.407541|[g:1][CONSENSUS][PBFT]checkAndChangeView: Reach consensus,org_view=2879,org_changeCycle=0,cur_changeCycle=0,to_view=2880
info|2019-12-14 04:05:00.411610|[g:1][CONSENSUS]addRawPrepare,height=476,reqIdx=3,hash=0b68f70a...
info|2019-12-14 04:05:00.412670|[g:1][CONSENSUS][PBFT]checkTimeout Succ,view=2880,toView=2881,nodeIdx=1,changeCycle=0,myNode=ae5ce17c...,timecost=0.802
info|2019-12-14 04:05:00.418614|[g:1][CONSENSUS][PBFT]checkAndChangeView: Reach consensus,org_view=2880,org_changeCycle=0,cur_changeCycle=0,to_view=2881
info|2019-12-14 04:05:01.419778|[g:1][CONSENSUS]addRawPrepare,height=476,reqIdx=0,hash=dfdb9403...
info|2019-12-14 04:05:01.422090|[g:1][CONSENSUS][PBFT]checkTimeout Succ,view=2881,toView=2882,nodeIdx=1,changeCycle=0,myNode=ae5ce17c...,timecost=2.12
info|2019-12-14 04:05:01.424931|[g:1][CONSENSUS][PBFT]checkAndChangeView: Reach consensus,org_view=2881,org_changeCycle=0,cur_changeCycle=0,to_view=2882
info|2019-12-14 04:05:02.030216|[P2P][Service] heartBeat,connected count=3
info|2019-12-14 04:05:02.424584|[g:1][CONSENSUS][SEALER]++++++++++++++++ Generating seal on,blkNum=476,tx=0,nodeIdx=1,hash=9484659e...
info|2019-12-14 04:05:02.425930|[g:1][CONSENSUS][PBFT]checkTimeout Succ,view=2882,toView=2883,nodeIdx=1,changeCycle=0,myNode=ae5ce17c...,timecost=0.81
info|2019-12-14 04:05:02.431534|[g:1][CONSENSUS][PBFT]checkAndChangeView: Reach consensus,org_view=2882,org_changeCycle=0,cur_changeCycle=0,to_view=2883
info|2019-12-14 04:05:03.432893|[g:1][CONSENSUS]addRawPrepare,height=476,reqIdx=2,hash=fecdcbc8...
info|2019-12-14 04:05:03.433368|[g:1][CONSENSUS][PBFT]checkTimeout Succ,view=2883,toView=2884,nodeIdx=1,changeCycle=0,myNode=ae5ce17c...,timecost=0.33
info|2019-12-14 04:05:03.435189|[g:1][CONSENSUS][PBFT]checkAndChangeView: Reach consensus,org_view=2883,org_changeCycle=0,cur_changeCycle=0,to_view=2884
info|2019-12-14 04:05:04.437917|[g:1][CONSENSUS]addRawPrepare,height=476,reqIdx=3,hash=5bb03cae...
info|2019-12-14 04:05:04.438912|[g:1][CONSENSUS][PBFT]checkTimeout Succ,view=2884,toView=2885,nodeIdx=1,changeCycle=0,myNode=ae5ce17c...,timecost=0.782
info|2019-12-14 04:05:04.444686|[g:1][CONSENSUS][PBFT]checkAndChangeView: Reach consensus,org_view=2884,org_changeCycle=0,cur_changeCycle=0,to_view=2885
info|2019-12-14 04:05:05.445915|[g:1][CONSENSUS]addRawPrepare,height=476,reqIdx=0,hash=022bb635...
info|2019-12-14 04:05:05.448198|[g:1][CONSENSUS][PBFT]checkTimeout Succ,view=2885,toView=2886,nodeIdx=1,changeCycle=0,myNode=ae5ce17c...,timecost=2.011
info|2019-12-14 04:05:05.450971|[g:1][CONSENSUS][PBFT]checkAndChangeView: Reach consensus,org_view=2885,org_changeCycle=0,cur_changeCycle=0,to_view=2886
info|2019-12-14 04:05:06.452174|[g:1][CONSENSUS][SEALER]++++++++++++++++ Generating seal on,blkNum=476,tx=0,nodeIdx=1,hash=13d36900...
info|2019-12-14 04:05:06.457144|[g:1][CONSENSUS][PBFT]checkTimeout Succ,view=2886,toView=2887,nodeIdx=1,changeCycle=0,myNode=ae5ce17c...,timecost=0.877
info|2019-12-14 04:05:06.460564|[g:1][CONSENSUS][PBFT]checkAndChangeView: Reach consensus,org_view=2886,org_changeCycle=0,cur_changeCycle=0,to_view=2887
info|2019-12-14 04:05:07.460671|[g:1][CONSENSUS]addRawPrepare,height=476,reqIdx=2,hash=816c83b0...
info|2019-12-14 04:05:07.461792|[g:1][CONSENSUS][PBFT]checkTimeout Succ,view=2887,toView=2888,nodeIdx=1,changeCycle=0,myNode=ae5ce17c...,timecost=0.865
info|2019-12-14 04:05:07.465805|[g:1][CONSENSUS][PBFT]checkAndChangeView: Reach consensus,org_view=2887,org_changeCycle=0,cur_changeCycle=0,to_view=2888
info|2019-12-14 04:05:08.469155|[g:1][CONSENSUS]addRawPrepare,height=476,reqIdx=3,hash=13be52aa...
info|2019-12-14 04:05:08.470624|[g:1][CONSENSUS][PBFT]checkTimeout Succ,view=2888,toView=2889,nodeIdx=1,changeCycle=0,myNode=ae5ce17c...,timecost=1.216
info|2019-12-14 04:05:08.473368|[g:1][CONSENSUS][PBFT]checkAndChangeView: Reach consensus,org_view=2888,org_changeCycle=0,cur_changeCycle=0,to_view=2889
info|2019-12-14 04:08:12.016394|[P2P][Service] heartBeat,connected count=3
warning|2019-12-14 04:08:12.022717|[g:1][CONSENSUS][PBFT]ViewChangeWarning: not caused by omit empty block ,v=2889,toV=2890,curNum=475,hash=ad338c6e...,nodeIdx=1,myNode=ae5ce17c...
info|2019-12-14 04:08:12.022873|[g:1][CONSENSUS][PBFT]checkTimeout Succ,view=2889,toView=2890,nodeIdx=1,changeCycle=1,myNode=ae5ce17c...,timecost=0.495
info|2019-12-14 04:08:12.028420|[g:1][CONSENSUS][PBFT]checkAndChangeView: Reach consensus,org_view=2889,org_changeCycle=1,cur_changeCycle=1,to_view=2890
info|2019-12-14 04:08:13.028248|[g:1][CONSENSUS][SEALER]++++++++++++++++ Generating seal on,blkNum=476,tx=0,nodeIdx=1,hash=2c92c02f...
info|2019-12-14 04:08:13.029124|[g:1][CONSENSUS][PBFT]checkTimeout Succ,view=2890,toView=2891,nodeIdx=1,changeCycle=0,myNode=ae5ce17c...,timecost=0.382
info|2019-12-14 04:08:13.033299|[g:1][CONSENSUS][PBFT]checkAndChangeView: Reach consensus,org_view=2890,org_changeCycle=0,cur_changeCycle=0,to_view=2891
info|2019-12-14 04:08:14.035150|[g:1][CONSENSUS]addRawPrepare,height=476,reqIdx=2,hash=f83d7717...
info|2019-12-14 04:08:14.035984|[g:1][CONSENSUS][PBFT]checkTimeout Succ,view=2891,toView=2892,nodeIdx=1,changeCycle=0,myNode=ae5ce17c...,timecost=0.627
info|2019-12-14 04:08:14.039199|[g:1][CONSENSUS][PBFT]checkAndChangeView: Reach consensus,org_view=2891,org_changeCycle=0,cur_changeCycle=0,to_view=2892
info|2019-12-14 04:08:15.043669|[g:1][CONSENSUS]addRawPrepare,height=476,reqIdx=3,hash=dd8442cf...
info|2019-12-14 04:08:15.044206|[g:1][CONSENSUS][PBFT]checkTimeout Succ,view=2892,toView=2893,nodeIdx=1,changeCycle=0,myNode=ae5ce17c...,timecost=0.363
info|2019-12-14 04:08:15.046702|[g:1][CONSENSUS][PBFT]checkAndChangeView: Reach consensus,org_view=2892,org_changeCycle=0,cur_changeCycle=0,to_view=2893
info|2019-12-14 04:08:16.048830|[g:1][CONSENSUS]addRawPrepare,height=476,reqIdx=0,hash=4deb3e0f...
info|2019-12-14 04:08:16.049718|[g:1][CONSENSUS][PBFT]checkTimeout Succ,view=2893,toView=2894,nodeIdx=1,changeCycle=0,myNode=ae5ce17c...,timecost=0.666
info|2019-12-14 04:08:16.053683|[g:1][CONSENSUS][PBFT]checkAndChangeView: Reach consensus,org_view=2893,org_changeCycle=0,cur_changeCycle=0,to_view=2894
info|2019-12-14 04:08:17.054274|[g:1][CONSENSUS][SEALER]++++++++++++++++ Generating seal on,blkNum=476,tx=0,nodeIdx=1,hash=f894755e...
info|2019-12-14 04:08:17.055706|[g:1][CONSENSUS][PBFT]checkTimeout Succ,view=2894,toView=2895,nodeIdx=1,changeCycle=0,myNode=ae5ce17c...,timecost=0.895
info|2019-12-14 04:08:17.062163|[g:1][CONSENSUS][PBFT]checkAndChangeView: Reach consensus,org_view=2894,org_changeCycle=0,cur_changeCycle=0,to_view=2895
info|2019-12-14 04:08:18.067361|[g:1][CONSENSUS]addRawPrepare,height=476,reqIdx=2,hash=7b666089...
info|2019-12-14 04:08:18.068362|[g:1][CONSENSUS][PBFT]checkTimeout Succ,view=2895,toView=2896,nodeIdx=1,changeCycle=0,myNode=ae5ce17c...,timecost=0.746
info|2019-12-14 04:08:18.071726|[g:1][CONSENSUS][PBFT]checkAndChangeView: Reach consensus,org_view=2895,org_changeCycle=0,cur_changeCycle=0,to_view=2896
info|2019-12-14 04:08:19.077751|[g:1][CONSENSUS]addRawPrepare,height=476,reqIdx=3,hash=96a0c1c4...
info|2019-12-14 04:08:19.082200|[g:1][CONSENSUS][PBFT]checkTimeout Succ,view=2896,toView=2897,nodeIdx=1,changeCycle=0,myNode=ae5ce17c...,timecost=4.279
info|2019-12-14 04:08:19.083314|[g:1][CONSENSUS][PBFT]checkAndChangeView: Reach consensus,org_view=2896,org_changeCycle=0,cur_changeCycle=0,to_view=2897
info|2019-12-14 04:08:20.084051|[g:1][CONSENSUS]addRawPrepare,height=476,reqIdx=0,hash=0149c3d5...
info|2019-12-14 04:08:20.086276|[g:1][CONSENSUS][PBFT]checkTimeout Succ,view=2897,toView=2898,nodeIdx=1,changeCycle=0,myNode=ae5ce17c...,timecost=1.966
info|2019-12-14 04:08:20.089019|[g:1][CONSENSUS][PBFT]checkAndChangeView: Reach consensus,org_view=2897,org_changeCycle=0,cur_changeCycle=0,to_view=2898
info|2019-12-14 04:08:21.090463|[g:1][CONSENSUS][SEALER]++++++++++++++++ Generating seal on,blkNum=476,tx=0,nodeIdx=1,hash=c265c624...
info|2019-12-14 04:08:21.091855|[g:1][CONSENSUS][PBFT]checkTimeout Succ,view=2898,toView=2899,nodeIdx=1,changeCycle=0,myNode=ae5ce17c...,timecost=0.866
info|2019-12-14 04:08:21.098336|[g:1][CONSENSUS][PBFT]checkAndChangeView: Reach consensus,org_view=2898,org_changeCycle=0,cur_changeCycle=0,to_view=2899
info|2019-12-14 04:08:22.027232|[P2P][Service] heartBeat,connected count=3
info|2019-12-14 04:08:22.101289|[g:1][CONSENSUS]addRawPrepare,height=476,reqIdx=2,hash=b1751b87...
info|2019-12-14 04:08:22.102642|[g:1][CONSENSUS][PBFT]checkTimeout Succ,view=2899,toView=2900,nodeIdx=1,changeCycle=0,myNode=ae5ce17c...,timecost=0.887
info|2019-12-14 04:08:22.105907|[g:1][CONSENSUS][PBFT]checkAndChangeView: Reach consensus,org_view=2899,org_changeCycle=0,cur_changeCycle=0,to_view=2900
info|2019-12-14 04:08:23.111720|[g:1][CONSENSUS]addRawPrepare,height=476,reqIdx=3,hash=3cc86af5...
info|2019-12-14 04:08:23.113109|[g:1][CONSENSUS][PBFT]checkTimeout Succ,view=2900,toView=2901,nodeIdx=1,changeCycle=0,myNode=ae5ce17c...,timecost=1.019
info|2019-12-14 04:08:23.116936|[g:1][CONSENSUS][PBFT]checkAndChangeView: Reach consensus,org_view=2900,org_changeCycle=0,cur_changeCycle=0,to_view=2901
info|2019-12-14 04:08:24.119547|[g:1][CONSENSUS]addRawPrepare,height=476,reqIdx=0,hash=2fe0243f...
info|2019-12-14 04:08:24.120954|[g:1][CONSENSUS][PBFT]checkTimeout Succ,view=2901,toView=2902,nodeIdx=1,changeCycle=0,myNode=ae5ce17c...,timecost=1.169
info|2019-12-14 04:08:24.126910|[g:1][CONSENSUS][PBFT]checkAndChangeView: Reach consensus,org_view=2901,org_changeCycle=0,cur_changeCycle=0,to_view=2902
info|2019-12-14 04:08:25.128596|[g:1][CONSENSUS][SEALER]++++++++++++++++ Generating seal on,blkNum=476,tx=0,nodeIdx=1,hash=208eb479...
info|2019-12-14 04:08:25.134786|[g:1][CONSENSUS][PBFT]checkTimeout Succ,view=2902,toView=2903,nodeIdx=1,changeCycle=0,myNode=ae5ce17c...,timecost=0.441
info|2019-12-14 04:08:25.136000|[g:1][CONSENSUS][PBFT]checkAndChangeView: Reach consensus,org_view=2902,org_changeCycle=0,cur_changeCycle=0,to_view=2903
info|2019-12-14 04:08:26.136551|[g:1][CONSENSUS]addRawPrepare,height=476,reqIdx=2,hash=4ebb2cd0...
info|2019-12-14 04:08:26.137598|[g:1][CONSENSUS][PBFT]checkTimeout Succ,view=2903,toView=2904,nodeIdx=1,changeCycle=0,myNode=ae5ce17c...,timecost=0.738
info|2019-12-14 04:08:26.140946|[g:1][CONSENSUS][PBFT]checkAndChangeView: Reach consensus,org_view=2903,org_changeCycle=0,cur_changeCycle=0,to_view=2904
info|2019-12-14 04:08:27.144676|[g:1][CONSENSUS]addRawPrepare,height=476,reqIdx=3,hash=d4b10559...
info|2019-12-14 04:08:27.147281|[g:1][CONSENSUS][PBFT]checkTimeout Succ,view=2904,toView=2905,nodeIdx=1,changeCycle=0,myNode=ae5ce17c...,timecost=2.385
info|2019-12-14 04:08:27.148931|[g:1][CONSENSUS][PBFT]checkAndChangeView: Reach consensus,org_view=2904,org_changeCycle=0,cur_changeCycle=0,to_view=2905
info|2019-12-14 04:08:28.151611|[g:1][CONSENSUS]addRawPrepare,height=476,reqIdx=0,hash=a7235917...
info|2019-12-14 04:08:28.152788|[g:1][CONSENSUS][PBFT]checkTimeout Succ,view=2905,toView=2906,nodeIdx=1,changeCycle=0,myNode=ae5ce17c...,timecost=0.809
info|2019-12-14 04:08:28.155789|[g:1][CONSENSUS][PBFT]checkAndChangeView: Reach consensus,org_view=2905,org_changeCycle=0,cur_changeCycle=0,to_view=2906
info|2019-12-14 04:08:29.155787|[g:1][CONSENSUS][SEALER]++++++++++++++++ Generating seal on,blkNum=476,tx=0,nodeIdx=1,hash=7c5b0b57...
info|2019-12-14 04:08:29.156991|[g:1][CONSENSUS][PBFT]checkTimeout Succ,view=2906,toView=2907,nodeIdx=1,changeCycle=0,myNode=ae5ce17c...,timecost=0.731
info|2019-12-14 04:08:29.161224|[g:1][CONSENSUS][PBFT]checkAndChangeView: Reach consensus,org_view=2906,org_changeCycle=0,cur_changeCycle=0,to_view=2907
info|2019-12-14 04:08:30.163809|[g:1][CONSENSUS]addRawPrepare,height=476,reqIdx=2,hash=9486954c...
info|2019-12-14 04:08:30.165268|[g:1][CONSENSUS][PBFT]checkTimeout Succ,view=2907,toView=2908,nodeIdx=1,changeCycle=0,myNode=ae5ce17c...,timecost=1.018
info|2019-12-14 04:08:30.168836|[g:1][CONSENSUS][PBFT]checkAndChangeView: Reach consensus,org_view=2907,org_changeCycle=0,cur_changeCycle=0,to_view=2908
info|2019-12-14 04:08:31.171982|[g:1][CONSENSUS]addRawPrepare,height=476,reqIdx=3,hash=87321d61...
info|2019-12-14 04:08:31.173394|[g:1][CONSENSUS][PBFT]checkTimeout Succ,view=2908,toView=2909,nodeIdx=1,changeCycle=0,myNode=ae5ce17c...,timecost=1.123
info|2019-12-14 04:08:31.177529|[g:1][CONSENSUS][PBFT]checkAndChangeView: Reach consensus,org_view=2908,org_changeCycle=0,cur_changeCycle=0,to_view=2909
info|2019-12-14 04:08:32.033088|[P2P][Service] heartBeat,connected count=3
info|2019-12-14 04:08:32.180588|[g:1][CONSENSUS]addRawPrepare,height=476,reqIdx=0,hash=012a8178...
info|2019-12-14 04:08:32.183017|[g:1][CONSENSUS][PBFT]checkTimeout Succ,view=2909,toView=2910,nodeIdx=1,changeCycle=0,myNode=ae5ce17c...,timecost=2.225
info|2019-12-14 04:08:32.184772|[g:1][CONSENSUS][PBFT]checkAndChangeView: Reach consensus,org_view=2909,org_changeCycle=0,cur_changeCycle=0,to_view=2910
info|2019-12-14 04:08:33.184521|[g:1][CONSENSUS][SEALER]++++++++++++++++ Generating seal on,blkNum=476,tx=0,nodeIdx=1,hash=f59fa0bf...
info|2019-12-14 04:08:33.186023|[g:1][CONSENSUS][PBFT]checkTimeout Succ,view=2910,toView=2911,nodeIdx=1,changeCycle=0,myNode=ae5ce17c...,timecost=0.881
info|2019-12-14 04:08:33.192576|[g:1][CONSENSUS][PBFT]checkAndChangeView: Reach consensus,org_view=2910,org_changeCycle=0,cur_changeCycle=0,to_view=2911
info|2019-12-14 04:08:34.194919|[g:1][CONSENSUS]addRawPrepare,height=476,reqIdx=2,hash=31387497...
info|2019-12-14 04:08:34.196310|[g:1][CONSENSUS][PBFT]checkTimeout Succ,view=2911,toView=2912,nodeIdx=1,changeCycle=0,myNode=ae5ce17c...,timecost=1.033
info|2019-12-14 04:08:34.201472|[g:1][CONSENSUS][PBFT]checkAndChangeView: Reach consensus,org_view=2911,org_changeCycle=0,cur_changeCycle=0,to_view=2912
info|2019-12-14 04:08:35.201554|[g:1][CONSENSUS]addRawPrepare,height=476,reqIdx=3,hash=51b557e1...
info|2019-12-14 04:08:35.202659|[g:1][CONSENSUS][PBFT]checkTimeout Succ,view=2912,toView=2913,nodeIdx=1,changeCycle=0,myNode=ae5ce17c...,timecost=0.848
info|2019-12-14 04:08:35.208535|[g:1][CONSENSUS][PBFT]checkAndChangeView: Reach consensus,org_view=2912,org_changeCycle=0,cur_changeCycle=0,to_view=2913
info|2019-12-14 04:08:36.209138|[g:1][CONSENSUS]addRawPrepare,height=476,reqIdx=0,hash=0170b219...
info|2019-12-14 04:08:36.211428|[g:1][CONSENSUS][PBFT]checkTimeout Succ,view=2913,toView=2914,nodeIdx=1,changeCycle=0,myNode=ae5ce17c...,timecost=2.033
info|2019-12-14 04:08:36.214120|[g:1][CONSENSUS][PBFT]checkAndChangeView: Reach consensus,org_view=2913,org_changeCycle=0,cur_changeCycle=0,to_view=2914
info|2019-12-14 04:08:37.214697|[g:1][CONSENSUS][SEALER]++++++++++++++++ Generating seal on,blkNum=476,tx=0,nodeIdx=1,hash=6931a7d4...
info|2019-12-14 04:08:37.216081|[g:1][CONSENSUS][PBFT]checkTimeout Succ,view=2914,toView=2915,nodeIdx=1,changeCycle=0,myNode=ae5ce17c...,timecost=0.778
info|2019-12-14 04:08:37.220527|[g:1][CONSENSUS][PBFT]checkAndChangeView: Reach consensus,org_view=2914,org_changeCycle=0,cur_changeCycle=0,to_view=2915
info|2019-12-14 04:08:38.225365|[g:1][CONSENSUS]addRawPrepare,height=476,reqIdx=2,hash=c8924c53...
info|2019-12-14 04:08:38.225897|[g:1][CONSENSUS][PBFT]checkTimeout Succ,view=2915,toView=2916,nodeIdx=1,changeCycle=0,myNode=ae5ce17c...,timecost=0.397
info|2019-12-14 04:08:38.227231|[g:1][CONSENSUS][PBFT]checkAndChangeView: Reach consensus,org_view=2915,org_changeCycle=0,cur_changeCycle=0,to_view=2916
info|2019-12-14 04:08:39.230559|[g:1][CONSENSUS]addRawPrepare,height=476,reqIdx=3,hash=fa9a6fae...
info|2019-12-14 04:08:39.231075|[g:1][CONSENSUS][PBFT]checkTimeout Succ,view=2916,toView=2917,nodeIdx=1,changeCycle=0,myNode=ae5ce17c...,timecost=0.371
info|2019-12-14 04:08:39.234361|[g:1][CONSENSUS][PBFT]checkAndChangeView: Reach consensus,org_view=2916,org_changeCycle=0,cur_changeCycle=0,to_view=2917
info|2019-12-14 04:08:40.238430|[g:1][CONSENSUS]addRawPrepare,height=476,reqIdx=0,hash=a0ddd8bb...
info|2019-12-14 04:08:40.240121|[g:1][CONSENSUS][PBFT]checkTimeout Succ,view=2917,toView=2918,nodeIdx=1,changeCycle=0,myNode=ae5ce17c...,timecost=1.496
info|2019-12-14 04:08:40.242681|[g:1][CONSENSUS][PBFT]checkAndChangeView: Reach consensus,org_view=2917,org_changeCycle=0,cur_changeCycle=0,to_view=2918
info|2019-12-14 04:08:41.243114|[g:1][CONSENSUS][SEALER]++++++++++++++++ Generating seal on,blkNum=476,tx=0,nodeIdx=1,hash=bd4d1548...
info|2019-12-14 04:08:41.251083|[g:1][CONSENSUS][PBFT]checkTimeout Succ,view=2918,toView=2919,nodeIdx=1,changeCycle=0,myNode=ae5ce17c...,timecost=2.678
info|2019-12-14 04:08:41.252049|[g:1][CONSENSUS][PBFT]checkAndChangeView: Reach consensus,org_view=2918,org_changeCycle=0,cur_changeCycle=0,to_view=2919
info|2019-12-14 04:08:42.040297|[P2P][Service] heartBeat,connected count=3
info|2019-12-14 04:08:42.254104|[g:1][CONSENSUS]addRawPrepare,height=476,reqIdx=2,hash=bb07eaaf...
info|2019-12-14 04:08:42.255500|[g:1][CONSENSUS][PBFT]checkTimeout Succ,view=2919,toView=2920,nodeIdx=1,changeCycle=0,myNode=ae5ce17c...,timecost=1.18
info|2019-12-14 04:08:42.259260|[g:1][CONSENSUS][PBFT]checkAndChangeView: Reach consensus,org_view=2919,org_changeCycle=0,cur_changeCycle=0,to_view=2920
info|2019-12-14 04:08:43.262892|[g:1][CONSENSUS]addRawPrepare,height=476,reqIdx=3,hash=e085d90d...
info|2019-12-14 04:08:43.264883|[g:1][CONSENSUS][PBFT]checkTimeout Succ,view=2920,toView=2921,nodeIdx=1,changeCycle=0,myNode=ae5ce17c...,timecost=1.727
info|2019-12-14 04:08:43.269565|[g:1][CONSENSUS][PBFT]checkAndChangeView: Reach consensus,org_view=2920,org_changeCycle=0,cur_changeCycle=0,to_view=2921
info|2019-12-14 04:08:44.272858|[g:1][CONSENSUS]addRawPrepare,height=476,reqIdx=0,hash=a01e412a...
info|2019-12-14 04:08:44.273832|[g:1][CONSENSUS][PBFT]checkTimeout Succ,view=2921,toView=2922,nodeIdx=1,changeCycle=0,myNode=ae5ce17c...,timecost=0.788
info|2019-12-14 04:08:44.276580|[g:1][CONSENSUS][PBFT]checkAndChangeView: Reach consensus,org_view=2921,org_changeCycle=0,cur_changeCycle=0,to_view=2922
info|2019-12-14 04:08:45.277464|[g:1][CONSENSUS][SEALER]++++++++++++++++ Generating seal on,blkNum=476,tx=0,nodeIdx=1,hash=375c183a...
info|2019-12-14 04:08:45.278880|[g:1][CONSENSUS][PBFT]checkTimeout Succ,view=2922,toView=2923,nodeIdx=1,changeCycle=0,myNode=ae5ce17c...,timecost=0.886
info|2019-12-14 04:08:45.285109|[g:1][CONSENSUS][PBFT]checkAndChangeView: Reach consensus,org_view=2922,org_changeCycle=0,cur_changeCycle=0,to_view=2923
info|2019-12-14 04:08:46.287552|[g:1][CONSENSUS]addRawPrepare,height=476,reqIdx=2,hash=1d68327c...
info|2019-12-14 04:08:46.288498|[g:1][CONSENSUS][PBFT]checkTimeout Succ,view=2923,toView=2924,nodeIdx=1,changeCycle=0,myNode=ae5ce17c...,timecost=0.643
info|2019-12-14 04:08:46.291077|[g:1][CONSENSUS][PBFT]checkAndChangeView: Reach consensus,org_view=2923,org_changeCycle=0,cur_changeCycle=0,to_view=2924
info|2019-12-14 04:08:47.293502|[g:1][CONSENSUS]addRawPrepare,height=476,reqIdx=3,hash=2f812378...
info|2019-12-14 04:08:47.294446|[g:1][CONSENSUS][PBFT]checkTimeout Succ,view=2924,toView=2925,nodeIdx=1,changeCycle=0,myNode=ae5ce17c...,timecost=0.737
info|2019-12-14 04:08:47.297855|[g:1][CONSENSUS][PBFT]checkAndChangeView: Reach consensus,org_view=2924,org_changeCycle=0,cur_changeCycle=0,to_view=2925
info|2019-12-14 04:08:48.300280|[g:1][CONSENSUS]addRawPrepare,height=476,reqIdx=0,hash=7d8b29ef...
info|2019-12-14 04:08:48.301490|[g:1][CONSENSUS][PBFT]checkTimeout Succ,view=2925,toView=2926,nodeIdx=1,changeCycle=0,myNode=ae5ce17c...,timecost=0.888
info|2019-12-14 04:08:48.304332|[g:1][CONSENSUS][PBFT]checkAndChangeView: Reach consensus,org_view=2925,org_changeCycle=0,cur_changeCycle=0,to_view=2926
info|2019-12-14 04:08:49.305009|[g:1][CONSENSUS][SEALER]++++++++++++++++ Generating seal on,blkNum=476,tx=0,nodeIdx=1,hash=34e14939...
info|2019-12-14 04:08:49.311301|[g:1][CONSENSUS][PBFT]checkTimeout Succ,view=2926,toView=2927,nodeIdx=1,changeCycle=0,myNode=ae5ce17c...,timecost=0.718
info|2019-12-14 04:08:49.314625|[g:1][CONSENSUS][PBFT]checkAndChangeView: Reach consensus,org_view=2926,org_changeCycle=0,cur_changeCycle=0,to_view=2927
info|2019-12-14 04:08:50.316771|[g:1][CONSENSUS]addRawPrepare,height=476,reqIdx=2,hash=c56243b6...
info|2019-12-14 04:08:50.318551|[g:1][CONSENSUS][PBFT]checkTimeout Succ,view=2927,toView=2928,nodeIdx=1,changeCycle=0,myNode=ae5ce17c...,timecost=0.943
info|2019-12-14 04:08:50.322037|[g:1][CONSENSUS][PBFT]checkAndChangeView: Reach consensus,org_view=2927,org_changeCycle=0,cur_changeCycle=0,to_view=2928
info|2019-12-14 04:08:51.323918|[g:1][CONSENSUS]addRawPrepare,height=476,reqIdx=3,hash=7c9555d9...
info|2019-12-14 04:08:51.326836|[g:1][CONSENSUS][PBFT]checkTimeout Succ,view=2928,toView=2929,nodeIdx=1,changeCycle=0,myNode=ae5ce17c...,timecost=2.651
info|2019-12-14 04:08:51.329471|[g:1][CONSENSUS][PBFT]checkAndChangeView: Reach consensus,org_view=2928,org_changeCycle=0,cur_changeCycle=0,to_view=2929
info|2019-12-14 04:08:52.046837|[P2P][Service] heartBeat,connected count=3
info|2019-12-14 04:08:52.333091|[g:1][CONSENSUS]addRawPrepare,height=476,reqIdx=0,hash=a830d214...
info|2019-12-14 04:08:52.334204|[g:1][CONSENSUS][PBFT]checkTimeout Succ,view=2929,toView=2930,nodeIdx=1,changeCycle=0,myNode=ae5ce17c...,timecost=0.798
info|2019-12-14 04:08:52.338241|[g:1][CONSENSUS][PBFT]checkAndChangeView: Reach consensus,org_view=2929,org_changeCycle=0,cur_changeCycle=0,to_view=2930
info|2019-12-14 04:08:53.339411|[g:1][CONSENSUS][SEALER]++++++++++++++++ Generating seal on,blkNum=476,tx=0,nodeIdx=1,hash=ca03a2a3...
info|2019-12-14 04:08:53.345064|[g:1][CONSENSUS][PBFT]checkTimeout Succ,view=2930,toView=2931,nodeIdx=1,changeCycle=0,myNode=ae5ce17c...,timecost=0.73
info|2019-12-14 04:08:53.346271|[g:1][CONSENSUS][PBFT]checkAndChangeView: Reach consensus,org_view=2930,org_changeCycle=0,cur_changeCycle=0,to_view=2931
info|2019-12-14 04:08:54.349940|[g:1][CONSENSUS]addRawPrepare,height=476,reqIdx=2,hash=2b0c2cc4...
info|2019-12-14 04:08:54.351428|[g:1][CONSENSUS][PBFT]checkTimeout Succ,view=2931,toView=2932,nodeIdx=1,changeCycle=0,myNode=ae5ce17c...,timecost=0.839
info|2019-12-14 04:08:54.354899|[g:1][CONSENSUS][PBFT]checkAndChangeView: Reach consensus,org_view=2931,org_changeCycle=0,cur_changeCycle=0,to_view=2932
info|2019-12-14 04:08:55.355928|[g:1][CONSENSUS]addRawPrepare,height=476,reqIdx=3,hash=9279371c...
info|2019-12-14 04:08:55.356879|[g:1][CONSENSUS][PBFT]checkTimeout Succ,view=2932,toView=2933,nodeIdx=1,changeCycle=0,myNode=ae5ce17c...,timecost=0.74
info|2019-12-14 04:08:55.362600|[g:1][CONSENSUS][PBFT]checkAndChangeView: Reach consensus,org_view=2932,org_changeCycle=0,cur_changeCycle=0,to_view=2933
info|2019-12-14 04:08:56.366727|[g:1][CONSENSUS]addRawPrepare,height=476,reqIdx=0,hash=34594546...
info|2019-12-14 04:08:56.367634|[g:1][CONSENSUS][PBFT]checkTimeout Succ,view=2933,toView=2934,nodeIdx=1,changeCycle=0,myNode=ae5ce17c...,timecost=0.691
info|2019-12-14 04:08:56.370789|[g:1][CONSENSUS][PBFT]checkAndChangeView: Reach consensus,org_view=2933,org_changeCycle=0,cur_changeCycle=0,to_view=2934
info|2019-12-14 04:08:57.370521|[g:1][CONSENSUS][SEALER]++++++++++++++++ Generating seal on,blkNum=476,tx=0,nodeIdx=1,hash=0c34aca8...
info|2019-12-14 04:08:57.380765|[g:1][CONSENSUS][PBFT]checkTimeout Succ,view=2934,toView=2935,nodeIdx=1,changeCycle=0,myNode=ae5ce17c...,timecost=4.168
info|2019-12-14 04:08:57.382352|[g:1][CONSENSUS][PBFT]checkAndChangeView: Reach consensus,org_view=2934,org_changeCycle=0,cur_changeCycle=0,to_view=2935
info|2019-12-14 04:08:58.382171|[g:1][CONSENSUS]addRawPrepare,height=476,reqIdx=2,hash=644c7ed5...
info|2019-12-14 04:08:58.383734|[g:1][CONSENSUS][PBFT]checkTimeout Succ,view=2935,toView=2936,nodeIdx=1,changeCycle=0,myNode=ae5ce17c...,timecost=1.304
info|2019-12-14 04:08:58.388546|[g:1][CONSENSUS][PBFT]checkAndChangeView: Reach consensus,org_view=2935,org_changeCycle=0,cur_changeCycle=0,to_view=2936
info|2019-12-14 04:08:59.390916|[g:1][CONSENSUS]addRawPrepare,height=476,reqIdx=3,hash=0d68871e...
info|2019-12-14 04:08:59.392676|[g:1][CONSENSUS][PBFT]checkTimeout Succ,view=2936,toView=2937,nodeIdx=1,changeCycle=0,myNode=ae5ce17c...,timecost=1.362
info|2019-12-14 04:08:59.395309|[g:1][CONSENSUS][PBFT]checkAndChangeView: Reach consensus,org_view=2936,org_changeCycle=0,cur_changeCycle=0,to_view=2937
info|2019-12-14 04:09:00.399411|[g:1][CONSENSUS]addRawPrepare,height=476,reqIdx=0,hash=d0ddca94...
info|2019-12-14 04:09:00.403144|[g:1][CONSENSUS][PBFT]checkTimeout Succ,view=2937,toView=2938,nodeIdx=1,changeCycle=0,myNode=ae5ce17c...,timecost=3.335
info|2019-12-14 04:09:00.406803|[g:1][CONSENSUS][PBFT]checkAndChangeView: Reach consensus,org_view=2937,org_changeCycle=0,cur_changeCycle=0,to_view=2938
info|2019-12-14 04:09:01.407241|[g:1][CONSENSUS][SEALER]++++++++++++++++ Generating seal on,blkNum=476,tx=0,nodeIdx=1,hash=7fb351f6...
info|2019-12-14 04:09:01.408579|[g:1][CONSENSUS][PBFT]checkTimeout Succ,view=2938,toView=2939,nodeIdx=1,changeCycle=0,myNode=ae5ce17c...,timecost=0.811
info|2019-12-14 04:09:01.414227|[g:1][CONSENSUS][PBFT]checkAndChangeView: Reach consensus,org_view=2938,org_changeCycle=0,cur_changeCycle=0,to_view=2939
info|2019-12-14 04:09:02.054021|[P2P][Service] heartBeat,connected count=3
info|2019-12-14 04:09:02.416491|[g:1][CONSENSUS]addRawPrepare,height=476,reqIdx=2,hash=a16f43c6...
info|2019-12-14 04:09:02.422154|[g:1][CONSENSUS][PBFT]checkTimeout Succ,view=2939,toView=2940,nodeIdx=1,changeCycle=0,myNode=ae5ce17c...,timecost=5.424
info|2019-12-14 04:09:02.425214|[g:1][CONSENSUS][PBFT]checkAndChangeView: Reach consensus,org_view=2939,org_changeCycle=0,cur_changeCycle=0,to_view=2940
info|2019-12-14 04:09:03.432579|[g:1][CONSENSUS]addRawPrepare,height=476,reqIdx=3,hash=30531fa0...
info|2019-12-14 04:09:03.433127|[g:1][CONSENSUS][PBFT]checkTimeout Succ,view=2940,toView=2941,nodeIdx=1,changeCycle=0,myNode=ae5ce17c...,timecost=0.382
info|2019-12-14 04:09:03.438184|[g:1][CONSENSUS][PBFT]checkAndChangeView: Reach consensus,org_view=2940,org_changeCycle=0,cur_changeCycle=0,to_view=2941
