warning|2019-12-12 03:03:32.016124|[g:1][CONSENSUS][PBFT]ViewChangeWarning: not caused by omit empty block ,v=2099,toV=2100,curNum=11,hash=9b39b6b9...,nodeIdx=1,myNode=ae5ce17c...
info|2019-12-12 03:03:32.020463|[g:1][CONSENSUS][PBFT]checkTimeout Succ,view=2099,toView=2100,nodeIdx=1,changeCycle=1,myNode=ae5ce17c...,timecost=17.147
info|2019-12-12 03:03:32.020731|[P2P][Service] heartBeat,connected count=3
info|2019-12-12 03:03:32.023185|[g:1][CONSENSUS][PBFT]checkAndChangeView: Reach consensus,org_view=2099,org_changeCycle=1,cur_changeCycle=1,to_view=2100
info|2019-12-12 03:03:33.028448|[g:1][CONSENSUS]addRawPrepare,height=12,reqIdx=3,hash=5c52a366...
info|2019-12-12 03:03:33.028978|[g:1][CONSENSUS][PBFT]checkTimeout Succ,view=2100,toView=2101,nodeIdx=1,changeCycle=0,myNode=ae5ce17c...,timecost=0.352
info|2019-12-12 03:03:33.031895|[g:1][CONSENSUS][PBFT]checkAndChangeView: Reach consensus,org_view=2100,org_changeCycle=0,cur_changeCycle=0,to_view=2101
info|2019-12-12 03:03:34.033296|[g:1][CONSENSUS]addRawPrepare,height=12,reqIdx=0,hash=aeb7fdb2...
info|2019-12-12 03:03:34.034020|[g:1][CONSENSUS][PBFT]checkTimeout Succ,view=2101,toView=2102,nodeIdx=1,changeCycle=0,myNode=ae5ce17c...,timecost=0.576
info|2019-12-12 03:03:34.036069|[g:1][CONSENSUS][PBFT]checkAndChangeView: Reach consensus,org_view=2101,org_changeCycle=0,cur_changeCycle=0,to_view=2102
info|2019-12-12 03:03:35.037350|[g:1][CONSENSUS][SEALER]++++++++++++++++ Generating seal on,blkNum=12,tx=0,nodeIdx=1,hash=99010925...
info|2019-12-12 03:03:35.041422|[g:1][CONSENSUS][PBFT]checkTimeout Succ,view=2102,toView=2103,nodeIdx=1,changeCycle=0,myNode=ae5ce17c...,timecost=0.705
info|2019-12-12 03:03:35.042401|[g:1][CONSENSUS][PBFT]checkAndChangeView: Reach consensus,org_view=2102,org_changeCycle=0,cur_changeCycle=0,to_view=2103
info|2019-12-12 03:03:36.044931|[g:1][CONSENSUS]addRawPrepare,height=12,reqIdx=2,hash=6cab7cba...
info|2019-12-12 03:03:36.045616|[g:1][CONSENSUS][PBFT]checkTimeout Succ,view=2103,toView=2104,nodeIdx=1,changeCycle=0,myNode=ae5ce17c...,timecost=0.494
info|2019-12-12 03:03:36.047504|[g:1][CONSENSUS][PBFT]checkAndChangeView: Reach consensus,org_view=2103,org_changeCycle=0,cur_changeCycle=0,to_view=2104
info|2019-12-12 03:03:37.051377|[g:1][CONSENSUS]addRawPrepare,height=12,reqIdx=3,hash=bc69e5af...
info|2019-12-12 03:03:37.052555|[g:1][CONSENSUS][PBFT]checkTimeout Succ,view=2104,toView=2105,nodeIdx=1,changeCycle=0,myNode=ae5ce17c...,timecost=0.759
info|2019-12-12 03:03:37.057795|[g:1][CONSENSUS][PBFT]checkAndChangeView: Reach consensus,org_view=2104,org_changeCycle=0,cur_changeCycle=0,to_view=2105
info|2019-12-12 03:03:38.062437|[g:1][CONSENSUS]addRawPrepare,height=12,reqIdx=0,hash=63c80175...
info|2019-12-12 03:03:38.063496|[g:1][CONSENSUS][PBFT]checkTimeout Succ,view=2105,toView=2106,nodeIdx=1,changeCycle=0,myNode=ae5ce17c...,timecost=0.811
info|2019-12-12 03:03:38.066229|[g:1][CONSENSUS][PBFT]checkAndChangeView: Reach consensus,org_view=2105,org_changeCycle=0,cur_changeCycle=0,to_view=2106
info|2019-12-12 03:03:39.067646|[g:1][CONSENSUS][SEALER]++++++++++++++++ Generating seal on,blkNum=12,tx=0,nodeIdx=1,hash=c177bf83...
info|2019-12-12 03:03:39.073185|[g:1][CONSENSUS][PBFT]checkTimeout Succ,view=2106,toView=2107,nodeIdx=1,changeCycle=0,myNode=ae5ce17c...,timecost=0.797
info|2019-12-12 03:03:39.076314|[g:1][CONSENSUS][PBFT]checkAndChangeView: Reach consensus,org_view=2106,org_changeCycle=0,cur_changeCycle=0,to_view=2107
info|2019-12-12 03:03:40.077318|[g:1][CONSENSUS]addRawPrepare,height=12,reqIdx=2,hash=098e3c08...
info|2019-12-12 03:03:40.078290|[g:1][CONSENSUS][PBFT]checkTimeout Succ,view=2107,toView=2108,nodeIdx=1,changeCycle=0,myNode=ae5ce17c...,timecost=0.727
info|2019-12-12 03:03:40.083856|[g:1][CONSENSUS][PBFT]checkAndChangeView: Reach consensus,org_view=2107,org_changeCycle=0,cur_changeCycle=0,to_view=2108
info|2019-12-12 03:03:41.084438|[g:1][CONSENSUS]addRawPrepare,height=12,reqIdx=3,hash=e544fda3...
info|2019-12-12 03:03:41.085244|[g:1][CONSENSUS][PBFT]checkTimeout Succ,view=2108,toView=2109,nodeIdx=1,changeCycle=0,myNode=ae5ce17c...,timecost=0.627
info|2019-12-12 03:03:41.087569|[g:1][CONSENSUS][PBFT]checkAndChangeView: Reach consensus,org_view=2108,org_changeCycle=0,cur_changeCycle=0,to_view=2109
info|2019-12-12 03:03:42.021211|[P2P][Service] heartBeat,connected count=3
info|2019-12-12 03:03:42.089591|[g:1][CONSENSUS]addRawPrepare,height=12,reqIdx=0,hash=f6fc2856...
info|2019-12-12 03:03:42.092356|[g:1][CONSENSUS][PBFT]checkTimeout Succ,view=2109,toView=2110,nodeIdx=1,changeCycle=0,myNode=ae5ce17c...,timecost=2.48
info|2019-12-12 03:03:42.097329|[g:1][CONSENSUS][PBFT]checkAndChangeView: Reach consensus,org_view=2109,org_changeCycle=0,cur_changeCycle=0,to_view=2110
info|2019-12-12 03:03:43.098434|[g:1][CONSENSUS][SEALER]++++++++++++++++ Generating seal on,blkNum=12,tx=0,nodeIdx=1,hash=cb9dd4cf...
info|2019-12-12 03:03:43.111105|[g:1][CONSENSUS][PBFT]checkTimeout Succ,view=2110,toView=2111,nodeIdx=1,changeCycle=0,myNode=ae5ce17c...,timecost=0.506
info|2019-12-12 03:03:43.118032|[g:1][CONSENSUS][PBFT]checkAndChangeView: Reach consensus,org_view=2110,org_changeCycle=0,cur_changeCycle=0,to_view=2111
info|2019-12-12 03:03:44.123912|[g:1][CONSENSUS]addRawPrepare,height=12,reqIdx=2,hash=18c4cb60...
info|2019-12-12 03:03:44.126506|[g:1][CONSENSUS][PBFT]checkTimeout Succ,view=2111,toView=2112,nodeIdx=1,changeCycle=0,myNode=ae5ce17c...,timecost=2.343
info|2019-12-12 03:03:44.129118|[g:1][CONSENSUS][PBFT]checkAndChangeView: Reach consensus,org_view=2111,org_changeCycle=0,cur_changeCycle=0,to_view=2112
info|2019-12-12 03:03:45.133932|[g:1][CONSENSUS]addRawPrepare,height=12,reqIdx=3,hash=fbac2270...
info|2019-12-12 03:03:45.135014|[g:1][CONSENSUS][PBFT]checkTimeout Succ,view=2112,toView=2113,nodeIdx=1,changeCycle=0,myNode=ae5ce17c...,timecost=0.794
info|2019-12-12 03:03:45.137685|[g:1][CONSENSUS][PBFT]checkAndChangeView: Reach consensus,org_view=2112,org_changeCycle=0,cur_changeCycle=0,to_view=2113
info|2019-12-12 03:03:46.143731|[g:1][CONSENSUS]addRawPrepare,height=12,reqIdx=0,hash=8c5c5846...
info|2019-12-12 03:03:46.144973|[g:1][CONSENSUS][PBFT]checkTimeout Succ,view=2113,toView=2114,nodeIdx=1,changeCycle=0,myNode=ae5ce17c...,timecost=0.948
info|2019-12-12 03:03:46.148738|[g:1][CONSENSUS][PBFT]checkAndChangeView: Reach consensus,org_view=2113,org_changeCycle=0,cur_changeCycle=0,to_view=2114
info|2019-12-12 03:03:47.148914|[g:1][CONSENSUS][SEALER]++++++++++++++++ Generating seal on,blkNum=12,tx=0,nodeIdx=1,hash=98c29207...
info|2019-12-12 03:03:47.154424|[g:1][CONSENSUS][PBFT]checkTimeout Succ,view=2114,toView=2115,nodeIdx=1,changeCycle=0,myNode=ae5ce17c...,timecost=0.742
info|2019-12-12 03:03:47.156913|[g:1][CONSENSUS][PBFT]checkAndChangeView: Reach consensus,org_view=2114,org_changeCycle=0,cur_changeCycle=0,to_view=2115
info|2019-12-12 03:03:48.159390|[g:1][CONSENSUS]addRawPrepare,height=12,reqIdx=2,hash=73de91ba...
info|2019-12-12 03:03:48.161248|[g:1][CONSENSUS][PBFT]checkTimeout Succ,view=2115,toView=2116,nodeIdx=1,changeCycle=0,myNode=ae5ce17c...,timecost=1.603
info|2019-12-12 03:03:48.164103|[g:1][CONSENSUS][PBFT]checkAndChangeView: Reach consensus,org_view=2115,org_changeCycle=0,cur_changeCycle=0,to_view=2116
info|2019-12-12 03:03:49.165503|[g:1][CONSENSUS]addRawPrepare,height=12,reqIdx=3,hash=254f4cf6...
info|2019-12-12 03:03:49.166747|[g:1][CONSENSUS][PBFT]checkTimeout Succ,view=2116,toView=2117,nodeIdx=1,changeCycle=0,myNode=ae5ce17c...,timecost=0.989
info|2019-12-12 03:03:49.171104|[g:1][CONSENSUS][PBFT]checkAndChangeView: Reach consensus,org_view=2116,org_changeCycle=0,cur_changeCycle=0,to_view=2117
info|2019-12-12 03:03:50.174560|[g:1][CONSENSUS]addRawPrepare,height=12,reqIdx=0,hash=74909d2e...
info|2019-12-12 03:03:50.177121|[g:1][CONSENSUS][PBFT]checkTimeout Succ,view=2117,toView=2118,nodeIdx=1,changeCycle=0,myNode=ae5ce17c...,timecost=2.274
info|2019-12-12 03:03:50.179951|[g:1][CONSENSUS][PBFT]checkAndChangeView: Reach consensus,org_view=2117,org_changeCycle=0,cur_changeCycle=0,to_view=2118
info|2019-12-12 03:03:51.180585|[g:1][CONSENSUS][SEALER]++++++++++++++++ Generating seal on,blkNum=12,tx=0,nodeIdx=1,hash=10167b46...
info|2019-12-12 03:03:51.181935|[g:1][CONSENSUS][PBFT]checkTimeout Succ,view=2118,toView=2119,nodeIdx=1,changeCycle=0,myNode=ae5ce17c...,timecost=0.974
info|2019-12-12 03:03:51.188796|[g:1][CONSENSUS][PBFT]checkAndChangeView: Reach consensus,org_view=2118,org_changeCycle=0,cur_changeCycle=0,to_view=2119
info|2019-12-12 03:03:52.022508|[P2P][Service] heartBeat,connected count=3
info|2019-12-12 03:03:52.189900|[g:1][CONSENSUS]addRawPrepare,height=12,reqIdx=2,hash=dc3087db...
info|2019-12-12 03:03:52.191180|[g:1][CONSENSUS][PBFT]checkTimeout Succ,view=2119,toView=2120,nodeIdx=1,changeCycle=0,myNode=ae5ce17c...,timecost=1.063
info|2019-12-12 03:03:52.196122|[g:1][CONSENSUS][PBFT]checkAndChangeView: Reach consensus,org_view=2119,org_changeCycle=0,cur_changeCycle=0,to_view=2120
info|2019-12-12 03:03:53.198517|[g:1][CONSENSUS]addRawPrepare,height=12,reqIdx=3,hash=643d7362...
info|2019-12-12 03:03:53.199798|[g:1][CONSENSUS][PBFT]checkTimeout Succ,view=2120,toView=2121,nodeIdx=1,changeCycle=0,myNode=ae5ce17c...,timecost=0.949
info|2019-12-12 03:03:53.202777|[g:1][CONSENSUS][PBFT]checkAndChangeView: Reach consensus,org_view=2120,org_changeCycle=0,cur_changeCycle=0,to_view=2121
info|2019-12-12 03:03:54.206985|[g:1][CONSENSUS]addRawPrepare,height=12,reqIdx=0,hash=335e2b81...
info|2019-12-12 03:03:54.208296|[g:1][CONSENSUS][PBFT]checkTimeout Succ,view=2121,toView=2122,nodeIdx=1,changeCycle=0,myNode=ae5ce17c...,timecost=1.092
info|2019-12-12 03:03:54.211426|[g:1][CONSENSUS][PBFT]checkAndChangeView: Reach consensus,org_view=2121,org_changeCycle=0,cur_changeCycle=0,to_view=2122
info|2019-12-12 03:03:55.212416|[g:1][CONSENSUS][SEALER]++++++++++++++++ Generating seal on,blkNum=12,tx=0,nodeIdx=1,hash=a0470c5b...
info|2019-12-12 03:03:55.218992|[g:1][CONSENSUS][PBFT]checkTimeout Succ,view=2122,toView=2123,nodeIdx=1,changeCycle=0,myNode=ae5ce17c...,timecost=0.965
info|2019-12-12 03:03:55.221818|[g:1][CONSENSUS][PBFT]checkAndChangeView: Reach consensus,org_view=2122,org_changeCycle=0,cur_changeCycle=0,to_view=2123
info|2019-12-12 03:03:56.224466|[g:1][CONSENSUS]addRawPrepare,height=12,reqIdx=2,hash=9efb2207...
info|2019-12-12 03:03:56.227022|[g:1][CONSENSUS][PBFT]checkTimeout Succ,view=2123,toView=2124,nodeIdx=1,changeCycle=0,myNode=ae5ce17c...,timecost=2.232
info|2019-12-12 03:03:56.231048|[g:1][CONSENSUS][PBFT]checkAndChangeView: Reach consensus,org_view=2123,org_changeCycle=0,cur_changeCycle=0,to_view=2124
info|2019-12-12 03:03:57.233550|[g:1][CONSENSUS]addRawPrepare,height=12,reqIdx=3,hash=6abbf714...
info|2019-12-12 03:03:57.236184|[g:1][CONSENSUS][PBFT]checkTimeout Succ,view=2124,toView=2125,nodeIdx=1,changeCycle=0,myNode=ae5ce17c...,timecost=2.273
info|2019-12-12 03:03:57.240926|[g:1][CONSENSUS][PBFT]checkAndChangeView: Reach consensus,org_view=2124,org_changeCycle=0,cur_changeCycle=0,to_view=2125
info|2019-12-12 03:03:58.244639|[g:1][CONSENSUS]addRawPrepare,height=12,reqIdx=0,hash=165bf918...
info|2019-12-12 03:03:58.245617|[g:1][CONSENSUS][PBFT]checkTimeout Succ,view=2125,toView=2126,nodeIdx=1,changeCycle=0,myNode=ae5ce17c...,timecost=0.814
info|2019-12-12 03:03:58.251190|[g:1][CONSENSUS][PBFT]checkAndChangeView: Reach consensus,org_view=2125,org_changeCycle=0,cur_changeCycle=0,to_view=2126
info|2019-12-12 03:03:59.251273|[g:1][CONSENSUS][SEALER]++++++++++++++++ Generating seal on,blkNum=12,tx=0,nodeIdx=1,hash=1e9a3ab6...
info|2019-12-12 03:03:59.252760|[g:1][CONSENSUS][PBFT]checkTimeout Succ,view=2126,toView=2127,nodeIdx=1,changeCycle=0,myNode=ae5ce17c...,timecost=0.889
info|2019-12-12 03:03:59.258562|[g:1][CONSENSUS][PBFT]checkAndChangeView: Reach consensus,org_view=2126,org_changeCycle=0,cur_changeCycle=0,to_view=2127
info|2019-12-12 03:04:00.261873|[g:1][CONSENSUS]addRawPrepare,height=12,reqIdx=2,hash=74721553...
info|2019-12-12 03:04:00.263015|[g:1][CONSENSUS][PBFT]checkTimeout Succ,view=2127,toView=2128,nodeIdx=1,changeCycle=0,myNode=ae5ce17c...,timecost=0.853
info|2019-12-12 03:04:00.266369|[g:1][CONSENSUS][PBFT]checkAndChangeView: Reach consensus,org_view=2127,org_changeCycle=0,cur_changeCycle=0,to_view=2128
info|2019-12-12 03:04:01.270851|[g:1][CONSENSUS]addRawPrepare,height=12,reqIdx=3,hash=fb443156...
info|2019-12-12 03:04:01.272435|[g:1][CONSENSUS][PBFT]checkTimeout Succ,view=2128,toView=2129,nodeIdx=1,changeCycle=0,myNode=ae5ce17c...,timecost=1.356
info|2019-12-12 03:04:01.276867|[g:1][CONSENSUS][PBFT]checkAndChangeView: Reach consensus,org_view=2128,org_changeCycle=0,cur_changeCycle=0,to_view=2129
info|2019-12-12 03:04:02.026614|[P2P][Service] heartBeat,connected count=3
info|2019-12-12 03:04:02.278773|[g:1][CONSENSUS]addRawPrepare,height=12,reqIdx=0,hash=e8ddf304...
info|2019-12-12 03:04:02.280486|[g:1][CONSENSUS][PBFT]checkTimeout Succ,view=2129,toView=2130,nodeIdx=1,changeCycle=0,myNode=ae5ce17c...,timecost=1.492
info|2019-12-12 03:04:02.285095|[g:1][CONSENSUS][PBFT]checkAndChangeView: Reach consensus,org_view=2129,org_changeCycle=0,cur_changeCycle=0,to_view=2130
info|2019-12-12 03:04:03.285809|[g:1][CONSENSUS][SEALER]++++++++++++++++ Generating seal on,blkNum=12,tx=0,nodeIdx=1,hash=761d5acf...
info|2019-12-12 03:04:03.287255|[g:1][CONSENSUS][PBFT]checkTimeout Succ,view=2130,toView=2131,nodeIdx=1,changeCycle=0,myNode=ae5ce17c...,timecost=0.827
info|2019-12-12 03:04:03.293936|[g:1][CONSENSUS][PBFT]checkAndChangeView: Reach consensus,org_view=2130,org_changeCycle=0,cur_changeCycle=0,to_view=2131
info|2019-12-12 03:04:04.296501|[g:1][CONSENSUS]addRawPrepare,height=12,reqIdx=2,hash=6a637133...
info|2019-12-12 03:04:04.297514|[g:1][CONSENSUS][PBFT]checkTimeout Succ,view=2131,toView=2132,nodeIdx=1,changeCycle=0,myNode=ae5ce17c...,timecost=0.792
info|2019-12-12 03:04:04.302434|[g:1][CONSENSUS][PBFT]checkAndChangeView: Reach consensus,org_view=2131,org_changeCycle=0,cur_changeCycle=0,to_view=2132
info|2019-12-12 03:04:05.302352|[g:1][CONSENSUS]addRawPrepare,height=12,reqIdx=3,hash=af2ce4eb...
info|2019-12-12 03:04:05.304820|[g:1][CONSENSUS][PBFT]checkTimeout Succ,view=2132,toView=2133,nodeIdx=1,changeCycle=0,myNode=ae5ce17c...,timecost=2.295
info|2019-12-12 03:04:05.305871|[g:1][CONSENSUS][PBFT]checkAndChangeView: Reach consensus,org_view=2132,org_changeCycle=0,cur_changeCycle=0,to_view=2133
info|2019-12-12 03:04:06.306126|[g:1][CONSENSUS]addRawPrepare,height=12,reqIdx=0,hash=ef7d6374...
info|2019-12-12 03:04:06.306865|[g:1][CONSENSUS][PBFT]checkTimeout Succ,view=2133,toView=2134,nodeIdx=1,changeCycle=0,myNode=ae5ce17c...,timecost=0.564
info|2019-12-12 03:04:06.309158|[g:1][CONSENSUS][PBFT]checkAndChangeView: Reach consensus,org_view=2133,org_changeCycle=0,cur_changeCycle=0,to_view=2134
info|2019-12-12 03:04:07.309782|[g:1][CONSENSUS][SEALER]++++++++++++++++ Generating seal on,blkNum=12,tx=0,nodeIdx=1,hash=78f482ef...
info|2019-12-12 03:04:07.311021|[g:1][CONSENSUS][PBFT]checkTimeout Succ,view=2134,toView=2135,nodeIdx=1,changeCycle=0,myNode=ae5ce17c...,timecost=0.779
info|2019-12-12 03:04:07.315024|[g:1][CONSENSUS][PBFT]checkAndChangeView: Reach consensus,org_view=2134,org_changeCycle=0,cur_changeCycle=0,to_view=2135
info|2019-12-12 03:04:08.319073|[g:1][CONSENSUS]addRawPrepare,height=12,reqIdx=2,hash=3a72d5dd...
info|2019-12-12 03:04:08.320686|[g:1][CONSENSUS][PBFT]checkTimeout Succ,view=2135,toView=2136,nodeIdx=1,changeCycle=0,myNode=ae5ce17c...,timecost=1.219
info|2019-12-12 03:04:08.322476|[g:1][CONSENSUS][PBFT]checkAndChangeView: Reach consensus,org_view=2135,org_changeCycle=0,cur_changeCycle=0,to_view=2136
info|2019-12-12 03:04:09.324099|[g:1][CONSENSUS]addRawPrepare,height=12,reqIdx=3,hash=9f5003fd...
info|2019-12-12 03:04:09.325100|[g:1][CONSENSUS][PBFT]checkTimeout Succ,view=2136,toView=2137,nodeIdx=1,changeCycle=0,myNode=ae5ce17c...,timecost=0.791
info|2019-12-12 03:04:09.329088|[g:1][CONSENSUS][PBFT]checkAndChangeView: Reach consensus,org_view=2136,org_changeCycle=0,cur_changeCycle=0,to_view=2137
info|2019-12-12 03:04:10.330328|[g:1][CONSENSUS]addRawPrepare,height=12,reqIdx=0,hash=f0b3d0e0...
info|2019-12-12 03:04:10.331525|[g:1][CONSENSUS][PBFT]checkTimeout Succ,view=2137,toView=2138,nodeIdx=1,changeCycle=0,myNode=ae5ce17c...,timecost=0.95
info|2019-12-12 03:04:10.335084|[g:1][CONSENSUS][PBFT]checkAndChangeView: Reach consensus,org_view=2137,org_changeCycle=0,cur_changeCycle=0,to_view=2138
info|2019-12-12 03:04:11.335865|[g:1][CONSENSUS][SEALER]++++++++++++++++ Generating seal on,blkNum=12,tx=0,nodeIdx=1,hash=f974e099...
info|2019-12-12 03:04:11.337345|[g:1][CONSENSUS][PBFT]checkTimeout Succ,view=2138,toView=2139,nodeIdx=1,changeCycle=0,myNode=ae5ce17c...,timecost=0.868
info|2019-12-12 03:04:11.345345|[g:1][CONSENSUS][PBFT]checkAndChangeView: Reach consensus,org_view=2138,org_changeCycle=0,cur_changeCycle=0,to_view=2139
info|2019-12-12 03:04:12.031260|[P2P][Service] heartBeat,connected count=3
info|2019-12-12 03:04:12.347919|[g:1][CONSENSUS]addRawPrepare,height=12,reqIdx=2,hash=4489755d...
info|2019-12-12 03:04:12.349047|[g:1][CONSENSUS][PBFT]checkTimeout Succ,view=2139,toView=2140,nodeIdx=1,changeCycle=0,myNode=ae5ce17c...,timecost=0.834
info|2019-12-12 03:04:12.354944|[g:1][CONSENSUS][PBFT]checkAndChangeView: Reach consensus,org_view=2139,org_changeCycle=0,cur_changeCycle=0,to_view=2140
info|2019-12-12 03:04:13.358934|[g:1][CONSENSUS]addRawPrepare,height=12,reqIdx=3,hash=3ef870e1...
info|2019-12-12 03:04:13.360076|[g:1][CONSENSUS][PBFT]checkTimeout Succ,view=2140,toView=2141,nodeIdx=1,changeCycle=0,myNode=ae5ce17c...,timecost=0.91
info|2019-12-12 03:04:13.364802|[g:1][CONSENSUS][PBFT]checkAndChangeView: Reach consensus,org_view=2140,org_changeCycle=0,cur_changeCycle=0,to_view=2141
info|2019-12-12 03:04:14.365235|[g:1][CONSENSUS]addRawPrepare,height=12,reqIdx=0,hash=00ca1bfa...
info|2019-12-12 03:04:14.366526|[g:1][CONSENSUS][PBFT]checkTimeout Succ,view=2141,toView=2142,nodeIdx=1,changeCycle=0,myNode=ae5ce17c...,timecost=1.137
info|2019-12-12 03:04:14.371224|[g:1][CONSENSUS][PBFT]checkAndChangeView: Reach consensus,org_view=2141,org_changeCycle=0,cur_changeCycle=0,to_view=2142
info|2019-12-12 03:04:15.371621|[g:1][CONSENSUS][SEALER]++++++++++++++++ Generating seal on,blkNum=12,tx=0,nodeIdx=1,hash=eda0cf76...
info|2019-12-12 03:04:15.378840|[g:1][CONSENSUS][PBFT]checkTimeout Succ,view=2142,toView=2143,nodeIdx=1,changeCycle=0,myNode=ae5ce17c...,timecost=2.065
info|2019-12-12 03:04:15.380223|[g:1][CONSENSUS][PBFT]checkAndChangeView: Reach consensus,org_view=2142,org_changeCycle=0,cur_changeCycle=0,to_view=2143
info|2019-12-12 03:04:16.381532|[g:1][CONSENSUS]addRawPrepare,height=12,reqIdx=2,hash=f5dd5305...
info|2019-12-12 03:04:16.382531|[g:1][CONSENSUS][PBFT]checkTimeout Succ,view=2143,toView=2144,nodeIdx=1,changeCycle=0,myNode=ae5ce17c...,timecost=0.746
info|2019-12-12 03:04:16.388024|[g:1][CONSENSUS][PBFT]checkAndChangeView: Reach consensus,org_view=2143,org_changeCycle=0,cur_changeCycle=0,to_view=2144
info|2019-12-12 03:04:17.389942|[g:1][CONSENSUS]addRawPrepare,height=12,reqIdx=3,hash=7c8d734d...
info|2019-12-12 03:04:17.392293|[g:1][CONSENSUS][PBFT]checkTimeout Succ,view=2144,toView=2145,nodeIdx=1,changeCycle=0,myNode=ae5ce17c...,timecost=2.126
info|2019-12-12 03:04:17.395069|[g:1][CONSENSUS][PBFT]checkAndChangeView: Reach consensus,org_view=2144,org_changeCycle=0,cur_changeCycle=0,to_view=2145
info|2019-12-12 03:04:18.399287|[g:1][CONSENSUS]addRawPrepare,height=12,reqIdx=0,hash=065d0c73...
info|2019-12-12 03:04:18.400371|[g:1][CONSENSUS][PBFT]checkTimeout Succ,view=2145,toView=2146,nodeIdx=1,changeCycle=0,myNode=ae5ce17c...,timecost=0.854
info|2019-12-12 03:04:18.403368|[g:1][CONSENSUS][PBFT]checkAndChangeView: Reach consensus,org_view=2145,org_changeCycle=0,cur_changeCycle=0,to_view=2146
info|2019-12-12 03:04:19.404654|[g:1][CONSENSUS][SEALER]++++++++++++++++ Generating seal on,blkNum=12,tx=0,nodeIdx=1,hash=273f7959...
info|2019-12-12 03:04:19.405951|[g:1][CONSENSUS][PBFT]checkTimeout Succ,view=2146,toView=2147,nodeIdx=1,changeCycle=0,myNode=ae5ce17c...,timecost=0.776
info|2019-12-12 03:04:19.411608|[g:1][CONSENSUS][PBFT]checkAndChangeView: Reach consensus,org_view=2146,org_changeCycle=0,cur_changeCycle=0,to_view=2147
info|2019-12-12 03:04:20.414740|[g:1][CONSENSUS]addRawPrepare,height=12,reqIdx=2,hash=a9a299c3...
info|2019-12-12 03:04:20.415842|[g:1][CONSENSUS][PBFT]checkTimeout Succ,view=2147,toView=2148,nodeIdx=1,changeCycle=0,myNode=ae5ce17c...,timecost=0.806
info|2019-12-12 03:04:20.419450|[g:1][CONSENSUS][PBFT]checkAndChangeView: Reach consensus,org_view=2147,org_changeCycle=0,cur_changeCycle=0,to_view=2148
info|2019-12-12 03:04:21.420955|[g:1][CONSENSUS]addRawPrepare,height=12,reqIdx=3,hash=30cc588c...
info|2019-12-12 03:04:21.421946|[g:1][CONSENSUS][PBFT]checkTimeout Succ,view=2148,toView=2149,nodeIdx=1,changeCycle=0,myNode=ae5ce17c...,timecost=0.741
info|2019-12-12 03:04:21.425104|[g:1][CONSENSUS][PBFT]checkAndChangeView: Reach consensus,org_view=2148,org_changeCycle=0,cur_changeCycle=0,to_view=2149
info|2019-12-12 03:04:22.035792|[P2P][Service] heartBeat,connected count=3
info|2019-12-12 03:04:22.427818|[g:1][CONSENSUS]addRawPrepare,height=12,reqIdx=0,hash=47076da6...
info|2019-12-12 03:04:22.429967|[g:1][CONSENSUS][PBFT]checkTimeout Succ,view=2149,toView=2150,nodeIdx=1,changeCycle=0,myNode=ae5ce17c...,timecost=1.965
info|2019-12-12 03:04:22.432594|[g:1][CONSENSUS][PBFT]checkAndChangeView: Reach consensus,org_view=2149,org_changeCycle=0,cur_changeCycle=0,to_view=2150
info|2019-12-12 03:04:23.433233|[g:1][CONSENSUS][SEALER]++++++++++++++++ Generating seal on,blkNum=12,tx=0,nodeIdx=1,hash=f4a5a554...
info|2019-12-12 03:04:23.434564|[g:1][CONSENSUS][PBFT]checkTimeout Succ,view=2150,toView=2151,nodeIdx=1,changeCycle=0,myNode=ae5ce17c...,timecost=0.844
info|2019-12-12 03:04:23.440063|[g:1][CONSENSUS][PBFT]checkAndChangeView: Reach consensus,org_view=2150,org_changeCycle=0,cur_changeCycle=0,to_view=2151
info|2019-12-12 03:04:24.444746|[g:1][CONSENSUS]addRawPrepare,height=12,reqIdx=2,hash=4413e45b...
info|2019-12-12 03:04:24.446422|[g:1][CONSENSUS][PBFT]checkTimeout Succ,view=2151,toView=2152,nodeIdx=1,changeCycle=0,myNode=ae5ce17c...,timecost=0.938
info|2019-12-12 03:04:24.450546|[g:1][CONSENSUS][PBFT]checkAndChangeView: Reach consensus,org_view=2151,org_changeCycle=0,cur_changeCycle=0,to_view=2152
info|2019-12-12 03:04:25.452875|[g:1][CONSENSUS]addRawPrepare,height=12,reqIdx=3,hash=fef5dfea...
info|2019-12-12 03:04:25.454176|[g:1][CONSENSUS][PBFT]checkTimeout Succ,view=2152,toView=2153,nodeIdx=1,changeCycle=0,myNode=ae5ce17c...,timecost=1.069
info|2019-12-12 03:04:25.457803|[g:1][CONSENSUS][PBFT]checkAndChangeView: Reach consensus,org_view=2152,org_changeCycle=0,cur_changeCycle=0,to_view=2153
info|2019-12-12 03:04:26.460551|[g:1][CONSENSUS]addRawPrepare,height=12,reqIdx=0,hash=8ba0d618...
info|2019-12-12 03:04:26.461647|[g:1][CONSENSUS][PBFT]checkTimeout Succ,view=2153,toView=2154,nodeIdx=1,changeCycle=0,myNode=ae5ce17c...,timecost=0.804
info|2019-12-12 03:04:26.465782|[g:1][CONSENSUS][PBFT]checkAndChangeView: Reach consensus,org_view=2153,org_changeCycle=0,cur_changeCycle=0,to_view=2154
info|2019-12-12 03:04:27.465255|[g:1][CONSENSUS][SEALER]++++++++++++++++ Generating seal on,blkNum=12,tx=0,nodeIdx=1,hash=fc1f4d3b...
info|2019-12-12 03:04:27.466638|[g:1][CONSENSUS][PBFT]checkTimeout Succ,view=2154,toView=2155,nodeIdx=1,changeCycle=0,myNode=ae5ce17c...,timecost=0.862
info|2019-12-12 03:04:27.473381|[g:1][CONSENSUS][PBFT]checkAndChangeView: Reach consensus,org_view=2154,org_changeCycle=0,cur_changeCycle=0,to_view=2155
info|2019-12-12 03:04:28.475479|[g:1][CONSENSUS]addRawPrepare,height=12,reqIdx=2,hash=9db11679...
info|2019-12-12 03:04:28.476677|[g:1][CONSENSUS][PBFT]checkTimeout Succ,view=2155,toView=2156,nodeIdx=1,changeCycle=0,myNode=ae5ce17c...,timecost=0.906
info|2019-12-12 03:04:28.479758|[g:1][CONSENSUS][PBFT]checkAndChangeView: Reach consensus,org_view=2155,org_changeCycle=0,cur_changeCycle=0,to_view=2156
info|2019-12-12 03:04:29.484862|[g:1][CONSENSUS]addRawPrepare,height=12,reqIdx=3,hash=66744178...
info|2019-12-12 03:04:29.486553|[g:1][CONSENSUS][PBFT]checkTimeout Succ,view=2156,toView=2157,nodeIdx=1,changeCycle=0,myNode=ae5ce17c...,timecost=1.445
info|2019-12-12 03:04:29.489064|[g:1][CONSENSUS][PBFT]checkAndChangeView: Reach consensus,org_view=2156,org_changeCycle=0,cur_changeCycle=0,to_view=2157
info|2019-12-12 03:04:30.492871|[g:1][CONSENSUS]addRawPrepare,height=12,reqIdx=0,hash=17d6c03d...
info|2019-12-12 03:04:30.493962|[g:1][CONSENSUS][PBFT]checkTimeout Succ,view=2157,toView=2158,nodeIdx=1,changeCycle=0,myNode=ae5ce17c...,timecost=0.837
info|2019-12-12 03:04:30.497633|[g:1][CONSENSUS][PBFT]checkAndChangeView: Reach consensus,org_view=2157,org_changeCycle=0,cur_changeCycle=0,to_view=2158
info|2019-12-12 03:04:31.498286|[g:1][CONSENSUS][SEALER]++++++++++++++++ Generating seal on,blkNum=12,tx=0,nodeIdx=1,hash=943fee31...
info|2019-12-12 03:04:31.499567|[g:1][CONSENSUS][PBFT]checkTimeout Succ,view=2158,toView=2159,nodeIdx=1,changeCycle=0,myNode=ae5ce17c...,timecost=0.758
info|2019-12-12 03:04:31.506212|[g:1][CONSENSUS][PBFT]checkAndChangeView: Reach consensus,org_view=2158,org_changeCycle=0,cur_changeCycle=0,to_view=2159
info|2019-12-12 03:04:32.041661|[P2P][Service] heartBeat,connected count=3
info|2019-12-12 03:04:32.507010|[g:1][CONSENSUS]addRawPrepare,height=12,reqIdx=2,hash=126b8e84...
info|2019-12-12 03:04:32.508359|[g:1][CONSENSUS][PBFT]checkTimeout Succ,view=2159,toView=2160,nodeIdx=1,changeCycle=0,myNode=ae5ce17c...,timecost=0.732
info|2019-12-12 03:04:32.512763|[g:1][CONSENSUS][PBFT]checkAndChangeView: Reach consensus,org_view=2159,org_changeCycle=0,cur_changeCycle=0,to_view=2160
info|2019-12-12 03:04:33.515020|[g:1][CONSENSUS]addRawPrepare,height=12,reqIdx=3,hash=32986512...
info|2019-12-12 03:04:33.516108|[g:1][CONSENSUS][PBFT]checkTimeout Succ,view=2160,toView=2161,nodeIdx=1,changeCycle=0,myNode=ae5ce17c...,timecost=0.836
info|2019-12-12 03:04:33.518810|[g:1][CONSENSUS][PBFT]checkAndChangeView: Reach consensus,org_view=2160,org_changeCycle=0,cur_changeCycle=0,to_view=2161
