warning|2019-12-12 07:05:25.014208|[g:1][CONSENSUS][PBFT]ViewChangeWarning: not caused by omit empty block ,v=2214,toV=2215,curNum=11,hash=9b39b6b9...,nodeIdx=1,myNode=ae5ce17c...
info|2019-12-12 07:05:25.015298|[g:1][CONSENSUS][PBFT]checkTimeout Succ,view=2214,toView=2215,nodeIdx=1,changeCycle=1,myNode=ae5ce17c...,timecost=11.273
info|2019-12-12 07:05:25.015371|[P2P][Service] heartBeat,connected count=3
info|2019-12-12 07:05:25.019312|[g:1][CONSENSUS][PBFT]checkAndChangeView: Reach consensus,org_view=2214,org_changeCycle=1,cur_changeCycle=1,to_view=2215
info|2019-12-12 07:05:26.018890|[g:1][CONSENSUS]addRawPrepare,height=12,reqIdx=2,hash=f603e6af...
info|2019-12-12 07:05:26.019469|[g:1][CONSENSUS][PBFT]checkTimeout Succ,view=2215,toView=2216,nodeIdx=1,changeCycle=0,myNode=ae5ce17c...,timecost=0.44
info|2019-12-12 07:05:26.022687|[g:1][CONSENSUS][PBFT]checkAndChangeView: Reach consensus,org_view=2215,org_changeCycle=0,cur_changeCycle=0,to_view=2216
info|2019-12-12 07:05:27.025224|[g:1][CONSENSUS]addRawPrepare,height=12,reqIdx=3,hash=9e0b7f1a...
info|2019-12-12 07:05:27.026214|[g:1][CONSENSUS][PBFT]checkTimeout Succ,view=2216,toView=2217,nodeIdx=1,changeCycle=0,myNode=ae5ce17c...,timecost=0.8
info|2019-12-12 07:05:27.029157|[g:1][CONSENSUS][PBFT]checkAndChangeView: Reach consensus,org_view=2216,org_changeCycle=0,cur_changeCycle=0,to_view=2217
info|2019-12-12 07:05:28.032738|[g:1][CONSENSUS]addRawPrepare,height=12,reqIdx=0,hash=532cb502...
info|2019-12-12 07:05:28.033990|[g:1][CONSENSUS][PBFT]checkTimeout Succ,view=2217,toView=2218,nodeIdx=1,changeCycle=0,myNode=ae5ce17c...,timecost=1.007
info|2019-12-12 07:05:28.036822|[g:1][CONSENSUS][PBFT]checkAndChangeView: Reach consensus,org_view=2217,org_changeCycle=0,cur_changeCycle=0,to_view=2218
info|2019-12-12 07:05:29.036657|[g:1][CONSENSUS][SEALER]++++++++++++++++ Generating seal on,blkNum=12,tx=0,nodeIdx=1,hash=112d190f...
info|2019-12-12 07:05:29.041877|[g:1][CONSENSUS][PBFT]checkTimeout Succ,view=2218,toView=2219,nodeIdx=1,changeCycle=0,myNode=ae5ce17c...,timecost=0.752
info|2019-12-12 07:05:29.046104|[g:1][CONSENSUS][PBFT]checkAndChangeView: Reach consensus,org_view=2218,org_changeCycle=0,cur_changeCycle=0,to_view=2219
info|2019-12-12 07:05:30.047587|[g:1][CONSENSUS]addRawPrepare,height=12,reqIdx=2,hash=342c1e0e...
info|2019-12-12 07:05:30.048522|[g:1][CONSENSUS][PBFT]checkTimeout Succ,view=2219,toView=2220,nodeIdx=1,changeCycle=0,myNode=ae5ce17c...,timecost=0.677
info|2019-12-12 07:05:30.054030|[g:1][CONSENSUS][PBFT]checkAndChangeView: Reach consensus,org_view=2219,org_changeCycle=0,cur_changeCycle=0,to_view=2220
info|2019-12-12 07:05:31.058987|[g:1][CONSENSUS]addRawPrepare,height=12,reqIdx=3,hash=da37cdf2...
info|2019-12-12 07:05:31.060099|[g:1][CONSENSUS][PBFT]checkTimeout Succ,view=2220,toView=2221,nodeIdx=1,changeCycle=0,myNode=ae5ce17c...,timecost=0.845
info|2019-12-12 07:05:31.063436|[g:1][CONSENSUS][PBFT]checkAndChangeView: Reach consensus,org_view=2220,org_changeCycle=0,cur_changeCycle=0,to_view=2221
info|2019-12-12 07:05:32.066928|[g:1][CONSENSUS]addRawPrepare,height=12,reqIdx=0,hash=83ef16a6...
info|2019-12-12 07:05:32.068499|[g:1][CONSENSUS][PBFT]checkTimeout Succ,view=2221,toView=2222,nodeIdx=1,changeCycle=0,myNode=ae5ce17c...,timecost=1.172
info|2019-12-12 07:05:32.071296|[g:1][CONSENSUS][PBFT]checkAndChangeView: Reach consensus,org_view=2221,org_changeCycle=0,cur_changeCycle=0,to_view=2222
info|2019-12-12 07:05:33.072028|[g:1][CONSENSUS][SEALER]++++++++++++++++ Generating seal on,blkNum=12,tx=0,nodeIdx=1,hash=0ebb8a46...
info|2019-12-12 07:05:33.073465|[g:1][CONSENSUS][PBFT]checkTimeout Succ,view=2222,toView=2223,nodeIdx=1,changeCycle=0,myNode=ae5ce17c...,timecost=0.875
info|2019-12-12 07:05:33.079045|[g:1][CONSENSUS][PBFT]checkAndChangeView: Reach consensus,org_view=2222,org_changeCycle=0,cur_changeCycle=0,to_view=2223
info|2019-12-12 07:05:34.080965|[g:1][CONSENSUS]addRawPrepare,height=12,reqIdx=2,hash=160d9913...
info|2019-12-12 07:05:34.084367|[g:1][CONSENSUS][PBFT]checkTimeout Succ,view=2223,toView=2224,nodeIdx=1,changeCycle=0,myNode=ae5ce17c...,timecost=3.022
info|2019-12-12 07:05:34.086878|[g:1][CONSENSUS][PBFT]checkAndChangeView: Reach consensus,org_view=2223,org_changeCycle=0,cur_changeCycle=0,to_view=2224
info|2019-12-12 07:05:35.015619|[P2P][Service] heartBeat,connected count=3
info|2019-12-12 07:05:35.088090|[g:1][CONSENSUS]addRawPrepare,height=12,reqIdx=3,hash=4d056246...
info|2019-12-12 07:05:35.090176|[g:1][CONSENSUS][PBFT]checkTimeout Succ,view=2224,toView=2225,nodeIdx=1,changeCycle=0,myNode=ae5ce17c...,timecost=1.848
info|2019-12-12 07:05:35.093267|[g:1][CONSENSUS][PBFT]checkAndChangeView: Reach consensus,org_view=2224,org_changeCycle=0,cur_changeCycle=0,to_view=2225
info|2019-12-12 07:05:36.097377|[g:1][CONSENSUS]addRawPrepare,height=12,reqIdx=0,hash=ff8e8cd8...
info|2019-12-12 07:05:36.098457|[g:1][CONSENSUS][PBFT]checkTimeout Succ,view=2225,toView=2226,nodeIdx=1,changeCycle=0,myNode=ae5ce17c...,timecost=0.837
info|2019-12-12 07:05:36.101788|[g:1][CONSENSUS][PBFT]checkAndChangeView: Reach consensus,org_view=2225,org_changeCycle=0,cur_changeCycle=0,to_view=2226
info|2019-12-12 07:05:37.102586|[g:1][CONSENSUS][SEALER]++++++++++++++++ Generating seal on,blkNum=12,tx=0,nodeIdx=1,hash=b86d071b...
info|2019-12-12 07:05:37.109737|[g:1][CONSENSUS][PBFT]checkTimeout Succ,view=2226,toView=2227,nodeIdx=1,changeCycle=0,myNode=ae5ce17c...,timecost=2.091
info|2019-12-12 07:05:37.111024|[g:1][CONSENSUS][PBFT]checkAndChangeView: Reach consensus,org_view=2226,org_changeCycle=0,cur_changeCycle=0,to_view=2227
info|2019-12-12 07:05:38.112070|[g:1][CONSENSUS]addRawPrepare,height=12,reqIdx=2,hash=aee345ee...
info|2019-12-12 07:05:38.113095|[g:1][CONSENSUS][PBFT]checkTimeout Succ,view=2227,toView=2228,nodeIdx=1,changeCycle=0,myNode=ae5ce17c...,timecost=0.95
info|2019-12-12 07:05:38.117998|[g:1][CONSENSUS][PBFT]checkAndChangeView: Reach consensus,org_view=2227,org_changeCycle=0,cur_changeCycle=0,to_view=2228
info|2019-12-12 07:05:39.119652|[g:1][CONSENSUS]addRawPrepare,height=12,reqIdx=3,hash=164f30ec...
info|2019-12-12 07:05:39.120765|[g:1][CONSENSUS][PBFT]checkTimeout Succ,view=2228,toView=2229,nodeIdx=1,changeCycle=0,myNode=ae5ce17c...,timecost=0.901
info|2019-12-12 07:05:39.125523|[g:1][CONSENSUS][PBFT]checkAndChangeView: Reach consensus,org_view=2228,org_changeCycle=0,cur_changeCycle=0,to_view=2229
info|2019-12-12 07:05:40.126669|[g:1][CONSENSUS]addRawPrepare,height=12,reqIdx=0,hash=7371975c...
info|2019-12-12 07:05:40.127667|[g:1][CONSENSUS][PBFT]checkTimeout Succ,view=2229,toView=2230,nodeIdx=1,changeCycle=0,myNode=ae5ce17c...,timecost=0.656
info|2019-12-12 07:05:40.134440|[g:1][CONSENSUS][PBFT]checkAndChangeView: Reach consensus,org_view=2229,org_changeCycle=0,cur_changeCycle=0,to_view=2230
info|2019-12-12 07:05:41.134556|[g:1][CONSENSUS][SEALER]++++++++++++++++ Generating seal on,blkNum=12,tx=0,nodeIdx=1,hash=edc5eeb4...
info|2019-12-12 07:05:41.135767|[g:1][CONSENSUS][PBFT]checkTimeout Succ,view=2230,toView=2231,nodeIdx=1,changeCycle=0,myNode=ae5ce17c...,timecost=0.599
info|2019-12-12 07:05:41.138980|[g:1][CONSENSUS][PBFT]checkAndChangeView: Reach consensus,org_view=2230,org_changeCycle=0,cur_changeCycle=0,to_view=2231
info|2019-12-12 07:05:42.142887|[g:1][CONSENSUS]addRawPrepare,height=12,reqIdx=2,hash=0121c6d5...
info|2019-12-12 07:05:42.143939|[g:1][CONSENSUS][PBFT]checkTimeout Succ,view=2231,toView=2232,nodeIdx=1,changeCycle=0,myNode=ae5ce17c...,timecost=0.79
info|2019-12-12 07:05:42.147767|[g:1][CONSENSUS][PBFT]checkAndChangeView: Reach consensus,org_view=2231,org_changeCycle=0,cur_changeCycle=0,to_view=2232
info|2019-12-12 07:05:43.150520|[g:1][CONSENSUS]addRawPrepare,height=12,reqIdx=3,hash=05b44bcf...
info|2019-12-12 07:05:43.151792|[g:1][CONSENSUS][PBFT]checkTimeout Succ,view=2232,toView=2233,nodeIdx=1,changeCycle=0,myNode=ae5ce17c...,timecost=0.866
info|2019-12-12 07:05:43.155010|[g:1][CONSENSUS][PBFT]checkAndChangeView: Reach consensus,org_view=2232,org_changeCycle=0,cur_changeCycle=0,to_view=2233
info|2019-12-12 07:05:44.157766|[g:1][CONSENSUS]addRawPrepare,height=12,reqIdx=0,hash=da2f7fc1...
info|2019-12-12 07:05:44.159792|[g:1][CONSENSUS][PBFT]checkTimeout Succ,view=2233,toView=2234,nodeIdx=1,changeCycle=0,myNode=ae5ce17c...,timecost=1.779
info|2019-12-12 07:05:44.162852|[g:1][CONSENSUS][PBFT]checkAndChangeView: Reach consensus,org_view=2233,org_changeCycle=0,cur_changeCycle=0,to_view=2234
info|2019-12-12 07:05:45.020006|[P2P][Service] heartBeat,connected count=3
info|2019-12-12 07:05:45.163295|[g:1][CONSENSUS][SEALER]++++++++++++++++ Generating seal on,blkNum=12,tx=0,nodeIdx=1,hash=7f57f84f...
info|2019-12-12 07:05:45.164922|[g:1][CONSENSUS][PBFT]checkTimeout Succ,view=2234,toView=2235,nodeIdx=1,changeCycle=0,myNode=ae5ce17c...,timecost=1.021
info|2019-12-12 07:05:45.170691|[g:1][CONSENSUS][PBFT]checkAndChangeView: Reach consensus,org_view=2234,org_changeCycle=0,cur_changeCycle=0,to_view=2235
info|2019-12-12 07:05:46.174614|[g:1][CONSENSUS]addRawPrepare,height=12,reqIdx=2,hash=8aa0822e...
info|2019-12-12 07:05:46.177319|[g:1][CONSENSUS][PBFT]checkTimeout Succ,view=2235,toView=2236,nodeIdx=1,changeCycle=0,myNode=ae5ce17c...,timecost=2.058
info|2019-12-12 07:05:46.180230|[g:1][CONSENSUS][PBFT]checkAndChangeView: Reach consensus,org_view=2235,org_changeCycle=0,cur_changeCycle=0,to_view=2236
info|2019-12-12 07:05:47.184869|[g:1][CONSENSUS]addRawPrepare,height=12,reqIdx=3,hash=a94c245f...
info|2019-12-12 07:05:47.185943|[g:1][CONSENSUS][PBFT]checkTimeout Succ,view=2236,toView=2237,nodeIdx=1,changeCycle=0,myNode=ae5ce17c...,timecost=0.819
info|2019-12-12 07:05:47.190601|[g:1][CONSENSUS][PBFT]checkAndChangeView: Reach consensus,org_view=2236,org_changeCycle=0,cur_changeCycle=0,to_view=2237
info|2019-12-12 07:05:48.191270|[g:1][CONSENSUS]addRawPrepare,height=12,reqIdx=0,hash=517503de...
info|2019-12-12 07:05:48.192610|[g:1][CONSENSUS][PBFT]checkTimeout Succ,view=2237,toView=2238,nodeIdx=1,changeCycle=0,myNode=ae5ce17c...,timecost=0.928
info|2019-12-12 07:05:48.196076|[g:1][CONSENSUS][PBFT]checkAndChangeView: Reach consensus,org_view=2237,org_changeCycle=0,cur_changeCycle=0,to_view=2238
info|2019-12-12 07:05:49.197417|[g:1][CONSENSUS][SEALER]++++++++++++++++ Generating seal on,blkNum=12,tx=0,nodeIdx=1,hash=e2870155...
info|2019-12-12 07:05:49.203480|[g:1][CONSENSUS][PBFT]checkTimeout Succ,view=2238,toView=2239,nodeIdx=1,changeCycle=0,myNode=ae5ce17c...,timecost=0.75
info|2019-12-12 07:05:49.204734|[g:1][CONSENSUS][PBFT]checkAndChangeView: Reach consensus,org_view=2238,org_changeCycle=0,cur_changeCycle=0,to_view=2239
info|2019-12-12 07:05:50.207488|[g:1][CONSENSUS]addRawPrepare,height=12,reqIdx=2,hash=d94cbcc4...
info|2019-12-12 07:05:50.208905|[g:1][CONSENSUS][PBFT]checkTimeout Succ,view=2239,toView=2240,nodeIdx=1,changeCycle=0,myNode=ae5ce17c...,timecost=0.936
info|2019-12-12 07:05:50.210964|[g:1][CONSENSUS][PBFT]checkAndChangeView: Reach consensus,org_view=2239,org_changeCycle=0,cur_changeCycle=0,to_view=2240
info|2019-12-12 07:05:51.213783|[g:1][CONSENSUS]addRawPrepare,height=12,reqIdx=3,hash=c93efb4a...
info|2019-12-12 07:05:51.214829|[g:1][CONSENSUS][PBFT]checkTimeout Succ,view=2240,toView=2241,nodeIdx=1,changeCycle=0,myNode=ae5ce17c...,timecost=0.799
info|2019-12-12 07:05:51.218016|[g:1][CONSENSUS][PBFT]checkAndChangeView: Reach consensus,org_view=2240,org_changeCycle=0,cur_changeCycle=0,to_view=2241
info|2019-12-12 07:05:52.222118|[g:1][CONSENSUS]addRawPrepare,height=12,reqIdx=0,hash=1a35e13e...
info|2019-12-12 07:05:52.223092|[g:1][CONSENSUS][PBFT]checkTimeout Succ,view=2241,toView=2242,nodeIdx=1,changeCycle=0,myNode=ae5ce17c...,timecost=0.76
info|2019-12-12 07:05:52.225754|[g:1][CONSENSUS][PBFT]checkAndChangeView: Reach consensus,org_view=2241,org_changeCycle=0,cur_changeCycle=0,to_view=2242
info|2019-12-12 07:05:53.225838|[g:1][CONSENSUS][SEALER]++++++++++++++++ Generating seal on,blkNum=12,tx=0,nodeIdx=1,hash=a55bbbab...
info|2019-12-12 07:05:53.227178|[g:1][CONSENSUS][PBFT]checkTimeout Succ,view=2242,toView=2243,nodeIdx=1,changeCycle=0,myNode=ae5ce17c...,timecost=0.815
info|2019-12-12 07:05:53.233637|[g:1][CONSENSUS][PBFT]checkAndChangeView: Reach consensus,org_view=2242,org_changeCycle=0,cur_changeCycle=0,to_view=2243
info|2019-12-12 07:05:54.235164|[g:1][CONSENSUS]addRawPrepare,height=12,reqIdx=2,hash=04a5ff65...
info|2019-12-12 07:05:54.236325|[g:1][CONSENSUS][PBFT]checkTimeout Succ,view=2243,toView=2244,nodeIdx=1,changeCycle=0,myNode=ae5ce17c...,timecost=0.91
info|2019-12-12 07:05:54.241137|[g:1][CONSENSUS][PBFT]checkAndChangeView: Reach consensus,org_view=2243,org_changeCycle=0,cur_changeCycle=0,to_view=2244
info|2019-12-12 07:05:55.020560|[P2P][Service] heartBeat,connected count=3
info|2019-12-12 07:05:55.244216|[g:1][CONSENSUS]addRawPrepare,height=12,reqIdx=3,hash=6dab1dba...
info|2019-12-12 07:05:55.245866|[g:1][CONSENSUS][PBFT]checkTimeout Succ,view=2244,toView=2245,nodeIdx=1,changeCycle=0,myNode=ae5ce17c...,timecost=1.437
info|2019-12-12 07:05:55.250487|[g:1][CONSENSUS][PBFT]checkAndChangeView: Reach consensus,org_view=2244,org_changeCycle=0,cur_changeCycle=0,to_view=2245
info|2019-12-12 07:05:56.254232|[g:1][CONSENSUS]addRawPrepare,height=12,reqIdx=0,hash=39914f0a...
info|2019-12-12 07:05:56.254810|[g:1][CONSENSUS][PBFT]checkTimeout Succ,view=2245,toView=2246,nodeIdx=1,changeCycle=0,myNode=ae5ce17c...,timecost=0.448
info|2019-12-12 07:05:56.256453|[g:1][CONSENSUS][PBFT]checkAndChangeView: Reach consensus,org_view=2245,org_changeCycle=0,cur_changeCycle=0,to_view=2246
info|2019-12-12 07:05:57.256246|[g:1][CONSENSUS][SEALER]++++++++++++++++ Generating seal on,blkNum=12,tx=0,nodeIdx=1,hash=abc4bd37...
info|2019-12-12 07:05:57.262137|[g:1][CONSENSUS][PBFT]checkTimeout Succ,view=2246,toView=2247,nodeIdx=1,changeCycle=0,myNode=ae5ce17c...,timecost=0.758
info|2019-12-12 07:05:57.264719|[g:1][CONSENSUS][PBFT]checkAndChangeView: Reach consensus,org_view=2246,org_changeCycle=0,cur_changeCycle=0,to_view=2247
info|2019-12-12 07:05:58.266278|[g:1][CONSENSUS]addRawPrepare,height=12,reqIdx=2,hash=4c1ceded...
info|2019-12-12 07:05:58.267102|[g:1][CONSENSUS][PBFT]checkTimeout Succ,view=2247,toView=2248,nodeIdx=1,changeCycle=0,myNode=ae5ce17c...,timecost=0.633
info|2019-12-12 07:05:58.270129|[g:1][CONSENSUS][PBFT]checkAndChangeView: Reach consensus,org_view=2247,org_changeCycle=0,cur_changeCycle=0,to_view=2248
info|2019-12-12 07:05:59.273738|[g:1][CONSENSUS]addRawPrepare,height=12,reqIdx=3,hash=679619cc...
info|2019-12-12 07:05:59.275141|[g:1][CONSENSUS][PBFT]checkTimeout Succ,view=2248,toView=2249,nodeIdx=1,changeCycle=0,myNode=ae5ce17c...,timecost=0.951
info|2019-12-12 07:05:59.279430|[g:1][CONSENSUS][PBFT]checkAndChangeView: Reach consensus,org_view=2248,org_changeCycle=0,cur_changeCycle=0,to_view=2249
info|2019-12-12 07:06:00.282159|[g:1][CONSENSUS]addRawPrepare,height=12,reqIdx=0,hash=88bdb0e0...
info|2019-12-12 07:06:00.283274|[g:1][CONSENSUS][PBFT]checkTimeout Succ,view=2249,toView=2250,nodeIdx=1,changeCycle=0,myNode=ae5ce17c...,timecost=0.87
info|2019-12-12 07:06:00.288052|[g:1][CONSENSUS][PBFT]checkAndChangeView: Reach consensus,org_view=2249,org_changeCycle=0,cur_changeCycle=0,to_view=2250
info|2019-12-12 07:06:01.288312|[g:1][CONSENSUS][SEALER]++++++++++++++++ Generating seal on,blkNum=12,tx=0,nodeIdx=1,hash=2703de8b...
info|2019-12-12 07:06:01.289683|[g:1][CONSENSUS][PBFT]checkTimeout Succ,view=2250,toView=2251,nodeIdx=1,changeCycle=0,myNode=ae5ce17c...,timecost=0.849
info|2019-12-12 07:06:01.295515|[g:1][CONSENSUS][PBFT]checkAndChangeView: Reach consensus,org_view=2250,org_changeCycle=0,cur_changeCycle=0,to_view=2251
info|2019-12-12 07:06:02.295926|[g:1][CONSENSUS]addRawPrepare,height=12,reqIdx=2,hash=33b5984a...
info|2019-12-12 07:06:02.296936|[g:1][CONSENSUS][PBFT]checkTimeout Succ,view=2251,toView=2252,nodeIdx=1,changeCycle=0,myNode=ae5ce17c...,timecost=0.791
info|2019-12-12 07:06:02.302643|[g:1][CONSENSUS][PBFT]checkAndChangeView: Reach consensus,org_view=2251,org_changeCycle=0,cur_changeCycle=0,to_view=2252
info|2019-12-12 07:06:03.304632|[g:1][CONSENSUS]addRawPrepare,height=12,reqIdx=3,hash=aa0d4076...
info|2019-12-12 07:06:03.306096|[g:1][CONSENSUS][PBFT]checkTimeout Succ,view=2252,toView=2253,nodeIdx=1,changeCycle=0,myNode=ae5ce17c...,timecost=1.386
info|2019-12-12 07:06:03.309248|[g:1][CONSENSUS][PBFT]checkAndChangeView: Reach consensus,org_view=2252,org_changeCycle=0,cur_changeCycle=0,to_view=2253
info|2019-12-12 07:06:04.312947|[g:1][CONSENSUS]addRawPrepare,height=12,reqIdx=0,hash=1cc369ff...
info|2019-12-12 07:06:04.314113|[g:1][CONSENSUS][PBFT]checkTimeout Succ,view=2253,toView=2254,nodeIdx=1,changeCycle=0,myNode=ae5ce17c...,timecost=1.243
info|2019-12-12 07:06:04.317612|[g:1][CONSENSUS][PBFT]checkAndChangeView: Reach consensus,org_view=2253,org_changeCycle=0,cur_changeCycle=0,to_view=2254
info|2019-12-12 07:06:05.025959|[P2P][Service] heartBeat,connected count=3
info|2019-12-12 07:06:05.317791|[g:1][CONSENSUS][SEALER]++++++++++++++++ Generating seal on,blkNum=12,tx=0,nodeIdx=1,hash=ac972d33...
info|2019-12-12 07:06:05.324084|[g:1][CONSENSUS][PBFT]checkTimeout Succ,view=2254,toView=2255,nodeIdx=1,changeCycle=0,myNode=ae5ce17c...,timecost=0.811
info|2019-12-12 07:06:05.325368|[g:1][CONSENSUS][PBFT]checkAndChangeView: Reach consensus,org_view=2254,org_changeCycle=0,cur_changeCycle=0,to_view=2255
info|2019-12-12 07:06:06.330002|[g:1][CONSENSUS]addRawPrepare,height=12,reqIdx=2,hash=82fb1349...
info|2019-12-12 07:06:06.331025|[g:1][CONSENSUS][PBFT]checkTimeout Succ,view=2255,toView=2256,nodeIdx=1,changeCycle=0,myNode=ae5ce17c...,timecost=0.801
info|2019-12-12 07:06:06.335507|[g:1][CONSENSUS][PBFT]checkAndChangeView: Reach consensus,org_view=2255,org_changeCycle=0,cur_changeCycle=0,to_view=2256
info|2019-12-12 07:06:07.337623|[g:1][CONSENSUS]addRawPrepare,height=12,reqIdx=3,hash=22bbf6f4...
info|2019-12-12 07:06:07.338698|[g:1][CONSENSUS][PBFT]checkTimeout Succ,view=2256,toView=2257,nodeIdx=1,changeCycle=0,myNode=ae5ce17c...,timecost=0.827
info|2019-12-12 07:06:07.342310|[g:1][CONSENSUS][PBFT]checkAndChangeView: Reach consensus,org_view=2256,org_changeCycle=0,cur_changeCycle=0,to_view=2257
info|2019-12-12 07:06:08.346029|[g:1][CONSENSUS]addRawPrepare,height=12,reqIdx=0,hash=bbdaafa9...
info|2019-12-12 07:06:08.349072|[g:1][CONSENSUS][PBFT]checkTimeout Succ,view=2257,toView=2258,nodeIdx=1,changeCycle=0,myNode=ae5ce17c...,timecost=2.346
info|2019-12-12 07:06:08.351755|[g:1][CONSENSUS][PBFT]checkAndChangeView: Reach consensus,org_view=2257,org_changeCycle=0,cur_changeCycle=0,to_view=2258
info|2019-12-12 07:06:09.352023|[g:1][CONSENSUS][SEALER]++++++++++++++++ Generating seal on,blkNum=12,tx=0,nodeIdx=1,hash=dd802dad...
info|2019-12-12 07:06:09.353125|[g:1][CONSENSUS][PBFT]checkTimeout Succ,view=2258,toView=2259,nodeIdx=1,changeCycle=0,myNode=ae5ce17c...,timecost=0.617
info|2019-12-12 07:06:09.357618|[g:1][CONSENSUS][PBFT]checkAndChangeView: Reach consensus,org_view=2258,org_changeCycle=0,cur_changeCycle=0,to_view=2259
info|2019-12-12 07:06:10.358371|[g:1][CONSENSUS]addRawPrepare,height=12,reqIdx=2,hash=51f50727...
info|2019-12-12 07:06:10.361079|[g:1][CONSENSUS][PBFT]checkTimeout Succ,view=2259,toView=2260,nodeIdx=1,changeCycle=0,myNode=ae5ce17c...,timecost=2.566
info|2019-12-12 07:06:10.363893|[g:1][CONSENSUS][PBFT]checkAndChangeView: Reach consensus,org_view=2259,org_changeCycle=0,cur_changeCycle=0,to_view=2260
info|2019-12-12 07:06:11.363832|[g:1][CONSENSUS]addRawPrepare,height=12,reqIdx=3,hash=ae4b1df8...
info|2019-12-12 07:06:11.364856|[g:1][CONSENSUS][PBFT]checkTimeout Succ,view=2260,toView=2261,nodeIdx=1,changeCycle=0,myNode=ae5ce17c...,timecost=0.807
info|2019-12-12 07:06:11.369817|[g:1][CONSENSUS][PBFT]checkAndChangeView: Reach consensus,org_view=2260,org_changeCycle=0,cur_changeCycle=0,to_view=2261
info|2019-12-12 07:06:12.371728|[g:1][CONSENSUS]addRawPrepare,height=12,reqIdx=0,hash=4e2c0ab7...
info|2019-12-12 07:06:12.377250|[g:1][CONSENSUS][PBFT]checkTimeout Succ,view=2261,toView=2262,nodeIdx=1,changeCycle=0,myNode=ae5ce17c...,timecost=4.069
info|2019-12-12 07:06:12.378976|[g:1][CONSENSUS][PBFT]checkAndChangeView: Reach consensus,org_view=2261,org_changeCycle=0,cur_changeCycle=0,to_view=2262
info|2019-12-12 07:06:13.378616|[g:1][CONSENSUS][SEALER]++++++++++++++++ Generating seal on,blkNum=12,tx=0,nodeIdx=1,hash=c2449f19...
info|2019-12-12 07:06:13.383778|[g:1][CONSENSUS][PBFT]checkTimeout Succ,view=2262,toView=2263,nodeIdx=1,changeCycle=0,myNode=ae5ce17c...,timecost=0.803
info|2019-12-12 07:06:13.386233|[g:1][CONSENSUS][PBFT]checkAndChangeView: Reach consensus,org_view=2262,org_changeCycle=0,cur_changeCycle=0,to_view=2263
info|2019-12-12 07:06:14.387680|[g:1][CONSENSUS]addRawPrepare,height=12,reqIdx=2,hash=4795086b...
info|2019-12-12 07:06:14.388687|[g:1][CONSENSUS][PBFT]checkTimeout Succ,view=2263,toView=2264,nodeIdx=1,changeCycle=0,myNode=ae5ce17c...,timecost=0.771
info|2019-12-12 07:06:14.393739|[g:1][CONSENSUS][PBFT]checkAndChangeView: Reach consensus,org_view=2263,org_changeCycle=0,cur_changeCycle=0,to_view=2264
info|2019-12-12 07:06:15.032126|[P2P][Service] heartBeat,connected count=3
info|2019-12-12 07:06:15.396430|[g:1][CONSENSUS]addRawPrepare,height=12,reqIdx=3,hash=e6245549...
info|2019-12-12 07:06:15.397556|[g:1][CONSENSUS][PBFT]checkTimeout Succ,view=2264,toView=2265,nodeIdx=1,changeCycle=0,myNode=ae5ce17c...,timecost=0.863
info|2019-12-12 07:06:15.400178|[g:1][CONSENSUS][PBFT]checkAndChangeView: Reach consensus,org_view=2264,org_changeCycle=0,cur_changeCycle=0,to_view=2265
info|2019-12-12 07:06:16.407315|[g:1][CONSENSUS]addRawPrepare,height=12,reqIdx=0,hash=fb351587...
info|2019-12-12 07:06:16.408375|[g:1][CONSENSUS][PBFT]checkTimeout Succ,view=2265,toView=2266,nodeIdx=1,changeCycle=0,myNode=ae5ce17c...,timecost=0.811
info|2019-12-12 07:06:16.411415|[g:1][CONSENSUS][PBFT]checkAndChangeView: Reach consensus,org_view=2265,org_changeCycle=0,cur_changeCycle=0,to_view=2266
info|2019-12-12 07:06:17.412163|[g:1][CONSENSUS][SEALER]++++++++++++++++ Generating seal on,blkNum=12,tx=0,nodeIdx=1,hash=877d6181...
info|2019-12-12 07:06:17.413457|[g:1][CONSENSUS][PBFT]checkTimeout Succ,view=2266,toView=2267,nodeIdx=1,changeCycle=0,myNode=ae5ce17c...,timecost=0.774
info|2019-12-12 07:06:17.419618|[g:1][CONSENSUS][PBFT]checkAndChangeView: Reach consensus,org_view=2266,org_changeCycle=0,cur_changeCycle=0,to_view=2267
info|2019-12-12 07:06:18.420282|[g:1][CONSENSUS]addRawPrepare,height=12,reqIdx=2,hash=a8853f0a...
info|2019-12-12 07:06:18.424273|[g:1][CONSENSUS][PBFT]checkTimeout Succ,view=2267,toView=2268,nodeIdx=1,changeCycle=0,myNode=ae5ce17c...,timecost=3.768
info|2019-12-12 07:06:18.426858|[g:1][CONSENSUS][PBFT]checkAndChangeView: Reach consensus,org_view=2267,org_changeCycle=0,cur_changeCycle=0,to_view=2268
