warning|2019-12-11 04:35:26.019280|[g:1][CONSENSUS][PBFT]ViewChangeWarning: not caused by omit empty block ,v=5585,toV=5586,curNum=0,hash=382ff964...,nodeIdx=1,myNode=ae5ce17c...
info|2019-12-11 04:35:26.019956|[g:1][CONSENSUS][PBFT]checkTimeout Succ,view=5585,toView=5586,nodeIdx=1,changeCycle=1,myNode=ae5ce17c...,timecost=5.243
info|2019-12-11 04:35:26.019983|[P2P][Service] heartBeat,connected count=3
info|2019-12-11 04:35:26.023537|[g:1][CONSENSUS][PBFT]checkAndChangeView: Reach consensus,org_view=5585,org_changeCycle=1,cur_changeCycle=1,to_view=5586
info|2019-12-11 04:35:27.025312|[g:1][CONSENSUS]addRawPrepare,height=1,reqIdx=2,hash=3d218b2f...
info|2019-12-11 04:35:27.026000|[g:1][CONSENSUS][PBFT]checkTimeout Succ,view=5586,toView=5587,nodeIdx=1,changeCycle=0,myNode=ae5ce17c...,timecost=0.352
info|2019-12-11 04:35:27.027950|[g:1][CONSENSUS][PBFT]checkAndChangeView: Reach consensus,org_view=5586,org_changeCycle=0,cur_changeCycle=0,to_view=5587
info|2019-12-11 04:35:28.031754|[g:1][CONSENSUS]addRawPrepare,height=1,reqIdx=3,hash=9bc924fd...
info|2019-12-11 04:35:28.033784|[g:1][CONSENSUS][PBFT]checkTimeout Succ,view=5587,toView=5588,nodeIdx=1,changeCycle=0,myNode=ae5ce17c...,timecost=1.668
info|2019-12-11 04:35:28.037409|[g:1][CONSENSUS][PBFT]checkAndChangeView: Reach consensus,org_view=5587,org_changeCycle=0,cur_changeCycle=0,to_view=5588
info|2019-12-11 04:35:29.040479|[g:1][CONSENSUS]addRawPrepare,height=1,reqIdx=0,hash=f8cee1c4...
info|2019-12-11 04:35:29.041623|[g:1][CONSENSUS][PBFT]checkTimeout Succ,view=5588,toView=5589,nodeIdx=1,changeCycle=0,myNode=ae5ce17c...,timecost=0.902
info|2019-12-11 04:35:29.044509|[g:1][CONSENSUS][PBFT]checkAndChangeView: Reach consensus,org_view=5588,org_changeCycle=0,cur_changeCycle=0,to_view=5589
info|2019-12-11 04:35:30.044939|[g:1][CONSENSUS][SEALER]++++++++++++++++ Generating seal on,blkNum=1,tx=0,nodeIdx=1,hash=e05b6c07...
info|2019-12-11 04:35:30.049258|[g:1][CONSENSUS][PBFT]checkTimeout Succ,view=5589,toView=5590,nodeIdx=1,changeCycle=0,myNode=ae5ce17c...,timecost=0.982
info|2019-12-11 04:35:30.052097|[g:1][CONSENSUS][PBFT]checkAndChangeView: Reach consensus,org_view=5589,org_changeCycle=0,cur_changeCycle=0,to_view=5590
info|2019-12-11 04:35:31.056183|[g:1][CONSENSUS]addRawPrepare,height=1,reqIdx=2,hash=cedd47a6...
info|2019-12-11 04:35:31.058290|[g:1][CONSENSUS][PBFT]checkTimeout Succ,view=5590,toView=5591,nodeIdx=1,changeCycle=0,myNode=ae5ce17c...,timecost=1.868
info|2019-12-11 04:35:31.061288|[g:1][CONSENSUS][PBFT]checkAndChangeView: Reach consensus,org_view=5590,org_changeCycle=0,cur_changeCycle=0,to_view=5591
info|2019-12-11 04:35:32.066791|[g:1][CONSENSUS]addRawPrepare,height=1,reqIdx=3,hash=59cf7885...
info|2019-12-11 04:35:32.070715|[g:1][CONSENSUS][PBFT]checkTimeout Succ,view=5591,toView=5592,nodeIdx=1,changeCycle=0,myNode=ae5ce17c...,timecost=3.664
info|2019-12-11 04:35:32.073304|[g:1][CONSENSUS][PBFT]checkAndChangeView: Reach consensus,org_view=5591,org_changeCycle=0,cur_changeCycle=0,to_view=5592
info|2019-12-11 04:35:33.074672|[g:1][CONSENSUS]addRawPrepare,height=1,reqIdx=0,hash=13143ae9...
info|2019-12-11 04:35:33.075957|[g:1][CONSENSUS][PBFT]checkTimeout Succ,view=5592,toView=5593,nodeIdx=1,changeCycle=0,myNode=ae5ce17c...,timecost=0.904
info|2019-12-11 04:35:33.080571|[g:1][CONSENSUS][PBFT]checkAndChangeView: Reach consensus,org_view=5592,org_changeCycle=0,cur_changeCycle=0,to_view=5593
info|2019-12-11 04:35:34.081782|[g:1][CONSENSUS][SEALER]++++++++++++++++ Generating seal on,blkNum=1,tx=0,nodeIdx=1,hash=8923ac5b...
info|2019-12-11 04:35:34.083064|[g:1][CONSENSUS][PBFT]checkTimeout Succ,view=5593,toView=5594,nodeIdx=1,changeCycle=0,myNode=ae5ce17c...,timecost=0.734
info|2019-12-11 04:35:34.089740|[g:1][CONSENSUS][PBFT]checkAndChangeView: Reach consensus,org_view=5593,org_changeCycle=0,cur_changeCycle=0,to_view=5594
info|2019-12-11 04:35:35.091698|[g:1][CONSENSUS]addRawPrepare,height=1,reqIdx=2,hash=825d6cd4...
info|2019-12-11 04:35:35.093046|[g:1][CONSENSUS][PBFT]checkTimeout Succ,view=5594,toView=5595,nodeIdx=1,changeCycle=0,myNode=ae5ce17c...,timecost=1.048
info|2019-12-11 04:35:35.097298|[g:1][CONSENSUS][PBFT]checkAndChangeView: Reach consensus,org_view=5594,org_changeCycle=0,cur_changeCycle=0,to_view=5595
info|2019-12-11 04:35:36.021961|[P2P][Service] heartBeat,connected count=3
info|2019-12-11 04:35:36.100948|[g:1][CONSENSUS]addRawPrepare,height=1,reqIdx=3,hash=58d161d3...
info|2019-12-11 04:35:36.104571|[g:1][CONSENSUS][PBFT]checkTimeout Succ,view=5595,toView=5596,nodeIdx=1,changeCycle=0,myNode=ae5ce17c...,timecost=2.972
info|2019-12-11 04:35:36.106983|[g:1][CONSENSUS][PBFT]checkAndChangeView: Reach consensus,org_view=5595,org_changeCycle=0,cur_changeCycle=0,to_view=5596
info|2019-12-11 04:35:37.110397|[g:1][CONSENSUS]addRawPrepare,height=1,reqIdx=0,hash=19564201...
info|2019-12-11 04:35:37.112090|[g:1][CONSENSUS][PBFT]checkTimeout Succ,view=5596,toView=5597,nodeIdx=1,changeCycle=0,myNode=ae5ce17c...,timecost=1.459
info|2019-12-11 04:35:37.115986|[g:1][CONSENSUS][PBFT]checkAndChangeView: Reach consensus,org_view=5596,org_changeCycle=0,cur_changeCycle=0,to_view=5597
info|2019-12-11 04:35:38.117250|[g:1][CONSENSUS][SEALER]++++++++++++++++ Generating seal on,blkNum=1,tx=0,nodeIdx=1,hash=ba9b3606...
info|2019-12-11 04:35:38.118588|[g:1][CONSENSUS][PBFT]checkTimeout Succ,view=5597,toView=5598,nodeIdx=1,changeCycle=0,myNode=ae5ce17c...,timecost=0.82
info|2019-12-11 04:35:38.124918|[g:1][CONSENSUS][PBFT]checkAndChangeView: Reach consensus,org_view=5597,org_changeCycle=0,cur_changeCycle=0,to_view=5598
info|2019-12-11 04:35:39.125657|[g:1][CONSENSUS]addRawPrepare,height=1,reqIdx=2,hash=6df517a1...
info|2019-12-11 04:35:39.126623|[g:1][CONSENSUS][PBFT]checkTimeout Succ,view=5598,toView=5599,nodeIdx=1,changeCycle=0,myNode=ae5ce17c...,timecost=0.788
info|2019-12-11 04:35:39.129562|[g:1][CONSENSUS][PBFT]checkAndChangeView: Reach consensus,org_view=5598,org_changeCycle=0,cur_changeCycle=0,to_view=5599
info|2019-12-11 04:35:40.132302|[g:1][CONSENSUS]addRawPrepare,height=1,reqIdx=3,hash=6095621c...
info|2019-12-11 04:35:40.136108|[g:1][CONSENSUS][PBFT]checkTimeout Succ,view=5599,toView=5600,nodeIdx=1,changeCycle=0,myNode=ae5ce17c...,timecost=3.534
info|2019-12-11 04:35:40.139028|[g:1][CONSENSUS][PBFT]checkAndChangeView: Reach consensus,org_view=5599,org_changeCycle=0,cur_changeCycle=0,to_view=5600
info|2019-12-11 04:35:41.140070|[g:1][CONSENSUS]addRawPrepare,height=1,reqIdx=0,hash=fb4904c7...
info|2019-12-11 04:35:41.141592|[g:1][CONSENSUS][PBFT]checkTimeout Succ,view=5600,toView=5601,nodeIdx=1,changeCycle=0,myNode=ae5ce17c...,timecost=1.228
info|2019-12-11 04:35:41.146482|[g:1][CONSENSUS][PBFT]checkAndChangeView: Reach consensus,org_view=5600,org_changeCycle=0,cur_changeCycle=0,to_view=5601
info|2019-12-11 04:35:42.147126|[g:1][CONSENSUS][SEALER]++++++++++++++++ Generating seal on,blkNum=1,tx=0,nodeIdx=1,hash=59841af0...
info|2019-12-11 04:35:42.151674|[g:1][CONSENSUS][PBFT]checkTimeout Succ,view=5601,toView=5602,nodeIdx=1,changeCycle=0,myNode=ae5ce17c...,timecost=0.839
info|2019-12-11 04:35:42.154603|[g:1][CONSENSUS][PBFT]checkAndChangeView: Reach consensus,org_view=5601,org_changeCycle=0,cur_changeCycle=0,to_view=5602
info|2019-12-11 04:35:43.156585|[g:1][CONSENSUS]addRawPrepare,height=1,reqIdx=2,hash=5ac198fe...
info|2019-12-11 04:35:43.158296|[g:1][CONSENSUS][PBFT]checkTimeout Succ,view=5602,toView=5603,nodeIdx=1,changeCycle=0,myNode=ae5ce17c...,timecost=1.48
info|2019-12-11 04:35:43.162103|[g:1][CONSENSUS][PBFT]checkAndChangeView: Reach consensus,org_view=5602,org_changeCycle=0,cur_changeCycle=0,to_view=5603
info|2019-12-11 04:35:44.163389|[g:1][CONSENSUS]addRawPrepare,height=1,reqIdx=3,hash=7b3d6c82...
info|2019-12-11 04:35:44.164680|[g:1][CONSENSUS][PBFT]checkTimeout Succ,view=5603,toView=5604,nodeIdx=1,changeCycle=0,myNode=ae5ce17c...,timecost=1.043
info|2019-12-11 04:35:44.168211|[g:1][CONSENSUS][PBFT]checkAndChangeView: Reach consensus,org_view=5603,org_changeCycle=0,cur_changeCycle=0,to_view=5604
info|2019-12-11 04:35:45.171965|[g:1][CONSENSUS]addRawPrepare,height=1,reqIdx=0,hash=3e2a6544...
info|2019-12-11 04:35:45.173134|[g:1][CONSENSUS][PBFT]checkTimeout Succ,view=5604,toView=5605,nodeIdx=1,changeCycle=0,myNode=ae5ce17c...,timecost=0.776
info|2019-12-11 04:35:45.177392|[g:1][CONSENSUS][PBFT]checkAndChangeView: Reach consensus,org_view=5604,org_changeCycle=0,cur_changeCycle=0,to_view=5605
info|2019-12-11 04:35:46.029733|[P2P][Service] heartBeat,connected count=3
info|2019-12-11 04:35:46.177861|[g:1][CONSENSUS][SEALER]++++++++++++++++ Generating seal on,blkNum=1,tx=0,nodeIdx=1,hash=5cffed5c...
info|2019-12-11 04:35:46.183472|[g:1][CONSENSUS][PBFT]checkTimeout Succ,view=5605,toView=5606,nodeIdx=1,changeCycle=0,myNode=ae5ce17c...,timecost=0.828
info|2019-12-11 04:35:46.185907|[g:1][CONSENSUS][PBFT]checkAndChangeView: Reach consensus,org_view=5605,org_changeCycle=0,cur_changeCycle=0,to_view=5606
info|2019-12-11 04:35:47.189923|[g:1][CONSENSUS]addRawPrepare,height=1,reqIdx=2,hash=564c6702...
info|2019-12-11 04:35:47.191054|[g:1][CONSENSUS][PBFT]checkTimeout Succ,view=5606,toView=5607,nodeIdx=1,changeCycle=0,myNode=ae5ce17c...,timecost=0.888
info|2019-12-11 04:35:47.194271|[g:1][CONSENSUS][PBFT]checkAndChangeView: Reach consensus,org_view=5606,org_changeCycle=0,cur_changeCycle=0,to_view=5607
info|2019-12-11 04:35:48.197427|[g:1][CONSENSUS]addRawPrepare,height=1,reqIdx=3,hash=418d472e...
info|2019-12-11 04:35:48.198518|[g:1][CONSENSUS][PBFT]checkTimeout Succ,view=5607,toView=5608,nodeIdx=1,changeCycle=0,myNode=ae5ce17c...,timecost=0.828
info|2019-12-11 04:35:48.201614|[g:1][CONSENSUS][PBFT]checkAndChangeView: Reach consensus,org_view=5607,org_changeCycle=0,cur_changeCycle=0,to_view=5608
info|2019-12-11 04:35:49.208040|[g:1][CONSENSUS]addRawPrepare,height=1,reqIdx=0,hash=81fdce28...
info|2019-12-11 04:35:49.211885|[g:1][CONSENSUS][PBFT]checkTimeout Succ,view=5608,toView=5609,nodeIdx=1,changeCycle=0,myNode=ae5ce17c...,timecost=3.601
info|2019-12-11 04:35:49.214669|[g:1][CONSENSUS][PBFT]checkAndChangeView: Reach consensus,org_view=5608,org_changeCycle=0,cur_changeCycle=0,to_view=5609
info|2019-12-11 04:35:50.214645|[g:1][CONSENSUS][SEALER]++++++++++++++++ Generating seal on,blkNum=1,tx=0,nodeIdx=1,hash=681e118c...
info|2019-12-11 04:35:50.219738|[g:1][CONSENSUS][PBFT]checkTimeout Succ,view=5609,toView=5610,nodeIdx=1,changeCycle=0,myNode=ae5ce17c...,timecost=0.751
info|2019-12-11 04:35:50.222293|[g:1][CONSENSUS][PBFT]checkAndChangeView: Reach consensus,org_view=5609,org_changeCycle=0,cur_changeCycle=0,to_view=5610
info|2019-12-11 04:35:51.224059|[g:1][CONSENSUS]addRawPrepare,height=1,reqIdx=2,hash=dbc6cb0a...
info|2019-12-11 04:35:51.229215|[g:1][CONSENSUS][PBFT]checkTimeout Succ,view=5610,toView=5611,nodeIdx=1,changeCycle=0,myNode=ae5ce17c...,timecost=4.863
info|2019-12-11 04:35:51.231522|[g:1][CONSENSUS][PBFT]checkAndChangeView: Reach consensus,org_view=5610,org_changeCycle=0,cur_changeCycle=0,to_view=5611
info|2019-12-11 04:35:52.230338|[g:1][CONSENSUS]addRawPrepare,height=1,reqIdx=3,hash=db89c70b...
info|2019-12-11 04:35:52.231447|[g:1][CONSENSUS][PBFT]checkTimeout Succ,view=5611,toView=5612,nodeIdx=1,changeCycle=0,myNode=ae5ce17c...,timecost=0.883
info|2019-12-11 04:35:52.236171|[g:1][CONSENSUS][PBFT]checkAndChangeView: Reach consensus,org_view=5611,org_changeCycle=0,cur_changeCycle=0,to_view=5612
info|2019-12-11 04:35:53.238960|[g:1][CONSENSUS]addRawPrepare,height=1,reqIdx=0,hash=dadf7313...
info|2019-12-11 04:35:53.240119|[g:1][CONSENSUS][PBFT]checkTimeout Succ,view=5612,toView=5613,nodeIdx=1,changeCycle=0,myNode=ae5ce17c...,timecost=0.915
info|2019-12-11 04:35:53.242837|[g:1][CONSENSUS][PBFT]checkAndChangeView: Reach consensus,org_view=5612,org_changeCycle=0,cur_changeCycle=0,to_view=5613
info|2019-12-11 04:35:54.242692|[g:1][CONSENSUS][SEALER]++++++++++++++++ Generating seal on,blkNum=1,tx=0,nodeIdx=1,hash=0ccb7577...
info|2019-12-11 04:35:54.243994|[g:1][CONSENSUS][PBFT]checkTimeout Succ,view=5613,toView=5614,nodeIdx=1,changeCycle=0,myNode=ae5ce17c...,timecost=0.757
info|2019-12-11 04:35:54.249628|[g:1][CONSENSUS][PBFT]checkAndChangeView: Reach consensus,org_view=5613,org_changeCycle=0,cur_changeCycle=0,to_view=5614
info|2019-12-11 04:35:55.254053|[g:1][CONSENSUS]addRawPrepare,height=1,reqIdx=2,hash=e5e4bd9f...
info|2019-12-11 04:35:55.256485|[g:1][CONSENSUS][PBFT]checkTimeout Succ,view=5614,toView=5615,nodeIdx=1,changeCycle=0,myNode=ae5ce17c...,timecost=2.221
info|2019-12-11 04:35:55.259351|[g:1][CONSENSUS][PBFT]checkAndChangeView: Reach consensus,org_view=5614,org_changeCycle=0,cur_changeCycle=0,to_view=5615
info|2019-12-11 04:35:56.035599|[P2P][Service] heartBeat,connected count=3
info|2019-12-11 04:35:56.262598|[g:1][CONSENSUS]addRawPrepare,height=1,reqIdx=3,hash=9de4195f...
info|2019-12-11 04:35:56.263814|[g:1][CONSENSUS][PBFT]checkTimeout Succ,view=5615,toView=5616,nodeIdx=1,changeCycle=0,myNode=ae5ce17c...,timecost=0.968
info|2019-12-11 04:35:56.267120|[g:1][CONSENSUS][PBFT]checkAndChangeView: Reach consensus,org_view=5615,org_changeCycle=0,cur_changeCycle=0,to_view=5616
info|2019-12-11 04:35:57.272439|[g:1][CONSENSUS]addRawPrepare,height=1,reqIdx=0,hash=7ab43ef5...
info|2019-12-11 04:35:57.273507|[g:1][CONSENSUS][PBFT]checkTimeout Succ,view=5616,toView=5617,nodeIdx=1,changeCycle=0,myNode=ae5ce17c...,timecost=0.822
info|2019-12-11 04:35:57.276063|[g:1][CONSENSUS][PBFT]checkAndChangeView: Reach consensus,org_view=5616,org_changeCycle=0,cur_changeCycle=0,to_view=5617
info|2019-12-11 04:35:58.276523|[g:1][CONSENSUS][SEALER]++++++++++++++++ Generating seal on,blkNum=1,tx=0,nodeIdx=1,hash=639600bd...
info|2019-12-11 04:35:58.277842|[g:1][CONSENSUS][PBFT]checkTimeout Succ,view=5617,toView=5618,nodeIdx=1,changeCycle=0,myNode=ae5ce17c...,timecost=0.792
info|2019-12-11 04:35:58.283059|[g:1][CONSENSUS][PBFT]checkAndChangeView: Reach consensus,org_view=5617,org_changeCycle=0,cur_changeCycle=0,to_view=5618
info|2019-12-11 04:35:59.286574|[g:1][CONSENSUS]addRawPrepare,height=1,reqIdx=2,hash=eac08e6c...
info|2019-12-11 04:35:59.287725|[g:1][CONSENSUS][PBFT]checkTimeout Succ,view=5618,toView=5619,nodeIdx=1,changeCycle=0,myNode=ae5ce17c...,timecost=0.904
info|2019-12-11 04:35:59.291829|[g:1][CONSENSUS][PBFT]checkAndChangeView: Reach consensus,org_view=5618,org_changeCycle=0,cur_changeCycle=0,to_view=5619
info|2019-12-11 04:36:00.294653|[g:1][CONSENSUS]addRawPrepare,height=1,reqIdx=3,hash=e2470e19...
info|2019-12-11 04:36:00.295788|[g:1][CONSENSUS][PBFT]checkTimeout Succ,view=5619,toView=5620,nodeIdx=1,changeCycle=0,myNode=ae5ce17c...,timecost=0.86
info|2019-12-11 04:36:00.299966|[g:1][CONSENSUS][PBFT]checkAndChangeView: Reach consensus,org_view=5619,org_changeCycle=0,cur_changeCycle=0,to_view=5620
info|2019-12-11 04:36:01.302414|[g:1][CONSENSUS]addRawPrepare,height=1,reqIdx=0,hash=eb48e717...
info|2019-12-11 04:36:01.303393|[g:1][CONSENSUS][PBFT]checkTimeout Succ,view=5620,toView=5621,nodeIdx=1,changeCycle=0,myNode=ae5ce17c...,timecost=0.742
info|2019-12-11 04:36:01.307561|[g:1][CONSENSUS][PBFT]checkAndChangeView: Reach consensus,org_view=5620,org_changeCycle=0,cur_changeCycle=0,to_view=5621
info|2019-12-11 04:36:02.307873|[g:1][CONSENSUS][SEALER]++++++++++++++++ Generating seal on,blkNum=1,tx=0,nodeIdx=1,hash=68610859...
info|2019-12-11 04:36:02.313284|[g:1][CONSENSUS][PBFT]checkTimeout Succ,view=5621,toView=5622,nodeIdx=1,changeCycle=0,myNode=ae5ce17c...,timecost=1.86
info|2019-12-11 04:36:02.316863|[g:1][CONSENSUS][PBFT]checkAndChangeView: Reach consensus,org_view=5621,org_changeCycle=0,cur_changeCycle=0,to_view=5622
info|2019-12-11 04:36:03.316874|[g:1][CONSENSUS]addRawPrepare,height=1,reqIdx=2,hash=c4de1596...
info|2019-12-11 04:36:03.317978|[g:1][CONSENSUS][PBFT]checkTimeout Succ,view=5622,toView=5623,nodeIdx=1,changeCycle=0,myNode=ae5ce17c...,timecost=0.849
info|2019-12-11 04:36:03.320771|[g:1][CONSENSUS][PBFT]checkAndChangeView: Reach consensus,org_view=5622,org_changeCycle=0,cur_changeCycle=0,to_view=5623
info|2019-12-11 04:36:04.325703|[g:1][CONSENSUS]addRawPrepare,height=1,reqIdx=3,hash=1720d82c...
info|2019-12-11 04:36:04.328726|[g:1][CONSENSUS][PBFT]checkTimeout Succ,view=5623,toView=5624,nodeIdx=1,changeCycle=0,myNode=ae5ce17c...,timecost=2.773
info|2019-12-11 04:36:04.332394|[g:1][CONSENSUS][PBFT]checkAndChangeView: Reach consensus,org_view=5623,org_changeCycle=0,cur_changeCycle=0,to_view=5624
info|2019-12-11 04:36:05.332065|[g:1][CONSENSUS]addRawPrepare,height=1,reqIdx=0,hash=fff092c7...
info|2019-12-11 04:36:05.333145|[g:1][CONSENSUS][PBFT]checkTimeout Succ,view=5624,toView=5625,nodeIdx=1,changeCycle=0,myNode=ae5ce17c...,timecost=0.82
info|2019-12-11 04:36:05.337521|[g:1][CONSENSUS][PBFT]checkAndChangeView: Reach consensus,org_view=5624,org_changeCycle=0,cur_changeCycle=0,to_view=5625
info|2019-12-11 04:36:06.037704|[P2P][Service] heartBeat,connected count=3
info|2019-12-11 04:36:06.338396|[g:1][CONSENSUS][SEALER]++++++++++++++++ Generating seal on,blkNum=1,tx=0,nodeIdx=1,hash=d5f8602b...
info|2019-12-11 04:36:06.339902|[g:1][CONSENSUS][PBFT]checkTimeout Succ,view=5625,toView=5626,nodeIdx=1,changeCycle=0,myNode=ae5ce17c...,timecost=0.989
info|2019-12-11 04:36:06.346092|[g:1][CONSENSUS][PBFT]checkAndChangeView: Reach consensus,org_view=5625,org_changeCycle=0,cur_changeCycle=0,to_view=5626
info|2019-12-11 04:36:07.348744|[g:1][CONSENSUS]addRawPrepare,height=1,reqIdx=2,hash=8e74880b...
info|2019-12-11 04:36:07.351398|[g:1][CONSENSUS][PBFT]checkTimeout Succ,view=5626,toView=5627,nodeIdx=1,changeCycle=0,myNode=ae5ce17c...,timecost=2.346
info|2019-12-11 04:36:07.354478|[g:1][CONSENSUS][PBFT]checkAndChangeView: Reach consensus,org_view=5626,org_changeCycle=0,cur_changeCycle=0,to_view=5627
info|2019-12-11 04:36:08.356630|[g:1][CONSENSUS]addRawPrepare,height=1,reqIdx=3,hash=7d1a5121...
info|2019-12-11 04:36:08.357856|[g:1][CONSENSUS][PBFT]checkTimeout Succ,view=5627,toView=5628,nodeIdx=1,changeCycle=0,myNode=ae5ce17c...,timecost=0.98
info|2019-12-11 04:36:08.360488|[g:1][CONSENSUS][PBFT]checkAndChangeView: Reach consensus,org_view=5627,org_changeCycle=0,cur_changeCycle=0,to_view=5628
info|2019-12-11 04:36:09.367078|[g:1][CONSENSUS]addRawPrepare,height=1,reqIdx=0,hash=2f6dd5a0...
info|2019-12-11 04:36:09.368091|[g:1][CONSENSUS][PBFT]checkTimeout Succ,view=5628,toView=5629,nodeIdx=1,changeCycle=0,myNode=ae5ce17c...,timecost=0.769
info|2019-12-11 04:36:09.372078|[g:1][CONSENSUS][PBFT]checkAndChangeView: Reach consensus,org_view=5628,org_changeCycle=0,cur_changeCycle=0,to_view=5629
info|2019-12-11 04:36:10.372550|[g:1][CONSENSUS][SEALER]++++++++++++++++ Generating seal on,blkNum=1,tx=0,nodeIdx=1,hash=accafd18...
info|2019-12-11 04:36:10.380378|[g:1][CONSENSUS][PBFT]checkTimeout Succ,view=5629,toView=5630,nodeIdx=1,changeCycle=0,myNode=ae5ce17c...,timecost=2.128
info|2019-12-11 04:36:10.381748|[g:1][CONSENSUS][PBFT]checkAndChangeView: Reach consensus,org_view=5629,org_changeCycle=0,cur_changeCycle=0,to_view=5630
info|2019-12-11 04:36:11.383262|[g:1][CONSENSUS]addRawPrepare,height=1,reqIdx=2,hash=ee414623...
info|2019-12-11 04:36:11.389159|[g:1][CONSENSUS][PBFT]checkTimeout Succ,view=5630,toView=5631,nodeIdx=1,changeCycle=0,myNode=ae5ce17c...,timecost=5.666
info|2019-12-11 04:36:11.391750|[g:1][CONSENSUS][PBFT]checkAndChangeView: Reach consensus,org_view=5630,org_changeCycle=0,cur_changeCycle=0,to_view=5631
info|2019-12-11 04:36:12.392086|[g:1][CONSENSUS]addRawPrepare,height=1,reqIdx=3,hash=314d8f0d...
info|2019-12-11 04:36:12.393463|[g:1][CONSENSUS][PBFT]checkTimeout Succ,view=5631,toView=5632,nodeIdx=1,changeCycle=0,myNode=ae5ce17c...,timecost=1.163
info|2019-12-11 04:36:12.397724|[g:1][CONSENSUS][PBFT]checkAndChangeView: Reach consensus,org_view=5631,org_changeCycle=0,cur_changeCycle=0,to_view=5632
info|2019-12-11 04:36:13.401101|[g:1][CONSENSUS]addRawPrepare,height=1,reqIdx=0,hash=e2954bf1...
info|2019-12-11 04:36:13.402187|[g:1][CONSENSUS][PBFT]checkTimeout Succ,view=5632,toView=5633,nodeIdx=1,changeCycle=0,myNode=ae5ce17c...,timecost=0.869
info|2019-12-11 04:36:13.406731|[g:1][CONSENSUS][PBFT]checkAndChangeView: Reach consensus,org_view=5632,org_changeCycle=0,cur_changeCycle=0,to_view=5633
info|2019-12-11 04:36:14.407355|[g:1][CONSENSUS][SEALER]++++++++++++++++ Generating seal on,blkNum=1,tx=0,nodeIdx=1,hash=6b781b3b...
info|2019-12-11 04:36:14.412185|[g:1][CONSENSUS][PBFT]checkTimeout Succ,view=5633,toView=5634,nodeIdx=1,changeCycle=0,myNode=ae5ce17c...,timecost=0.792
info|2019-12-11 04:36:14.414683|[g:1][CONSENSUS][PBFT]checkAndChangeView: Reach consensus,org_view=5633,org_changeCycle=0,cur_changeCycle=0,to_view=5634
info|2019-12-11 04:36:15.418287|[g:1][CONSENSUS]addRawPrepare,height=1,reqIdx=2,hash=0c03030b...
info|2019-12-11 04:36:15.419276|[g:1][CONSENSUS][PBFT]checkTimeout Succ,view=5634,toView=5635,nodeIdx=1,changeCycle=0,myNode=ae5ce17c...,timecost=0.742
info|2019-12-11 04:36:15.423285|[g:1][CONSENSUS][PBFT]checkAndChangeView: Reach consensus,org_view=5634,org_changeCycle=0,cur_changeCycle=0,to_view=5635
info|2019-12-11 04:36:16.046452|[P2P][Service] heartBeat,connected count=3
info|2019-12-11 04:36:16.424910|[g:1][CONSENSUS]addRawPrepare,height=1,reqIdx=3,hash=c223a25a...
info|2019-12-11 04:36:16.431130|[g:1][CONSENSUS][PBFT]checkTimeout Succ,view=5635,toView=5636,nodeIdx=1,changeCycle=0,myNode=ae5ce17c...,timecost=6
info|2019-12-11 04:36:16.432979|[g:1][CONSENSUS][PBFT]checkAndChangeView: Reach consensus,org_view=5635,org_changeCycle=0,cur_changeCycle=0,to_view=5636
info|2019-12-11 04:36:17.433683|[g:1][CONSENSUS]addRawPrepare,height=1,reqIdx=0,hash=938e622b...
info|2019-12-11 04:36:17.434669|[g:1][CONSENSUS][PBFT]checkTimeout Succ,view=5636,toView=5637,nodeIdx=1,changeCycle=0,myNode=ae5ce17c...,timecost=0.742
info|2019-12-11 04:36:17.438018|[g:1][CONSENSUS][PBFT]checkAndChangeView: Reach consensus,org_view=5636,org_changeCycle=0,cur_changeCycle=0,to_view=5637
info|2019-12-11 04:36:18.438626|[g:1][CONSENSUS][SEALER]++++++++++++++++ Generating seal on,blkNum=1,tx=0,nodeIdx=1,hash=8f6f984a...
info|2019-12-11 04:36:18.442945|[g:1][CONSENSUS][PBFT]checkTimeout Succ,view=5637,toView=5638,nodeIdx=1,changeCycle=0,myNode=ae5ce17c...,timecost=0.789
info|2019-12-11 04:36:18.445583|[g:1][CONSENSUS][PBFT]checkAndChangeView: Reach consensus,org_view=5637,org_changeCycle=0,cur_changeCycle=0,to_view=5638
info|2019-12-11 04:36:19.448752|[g:1][CONSENSUS]addRawPrepare,height=1,reqIdx=2,hash=213c6035...
info|2019-12-11 04:36:19.450978|[g:1][CONSENSUS][PBFT]checkTimeout Succ,view=5638,toView=5639,nodeIdx=1,changeCycle=0,myNode=ae5ce17c...,timecost=1.948
info|2019-12-11 04:36:19.454405|[g:1][CONSENSUS][PBFT]checkAndChangeView: Reach consensus,org_view=5638,org_changeCycle=0,cur_changeCycle=0,to_view=5639
info|2019-12-11 04:36:20.457470|[g:1][CONSENSUS]addRawPrepare,height=1,reqIdx=3,hash=c690f0e0...
info|2019-12-11 04:36:20.460849|[g:1][CONSENSUS][PBFT]checkTimeout Succ,view=5639,toView=5640,nodeIdx=1,changeCycle=0,myNode=ae5ce17c...,timecost=3.131
info|2019-12-11 04:36:20.464045|[g:1][CONSENSUS][PBFT]checkAndChangeView: Reach consensus,org_view=5639,org_changeCycle=0,cur_changeCycle=0,to_view=5640
info|2019-12-11 04:36:21.466841|[g:1][CONSENSUS]addRawPrepare,height=1,reqIdx=0,hash=39e67ddf...
info|2019-12-11 04:36:21.467893|[g:1][CONSENSUS][PBFT]checkTimeout Succ,view=5640,toView=5641,nodeIdx=1,changeCycle=0,myNode=ae5ce17c...,timecost=0.813
info|2019-12-11 04:36:21.471397|[g:1][CONSENSUS][PBFT]checkAndChangeView: Reach consensus,org_view=5640,org_changeCycle=0,cur_changeCycle=0,to_view=5641
info|2019-12-11 04:36:22.472503|[g:1][CONSENSUS][SEALER]++++++++++++++++ Generating seal on,blkNum=1,tx=0,nodeIdx=1,hash=4b4bfa35...
info|2019-12-11 04:36:22.473840|[g:1][CONSENSUS][PBFT]checkTimeout Succ,view=5641,toView=5642,nodeIdx=1,changeCycle=0,myNode=ae5ce17c...,timecost=0.812
info|2019-12-11 04:36:22.479879|[g:1][CONSENSUS][PBFT]checkAndChangeView: Reach consensus,org_view=5641,org_changeCycle=0,cur_changeCycle=0,to_view=5642
info|2019-12-11 04:36:23.484299|[g:1][CONSENSUS]addRawPrepare,height=1,reqIdx=2,hash=1869ec7d...
info|2019-12-11 04:36:23.487503|[g:1][CONSENSUS][PBFT]checkTimeout Succ,view=5642,toView=5643,nodeIdx=1,changeCycle=0,myNode=ae5ce17c...,timecost=2.966
info|2019-12-11 04:36:23.490320|[g:1][CONSENSUS][PBFT]checkAndChangeView: Reach consensus,org_view=5642,org_changeCycle=0,cur_changeCycle=0,to_view=5643
info|2019-12-11 04:36:24.491050|[g:1][CONSENSUS]addRawPrepare,height=1,reqIdx=3,hash=82354b8e...
info|2019-12-11 04:36:24.492479|[g:1][CONSENSUS][PBFT]checkTimeout Succ,view=5643,toView=5644,nodeIdx=1,changeCycle=0,myNode=ae5ce17c...,timecost=0.99
info|2019-12-11 04:36:24.496521|[g:1][CONSENSUS][PBFT]checkAndChangeView: Reach consensus,org_view=5643,org_changeCycle=0,cur_changeCycle=0,to_view=5644
info|2019-12-11 04:36:25.498229|[g:1][CONSENSUS]addRawPrepare,height=1,reqIdx=0,hash=3b8553ee...
info|2019-12-11 04:36:25.499237|[g:1][CONSENSUS][PBFT]checkTimeout Succ,view=5644,toView=5645,nodeIdx=1,changeCycle=0,myNode=ae5ce17c...,timecost=0.795
info|2019-12-11 04:36:25.504494|[g:1][CONSENSUS][PBFT]checkAndChangeView: Reach consensus,org_view=5644,org_changeCycle=0,cur_changeCycle=0,to_view=5645
info|2019-12-11 04:36:26.050436|[P2P][Service] heartBeat,connected count=3
info|2019-12-11 04:36:26.505252|[g:1][CONSENSUS][SEALER]++++++++++++++++ Generating seal on,blkNum=1,tx=0,nodeIdx=1,hash=44772a3e...
info|2019-12-11 04:36:26.506709|[g:1][CONSENSUS][PBFT]checkTimeout Succ,view=5645,toView=5646,nodeIdx=1,changeCycle=0,myNode=ae5ce17c...,timecost=0.873
info|2019-12-11 04:36:26.512599|[g:1][CONSENSUS][PBFT]checkAndChangeView: Reach consensus,org_view=5645,org_changeCycle=0,cur_changeCycle=0,to_view=5646
info|2019-12-11 04:36:27.515308|[g:1][CONSENSUS]addRawPrepare,height=1,reqIdx=2,hash=f331d423...
info|2019-12-11 04:36:27.516344|[g:1][CONSENSUS][PBFT]checkTimeout Succ,view=5646,toView=5647,nodeIdx=1,changeCycle=0,myNode=ae5ce17c...,timecost=0.772
info|2019-12-11 04:36:27.520229|[g:1][CONSENSUS][PBFT]checkAndChangeView: Reach consensus,org_view=5646,org_changeCycle=0,cur_changeCycle=0,to_view=5647
info|2019-12-11 04:36:28.522707|[g:1][CONSENSUS]addRawPrepare,height=1,reqIdx=3,hash=5413dcc2...
info|2019-12-11 04:36:28.523797|[g:1][CONSENSUS][PBFT]checkTimeout Succ,view=5647,toView=5648,nodeIdx=1,changeCycle=0,myNode=ae5ce17c...,timecost=0.896
info|2019-12-11 04:36:28.527699|[g:1][CONSENSUS][PBFT]checkAndChangeView: Reach consensus,org_view=5647,org_changeCycle=0,cur_changeCycle=0,to_view=5648
info|2019-12-11 04:36:29.528383|[g:1][CONSENSUS]addRawPrepare,height=1,reqIdx=0,hash=282f3ede...
info|2019-12-11 04:36:29.529388|[g:1][CONSENSUS][PBFT]checkTimeout Succ,view=5648,toView=5649,nodeIdx=1,changeCycle=0,myNode=ae5ce17c...,timecost=0.74
info|2019-12-11 04:36:29.535584|[g:1][CONSENSUS][PBFT]checkAndChangeView: Reach consensus,org_view=5648,org_changeCycle=0,cur_changeCycle=0,to_view=5649
info|2019-12-11 04:36:30.535205|[g:1][CONSENSUS][SEALER]++++++++++++++++ Generating seal on,blkNum=1,tx=0,nodeIdx=1,hash=7a341dce...
info|2019-12-11 04:36:30.540403|[g:1][CONSENSUS][PBFT]checkTimeout Succ,view=5649,toView=5650,nodeIdx=1,changeCycle=0,myNode=ae5ce17c...,timecost=0.787
info|2019-12-11 04:36:30.542835|[g:1][CONSENSUS][PBFT]checkAndChangeView: Reach consensus,org_view=5649,org_changeCycle=0,cur_changeCycle=0,to_view=5650
info|2019-12-11 04:36:31.543914|[g:1][CONSENSUS]addRawPrepare,height=1,reqIdx=2,hash=549e4e01...
info|2019-12-11 04:36:31.545145|[g:1][CONSENSUS][PBFT]checkTimeout Succ,view=5650,toView=5651,nodeIdx=1,changeCycle=0,myNode=ae5ce17c...,timecost=0.83
info|2019-12-11 04:36:31.551085|[g:1][CONSENSUS][PBFT]checkAndChangeView: Reach consensus,org_view=5650,org_changeCycle=0,cur_changeCycle=0,to_view=5651
info|2019-12-11 04:36:32.549894|[g:1][CONSENSUS]addRawPrepare,height=1,reqIdx=3,hash=77f3f9c2...
info|2019-12-11 04:36:32.551154|[g:1][CONSENSUS][PBFT]checkTimeout Succ,view=5651,toView=5652,nodeIdx=1,changeCycle=0,myNode=ae5ce17c...,timecost=1.061
info|2019-12-11 04:36:32.555417|[g:1][CONSENSUS][PBFT]checkAndChangeView: Reach consensus,org_view=5651,org_changeCycle=0,cur_changeCycle=0,to_view=5652
info|2019-12-11 04:36:33.557186|[g:1][CONSENSUS]addRawPrepare,height=1,reqIdx=0,hash=46a6f5a2...
info|2019-12-11 04:36:33.558322|[g:1][CONSENSUS][PBFT]checkTimeout Succ,view=5652,toView=5653,nodeIdx=1,changeCycle=0,myNode=ae5ce17c...,timecost=0.872
info|2019-12-11 04:36:33.564046|[g:1][CONSENSUS][PBFT]checkAndChangeView: Reach consensus,org_view=5652,org_changeCycle=0,cur_changeCycle=0,to_view=5653
info|2019-12-11 04:36:34.564430|[g:1][CONSENSUS][SEALER]++++++++++++++++ Generating seal on,blkNum=1,tx=0,nodeIdx=1,hash=87269baa...
info|2019-12-11 04:36:34.565894|[g:1][CONSENSUS][PBFT]checkTimeout Succ,view=5653,toView=5654,nodeIdx=1,changeCycle=0,myNode=ae5ce17c...,timecost=0.842
info|2019-12-11 04:36:34.573219|[g:1][CONSENSUS][PBFT]checkAndChangeView: Reach consensus,org_view=5653,org_changeCycle=0,cur_changeCycle=0,to_view=5654
info|2019-12-11 04:36:35.574008|[g:1][CONSENSUS]addRawPrepare,height=1,reqIdx=2,hash=78428d48...
info|2019-12-11 04:36:35.575985|[g:1][CONSENSUS][PBFT]checkTimeout Succ,view=5654,toView=5655,nodeIdx=1,changeCycle=0,myNode=ae5ce17c...,timecost=1.751
info|2019-12-11 04:36:35.578649|[g:1][CONSENSUS][PBFT]checkAndChangeView: Reach consensus,org_view=5654,org_changeCycle=0,cur_changeCycle=0,to_view=5655
info|2019-12-11 04:36:36.053891|[P2P][Service] heartBeat,connected count=3
info|2019-12-11 04:36:36.582589|[g:1][CONSENSUS]addRawPrepare,height=1,reqIdx=3,hash=46a2532a...
info|2019-12-11 04:36:36.584709|[g:1][CONSENSUS][PBFT]checkTimeout Succ,view=5655,toView=5656,nodeIdx=1,changeCycle=0,myNode=ae5ce17c...,timecost=1.898
info|2019-12-11 04:36:36.588702|[g:1][CONSENSUS][PBFT]checkAndChangeView: Reach consensus,org_view=5655,org_changeCycle=0,cur_changeCycle=0,to_view=5656
info|2019-12-11 04:36:37.592510|[g:1][CONSENSUS]addRawPrepare,height=1,reqIdx=0,hash=70c419e1...
info|2019-12-11 04:36:37.594007|[g:1][CONSENSUS][PBFT]checkTimeout Succ,view=5656,toView=5657,nodeIdx=1,changeCycle=0,myNode=ae5ce17c...,timecost=1.275
info|2019-12-11 04:36:37.596363|[g:1][CONSENSUS][PBFT]checkAndChangeView: Reach consensus,org_view=5656,org_changeCycle=0,cur_changeCycle=0,to_view=5657
info|2019-12-11 04:36:38.597123|[g:1][CONSENSUS][SEALER]++++++++++++++++ Generating seal on,blkNum=1,tx=0,nodeIdx=1,hash=64faa092...
info|2019-12-11 04:36:38.602609|[g:1][CONSENSUS][PBFT]checkTimeout Succ,view=5657,toView=5658,nodeIdx=1,changeCycle=0,myNode=ae5ce17c...,timecost=0.993
info|2019-12-11 04:36:38.605351|[g:1][CONSENSUS][PBFT]checkAndChangeView: Reach consensus,org_view=5657,org_changeCycle=0,cur_changeCycle=0,to_view=5658
info|2019-12-11 04:36:39.605256|[g:1][CONSENSUS]addRawPrepare,height=1,reqIdx=2,hash=4ec6040b...
info|2019-12-11 04:36:39.606946|[g:1][CONSENSUS][PBFT]checkTimeout Succ,view=5658,toView=5659,nodeIdx=1,changeCycle=0,myNode=ae5ce17c...,timecost=1.347
info|2019-12-11 04:36:39.609517|[g:1][CONSENSUS][PBFT]checkAndChangeView: Reach consensus,org_view=5658,org_changeCycle=0,cur_changeCycle=0,to_view=5659
info|2019-12-11 04:36:40.611773|[g:1][CONSENSUS]addRawPrepare,height=1,reqIdx=3,hash=06deb658...
info|2019-12-11 04:36:40.613748|[g:1][CONSENSUS][PBFT]checkTimeout Succ,view=5659,toView=5660,nodeIdx=1,changeCycle=0,myNode=ae5ce17c...,timecost=1.438
info|2019-12-11 04:36:40.616684|[g:1][CONSENSUS][PBFT]checkAndChangeView: Reach consensus,org_view=5659,org_changeCycle=0,cur_changeCycle=0,to_view=5660
info|2019-12-11 04:36:41.620450|[g:1][CONSENSUS]addRawPrepare,height=1,reqIdx=0,hash=bec2e7bf...
info|2019-12-11 04:36:41.621588|[g:1][CONSENSUS][PBFT]checkTimeout Succ,view=5660,toView=5661,nodeIdx=1,changeCycle=0,myNode=ae5ce17c...,timecost=0.845
info|2019-12-11 04:36:41.627370|[g:1][CONSENSUS][PBFT]checkAndChangeView: Reach consensus,org_view=5660,org_changeCycle=0,cur_changeCycle=0,to_view=5661
info|2019-12-11 04:36:42.627248|[g:1][CONSENSUS][SEALER]++++++++++++++++ Generating seal on,blkNum=1,tx=0,nodeIdx=1,hash=58a36ccc...
info|2019-12-11 04:36:42.628618|[g:1][CONSENSUS][PBFT]checkTimeout Succ,view=5661,toView=5662,nodeIdx=1,changeCycle=0,myNode=ae5ce17c...,timecost=0.852
info|2019-12-11 04:36:42.635000|[g:1][CONSENSUS][PBFT]checkAndChangeView: Reach consensus,org_view=5661,org_changeCycle=0,cur_changeCycle=0,to_view=5662
info|2019-12-11 04:36:43.637399|[g:1][CONSENSUS]addRawPrepare,height=1,reqIdx=2,hash=6ac1cb86...
info|2019-12-11 04:36:43.638469|[g:1][CONSENSUS][PBFT]checkTimeout Succ,view=5662,toView=5663,nodeIdx=1,changeCycle=0,myNode=ae5ce17c...,timecost=0.819
info|2019-12-11 04:36:43.641740|[g:1][CONSENSUS][PBFT]checkAndChangeView: Reach consensus,org_view=5662,org_changeCycle=0,cur_changeCycle=0,to_view=5663
info|2019-12-11 04:36:44.646333|[g:1][CONSENSUS]addRawPrepare,height=1,reqIdx=3,hash=6b5e3b05...
info|2019-12-11 04:36:44.648078|[g:1][CONSENSUS][PBFT]checkTimeout Succ,view=5663,toView=5664,nodeIdx=1,changeCycle=0,myNode=ae5ce17c...,timecost=1.616
info|2019-12-11 04:36:44.650885|[g:1][CONSENSUS][PBFT]checkAndChangeView: Reach consensus,org_view=5663,org_changeCycle=0,cur_changeCycle=0,to_view=5664
info|2019-12-11 04:36:45.652983|[g:1][CONSENSUS]addRawPrepare,height=1,reqIdx=0,hash=e6997879...
info|2019-12-11 04:36:45.654200|[g:1][CONSENSUS][PBFT]checkTimeout Succ,view=5664,toView=5665,nodeIdx=1,changeCycle=0,myNode=ae5ce17c...,timecost=0.798
info|2019-12-11 04:36:45.657928|[g:1][CONSENSUS][PBFT]checkAndChangeView: Reach consensus,org_view=5664,org_changeCycle=0,cur_changeCycle=0,to_view=5665
info|2019-12-11 04:36:46.058220|[P2P][Service] heartBeat,connected count=3
info|2019-12-11 04:36:46.657673|[g:1][CONSENSUS][SEALER]++++++++++++++++ Generating seal on,blkNum=1,tx=0,nodeIdx=1,hash=9093b4c4...
info|2019-12-11 04:36:46.659116|[g:1][CONSENSUS][PBFT]checkTimeout Succ,view=5665,toView=5666,nodeIdx=1,changeCycle=0,myNode=ae5ce17c...,timecost=0.916
info|2019-12-11 04:36:46.665282|[g:1][CONSENSUS][PBFT]checkAndChangeView: Reach consensus,org_view=5665,org_changeCycle=0,cur_changeCycle=0,to_view=5666
info|2019-12-11 04:36:47.668787|[g:1][CONSENSUS]addRawPrepare,height=1,reqIdx=2,hash=6dc17192...
info|2019-12-11 04:36:47.671176|[g:1][CONSENSUS][PBFT]checkTimeout Succ,view=5666,toView=5667,nodeIdx=1,changeCycle=0,myNode=ae5ce17c...,timecost=1.866
info|2019-12-11 04:36:47.674126|[g:1][CONSENSUS][PBFT]checkAndChangeView: Reach consensus,org_view=5666,org_changeCycle=0,cur_changeCycle=0,to_view=5667
info|2019-12-11 04:36:48.677695|[g:1][CONSENSUS]addRawPrepare,height=1,reqIdx=3,hash=e1eeb57f...
info|2019-12-11 04:36:48.678962|[g:1][CONSENSUS][PBFT]checkTimeout Succ,view=5667,toView=5668,nodeIdx=1,changeCycle=0,myNode=ae5ce17c...,timecost=1.039
info|2019-12-11 04:36:48.682521|[g:1][CONSENSUS][PBFT]checkAndChangeView: Reach consensus,org_view=5667,org_changeCycle=0,cur_changeCycle=0,to_view=5668
info|2019-12-11 04:36:49.684226|[g:1][CONSENSUS]addRawPrepare,height=1,reqIdx=0,hash=30ca156a...
info|2019-12-11 04:36:49.685443|[g:1][CONSENSUS][PBFT]checkTimeout Succ,view=5668,toView=5669,nodeIdx=1,changeCycle=0,myNode=ae5ce17c...,timecost=0.982
info|2019-12-11 04:36:49.689296|[g:1][CONSENSUS][PBFT]checkAndChangeView: Reach consensus,org_view=5668,org_changeCycle=0,cur_changeCycle=0,to_view=5669
info|2019-12-11 04:36:50.689872|[g:1][CONSENSUS][SEALER]++++++++++++++++ Generating seal on,blkNum=1,tx=0,nodeIdx=1,hash=c33a7276...
info|2019-12-11 04:36:50.691399|[g:1][CONSENSUS][PBFT]checkTimeout Succ,view=5669,toView=5670,nodeIdx=1,changeCycle=0,myNode=ae5ce17c...,timecost=1.011
info|2019-12-11 04:36:50.696099|[g:1][CONSENSUS][PBFT]checkAndChangeView: Reach consensus,org_view=5669,org_changeCycle=0,cur_changeCycle=0,to_view=5670
info|2019-12-11 04:36:51.701221|[g:1][CONSENSUS]addRawPrepare,height=1,reqIdx=2,hash=3e2a3e4d...
info|2019-12-11 04:36:51.702362|[g:1][CONSENSUS][PBFT]checkTimeout Succ,view=5670,toView=5671,nodeIdx=1,changeCycle=0,myNode=ae5ce17c...,timecost=0.891
info|2019-12-11 04:36:51.706765|[g:1][CONSENSUS][PBFT]checkAndChangeView: Reach consensus,org_view=5670,org_changeCycle=0,cur_changeCycle=0,to_view=5671
info|2019-12-11 04:36:52.710258|[g:1][CONSENSUS]addRawPrepare,height=1,reqIdx=3,hash=1705df89...
info|2019-12-11 04:36:52.711174|[g:1][CONSENSUS][PBFT]checkTimeout Succ,view=5671,toView=5672,nodeIdx=1,changeCycle=0,myNode=ae5ce17c...,timecost=0.71
info|2019-12-11 04:36:52.714397|[g:1][CONSENSUS][PBFT]checkAndChangeView: Reach consensus,org_view=5671,org_changeCycle=0,cur_changeCycle=0,to_view=5672
info|2019-12-11 04:36:53.716195|[g:1][CONSENSUS]addRawPrepare,height=1,reqIdx=0,hash=b09900d6...
info|2019-12-11 04:36:53.718852|[g:1][CONSENSUS][PBFT]checkTimeout Succ,view=5672,toView=5673,nodeIdx=1,changeCycle=0,myNode=ae5ce17c...,timecost=2.217
info|2019-12-11 04:36:53.722299|[g:1][CONSENSUS][PBFT]checkAndChangeView: Reach consensus,org_view=5672,org_changeCycle=0,cur_changeCycle=0,to_view=5673
info|2019-12-11 04:36:54.723479|[g:1][CONSENSUS][SEALER]++++++++++++++++ Generating seal on,blkNum=1,tx=0,nodeIdx=1,hash=b9cb2e4b...
info|2019-12-11 04:36:54.724873|[g:1][CONSENSUS][PBFT]checkTimeout Succ,view=5673,toView=5674,nodeIdx=1,changeCycle=0,myNode=ae5ce17c...,timecost=0.831
info|2019-12-11 04:36:54.731162|[g:1][CONSENSUS][PBFT]checkAndChangeView: Reach consensus,org_view=5673,org_changeCycle=0,cur_changeCycle=0,to_view=5674
info|2019-12-11 04:36:55.733476|[g:1][CONSENSUS]addRawPrepare,height=1,reqIdx=2,hash=f9399377...
info|2019-12-11 04:36:55.734462|[g:1][CONSENSUS][PBFT]checkTimeout Succ,view=5674,toView=5675,nodeIdx=1,changeCycle=0,myNode=ae5ce17c...,timecost=0.771
info|2019-12-11 04:36:55.739374|[g:1][CONSENSUS][PBFT]checkAndChangeView: Reach consensus,org_view=5674,org_changeCycle=0,cur_changeCycle=0,to_view=5675
info|2019-12-11 04:36:56.066153|[P2P][Service] heartBeat,connected count=3
info|2019-12-11 04:36:56.741968|[g:1][CONSENSUS]addRawPrepare,height=1,reqIdx=3,hash=7640ac73...
info|2019-12-11 04:36:56.743169|[g:1][CONSENSUS][PBFT]checkTimeout Succ,view=5675,toView=5676,nodeIdx=1,changeCycle=0,myNode=ae5ce17c...,timecost=0.916
info|2019-12-11 04:36:56.748735|[g:1][CONSENSUS][PBFT]checkAndChangeView: Reach consensus,org_view=5675,org_changeCycle=0,cur_changeCycle=0,to_view=5676
info|2019-12-11 04:36:57.750439|[g:1][CONSENSUS]addRawPrepare,height=1,reqIdx=0,hash=55d2ef6d...
info|2019-12-11 04:36:57.751910|[g:1][CONSENSUS][PBFT]checkTimeout Succ,view=5676,toView=5677,nodeIdx=1,changeCycle=0,myNode=ae5ce17c...,timecost=1.234
info|2019-12-11 04:36:57.755641|[g:1][CONSENSUS][PBFT]checkAndChangeView: Reach consensus,org_view=5676,org_changeCycle=0,cur_changeCycle=0,to_view=5677
