info|2019-12-14 05:19:57.015571|[P2P][Service] heartBeat,connected count=3
warning|2019-12-14 05:19:57.021073|[g:1][CONSENSUS][PBFT]ViewChangeWarning: not caused by omit empty block ,v=2941,toV=2942,curNum=475,hash=ad338c6e...,nodeIdx=1,myNode=ae5ce17c...
info|2019-12-14 05:19:57.021395|[g:1][CONSENSUS][PBFT]checkTimeout Succ,view=2941,toView=2942,nodeIdx=1,changeCycle=1,myNode=ae5ce17c...,timecost=0.736
info|2019-12-14 05:19:57.028095|[g:1][CONSENSUS][PBFT]checkAndChangeView: Reach consensus,org_view=2941,org_changeCycle=1,cur_changeCycle=1,to_view=2942
info|2019-12-14 05:19:58.028216|[g:1][CONSENSUS][SEALER]++++++++++++++++ Generating seal on,blkNum=476,tx=0,nodeIdx=1,hash=655d37de...
info|2019-12-14 05:19:58.030709|[g:1][CONSENSUS][PBFT]Trigger fast-viewchange,view=2942,toView=2942,minView=2943,INFO=,reqNum=475,curNum=475,GenIdx=2,Cview=2943,view=2942,fromIdx=2,fromNode=b5a2d0a7...,fromIp=127.0.0.1:59988,hash=ad338c6e...,nodeIdx=1,myNode=ae5ce17c...
info|2019-12-14 05:19:58.031759|[g:1][CONSENSUS][PBFT]checkAndChangeView: Reach consensus,org_view=2942,org_changeCycle=0,cur_changeCycle=0,to_view=2943
info|2019-12-14 05:19:58.031788|[g:1][CONSENSUS][PBFT]checkTimeout Succ,view=2943,toView=2943,nodeIdx=1,changeCycle=0,myNode=ae5ce17c...,timecost=0.978
info|2019-12-14 05:19:59.032484|[g:1][CONSENSUS]addRawPrepare,height=476,reqIdx=2,hash=29d5ed13...
info|2019-12-14 05:19:59.034873|[g:1][CONSENSUS][PBFT]checkTimeout Succ,view=2943,toView=2944,nodeIdx=1,changeCycle=0,myNode=ae5ce17c...,timecost=2.229
info|2019-12-14 05:19:59.036346|[g:1][CONSENSUS][PBFT]checkAndChangeView: Reach consensus,org_view=2943,org_changeCycle=0,cur_changeCycle=0,to_view=2944
info|2019-12-14 05:20:00.041620|[g:1][CONSENSUS]addRawPrepare,height=476,reqIdx=3,hash=43963b68...
info|2019-12-14 05:20:00.042708|[g:1][CONSENSUS][PBFT]checkTimeout Succ,view=2944,toView=2945,nodeIdx=1,changeCycle=0,myNode=ae5ce17c...,timecost=0.811
info|2019-12-14 05:20:00.046170|[g:1][CONSENSUS][PBFT]checkAndChangeView: Reach consensus,org_view=2944,org_changeCycle=0,cur_changeCycle=0,to_view=2945
info|2019-12-14 05:20:01.048319|[g:1][CONSENSUS]addRawPrepare,height=476,reqIdx=0,hash=2134db28...
info|2019-12-14 05:20:01.049077|[g:1][CONSENSUS][PBFT]checkTimeout Succ,view=2945,toView=2946,nodeIdx=1,changeCycle=0,myNode=ae5ce17c...,timecost=0.551
info|2019-12-14 05:20:01.051883|[g:1][CONSENSUS][PBFT]checkAndChangeView: Reach consensus,org_view=2945,org_changeCycle=0,cur_changeCycle=0,to_view=2946
info|2019-12-14 05:20:02.051901|[g:1][CONSENSUS][SEALER]++++++++++++++++ Generating seal on,blkNum=476,tx=0,nodeIdx=1,hash=92ad9a4d...
info|2019-12-14 05:20:02.058369|[g:1][CONSENSUS][PBFT]checkTimeout Succ,view=2946,toView=2947,nodeIdx=1,changeCycle=0,myNode=ae5ce17c...,timecost=1.2
info|2019-12-14 05:20:02.060538|[g:1][CONSENSUS][PBFT]checkAndChangeView: Reach consensus,org_view=2946,org_changeCycle=0,cur_changeCycle=0,to_view=2947
info|2019-12-14 05:20:03.064605|[g:1][CONSENSUS]addRawPrepare,height=476,reqIdx=2,hash=64bc3998...
info|2019-12-14 05:20:03.066858|[g:1][CONSENSUS][PBFT]checkTimeout Succ,view=2947,toView=2948,nodeIdx=1,changeCycle=0,myNode=ae5ce17c...,timecost=1.997
info|2019-12-14 05:20:03.070194|[g:1][CONSENSUS][PBFT]checkAndChangeView: Reach consensus,org_view=2947,org_changeCycle=0,cur_changeCycle=0,to_view=2948
info|2019-12-14 05:20:04.072277|[g:1][CONSENSUS]addRawPrepare,height=476,reqIdx=3,hash=61f1e5ea...
info|2019-12-14 05:20:04.074652|[g:1][CONSENSUS][PBFT]checkTimeout Succ,view=2948,toView=2949,nodeIdx=1,changeCycle=0,myNode=ae5ce17c...,timecost=2.118
info|2019-12-14 05:20:04.077237|[g:1][CONSENSUS][PBFT]checkAndChangeView: Reach consensus,org_view=2948,org_changeCycle=0,cur_changeCycle=0,to_view=2949
info|2019-12-14 05:20:05.079922|[g:1][CONSENSUS]addRawPrepare,height=476,reqIdx=0,hash=9f23283b...
info|2019-12-14 05:20:05.080919|[g:1][CONSENSUS][PBFT]checkTimeout Succ,view=2949,toView=2950,nodeIdx=1,changeCycle=0,myNode=ae5ce17c...,timecost=0.78
info|2019-12-14 05:20:05.083457|[g:1][CONSENSUS][PBFT]checkAndChangeView: Reach consensus,org_view=2949,org_changeCycle=0,cur_changeCycle=0,to_view=2950
info|2019-12-14 05:20:06.084281|[g:1][CONSENSUS][SEALER]++++++++++++++++ Generating seal on,blkNum=476,tx=0,nodeIdx=1,hash=de290c9e...
info|2019-12-14 05:20:06.085659|[g:1][CONSENSUS][PBFT]checkTimeout Succ,view=2950,toView=2951,nodeIdx=1,changeCycle=0,myNode=ae5ce17c...,timecost=0.778
info|2019-12-14 05:20:06.092668|[g:1][CONSENSUS][PBFT]checkAndChangeView: Reach consensus,org_view=2950,org_changeCycle=0,cur_changeCycle=0,to_view=2951
info|2019-12-14 05:20:07.025296|[P2P][Service] heartBeat,connected count=3
info|2019-12-14 05:20:07.094036|[g:1][CONSENSUS]addRawPrepare,height=476,reqIdx=2,hash=b321bb28...
info|2019-12-14 05:20:07.095221|[g:1][CONSENSUS][PBFT]checkTimeout Succ,view=2951,toView=2952,nodeIdx=1,changeCycle=0,myNode=ae5ce17c...,timecost=0.854
info|2019-12-14 05:20:07.098806|[g:1][CONSENSUS][PBFT]checkAndChangeView: Reach consensus,org_view=2951,org_changeCycle=0,cur_changeCycle=0,to_view=2952
info|2019-12-14 05:20:08.101465|[g:1][CONSENSUS]addRawPrepare,height=476,reqIdx=3,hash=88018c29...
info|2019-12-14 05:20:08.102550|[g:1][CONSENSUS][PBFT]checkTimeout Succ,view=2952,toView=2953,nodeIdx=1,changeCycle=0,myNode=ae5ce17c...,timecost=0.954
info|2019-12-14 05:20:08.107708|[g:1][CONSENSUS][PBFT]checkAndChangeView: Reach consensus,org_view=2952,org_changeCycle=0,cur_changeCycle=0,to_view=2953
info|2019-12-14 05:20:09.113254|[g:1][CONSENSUS]addRawPrepare,height=476,reqIdx=0,hash=f65dc689...
info|2019-12-14 05:20:09.115047|[g:1][CONSENSUS][PBFT]checkTimeout Succ,view=2953,toView=2954,nodeIdx=1,changeCycle=0,myNode=ae5ce17c...,timecost=1.429
info|2019-12-14 05:20:09.117857|[g:1][CONSENSUS][PBFT]checkAndChangeView: Reach consensus,org_view=2953,org_changeCycle=0,cur_changeCycle=0,to_view=2954
info|2019-12-14 05:20:10.118287|[g:1][CONSENSUS][SEALER]++++++++++++++++ Generating seal on,blkNum=476,tx=0,nodeIdx=1,hash=9cddfcb5...
info|2019-12-14 05:20:10.119821|[g:1][CONSENSUS][PBFT]checkTimeout Succ,view=2954,toView=2955,nodeIdx=1,changeCycle=0,myNode=ae5ce17c...,timecost=0.986
info|2019-12-14 05:20:10.125896|[g:1][CONSENSUS][PBFT]checkAndChangeView: Reach consensus,org_view=2954,org_changeCycle=0,cur_changeCycle=0,to_view=2955
info|2019-12-14 05:20:11.127751|[g:1][CONSENSUS]addRawPrepare,height=476,reqIdx=2,hash=9fd378b0...
info|2019-12-14 05:20:11.128736|[g:1][CONSENSUS][PBFT]checkTimeout Succ,view=2955,toView=2956,nodeIdx=1,changeCycle=0,myNode=ae5ce17c...,timecost=0.757
info|2019-12-14 05:20:11.135177|[g:1][CONSENSUS][PBFT]checkAndChangeView: Reach consensus,org_view=2955,org_changeCycle=0,cur_changeCycle=0,to_view=2956
info|2019-12-14 05:20:12.135635|[g:1][CONSENSUS]addRawPrepare,height=476,reqIdx=3,hash=cbe78571...
info|2019-12-14 05:20:12.141186|[g:1][CONSENSUS][PBFT]checkTimeout Succ,view=2956,toView=2957,nodeIdx=1,changeCycle=0,myNode=ae5ce17c...,timecost=5.354
info|2019-12-14 05:20:12.144561|[g:1][CONSENSUS][PBFT]checkAndChangeView: Reach consensus,org_view=2956,org_changeCycle=0,cur_changeCycle=0,to_view=2957
info|2019-12-14 05:20:13.145609|[g:1][CONSENSUS]addRawPrepare,height=476,reqIdx=0,hash=1ab990db...
info|2019-12-14 05:20:13.147661|[g:1][CONSENSUS][PBFT]checkTimeout Succ,view=2957,toView=2958,nodeIdx=1,changeCycle=0,myNode=ae5ce17c...,timecost=1.737
info|2019-12-14 05:20:13.151327|[g:1][CONSENSUS][PBFT]checkAndChangeView: Reach consensus,org_view=2957,org_changeCycle=0,cur_changeCycle=0,to_view=2958
info|2019-12-14 05:20:14.152100|[g:1][CONSENSUS][SEALER]++++++++++++++++ Generating seal on,blkNum=476,tx=0,nodeIdx=1,hash=ead34dc5...
info|2019-12-14 05:20:14.153622|[g:1][CONSENSUS][PBFT]checkTimeout Succ,view=2958,toView=2959,nodeIdx=1,changeCycle=0,myNode=ae5ce17c...,timecost=0.882
info|2019-12-14 05:20:14.159316|[g:1][CONSENSUS][PBFT]checkAndChangeView: Reach consensus,org_view=2958,org_changeCycle=0,cur_changeCycle=0,to_view=2959
info|2019-12-14 05:20:15.161361|[g:1][CONSENSUS]addRawPrepare,height=476,reqIdx=2,hash=b1ea1c2f...
info|2019-12-14 05:20:15.164213|[g:1][CONSENSUS][PBFT]checkTimeout Succ,view=2959,toView=2960,nodeIdx=1,changeCycle=0,myNode=ae5ce17c...,timecost=2.533
info|2019-12-14 05:20:15.168219|[g:1][CONSENSUS][PBFT]checkAndChangeView: Reach consensus,org_view=2959,org_changeCycle=0,cur_changeCycle=0,to_view=2960
info|2019-12-14 05:20:16.170304|[g:1][CONSENSUS]addRawPrepare,height=476,reqIdx=3,hash=e2ee5246...
info|2019-12-14 05:20:16.174404|[g:1][CONSENSUS][PBFT]checkTimeout Succ,view=2960,toView=2961,nodeIdx=1,changeCycle=0,myNode=ae5ce17c...,timecost=3.842
info|2019-12-14 05:20:16.176885|[g:1][CONSENSUS][PBFT]checkAndChangeView: Reach consensus,org_view=2960,org_changeCycle=0,cur_changeCycle=0,to_view=2961
info|2019-12-14 05:20:17.032045|[P2P][Service] heartBeat,connected count=3
info|2019-12-14 05:20:17.177230|[g:1][CONSENSUS]addRawPrepare,height=476,reqIdx=0,hash=3265bb9a...
info|2019-12-14 05:20:17.179130|[g:1][CONSENSUS][PBFT]checkTimeout Succ,view=2961,toView=2962,nodeIdx=1,changeCycle=0,myNode=ae5ce17c...,timecost=1.644
info|2019-12-14 05:20:17.183412|[g:1][CONSENSUS][PBFT]checkAndChangeView: Reach consensus,org_view=2961,org_changeCycle=0,cur_changeCycle=0,to_view=2962
info|2019-12-14 05:20:18.183387|[g:1][CONSENSUS][SEALER]++++++++++++++++ Generating seal on,blkNum=476,tx=0,nodeIdx=1,hash=d2334c66...
info|2019-12-14 05:20:18.189570|[g:1][CONSENSUS][PBFT]checkTimeout Succ,view=2962,toView=2963,nodeIdx=1,changeCycle=0,myNode=ae5ce17c...,timecost=0.705
info|2019-12-14 05:20:18.192137|[g:1][CONSENSUS][PBFT]checkAndChangeView: Reach consensus,org_view=2962,org_changeCycle=0,cur_changeCycle=0,to_view=2963
info|2019-12-14 05:20:19.193964|[g:1][CONSENSUS]addRawPrepare,height=476,reqIdx=2,hash=32e4713b...
info|2019-12-14 05:20:19.195955|[g:1][CONSENSUS][PBFT]checkTimeout Succ,view=2963,toView=2964,nodeIdx=1,changeCycle=0,myNode=ae5ce17c...,timecost=1.346
info|2019-12-14 05:20:19.197825|[g:1][CONSENSUS][PBFT]checkAndChangeView: Reach consensus,org_view=2963,org_changeCycle=0,cur_changeCycle=0,to_view=2964
info|2019-12-14 05:20:20.201197|[g:1][CONSENSUS]addRawPrepare,height=476,reqIdx=3,hash=c2a6db74...
info|2019-12-14 05:20:20.202731|[g:1][CONSENSUS][PBFT]checkTimeout Succ,view=2964,toView=2965,nodeIdx=1,changeCycle=0,myNode=ae5ce17c...,timecost=1.129
info|2019-12-14 05:20:20.205460|[g:1][CONSENSUS][PBFT]checkAndChangeView: Reach consensus,org_view=2964,org_changeCycle=0,cur_changeCycle=0,to_view=2965
info|2019-12-14 05:20:21.209057|[g:1][CONSENSUS]addRawPrepare,height=476,reqIdx=0,hash=1d129095...
info|2019-12-14 05:20:21.212891|[g:1][CONSENSUS][PBFT]checkTimeout Succ,view=2965,toView=2966,nodeIdx=1,changeCycle=0,myNode=ae5ce17c...,timecost=3.572
info|2019-12-14 05:20:21.215327|[g:1][CONSENSUS][PBFT]checkAndChangeView: Reach consensus,org_view=2965,org_changeCycle=0,cur_changeCycle=0,to_view=2966
info|2019-12-14 05:20:22.215889|[g:1][CONSENSUS][SEALER]++++++++++++++++ Generating seal on,blkNum=476,tx=0,nodeIdx=1,hash=b4cd0f7f...
info|2019-12-14 05:20:22.217031|[g:1][CONSENSUS][PBFT]checkTimeout Succ,view=2966,toView=2967,nodeIdx=1,changeCycle=0,myNode=ae5ce17c...,timecost=0.701
info|2019-12-14 05:20:22.221860|[g:1][CONSENSUS][PBFT]checkAndChangeView: Reach consensus,org_view=2966,org_changeCycle=0,cur_changeCycle=0,to_view=2967
info|2019-12-14 05:20:23.225933|[g:1][CONSENSUS]addRawPrepare,height=476,reqIdx=2,hash=5087a1e0...
info|2019-12-14 05:20:23.227816|[g:1][CONSENSUS][PBFT]checkTimeout Succ,view=2967,toView=2968,nodeIdx=1,changeCycle=0,myNode=ae5ce17c...,timecost=1.215
info|2019-12-14 05:20:23.230497|[g:1][CONSENSUS][PBFT]checkAndChangeView: Reach consensus,org_view=2967,org_changeCycle=0,cur_changeCycle=0,to_view=2968
info|2019-12-14 05:20:24.233311|[g:1][CONSENSUS]addRawPrepare,height=476,reqIdx=3,hash=648f3b6a...
info|2019-12-14 05:20:24.234432|[g:1][CONSENSUS][PBFT]checkTimeout Succ,view=2968,toView=2969,nodeIdx=1,changeCycle=0,myNode=ae5ce17c...,timecost=0.879
info|2019-12-14 05:20:24.238287|[g:1][CONSENSUS][PBFT]checkAndChangeView: Reach consensus,org_view=2968,org_changeCycle=0,cur_changeCycle=0,to_view=2969
info|2019-12-14 05:20:25.241281|[g:1][CONSENSUS]addRawPrepare,height=476,reqIdx=0,hash=78a8e0dd...
info|2019-12-14 05:20:25.242543|[g:1][CONSENSUS][PBFT]checkTimeout Succ,view=2969,toView=2970,nodeIdx=1,changeCycle=0,myNode=ae5ce17c...,timecost=0.949
info|2019-12-14 05:20:25.246599|[g:1][CONSENSUS][PBFT]checkAndChangeView: Reach consensus,org_view=2969,org_changeCycle=0,cur_changeCycle=0,to_view=2970
info|2019-12-14 05:20:26.246622|[g:1][CONSENSUS][SEALER]++++++++++++++++ Generating seal on,blkNum=476,tx=0,nodeIdx=1,hash=d7c962f0...
info|2019-12-14 05:20:26.251643|[g:1][CONSENSUS][PBFT]checkTimeout Succ,view=2970,toView=2971,nodeIdx=1,changeCycle=0,myNode=ae5ce17c...,timecost=0.757
info|2019-12-14 05:20:26.255195|[g:1][CONSENSUS][PBFT]checkAndChangeView: Reach consensus,org_view=2970,org_changeCycle=0,cur_changeCycle=0,to_view=2971
info|2019-12-14 05:20:27.035498|[P2P][Service] heartBeat,connected count=3
info|2019-12-14 05:20:27.259172|[g:1][CONSENSUS]addRawPrepare,height=476,reqIdx=2,hash=eda31e7a...
info|2019-12-14 05:20:27.261954|[g:1][CONSENSUS][PBFT]checkTimeout Succ,view=2971,toView=2972,nodeIdx=1,changeCycle=0,myNode=ae5ce17c...,timecost=2.513
info|2019-12-14 05:20:27.264780|[g:1][CONSENSUS][PBFT]checkAndChangeView: Reach consensus,org_view=2971,org_changeCycle=0,cur_changeCycle=0,to_view=2972
info|2019-12-14 05:20:28.270508|[g:1][CONSENSUS]addRawPrepare,height=476,reqIdx=3,hash=cfbbeb95...
info|2019-12-14 05:20:28.272660|[g:1][CONSENSUS][PBFT]checkTimeout Succ,view=2972,toView=2973,nodeIdx=1,changeCycle=0,myNode=ae5ce17c...,timecost=1.968
info|2019-12-14 05:20:28.277910|[g:1][CONSENSUS][PBFT]checkAndChangeView: Reach consensus,org_view=2972,org_changeCycle=0,cur_changeCycle=0,to_view=2973
info|2019-12-14 05:20:29.277844|[g:1][CONSENSUS]addRawPrepare,height=476,reqIdx=0,hash=59fbb2a4...
info|2019-12-14 05:20:29.278688|[g:1][CONSENSUS][PBFT]checkTimeout Succ,view=2973,toView=2974,nodeIdx=1,changeCycle=0,myNode=ae5ce17c...,timecost=0.639
info|2019-12-14 05:20:29.280930|[g:1][CONSENSUS][PBFT]checkAndChangeView: Reach consensus,org_view=2973,org_changeCycle=0,cur_changeCycle=0,to_view=2974
info|2019-12-14 05:20:30.281024|[g:1][CONSENSUS][SEALER]++++++++++++++++ Generating seal on,blkNum=476,tx=0,nodeIdx=1,hash=f0edb312...
info|2019-12-14 05:20:30.287150|[g:1][CONSENSUS][PBFT]checkTimeout Succ,view=2974,toView=2975,nodeIdx=1,changeCycle=0,myNode=ae5ce17c...,timecost=1.001
info|2019-12-14 05:20:30.288490|[g:1][CONSENSUS][PBFT]checkAndChangeView: Reach consensus,org_view=2974,org_changeCycle=0,cur_changeCycle=0,to_view=2975
info|2019-12-14 05:20:31.292624|[g:1][CONSENSUS]addRawPrepare,height=476,reqIdx=2,hash=663e4e6a...
info|2019-12-14 05:20:31.294815|[g:1][CONSENSUS][PBFT]checkTimeout Succ,view=2975,toView=2976,nodeIdx=1,changeCycle=0,myNode=ae5ce17c...,timecost=1.985
info|2019-12-14 05:20:31.297148|[g:1][CONSENSUS][PBFT]checkAndChangeView: Reach consensus,org_view=2975,org_changeCycle=0,cur_changeCycle=0,to_view=2976
info|2019-12-14 05:20:32.300169|[g:1][CONSENSUS]addRawPrepare,height=476,reqIdx=3,hash=205d7655...
info|2019-12-14 05:20:32.305577|[g:1][CONSENSUS][PBFT]checkTimeout Succ,view=2976,toView=2977,nodeIdx=1,changeCycle=0,myNode=ae5ce17c...,timecost=4.836
info|2019-12-14 05:20:32.307694|[g:1][CONSENSUS][PBFT]checkAndChangeView: Reach consensus,org_view=2976,org_changeCycle=0,cur_changeCycle=0,to_view=2977
info|2019-12-14 05:20:33.311320|[g:1][CONSENSUS]addRawPrepare,height=476,reqIdx=0,hash=6ad2a1bf...
info|2019-12-14 05:20:33.312404|[g:1][CONSENSUS][PBFT]checkTimeout Succ,view=2977,toView=2978,nodeIdx=1,changeCycle=0,myNode=ae5ce17c...,timecost=0.814
info|2019-12-14 05:20:33.315465|[g:1][CONSENSUS][PBFT]checkAndChangeView: Reach consensus,org_view=2977,org_changeCycle=0,cur_changeCycle=0,to_view=2978
info|2019-12-14 05:20:34.316360|[g:1][CONSENSUS][SEALER]++++++++++++++++ Generating seal on,blkNum=476,tx=0,nodeIdx=1,hash=1e315c25...
info|2019-12-14 05:20:34.321259|[g:1][CONSENSUS][PBFT]checkTimeout Succ,view=2978,toView=2979,nodeIdx=1,changeCycle=0,myNode=ae5ce17c...,timecost=0.805
info|2019-12-14 05:20:34.324015|[g:1][CONSENSUS][PBFT]checkAndChangeView: Reach consensus,org_view=2978,org_changeCycle=0,cur_changeCycle=0,to_view=2979
info|2019-12-14 05:20:35.326332|[g:1][CONSENSUS]addRawPrepare,height=476,reqIdx=2,hash=2b90e16a...
info|2019-12-14 05:20:35.328759|[g:1][CONSENSUS][PBFT]checkTimeout Succ,view=2979,toView=2980,nodeIdx=1,changeCycle=0,myNode=ae5ce17c...,timecost=2.178
info|2019-12-14 05:20:35.331477|[g:1][CONSENSUS][PBFT]checkAndChangeView: Reach consensus,org_view=2979,org_changeCycle=0,cur_changeCycle=0,to_view=2980
info|2019-12-14 05:20:36.333744|[g:1][CONSENSUS]addRawPrepare,height=476,reqIdx=3,hash=22d6109f...
info|2019-12-14 05:20:36.339117|[g:1][CONSENSUS][PBFT]checkTimeout Succ,view=2980,toView=2981,nodeIdx=1,changeCycle=0,myNode=ae5ce17c...,timecost=4.918
info|2019-12-14 05:20:36.341018|[g:1][CONSENSUS][PBFT]checkAndChangeView: Reach consensus,org_view=2980,org_changeCycle=0,cur_changeCycle=0,to_view=2981
info|2019-12-14 05:20:37.040438|[P2P][Service] heartBeat,connected count=3
info|2019-12-14 05:20:37.339895|[g:1][CONSENSUS]addRawPrepare,height=476,reqIdx=0,hash=1621c509...
info|2019-12-14 05:20:37.340874|[g:1][CONSENSUS][PBFT]checkTimeout Succ,view=2981,toView=2982,nodeIdx=1,changeCycle=0,myNode=ae5ce17c...,timecost=0.747
info|2019-12-14 05:20:37.343878|[g:1][CONSENSUS][PBFT]checkAndChangeView: Reach consensus,org_view=2981,org_changeCycle=0,cur_changeCycle=0,to_view=2982
info|2019-12-14 05:20:38.343674|[g:1][CONSENSUS][SEALER]++++++++++++++++ Generating seal on,blkNum=476,tx=0,nodeIdx=1,hash=9c64916d...
info|2019-12-14 05:20:38.344650|[g:1][CONSENSUS][PBFT]checkTimeout Succ,view=2982,toView=2983,nodeIdx=1,changeCycle=0,myNode=ae5ce17c...,timecost=0.579
info|2019-12-14 05:20:38.349153|[g:1][CONSENSUS][PBFT]checkAndChangeView: Reach consensus,org_view=2982,org_changeCycle=0,cur_changeCycle=0,to_view=2983
info|2019-12-14 05:20:39.350021|[g:1][CONSENSUS]addRawPrepare,height=476,reqIdx=2,hash=bb014628...
info|2019-12-14 05:20:39.350979|[g:1][CONSENSUS][PBFT]checkTimeout Succ,view=2983,toView=2984,nodeIdx=1,changeCycle=0,myNode=ae5ce17c...,timecost=0.743
info|2019-12-14 05:20:39.357499|[g:1][CONSENSUS][PBFT]checkAndChangeView: Reach consensus,org_view=2983,org_changeCycle=0,cur_changeCycle=0,to_view=2984
info|2019-12-14 05:20:40.360622|[g:1][CONSENSUS]addRawPrepare,height=476,reqIdx=3,hash=8432c637...
info|2019-12-14 05:20:40.362465|[g:1][CONSENSUS][PBFT]checkTimeout Succ,view=2984,toView=2985,nodeIdx=1,changeCycle=0,myNode=ae5ce17c...,timecost=1.618
info|2019-12-14 05:20:40.365174|[g:1][CONSENSUS][PBFT]checkAndChangeView: Reach consensus,org_view=2984,org_changeCycle=0,cur_changeCycle=0,to_view=2985
info|2019-12-14 05:20:41.369196|[g:1][CONSENSUS]addRawPrepare,height=476,reqIdx=0,hash=76c80888...
info|2019-12-14 05:20:41.374551|[g:1][CONSENSUS][PBFT]checkTimeout Succ,view=2985,toView=2986,nodeIdx=1,changeCycle=0,myNode=ae5ce17c...,timecost=5.004
info|2019-12-14 05:20:41.376160|[g:1][CONSENSUS][PBFT]checkAndChangeView: Reach consensus,org_view=2985,org_changeCycle=0,cur_changeCycle=0,to_view=2986
info|2019-12-14 05:20:42.376238|[g:1][CONSENSUS][SEALER]++++++++++++++++ Generating seal on,blkNum=476,tx=0,nodeIdx=1,hash=a161a969...
info|2019-12-14 05:20:42.377835|[g:1][CONSENSUS][PBFT]checkTimeout Succ,view=2986,toView=2987,nodeIdx=1,changeCycle=0,myNode=ae5ce17c...,timecost=0.893
info|2019-12-14 05:20:42.384359|[g:1][CONSENSUS][PBFT]checkAndChangeView: Reach consensus,org_view=2986,org_changeCycle=0,cur_changeCycle=0,to_view=2987
info|2019-12-14 05:20:43.387651|[g:1][CONSENSUS]addRawPrepare,height=476,reqIdx=2,hash=18d2729f...
info|2019-12-14 05:20:43.388851|[g:1][CONSENSUS][PBFT]checkTimeout Succ,view=2987,toView=2988,nodeIdx=1,changeCycle=0,myNode=ae5ce17c...,timecost=1.024
info|2019-12-14 05:20:43.392243|[g:1][CONSENSUS][PBFT]checkAndChangeView: Reach consensus,org_view=2987,org_changeCycle=0,cur_changeCycle=0,to_view=2988
info|2019-12-14 05:20:44.393155|[g:1][CONSENSUS]addRawPrepare,height=476,reqIdx=3,hash=3d09e803...
info|2019-12-14 05:20:44.394220|[g:1][CONSENSUS][PBFT]checkTimeout Succ,view=2988,toView=2989,nodeIdx=1,changeCycle=0,myNode=ae5ce17c...,timecost=0.861
info|2019-12-14 05:20:44.399609|[g:1][CONSENSUS][PBFT]checkAndChangeView: Reach consensus,org_view=2988,org_changeCycle=0,cur_changeCycle=0,to_view=2989
info|2019-12-14 05:20:45.399573|[g:1][CONSENSUS]addRawPrepare,height=476,reqIdx=0,hash=7fc0ffb5...
info|2019-12-14 05:20:45.400766|[g:1][CONSENSUS][PBFT]checkTimeout Succ,view=2989,toView=2990,nodeIdx=1,changeCycle=0,myNode=ae5ce17c...,timecost=0.912
info|2019-12-14 05:20:45.403838|[g:1][CONSENSUS][PBFT]checkAndChangeView: Reach consensus,org_view=2989,org_changeCycle=0,cur_changeCycle=0,to_view=2990
info|2019-12-14 05:20:46.404632|[g:1][CONSENSUS][SEALER]++++++++++++++++ Generating seal on,blkNum=476,tx=0,nodeIdx=1,hash=c0144e3c...
info|2019-12-14 05:20:46.412246|[g:1][CONSENSUS][PBFT]checkTimeout Succ,view=2990,toView=2991,nodeIdx=1,changeCycle=0,myNode=ae5ce17c...,timecost=1.813
info|2019-12-14 05:20:46.413838|[g:1][CONSENSUS][PBFT]checkAndChangeView: Reach consensus,org_view=2990,org_changeCycle=0,cur_changeCycle=0,to_view=2991
info|2019-12-14 05:20:47.046526|[P2P][Service] heartBeat,connected count=3
info|2019-12-14 05:20:47.415238|[g:1][CONSENSUS]addRawPrepare,height=476,reqIdx=2,hash=b3b08b37...
info|2019-12-14 05:20:47.416073|[g:1][CONSENSUS][PBFT]checkTimeout Succ,view=2991,toView=2992,nodeIdx=1,changeCycle=0,myNode=ae5ce17c...,timecost=0.711
info|2019-12-14 05:20:47.421707|[g:1][CONSENSUS][PBFT]checkAndChangeView: Reach consensus,org_view=2991,org_changeCycle=0,cur_changeCycle=0,to_view=2992
info|2019-12-14 05:20:48.423397|[g:1][CONSENSUS]addRawPrepare,height=476,reqIdx=3,hash=fee6e78b...
info|2019-12-14 05:20:48.425999|[g:1][CONSENSUS][PBFT]checkTimeout Succ,view=2992,toView=2993,nodeIdx=1,changeCycle=0,myNode=ae5ce17c...,timecost=2.342
info|2019-12-14 05:20:48.430308|[g:1][CONSENSUS][PBFT]checkAndChangeView: Reach consensus,org_view=2992,org_changeCycle=0,cur_changeCycle=0,to_view=2993
