warning|2019-12-11 02:34:38.004997|[g:1][CONSENSUS][PBFT]ViewChangeWarning: not caused by omit empty block ,v=5518,toV=5519,curNum=0,hash=382ff964...,nodeIdx=1,myNode=ae5ce17c...
info|2019-12-11 02:34:38.005162|[g:1][CONSENSUS][PBFT]checkTimeout Succ,view=5518,toView=5519,nodeIdx=1,changeCycle=1,myNode=ae5ce17c...,timecost=0.454
info|2019-12-11 02:34:38.012610|[P2P][Service] heartBeat,connected count=3
info|2019-12-11 02:34:38.021791|[g:1][CONSENSUS][PBFT]checkAndChangeView: Reach consensus,org_view=5518,org_changeCycle=1,cur_changeCycle=1,to_view=5519
info|2019-12-11 02:34:39.025641|[g:1][CONSENSUS]addRawPrepare,height=1,reqIdx=3,hash=3a4d3217...
info|2019-12-11 02:34:39.026230|[g:1][CONSENSUS][PBFT]checkTimeout Succ,view=5519,toView=5520,nodeIdx=1,changeCycle=0,myNode=ae5ce17c...,timecost=0.415
info|2019-12-11 02:34:39.028551|[g:1][CONSENSUS][PBFT]checkAndChangeView: Reach consensus,org_view=5519,org_changeCycle=0,cur_changeCycle=0,to_view=5520
info|2019-12-11 02:34:40.032638|[g:1][CONSENSUS]addRawPrepare,height=1,reqIdx=0,hash=91913cd7...
info|2019-12-11 02:34:40.033350|[g:1][CONSENSUS][PBFT]checkTimeout Succ,view=5520,toView=5521,nodeIdx=1,changeCycle=0,myNode=ae5ce17c...,timecost=0.519
info|2019-12-11 02:34:40.035691|[g:1][CONSENSUS][PBFT]checkAndChangeView: Reach consensus,org_view=5520,org_changeCycle=0,cur_changeCycle=0,to_view=5521
info|2019-12-11 02:34:41.035580|[g:1][CONSENSUS][SEALER]++++++++++++++++ Generating seal on,blkNum=1,tx=0,nodeIdx=1,hash=0df805de...
info|2019-12-11 02:34:41.038485|[g:1][CONSENSUS][PBFT]checkTimeout Succ,view=5521,toView=5522,nodeIdx=1,changeCycle=0,myNode=ae5ce17c...,timecost=0.435
info|2019-12-11 02:34:41.039690|[g:1][CONSENSUS][PBFT]checkAndChangeView: Reach consensus,org_view=5521,org_changeCycle=0,cur_changeCycle=0,to_view=5522
info|2019-12-11 02:34:42.042886|[g:1][CONSENSUS]addRawPrepare,height=1,reqIdx=2,hash=9545ab23...
info|2019-12-11 02:34:42.044707|[g:1][CONSENSUS][PBFT]checkTimeout Succ,view=5522,toView=5523,nodeIdx=1,changeCycle=0,myNode=ae5ce17c...,timecost=1.579
info|2019-12-11 02:34:42.049722|[g:1][CONSENSUS][PBFT]checkAndChangeView: Reach consensus,org_view=5522,org_changeCycle=0,cur_changeCycle=0,to_view=5523
info|2019-12-11 02:34:43.049932|[g:1][CONSENSUS]addRawPrepare,height=1,reqIdx=3,hash=6c738e1a...
info|2019-12-11 02:34:43.051072|[g:1][CONSENSUS][PBFT]checkTimeout Succ,view=5523,toView=5524,nodeIdx=1,changeCycle=0,myNode=ae5ce17c...,timecost=0.915
info|2019-12-11 02:34:43.052945|[g:1][CONSENSUS][PBFT]checkAndChangeView: Reach consensus,org_view=5523,org_changeCycle=0,cur_changeCycle=0,to_view=5524
info|2019-12-11 02:34:44.057265|[g:1][CONSENSUS]addRawPrepare,height=1,reqIdx=0,hash=2e7ecd4c...
info|2019-12-11 02:34:44.058549|[g:1][CONSENSUS][PBFT]checkTimeout Succ,view=5524,toView=5525,nodeIdx=1,changeCycle=0,myNode=ae5ce17c...,timecost=1.026
info|2019-12-11 02:34:44.061888|[g:1][CONSENSUS][PBFT]checkAndChangeView: Reach consensus,org_view=5524,org_changeCycle=0,cur_changeCycle=0,to_view=5525
info|2019-12-11 02:34:45.061519|[g:1][CONSENSUS][SEALER]++++++++++++++++ Generating seal on,blkNum=1,tx=0,nodeIdx=1,hash=398cc2c3...
info|2019-12-11 02:34:45.062888|[g:1][CONSENSUS][PBFT]checkTimeout Succ,view=5525,toView=5526,nodeIdx=1,changeCycle=0,myNode=ae5ce17c...,timecost=0.841
info|2019-12-11 02:34:45.068661|[g:1][CONSENSUS][PBFT]checkAndChangeView: Reach consensus,org_view=5525,org_changeCycle=0,cur_changeCycle=0,to_view=5526
info|2019-12-11 02:34:46.070277|[g:1][CONSENSUS]addRawPrepare,height=1,reqIdx=2,hash=c69fb809...
info|2019-12-11 02:34:46.071697|[g:1][CONSENSUS][PBFT]checkTimeout Succ,view=5526,toView=5527,nodeIdx=1,changeCycle=0,myNode=ae5ce17c...,timecost=1.18
info|2019-12-11 02:34:46.075430|[g:1][CONSENSUS][PBFT]checkAndChangeView: Reach consensus,org_view=5526,org_changeCycle=0,cur_changeCycle=0,to_view=5527
info|2019-12-11 02:34:47.076250|[g:1][CONSENSUS]addRawPrepare,height=1,reqIdx=3,hash=9e4fffe7...
info|2019-12-11 02:34:47.077233|[g:1][CONSENSUS][PBFT]checkTimeout Succ,view=5527,toView=5528,nodeIdx=1,changeCycle=0,myNode=ae5ce17c...,timecost=0.774
info|2019-12-11 02:34:47.082837|[g:1][CONSENSUS][PBFT]checkAndChangeView: Reach consensus,org_view=5527,org_changeCycle=0,cur_changeCycle=0,to_view=5528
info|2019-12-11 02:34:48.019062|[P2P][Service] heartBeat,connected count=3
info|2019-12-11 02:34:48.084773|[g:1][CONSENSUS]addRawPrepare,height=1,reqIdx=0,hash=ef5fe5a1...
info|2019-12-11 02:34:48.086417|[g:1][CONSENSUS][PBFT]checkTimeout Succ,view=5528,toView=5529,nodeIdx=1,changeCycle=0,myNode=ae5ce17c...,timecost=0.869
info|2019-12-11 02:34:48.090189|[g:1][CONSENSUS][PBFT]checkAndChangeView: Reach consensus,org_view=5528,org_changeCycle=0,cur_changeCycle=0,to_view=5529
info|2019-12-11 02:34:49.090313|[g:1][CONSENSUS][SEALER]++++++++++++++++ Generating seal on,blkNum=1,tx=0,nodeIdx=1,hash=5eb24cdf...
info|2019-12-11 02:34:49.091676|[g:1][CONSENSUS][PBFT]checkTimeout Succ,view=5529,toView=5530,nodeIdx=1,changeCycle=0,myNode=ae5ce17c...,timecost=0.836
info|2019-12-11 02:34:49.097492|[g:1][CONSENSUS][PBFT]checkAndChangeView: Reach consensus,org_view=5529,org_changeCycle=0,cur_changeCycle=0,to_view=5530
info|2019-12-11 02:34:50.101453|[g:1][CONSENSUS]addRawPrepare,height=1,reqIdx=2,hash=bc15db1d...
info|2019-12-11 02:34:50.104252|[g:1][CONSENSUS][PBFT]checkTimeout Succ,view=5530,toView=5531,nodeIdx=1,changeCycle=0,myNode=ae5ce17c...,timecost=2.107
info|2019-12-11 02:34:50.107481|[g:1][CONSENSUS][PBFT]checkAndChangeView: Reach consensus,org_view=5530,org_changeCycle=0,cur_changeCycle=0,to_view=5531
info|2019-12-11 02:34:51.108574|[g:1][CONSENSUS]addRawPrepare,height=1,reqIdx=3,hash=764e77d9...
info|2019-12-11 02:34:51.109640|[g:1][CONSENSUS][PBFT]checkTimeout Succ,view=5531,toView=5532,nodeIdx=1,changeCycle=0,myNode=ae5ce17c...,timecost=0.818
info|2019-12-11 02:34:51.112327|[g:1][CONSENSUS][PBFT]checkAndChangeView: Reach consensus,org_view=5531,org_changeCycle=0,cur_changeCycle=0,to_view=5532
info|2019-12-11 02:34:52.118242|[g:1][CONSENSUS]addRawPrepare,height=1,reqIdx=0,hash=a7daa532...
info|2019-12-11 02:34:52.120615|[g:1][CONSENSUS][PBFT]checkTimeout Succ,view=5532,toView=5533,nodeIdx=1,changeCycle=0,myNode=ae5ce17c...,timecost=2.054
info|2019-12-11 02:34:52.123302|[g:1][CONSENSUS][PBFT]checkAndChangeView: Reach consensus,org_view=5532,org_changeCycle=0,cur_changeCycle=0,to_view=5533
info|2019-12-11 02:34:53.124704|[g:1][CONSENSUS][SEALER]++++++++++++++++ Generating seal on,blkNum=1,tx=0,nodeIdx=1,hash=f3663237...
info|2019-12-11 02:34:53.131888|[g:1][CONSENSUS][PBFT]checkTimeout Succ,view=5533,toView=5534,nodeIdx=1,changeCycle=0,myNode=ae5ce17c...,timecost=0.833
info|2019-12-11 02:34:53.133124|[g:1][CONSENSUS][PBFT]checkAndChangeView: Reach consensus,org_view=5533,org_changeCycle=0,cur_changeCycle=0,to_view=5534
info|2019-12-11 02:34:54.136698|[g:1][CONSENSUS]addRawPrepare,height=1,reqIdx=2,hash=8cb4176b...
info|2019-12-11 02:34:54.137888|[g:1][CONSENSUS][PBFT]checkTimeout Succ,view=5534,toView=5535,nodeIdx=1,changeCycle=0,myNode=ae5ce17c...,timecost=0.963
info|2019-12-11 02:34:54.142070|[g:1][CONSENSUS][PBFT]checkAndChangeView: Reach consensus,org_view=5534,org_changeCycle=0,cur_changeCycle=0,to_view=5535
info|2019-12-11 02:34:55.144659|[g:1][CONSENSUS]addRawPrepare,height=1,reqIdx=3,hash=e6ac77c2...
info|2019-12-11 02:34:55.149964|[g:1][CONSENSUS][PBFT]checkTimeout Succ,view=5535,toView=5536,nodeIdx=1,changeCycle=0,myNode=ae5ce17c...,timecost=5.087
info|2019-12-11 02:34:55.151636|[g:1][CONSENSUS][PBFT]checkAndChangeView: Reach consensus,org_view=5535,org_changeCycle=0,cur_changeCycle=0,to_view=5536
info|2019-12-11 02:34:56.151562|[g:1][CONSENSUS]addRawPrepare,height=1,reqIdx=0,hash=1c1a02d6...
info|2019-12-11 02:34:56.152814|[g:1][CONSENSUS][PBFT]checkTimeout Succ,view=5536,toView=5537,nodeIdx=1,changeCycle=0,myNode=ae5ce17c...,timecost=0.847
info|2019-12-11 02:34:56.155978|[g:1][CONSENSUS][PBFT]checkAndChangeView: Reach consensus,org_view=5536,org_changeCycle=0,cur_changeCycle=0,to_view=5537
info|2019-12-11 02:34:57.156413|[g:1][CONSENSUS][SEALER]++++++++++++++++ Generating seal on,blkNum=1,tx=0,nodeIdx=1,hash=53a359d2...
info|2019-12-11 02:34:57.164120|[g:1][CONSENSUS][PBFT]checkTimeout Succ,view=5537,toView=5538,nodeIdx=1,changeCycle=0,myNode=ae5ce17c...,timecost=2.322
info|2019-12-11 02:34:57.165424|[g:1][CONSENSUS][PBFT]checkAndChangeView: Reach consensus,org_view=5537,org_changeCycle=0,cur_changeCycle=0,to_view=5538
info|2019-12-11 02:34:58.024908|[P2P][Service] heartBeat,connected count=3
info|2019-12-11 02:34:58.166906|[g:1][CONSENSUS]addRawPrepare,height=1,reqIdx=2,hash=7f344dcf...
info|2019-12-11 02:34:58.168014|[g:1][CONSENSUS][PBFT]checkTimeout Succ,view=5538,toView=5539,nodeIdx=1,changeCycle=0,myNode=ae5ce17c...,timecost=0.832
info|2019-12-11 02:34:58.171695|[g:1][CONSENSUS][PBFT]checkAndChangeView: Reach consensus,org_view=5538,org_changeCycle=0,cur_changeCycle=0,to_view=5539
info|2019-12-11 02:34:59.176973|[g:1][CONSENSUS]addRawPrepare,height=1,reqIdx=3,hash=ae6b70bf...
info|2019-12-11 02:34:59.179060|[g:1][CONSENSUS][PBFT]checkTimeout Succ,view=5539,toView=5540,nodeIdx=1,changeCycle=0,myNode=ae5ce17c...,timecost=1.751
info|2019-12-11 02:34:59.181956|[g:1][CONSENSUS][PBFT]checkAndChangeView: Reach consensus,org_view=5539,org_changeCycle=0,cur_changeCycle=0,to_view=5540
info|2019-12-11 02:35:00.182871|[g:1][CONSENSUS]addRawPrepare,height=1,reqIdx=0,hash=3badf89a...
info|2019-12-11 02:35:00.185056|[g:1][CONSENSUS][PBFT]checkTimeout Succ,view=5540,toView=5541,nodeIdx=1,changeCycle=0,myNode=ae5ce17c...,timecost=1.9
info|2019-12-11 02:35:00.189310|[g:1][CONSENSUS][PBFT]checkAndChangeView: Reach consensus,org_view=5540,org_changeCycle=0,cur_changeCycle=0,to_view=5541
info|2019-12-11 02:35:01.189726|[g:1][CONSENSUS][SEALER]++++++++++++++++ Generating seal on,blkNum=1,tx=0,nodeIdx=1,hash=9b610e75...
info|2019-12-11 02:35:01.194323|[g:1][CONSENSUS][PBFT]checkTimeout Succ,view=5541,toView=5542,nodeIdx=1,changeCycle=0,myNode=ae5ce17c...,timecost=0.787
info|2019-12-11 02:35:01.197777|[g:1][CONSENSUS][PBFT]checkAndChangeView: Reach consensus,org_view=5541,org_changeCycle=0,cur_changeCycle=0,to_view=5542
info|2019-12-11 02:35:02.200079|[g:1][CONSENSUS]addRawPrepare,height=1,reqIdx=2,hash=1425c517...
info|2019-12-11 02:35:02.201240|[g:1][CONSENSUS][PBFT]checkTimeout Succ,view=5542,toView=5543,nodeIdx=1,changeCycle=0,myNode=ae5ce17c...,timecost=0.912
info|2019-12-11 02:35:02.205124|[g:1][CONSENSUS][PBFT]checkAndChangeView: Reach consensus,org_view=5542,org_changeCycle=0,cur_changeCycle=0,to_view=5543
info|2019-12-11 02:35:03.206665|[g:1][CONSENSUS]addRawPrepare,height=1,reqIdx=3,hash=d5cb1ceb...
info|2019-12-11 02:35:03.207868|[g:1][CONSENSUS][PBFT]checkTimeout Succ,view=5543,toView=5544,nodeIdx=1,changeCycle=0,myNode=ae5ce17c...,timecost=0.89
info|2019-12-11 02:35:03.211707|[g:1][CONSENSUS][PBFT]checkAndChangeView: Reach consensus,org_view=5543,org_changeCycle=0,cur_changeCycle=0,to_view=5544
info|2019-12-11 02:35:04.216472|[g:1][CONSENSUS]addRawPrepare,height=1,reqIdx=0,hash=e8d54f61...
info|2019-12-11 02:35:04.217289|[g:1][CONSENSUS][PBFT]checkTimeout Succ,view=5544,toView=5545,nodeIdx=1,changeCycle=0,myNode=ae5ce17c...,timecost=0.648
info|2019-12-11 02:35:04.220688|[g:1][CONSENSUS][PBFT]checkAndChangeView: Reach consensus,org_view=5544,org_changeCycle=0,cur_changeCycle=0,to_view=5545
info|2019-12-11 02:35:05.221612|[g:1][CONSENSUS][SEALER]++++++++++++++++ Generating seal on,blkNum=1,tx=0,nodeIdx=1,hash=23a285e3...
info|2019-12-11 02:35:05.226725|[g:1][CONSENSUS][PBFT]checkTimeout Succ,view=5545,toView=5546,nodeIdx=1,changeCycle=0,myNode=ae5ce17c...,timecost=0.825
info|2019-12-11 02:35:05.229549|[g:1][CONSENSUS][PBFT]checkAndChangeView: Reach consensus,org_view=5545,org_changeCycle=0,cur_changeCycle=0,to_view=5546
info|2019-12-11 02:35:06.231054|[g:1][CONSENSUS]addRawPrepare,height=1,reqIdx=2,hash=d3007ff2...
info|2019-12-11 02:35:06.232994|[g:1][CONSENSUS][PBFT]checkTimeout Succ,view=5546,toView=5547,nodeIdx=1,changeCycle=0,myNode=ae5ce17c...,timecost=1.377
info|2019-12-11 02:35:06.235701|[g:1][CONSENSUS][PBFT]checkAndChangeView: Reach consensus,org_view=5546,org_changeCycle=0,cur_changeCycle=0,to_view=5547
info|2019-12-11 02:35:07.238061|[g:1][CONSENSUS]addRawPrepare,height=1,reqIdx=3,hash=0dd00ecd...
info|2019-12-11 02:35:07.239141|[g:1][CONSENSUS][PBFT]checkTimeout Succ,view=5547,toView=5548,nodeIdx=1,changeCycle=0,myNode=ae5ce17c...,timecost=0.838
info|2019-12-11 02:35:07.242363|[g:1][CONSENSUS][PBFT]checkAndChangeView: Reach consensus,org_view=5547,org_changeCycle=0,cur_changeCycle=0,to_view=5548
info|2019-12-11 02:35:08.033587|[P2P][Service] heartBeat,connected count=3
info|2019-12-11 02:35:08.244598|[g:1][CONSENSUS]addRawPrepare,height=1,reqIdx=0,hash=e437f395...
info|2019-12-11 02:35:08.245662|[g:1][CONSENSUS][PBFT]checkTimeout Succ,view=5548,toView=5549,nodeIdx=1,changeCycle=0,myNode=ae5ce17c...,timecost=0.816
info|2019-12-11 02:35:08.252286|[g:1][CONSENSUS][PBFT]checkAndChangeView: Reach consensus,org_view=5548,org_changeCycle=0,cur_changeCycle=0,to_view=5549
info|2019-12-11 02:35:09.252749|[g:1][CONSENSUS][SEALER]++++++++++++++++ Generating seal on,blkNum=1,tx=0,nodeIdx=1,hash=b9466743...
info|2019-12-11 02:35:09.254198|[g:1][CONSENSUS][PBFT]checkTimeout Succ,view=5549,toView=5550,nodeIdx=1,changeCycle=0,myNode=ae5ce17c...,timecost=0.828
info|2019-12-11 02:35:09.260358|[g:1][CONSENSUS][PBFT]checkAndChangeView: Reach consensus,org_view=5549,org_changeCycle=0,cur_changeCycle=0,to_view=5550
info|2019-12-11 02:35:10.261042|[g:1][CONSENSUS]addRawPrepare,height=1,reqIdx=2,hash=febb843b...
info|2019-12-11 02:35:10.262036|[g:1][CONSENSUS][PBFT]checkTimeout Succ,view=5550,toView=5551,nodeIdx=1,changeCycle=0,myNode=ae5ce17c...,timecost=0.786
info|2019-12-11 02:35:10.267361|[g:1][CONSENSUS][PBFT]checkAndChangeView: Reach consensus,org_view=5550,org_changeCycle=0,cur_changeCycle=0,to_view=5551
info|2019-12-11 02:35:11.268932|[g:1][CONSENSUS]addRawPrepare,height=1,reqIdx=3,hash=e434525c...
info|2019-12-11 02:35:11.269975|[g:1][CONSENSUS][PBFT]checkTimeout Succ,view=5551,toView=5552,nodeIdx=1,changeCycle=0,myNode=ae5ce17c...,timecost=0.834
info|2019-12-11 02:35:11.274691|[g:1][CONSENSUS][PBFT]checkAndChangeView: Reach consensus,org_view=5551,org_changeCycle=0,cur_changeCycle=0,to_view=5552
info|2019-12-11 02:35:12.279357|[g:1][CONSENSUS]addRawPrepare,height=1,reqIdx=0,hash=87b408f9...
info|2019-12-11 02:35:12.280394|[g:1][CONSENSUS][PBFT]checkTimeout Succ,view=5552,toView=5553,nodeIdx=1,changeCycle=0,myNode=ae5ce17c...,timecost=0.781
info|2019-12-11 02:35:12.285425|[g:1][CONSENSUS][PBFT]checkAndChangeView: Reach consensus,org_view=5552,org_changeCycle=0,cur_changeCycle=0,to_view=5553
info|2019-12-11 02:35:13.286644|[g:1][CONSENSUS][SEALER]++++++++++++++++ Generating seal on,blkNum=1,tx=0,nodeIdx=1,hash=f0c64ca2...
info|2019-12-11 02:35:13.291493|[g:1][CONSENSUS][PBFT]checkTimeout Succ,view=5553,toView=5554,nodeIdx=1,changeCycle=0,myNode=ae5ce17c...,timecost=0.725
info|2019-12-11 02:35:13.294206|[g:1][CONSENSUS][PBFT]checkAndChangeView: Reach consensus,org_view=5553,org_changeCycle=0,cur_changeCycle=0,to_view=5554
info|2019-12-11 02:35:14.299538|[g:1][CONSENSUS]addRawPrepare,height=1,reqIdx=2,hash=e3bc9a0e...
info|2019-12-11 02:35:14.304371|[g:1][CONSENSUS][PBFT]checkTimeout Succ,view=5554,toView=5555,nodeIdx=1,changeCycle=0,myNode=ae5ce17c...,timecost=4.575
info|2019-12-11 02:35:14.306177|[g:1][CONSENSUS][PBFT]checkAndChangeView: Reach consensus,org_view=5554,org_changeCycle=0,cur_changeCycle=0,to_view=5555
info|2019-12-11 02:35:15.306304|[g:1][CONSENSUS]addRawPrepare,height=1,reqIdx=3,hash=31893a44...
info|2019-12-11 02:35:15.307490|[g:1][CONSENSUS][PBFT]checkTimeout Succ,view=5555,toView=5556,nodeIdx=1,changeCycle=0,myNode=ae5ce17c...,timecost=0.978
info|2019-12-11 02:35:15.311653|[g:1][CONSENSUS][PBFT]checkAndChangeView: Reach consensus,org_view=5555,org_changeCycle=0,cur_changeCycle=0,to_view=5556
info|2019-12-11 02:35:16.313383|[g:1][CONSENSUS]addRawPrepare,height=1,reqIdx=0,hash=dc5552ff...
info|2019-12-11 02:35:16.314439|[g:1][CONSENSUS][PBFT]checkTimeout Succ,view=5556,toView=5557,nodeIdx=1,changeCycle=0,myNode=ae5ce17c...,timecost=0.81
info|2019-12-11 02:35:16.317615|[g:1][CONSENSUS][PBFT]checkAndChangeView: Reach consensus,org_view=5556,org_changeCycle=0,cur_changeCycle=0,to_view=5557
info|2019-12-11 02:35:17.318858|[g:1][CONSENSUS][SEALER]++++++++++++++++ Generating seal on,blkNum=1,tx=0,nodeIdx=1,hash=882d82b0...
info|2019-12-11 02:35:17.320206|[g:1][CONSENSUS][PBFT]checkTimeout Succ,view=5557,toView=5558,nodeIdx=1,changeCycle=0,myNode=ae5ce17c...,timecost=0.821
info|2019-12-11 02:35:17.327692|[g:1][CONSENSUS][PBFT]checkAndChangeView: Reach consensus,org_view=5557,org_changeCycle=0,cur_changeCycle=0,to_view=5558
info|2019-12-11 02:35:18.038331|[P2P][Service] heartBeat,connected count=3
info|2019-12-11 02:35:18.326514|[g:1][CONSENSUS]addRawPrepare,height=1,reqIdx=2,hash=0d6d8678...
info|2019-12-11 02:35:18.327449|[g:1][CONSENSUS][PBFT]checkTimeout Succ,view=5558,toView=5559,nodeIdx=1,changeCycle=0,myNode=ae5ce17c...,timecost=0.702
info|2019-12-11 02:35:18.329968|[g:1][CONSENSUS][PBFT]checkAndChangeView: Reach consensus,org_view=5558,org_changeCycle=0,cur_changeCycle=0,to_view=5559
info|2019-12-11 02:35:19.333171|[g:1][CONSENSUS]addRawPrepare,height=1,reqIdx=3,hash=641d66c4...
info|2019-12-11 02:35:19.334951|[g:1][CONSENSUS][PBFT]checkTimeout Succ,view=5559,toView=5560,nodeIdx=1,changeCycle=0,myNode=ae5ce17c...,timecost=1.575
info|2019-12-11 02:35:19.336673|[g:1][CONSENSUS][PBFT]checkAndChangeView: Reach consensus,org_view=5559,org_changeCycle=0,cur_changeCycle=0,to_view=5560
info|2019-12-11 02:35:20.339412|[g:1][CONSENSUS]addRawPrepare,height=1,reqIdx=0,hash=2f0e3663...
info|2019-12-11 02:35:20.340335|[g:1][CONSENSUS][PBFT]checkTimeout Succ,view=5560,toView=5561,nodeIdx=1,changeCycle=0,myNode=ae5ce17c...,timecost=0.724
info|2019-12-11 02:35:20.343474|[g:1][CONSENSUS][PBFT]checkAndChangeView: Reach consensus,org_view=5560,org_changeCycle=0,cur_changeCycle=0,to_view=5561
info|2019-12-11 02:35:21.344282|[g:1][CONSENSUS][SEALER]++++++++++++++++ Generating seal on,blkNum=1,tx=0,nodeIdx=1,hash=9a261d35...
info|2019-12-11 02:35:21.349027|[g:1][CONSENSUS][PBFT]checkTimeout Succ,view=5561,toView=5562,nodeIdx=1,changeCycle=0,myNode=ae5ce17c...,timecost=0.766
info|2019-12-11 02:35:21.351669|[g:1][CONSENSUS][PBFT]checkAndChangeView: Reach consensus,org_view=5561,org_changeCycle=0,cur_changeCycle=0,to_view=5562
info|2019-12-11 02:35:22.355873|[g:1][CONSENSUS]addRawPrepare,height=1,reqIdx=2,hash=467058eb...
info|2019-12-11 02:35:22.358322|[g:1][CONSENSUS][PBFT]checkTimeout Succ,view=5562,toView=5563,nodeIdx=1,changeCycle=0,myNode=ae5ce17c...,timecost=2.188
info|2019-12-11 02:35:22.361423|[g:1][CONSENSUS][PBFT]checkAndChangeView: Reach consensus,org_view=5562,org_changeCycle=0,cur_changeCycle=0,to_view=5563
info|2019-12-11 02:35:23.365664|[g:1][CONSENSUS]addRawPrepare,height=1,reqIdx=3,hash=fedc741d...
info|2019-12-11 02:35:23.367264|[g:1][CONSENSUS][PBFT]checkTimeout Succ,view=5563,toView=5564,nodeIdx=1,changeCycle=0,myNode=ae5ce17c...,timecost=1.393
info|2019-12-11 02:35:23.372354|[g:1][CONSENSUS][PBFT]checkAndChangeView: Reach consensus,org_view=5563,org_changeCycle=0,cur_changeCycle=0,to_view=5564
info|2019-12-11 02:35:24.373003|[g:1][CONSENSUS]addRawPrepare,height=1,reqIdx=0,hash=6eebd664...
info|2019-12-11 02:35:24.374074|[g:1][CONSENSUS][PBFT]checkTimeout Succ,view=5564,toView=5565,nodeIdx=1,changeCycle=0,myNode=ae5ce17c...,timecost=0.824
info|2019-12-11 02:35:24.377146|[g:1][CONSENSUS][PBFT]checkAndChangeView: Reach consensus,org_view=5564,org_changeCycle=0,cur_changeCycle=0,to_view=5565
info|2019-12-11 02:35:25.378116|[g:1][CONSENSUS][SEALER]++++++++++++++++ Generating seal on,blkNum=1,tx=0,nodeIdx=1,hash=b9c3f7ad...
info|2019-12-11 02:35:25.383545|[g:1][CONSENSUS][PBFT]checkTimeout Succ,view=5565,toView=5566,nodeIdx=1,changeCycle=0,myNode=ae5ce17c...,timecost=0.832
info|2019-12-11 02:35:25.385989|[g:1][CONSENSUS][PBFT]checkAndChangeView: Reach consensus,org_view=5565,org_changeCycle=0,cur_changeCycle=0,to_view=5566
info|2019-12-11 02:35:26.387592|[g:1][CONSENSUS]addRawPrepare,height=1,reqIdx=2,hash=fbf0d475...
info|2019-12-11 02:35:26.389019|[g:1][CONSENSUS][PBFT]checkTimeout Succ,view=5566,toView=5567,nodeIdx=1,changeCycle=0,myNode=ae5ce17c...,timecost=1.181
info|2019-12-11 02:35:26.393437|[g:1][CONSENSUS][PBFT]checkAndChangeView: Reach consensus,org_view=5566,org_changeCycle=0,cur_changeCycle=0,to_view=5567
info|2019-12-11 02:35:27.394036|[g:1][CONSENSUS]addRawPrepare,height=1,reqIdx=3,hash=d83a3c2d...
info|2019-12-11 02:35:27.394969|[g:1][CONSENSUS][PBFT]checkTimeout Succ,view=5567,toView=5568,nodeIdx=1,changeCycle=0,myNode=ae5ce17c...,timecost=0.727
info|2019-12-11 02:35:27.400181|[g:1][CONSENSUS][PBFT]checkAndChangeView: Reach consensus,org_view=5567,org_changeCycle=0,cur_changeCycle=0,to_view=5568
info|2019-12-11 02:35:28.040915|[P2P][Service] heartBeat,connected count=3
info|2019-12-11 02:35:28.402137|[g:1][CONSENSUS]addRawPrepare,height=1,reqIdx=0,hash=3be37f63...
info|2019-12-11 02:35:28.405059|[g:1][CONSENSUS][PBFT]checkTimeout Succ,view=5568,toView=5569,nodeIdx=1,changeCycle=0,myNode=ae5ce17c...,timecost=2.674
info|2019-12-11 02:35:28.407734|[g:1][CONSENSUS][PBFT]checkAndChangeView: Reach consensus,org_view=5568,org_changeCycle=0,cur_changeCycle=0,to_view=5569
info|2019-12-11 02:35:29.407569|[g:1][CONSENSUS][SEALER]++++++++++++++++ Generating seal on,blkNum=1,tx=0,nodeIdx=1,hash=486e7902...
info|2019-12-11 02:35:29.409149|[g:1][CONSENSUS][PBFT]checkTimeout Succ,view=5569,toView=5570,nodeIdx=1,changeCycle=0,myNode=ae5ce17c...,timecost=0.94
info|2019-12-11 02:35:29.414883|[g:1][CONSENSUS][PBFT]checkAndChangeView: Reach consensus,org_view=5569,org_changeCycle=0,cur_changeCycle=0,to_view=5570
info|2019-12-11 02:35:30.418528|[g:1][CONSENSUS]addRawPrepare,height=1,reqIdx=2,hash=1e8b20b7...
info|2019-12-11 02:35:30.419889|[g:1][CONSENSUS][PBFT]checkTimeout Succ,view=5570,toView=5571,nodeIdx=1,changeCycle=0,myNode=ae5ce17c...,timecost=0.996
info|2019-12-11 02:35:30.425164|[g:1][CONSENSUS][PBFT]checkAndChangeView: Reach consensus,org_view=5570,org_changeCycle=0,cur_changeCycle=0,to_view=5571
info|2019-12-11 02:35:31.427393|[g:1][CONSENSUS]addRawPrepare,height=1,reqIdx=3,hash=22caea63...
info|2019-12-11 02:35:31.428909|[g:1][CONSENSUS][PBFT]checkTimeout Succ,view=5571,toView=5572,nodeIdx=1,changeCycle=0,myNode=ae5ce17c...,timecost=0.765
info|2019-12-11 02:35:31.431956|[g:1][CONSENSUS][PBFT]checkAndChangeView: Reach consensus,org_view=5571,org_changeCycle=0,cur_changeCycle=0,to_view=5572
info|2019-12-11 02:35:32.437566|[g:1][CONSENSUS]addRawPrepare,height=1,reqIdx=0,hash=3df82636...
info|2019-12-11 02:35:32.438973|[g:1][CONSENSUS][PBFT]checkTimeout Succ,view=5572,toView=5573,nodeIdx=1,changeCycle=0,myNode=ae5ce17c...,timecost=1.172
info|2019-12-11 02:35:32.443180|[g:1][CONSENSUS][PBFT]checkAndChangeView: Reach consensus,org_view=5572,org_changeCycle=0,cur_changeCycle=0,to_view=5573
info|2019-12-11 02:35:33.443548|[g:1][CONSENSUS][SEALER]++++++++++++++++ Generating seal on,blkNum=1,tx=0,nodeIdx=1,hash=5e6a0499...
info|2019-12-11 02:35:33.449118|[g:1][CONSENSUS][PBFT]checkTimeout Succ,view=5573,toView=5574,nodeIdx=1,changeCycle=0,myNode=ae5ce17c...,timecost=0.784
info|2019-12-11 02:35:33.451711|[g:1][CONSENSUS][PBFT]checkAndChangeView: Reach consensus,org_view=5573,org_changeCycle=0,cur_changeCycle=0,to_view=5574
info|2019-12-11 02:35:34.453265|[g:1][CONSENSUS]addRawPrepare,height=1,reqIdx=2,hash=d45639b2...
info|2019-12-11 02:35:34.454689|[g:1][CONSENSUS][PBFT]checkTimeout Succ,view=5574,toView=5575,nodeIdx=1,changeCycle=0,myNode=ae5ce17c...,timecost=1.181
info|2019-12-11 02:35:34.458705|[g:1][CONSENSUS][PBFT]checkAndChangeView: Reach consensus,org_view=5574,org_changeCycle=0,cur_changeCycle=0,to_view=5575
info|2019-12-11 02:35:35.461330|[g:1][CONSENSUS]addRawPrepare,height=1,reqIdx=3,hash=5909d50d...
info|2019-12-11 02:35:35.463934|[g:1][CONSENSUS][PBFT]checkTimeout Succ,view=5575,toView=5576,nodeIdx=1,changeCycle=0,myNode=ae5ce17c...,timecost=2.367
info|2019-12-11 02:35:35.467334|[g:1][CONSENSUS][PBFT]checkAndChangeView: Reach consensus,org_view=5575,org_changeCycle=0,cur_changeCycle=0,to_view=5576
info|2019-12-11 02:35:36.470024|[g:1][CONSENSUS]addRawPrepare,height=1,reqIdx=0,hash=d654d9ed...
info|2019-12-11 02:35:36.470998|[g:1][CONSENSUS][PBFT]checkTimeout Succ,view=5576,toView=5577,nodeIdx=1,changeCycle=0,myNode=ae5ce17c...,timecost=0.727
info|2019-12-11 02:35:36.474957|[g:1][CONSENSUS][PBFT]checkAndChangeView: Reach consensus,org_view=5576,org_changeCycle=0,cur_changeCycle=0,to_view=5577
info|2019-12-11 02:35:37.475355|[g:1][CONSENSUS][SEALER]++++++++++++++++ Generating seal on,blkNum=1,tx=0,nodeIdx=1,hash=cd2abefd...
info|2019-12-11 02:35:37.476775|[g:1][CONSENSUS][PBFT]checkTimeout Succ,view=5577,toView=5578,nodeIdx=1,changeCycle=0,myNode=ae5ce17c...,timecost=0.889
info|2019-12-11 02:35:37.482197|[g:1][CONSENSUS][PBFT]checkAndChangeView: Reach consensus,org_view=5577,org_changeCycle=0,cur_changeCycle=0,to_view=5578
info|2019-12-11 02:35:38.041827|[P2P][Service] heartBeat,connected count=3
info|2019-12-11 02:35:38.486688|[g:1][CONSENSUS]addRawPrepare,height=1,reqIdx=2,hash=42ecedd7...
info|2019-12-11 02:35:38.488699|[g:1][CONSENSUS][PBFT]checkTimeout Succ,view=5578,toView=5579,nodeIdx=1,changeCycle=0,myNode=ae5ce17c...,timecost=0.861
info|2019-12-11 02:35:38.491910|[g:1][CONSENSUS][PBFT]checkAndChangeView: Reach consensus,org_view=5578,org_changeCycle=0,cur_changeCycle=0,to_view=5579
info|2019-12-11 02:35:39.497373|[g:1][CONSENSUS]addRawPrepare,height=1,reqIdx=3,hash=b9b5fe38...
info|2019-12-11 02:35:39.498669|[g:1][CONSENSUS][PBFT]checkTimeout Succ,view=5579,toView=5580,nodeIdx=1,changeCycle=0,myNode=ae5ce17c...,timecost=1.049
info|2019-12-11 02:35:39.501580|[g:1][CONSENSUS][PBFT]checkAndChangeView: Reach consensus,org_view=5579,org_changeCycle=0,cur_changeCycle=0,to_view=5580
info|2019-12-11 02:35:40.506242|[g:1][CONSENSUS]addRawPrepare,height=1,reqIdx=0,hash=709f0ae8...
info|2019-12-11 02:35:40.507202|[g:1][CONSENSUS][PBFT]checkTimeout Succ,view=5580,toView=5581,nodeIdx=1,changeCycle=0,myNode=ae5ce17c...,timecost=0.735
info|2019-12-11 02:35:40.513000|[g:1][CONSENSUS][PBFT]checkAndChangeView: Reach consensus,org_view=5580,org_changeCycle=0,cur_changeCycle=0,to_view=5581
info|2019-12-11 02:35:41.513765|[g:1][CONSENSUS][SEALER]++++++++++++++++ Generating seal on,blkNum=1,tx=0,nodeIdx=1,hash=4f545a9c...
info|2019-12-11 02:35:41.515265|[g:1][CONSENSUS][PBFT]checkTimeout Succ,view=5581,toView=5582,nodeIdx=1,changeCycle=0,myNode=ae5ce17c...,timecost=0.757
info|2019-12-11 02:35:41.522471|[g:1][CONSENSUS][PBFT]checkAndChangeView: Reach consensus,org_view=5581,org_changeCycle=0,cur_changeCycle=0,to_view=5582
info|2019-12-11 02:35:42.523274|[g:1][CONSENSUS]addRawPrepare,height=1,reqIdx=2,hash=e130677b...
info|2019-12-11 02:35:42.524387|[g:1][CONSENSUS][PBFT]checkTimeout Succ,view=5582,toView=5583,nodeIdx=1,changeCycle=0,myNode=ae5ce17c...,timecost=0.91
info|2019-12-11 02:35:42.529277|[g:1][CONSENSUS][PBFT]checkAndChangeView: Reach consensus,org_view=5582,org_changeCycle=0,cur_changeCycle=0,to_view=5583
info|2019-12-11 02:35:43.531243|[g:1][CONSENSUS]addRawPrepare,height=1,reqIdx=3,hash=5e7be060...
info|2019-12-11 02:35:43.532346|[g:1][CONSENSUS][PBFT]checkTimeout Succ,view=5583,toView=5584,nodeIdx=1,changeCycle=0,myNode=ae5ce17c...,timecost=0.86
info|2019-12-11 02:35:43.537394|[g:1][CONSENSUS][PBFT]checkAndChangeView: Reach consensus,org_view=5583,org_changeCycle=0,cur_changeCycle=0,to_view=5584
info|2019-12-11 02:35:44.537931|[g:1][CONSENSUS]addRawPrepare,height=1,reqIdx=0,hash=2b4b3955...
info|2019-12-11 02:35:44.539003|[g:1][CONSENSUS][PBFT]checkTimeout Succ,view=5584,toView=5585,nodeIdx=1,changeCycle=0,myNode=ae5ce17c...,timecost=0.752
info|2019-12-11 02:35:44.542143|[g:1][CONSENSUS][PBFT]checkAndChangeView: Reach consensus,org_view=5584,org_changeCycle=0,cur_changeCycle=0,to_view=5585
