warning|2019-12-14 01:31:26.010746|[g:1][CONSENSUS][PBFT]ViewChangeWarning: not caused by omit empty block ,v=2760,toV=2761,curNum=475,hash=ad338c6e...,nodeIdx=1,myNode=ae5ce17c...
info|2019-12-14 01:31:26.010896|[g:1][CONSENSUS][PBFT]checkTimeout Succ,view=2760,toView=2761,nodeIdx=1,changeCycle=1,myNode=ae5ce17c...,timecost=0.51
info|2019-12-14 01:31:26.026439|[P2P][Service] heartBeat,connected count=3
info|2019-12-14 01:31:26.036870|[g:1][CONSENSUS][PBFT]checkAndChangeView: Reach consensus,org_view=2760,org_changeCycle=1,cur_changeCycle=1,to_view=2761
info|2019-12-14 01:31:27.038537|[g:1][CONSENSUS]addRawPrepare,height=476,reqIdx=0,hash=7459e8ea...
info|2019-12-14 01:31:27.039211|[g:1][CONSENSUS][PBFT]checkTimeout Succ,view=2761,toView=2762,nodeIdx=1,changeCycle=0,myNode=ae5ce17c...,timecost=0.503
info|2019-12-14 01:31:27.041627|[g:1][CONSENSUS][PBFT]checkAndChangeView: Reach consensus,org_view=2761,org_changeCycle=0,cur_changeCycle=0,to_view=2762
info|2019-12-14 01:31:28.042038|[g:1][CONSENSUS][SEALER]++++++++++++++++ Generating seal on,blkNum=476,tx=0,nodeIdx=1,hash=021a1d2c...
info|2019-12-14 01:31:28.043337|[g:1][CONSENSUS][PBFT]checkTimeout Succ,view=2762,toView=2763,nodeIdx=1,changeCycle=0,myNode=ae5ce17c...,timecost=0.659
info|2019-12-14 01:31:28.047722|[g:1][CONSENSUS][PBFT]checkAndChangeView: Reach consensus,org_view=2762,org_changeCycle=0,cur_changeCycle=0,to_view=2763
info|2019-12-14 01:31:29.052104|[g:1][CONSENSUS]addRawPrepare,height=476,reqIdx=2,hash=cc803d7e...
info|2019-12-14 01:31:29.054578|[g:1][CONSENSUS][PBFT]checkTimeout Succ,view=2763,toView=2764,nodeIdx=1,changeCycle=0,myNode=ae5ce17c...,timecost=2.239
info|2019-12-14 01:31:29.055854|[g:1][CONSENSUS][PBFT]checkAndChangeView: Reach consensus,org_view=2763,org_changeCycle=0,cur_changeCycle=0,to_view=2764
info|2019-12-14 01:31:30.057239|[g:1][CONSENSUS]addRawPrepare,height=476,reqIdx=3,hash=861864ed...
info|2019-12-14 01:31:30.058643|[g:1][CONSENSUS][PBFT]checkTimeout Succ,view=2764,toView=2765,nodeIdx=1,changeCycle=0,myNode=ae5ce17c...,timecost=0.844
info|2019-12-14 01:31:30.063042|[g:1][CONSENSUS][PBFT]checkAndChangeView: Reach consensus,org_view=2764,org_changeCycle=0,cur_changeCycle=0,to_view=2765
info|2019-12-14 01:31:31.065478|[g:1][CONSENSUS]addRawPrepare,height=476,reqIdx=0,hash=6aed6af7...
info|2019-12-14 01:31:31.066180|[g:1][CONSENSUS][PBFT]checkTimeout Succ,view=2765,toView=2766,nodeIdx=1,changeCycle=0,myNode=ae5ce17c...,timecost=0.53
info|2019-12-14 01:31:31.068225|[g:1][CONSENSUS][PBFT]checkAndChangeView: Reach consensus,org_view=2765,org_changeCycle=0,cur_changeCycle=0,to_view=2766
info|2019-12-14 01:31:32.069558|[g:1][CONSENSUS][SEALER]++++++++++++++++ Generating seal on,blkNum=476,tx=0,nodeIdx=1,hash=3f54caa5...
info|2019-12-14 01:31:32.073478|[g:1][CONSENSUS][PBFT]checkTimeout Succ,view=2766,toView=2767,nodeIdx=1,changeCycle=0,myNode=ae5ce17c...,timecost=0.466
info|2019-12-14 01:31:32.075496|[g:1][CONSENSUS][PBFT]checkAndChangeView: Reach consensus,org_view=2766,org_changeCycle=0,cur_changeCycle=0,to_view=2767
info|2019-12-14 01:31:33.076234|[g:1][CONSENSUS]addRawPrepare,height=476,reqIdx=2,hash=a7f353e0...
info|2019-12-14 01:31:33.077555|[g:1][CONSENSUS][PBFT]checkTimeout Succ,view=2767,toView=2768,nodeIdx=1,changeCycle=0,myNode=ae5ce17c...,timecost=1.176
info|2019-12-14 01:31:33.078937|[g:1][CONSENSUS][PBFT]checkAndChangeView: Reach consensus,org_view=2767,org_changeCycle=0,cur_changeCycle=0,to_view=2768
info|2019-12-14 01:31:34.079546|[g:1][CONSENSUS]addRawPrepare,height=476,reqIdx=3,hash=6841423b...
info|2019-12-14 01:31:34.080130|[g:1][CONSENSUS][PBFT]checkTimeout Succ,view=2768,toView=2769,nodeIdx=1,changeCycle=0,myNode=ae5ce17c...,timecost=0.438
info|2019-12-14 01:31:34.082613|[g:1][CONSENSUS][PBFT]checkAndChangeView: Reach consensus,org_view=2768,org_changeCycle=0,cur_changeCycle=0,to_view=2769
info|2019-12-14 01:31:35.084992|[g:1][CONSENSUS]addRawPrepare,height=476,reqIdx=0,hash=949c51e6...
info|2019-12-14 01:31:35.085953|[g:1][CONSENSUS][PBFT]checkTimeout Succ,view=2769,toView=2770,nodeIdx=1,changeCycle=0,myNode=ae5ce17c...,timecost=0.772
info|2019-12-14 01:31:35.088567|[g:1][CONSENSUS][PBFT]checkAndChangeView: Reach consensus,org_view=2769,org_changeCycle=0,cur_changeCycle=0,to_view=2770
info|2019-12-14 01:31:36.026649|[P2P][Service] heartBeat,connected count=3
info|2019-12-14 01:31:36.089215|[g:1][CONSENSUS][SEALER]++++++++++++++++ Generating seal on,blkNum=476,tx=0,nodeIdx=1,hash=29bff48d...
info|2019-12-14 01:31:36.090217|[g:1][CONSENSUS][PBFT]checkTimeout Succ,view=2770,toView=2771,nodeIdx=1,changeCycle=0,myNode=ae5ce17c...,timecost=0.557
info|2019-12-14 01:31:36.094086|[g:1][CONSENSUS][PBFT]checkAndChangeView: Reach consensus,org_view=2770,org_changeCycle=0,cur_changeCycle=0,to_view=2771
info|2019-12-14 01:31:37.096203|[g:1][CONSENSUS]addRawPrepare,height=476,reqIdx=2,hash=7ef7bf3a...
info|2019-12-14 01:31:37.098323|[g:1][CONSENSUS][PBFT]checkTimeout Succ,view=2771,toView=2772,nodeIdx=1,changeCycle=0,myNode=ae5ce17c...,timecost=1.86
info|2019-12-14 01:31:37.100323|[g:1][CONSENSUS][PBFT]checkAndChangeView: Reach consensus,org_view=2771,org_changeCycle=0,cur_changeCycle=0,to_view=2772
info|2019-12-14 01:31:38.102319|[g:1][CONSENSUS]addRawPrepare,height=476,reqIdx=3,hash=4bc33bec...
info|2019-12-14 01:31:38.104671|[g:1][CONSENSUS][PBFT]checkTimeout Succ,view=2772,toView=2773,nodeIdx=1,changeCycle=0,myNode=ae5ce17c...,timecost=2.078
info|2019-12-14 01:31:38.106084|[g:1][CONSENSUS][PBFT]checkAndChangeView: Reach consensus,org_view=2772,org_changeCycle=0,cur_changeCycle=0,to_view=2773
info|2019-12-14 01:31:39.107630|[g:1][CONSENSUS]addRawPrepare,height=476,reqIdx=0,hash=794def3f...
info|2019-12-14 01:31:39.109924|[g:1][CONSENSUS][PBFT]checkTimeout Succ,view=2773,toView=2774,nodeIdx=1,changeCycle=0,myNode=ae5ce17c...,timecost=1.947
info|2019-12-14 01:31:39.112721|[g:1][CONSENSUS][PBFT]checkAndChangeView: Reach consensus,org_view=2773,org_changeCycle=0,cur_changeCycle=0,to_view=2774
info|2019-12-14 01:31:40.113292|[g:1][CONSENSUS][SEALER]++++++++++++++++ Generating seal on,blkNum=476,tx=0,nodeIdx=1,hash=043a74dc...
info|2019-12-14 01:31:40.114037|[g:1][CONSENSUS][PBFT]checkTimeout Succ,view=2774,toView=2775,nodeIdx=1,changeCycle=0,myNode=ae5ce17c...,timecost=0.407
info|2019-12-14 01:31:40.117672|[g:1][CONSENSUS][PBFT]checkAndChangeView: Reach consensus,org_view=2774,org_changeCycle=0,cur_changeCycle=0,to_view=2775
info|2019-12-14 01:31:41.119232|[g:1][CONSENSUS]addRawPrepare,height=476,reqIdx=2,hash=981740b2...
info|2019-12-14 01:31:41.121497|[g:1][CONSENSUS][PBFT]checkTimeout Succ,view=2775,toView=2776,nodeIdx=1,changeCycle=0,myNode=ae5ce17c...,timecost=0.908
info|2019-12-14 01:31:41.124439|[g:1][CONSENSUS][PBFT]checkAndChangeView: Reach consensus,org_view=2775,org_changeCycle=0,cur_changeCycle=0,to_view=2776
info|2019-12-14 01:31:42.126812|[g:1][CONSENSUS]addRawPrepare,height=476,reqIdx=3,hash=078e2786...
info|2019-12-14 01:31:42.129614|[g:1][CONSENSUS][PBFT]checkTimeout Succ,view=2776,toView=2777,nodeIdx=1,changeCycle=0,myNode=ae5ce17c...,timecost=2.55
info|2019-12-14 01:31:42.132934|[g:1][CONSENSUS][PBFT]checkAndChangeView: Reach consensus,org_view=2776,org_changeCycle=0,cur_changeCycle=0,to_view=2777
info|2019-12-14 01:31:43.133383|[g:1][CONSENSUS]addRawPrepare,height=476,reqIdx=0,hash=9b15baef...
info|2019-12-14 01:31:43.134342|[g:1][CONSENSUS][PBFT]checkTimeout Succ,view=2777,toView=2778,nodeIdx=1,changeCycle=0,myNode=ae5ce17c...,timecost=0.732
info|2019-12-14 01:31:43.139172|[g:1][CONSENSUS][PBFT]checkAndChangeView: Reach consensus,org_view=2777,org_changeCycle=0,cur_changeCycle=0,to_view=2778
info|2019-12-14 01:31:44.140269|[g:1][CONSENSUS][SEALER]++++++++++++++++ Generating seal on,blkNum=476,tx=0,nodeIdx=1,hash=9c07f2ab...
info|2019-12-14 01:31:44.144459|[g:1][CONSENSUS][PBFT]checkTimeout Succ,view=2778,toView=2779,nodeIdx=1,changeCycle=0,myNode=ae5ce17c...,timecost=0.716
info|2019-12-14 01:31:44.146383|[g:1][CONSENSUS][PBFT]checkAndChangeView: Reach consensus,org_view=2778,org_changeCycle=0,cur_changeCycle=0,to_view=2779
info|2019-12-14 01:31:45.147991|[g:1][CONSENSUS]addRawPrepare,height=476,reqIdx=2,hash=41cf6f26...
info|2019-12-14 01:31:45.149872|[g:1][CONSENSUS][PBFT]checkTimeout Succ,view=2779,toView=2780,nodeIdx=1,changeCycle=0,myNode=ae5ce17c...,timecost=1.566
info|2019-12-14 01:31:45.152358|[g:1][CONSENSUS][PBFT]checkAndChangeView: Reach consensus,org_view=2779,org_changeCycle=0,cur_changeCycle=0,to_view=2780
info|2019-12-14 01:31:46.035069|[P2P][Service] heartBeat,connected count=3
info|2019-12-14 01:31:46.158468|[g:1][CONSENSUS]addRawPrepare,height=476,reqIdx=3,hash=80100776...
info|2019-12-14 01:31:46.160451|[g:1][CONSENSUS][PBFT]checkTimeout Succ,view=2780,toView=2781,nodeIdx=1,changeCycle=0,myNode=ae5ce17c...,timecost=1.692
info|2019-12-14 01:31:46.163658|[g:1][CONSENSUS][PBFT]checkAndChangeView: Reach consensus,org_view=2780,org_changeCycle=0,cur_changeCycle=0,to_view=2781
info|2019-12-14 01:31:47.169982|[g:1][CONSENSUS]addRawPrepare,height=476,reqIdx=0,hash=9d1fd450...
info|2019-12-14 01:31:47.171852|[g:1][CONSENSUS][PBFT]checkTimeout Succ,view=2781,toView=2782,nodeIdx=1,changeCycle=0,myNode=ae5ce17c...,timecost=1.524
info|2019-12-14 01:31:47.174339|[g:1][CONSENSUS][PBFT]checkAndChangeView: Reach consensus,org_view=2781,org_changeCycle=0,cur_changeCycle=0,to_view=2782
info|2019-12-14 01:31:48.175217|[g:1][CONSENSUS][SEALER]++++++++++++++++ Generating seal on,blkNum=476,tx=0,nodeIdx=1,hash=215f7e8c...
info|2019-12-14 01:31:48.176357|[g:1][CONSENSUS][PBFT]checkTimeout Succ,view=2782,toView=2783,nodeIdx=1,changeCycle=0,myNode=ae5ce17c...,timecost=0.653
info|2019-12-14 01:31:48.181248|[g:1][CONSENSUS][PBFT]checkAndChangeView: Reach consensus,org_view=2782,org_changeCycle=0,cur_changeCycle=0,to_view=2783
info|2019-12-14 01:31:49.183590|[g:1][CONSENSUS]addRawPrepare,height=476,reqIdx=2,hash=b22aa026...
info|2019-12-14 01:31:49.184828|[g:1][CONSENSUS][PBFT]checkTimeout Succ,view=2783,toView=2784,nodeIdx=1,changeCycle=0,myNode=ae5ce17c...,timecost=0.995
info|2019-12-14 01:31:49.188585|[g:1][CONSENSUS][PBFT]checkAndChangeView: Reach consensus,org_view=2783,org_changeCycle=0,cur_changeCycle=0,to_view=2784
info|2019-12-14 01:31:50.190334|[g:1][CONSENSUS]addRawPrepare,height=476,reqIdx=3,hash=aac2ed95...
info|2019-12-14 01:31:50.191375|[g:1][CONSENSUS][PBFT]checkTimeout Succ,view=2784,toView=2785,nodeIdx=1,changeCycle=0,myNode=ae5ce17c...,timecost=0.704
info|2019-12-14 01:31:50.194240|[g:1][CONSENSUS][PBFT]checkAndChangeView: Reach consensus,org_view=2784,org_changeCycle=0,cur_changeCycle=0,to_view=2785
info|2019-12-14 01:31:51.196717|[g:1][CONSENSUS]addRawPrepare,height=476,reqIdx=0,hash=fc040278...
info|2019-12-14 01:31:51.202719|[g:1][CONSENSUS][PBFT]checkTimeout Succ,view=2785,toView=2786,nodeIdx=1,changeCycle=0,myNode=ae5ce17c...,timecost=5.242
info|2019-12-14 01:31:51.204765|[g:1][CONSENSUS][PBFT]checkAndChangeView: Reach consensus,org_view=2785,org_changeCycle=0,cur_changeCycle=0,to_view=2786
info|2019-12-14 01:31:52.204555|[g:1][CONSENSUS][SEALER]++++++++++++++++ Generating seal on,blkNum=476,tx=0,nodeIdx=1,hash=9ef2bc7a...
info|2019-12-14 01:31:52.210337|[g:1][CONSENSUS][PBFT]checkTimeout Succ,view=2786,toView=2787,nodeIdx=1,changeCycle=0,myNode=ae5ce17c...,timecost=0.746
info|2019-12-14 01:31:52.211658|[g:1][CONSENSUS][PBFT]checkAndChangeView: Reach consensus,org_view=2786,org_changeCycle=0,cur_changeCycle=0,to_view=2787
info|2019-12-14 01:31:53.217296|[g:1][CONSENSUS]addRawPrepare,height=476,reqIdx=2,hash=0db59760...
info|2019-12-14 01:31:53.220094|[g:1][CONSENSUS][PBFT]checkTimeout Succ,view=2787,toView=2788,nodeIdx=1,changeCycle=0,myNode=ae5ce17c...,timecost=2.383
info|2019-12-14 01:31:53.222886|[g:1][CONSENSUS][PBFT]checkAndChangeView: Reach consensus,org_view=2787,org_changeCycle=0,cur_changeCycle=0,to_view=2788
info|2019-12-14 01:31:54.225401|[g:1][CONSENSUS]addRawPrepare,height=476,reqIdx=3,hash=0f08f961...
info|2019-12-14 01:31:54.226225|[g:1][CONSENSUS][PBFT]checkTimeout Succ,view=2788,toView=2789,nodeIdx=1,changeCycle=0,myNode=ae5ce17c...,timecost=0.619
info|2019-12-14 01:31:54.228019|[g:1][CONSENSUS][PBFT]checkAndChangeView: Reach consensus,org_view=2788,org_changeCycle=0,cur_changeCycle=0,to_view=2789
info|2019-12-14 01:31:55.231775|[g:1][CONSENSUS]addRawPrepare,height=476,reqIdx=0,hash=dc062871...
info|2019-12-14 01:31:55.232875|[g:1][CONSENSUS][PBFT]checkTimeout Succ,view=2789,toView=2790,nodeIdx=1,changeCycle=0,myNode=ae5ce17c...,timecost=0.793
info|2019-12-14 01:31:55.235900|[g:1][CONSENSUS][PBFT]checkAndChangeView: Reach consensus,org_view=2789,org_changeCycle=0,cur_changeCycle=0,to_view=2790
info|2019-12-14 01:31:56.043350|[P2P][Service] heartBeat,connected count=3
info|2019-12-14 01:31:56.236585|[g:1][CONSENSUS][SEALER]++++++++++++++++ Generating seal on,blkNum=476,tx=0,nodeIdx=1,hash=005e948e...
info|2019-12-14 01:31:56.241573|[g:1][CONSENSUS][PBFT]checkTimeout Succ,view=2790,toView=2791,nodeIdx=1,changeCycle=0,myNode=ae5ce17c...,timecost=0.758
info|2019-12-14 01:31:56.244230|[g:1][CONSENSUS][PBFT]checkAndChangeView: Reach consensus,org_view=2790,org_changeCycle=0,cur_changeCycle=0,to_view=2791
info|2019-12-14 01:31:57.248764|[g:1][CONSENSUS]addRawPrepare,height=476,reqIdx=2,hash=d1d35c18...
info|2019-12-14 01:31:57.250573|[g:1][CONSENSUS][PBFT]checkTimeout Succ,view=2791,toView=2792,nodeIdx=1,changeCycle=0,myNode=ae5ce17c...,timecost=1.373
info|2019-12-14 01:31:57.254511|[g:1][CONSENSUS][PBFT]checkAndChangeView: Reach consensus,org_view=2791,org_changeCycle=0,cur_changeCycle=0,to_view=2792
info|2019-12-14 01:31:58.257838|[g:1][CONSENSUS]addRawPrepare,height=476,reqIdx=3,hash=4e47df04...
info|2019-12-14 01:31:58.259976|[g:1][CONSENSUS][PBFT]checkTimeout Succ,view=2792,toView=2793,nodeIdx=1,changeCycle=0,myNode=ae5ce17c...,timecost=1.882
info|2019-12-14 01:31:58.263574|[g:1][CONSENSUS][PBFT]checkAndChangeView: Reach consensus,org_view=2792,org_changeCycle=0,cur_changeCycle=0,to_view=2793
info|2019-12-14 01:31:59.267733|[g:1][CONSENSUS]addRawPrepare,height=476,reqIdx=0,hash=01be55b3...
info|2019-12-14 01:31:59.269934|[g:1][CONSENSUS][PBFT]checkTimeout Succ,view=2793,toView=2794,nodeIdx=1,changeCycle=0,myNode=ae5ce17c...,timecost=1.873
info|2019-12-14 01:31:59.272508|[g:1][CONSENSUS][PBFT]checkAndChangeView: Reach consensus,org_view=2793,org_changeCycle=0,cur_changeCycle=0,to_view=2794
info|2019-12-14 01:32:00.272722|[g:1][CONSENSUS][SEALER]++++++++++++++++ Generating seal on,blkNum=476,tx=0,nodeIdx=1,hash=423a5d68...
info|2019-12-14 01:32:00.274253|[g:1][CONSENSUS][PBFT]checkTimeout Succ,view=2794,toView=2795,nodeIdx=1,changeCycle=0,myNode=ae5ce17c...,timecost=0.961
info|2019-12-14 01:32:00.280296|[g:1][CONSENSUS][PBFT]checkAndChangeView: Reach consensus,org_view=2794,org_changeCycle=0,cur_changeCycle=0,to_view=2795
info|2019-12-14 01:32:01.284277|[g:1][CONSENSUS]addRawPrepare,height=476,reqIdx=2,hash=2237cf5d...
info|2019-12-14 01:32:01.286052|[g:1][CONSENSUS][PBFT]checkTimeout Succ,view=2795,toView=2796,nodeIdx=1,changeCycle=0,myNode=ae5ce17c...,timecost=1.512
info|2019-12-14 01:32:01.290651|[g:1][CONSENSUS][PBFT]checkAndChangeView: Reach consensus,org_view=2795,org_changeCycle=0,cur_changeCycle=0,to_view=2796
info|2019-12-14 01:32:02.294087|[g:1][CONSENSUS]addRawPrepare,height=476,reqIdx=3,hash=c9b3da69...
info|2019-12-14 01:32:02.294664|[g:1][CONSENSUS][PBFT]checkTimeout Succ,view=2796,toView=2797,nodeIdx=1,changeCycle=0,myNode=ae5ce17c...,timecost=0.426
info|2019-12-14 01:32:02.296981|[g:1][CONSENSUS][PBFT]checkAndChangeView: Reach consensus,org_view=2796,org_changeCycle=0,cur_changeCycle=0,to_view=2797
info|2019-12-14 01:32:03.298882|[g:1][CONSENSUS]addRawPrepare,height=476,reqIdx=0,hash=888878dd...
info|2019-12-14 01:32:03.299620|[g:1][CONSENSUS][PBFT]checkTimeout Succ,view=2797,toView=2798,nodeIdx=1,changeCycle=0,myNode=ae5ce17c...,timecost=0.569
info|2019-12-14 01:32:03.301444|[g:1][CONSENSUS][PBFT]checkAndChangeView: Reach consensus,org_view=2797,org_changeCycle=0,cur_changeCycle=0,to_view=2798
info|2019-12-14 01:32:04.301912|[g:1][CONSENSUS][SEALER]++++++++++++++++ Generating seal on,blkNum=476,tx=0,nodeIdx=1,hash=be492e23...
info|2019-12-14 01:32:04.303021|[g:1][CONSENSUS][PBFT]checkTimeout Succ,view=2798,toView=2799,nodeIdx=1,changeCycle=0,myNode=ae5ce17c...,timecost=0.633
info|2019-12-14 01:32:04.307546|[g:1][CONSENSUS][PBFT]checkAndChangeView: Reach consensus,org_view=2798,org_changeCycle=0,cur_changeCycle=0,to_view=2799
info|2019-12-14 01:32:05.308585|[g:1][CONSENSUS]addRawPrepare,height=476,reqIdx=2,hash=b440c3e6...
info|2019-12-14 01:32:05.312330|[g:1][CONSENSUS][PBFT]checkTimeout Succ,view=2799,toView=2800,nodeIdx=1,changeCycle=0,myNode=ae5ce17c...,timecost=3.479
info|2019-12-14 01:32:05.315721|[g:1][CONSENSUS][PBFT]checkAndChangeView: Reach consensus,org_view=2799,org_changeCycle=0,cur_changeCycle=0,to_view=2800
info|2019-12-14 01:32:06.048753|[P2P][Service] heartBeat,connected count=3
info|2019-12-14 01:32:06.314783|[g:1][CONSENSUS]addRawPrepare,height=476,reqIdx=3,hash=341f59ee...
info|2019-12-14 01:32:06.315720|[g:1][CONSENSUS][PBFT]checkTimeout Succ,view=2800,toView=2801,nodeIdx=1,changeCycle=0,myNode=ae5ce17c...,timecost=0.759
info|2019-12-14 01:32:06.319142|[g:1][CONSENSUS][PBFT]checkAndChangeView: Reach consensus,org_view=2800,org_changeCycle=0,cur_changeCycle=0,to_view=2801
info|2019-12-14 01:32:07.321960|[g:1][CONSENSUS]addRawPrepare,height=476,reqIdx=0,hash=56d3b874...
info|2019-12-14 01:32:07.322861|[g:1][CONSENSUS][PBFT]checkTimeout Succ,view=2801,toView=2802,nodeIdx=1,changeCycle=0,myNode=ae5ce17c...,timecost=0.712
info|2019-12-14 01:32:07.325538|[g:1][CONSENSUS][PBFT]checkAndChangeView: Reach consensus,org_view=2801,org_changeCycle=0,cur_changeCycle=0,to_view=2802
info|2019-12-14 01:32:08.326071|[g:1][CONSENSUS][SEALER]++++++++++++++++ Generating seal on,blkNum=476,tx=0,nodeIdx=1,hash=8ab9d8a0...
info|2019-12-14 01:32:08.331026|[g:1][CONSENSUS][PBFT]checkTimeout Succ,view=2802,toView=2803,nodeIdx=1,changeCycle=0,myNode=ae5ce17c...,timecost=1.359
info|2019-12-14 01:32:08.331519|[g:1][CONSENSUS][PBFT]checkAndChangeView: Reach consensus,org_view=2802,org_changeCycle=0,cur_changeCycle=0,to_view=2803
info|2019-12-14 01:32:09.333039|[g:1][CONSENSUS]addRawPrepare,height=476,reqIdx=2,hash=7466f087...
info|2019-12-14 01:32:09.334992|[g:1][CONSENSUS][PBFT]checkTimeout Succ,view=2803,toView=2804,nodeIdx=1,changeCycle=0,myNode=ae5ce17c...,timecost=1.647
info|2019-12-14 01:32:09.338141|[g:1][CONSENSUS][PBFT]checkAndChangeView: Reach consensus,org_view=2803,org_changeCycle=0,cur_changeCycle=0,to_view=2804
info|2019-12-14 01:32:10.341974|[g:1][CONSENSUS]addRawPrepare,height=476,reqIdx=3,hash=a4da20c2...
info|2019-12-14 01:32:10.343172|[g:1][CONSENSUS][PBFT]checkTimeout Succ,view=2804,toView=2805,nodeIdx=1,changeCycle=0,myNode=ae5ce17c...,timecost=0.966
info|2019-12-14 01:32:10.345304|[g:1][CONSENSUS][PBFT]checkAndChangeView: Reach consensus,org_view=2804,org_changeCycle=0,cur_changeCycle=0,to_view=2805
info|2019-12-14 01:32:11.349497|[g:1][CONSENSUS]addRawPrepare,height=476,reqIdx=0,hash=f86abdb6...
info|2019-12-14 01:32:11.351036|[g:1][CONSENSUS][PBFT]checkTimeout Succ,view=2805,toView=2806,nodeIdx=1,changeCycle=0,myNode=ae5ce17c...,timecost=1.224
info|2019-12-14 01:32:11.354165|[g:1][CONSENSUS][PBFT]checkAndChangeView: Reach consensus,org_view=2805,org_changeCycle=0,cur_changeCycle=0,to_view=2806
info|2019-12-14 01:32:12.355739|[g:1][CONSENSUS][SEALER]++++++++++++++++ Generating seal on,blkNum=476,tx=0,nodeIdx=1,hash=110f392b...
info|2019-12-14 01:32:12.361100|[g:1][CONSENSUS][PBFT]checkTimeout Succ,view=2806,toView=2807,nodeIdx=1,changeCycle=0,myNode=ae5ce17c...,timecost=0.816
info|2019-12-14 01:32:12.364091|[g:1][CONSENSUS][PBFT]checkAndChangeView: Reach consensus,org_view=2806,org_changeCycle=0,cur_changeCycle=0,to_view=2807
info|2019-12-14 01:32:13.364054|[g:1][CONSENSUS]addRawPrepare,height=476,reqIdx=2,hash=391e0560...
info|2019-12-14 01:32:13.365467|[g:1][CONSENSUS][PBFT]checkTimeout Succ,view=2807,toView=2808,nodeIdx=1,changeCycle=0,myNode=ae5ce17c...,timecost=1.196
info|2019-12-14 01:32:13.370560|[g:1][CONSENSUS][PBFT]checkAndChangeView: Reach consensus,org_view=2807,org_changeCycle=0,cur_changeCycle=0,to_view=2808
info|2019-12-14 01:32:14.374810|[g:1][CONSENSUS]addRawPrepare,height=476,reqIdx=3,hash=5a636ae8...
info|2019-12-14 01:32:14.377268|[g:1][CONSENSUS][PBFT]checkTimeout Succ,view=2808,toView=2809,nodeIdx=1,changeCycle=0,myNode=ae5ce17c...,timecost=2.141
info|2019-12-14 01:32:14.380678|[g:1][CONSENSUS][PBFT]checkAndChangeView: Reach consensus,org_view=2808,org_changeCycle=0,cur_changeCycle=0,to_view=2809
info|2019-12-14 01:32:15.385351|[g:1][CONSENSUS]addRawPrepare,height=476,reqIdx=0,hash=bc37cddd...
info|2019-12-14 01:32:15.387050|[g:1][CONSENSUS][PBFT]checkTimeout Succ,view=2809,toView=2810,nodeIdx=1,changeCycle=0,myNode=ae5ce17c...,timecost=0.794
info|2019-12-14 01:32:15.390074|[g:1][CONSENSUS][PBFT]checkAndChangeView: Reach consensus,org_view=2809,org_changeCycle=0,cur_changeCycle=0,to_view=2810
info|2019-12-14 01:32:16.051958|[P2P][Service] heartBeat,connected count=3
info|2019-12-14 01:32:16.391536|[g:1][CONSENSUS][SEALER]++++++++++++++++ Generating seal on,blkNum=476,tx=0,nodeIdx=1,hash=1aaeb4ff...
info|2019-12-14 01:32:16.398328|[g:1][CONSENSUS][PBFT]checkTimeout Succ,view=2810,toView=2811,nodeIdx=1,changeCycle=0,myNode=ae5ce17c...,timecost=2.679
info|2019-12-14 01:32:16.400771|[g:1][CONSENSUS][PBFT]checkAndChangeView: Reach consensus,org_view=2810,org_changeCycle=0,cur_changeCycle=0,to_view=2811
