warning|2019-12-12 08:49:12.005806|[g:1][CONSENSUS][PBFT]ViewChangeWarning: not caused by omit empty block ,v=2268,toV=2269,curNum=11,hash=9b39b6b9...,nodeIdx=1,myNode=ae5ce17c...
info|2019-12-12 08:49:12.006162|[g:1][CONSENSUS][PBFT]checkTimeout Succ,view=2268,toView=2269,nodeIdx=1,changeCycle=1,myNode=ae5ce17c...,timecost=0.908
info|2019-12-12 08:49:12.013643|[P2P][Service] heartBeat,connected count=3
info|2019-12-12 08:49:12.023423|[g:1][CONSENSUS][PBFT]checkAndChangeView: Reach consensus,org_view=2268,org_changeCycle=1,cur_changeCycle=1,to_view=2269
info|2019-12-12 08:49:13.025625|[g:1][CONSENSUS]addRawPrepare,height=12,reqIdx=0,hash=c7addedb...
info|2019-12-12 08:49:13.027391|[g:1][CONSENSUS][PBFT]checkTimeout Succ,view=2269,toView=2270,nodeIdx=1,changeCycle=0,myNode=ae5ce17c...,timecost=1.488
info|2019-12-12 08:49:13.028699|[g:1][CONSENSUS][PBFT]checkAndChangeView: Reach consensus,org_view=2269,org_changeCycle=0,cur_changeCycle=0,to_view=2270
info|2019-12-12 08:49:14.227537|[g:1][CONSENSUS][SEALER]++++++++++++++++ Generating seal on,blkNum=12,tx=0,nodeIdx=1,hash=addbfb01...
info|2019-12-12 08:49:14.236207|[g:1][CONSENSUS][PBFT]checkTimeout Succ,view=2270,toView=2271,nodeIdx=1,changeCycle=0,myNode=ae5ce17c...,timecost=0.658
info|2019-12-12 08:49:14.237464|[g:1][CONSENSUS][PBFT]checkAndChangeView: Reach consensus,org_view=2270,org_changeCycle=0,cur_changeCycle=0,to_view=2271
info|2019-12-12 08:49:15.240189|[g:1][CONSENSUS]addRawPrepare,height=12,reqIdx=2,hash=0d1acfc8...
info|2019-12-12 08:49:15.241798|[g:1][CONSENSUS][PBFT]checkTimeout Succ,view=2271,toView=2272,nodeIdx=1,changeCycle=0,myNode=ae5ce17c...,timecost=1.365
info|2019-12-12 08:49:15.243657|[g:1][CONSENSUS][PBFT]checkAndChangeView: Reach consensus,org_view=2271,org_changeCycle=0,cur_changeCycle=0,to_view=2272
info|2019-12-12 08:49:16.246239|[g:1][CONSENSUS]addRawPrepare,height=12,reqIdx=3,hash=8cb27222...
info|2019-12-12 08:49:16.247612|[g:1][CONSENSUS][PBFT]checkTimeout Succ,view=2272,toView=2273,nodeIdx=1,changeCycle=0,myNode=ae5ce17c...,timecost=0.938
info|2019-12-12 08:49:16.251793|[g:1][CONSENSUS][PBFT]checkAndChangeView: Reach consensus,org_view=2272,org_changeCycle=0,cur_changeCycle=0,to_view=2273
info|2019-12-12 08:49:17.254610|[g:1][CONSENSUS]addRawPrepare,height=12,reqIdx=0,hash=51552c60...
info|2019-12-12 08:49:17.259694|[g:1][CONSENSUS][PBFT]checkTimeout Succ,view=2273,toView=2274,nodeIdx=1,changeCycle=0,myNode=ae5ce17c...,timecost=4.829
info|2019-12-12 08:49:17.261406|[g:1][CONSENSUS][PBFT]checkAndChangeView: Reach consensus,org_view=2273,org_changeCycle=0,cur_changeCycle=0,to_view=2274
info|2019-12-12 08:49:18.261228|[g:1][CONSENSUS][SEALER]++++++++++++++++ Generating seal on,blkNum=12,tx=0,nodeIdx=1,hash=73a53167...
info|2019-12-12 08:49:18.267421|[g:1][CONSENSUS][PBFT]checkTimeout Succ,view=2274,toView=2275,nodeIdx=1,changeCycle=0,myNode=ae5ce17c...,timecost=0.994
info|2019-12-12 08:49:18.268702|[g:1][CONSENSUS][PBFT]checkAndChangeView: Reach consensus,org_view=2274,org_changeCycle=0,cur_changeCycle=0,to_view=2275
info|2019-12-12 08:49:19.271243|[g:1][CONSENSUS]addRawPrepare,height=12,reqIdx=2,hash=64e66d79...
info|2019-12-12 08:49:19.272467|[g:1][CONSENSUS][PBFT]checkTimeout Succ,view=2275,toView=2276,nodeIdx=1,changeCycle=0,myNode=ae5ce17c...,timecost=0.967
info|2019-12-12 08:49:19.277197|[g:1][CONSENSUS][PBFT]checkAndChangeView: Reach consensus,org_view=2275,org_changeCycle=0,cur_changeCycle=0,to_view=2276
info|2019-12-12 08:49:20.279494|[g:1][CONSENSUS]addRawPrepare,height=12,reqIdx=3,hash=b4561029...
info|2019-12-12 08:49:20.280751|[g:1][CONSENSUS][PBFT]checkTimeout Succ,view=2276,toView=2277,nodeIdx=1,changeCycle=0,myNode=ae5ce17c...,timecost=0.917
info|2019-12-12 08:49:20.284942|[g:1][CONSENSUS][PBFT]checkAndChangeView: Reach consensus,org_view=2276,org_changeCycle=0,cur_changeCycle=0,to_view=2277
info|2019-12-12 08:49:21.287703|[g:1][CONSENSUS]addRawPrepare,height=12,reqIdx=0,hash=b54c9428...
info|2019-12-12 08:49:21.291496|[g:1][CONSENSUS][PBFT]checkTimeout Succ,view=2277,toView=2278,nodeIdx=1,changeCycle=0,myNode=ae5ce17c...,timecost=3.256
info|2019-12-12 08:49:21.294588|[g:1][CONSENSUS][PBFT]checkAndChangeView: Reach consensus,org_view=2277,org_changeCycle=0,cur_changeCycle=0,to_view=2278
info|2019-12-12 08:49:22.013960|[P2P][Service] heartBeat,connected count=3
info|2019-12-12 08:49:22.294742|[g:1][CONSENSUS][SEALER]++++++++++++++++ Generating seal on,blkNum=12,tx=0,nodeIdx=1,hash=5942f875...
info|2019-12-12 08:49:22.299752|[g:1][CONSENSUS][PBFT]checkTimeout Succ,view=2278,toView=2279,nodeIdx=1,changeCycle=0,myNode=ae5ce17c...,timecost=0.755
info|2019-12-12 08:49:22.302367|[g:1][CONSENSUS][PBFT]checkAndChangeView: Reach consensus,org_view=2278,org_changeCycle=0,cur_changeCycle=0,to_view=2279
info|2019-12-12 08:49:23.305996|[g:1][CONSENSUS]addRawPrepare,height=12,reqIdx=2,hash=78bfa4c1...
info|2019-12-12 08:49:23.307897|[g:1][CONSENSUS][PBFT]checkTimeout Succ,view=2279,toView=2280,nodeIdx=1,changeCycle=0,myNode=ae5ce17c...,timecost=1.67
info|2019-12-12 08:49:23.310355|[g:1][CONSENSUS][PBFT]checkAndChangeView: Reach consensus,org_view=2279,org_changeCycle=0,cur_changeCycle=0,to_view=2280
info|2019-12-12 08:49:24.315377|[g:1][CONSENSUS]addRawPrepare,height=12,reqIdx=3,hash=ffebd4ed...
info|2019-12-12 08:49:24.316506|[g:1][CONSENSUS][PBFT]checkTimeout Succ,view=2280,toView=2281,nodeIdx=1,changeCycle=0,myNode=ae5ce17c...,timecost=0.876
info|2019-12-12 08:49:24.320038|[g:1][CONSENSUS][PBFT]checkAndChangeView: Reach consensus,org_view=2280,org_changeCycle=0,cur_changeCycle=0,to_view=2281
info|2019-12-12 08:49:25.321213|[g:1][CONSENSUS]addRawPrepare,height=12,reqIdx=0,hash=cfc1997b...
info|2019-12-12 08:49:25.322337|[g:1][CONSENSUS][PBFT]checkTimeout Succ,view=2281,toView=2282,nodeIdx=1,changeCycle=0,myNode=ae5ce17c...,timecost=0.871
info|2019-12-12 08:49:25.325747|[g:1][CONSENSUS][PBFT]checkAndChangeView: Reach consensus,org_view=2281,org_changeCycle=0,cur_changeCycle=0,to_view=2282
info|2019-12-12 08:49:26.325286|[g:1][CONSENSUS][SEALER]++++++++++++++++ Generating seal on,blkNum=12,tx=0,nodeIdx=1,hash=9e22a3e8...
info|2019-12-12 08:49:26.330201|[g:1][CONSENSUS][PBFT]checkTimeout Succ,view=2282,toView=2283,nodeIdx=1,changeCycle=0,myNode=ae5ce17c...,timecost=0.843
info|2019-12-12 08:49:26.332956|[g:1][CONSENSUS][PBFT]checkAndChangeView: Reach consensus,org_view=2282,org_changeCycle=0,cur_changeCycle=0,to_view=2283
info|2019-12-12 08:49:27.335633|[g:1][CONSENSUS]addRawPrepare,height=12,reqIdx=2,hash=b97bc407...
info|2019-12-12 08:49:27.336754|[g:1][CONSENSUS][PBFT]checkTimeout Succ,view=2283,toView=2284,nodeIdx=1,changeCycle=0,myNode=ae5ce17c...,timecost=0.868
info|2019-12-12 08:49:27.340116|[g:1][CONSENSUS][PBFT]checkAndChangeView: Reach consensus,org_view=2283,org_changeCycle=0,cur_changeCycle=0,to_view=2284
info|2019-12-12 08:49:28.341878|[g:1][CONSENSUS]addRawPrepare,height=12,reqIdx=3,hash=d0d24927...
info|2019-12-12 08:49:28.342826|[g:1][CONSENSUS][PBFT]checkTimeout Succ,view=2284,toView=2285,nodeIdx=1,changeCycle=0,myNode=ae5ce17c...,timecost=0.73
info|2019-12-12 08:49:28.348050|[g:1][CONSENSUS][PBFT]checkAndChangeView: Reach consensus,org_view=2284,org_changeCycle=0,cur_changeCycle=0,to_view=2285
info|2019-12-12 08:49:29.351858|[g:1][CONSENSUS]addRawPrepare,height=12,reqIdx=0,hash=60a8ccbe...
info|2019-12-12 08:49:29.353489|[g:1][CONSENSUS][PBFT]checkTimeout Succ,view=2285,toView=2286,nodeIdx=1,changeCycle=0,myNode=ae5ce17c...,timecost=1.371
info|2019-12-12 08:49:29.356082|[g:1][CONSENSUS][PBFT]checkAndChangeView: Reach consensus,org_view=2285,org_changeCycle=0,cur_changeCycle=0,to_view=2286
info|2019-12-12 08:49:30.357670|[g:1][CONSENSUS][SEALER]++++++++++++++++ Generating seal on,blkNum=12,tx=0,nodeIdx=1,hash=58641aa4...
info|2019-12-12 08:49:30.362973|[g:1][CONSENSUS][PBFT]checkTimeout Succ,view=2286,toView=2287,nodeIdx=1,changeCycle=0,myNode=ae5ce17c...,timecost=0.786
info|2019-12-12 08:49:30.365516|[g:1][CONSENSUS][PBFT]checkAndChangeView: Reach consensus,org_view=2286,org_changeCycle=0,cur_changeCycle=0,to_view=2287
info|2019-12-12 08:49:31.366753|[g:1][CONSENSUS]addRawPrepare,height=12,reqIdx=2,hash=a7955834...
info|2019-12-12 08:49:31.367861|[g:1][CONSENSUS][PBFT]checkTimeout Succ,view=2287,toView=2288,nodeIdx=1,changeCycle=0,myNode=ae5ce17c...,timecost=0.861
info|2019-12-12 08:49:31.371287|[g:1][CONSENSUS][PBFT]checkAndChangeView: Reach consensus,org_view=2287,org_changeCycle=0,cur_changeCycle=0,to_view=2288
info|2019-12-12 08:49:32.020844|[P2P][Service] heartBeat,connected count=3
info|2019-12-12 08:49:32.374767|[g:1][CONSENSUS]addRawPrepare,height=12,reqIdx=3,hash=f1fa0e77...
info|2019-12-12 08:49:32.375799|[g:1][CONSENSUS][PBFT]checkTimeout Succ,view=2288,toView=2289,nodeIdx=1,changeCycle=0,myNode=ae5ce17c...,timecost=0.78
info|2019-12-12 08:49:32.381242|[g:1][CONSENSUS][PBFT]checkAndChangeView: Reach consensus,org_view=2288,org_changeCycle=0,cur_changeCycle=0,to_view=2289
info|2019-12-12 08:49:33.382906|[g:1][CONSENSUS]addRawPrepare,height=12,reqIdx=0,hash=c9488624...
info|2019-12-12 08:49:33.384676|[g:1][CONSENSUS][PBFT]checkTimeout Succ,view=2289,toView=2290,nodeIdx=1,changeCycle=0,myNode=ae5ce17c...,timecost=0.801
info|2019-12-12 08:49:33.389026|[g:1][CONSENSUS][PBFT]checkAndChangeView: Reach consensus,org_view=2289,org_changeCycle=0,cur_changeCycle=0,to_view=2290
info|2019-12-12 08:49:34.390358|[g:1][CONSENSUS][SEALER]++++++++++++++++ Generating seal on,blkNum=12,tx=0,nodeIdx=1,hash=7b8bc96e...
info|2019-12-12 08:49:34.395668|[g:1][CONSENSUS][PBFT]checkTimeout Succ,view=2290,toView=2291,nodeIdx=1,changeCycle=0,myNode=ae5ce17c...,timecost=0.778
info|2019-12-12 08:49:34.398785|[g:1][CONSENSUS][PBFT]checkAndChangeView: Reach consensus,org_view=2290,org_changeCycle=0,cur_changeCycle=0,to_view=2291
info|2019-12-12 08:49:35.400392|[g:1][CONSENSUS]addRawPrepare,height=12,reqIdx=2,hash=394f1b8b...
info|2019-12-12 08:49:35.401455|[g:1][CONSENSUS][PBFT]checkTimeout Succ,view=2291,toView=2292,nodeIdx=1,changeCycle=0,myNode=ae5ce17c...,timecost=0.827
info|2019-12-12 08:49:35.405663|[g:1][CONSENSUS][PBFT]checkAndChangeView: Reach consensus,org_view=2291,org_changeCycle=0,cur_changeCycle=0,to_view=2292
info|2019-12-12 08:49:36.407257|[g:1][CONSENSUS]addRawPrepare,height=12,reqIdx=3,hash=fd8186f2...
info|2019-12-12 08:49:36.408299|[g:1][CONSENSUS][PBFT]checkTimeout Succ,view=2292,toView=2293,nodeIdx=1,changeCycle=0,myNode=ae5ce17c...,timecost=0.812
info|2019-12-12 08:49:36.411763|[g:1][CONSENSUS][PBFT]checkAndChangeView: Reach consensus,org_view=2292,org_changeCycle=0,cur_changeCycle=0,to_view=2293
info|2019-12-12 08:49:37.414055|[g:1][CONSENSUS]addRawPrepare,height=12,reqIdx=0,hash=15f36258...
info|2019-12-12 08:49:37.415285|[g:1][CONSENSUS][PBFT]checkTimeout Succ,view=2293,toView=2294,nodeIdx=1,changeCycle=0,myNode=ae5ce17c...,timecost=1.058
info|2019-12-12 08:49:37.418968|[g:1][CONSENSUS][PBFT]checkAndChangeView: Reach consensus,org_view=2293,org_changeCycle=0,cur_changeCycle=0,to_view=2294
info|2019-12-12 08:49:38.420805|[g:1][CONSENSUS][SEALER]++++++++++++++++ Generating seal on,blkNum=12,tx=0,nodeIdx=1,hash=f96c2ae1...
info|2019-12-12 08:49:38.422135|[g:1][CONSENSUS][PBFT]checkTimeout Succ,view=2294,toView=2295,nodeIdx=1,changeCycle=0,myNode=ae5ce17c...,timecost=0.81
info|2019-12-12 08:49:38.428522|[g:1][CONSENSUS][PBFT]checkAndChangeView: Reach consensus,org_view=2294,org_changeCycle=0,cur_changeCycle=0,to_view=2295
info|2019-12-12 08:49:39.431879|[g:1][CONSENSUS]addRawPrepare,height=12,reqIdx=2,hash=ac7ad274...
info|2019-12-12 08:49:39.434238|[g:1][CONSENSUS][PBFT]checkTimeout Succ,view=2295,toView=2296,nodeIdx=1,changeCycle=0,myNode=ae5ce17c...,timecost=2.114
info|2019-12-12 08:49:39.437031|[g:1][CONSENSUS][PBFT]checkAndChangeView: Reach consensus,org_view=2295,org_changeCycle=0,cur_changeCycle=0,to_view=2296
info|2019-12-12 08:49:40.441120|[g:1][CONSENSUS]addRawPrepare,height=12,reqIdx=3,hash=9d3bef6c...
info|2019-12-12 08:49:40.442392|[g:1][CONSENSUS][PBFT]checkTimeout Succ,view=2296,toView=2297,nodeIdx=1,changeCycle=0,myNode=ae5ce17c...,timecost=1.032
info|2019-12-12 08:49:40.445718|[g:1][CONSENSUS][PBFT]checkAndChangeView: Reach consensus,org_view=2296,org_changeCycle=0,cur_changeCycle=0,to_view=2297
info|2019-12-12 08:49:41.449803|[g:1][CONSENSUS]addRawPrepare,height=12,reqIdx=0,hash=ddeb0eb8...
info|2019-12-12 08:49:41.452003|[g:1][CONSENSUS][PBFT]checkTimeout Succ,view=2297,toView=2298,nodeIdx=1,changeCycle=0,myNode=ae5ce17c...,timecost=1.946
info|2019-12-12 08:49:41.454952|[g:1][CONSENSUS][PBFT]checkAndChangeView: Reach consensus,org_view=2297,org_changeCycle=0,cur_changeCycle=0,to_view=2298
info|2019-12-12 08:49:42.021444|[P2P][Service] heartBeat,connected count=3
info|2019-12-12 08:49:42.455091|[g:1][CONSENSUS][SEALER]++++++++++++++++ Generating seal on,blkNum=12,tx=0,nodeIdx=1,hash=0b83e6a1...
info|2019-12-12 08:49:42.456423|[g:1][CONSENSUS][PBFT]checkTimeout Succ,view=2298,toView=2299,nodeIdx=1,changeCycle=0,myNode=ae5ce17c...,timecost=0.801
info|2019-12-12 08:49:42.463124|[g:1][CONSENSUS][PBFT]checkAndChangeView: Reach consensus,org_view=2298,org_changeCycle=0,cur_changeCycle=0,to_view=2299
info|2019-12-12 08:49:43.464117|[g:1][CONSENSUS]addRawPrepare,height=12,reqIdx=2,hash=2aede669...
info|2019-12-12 08:49:43.465140|[g:1][CONSENSUS][PBFT]checkTimeout Succ,view=2299,toView=2300,nodeIdx=1,changeCycle=0,myNode=ae5ce17c...,timecost=0.868
info|2019-12-12 08:49:43.469801|[g:1][CONSENSUS][PBFT]checkAndChangeView: Reach consensus,org_view=2299,org_changeCycle=0,cur_changeCycle=0,to_view=2300
info|2019-12-12 08:49:44.471662|[g:1][CONSENSUS]addRawPrepare,height=12,reqIdx=3,hash=ff143bb2...
info|2019-12-12 08:49:44.472978|[g:1][CONSENSUS][PBFT]checkTimeout Succ,view=2300,toView=2301,nodeIdx=1,changeCycle=0,myNode=ae5ce17c...,timecost=0.719
info|2019-12-12 08:49:44.476713|[g:1][CONSENSUS][PBFT]checkAndChangeView: Reach consensus,org_view=2300,org_changeCycle=0,cur_changeCycle=0,to_view=2301
info|2019-12-12 08:49:45.479039|[g:1][CONSENSUS]addRawPrepare,height=12,reqIdx=0,hash=3f14ca75...
info|2019-12-12 08:49:45.480105|[g:1][CONSENSUS][PBFT]checkTimeout Succ,view=2301,toView=2302,nodeIdx=1,changeCycle=0,myNode=ae5ce17c...,timecost=0.838
info|2019-12-12 08:49:45.483119|[g:1][CONSENSUS][PBFT]checkAndChangeView: Reach consensus,org_view=2301,org_changeCycle=0,cur_changeCycle=0,to_view=2302
info|2019-12-12 08:49:46.483659|[g:1][CONSENSUS][SEALER]++++++++++++++++ Generating seal on,blkNum=12,tx=0,nodeIdx=1,hash=3d12087a...
info|2019-12-12 08:49:46.488500|[g:1][CONSENSUS][PBFT]checkTimeout Succ,view=2302,toView=2303,nodeIdx=1,changeCycle=0,myNode=ae5ce17c...,timecost=1.226
info|2019-12-12 08:49:46.491135|[g:1][CONSENSUS][PBFT]checkAndChangeView: Reach consensus,org_view=2302,org_changeCycle=0,cur_changeCycle=0,to_view=2303
info|2019-12-12 08:49:47.495783|[g:1][CONSENSUS]addRawPrepare,height=12,reqIdx=2,hash=38e76b82...
info|2019-12-12 08:49:47.496946|[g:1][CONSENSUS][PBFT]checkTimeout Succ,view=2303,toView=2304,nodeIdx=1,changeCycle=0,myNode=ae5ce17c...,timecost=0.813
info|2019-12-12 08:49:47.499721|[g:1][CONSENSUS][PBFT]checkAndChangeView: Reach consensus,org_view=2303,org_changeCycle=0,cur_changeCycle=0,to_view=2304
info|2019-12-12 08:49:48.505004|[g:1][CONSENSUS]addRawPrepare,height=12,reqIdx=3,hash=78b5fbf1...
info|2019-12-12 08:49:48.506035|[g:1][CONSENSUS][PBFT]checkTimeout Succ,view=2304,toView=2305,nodeIdx=1,changeCycle=0,myNode=ae5ce17c...,timecost=0.784
info|2019-12-12 08:49:48.509525|[g:1][CONSENSUS][PBFT]checkAndChangeView: Reach consensus,org_view=2304,org_changeCycle=0,cur_changeCycle=0,to_view=2305
info|2019-12-12 08:49:49.512797|[g:1][CONSENSUS]addRawPrepare,height=12,reqIdx=0,hash=21a5e121...
info|2019-12-12 08:49:49.513918|[g:1][CONSENSUS][PBFT]checkTimeout Succ,view=2305,toView=2306,nodeIdx=1,changeCycle=0,myNode=ae5ce17c...,timecost=0.864
info|2019-12-12 08:49:49.517528|[g:1][CONSENSUS][PBFT]checkAndChangeView: Reach consensus,org_view=2305,org_changeCycle=0,cur_changeCycle=0,to_view=2306
info|2019-12-12 08:49:50.518329|[g:1][CONSENSUS][SEALER]++++++++++++++++ Generating seal on,blkNum=12,tx=0,nodeIdx=1,hash=233fab95...
info|2019-12-12 08:49:50.523195|[g:1][CONSENSUS][PBFT]checkTimeout Succ,view=2306,toView=2307,nodeIdx=1,changeCycle=0,myNode=ae5ce17c...,timecost=0.897
info|2019-12-12 08:49:50.526147|[g:1][CONSENSUS][PBFT]checkAndChangeView: Reach consensus,org_view=2306,org_changeCycle=0,cur_changeCycle=0,to_view=2307
info|2019-12-12 08:49:51.529726|[g:1][CONSENSUS]addRawPrepare,height=12,reqIdx=2,hash=4fd87e00...
info|2019-12-12 08:49:51.531871|[g:1][CONSENSUS][PBFT]checkTimeout Succ,view=2307,toView=2308,nodeIdx=1,changeCycle=0,myNode=ae5ce17c...,timecost=1.882
info|2019-12-12 08:49:51.535678|[g:1][CONSENSUS][PBFT]checkAndChangeView: Reach consensus,org_view=2307,org_changeCycle=0,cur_changeCycle=0,to_view=2308
info|2019-12-12 08:49:52.024596|[P2P][Service] heartBeat,connected count=3
info|2019-12-12 08:49:52.538357|[g:1][CONSENSUS]addRawPrepare,height=12,reqIdx=3,hash=4d71796c...
info|2019-12-12 08:49:52.540986|[g:1][CONSENSUS][PBFT]checkTimeout Succ,view=2308,toView=2309,nodeIdx=1,changeCycle=0,myNode=ae5ce17c...,timecost=2.38
info|2019-12-12 08:49:52.544177|[g:1][CONSENSUS][PBFT]checkAndChangeView: Reach consensus,org_view=2308,org_changeCycle=0,cur_changeCycle=0,to_view=2309
info|2019-12-12 08:49:53.546647|[g:1][CONSENSUS]addRawPrepare,height=12,reqIdx=0,hash=837ff993...
info|2019-12-12 08:49:53.547725|[g:1][CONSENSUS][PBFT]checkTimeout Succ,view=2309,toView=2310,nodeIdx=1,changeCycle=0,myNode=ae5ce17c...,timecost=0.859
info|2019-12-12 08:49:53.551197|[g:1][CONSENSUS][PBFT]checkAndChangeView: Reach consensus,org_view=2309,org_changeCycle=0,cur_changeCycle=0,to_view=2310
info|2019-12-12 08:49:54.552014|[g:1][CONSENSUS][SEALER]++++++++++++++++ Generating seal on,blkNum=12,tx=0,nodeIdx=1,hash=b9073daa...
info|2019-12-12 08:49:54.553380|[g:1][CONSENSUS][PBFT]checkTimeout Succ,view=2310,toView=2311,nodeIdx=1,changeCycle=0,myNode=ae5ce17c...,timecost=0.8
info|2019-12-12 08:49:54.558552|[g:1][CONSENSUS][PBFT]checkAndChangeView: Reach consensus,org_view=2310,org_changeCycle=0,cur_changeCycle=0,to_view=2311
info|2019-12-12 08:49:55.562511|[g:1][CONSENSUS]addRawPrepare,height=12,reqIdx=2,hash=c39e7d28...
info|2019-12-12 08:49:55.563560|[g:1][CONSENSUS][PBFT]checkTimeout Succ,view=2311,toView=2312,nodeIdx=1,changeCycle=0,myNode=ae5ce17c...,timecost=0.864
info|2019-12-12 08:49:55.566609|[g:1][CONSENSUS][PBFT]checkAndChangeView: Reach consensus,org_view=2311,org_changeCycle=0,cur_changeCycle=0,to_view=2312
info|2019-12-12 08:49:56.569721|[g:1][CONSENSUS]addRawPrepare,height=12,reqIdx=3,hash=ea21099d...
info|2019-12-12 08:49:56.570789|[g:1][CONSENSUS][PBFT]checkTimeout Succ,view=2312,toView=2313,nodeIdx=1,changeCycle=0,myNode=ae5ce17c...,timecost=0.834
info|2019-12-12 08:49:56.573886|[g:1][CONSENSUS][PBFT]checkAndChangeView: Reach consensus,org_view=2312,org_changeCycle=0,cur_changeCycle=0,to_view=2313
info|2019-12-12 08:49:57.577393|[g:1][CONSENSUS]addRawPrepare,height=12,reqIdx=0,hash=54be0668...
info|2019-12-12 08:49:57.578437|[g:1][CONSENSUS][PBFT]checkTimeout Succ,view=2313,toView=2314,nodeIdx=1,changeCycle=0,myNode=ae5ce17c...,timecost=0.812
info|2019-12-12 08:49:57.584418|[g:1][CONSENSUS][PBFT]checkAndChangeView: Reach consensus,org_view=2313,org_changeCycle=0,cur_changeCycle=0,to_view=2314
info|2019-12-12 08:49:58.584680|[g:1][CONSENSUS][SEALER]++++++++++++++++ Generating seal on,blkNum=12,tx=0,nodeIdx=1,hash=69bf5d88...
info|2019-12-12 08:49:58.591252|[g:1][CONSENSUS][PBFT]checkTimeout Succ,view=2314,toView=2315,nodeIdx=1,changeCycle=0,myNode=ae5ce17c...,timecost=0.923
info|2019-12-12 08:49:58.593424|[g:1][CONSENSUS][PBFT]checkAndChangeView: Reach consensus,org_view=2314,org_changeCycle=0,cur_changeCycle=0,to_view=2315
info|2019-12-12 08:49:59.595804|[g:1][CONSENSUS]addRawPrepare,height=12,reqIdx=2,hash=9b9e7ff1...
info|2019-12-12 08:49:59.597016|[g:1][CONSENSUS][PBFT]checkTimeout Succ,view=2315,toView=2316,nodeIdx=1,changeCycle=0,myNode=ae5ce17c...,timecost=0.956
info|2019-12-12 08:49:59.600803|[g:1][CONSENSUS][PBFT]checkAndChangeView: Reach consensus,org_view=2315,org_changeCycle=0,cur_changeCycle=0,to_view=2316
info|2019-12-12 08:50:00.602616|[g:1][CONSENSUS]addRawPrepare,height=12,reqIdx=3,hash=3d7b690b...
info|2019-12-12 08:50:00.603671|[g:1][CONSENSUS][PBFT]checkTimeout Succ,view=2316,toView=2317,nodeIdx=1,changeCycle=0,myNode=ae5ce17c...,timecost=0.804
info|2019-12-12 08:50:00.608033|[g:1][CONSENSUS][PBFT]checkAndChangeView: Reach consensus,org_view=2316,org_changeCycle=0,cur_changeCycle=0,to_view=2317
info|2019-12-12 08:50:01.611155|[g:1][CONSENSUS]addRawPrepare,height=12,reqIdx=0,hash=b3d73d98...
info|2019-12-12 08:50:01.613765|[g:1][CONSENSUS][PBFT]checkTimeout Succ,view=2317,toView=2318,nodeIdx=1,changeCycle=0,myNode=ae5ce17c...,timecost=2.319
info|2019-12-12 08:50:01.616861|[g:1][CONSENSUS][PBFT]checkAndChangeView: Reach consensus,org_view=2317,org_changeCycle=0,cur_changeCycle=0,to_view=2318
info|2019-12-12 08:50:02.034400|[P2P][Service] heartBeat,connected count=3
info|2019-12-12 08:50:02.616946|[g:1][CONSENSUS][SEALER]++++++++++++++++ Generating seal on,blkNum=12,tx=0,nodeIdx=1,hash=79fab952...
info|2019-12-12 08:50:02.621508|[g:1][CONSENSUS][PBFT]checkTimeout Succ,view=2318,toView=2319,nodeIdx=1,changeCycle=0,myNode=ae5ce17c...,timecost=0.766
info|2019-12-12 08:50:02.623978|[g:1][CONSENSUS][PBFT]checkAndChangeView: Reach consensus,org_view=2318,org_changeCycle=0,cur_changeCycle=0,to_view=2319
info|2019-12-12 08:50:03.627631|[g:1][CONSENSUS]addRawPrepare,height=12,reqIdx=2,hash=5f66df3f...
info|2019-12-12 08:50:03.629001|[g:1][CONSENSUS][PBFT]checkTimeout Succ,view=2319,toView=2320,nodeIdx=1,changeCycle=0,myNode=ae5ce17c...,timecost=1.126
info|2019-12-12 08:50:03.632904|[g:1][CONSENSUS][PBFT]checkAndChangeView: Reach consensus,org_view=2319,org_changeCycle=0,cur_changeCycle=0,to_view=2320
info|2019-12-12 08:50:04.635799|[g:1][CONSENSUS]addRawPrepare,height=12,reqIdx=3,hash=ebf66c9a...
info|2019-12-12 08:50:04.638121|[g:1][CONSENSUS][PBFT]checkTimeout Succ,view=2320,toView=2321,nodeIdx=1,changeCycle=0,myNode=ae5ce17c...,timecost=1.767
info|2019-12-12 08:50:04.640865|[g:1][CONSENSUS][PBFT]checkAndChangeView: Reach consensus,org_view=2320,org_changeCycle=0,cur_changeCycle=0,to_view=2321
info|2019-12-12 08:50:05.643803|[g:1][CONSENSUS]addRawPrepare,height=12,reqIdx=0,hash=554313bd...
info|2019-12-12 08:50:05.644785|[g:1][CONSENSUS][PBFT]checkTimeout Succ,view=2321,toView=2322,nodeIdx=1,changeCycle=0,myNode=ae5ce17c...,timecost=0.735
info|2019-12-12 08:50:05.648842|[g:1][CONSENSUS][PBFT]checkAndChangeView: Reach consensus,org_view=2321,org_changeCycle=0,cur_changeCycle=0,to_view=2322
info|2019-12-12 08:50:06.649297|[g:1][CONSENSUS][SEALER]++++++++++++++++ Generating seal on,blkNum=12,tx=0,nodeIdx=1,hash=b393abad...
info|2019-12-12 08:50:06.650666|[g:1][CONSENSUS][PBFT]checkTimeout Succ,view=2322,toView=2323,nodeIdx=1,changeCycle=0,myNode=ae5ce17c...,timecost=0.849
info|2019-12-12 08:50:06.656692|[g:1][CONSENSUS][PBFT]checkAndChangeView: Reach consensus,org_view=2322,org_changeCycle=0,cur_changeCycle=0,to_view=2323
