warning|2019-12-11 08:23:43.013134|[g:1][CONSENSUS][PBFT]ViewChangeWarning: not caused by omit empty block ,v=5729,toV=5730,curNum=0,hash=382ff964...,nodeIdx=1,myNode=ae5ce17c...
info|2019-12-11 08:23:43.013246|[g:1][CONSENSUS][SEALER]++++++++++++++++ Generating seal on,blkNum=1,tx=0,nodeIdx=1,hash=5580bde5...
info|2019-12-11 08:23:43.013982|[g:1][CONSENSUS][PBFT]checkTimeout Succ,view=5729,toView=5730,nodeIdx=1,changeCycle=1,myNode=ae5ce17c...,timecost=3.408
info|2019-12-11 08:23:43.014033|[P2P][Service] heartBeat,connected count=3
info|2019-12-11 08:23:43.018701|[g:1][CONSENSUS][PBFT]checkTimeout Succ,view=5729,toView=5731,nodeIdx=1,changeCycle=0,myNode=ae5ce17c...,timecost=0.616
info|2019-12-11 08:23:44.018031|[g:1][CONSENSUS][PBFT]FutureBlock,EINFO=handlePrepareMsg,reqIdx=2,view=5730,reqNum=1,curNum=0,consNum=1,fromIp=127.0.0.1:30301,hash=8676d309...,nodeIdx=1,myNode=ae5ce17c...,curChangeCycle=0
info|2019-12-11 08:23:44.018047|[g:1][CONSENSUS]addFuturePrepareCache,height=1,reqIdx=2,hash=8676d309...
info|2019-12-11 08:23:44.018857|[g:1][CONSENSUS][PBFT]FutureBlock,EINFO=handlePrepareMsg,reqIdx=2,view=5730,reqNum=1,curNum=0,consNum=1,fromIp=127.0.0.1:30300,hash=8676d309...,nodeIdx=1,myNode=ae5ce17c...,curChangeCycle=0
info|2019-12-11 08:23:44.019054|[g:1][CONSENSUS][PBFT]FutureBlock,EINFO=handlePrepareMsg,reqIdx=2,view=5730,reqNum=1,curNum=0,consNum=1,fromIp=127.0.0.1:30303,hash=8676d309...,nodeIdx=1,myNode=ae5ce17c...,curChangeCycle=0
info|2019-12-11 08:23:44.020543|[g:1][CONSENSUS][PBFT]checkAndChangeView, update m_changeCycle to 1
info|2019-12-11 08:23:44.020558|[g:1][CONSENSUS][PBFT]checkAndChangeView: Reach consensus,org_view=5729,org_changeCycle=0,cur_changeCycle=1,to_view=5731
warning|2019-12-11 08:23:43.771022|[g:1][CONSENSUS][PBFT]ViewChangeWarning: not caused by omit empty block ,v=5731,toV=5732,curNum=0,hash=382ff964...,nodeIdx=1,myNode=ae5ce17c...
info|2019-12-11 08:23:43.773028|[g:1][CONSENSUS][PBFT]checkTimeout Succ,view=5731,toView=5732,nodeIdx=1,changeCycle=2,myNode=ae5ce17c...,timecost=2.299
info|2019-12-11 08:23:43.774279|[g:1][CONSENSUS][PBFT]checkAndChangeView: Reach consensus,org_view=5731,org_changeCycle=2,cur_changeCycle=2,to_view=5732
info|2019-12-11 08:23:44.775005|[g:1][CONSENSUS]addRawPrepare,height=1,reqIdx=0,hash=e76dec95...
info|2019-12-11 08:23:44.775946|[g:1][CONSENSUS][PBFT]checkTimeout Succ,view=5732,toView=5733,nodeIdx=1,changeCycle=0,myNode=ae5ce17c...,timecost=0.637
info|2019-12-11 08:23:44.778120|[g:1][CONSENSUS][PBFT]checkAndChangeView: Reach consensus,org_view=5732,org_changeCycle=0,cur_changeCycle=0,to_view=5733
info|2019-12-11 08:23:45.778213|[g:1][CONSENSUS][SEALER]++++++++++++++++ Generating seal on,blkNum=1,tx=0,nodeIdx=1,hash=111687a7...
info|2019-12-11 08:23:45.779597|[g:1][CONSENSUS][PBFT]checkTimeout Succ,view=5733,toView=5734,nodeIdx=1,changeCycle=0,myNode=ae5ce17c...,timecost=0.839
info|2019-12-11 08:23:45.785934|[g:1][CONSENSUS][PBFT]checkAndChangeView: Reach consensus,org_view=5733,org_changeCycle=0,cur_changeCycle=0,to_view=5734
info|2019-12-11 08:23:46.787323|[g:1][CONSENSUS]addRawPrepare,height=1,reqIdx=2,hash=fc5b3ca3...
info|2019-12-11 08:23:46.788463|[g:1][CONSENSUS][PBFT]checkTimeout Succ,view=5734,toView=5735,nodeIdx=1,changeCycle=0,myNode=ae5ce17c...,timecost=0.925
info|2019-12-11 08:23:46.791048|[g:1][CONSENSUS][PBFT]checkAndChangeView: Reach consensus,org_view=5734,org_changeCycle=0,cur_changeCycle=0,to_view=5735
info|2019-12-11 08:23:47.793986|[g:1][CONSENSUS]addRawPrepare,height=1,reqIdx=3,hash=5a5a4031...
info|2019-12-11 08:23:47.795024|[g:1][CONSENSUS][PBFT]checkTimeout Succ,view=5735,toView=5736,nodeIdx=1,changeCycle=0,myNode=ae5ce17c...,timecost=0.817
info|2019-12-11 08:23:47.799648|[g:1][CONSENSUS][PBFT]checkAndChangeView: Reach consensus,org_view=5735,org_changeCycle=0,cur_changeCycle=0,to_view=5736
info|2019-12-11 08:23:48.801435|[g:1][CONSENSUS]addRawPrepare,height=1,reqIdx=0,hash=05d4cc8f...
info|2019-12-11 08:23:48.802639|[g:1][CONSENSUS][PBFT]checkTimeout Succ,view=5736,toView=5737,nodeIdx=1,changeCycle=0,myNode=ae5ce17c...,timecost=0.9
info|2019-12-11 08:23:48.807907|[g:1][CONSENSUS][PBFT]checkAndChangeView: Reach consensus,org_view=5736,org_changeCycle=0,cur_changeCycle=0,to_view=5737
info|2019-12-11 08:23:49.807295|[g:1][CONSENSUS][SEALER]++++++++++++++++ Generating seal on,blkNum=1,tx=0,nodeIdx=1,hash=41331347...
info|2019-12-11 08:23:49.808682|[g:1][CONSENSUS][PBFT]checkTimeout Succ,view=5737,toView=5738,nodeIdx=1,changeCycle=0,myNode=ae5ce17c...,timecost=0.867
info|2019-12-11 08:23:49.814700|[g:1][CONSENSUS][PBFT]checkAndChangeView: Reach consensus,org_view=5737,org_changeCycle=0,cur_changeCycle=0,to_view=5738
info|2019-12-11 08:23:50.816217|[g:1][CONSENSUS]addRawPrepare,height=1,reqIdx=2,hash=726d9ea3...
info|2019-12-11 08:23:50.817313|[g:1][CONSENSUS][PBFT]checkTimeout Succ,view=5738,toView=5739,nodeIdx=1,changeCycle=0,myNode=ae5ce17c...,timecost=0.851
info|2019-12-11 08:23:50.821707|[g:1][CONSENSUS][PBFT]checkAndChangeView: Reach consensus,org_view=5738,org_changeCycle=0,cur_changeCycle=0,to_view=5739
info|2019-12-11 08:23:51.825086|[g:1][CONSENSUS]addRawPrepare,height=1,reqIdx=3,hash=1ac1990e...
info|2019-12-11 08:23:51.826279|[g:1][CONSENSUS][PBFT]checkTimeout Succ,view=5739,toView=5740,nodeIdx=1,changeCycle=0,myNode=ae5ce17c...,timecost=0.993
info|2019-12-11 08:23:51.831352|[g:1][CONSENSUS][PBFT]checkAndChangeView: Reach consensus,org_view=5739,org_changeCycle=0,cur_changeCycle=0,to_view=5740
info|2019-12-11 08:23:52.834095|[g:1][CONSENSUS]addRawPrepare,height=1,reqIdx=0,hash=a38b2be7...
info|2019-12-11 08:23:52.835265|[g:1][CONSENSUS][PBFT]checkTimeout Succ,view=5740,toView=5741,nodeIdx=1,changeCycle=0,myNode=ae5ce17c...,timecost=0.919
info|2019-12-11 08:23:52.839710|[g:1][CONSENSUS][PBFT]checkAndChangeView: Reach consensus,org_view=5740,org_changeCycle=0,cur_changeCycle=0,to_view=5741
info|2019-12-11 08:23:53.018033|[P2P][Service] heartBeat,connected count=3
info|2019-12-11 08:23:53.840226|[g:1][CONSENSUS][SEALER]++++++++++++++++ Generating seal on,blkNum=1,tx=0,nodeIdx=1,hash=12357481...
info|2019-12-11 08:23:53.841618|[g:1][CONSENSUS][PBFT]checkTimeout Succ,view=5741,toView=5742,nodeIdx=1,changeCycle=0,myNode=ae5ce17c...,timecost=0.869
info|2019-12-11 08:23:53.846834|[g:1][CONSENSUS][PBFT]checkAndChangeView: Reach consensus,org_view=5741,org_changeCycle=0,cur_changeCycle=0,to_view=5742
info|2019-12-11 08:23:54.851444|[g:1][CONSENSUS]addRawPrepare,height=1,reqIdx=2,hash=9a9764bf...
info|2019-12-11 08:23:54.852250|[g:1][CONSENSUS][PBFT]checkTimeout Succ,view=5742,toView=5743,nodeIdx=1,changeCycle=0,myNode=ae5ce17c...,timecost=0.639
info|2019-12-11 08:23:54.856042|[g:1][CONSENSUS][PBFT]checkAndChangeView: Reach consensus,org_view=5742,org_changeCycle=0,cur_changeCycle=0,to_view=5743
info|2019-12-11 08:23:55.857883|[g:1][CONSENSUS]addRawPrepare,height=1,reqIdx=3,hash=813279ed...
info|2019-12-11 08:23:55.859328|[g:1][CONSENSUS][PBFT]checkTimeout Succ,view=5743,toView=5744,nodeIdx=1,changeCycle=0,myNode=ae5ce17c...,timecost=0.947
info|2019-12-11 08:23:55.863902|[g:1][CONSENSUS][PBFT]checkAndChangeView: Reach consensus,org_view=5743,org_changeCycle=0,cur_changeCycle=0,to_view=5744
info|2019-12-11 08:23:56.866230|[g:1][CONSENSUS]addRawPrepare,height=1,reqIdx=0,hash=947c115e...
info|2019-12-11 08:23:56.868257|[g:1][CONSENSUS][PBFT]checkTimeout Succ,view=5744,toView=5745,nodeIdx=1,changeCycle=0,myNode=ae5ce17c...,timecost=1.789
info|2019-12-11 08:23:56.871470|[g:1][CONSENSUS][PBFT]checkAndChangeView: Reach consensus,org_view=5744,org_changeCycle=0,cur_changeCycle=0,to_view=5745
info|2019-12-11 08:23:57.871903|[g:1][CONSENSUS][SEALER]++++++++++++++++ Generating seal on,blkNum=1,tx=0,nodeIdx=1,hash=bfd34199...
info|2019-12-11 08:23:57.873303|[g:1][CONSENSUS][PBFT]checkTimeout Succ,view=5745,toView=5746,nodeIdx=1,changeCycle=0,myNode=ae5ce17c...,timecost=0.879
info|2019-12-11 08:23:57.880422|[g:1][CONSENSUS][PBFT]checkAndChangeView: Reach consensus,org_view=5745,org_changeCycle=0,cur_changeCycle=0,to_view=5746
info|2019-12-11 08:23:58.881294|[g:1][CONSENSUS]addRawPrepare,height=1,reqIdx=2,hash=cd28fc07...
info|2019-12-11 08:23:58.882531|[g:1][CONSENSUS][PBFT]checkTimeout Succ,view=5746,toView=5747,nodeIdx=1,changeCycle=0,myNode=ae5ce17c...,timecost=0.982
info|2019-12-11 08:23:58.885642|[g:1][CONSENSUS][PBFT]checkAndChangeView: Reach consensus,org_view=5746,org_changeCycle=0,cur_changeCycle=0,to_view=5747
info|2019-12-11 08:23:59.888068|[g:1][CONSENSUS]addRawPrepare,height=1,reqIdx=3,hash=2f635fc0...
info|2019-12-11 08:23:59.888592|[g:1][CONSENSUS][PBFT]checkTimeout Succ,view=5747,toView=5748,nodeIdx=1,changeCycle=0,myNode=ae5ce17c...,timecost=0.341
info|2019-12-11 08:23:59.891205|[g:1][CONSENSUS][PBFT]checkAndChangeView: Reach consensus,org_view=5747,org_changeCycle=0,cur_changeCycle=0,to_view=5748
info|2019-12-11 08:24:00.893693|[g:1][CONSENSUS]addRawPrepare,height=1,reqIdx=0,hash=b897a5ff...
info|2019-12-11 08:24:00.894731|[g:1][CONSENSUS][PBFT]checkTimeout Succ,view=5748,toView=5749,nodeIdx=1,changeCycle=0,myNode=ae5ce17c...,timecost=0.801
info|2019-12-11 08:24:00.898108|[g:1][CONSENSUS][PBFT]checkAndChangeView: Reach consensus,org_view=5748,org_changeCycle=0,cur_changeCycle=0,to_view=5749
info|2019-12-11 08:24:01.898709|[g:1][CONSENSUS][SEALER]++++++++++++++++ Generating seal on,blkNum=1,tx=0,nodeIdx=1,hash=9b2618f8...
info|2019-12-11 08:24:01.900011|[g:1][CONSENSUS][PBFT]checkTimeout Succ,view=5749,toView=5750,nodeIdx=1,changeCycle=0,myNode=ae5ce17c...,timecost=0.778
info|2019-12-11 08:24:01.905926|[g:1][CONSENSUS][PBFT]checkAndChangeView: Reach consensus,org_view=5749,org_changeCycle=0,cur_changeCycle=0,to_view=5750
info|2019-12-11 08:24:02.909342|[g:1][CONSENSUS]addRawPrepare,height=1,reqIdx=2,hash=2f2d1542...
info|2019-12-11 08:24:02.911336|[g:1][CONSENSUS][PBFT]checkTimeout Succ,view=5750,toView=5751,nodeIdx=1,changeCycle=0,myNode=ae5ce17c...,timecost=0.78
info|2019-12-11 08:24:02.914147|[g:1][CONSENSUS][PBFT]checkAndChangeView: Reach consensus,org_view=5750,org_changeCycle=0,cur_changeCycle=0,to_view=5751
info|2019-12-11 08:24:03.024351|[P2P][Service] heartBeat,connected count=3
info|2019-12-11 08:24:03.919912|[g:1][CONSENSUS]addRawPrepare,height=1,reqIdx=3,hash=ee8d15ac...
info|2019-12-11 08:24:03.922192|[g:1][CONSENSUS][PBFT]checkTimeout Succ,view=5751,toView=5752,nodeIdx=1,changeCycle=0,myNode=ae5ce17c...,timecost=2.051
info|2019-12-11 08:24:03.924841|[g:1][CONSENSUS][PBFT]checkAndChangeView: Reach consensus,org_view=5751,org_changeCycle=0,cur_changeCycle=0,to_view=5752
info|2019-12-11 08:24:04.929174|[g:1][CONSENSUS]addRawPrepare,height=1,reqIdx=0,hash=a9d7f31e...
info|2019-12-11 08:24:04.930928|[g:1][CONSENSUS][PBFT]checkTimeout Succ,view=5752,toView=5753,nodeIdx=1,changeCycle=0,myNode=ae5ce17c...,timecost=1.484
info|2019-12-11 08:24:04.933789|[g:1][CONSENSUS][PBFT]checkAndChangeView: Reach consensus,org_view=5752,org_changeCycle=0,cur_changeCycle=0,to_view=5753
info|2019-12-11 08:24:05.933538|[g:1][CONSENSUS][SEALER]++++++++++++++++ Generating seal on,blkNum=1,tx=0,nodeIdx=1,hash=b0d4e605...
info|2019-12-11 08:24:05.934878|[g:1][CONSENSUS][PBFT]checkTimeout Succ,view=5753,toView=5754,nodeIdx=1,changeCycle=0,myNode=ae5ce17c...,timecost=0.818
info|2019-12-11 08:24:05.940667|[g:1][CONSENSUS][PBFT]checkAndChangeView: Reach consensus,org_view=5753,org_changeCycle=0,cur_changeCycle=0,to_view=5754
info|2019-12-11 08:24:06.942899|[g:1][CONSENSUS]addRawPrepare,height=1,reqIdx=2,hash=7baa0faa...
info|2019-12-11 08:24:06.943833|[g:1][CONSENSUS][PBFT]checkTimeout Succ,view=5754,toView=5755,nodeIdx=1,changeCycle=0,myNode=ae5ce17c...,timecost=0.681
info|2019-12-11 08:24:06.946841|[g:1][CONSENSUS][PBFT]checkAndChangeView: Reach consensus,org_view=5754,org_changeCycle=0,cur_changeCycle=0,to_view=5755
info|2019-12-11 08:24:07.950123|[g:1][CONSENSUS]addRawPrepare,height=1,reqIdx=3,hash=38faaeda...
info|2019-12-11 08:24:07.951113|[g:1][CONSENSUS][PBFT]checkTimeout Succ,view=5755,toView=5756,nodeIdx=1,changeCycle=0,myNode=ae5ce17c...,timecost=0.755
info|2019-12-11 08:24:07.956247|[g:1][CONSENSUS][PBFT]checkAndChangeView: Reach consensus,org_view=5755,org_changeCycle=0,cur_changeCycle=0,to_view=5756
info|2019-12-11 08:24:08.956464|[g:1][CONSENSUS]addRawPrepare,height=1,reqIdx=0,hash=d0321a53...
info|2019-12-11 08:24:08.958401|[g:1][CONSENSUS][PBFT]checkTimeout Succ,view=5756,toView=5757,nodeIdx=1,changeCycle=0,myNode=ae5ce17c...,timecost=1.687
info|2019-12-11 08:24:08.962195|[g:1][CONSENSUS][PBFT]checkAndChangeView: Reach consensus,org_view=5756,org_changeCycle=0,cur_changeCycle=0,to_view=5757
info|2019-12-11 08:24:09.963594|[g:1][CONSENSUS][SEALER]++++++++++++++++ Generating seal on,blkNum=1,tx=0,nodeIdx=1,hash=6ff1a8e6...
info|2019-12-11 08:24:09.970037|[g:1][CONSENSUS][PBFT]checkTimeout Succ,view=5757,toView=5758,nodeIdx=1,changeCycle=0,myNode=ae5ce17c...,timecost=1.152
info|2019-12-11 08:24:09.971440|[g:1][CONSENSUS][PBFT]checkAndChangeView: Reach consensus,org_view=5757,org_changeCycle=0,cur_changeCycle=0,to_view=5758
info|2019-12-11 08:24:10.972915|[g:1][CONSENSUS]addRawPrepare,height=1,reqIdx=2,hash=6c742da0...
info|2019-12-11 08:24:10.974037|[g:1][CONSENSUS][PBFT]checkTimeout Succ,view=5758,toView=5759,nodeIdx=1,changeCycle=0,myNode=ae5ce17c...,timecost=0.811
info|2019-12-11 08:24:10.976821|[g:1][CONSENSUS][PBFT]checkAndChangeView: Reach consensus,org_view=5758,org_changeCycle=0,cur_changeCycle=0,to_view=5759
info|2019-12-11 08:24:11.981567|[g:1][CONSENSUS]addRawPrepare,height=1,reqIdx=3,hash=e890054f...
info|2019-12-11 08:24:11.982733|[g:1][CONSENSUS][PBFT]checkTimeout Succ,view=5759,toView=5760,nodeIdx=1,changeCycle=0,myNode=ae5ce17c...,timecost=0.921
info|2019-12-11 08:24:11.986978|[g:1][CONSENSUS][PBFT]checkAndChangeView: Reach consensus,org_view=5759,org_changeCycle=0,cur_changeCycle=0,to_view=5760
info|2019-12-11 08:24:12.990597|[g:1][CONSENSUS]addRawPrepare,height=1,reqIdx=0,hash=564efe69...
info|2019-12-11 08:24:12.991833|[g:1][CONSENSUS][PBFT]checkTimeout Succ,view=5760,toView=5761,nodeIdx=1,changeCycle=0,myNode=ae5ce17c...,timecost=0.834
info|2019-12-11 08:24:12.995477|[g:1][CONSENSUS][PBFT]checkAndChangeView: Reach consensus,org_view=5760,org_changeCycle=0,cur_changeCycle=0,to_view=5761
info|2019-12-11 08:24:13.029957|[P2P][Service] heartBeat,connected count=3
info|2019-12-11 08:24:13.996832|[g:1][CONSENSUS][SEALER]++++++++++++++++ Generating seal on,blkNum=1,tx=0,nodeIdx=1,hash=ca52d1b1...
info|2019-12-11 08:24:13.998246|[g:1][CONSENSUS][PBFT]checkTimeout Succ,view=5761,toView=5762,nodeIdx=1,changeCycle=0,myNode=ae5ce17c...,timecost=0.862
info|2019-12-11 08:24:14.003661|[g:1][CONSENSUS][PBFT]checkAndChangeView: Reach consensus,org_view=5761,org_changeCycle=0,cur_changeCycle=0,to_view=5762
info|2019-12-11 08:24:15.008899|[g:1][CONSENSUS]addRawPrepare,height=1,reqIdx=2,hash=d19b2ed2...
info|2019-12-11 08:24:15.011113|[g:1][CONSENSUS][PBFT]checkTimeout Succ,view=5762,toView=5763,nodeIdx=1,changeCycle=0,myNode=ae5ce17c...,timecost=1.935
info|2019-12-11 08:24:15.014687|[g:1][CONSENSUS][PBFT]checkAndChangeView: Reach consensus,org_view=5762,org_changeCycle=0,cur_changeCycle=0,to_view=5763
info|2019-12-11 08:24:16.016720|[g:1][CONSENSUS]addRawPrepare,height=1,reqIdx=3,hash=c158e23d...
info|2019-12-11 08:24:16.017762|[g:1][CONSENSUS][PBFT]checkTimeout Succ,view=5763,toView=5764,nodeIdx=1,changeCycle=0,myNode=ae5ce17c...,timecost=0.801
info|2019-12-11 08:24:16.021515|[g:1][CONSENSUS][PBFT]checkAndChangeView: Reach consensus,org_view=5763,org_changeCycle=0,cur_changeCycle=0,to_view=5764
info|2019-12-11 08:24:17.026303|[g:1][CONSENSUS]addRawPrepare,height=1,reqIdx=0,hash=9d9432c5...
info|2019-12-11 08:24:17.029453|[g:1][CONSENSUS][PBFT]checkTimeout Succ,view=5764,toView=5765,nodeIdx=1,changeCycle=0,myNode=ae5ce17c...,timecost=2.894
info|2019-12-11 08:24:17.032179|[g:1][CONSENSUS][PBFT]checkAndChangeView: Reach consensus,org_view=5764,org_changeCycle=0,cur_changeCycle=0,to_view=5765
info|2019-12-11 08:24:18.032526|[g:1][CONSENSUS][SEALER]++++++++++++++++ Generating seal on,blkNum=1,tx=0,nodeIdx=1,hash=aad28b8a...
info|2019-12-11 08:24:18.033868|[g:1][CONSENSUS][PBFT]checkTimeout Succ,view=5765,toView=5766,nodeIdx=1,changeCycle=0,myNode=ae5ce17c...,timecost=0.831
info|2019-12-11 08:24:18.040770|[g:1][CONSENSUS][PBFT]checkAndChangeView: Reach consensus,org_view=5765,org_changeCycle=0,cur_changeCycle=0,to_view=5766
info|2019-12-11 08:24:19.043660|[g:1][CONSENSUS]addRawPrepare,height=1,reqIdx=2,hash=69f5e1fe...
info|2019-12-11 08:24:19.044954|[g:1][CONSENSUS][PBFT]checkTimeout Succ,view=5766,toView=5767,nodeIdx=1,changeCycle=0,myNode=ae5ce17c...,timecost=1.048
info|2019-12-11 08:24:19.047772|[g:1][CONSENSUS][PBFT]checkAndChangeView: Reach consensus,org_view=5766,org_changeCycle=0,cur_changeCycle=0,to_view=5767
info|2019-12-11 08:24:20.050176|[g:1][CONSENSUS]addRawPrepare,height=1,reqIdx=3,hash=045a7e5c...
info|2019-12-11 08:24:20.051270|[g:1][CONSENSUS][PBFT]checkTimeout Succ,view=5767,toView=5768,nodeIdx=1,changeCycle=0,myNode=ae5ce17c...,timecost=0.848
info|2019-12-11 08:24:20.053998|[g:1][CONSENSUS][PBFT]checkAndChangeView: Reach consensus,org_view=5767,org_changeCycle=0,cur_changeCycle=0,to_view=5768
info|2019-12-11 08:24:21.058684|[g:1][CONSENSUS]addRawPrepare,height=1,reqIdx=0,hash=2775cc0c...
info|2019-12-11 08:24:21.059689|[g:1][CONSENSUS][PBFT]checkTimeout Succ,view=5768,toView=5769,nodeIdx=1,changeCycle=0,myNode=ae5ce17c...,timecost=0.753
info|2019-12-11 08:24:21.065331|[g:1][CONSENSUS][PBFT]checkAndChangeView: Reach consensus,org_view=5768,org_changeCycle=0,cur_changeCycle=0,to_view=5769
info|2019-12-11 08:24:22.066573|[g:1][CONSENSUS][SEALER]++++++++++++++++ Generating seal on,blkNum=1,tx=0,nodeIdx=1,hash=0cdbcd3d...
info|2019-12-11 08:24:22.067888|[g:1][CONSENSUS][PBFT]checkTimeout Succ,view=5769,toView=5770,nodeIdx=1,changeCycle=0,myNode=ae5ce17c...,timecost=0.785
info|2019-12-11 08:24:22.074258|[g:1][CONSENSUS][PBFT]checkAndChangeView: Reach consensus,org_view=5769,org_changeCycle=0,cur_changeCycle=0,to_view=5770
info|2019-12-11 08:24:23.035314|[P2P][Service] heartBeat,connected count=3
info|2019-12-11 08:24:23.077684|[g:1][CONSENSUS]addRawPrepare,height=1,reqIdx=2,hash=9f23c83c...
info|2019-12-11 08:24:23.079791|[g:1][CONSENSUS][PBFT]checkTimeout Succ,view=5770,toView=5771,nodeIdx=1,changeCycle=0,myNode=ae5ce17c...,timecost=1.794
info|2019-12-11 08:24:23.082549|[g:1][CONSENSUS][PBFT]checkAndChangeView: Reach consensus,org_view=5770,org_changeCycle=0,cur_changeCycle=0,to_view=5771
info|2019-12-11 08:24:24.084384|[g:1][CONSENSUS]addRawPrepare,height=1,reqIdx=3,hash=ae99b90d...
info|2019-12-11 08:24:24.086988|[g:1][CONSENSUS][PBFT]checkTimeout Succ,view=5771,toView=5772,nodeIdx=1,changeCycle=0,myNode=ae5ce17c...,timecost=2.148
info|2019-12-11 08:24:24.091525|[g:1][CONSENSUS][PBFT]checkAndChangeView: Reach consensus,org_view=5771,org_changeCycle=0,cur_changeCycle=0,to_view=5772
info|2019-12-11 08:24:25.092955|[g:1][CONSENSUS]addRawPrepare,height=1,reqIdx=0,hash=33fe9512...
info|2019-12-11 08:24:25.095147|[g:1][CONSENSUS][PBFT]checkTimeout Succ,view=5772,toView=5773,nodeIdx=1,changeCycle=0,myNode=ae5ce17c...,timecost=1.901
info|2019-12-11 08:24:25.099454|[g:1][CONSENSUS][PBFT]checkAndChangeView: Reach consensus,org_view=5772,org_changeCycle=0,cur_changeCycle=0,to_view=5773
info|2019-12-11 08:24:26.100784|[g:1][CONSENSUS][SEALER]++++++++++++++++ Generating seal on,blkNum=1,tx=0,nodeIdx=1,hash=241f2a2f...
info|2019-12-11 08:24:26.102092|[g:1][CONSENSUS][PBFT]checkTimeout Succ,view=5773,toView=5774,nodeIdx=1,changeCycle=0,myNode=ae5ce17c...,timecost=0.776
info|2019-12-11 08:24:26.108340|[g:1][CONSENSUS][PBFT]checkAndChangeView: Reach consensus,org_view=5773,org_changeCycle=0,cur_changeCycle=0,to_view=5774
info|2019-12-11 08:24:27.111152|[g:1][CONSENSUS]addRawPrepare,height=1,reqIdx=2,hash=adc58a74...
info|2019-12-11 08:24:27.112239|[g:1][CONSENSUS][PBFT]checkTimeout Succ,view=5774,toView=5775,nodeIdx=1,changeCycle=0,myNode=ae5ce17c...,timecost=0.816
info|2019-12-11 08:24:27.116907|[g:1][CONSENSUS][PBFT]checkAndChangeView: Reach consensus,org_view=5774,org_changeCycle=0,cur_changeCycle=0,to_view=5775
info|2019-12-11 08:24:28.117606|[g:1][CONSENSUS]addRawPrepare,height=1,reqIdx=3,hash=0a137e47...
info|2019-12-11 08:24:28.118400|[g:1][CONSENSUS][PBFT]checkTimeout Succ,view=5775,toView=5776,nodeIdx=1,changeCycle=0,myNode=ae5ce17c...,timecost=0.557
info|2019-12-11 08:24:28.121151|[g:1][CONSENSUS][PBFT]checkAndChangeView: Reach consensus,org_view=5775,org_changeCycle=0,cur_changeCycle=0,to_view=5776
info|2019-12-11 08:24:29.123273|[g:1][CONSENSUS]addRawPrepare,height=1,reqIdx=0,hash=9f1c88da...
info|2019-12-11 08:24:29.125167|[g:1][CONSENSUS][PBFT]checkTimeout Succ,view=5776,toView=5777,nodeIdx=1,changeCycle=0,myNode=ae5ce17c...,timecost=1.711
info|2019-12-11 08:24:29.130219|[g:1][CONSENSUS][PBFT]checkAndChangeView: Reach consensus,org_view=5776,org_changeCycle=0,cur_changeCycle=0,to_view=5777
info|2019-12-11 08:24:30.130593|[g:1][CONSENSUS][SEALER]++++++++++++++++ Generating seal on,blkNum=1,tx=0,nodeIdx=1,hash=c2e00107...
info|2019-12-11 08:24:30.132064|[g:1][CONSENSUS][PBFT]checkTimeout Succ,view=5777,toView=5778,nodeIdx=1,changeCycle=0,myNode=ae5ce17c...,timecost=0.946
info|2019-12-11 08:24:30.138173|[g:1][CONSENSUS][PBFT]checkAndChangeView: Reach consensus,org_view=5777,org_changeCycle=0,cur_changeCycle=0,to_view=5778
info|2019-12-11 08:24:31.140933|[g:1][CONSENSUS]addRawPrepare,height=1,reqIdx=2,hash=c1fab8d9...
info|2019-12-11 08:24:31.143899|[g:1][CONSENSUS][PBFT]checkTimeout Succ,view=5778,toView=5779,nodeIdx=1,changeCycle=0,myNode=ae5ce17c...,timecost=2.508
info|2019-12-11 08:24:31.146585|[g:1][CONSENSUS][PBFT]checkAndChangeView: Reach consensus,org_view=5778,org_changeCycle=0,cur_changeCycle=0,to_view=5779
info|2019-12-11 08:24:32.149020|[g:1][CONSENSUS]addRawPrepare,height=1,reqIdx=3,hash=3d20cc26...
info|2019-12-11 08:24:32.150103|[g:1][CONSENSUS][PBFT]checkTimeout Succ,view=5779,toView=5780,nodeIdx=1,changeCycle=0,myNode=ae5ce17c...,timecost=0.831
info|2019-12-11 08:24:32.153454|[g:1][CONSENSUS][PBFT]checkAndChangeView: Reach consensus,org_view=5779,org_changeCycle=0,cur_changeCycle=0,to_view=5780
info|2019-12-11 08:24:33.040465|[P2P][Service] heartBeat,connected count=3
info|2019-12-11 08:24:33.155645|[g:1][CONSENSUS]addRawPrepare,height=1,reqIdx=0,hash=62034797...
info|2019-12-11 08:24:33.156509|[g:1][CONSENSUS][PBFT]checkTimeout Succ,view=5780,toView=5781,nodeIdx=1,changeCycle=0,myNode=ae5ce17c...,timecost=0.674
info|2019-12-11 08:24:33.159055|[g:1][CONSENSUS][PBFT]checkAndChangeView: Reach consensus,org_view=5780,org_changeCycle=0,cur_changeCycle=0,to_view=5781
warning|2019-12-11 08:36:21.019241|[g:1][CONSENSUS][PBFT]ViewChangeWarning: not caused by omit empty block ,v=5781,toV=5782,curNum=0,hash=382ff964...,nodeIdx=1,myNode=ae5ce17c...
info|2019-12-11 08:36:21.021987|[g:1][CONSENSUS][PBFT]checkTimeout Succ,view=5781,toView=5782,nodeIdx=1,changeCycle=1,myNode=ae5ce17c...,timecost=7.562
info|2019-12-11 08:36:21.022293|[P2P][Service] heartBeat,connected count=3
info|2019-12-11 08:36:21.023981|[g:1][CONSENSUS][PBFT]checkAndChangeView: Reach consensus,org_view=5781,org_changeCycle=1,cur_changeCycle=1,to_view=5782
info|2019-12-11 08:36:22.022036|[g:1][CONSENSUS]addRawPrepare,height=1,reqIdx=2,hash=f5a713e0...
info|2019-12-11 08:36:22.022556|[g:1][CONSENSUS][PBFT]checkTimeout Succ,view=5782,toView=5783,nodeIdx=1,changeCycle=0,myNode=ae5ce17c...,timecost=0.397
info|2019-12-11 08:36:22.025681|[g:1][CONSENSUS][PBFT]checkAndChangeView: Reach consensus,org_view=5782,org_changeCycle=0,cur_changeCycle=0,to_view=5783
info|2019-12-11 08:36:23.027707|[g:1][CONSENSUS]addRawPrepare,height=1,reqIdx=3,hash=2292e000...
info|2019-12-11 08:36:23.028955|[g:1][CONSENSUS][PBFT]checkTimeout Succ,view=5783,toView=5784,nodeIdx=1,changeCycle=0,myNode=ae5ce17c...,timecost=1.003
info|2019-12-11 08:36:23.032279|[g:1][CONSENSUS][PBFT]checkAndChangeView: Reach consensus,org_view=5783,org_changeCycle=0,cur_changeCycle=0,to_view=5784
info|2019-12-11 08:36:24.037112|[g:1][CONSENSUS]addRawPrepare,height=1,reqIdx=0,hash=7d1a27b0...
info|2019-12-11 08:36:24.038257|[g:1][CONSENSUS][PBFT]checkTimeout Succ,view=5784,toView=5785,nodeIdx=1,changeCycle=0,myNode=ae5ce17c...,timecost=0.895
info|2019-12-11 08:36:24.042468|[g:1][CONSENSUS][PBFT]checkAndChangeView: Reach consensus,org_view=5784,org_changeCycle=0,cur_changeCycle=0,to_view=5785
info|2019-12-11 08:36:25.410958|[g:1][CONSENSUS][SEALER]++++++++++++++++ Generating seal on,blkNum=1,tx=0,nodeIdx=1,hash=77dc4757...
info|2019-12-11 08:36:25.416633|[g:1][CONSENSUS][PBFT]checkTimeout Succ,view=5785,toView=5786,nodeIdx=1,changeCycle=0,myNode=ae5ce17c...,timecost=3.087
info|2019-12-11 08:36:25.424662|[g:1][CONSENSUS][PBFT]checkAndChangeView: Reach consensus,org_view=5785,org_changeCycle=0,cur_changeCycle=0,to_view=5786
info|2019-12-11 08:36:26.427693|[g:1][CONSENSUS]addRawPrepare,height=1,reqIdx=2,hash=9a0e0b9d...
info|2019-12-11 08:36:26.428725|[g:1][CONSENSUS][PBFT]checkTimeout Succ,view=5786,toView=5787,nodeIdx=1,changeCycle=0,myNode=ae5ce17c...,timecost=0.788
info|2019-12-11 08:36:26.431916|[g:1][CONSENSUS][PBFT]checkAndChangeView: Reach consensus,org_view=5786,org_changeCycle=0,cur_changeCycle=0,to_view=5787
info|2019-12-11 08:36:27.435030|[g:1][CONSENSUS]addRawPrepare,height=1,reqIdx=3,hash=0da7986c...
info|2019-12-11 08:36:27.436555|[g:1][CONSENSUS][PBFT]checkTimeout Succ,view=5787,toView=5788,nodeIdx=1,changeCycle=0,myNode=ae5ce17c...,timecost=1.277
info|2019-12-11 08:36:27.439318|[g:1][CONSENSUS][PBFT]checkAndChangeView: Reach consensus,org_view=5787,org_changeCycle=0,cur_changeCycle=0,to_view=5788
info|2019-12-11 08:36:28.442658|[g:1][CONSENSUS]addRawPrepare,height=1,reqIdx=0,hash=61282810...
info|2019-12-11 08:36:28.444132|[g:1][CONSENSUS][PBFT]checkTimeout Succ,view=5788,toView=5789,nodeIdx=1,changeCycle=0,myNode=ae5ce17c...,timecost=1.219
info|2019-12-11 08:36:28.446715|[g:1][CONSENSUS][PBFT]checkAndChangeView: Reach consensus,org_view=5788,org_changeCycle=0,cur_changeCycle=0,to_view=5789
info|2019-12-11 08:36:29.447109|[g:1][CONSENSUS][SEALER]++++++++++++++++ Generating seal on,blkNum=1,tx=0,nodeIdx=1,hash=f551fb04...
info|2019-12-11 08:36:29.451800|[g:1][CONSENSUS][PBFT]checkTimeout Succ,view=5789,toView=5790,nodeIdx=1,changeCycle=0,myNode=ae5ce17c...,timecost=0.55
info|2019-12-11 08:36:29.452677|[g:1][CONSENSUS][PBFT]checkAndChangeView: Reach consensus,org_view=5789,org_changeCycle=0,cur_changeCycle=0,to_view=5790
info|2019-12-11 08:36:30.454767|[g:1][CONSENSUS]addRawPrepare,height=1,reqIdx=2,hash=c82176e2...
info|2019-12-11 08:36:30.455806|[g:1][CONSENSUS][PBFT]checkTimeout Succ,view=5790,toView=5791,nodeIdx=1,changeCycle=0,myNode=ae5ce17c...,timecost=0.795
info|2019-12-11 08:36:30.459295|[g:1][CONSENSUS][PBFT]checkAndChangeView: Reach consensus,org_view=5790,org_changeCycle=0,cur_changeCycle=0,to_view=5791
info|2019-12-11 08:36:31.022512|[P2P][Service] heartBeat,connected count=3
info|2019-12-11 08:36:31.463691|[g:1][CONSENSUS]addRawPrepare,height=1,reqIdx=3,hash=a77370a3...
info|2019-12-11 08:36:31.465903|[g:1][CONSENSUS][PBFT]checkTimeout Succ,view=5791,toView=5792,nodeIdx=1,changeCycle=0,myNode=ae5ce17c...,timecost=1.982
info|2019-12-11 08:36:31.470571|[g:1][CONSENSUS][PBFT]checkAndChangeView: Reach consensus,org_view=5791,org_changeCycle=0,cur_changeCycle=0,to_view=5792
info|2019-12-11 08:36:32.469873|[g:1][CONSENSUS]addRawPrepare,height=1,reqIdx=0,hash=685a54ba...
info|2019-12-11 08:36:32.470520|[g:1][CONSENSUS][PBFT]checkTimeout Succ,view=5792,toView=5793,nodeIdx=1,changeCycle=0,myNode=ae5ce17c...,timecost=0.486
info|2019-12-11 08:36:32.472804|[g:1][CONSENSUS][PBFT]checkAndChangeView: Reach consensus,org_view=5792,org_changeCycle=0,cur_changeCycle=0,to_view=5793
info|2019-12-11 08:36:33.473089|[g:1][CONSENSUS][SEALER]++++++++++++++++ Generating seal on,blkNum=1,tx=0,nodeIdx=1,hash=ba6337c0...
info|2019-12-11 08:36:33.474445|[g:1][CONSENSUS][PBFT]checkTimeout Succ,view=5793,toView=5794,nodeIdx=1,changeCycle=0,myNode=ae5ce17c...,timecost=0.822
info|2019-12-11 08:36:33.480077|[g:1][CONSENSUS][PBFT]checkAndChangeView: Reach consensus,org_view=5793,org_changeCycle=0,cur_changeCycle=0,to_view=5794
info|2019-12-11 08:36:34.481539|[g:1][CONSENSUS]addRawPrepare,height=1,reqIdx=2,hash=fe074d4d...
info|2019-12-11 08:36:34.484795|[g:1][CONSENSUS][PBFT]checkTimeout Succ,view=5794,toView=5795,nodeIdx=1,changeCycle=0,myNode=ae5ce17c...,timecost=3.026
info|2019-12-11 08:36:34.487506|[g:1][CONSENSUS][PBFT]checkAndChangeView: Reach consensus,org_view=5794,org_changeCycle=0,cur_changeCycle=0,to_view=5795
info|2019-12-11 08:36:35.487472|[g:1][CONSENSUS]addRawPrepare,height=1,reqIdx=3,hash=ec4c90e1...
info|2019-12-11 08:36:35.488595|[g:1][CONSENSUS][PBFT]checkTimeout Succ,view=5795,toView=5796,nodeIdx=1,changeCycle=0,myNode=ae5ce17c...,timecost=0.88
info|2019-12-11 08:36:35.491964|[g:1][CONSENSUS][PBFT]checkAndChangeView: Reach consensus,org_view=5795,org_changeCycle=0,cur_changeCycle=0,to_view=5796
info|2019-12-11 08:36:36.493534|[g:1][CONSENSUS]addRawPrepare,height=1,reqIdx=0,hash=80f1fc9c...
info|2019-12-11 08:36:36.494636|[g:1][CONSENSUS][PBFT]checkTimeout Succ,view=5796,toView=5797,nodeIdx=1,changeCycle=0,myNode=ae5ce17c...,timecost=0.84
info|2019-12-11 08:36:36.497955|[g:1][CONSENSUS][PBFT]checkAndChangeView: Reach consensus,org_view=5796,org_changeCycle=0,cur_changeCycle=0,to_view=5797
info|2019-12-11 08:36:37.498391|[g:1][CONSENSUS][SEALER]++++++++++++++++ Generating seal on,blkNum=1,tx=0,nodeIdx=1,hash=7597875b...
info|2019-12-11 08:36:37.505283|[g:1][CONSENSUS][PBFT]checkTimeout Succ,view=5797,toView=5798,nodeIdx=1,changeCycle=0,myNode=ae5ce17c...,timecost=1.049
info|2019-12-11 08:36:37.506457|[g:1][CONSENSUS][PBFT]checkAndChangeView: Reach consensus,org_view=5797,org_changeCycle=0,cur_changeCycle=0,to_view=5798
info|2019-12-11 08:36:38.508882|[g:1][CONSENSUS]addRawPrepare,height=1,reqIdx=2,hash=d24bed54...
info|2019-12-11 08:36:38.510095|[g:1][CONSENSUS][PBFT]checkTimeout Succ,view=5798,toView=5799,nodeIdx=1,changeCycle=0,myNode=ae5ce17c...,timecost=0.916
info|2019-12-11 08:36:38.513778|[g:1][CONSENSUS][PBFT]checkAndChangeView: Reach consensus,org_view=5798,org_changeCycle=0,cur_changeCycle=0,to_view=5799
info|2019-12-11 08:36:39.515919|[g:1][CONSENSUS]addRawPrepare,height=1,reqIdx=3,hash=e55e8c87...
info|2019-12-11 08:36:39.517347|[g:1][CONSENSUS][PBFT]checkTimeout Succ,view=5799,toView=5800,nodeIdx=1,changeCycle=0,myNode=ae5ce17c...,timecost=1.262
info|2019-12-11 08:36:39.521359|[g:1][CONSENSUS][PBFT]checkAndChangeView: Reach consensus,org_view=5799,org_changeCycle=0,cur_changeCycle=0,to_view=5800
info|2019-12-11 08:36:40.523705|[g:1][CONSENSUS]addRawPrepare,height=1,reqIdx=0,hash=c09ab51f...
info|2019-12-11 08:36:40.524683|[g:1][CONSENSUS][PBFT]checkTimeout Succ,view=5800,toView=5801,nodeIdx=1,changeCycle=0,myNode=ae5ce17c...,timecost=0.776
info|2019-12-11 08:36:40.529433|[g:1][CONSENSUS][PBFT]checkAndChangeView: Reach consensus,org_view=5800,org_changeCycle=0,cur_changeCycle=0,to_view=5801
info|2019-12-11 08:36:41.029650|[P2P][Service] heartBeat,connected count=3
info|2019-12-11 08:36:41.529250|[g:1][CONSENSUS][SEALER]++++++++++++++++ Generating seal on,blkNum=1,tx=0,nodeIdx=1,hash=2309d001...
info|2019-12-11 08:36:41.533934|[g:1][CONSENSUS][PBFT]checkTimeout Succ,view=5801,toView=5802,nodeIdx=1,changeCycle=0,myNode=ae5ce17c...,timecost=0.779
info|2019-12-11 08:36:41.536395|[g:1][CONSENSUS][PBFT]checkAndChangeView: Reach consensus,org_view=5801,org_changeCycle=0,cur_changeCycle=0,to_view=5802
info|2019-12-11 08:36:42.538113|[g:1][CONSENSUS]addRawPrepare,height=1,reqIdx=2,hash=db8132e1...
info|2019-12-11 08:36:42.538830|[g:1][CONSENSUS][PBFT]checkTimeout Succ,view=5802,toView=5803,nodeIdx=1,changeCycle=0,myNode=ae5ce17c...,timecost=0.465
info|2019-12-11 08:36:42.541207|[g:1][CONSENSUS][PBFT]checkAndChangeView: Reach consensus,org_view=5802,org_changeCycle=0,cur_changeCycle=0,to_view=5803
info|2019-12-11 08:36:43.543070|[g:1][CONSENSUS]addRawPrepare,height=1,reqIdx=3,hash=03419132...
info|2019-12-11 08:36:43.543822|[g:1][CONSENSUS][PBFT]checkTimeout Succ,view=5803,toView=5804,nodeIdx=1,changeCycle=0,myNode=ae5ce17c...,timecost=0.591
info|2019-12-11 08:36:43.546167|[g:1][CONSENSUS][PBFT]checkAndChangeView: Reach consensus,org_view=5803,org_changeCycle=0,cur_changeCycle=0,to_view=5804
info|2019-12-11 08:36:44.548722|[g:1][CONSENSUS]addRawPrepare,height=1,reqIdx=0,hash=a5904309...
info|2019-12-11 08:36:44.550403|[g:1][CONSENSUS][PBFT]checkTimeout Succ,view=5804,toView=5805,nodeIdx=1,changeCycle=0,myNode=ae5ce17c...,timecost=1.223
info|2019-12-11 08:36:44.553162|[g:1][CONSENSUS][PBFT]checkAndChangeView: Reach consensus,org_view=5804,org_changeCycle=0,cur_changeCycle=0,to_view=5805
info|2019-12-11 08:36:45.553486|[g:1][CONSENSUS][SEALER]++++++++++++++++ Generating seal on,blkNum=1,tx=0,nodeIdx=1,hash=2d4c63e7...
info|2019-12-11 08:36:45.554967|[g:1][CONSENSUS][PBFT]checkTimeout Succ,view=5805,toView=5806,nodeIdx=1,changeCycle=0,myNode=ae5ce17c...,timecost=0.953
info|2019-12-11 08:36:45.561631|[g:1][CONSENSUS][PBFT]checkAndChangeView: Reach consensus,org_view=5805,org_changeCycle=0,cur_changeCycle=0,to_view=5806
info|2019-12-11 08:36:46.563769|[g:1][CONSENSUS]addRawPrepare,height=1,reqIdx=2,hash=81ecc6b5...
info|2019-12-11 08:36:46.564900|[g:1][CONSENSUS][PBFT]checkTimeout Succ,view=5806,toView=5807,nodeIdx=1,changeCycle=0,myNode=ae5ce17c...,timecost=0.878
info|2019-12-11 08:36:46.568140|[g:1][CONSENSUS][PBFT]checkAndChangeView: Reach consensus,org_view=5806,org_changeCycle=0,cur_changeCycle=0,to_view=5807
