info|2019-12-11 00:00:00.303045|[g:1][CONSENSUS]addRawPrepare,height=1,reqIdx=3,hash=a190f794...
info|2019-12-11 00:00:00.303899|[g:1][CONSENSUS][PBFT]checkTimeout Succ,view=5447,toView=5448,nodeIdx=1,changeCycle=0,myNode=ae5ce17c...,timecost=0.616
info|2019-12-11 00:00:00.307223|[g:1][CONSENSUS][PBFT]checkAndChangeView: Reach consensus,org_view=5447,org_changeCycle=0,cur_changeCycle=0,to_view=5448
info|2019-12-11 00:00:01.309277|[g:1][CONSENSUS]addRawPrepare,height=1,reqIdx=0,hash=ccafe7bd...
info|2019-12-11 00:00:01.309946|[g:1][CONSENSUS][PBFT]checkTimeout Succ,view=5448,toView=5449,nodeIdx=1,changeCycle=0,myNode=ae5ce17c...,timecost=0.519
info|2019-12-11 00:00:01.311371|[g:1][CONSENSUS][PBFT]checkAndChangeView: Reach consensus,org_view=5448,org_changeCycle=0,cur_changeCycle=0,to_view=5449
info|2019-12-11 00:00:02.312240|[g:1][CONSENSUS][SEALER]++++++++++++++++ Generating seal on,blkNum=1,tx=0,nodeIdx=1,hash=18c9f33a...
info|2019-12-11 00:00:02.318515|[g:1][CONSENSUS][PBFT]checkTimeout Succ,view=5449,toView=5450,nodeIdx=1,changeCycle=0,myNode=ae5ce17c...,timecost=0.832
info|2019-12-11 00:00:02.320784|[g:1][CONSENSUS][PBFT]checkAndChangeView: Reach consensus,org_view=5449,org_changeCycle=0,cur_changeCycle=0,to_view=5450
info|2019-12-11 00:00:03.336481|[g:1][CONSENSUS]addRawPrepare,height=1,reqIdx=2,hash=d9f89947...
info|2019-12-11 00:00:03.337130|[g:1][CONSENSUS][PBFT]checkTimeout Succ,view=5450,toView=5451,nodeIdx=1,changeCycle=0,myNode=ae5ce17c...,timecost=0.469
info|2019-12-11 00:00:03.351885|[g:1][CONSENSUS][PBFT]checkAndChangeView: Reach consensus,org_view=5450,org_changeCycle=0,cur_changeCycle=0,to_view=5451
info|2019-12-11 00:33:33.016552|[P2P][Service] heartBeat,connected count=3
warning|2019-12-11 00:33:33.018621|[g:1][CONSENSUS][PBFT]ViewChangeWarning: not caused by omit empty block ,v=5451,toV=5452,curNum=0,hash=382ff964...,nodeIdx=1,myNode=ae5ce17c...
info|2019-12-11 00:33:33.018905|[g:1][CONSENSUS][PBFT]checkTimeout Succ,view=5451,toView=5452,nodeIdx=1,changeCycle=1,myNode=ae5ce17c...,timecost=0.601
info|2019-12-11 00:33:33.026184|[g:1][CONSENSUS][PBFT]checkAndChangeView: Reach consensus,org_view=5451,org_changeCycle=1,cur_changeCycle=1,to_view=5452
info|2019-12-11 00:33:34.028712|[g:1][CONSENSUS]addRawPrepare,height=1,reqIdx=0,hash=7406a131...
info|2019-12-11 00:33:34.032840|[g:1][CONSENSUS][PBFT]checkTimeout Succ,view=5452,toView=5453,nodeIdx=1,changeCycle=0,myNode=ae5ce17c...,timecost=0.542
info|2019-12-11 00:33:34.034376|[g:1][CONSENSUS][PBFT]checkAndChangeView: Reach consensus,org_view=5452,org_changeCycle=0,cur_changeCycle=0,to_view=5453
info|2019-12-11 00:33:35.035443|[g:1][CONSENSUS][SEALER]++++++++++++++++ Generating seal on,blkNum=1,tx=0,nodeIdx=1,hash=426cf59c...
info|2019-12-11 00:33:35.037121|[g:1][CONSENSUS][PBFT]checkTimeout Succ,view=5453,toView=5454,nodeIdx=1,changeCycle=0,myNode=ae5ce17c...,timecost=1.065
info|2019-12-11 00:33:35.042352|[g:1][CONSENSUS][PBFT]checkAndChangeView: Reach consensus,org_view=5453,org_changeCycle=0,cur_changeCycle=0,to_view=5454
info|2019-12-11 00:33:36.046605|[g:1][CONSENSUS]addRawPrepare,height=1,reqIdx=2,hash=fac69ba8...
info|2019-12-11 00:33:36.047297|[g:1][CONSENSUS][PBFT]checkTimeout Succ,view=5454,toView=5455,nodeIdx=1,changeCycle=0,myNode=ae5ce17c...,timecost=0.511
info|2019-12-11 00:33:36.048995|[g:1][CONSENSUS][PBFT]checkAndChangeView: Reach consensus,org_view=5454,org_changeCycle=0,cur_changeCycle=0,to_view=5455
info|2019-12-11 00:33:37.052495|[g:1][CONSENSUS]addRawPrepare,height=1,reqIdx=3,hash=47ebc8bd...
info|2019-12-11 00:33:37.053683|[g:1][CONSENSUS][PBFT]checkTimeout Succ,view=5455,toView=5456,nodeIdx=1,changeCycle=0,myNode=ae5ce17c...,timecost=0.92
info|2019-12-11 00:33:37.057154|[g:1][CONSENSUS][PBFT]checkAndChangeView: Reach consensus,org_view=5455,org_changeCycle=0,cur_changeCycle=0,to_view=5456
info|2019-12-11 00:33:38.060794|[g:1][CONSENSUS]addRawPrepare,height=1,reqIdx=0,hash=251f229c...
info|2019-12-11 00:33:38.061816|[g:1][CONSENSUS][PBFT]checkTimeout Succ,view=5456,toView=5457,nodeIdx=1,changeCycle=0,myNode=ae5ce17c...,timecost=0.542
info|2019-12-11 00:33:38.065416|[g:1][CONSENSUS][PBFT]checkAndChangeView: Reach consensus,org_view=5456,org_changeCycle=0,cur_changeCycle=0,to_view=5457
info|2019-12-11 00:33:39.066672|[g:1][CONSENSUS][SEALER]++++++++++++++++ Generating seal on,blkNum=1,tx=0,nodeIdx=1,hash=1a6cc9fe...
info|2019-12-11 00:33:39.072069|[g:1][CONSENSUS][PBFT]checkTimeout Succ,view=5457,toView=5458,nodeIdx=1,changeCycle=0,myNode=ae5ce17c...,timecost=0.895
info|2019-12-11 00:33:39.074503|[g:1][CONSENSUS][PBFT]checkAndChangeView: Reach consensus,org_view=5457,org_changeCycle=0,cur_changeCycle=0,to_view=5458
info|2019-12-11 00:33:40.075336|[g:1][CONSENSUS]addRawPrepare,height=1,reqIdx=2,hash=d0fb8279...
info|2019-12-11 00:33:40.075985|[g:1][CONSENSUS][PBFT]checkTimeout Succ,view=5458,toView=5459,nodeIdx=1,changeCycle=0,myNode=ae5ce17c...,timecost=0.507
info|2019-12-11 00:33:40.078716|[g:1][CONSENSUS][PBFT]checkAndChangeView: Reach consensus,org_view=5458,org_changeCycle=0,cur_changeCycle=0,to_view=5459
info|2019-12-11 00:33:41.079427|[g:1][CONSENSUS]addRawPrepare,height=1,reqIdx=3,hash=171b3614...
info|2019-12-11 00:33:41.080222|[g:1][CONSENSUS][PBFT]checkTimeout Succ,view=5459,toView=5460,nodeIdx=1,changeCycle=0,myNode=ae5ce17c...,timecost=0.559
info|2019-12-11 00:33:41.083024|[g:1][CONSENSUS][PBFT]checkAndChangeView: Reach consensus,org_view=5459,org_changeCycle=0,cur_changeCycle=0,to_view=5460
info|2019-12-11 00:33:42.083484|[g:1][CONSENSUS]addRawPrepare,height=1,reqIdx=0,hash=6e7132f6...
info|2019-12-11 00:33:42.085155|[g:1][CONSENSUS][PBFT]checkTimeout Succ,view=5460,toView=5461,nodeIdx=1,changeCycle=0,myNode=ae5ce17c...,timecost=1.199
info|2019-12-11 00:33:42.086458|[g:1][CONSENSUS][PBFT]checkAndChangeView: Reach consensus,org_view=5460,org_changeCycle=0,cur_changeCycle=0,to_view=5461
info|2019-12-11 00:33:43.019531|[P2P][Service] heartBeat,connected count=3
info|2019-12-11 00:33:43.087492|[g:1][CONSENSUS][SEALER]++++++++++++++++ Generating seal on,blkNum=1,tx=0,nodeIdx=1,hash=9d7de0fd...
info|2019-12-11 00:33:43.093538|[g:1][CONSENSUS][PBFT]checkTimeout Succ,view=5461,toView=5462,nodeIdx=1,changeCycle=0,myNode=ae5ce17c...,timecost=0.952
info|2019-12-11 00:33:43.096057|[g:1][CONSENSUS][PBFT]checkAndChangeView: Reach consensus,org_view=5461,org_changeCycle=0,cur_changeCycle=0,to_view=5462
info|2019-12-11 00:33:44.098052|[g:1][CONSENSUS]addRawPrepare,height=1,reqIdx=2,hash=232c3fde...
info|2019-12-11 00:33:44.099096|[g:1][CONSENSUS][PBFT]checkTimeout Succ,view=5462,toView=5463,nodeIdx=1,changeCycle=0,myNode=ae5ce17c...,timecost=0.844
info|2019-12-11 00:33:44.102585|[g:1][CONSENSUS][PBFT]checkAndChangeView: Reach consensus,org_view=5462,org_changeCycle=0,cur_changeCycle=0,to_view=5463
info|2019-12-11 00:33:45.105831|[g:1][CONSENSUS]addRawPrepare,height=1,reqIdx=3,hash=9b7518fc...
info|2019-12-11 00:33:45.106778|[g:1][CONSENSUS][PBFT]checkTimeout Succ,view=5463,toView=5464,nodeIdx=1,changeCycle=0,myNode=ae5ce17c...,timecost=0.728
info|2019-12-11 00:33:45.110878|[g:1][CONSENSUS][PBFT]checkAndChangeView: Reach consensus,org_view=5463,org_changeCycle=0,cur_changeCycle=0,to_view=5464
info|2019-12-11 00:33:46.111760|[g:1][CONSENSUS]addRawPrepare,height=1,reqIdx=0,hash=36b77061...
info|2019-12-11 00:33:46.113906|[g:1][CONSENSUS][PBFT]checkTimeout Succ,view=5464,toView=5465,nodeIdx=1,changeCycle=0,myNode=ae5ce17c...,timecost=1.99
info|2019-12-11 00:33:46.115314|[g:1][CONSENSUS][PBFT]checkAndChangeView: Reach consensus,org_view=5464,org_changeCycle=0,cur_changeCycle=0,to_view=5465
info|2019-12-11 00:33:47.115832|[g:1][CONSENSUS][SEALER]++++++++++++++++ Generating seal on,blkNum=1,tx=0,nodeIdx=1,hash=fec2a2b1...
info|2019-12-11 00:33:47.117537|[g:1][CONSENSUS][PBFT]checkTimeout Succ,view=5465,toView=5466,nodeIdx=1,changeCycle=0,myNode=ae5ce17c...,timecost=0.611
info|2019-12-11 00:33:47.120904|[g:1][CONSENSUS][PBFT]checkAndChangeView: Reach consensus,org_view=5465,org_changeCycle=0,cur_changeCycle=0,to_view=5466
info|2019-12-11 00:33:48.123242|[g:1][CONSENSUS]addRawPrepare,height=1,reqIdx=2,hash=29c186c2...
info|2019-12-11 00:33:48.124484|[g:1][CONSENSUS][PBFT]checkTimeout Succ,view=5466,toView=5467,nodeIdx=1,changeCycle=0,myNode=ae5ce17c...,timecost=0.976
info|2019-12-11 00:33:48.128738|[g:1][CONSENSUS][PBFT]checkAndChangeView: Reach consensus,org_view=5466,org_changeCycle=0,cur_changeCycle=0,to_view=5467
info|2019-12-11 00:33:49.133237|[g:1][CONSENSUS]addRawPrepare,height=1,reqIdx=3,hash=6184abdd...
info|2019-12-11 00:33:49.134977|[g:1][CONSENSUS][PBFT]checkTimeout Succ,view=5467,toView=5468,nodeIdx=1,changeCycle=0,myNode=ae5ce17c...,timecost=1.469
info|2019-12-11 00:33:49.141257|[g:1][CONSENSUS][PBFT]checkAndChangeView: Reach consensus,org_view=5467,org_changeCycle=0,cur_changeCycle=0,to_view=5468
info|2019-12-11 00:33:50.142761|[g:1][CONSENSUS]addRawPrepare,height=1,reqIdx=0,hash=8245577e...
info|2019-12-11 00:33:50.145443|[g:1][CONSENSUS][PBFT]checkTimeout Succ,view=5468,toView=5469,nodeIdx=1,changeCycle=0,myNode=ae5ce17c...,timecost=2.375
info|2019-12-11 00:33:50.148472|[g:1][CONSENSUS][PBFT]checkAndChangeView: Reach consensus,org_view=5468,org_changeCycle=0,cur_changeCycle=0,to_view=5469
info|2019-12-11 00:33:51.149368|[g:1][CONSENSUS][SEALER]++++++++++++++++ Generating seal on,blkNum=1,tx=0,nodeIdx=1,hash=9e4475cc...
info|2019-12-11 00:33:51.150861|[g:1][CONSENSUS][PBFT]checkTimeout Succ,view=5469,toView=5470,nodeIdx=1,changeCycle=0,myNode=ae5ce17c...,timecost=0.975
info|2019-12-11 00:33:51.156746|[g:1][CONSENSUS][PBFT]checkAndChangeView: Reach consensus,org_view=5469,org_changeCycle=0,cur_changeCycle=0,to_view=5470
info|2019-12-11 00:33:52.160507|[g:1][CONSENSUS]addRawPrepare,height=1,reqIdx=2,hash=f065f3b9...
info|2019-12-11 00:33:52.161810|[g:1][CONSENSUS][PBFT]checkTimeout Succ,view=5470,toView=5471,nodeIdx=1,changeCycle=0,myNode=ae5ce17c...,timecost=1.071
info|2019-12-11 00:33:52.166521|[g:1][CONSENSUS][PBFT]checkAndChangeView: Reach consensus,org_view=5470,org_changeCycle=0,cur_changeCycle=0,to_view=5471
info|2019-12-11 00:33:53.020217|[P2P][Service] heartBeat,connected count=3
info|2019-12-11 00:33:53.167086|[g:1][CONSENSUS]addRawPrepare,height=1,reqIdx=3,hash=1c55c749...
info|2019-12-11 00:33:53.171135|[g:1][CONSENSUS][PBFT]checkTimeout Succ,view=5471,toView=5472,nodeIdx=1,changeCycle=0,myNode=ae5ce17c...,timecost=3.656
info|2019-12-11 00:33:53.172778|[g:1][CONSENSUS][PBFT]checkAndChangeView: Reach consensus,org_view=5471,org_changeCycle=0,cur_changeCycle=0,to_view=5472
info|2019-12-11 00:33:54.173755|[g:1][CONSENSUS]addRawPrepare,height=1,reqIdx=0,hash=e7ff703d...
info|2019-12-11 00:33:54.174240|[g:1][CONSENSUS][PBFT]checkTimeout Succ,view=5472,toView=5473,nodeIdx=1,changeCycle=0,myNode=ae5ce17c...,timecost=0.365
info|2019-12-11 00:33:54.176235|[g:1][CONSENSUS][PBFT]checkAndChangeView: Reach consensus,org_view=5472,org_changeCycle=0,cur_changeCycle=0,to_view=5473
info|2019-12-11 00:33:55.176333|[g:1][CONSENSUS][SEALER]++++++++++++++++ Generating seal on,blkNum=1,tx=0,nodeIdx=1,hash=1298cf19...
info|2019-12-11 00:33:55.180727|[g:1][CONSENSUS][PBFT]checkTimeout Succ,view=5473,toView=5474,nodeIdx=1,changeCycle=0,myNode=ae5ce17c...,timecost=0.388
info|2019-12-11 00:33:55.181787|[g:1][CONSENSUS][PBFT]checkAndChangeView: Reach consensus,org_view=5473,org_changeCycle=0,cur_changeCycle=0,to_view=5474
info|2019-12-11 00:33:56.185567|[g:1][CONSENSUS]addRawPrepare,height=1,reqIdx=2,hash=96566a10...
info|2019-12-11 00:33:56.189171|[g:1][CONSENSUS][PBFT]checkTimeout Succ,view=5474,toView=5475,nodeIdx=1,changeCycle=0,myNode=ae5ce17c...,timecost=3.33
info|2019-12-11 00:33:56.190297|[g:1][CONSENSUS][PBFT]checkAndChangeView: Reach consensus,org_view=5474,org_changeCycle=0,cur_changeCycle=0,to_view=5475
info|2019-12-11 00:33:57.190723|[g:1][CONSENSUS]addRawPrepare,height=1,reqIdx=3,hash=2f4c57c9...
info|2019-12-11 00:33:57.192202|[g:1][CONSENSUS][PBFT]checkTimeout Succ,view=5475,toView=5476,nodeIdx=1,changeCycle=0,myNode=ae5ce17c...,timecost=1.238
info|2019-12-11 00:33:57.197924|[g:1][CONSENSUS][PBFT]checkAndChangeView: Reach consensus,org_view=5475,org_changeCycle=0,cur_changeCycle=0,to_view=5476
info|2019-12-11 00:33:58.198492|[g:1][CONSENSUS]addRawPrepare,height=1,reqIdx=0,hash=0063092a...
info|2019-12-11 00:33:58.200332|[g:1][CONSENSUS][PBFT]checkTimeout Succ,view=5476,toView=5477,nodeIdx=1,changeCycle=0,myNode=ae5ce17c...,timecost=1.639
info|2019-12-11 00:33:58.202129|[g:1][CONSENSUS][PBFT]checkAndChangeView: Reach consensus,org_view=5476,org_changeCycle=0,cur_changeCycle=0,to_view=5477
info|2019-12-11 00:33:59.202360|[g:1][CONSENSUS][SEALER]++++++++++++++++ Generating seal on,blkNum=1,tx=0,nodeIdx=1,hash=9103ad8a...
info|2019-12-11 00:33:59.203743|[g:1][CONSENSUS][PBFT]checkTimeout Succ,view=5477,toView=5478,nodeIdx=1,changeCycle=0,myNode=ae5ce17c...,timecost=0.8
info|2019-12-11 00:33:59.209345|[g:1][CONSENSUS][PBFT]checkAndChangeView: Reach consensus,org_view=5477,org_changeCycle=0,cur_changeCycle=0,to_view=5478
info|2019-12-11 00:34:00.209716|[g:1][CONSENSUS]addRawPrepare,height=1,reqIdx=2,hash=a10d465a...
info|2019-12-11 00:34:00.210589|[g:1][CONSENSUS][PBFT]checkTimeout Succ,view=5478,toView=5479,nodeIdx=1,changeCycle=0,myNode=ae5ce17c...,timecost=0.474
info|2019-12-11 00:34:00.213826|[g:1][CONSENSUS][PBFT]checkAndChangeView: Reach consensus,org_view=5478,org_changeCycle=0,cur_changeCycle=0,to_view=5479
info|2019-12-11 00:34:01.215971|[g:1][CONSENSUS]addRawPrepare,height=1,reqIdx=3,hash=ec18e7b5...
info|2019-12-11 00:34:01.217299|[g:1][CONSENSUS][PBFT]checkTimeout Succ,view=5479,toView=5480,nodeIdx=1,changeCycle=0,myNode=ae5ce17c...,timecost=1.07
info|2019-12-11 00:34:01.222184|[g:1][CONSENSUS][PBFT]checkAndChangeView: Reach consensus,org_view=5479,org_changeCycle=0,cur_changeCycle=0,to_view=5480
info|2019-12-11 00:34:02.222046|[g:1][CONSENSUS]addRawPrepare,height=1,reqIdx=0,hash=772856d3...
info|2019-12-11 00:34:02.223312|[g:1][CONSENSUS][PBFT]checkTimeout Succ,view=5480,toView=5481,nodeIdx=1,changeCycle=0,myNode=ae5ce17c...,timecost=0.843
info|2019-12-11 00:34:02.225035|[g:1][CONSENSUS][PBFT]checkAndChangeView: Reach consensus,org_view=5480,org_changeCycle=0,cur_changeCycle=0,to_view=5481
info|2019-12-11 00:34:03.024095|[P2P][Service] heartBeat,connected count=3
info|2019-12-11 00:34:03.226617|[g:1][CONSENSUS][SEALER]++++++++++++++++ Generating seal on,blkNum=1,tx=0,nodeIdx=1,hash=f56ef9a2...
info|2019-12-11 00:34:03.228099|[g:1][CONSENSUS][PBFT]checkTimeout Succ,view=5481,toView=5482,nodeIdx=1,changeCycle=0,myNode=ae5ce17c...,timecost=0.856
info|2019-12-11 00:34:03.235207|[g:1][CONSENSUS][PBFT]checkAndChangeView: Reach consensus,org_view=5481,org_changeCycle=0,cur_changeCycle=0,to_view=5482
info|2019-12-11 00:34:04.239354|[g:1][CONSENSUS]addRawPrepare,height=1,reqIdx=2,hash=18f76622...
info|2019-12-11 00:34:04.241472|[g:1][CONSENSUS][PBFT]checkTimeout Succ,view=5482,toView=5483,nodeIdx=1,changeCycle=0,myNode=ae5ce17c...,timecost=1.945
info|2019-12-11 00:34:04.244180|[g:1][CONSENSUS][PBFT]checkAndChangeView: Reach consensus,org_view=5482,org_changeCycle=0,cur_changeCycle=0,to_view=5483
info|2019-12-11 00:34:05.247326|[g:1][CONSENSUS]addRawPrepare,height=1,reqIdx=3,hash=3a37111e...
info|2019-12-11 00:34:05.248769|[g:1][CONSENSUS][PBFT]checkTimeout Succ,view=5483,toView=5484,nodeIdx=1,changeCycle=0,myNode=ae5ce17c...,timecost=1.231
info|2019-12-11 00:34:05.250504|[g:1][CONSENSUS][PBFT]checkAndChangeView: Reach consensus,org_view=5483,org_changeCycle=0,cur_changeCycle=0,to_view=5484
info|2019-12-11 00:34:06.253168|[g:1][CONSENSUS]addRawPrepare,height=1,reqIdx=0,hash=6e95669d...
info|2019-12-11 00:34:06.253680|[g:1][CONSENSUS][PBFT]checkTimeout Succ,view=5484,toView=5485,nodeIdx=1,changeCycle=0,myNode=ae5ce17c...,timecost=0.367
info|2019-12-11 00:34:06.255825|[g:1][CONSENSUS][PBFT]checkAndChangeView: Reach consensus,org_view=5484,org_changeCycle=0,cur_changeCycle=0,to_view=5485
info|2019-12-11 00:34:07.256603|[g:1][CONSENSUS][SEALER]++++++++++++++++ Generating seal on,blkNum=1,tx=0,nodeIdx=1,hash=81ad8239...
info|2019-12-11 00:34:07.260298|[g:1][CONSENSUS][PBFT]checkTimeout Succ,view=5485,toView=5486,nodeIdx=1,changeCycle=0,myNode=ae5ce17c...,timecost=0.727
info|2019-12-11 00:34:07.261896|[g:1][CONSENSUS][PBFT]checkAndChangeView: Reach consensus,org_view=5485,org_changeCycle=0,cur_changeCycle=0,to_view=5486
info|2019-12-11 00:34:08.264434|[g:1][CONSENSUS]addRawPrepare,height=1,reqIdx=2,hash=b2ffbfcb...
info|2019-12-11 00:34:08.265662|[g:1][CONSENSUS][PBFT]checkTimeout Succ,view=5486,toView=5487,nodeIdx=1,changeCycle=0,myNode=ae5ce17c...,timecost=0.86
info|2019-12-11 00:34:08.270253|[g:1][CONSENSUS][PBFT]checkAndChangeView: Reach consensus,org_view=5486,org_changeCycle=0,cur_changeCycle=0,to_view=5487
info|2019-12-11 00:34:09.272558|[g:1][CONSENSUS]addRawPrepare,height=1,reqIdx=3,hash=cda96e4c...
info|2019-12-11 00:34:09.273451|[g:1][CONSENSUS][PBFT]checkTimeout Succ,view=5487,toView=5488,nodeIdx=1,changeCycle=0,myNode=ae5ce17c...,timecost=0.668
info|2019-12-11 00:34:09.275439|[g:1][CONSENSUS][PBFT]checkAndChangeView: Reach consensus,org_view=5487,org_changeCycle=0,cur_changeCycle=0,to_view=5488
info|2019-12-11 00:34:10.278036|[g:1][CONSENSUS]addRawPrepare,height=1,reqIdx=0,hash=795f5137...
info|2019-12-11 00:34:10.279114|[g:1][CONSENSUS][PBFT]checkTimeout Succ,view=5488,toView=5489,nodeIdx=1,changeCycle=0,myNode=ae5ce17c...,timecost=0.872
info|2019-12-11 00:34:10.281295|[g:1][CONSENSUS][PBFT]checkAndChangeView: Reach consensus,org_view=5488,org_changeCycle=0,cur_changeCycle=0,to_view=5489
info|2019-12-11 00:34:11.281900|[g:1][CONSENSUS][SEALER]++++++++++++++++ Generating seal on,blkNum=1,tx=0,nodeIdx=1,hash=6bae90f5...
info|2019-12-11 00:34:11.283607|[g:1][CONSENSUS][PBFT]checkTimeout Succ,view=5489,toView=5490,nodeIdx=1,changeCycle=0,myNode=ae5ce17c...,timecost=0.945
info|2019-12-11 00:34:11.289251|[g:1][CONSENSUS][PBFT]checkAndChangeView: Reach consensus,org_view=5489,org_changeCycle=0,cur_changeCycle=0,to_view=5490
info|2019-12-11 00:34:12.293729|[g:1][CONSENSUS]addRawPrepare,height=1,reqIdx=2,hash=90f0a60d...
info|2019-12-11 00:34:12.295143|[g:1][CONSENSUS][PBFT]checkTimeout Succ,view=5490,toView=5491,nodeIdx=1,changeCycle=0,myNode=ae5ce17c...,timecost=1.081
info|2019-12-11 00:34:12.299731|[g:1][CONSENSUS][PBFT]checkAndChangeView: Reach consensus,org_view=5490,org_changeCycle=0,cur_changeCycle=0,to_view=5491
info|2019-12-11 00:34:13.031828|[P2P][Service] heartBeat,connected count=3
info|2019-12-11 00:34:13.301076|[g:1][CONSENSUS]addRawPrepare,height=1,reqIdx=3,hash=c057aa1f...
info|2019-12-11 00:34:13.301804|[g:1][CONSENSUS][PBFT]checkTimeout Succ,view=5491,toView=5492,nodeIdx=1,changeCycle=0,myNode=ae5ce17c...,timecost=0.413
info|2019-12-11 00:34:13.303370|[g:1][CONSENSUS][PBFT]checkAndChangeView: Reach consensus,org_view=5491,org_changeCycle=0,cur_changeCycle=0,to_view=5492
info|2019-12-11 00:34:14.307563|[g:1][CONSENSUS]addRawPrepare,height=1,reqIdx=0,hash=888ca9e8...
info|2019-12-11 00:34:14.308461|[g:1][CONSENSUS][PBFT]checkTimeout Succ,view=5492,toView=5493,nodeIdx=1,changeCycle=0,myNode=ae5ce17c...,timecost=0.581
info|2019-12-11 00:34:14.314723|[g:1][CONSENSUS][PBFT]checkAndChangeView: Reach consensus,org_view=5492,org_changeCycle=0,cur_changeCycle=0,to_view=5493
info|2019-12-11 00:34:15.314924|[g:1][CONSENSUS][SEALER]++++++++++++++++ Generating seal on,blkNum=1,tx=0,nodeIdx=1,hash=37642d14...
info|2019-12-11 00:34:15.321660|[g:1][CONSENSUS][PBFT]checkTimeout Succ,view=5493,toView=5494,nodeIdx=1,changeCycle=0,myNode=ae5ce17c...,timecost=0.951
info|2019-12-11 00:34:15.323088|[g:1][CONSENSUS][PBFT]checkAndChangeView: Reach consensus,org_view=5493,org_changeCycle=0,cur_changeCycle=0,to_view=5494
info|2019-12-11 00:34:16.322908|[g:1][CONSENSUS]addRawPrepare,height=1,reqIdx=2,hash=bdb3dbca...
info|2019-12-11 00:34:16.323352|[g:1][CONSENSUS][PBFT]checkTimeout Succ,view=5494,toView=5495,nodeIdx=1,changeCycle=0,myNode=ae5ce17c...,timecost=0.313
info|2019-12-11 00:34:16.328660|[g:1][CONSENSUS][PBFT]checkAndChangeView: Reach consensus,org_view=5494,org_changeCycle=0,cur_changeCycle=0,to_view=5495
info|2019-12-11 00:34:17.331597|[g:1][CONSENSUS]addRawPrepare,height=1,reqIdx=3,hash=d810cd51...
info|2019-12-11 00:34:17.334913|[g:1][CONSENSUS][PBFT]checkTimeout Succ,view=5495,toView=5496,nodeIdx=1,changeCycle=0,myNode=ae5ce17c...,timecost=2.878
info|2019-12-11 00:34:17.337426|[g:1][CONSENSUS][PBFT]checkAndChangeView: Reach consensus,org_view=5495,org_changeCycle=0,cur_changeCycle=0,to_view=5496
info|2019-12-11 00:34:18.341179|[g:1][CONSENSUS]addRawPrepare,height=1,reqIdx=0,hash=1b1c9580...
info|2019-12-11 00:34:18.342097|[g:1][CONSENSUS][PBFT]checkTimeout Succ,view=5496,toView=5497,nodeIdx=1,changeCycle=0,myNode=ae5ce17c...,timecost=0.552
info|2019-12-11 00:34:18.344063|[g:1][CONSENSUS][PBFT]checkAndChangeView: Reach consensus,org_view=5496,org_changeCycle=0,cur_changeCycle=0,to_view=5497
info|2019-12-11 00:34:19.344959|[g:1][CONSENSUS][SEALER]++++++++++++++++ Generating seal on,blkNum=1,tx=0,nodeIdx=1,hash=dd53556f...
info|2019-12-11 00:34:19.348803|[g:1][CONSENSUS][PBFT]checkTimeout Succ,view=5497,toView=5498,nodeIdx=1,changeCycle=0,myNode=ae5ce17c...,timecost=0.463
info|2019-12-11 00:34:19.350025|[g:1][CONSENSUS][PBFT]checkAndChangeView: Reach consensus,org_view=5497,org_changeCycle=0,cur_changeCycle=0,to_view=5498
info|2019-12-11 00:34:20.352365|[g:1][CONSENSUS]addRawPrepare,height=1,reqIdx=2,hash=4f2f4e72...
info|2019-12-11 00:34:20.353019|[g:1][CONSENSUS][PBFT]checkTimeout Succ,view=5498,toView=5499,nodeIdx=1,changeCycle=0,myNode=ae5ce17c...,timecost=0.488
info|2019-12-11 00:34:20.354418|[g:1][CONSENSUS][PBFT]checkAndChangeView: Reach consensus,org_view=5498,org_changeCycle=0,cur_changeCycle=0,to_view=5499
info|2019-12-11 00:34:21.356987|[g:1][CONSENSUS]addRawPrepare,height=1,reqIdx=3,hash=2ee49d02...
info|2019-12-11 00:34:21.357856|[g:1][CONSENSUS][PBFT]checkTimeout Succ,view=5499,toView=5500,nodeIdx=1,changeCycle=0,myNode=ae5ce17c...,timecost=0.698
info|2019-12-11 00:34:21.359917|[g:1][CONSENSUS][PBFT]checkAndChangeView: Reach consensus,org_view=5499,org_changeCycle=0,cur_changeCycle=0,to_view=5500
info|2019-12-11 00:34:22.362205|[g:1][CONSENSUS]addRawPrepare,height=1,reqIdx=0,hash=31a7253d...
info|2019-12-11 00:34:22.362920|[g:1][CONSENSUS][PBFT]checkTimeout Succ,view=5500,toView=5501,nodeIdx=1,changeCycle=0,myNode=ae5ce17c...,timecost=0.512
info|2019-12-11 00:34:22.365211|[g:1][CONSENSUS][PBFT]checkAndChangeView: Reach consensus,org_view=5500,org_changeCycle=0,cur_changeCycle=0,to_view=5501
info|2019-12-11 00:34:23.037326|[P2P][Service] heartBeat,connected count=3
info|2019-12-11 00:34:23.366393|[g:1][CONSENSUS][SEALER]++++++++++++++++ Generating seal on,blkNum=1,tx=0,nodeIdx=1,hash=5be3435c...
info|2019-12-11 00:34:23.367319|[g:1][CONSENSUS][PBFT]checkTimeout Succ,view=5501,toView=5502,nodeIdx=1,changeCycle=0,myNode=ae5ce17c...,timecost=0.549
info|2019-12-11 00:34:23.370733|[g:1][CONSENSUS][PBFT]checkAndChangeView: Reach consensus,org_view=5501,org_changeCycle=0,cur_changeCycle=0,to_view=5502
info|2019-12-11 00:34:24.374564|[g:1][CONSENSUS]addRawPrepare,height=1,reqIdx=2,hash=651ddc5b...
info|2019-12-11 00:34:24.375343|[g:1][CONSENSUS][PBFT]checkTimeout Succ,view=5502,toView=5503,nodeIdx=1,changeCycle=0,myNode=ae5ce17c...,timecost=0.604
info|2019-12-11 00:34:24.378246|[g:1][CONSENSUS][PBFT]checkAndChangeView: Reach consensus,org_view=5502,org_changeCycle=0,cur_changeCycle=0,to_view=5503
info|2019-12-11 00:34:25.379905|[g:1][CONSENSUS]addRawPrepare,height=1,reqIdx=3,hash=c5585c61...
info|2019-12-11 00:34:25.380640|[g:1][CONSENSUS][PBFT]checkTimeout Succ,view=5503,toView=5504,nodeIdx=1,changeCycle=0,myNode=ae5ce17c...,timecost=0.468
info|2019-12-11 00:34:25.383133|[g:1][CONSENSUS][PBFT]checkAndChangeView: Reach consensus,org_view=5503,org_changeCycle=0,cur_changeCycle=0,to_view=5504
info|2019-12-11 00:34:26.385929|[g:1][CONSENSUS]addRawPrepare,height=1,reqIdx=0,hash=2d464d7c...
info|2019-12-11 00:34:26.387054|[g:1][CONSENSUS][PBFT]checkTimeout Succ,view=5504,toView=5505,nodeIdx=1,changeCycle=0,myNode=ae5ce17c...,timecost=0.92
info|2019-12-11 00:34:26.388959|[g:1][CONSENSUS][PBFT]checkAndChangeView: Reach consensus,org_view=5504,org_changeCycle=0,cur_changeCycle=0,to_view=5505
info|2019-12-11 00:34:27.389518|[g:1][CONSENSUS][SEALER]++++++++++++++++ Generating seal on,blkNum=1,tx=0,nodeIdx=1,hash=22e63ac0...
info|2019-12-11 00:34:27.390466|[g:1][CONSENSUS][PBFT]checkTimeout Succ,view=5505,toView=5506,nodeIdx=1,changeCycle=0,myNode=ae5ce17c...,timecost=0.432
info|2019-12-11 00:34:27.393431|[g:1][CONSENSUS][PBFT]checkAndChangeView: Reach consensus,org_view=5505,org_changeCycle=0,cur_changeCycle=0,to_view=5506
info|2019-12-11 00:34:28.396481|[g:1][CONSENSUS]addRawPrepare,height=1,reqIdx=2,hash=0a8e960f...
info|2019-12-11 00:34:28.398518|[g:1][CONSENSUS][PBFT]checkTimeout Succ,view=5506,toView=5507,nodeIdx=1,changeCycle=0,myNode=ae5ce17c...,timecost=1.836
info|2019-12-11 00:34:28.400271|[g:1][CONSENSUS][PBFT]checkAndChangeView: Reach consensus,org_view=5506,org_changeCycle=0,cur_changeCycle=0,to_view=5507
info|2019-12-11 00:34:29.405306|[g:1][CONSENSUS]addRawPrepare,height=1,reqIdx=3,hash=23eaac46...
info|2019-12-11 00:34:29.406390|[g:1][CONSENSUS][PBFT]checkTimeout Succ,view=5507,toView=5508,nodeIdx=1,changeCycle=0,myNode=ae5ce17c...,timecost=0.833
info|2019-12-11 00:34:29.409149|[g:1][CONSENSUS][PBFT]checkAndChangeView: Reach consensus,org_view=5507,org_changeCycle=0,cur_changeCycle=0,to_view=5508
info|2019-12-11 00:34:30.414823|[g:1][CONSENSUS]addRawPrepare,height=1,reqIdx=0,hash=711b7b28...
info|2019-12-11 00:34:30.417136|[g:1][CONSENSUS][PBFT]checkTimeout Succ,view=5508,toView=5509,nodeIdx=1,changeCycle=0,myNode=ae5ce17c...,timecost=2.019
info|2019-12-11 00:34:30.420024|[g:1][CONSENSUS][PBFT]checkAndChangeView: Reach consensus,org_view=5508,org_changeCycle=0,cur_changeCycle=0,to_view=5509
info|2019-12-11 00:34:31.421147|[g:1][CONSENSUS][SEALER]++++++++++++++++ Generating seal on,blkNum=1,tx=0,nodeIdx=1,hash=7b8b3683...
info|2019-12-11 00:34:31.422445|[g:1][CONSENSUS][PBFT]checkTimeout Succ,view=5509,toView=5510,nodeIdx=1,changeCycle=0,myNode=ae5ce17c...,timecost=0.755
info|2019-12-11 00:34:31.430809|[g:1][CONSENSUS][PBFT]checkAndChangeView: Reach consensus,org_view=5509,org_changeCycle=0,cur_changeCycle=0,to_view=5510
info|2019-12-11 00:34:32.430538|[g:1][CONSENSUS]addRawPrepare,height=1,reqIdx=2,hash=4e2b041f...
info|2019-12-11 00:34:32.431983|[g:1][CONSENSUS][PBFT]checkTimeout Succ,view=5510,toView=5511,nodeIdx=1,changeCycle=0,myNode=ae5ce17c...,timecost=1.225
info|2019-12-11 00:34:32.435042|[g:1][CONSENSUS][PBFT]checkAndChangeView: Reach consensus,org_view=5510,org_changeCycle=0,cur_changeCycle=0,to_view=5511
info|2019-12-11 00:34:33.043844|[P2P][Service] heartBeat,connected count=3
info|2019-12-11 00:34:33.437525|[g:1][CONSENSUS]addRawPrepare,height=1,reqIdx=3,hash=7209eefa...
info|2019-12-11 00:34:33.438749|[g:1][CONSENSUS][PBFT]checkTimeout Succ,view=5511,toView=5512,nodeIdx=1,changeCycle=0,myNode=ae5ce17c...,timecost=0.842
info|2019-12-11 00:34:33.444225|[g:1][CONSENSUS][PBFT]checkAndChangeView: Reach consensus,org_view=5511,org_changeCycle=0,cur_changeCycle=0,to_view=5512
info|2019-12-11 00:34:34.448888|[g:1][CONSENSUS]addRawPrepare,height=1,reqIdx=0,hash=8a9bbbe3...
info|2019-12-11 00:34:34.451148|[g:1][CONSENSUS][PBFT]checkTimeout Succ,view=5512,toView=5513,nodeIdx=1,changeCycle=0,myNode=ae5ce17c...,timecost=1.938
info|2019-12-11 00:34:34.453869|[g:1][CONSENSUS][PBFT]checkAndChangeView: Reach consensus,org_view=5512,org_changeCycle=0,cur_changeCycle=0,to_view=5513
info|2019-12-11 00:34:35.453396|[g:1][CONSENSUS][SEALER]++++++++++++++++ Generating seal on,blkNum=1,tx=0,nodeIdx=1,hash=829094bb...
info|2019-12-11 00:34:35.454699|[g:1][CONSENSUS][PBFT]checkTimeout Succ,view=5513,toView=5514,nodeIdx=1,changeCycle=0,myNode=ae5ce17c...,timecost=0.785
info|2019-12-11 00:34:35.460512|[g:1][CONSENSUS][PBFT]checkAndChangeView: Reach consensus,org_view=5513,org_changeCycle=0,cur_changeCycle=0,to_view=5514
info|2019-12-11 00:34:36.461311|[g:1][CONSENSUS]addRawPrepare,height=1,reqIdx=2,hash=0fe37ace...
info|2019-12-11 00:34:36.462428|[g:1][CONSENSUS][PBFT]checkTimeout Succ,view=5514,toView=5515,nodeIdx=1,changeCycle=0,myNode=ae5ce17c...,timecost=0.923
info|2019-12-11 00:34:36.465452|[g:1][CONSENSUS][PBFT]checkAndChangeView: Reach consensus,org_view=5514,org_changeCycle=0,cur_changeCycle=0,to_view=5515
info|2019-12-11 00:34:37.467940|[g:1][CONSENSUS]addRawPrepare,height=1,reqIdx=3,hash=f8e844ee...
info|2019-12-11 00:34:37.469200|[g:1][CONSENSUS][PBFT]checkTimeout Succ,view=5515,toView=5516,nodeIdx=1,changeCycle=0,myNode=ae5ce17c...,timecost=1.039
info|2019-12-11 00:34:37.474183|[g:1][CONSENSUS][PBFT]checkAndChangeView: Reach consensus,org_view=5515,org_changeCycle=0,cur_changeCycle=0,to_view=5516
info|2019-12-11 00:34:38.477645|[g:1][CONSENSUS]addRawPrepare,height=1,reqIdx=0,hash=18f4a1cc...
info|2019-12-11 00:34:38.479539|[g:1][CONSENSUS][PBFT]checkTimeout Succ,view=5516,toView=5517,nodeIdx=1,changeCycle=0,myNode=ae5ce17c...,timecost=1.639
info|2019-12-11 00:34:38.483942|[g:1][CONSENSUS][PBFT]checkAndChangeView: Reach consensus,org_view=5516,org_changeCycle=0,cur_changeCycle=0,to_view=5517
info|2019-12-11 00:34:39.484551|[g:1][CONSENSUS][SEALER]++++++++++++++++ Generating seal on,blkNum=1,tx=0,nodeIdx=1,hash=3033ee49...
info|2019-12-11 00:34:39.485903|[g:1][CONSENSUS][PBFT]checkTimeout Succ,view=5517,toView=5518,nodeIdx=1,changeCycle=0,myNode=ae5ce17c...,timecost=0.772
info|2019-12-11 00:34:39.490993|[g:1][CONSENSUS][PBFT]checkAndChangeView: Reach consensus,org_view=5517,org_changeCycle=0,cur_changeCycle=0,to_view=5518
