warning|2019-12-12 00:22:39.271128|[g:1][CONSENSUS][PBFT]ViewChangeWarning: not caused by omit empty block ,v=1989,toV=1990,curNum=11,hash=9b39b6b9...,nodeIdx=1,myNode=ae5ce17c...
info|2019-12-12 00:22:39.272842|[g:1][CONSENSUS][PBFT]checkTimeout Succ,view=1989,toView=1990,nodeIdx=1,changeCycle=1,myNode=ae5ce17c...,timecost=560.029
info|2019-12-12 00:22:39.289680|[P2P][Service] heartBeat,connected count=3
info|2019-12-12 00:22:39.293747|[g:1][CONSENSUS][PBFT]checkAndChangeView: Reach consensus,org_view=1989,org_changeCycle=1,cur_changeCycle=1,to_view=1990
info|2019-12-12 00:22:40.294648|[g:1][CONSENSUS][SEALER]++++++++++++++++ Generating seal on,blkNum=12,tx=0,nodeIdx=1,hash=88ba0da7...
info|2019-12-12 00:22:40.297073|[g:1][CONSENSUS][PBFT]checkTimeout Succ,view=1990,toView=1991,nodeIdx=1,changeCycle=0,myNode=ae5ce17c...,timecost=0.586
info|2019-12-12 00:22:40.304081|[g:1][CONSENSUS][PBFT]checkAndChangeView: Reach consensus,org_view=1990,org_changeCycle=0,cur_changeCycle=0,to_view=1991
info|2019-12-12 00:22:41.305543|[g:1][CONSENSUS]addRawPrepare,height=12,reqIdx=2,hash=6d83a148...
info|2019-12-12 00:22:41.306436|[g:1][CONSENSUS][PBFT]checkTimeout Succ,view=1991,toView=1992,nodeIdx=1,changeCycle=0,myNode=ae5ce17c...,timecost=0.582
info|2019-12-12 00:22:41.308678|[g:1][CONSENSUS][PBFT]checkAndChangeView: Reach consensus,org_view=1991,org_changeCycle=0,cur_changeCycle=0,to_view=1992
info|2019-12-12 00:22:42.310815|[g:1][CONSENSUS]addRawPrepare,height=12,reqIdx=3,hash=a305ac83...
info|2019-12-12 00:22:42.313015|[g:1][CONSENSUS][PBFT]checkTimeout Succ,view=1992,toView=1993,nodeIdx=1,changeCycle=0,myNode=ae5ce17c...,timecost=1.51
info|2019-12-12 00:22:42.316166|[g:1][CONSENSUS][PBFT]checkAndChangeView: Reach consensus,org_view=1992,org_changeCycle=0,cur_changeCycle=0,to_view=1993
info|2019-12-12 00:22:43.319227|[g:1][CONSENSUS]addRawPrepare,height=12,reqIdx=0,hash=c4b52fc3...
info|2019-12-12 00:22:43.320188|[g:1][CONSENSUS][PBFT]checkTimeout Succ,view=1993,toView=1994,nodeIdx=1,changeCycle=0,myNode=ae5ce17c...,timecost=0.629
info|2019-12-12 00:22:43.322484|[g:1][CONSENSUS][PBFT]checkAndChangeView: Reach consensus,org_view=1993,org_changeCycle=0,cur_changeCycle=0,to_view=1994
info|2019-12-12 00:22:44.155615|[NETWORK][Session]Received topic: [45	_block_notify_1] from d0064285ad40d449fb7742ee6993e45d0f65a740af9ad35a750f9a29774bcb70d09d3807b299bee76e0ad26ba896aa50303282d154e95d20d35ed79d3dfbc868
info|2019-12-12 00:22:44.323131|[g:1][CONSENSUS][SEALER]++++++++++++++++ Generating seal on,blkNum=12,tx=0,nodeIdx=1,hash=96b72396...
info|2019-12-12 00:22:44.329077|[g:1][CONSENSUS][PBFT]checkTimeout Succ,view=1994,toView=1995,nodeIdx=1,changeCycle=0,myNode=ae5ce17c...,timecost=1.201
info|2019-12-12 00:22:44.331880|[g:1][CONSENSUS][PBFT]checkAndChangeView: Reach consensus,org_view=1994,org_changeCycle=0,cur_changeCycle=0,to_view=1995
info|2019-12-12 00:22:45.339009|[g:1][CONSENSUS]addRawPrepare,height=12,reqIdx=2,hash=eb3c4133...
info|2019-12-12 00:22:45.342622|[g:1][CONSENSUS][PBFT]checkTimeout Succ,view=1995,toView=1996,nodeIdx=1,changeCycle=0,myNode=ae5ce17c...,timecost=3.182
info|2019-12-12 00:22:45.345699|[g:1][CONSENSUS][PBFT]checkAndChangeView: Reach consensus,org_view=1995,org_changeCycle=0,cur_changeCycle=0,to_view=1996
info|2019-12-12 00:22:46.345138|[g:1][CONSENSUS]addRawPrepare,height=12,reqIdx=3,hash=53c768c5...
info|2019-12-12 00:22:46.346578|[g:1][CONSENSUS][PBFT]checkTimeout Succ,view=1996,toView=1997,nodeIdx=1,changeCycle=0,myNode=ae5ce17c...,timecost=0.877
info|2019-12-12 00:22:46.348467|[g:1][CONSENSUS][PBFT]checkAndChangeView: Reach consensus,org_view=1996,org_changeCycle=0,cur_changeCycle=0,to_view=1997
info|2019-12-12 00:22:47.351662|[g:1][CONSENSUS]addRawPrepare,height=12,reqIdx=0,hash=ae20a08f...
info|2019-12-12 00:22:47.352922|[g:1][CONSENSUS][PBFT]checkTimeout Succ,view=1997,toView=1998,nodeIdx=1,changeCycle=0,myNode=ae5ce17c...,timecost=1.014
info|2019-12-12 00:22:47.354190|[g:1][CONSENSUS][PBFT]checkAndChangeView: Reach consensus,org_view=1997,org_changeCycle=0,cur_changeCycle=0,to_view=1998
info|2019-12-12 00:22:48.355297|[g:1][CONSENSUS][SEALER]++++++++++++++++ Generating seal on,blkNum=12,tx=0,nodeIdx=1,hash=80428c9e...
info|2019-12-12 00:22:48.356324|[g:1][CONSENSUS][PBFT]checkTimeout Succ,view=1998,toView=1999,nodeIdx=1,changeCycle=0,myNode=ae5ce17c...,timecost=0.624
info|2019-12-12 00:22:48.360269|[g:1][CONSENSUS][PBFT]checkAndChangeView: Reach consensus,org_view=1998,org_changeCycle=0,cur_changeCycle=0,to_view=1999
info|2019-12-12 00:22:49.298032|[P2P][Service] heartBeat,connected count=3
info|2019-12-12 00:22:49.361606|[g:1][CONSENSUS]addRawPrepare,height=12,reqIdx=2,hash=435cf44c...
info|2019-12-12 00:22:49.362373|[g:1][CONSENSUS][PBFT]checkTimeout Succ,view=1999,toView=2000,nodeIdx=1,changeCycle=0,myNode=ae5ce17c...,timecost=0.562
info|2019-12-12 00:22:49.364123|[g:1][CONSENSUS][PBFT]checkAndChangeView: Reach consensus,org_view=1999,org_changeCycle=0,cur_changeCycle=0,to_view=2000
info|2019-12-12 00:22:50.367325|[g:1][CONSENSUS]addRawPrepare,height=12,reqIdx=3,hash=5a4aa731...
info|2019-12-12 00:22:50.369262|[g:1][CONSENSUS][PBFT]checkTimeout Succ,view=2000,toView=2001,nodeIdx=1,changeCycle=0,myNode=ae5ce17c...,timecost=1.431
info|2019-12-12 00:22:50.373751|[g:1][CONSENSUS][PBFT]checkAndChangeView: Reach consensus,org_view=2000,org_changeCycle=0,cur_changeCycle=0,to_view=2001
info|2019-12-12 00:22:51.374726|[g:1][CONSENSUS]addRawPrepare,height=12,reqIdx=0,hash=b7d6fdf4...
info|2019-12-12 00:22:51.375511|[g:1][CONSENSUS][PBFT]checkTimeout Succ,view=2001,toView=2002,nodeIdx=1,changeCycle=0,myNode=ae5ce17c...,timecost=0.62
info|2019-12-12 00:22:51.377284|[g:1][CONSENSUS][PBFT]checkAndChangeView: Reach consensus,org_view=2001,org_changeCycle=0,cur_changeCycle=0,to_view=2002
info|2019-12-12 00:22:52.377338|[g:1][CONSENSUS][SEALER]++++++++++++++++ Generating seal on,blkNum=12,tx=0,nodeIdx=1,hash=7f3803be...
info|2019-12-12 00:22:52.378538|[g:1][CONSENSUS][PBFT]checkTimeout Succ,view=2002,toView=2003,nodeIdx=1,changeCycle=0,myNode=ae5ce17c...,timecost=0.591
info|2019-12-12 00:22:52.381270|[g:1][CONSENSUS][PBFT]checkAndChangeView: Reach consensus,org_view=2002,org_changeCycle=0,cur_changeCycle=0,to_view=2003
info|2019-12-12 00:22:53.384693|[g:1][CONSENSUS]addRawPrepare,height=12,reqIdx=2,hash=e38a9577...
info|2019-12-12 00:22:53.385960|[g:1][CONSENSUS][PBFT]checkTimeout Succ,view=2003,toView=2004,nodeIdx=1,changeCycle=0,myNode=ae5ce17c...,timecost=0.745
info|2019-12-12 00:22:53.388870|[g:1][CONSENSUS][PBFT]checkAndChangeView: Reach consensus,org_view=2003,org_changeCycle=0,cur_changeCycle=0,to_view=2004
info|2019-12-12 00:22:54.392258|[g:1][CONSENSUS]addRawPrepare,height=12,reqIdx=3,hash=67516ac2...
info|2019-12-12 00:22:54.393139|[g:1][CONSENSUS][PBFT]checkTimeout Succ,view=2004,toView=2005,nodeIdx=1,changeCycle=0,myNode=ae5ce17c...,timecost=0.601
info|2019-12-12 00:22:54.397914|[g:1][CONSENSUS][PBFT]checkAndChangeView: Reach consensus,org_view=2004,org_changeCycle=0,cur_changeCycle=0,to_view=2005
info|2019-12-12 00:22:55.398875|[g:1][CONSENSUS]addRawPrepare,height=12,reqIdx=0,hash=046aece5...
info|2019-12-12 00:22:55.400637|[g:1][CONSENSUS][PBFT]checkTimeout Succ,view=2005,toView=2006,nodeIdx=1,changeCycle=0,myNode=ae5ce17c...,timecost=1.444
info|2019-12-12 00:22:55.403182|[g:1][CONSENSUS][PBFT]checkAndChangeView: Reach consensus,org_view=2005,org_changeCycle=0,cur_changeCycle=0,to_view=2006
info|2019-12-12 00:22:56.404253|[g:1][CONSENSUS][SEALER]++++++++++++++++ Generating seal on,blkNum=12,tx=0,nodeIdx=1,hash=620dd00d...
info|2019-12-12 00:22:56.410083|[g:1][CONSENSUS][PBFT]checkTimeout Succ,view=2006,toView=2007,nodeIdx=1,changeCycle=0,myNode=ae5ce17c...,timecost=0.941
info|2019-12-12 00:22:56.412529|[g:1][CONSENSUS][PBFT]checkAndChangeView: Reach consensus,org_view=2006,org_changeCycle=0,cur_changeCycle=0,to_view=2007
info|2019-12-12 00:22:57.416222|[g:1][CONSENSUS]addRawPrepare,height=12,reqIdx=2,hash=8721e3e1...
info|2019-12-12 00:22:57.417551|[g:1][CONSENSUS][PBFT]checkTimeout Succ,view=2007,toView=2008,nodeIdx=1,changeCycle=0,myNode=ae5ce17c...,timecost=0.91
info|2019-12-12 00:22:57.422004|[g:1][CONSENSUS][PBFT]checkAndChangeView: Reach consensus,org_view=2007,org_changeCycle=0,cur_changeCycle=0,to_view=2008
info|2019-12-12 00:22:58.425013|[g:1][CONSENSUS]addRawPrepare,height=12,reqIdx=3,hash=1a10e63f...
info|2019-12-12 00:22:58.428598|[g:1][CONSENSUS][PBFT]checkTimeout Succ,view=2008,toView=2009,nodeIdx=1,changeCycle=0,myNode=ae5ce17c...,timecost=3.228
info|2019-12-12 00:22:58.432022|[g:1][CONSENSUS][PBFT]checkAndChangeView: Reach consensus,org_view=2008,org_changeCycle=0,cur_changeCycle=0,to_view=2009
info|2019-12-12 00:22:59.305265|[P2P][Service] heartBeat,connected count=3
info|2019-12-12 00:22:59.434637|[g:1][CONSENSUS]addRawPrepare,height=12,reqIdx=0,hash=1d819ed5...
info|2019-12-12 00:22:59.441205|[g:1][CONSENSUS][PBFT]checkTimeout Succ,view=2009,toView=2010,nodeIdx=1,changeCycle=0,myNode=ae5ce17c...,timecost=6.253
info|2019-12-12 00:22:59.443201|[g:1][CONSENSUS][PBFT]checkAndChangeView: Reach consensus,org_view=2009,org_changeCycle=0,cur_changeCycle=0,to_view=2010
info|2019-12-12 00:23:00.443529|[g:1][CONSENSUS][SEALER]++++++++++++++++ Generating seal on,blkNum=12,tx=0,nodeIdx=1,hash=93243727...
info|2019-12-12 00:23:00.446230|[g:1][CONSENSUS][PBFT]checkTimeout Succ,view=2010,toView=2011,nodeIdx=1,changeCycle=0,myNode=ae5ce17c...,timecost=2.119
info|2019-12-12 00:23:00.449405|[g:1][CONSENSUS][PBFT]checkAndChangeView: Reach consensus,org_view=2010,org_changeCycle=0,cur_changeCycle=0,to_view=2011
info|2019-12-12 00:23:01.451444|[g:1][CONSENSUS]addRawPrepare,height=12,reqIdx=2,hash=cddc9435...
info|2019-12-12 00:23:01.453575|[g:1][CONSENSUS][PBFT]checkTimeout Succ,view=2011,toView=2012,nodeIdx=1,changeCycle=0,myNode=ae5ce17c...,timecost=1.777
info|2019-12-12 00:23:01.455756|[g:1][CONSENSUS][PBFT]checkAndChangeView: Reach consensus,org_view=2011,org_changeCycle=0,cur_changeCycle=0,to_view=2012
info|2019-12-12 00:23:02.456921|[g:1][CONSENSUS]addRawPrepare,height=12,reqIdx=3,hash=ce8a249d...
info|2019-12-12 00:23:02.457643|[g:1][CONSENSUS][PBFT]checkTimeout Succ,view=2012,toView=2013,nodeIdx=1,changeCycle=0,myNode=ae5ce17c...,timecost=0.53
info|2019-12-12 00:23:02.459068|[g:1][CONSENSUS][PBFT]checkAndChangeView: Reach consensus,org_view=2012,org_changeCycle=0,cur_changeCycle=0,to_view=2013
info|2019-12-12 00:23:03.462992|[g:1][CONSENSUS]addRawPrepare,height=12,reqIdx=0,hash=1aeabc1a...
info|2019-12-12 00:23:03.464127|[g:1][CONSENSUS][PBFT]checkTimeout Succ,view=2013,toView=2014,nodeIdx=1,changeCycle=0,myNode=ae5ce17c...,timecost=0.828
info|2019-12-12 00:23:03.468134|[g:1][CONSENSUS][PBFT]checkAndChangeView: Reach consensus,org_view=2013,org_changeCycle=0,cur_changeCycle=0,to_view=2014
info|2019-12-12 00:23:04.469044|[g:1][CONSENSUS][SEALER]++++++++++++++++ Generating seal on,blkNum=12,tx=0,nodeIdx=1,hash=d4da2989...
info|2019-12-12 00:23:04.484152|[g:1][CONSENSUS][PBFT]checkTimeout Succ,view=2014,toView=2015,nodeIdx=1,changeCycle=0,myNode=ae5ce17c...,timecost=1.014
info|2019-12-12 00:23:04.493277|[g:1][CONSENSUS][PBFT]checkAndChangeView: Reach consensus,org_view=2014,org_changeCycle=0,cur_changeCycle=0,to_view=2015
info|2019-12-12 00:23:05.493987|[g:1][CONSENSUS]addRawPrepare,height=12,reqIdx=2,hash=e06ac883...
info|2019-12-12 00:23:05.495000|[g:1][CONSENSUS][PBFT]checkTimeout Succ,view=2015,toView=2016,nodeIdx=1,changeCycle=0,myNode=ae5ce17c...,timecost=0.766
info|2019-12-12 00:23:05.498225|[g:1][CONSENSUS][PBFT]checkAndChangeView: Reach consensus,org_view=2015,org_changeCycle=0,cur_changeCycle=0,to_view=2016
info|2019-12-12 00:23:06.501555|[g:1][CONSENSUS]addRawPrepare,height=12,reqIdx=3,hash=c99b58ef...
info|2019-12-12 00:23:06.502856|[g:1][CONSENSUS][PBFT]checkTimeout Succ,view=2016,toView=2017,nodeIdx=1,changeCycle=0,myNode=ae5ce17c...,timecost=1.04
info|2019-12-12 00:23:06.505704|[g:1][CONSENSUS][PBFT]checkAndChangeView: Reach consensus,org_view=2016,org_changeCycle=0,cur_changeCycle=0,to_view=2017
info|2019-12-12 00:23:07.508844|[g:1][CONSENSUS]addRawPrepare,height=12,reqIdx=0,hash=3fc37c57...
info|2019-12-12 00:23:07.510163|[g:1][CONSENSUS][PBFT]checkTimeout Succ,view=2017,toView=2018,nodeIdx=1,changeCycle=0,myNode=ae5ce17c...,timecost=1.098
info|2019-12-12 00:23:07.512849|[g:1][CONSENSUS][PBFT]checkAndChangeView: Reach consensus,org_view=2017,org_changeCycle=0,cur_changeCycle=0,to_view=2018
info|2019-12-12 00:23:08.513230|[g:1][CONSENSUS][SEALER]++++++++++++++++ Generating seal on,blkNum=12,tx=0,nodeIdx=1,hash=1e8c42ee...
info|2019-12-12 00:23:08.517462|[g:1][CONSENSUS][PBFT]checkTimeout Succ,view=2018,toView=2019,nodeIdx=1,changeCycle=0,myNode=ae5ce17c...,timecost=0.428
info|2019-12-12 00:23:08.518038|[g:1][CONSENSUS][PBFT]checkAndChangeView: Reach consensus,org_view=2018,org_changeCycle=0,cur_changeCycle=0,to_view=2019
info|2019-12-12 00:23:09.311822|[P2P][Service] heartBeat,connected count=3
info|2019-12-12 00:23:09.518616|[g:1][CONSENSUS]addRawPrepare,height=12,reqIdx=2,hash=d61b6137...
info|2019-12-12 00:23:09.519670|[g:1][CONSENSUS][PBFT]checkTimeout Succ,view=2019,toView=2020,nodeIdx=1,changeCycle=0,myNode=ae5ce17c...,timecost=0.596
info|2019-12-12 00:23:09.522982|[g:1][CONSENSUS][PBFT]checkAndChangeView: Reach consensus,org_view=2019,org_changeCycle=0,cur_changeCycle=0,to_view=2020
info|2019-12-12 00:23:10.525338|[g:1][CONSENSUS]addRawPrepare,height=12,reqIdx=3,hash=4e136211...
info|2019-12-12 00:23:10.526572|[g:1][CONSENSUS][PBFT]checkTimeout Succ,view=2020,toView=2021,nodeIdx=1,changeCycle=0,myNode=ae5ce17c...,timecost=0.958
info|2019-12-12 00:23:10.530368|[g:1][CONSENSUS][PBFT]checkAndChangeView: Reach consensus,org_view=2020,org_changeCycle=0,cur_changeCycle=0,to_view=2021
info|2019-12-12 00:23:11.533420|[g:1][CONSENSUS]addRawPrepare,height=12,reqIdx=0,hash=33084f57...
info|2019-12-12 00:23:11.534532|[g:1][CONSENSUS][PBFT]checkTimeout Succ,view=2021,toView=2022,nodeIdx=1,changeCycle=0,myNode=ae5ce17c...,timecost=0.874
info|2019-12-12 00:23:11.539572|[g:1][CONSENSUS][PBFT]checkAndChangeView: Reach consensus,org_view=2021,org_changeCycle=0,cur_changeCycle=0,to_view=2022
info|2019-12-12 00:23:12.540458|[g:1][CONSENSUS][SEALER]++++++++++++++++ Generating seal on,blkNum=12,tx=0,nodeIdx=1,hash=60b34e8e...
info|2019-12-12 00:23:12.541866|[g:1][CONSENSUS][PBFT]checkTimeout Succ,view=2022,toView=2023,nodeIdx=1,changeCycle=0,myNode=ae5ce17c...,timecost=0.841
info|2019-12-12 00:23:12.547918|[g:1][CONSENSUS][PBFT]checkAndChangeView: Reach consensus,org_view=2022,org_changeCycle=0,cur_changeCycle=0,to_view=2023
info|2019-12-12 00:23:13.550324|[g:1][CONSENSUS]addRawPrepare,height=12,reqIdx=2,hash=16c4cfc6...
info|2019-12-12 00:23:13.551762|[g:1][CONSENSUS][PBFT]checkTimeout Succ,view=2023,toView=2024,nodeIdx=1,changeCycle=0,myNode=ae5ce17c...,timecost=1.111
info|2019-12-12 00:23:13.555751|[g:1][CONSENSUS][PBFT]checkAndChangeView: Reach consensus,org_view=2023,org_changeCycle=0,cur_changeCycle=0,to_view=2024
