warning|2019-12-14 07:08:03.007720|[g:1][CONSENSUS][PBFT]ViewChangeWarning: not caused by omit empty block ,v=2993,toV=2994,curNum=475,hash=ad338c6e...,nodeIdx=1,myNode=ae5ce17c...
info|2019-12-14 07:08:03.007827|[g:1][CONSENSUS][PBFT]checkTimeout Succ,view=2993,toView=2994,nodeIdx=1,changeCycle=1,myNode=ae5ce17c...,timecost=0.443
info|2019-12-14 07:08:03.021403|[P2P][Service] heartBeat,connected count=3
info|2019-12-14 07:08:03.025288|[g:1][CONSENSUS][PBFT]checkAndChangeView: Reach consensus,org_view=2993,org_changeCycle=1,cur_changeCycle=1,to_view=2994
info|2019-12-14 07:08:04.025568|[g:1][CONSENSUS][SEALER]++++++++++++++++ Generating seal on,blkNum=476,tx=0,nodeIdx=1,hash=94c65387...
info|2019-12-14 07:08:04.026756|[g:1][CONSENSUS][PBFT]checkTimeout Succ,view=2994,toView=2995,nodeIdx=1,changeCycle=0,myNode=ae5ce17c...,timecost=0.422
info|2019-12-14 07:08:04.030493|[g:1][CONSENSUS][PBFT]checkAndChangeView: Reach consensus,org_view=2994,org_changeCycle=0,cur_changeCycle=0,to_view=2995
info|2019-12-14 07:08:05.033885|[g:1][CONSENSUS]addRawPrepare,height=476,reqIdx=2,hash=854b4f79...
info|2019-12-14 07:08:05.034544|[g:1][CONSENSUS][PBFT]checkTimeout Succ,view=2995,toView=2996,nodeIdx=1,changeCycle=0,myNode=ae5ce17c...,timecost=0.361
info|2019-12-14 07:08:05.036642|[g:1][CONSENSUS][PBFT]checkAndChangeView: Reach consensus,org_view=2995,org_changeCycle=0,cur_changeCycle=0,to_view=2996
info|2019-12-14 07:08:06.039164|[g:1][CONSENSUS]addRawPrepare,height=476,reqIdx=3,hash=4e00d88c...
info|2019-12-14 07:08:06.040665|[g:1][CONSENSUS][PBFT]checkTimeout Succ,view=2996,toView=2997,nodeIdx=1,changeCycle=0,myNode=ae5ce17c...,timecost=0.814
info|2019-12-14 07:08:06.044306|[g:1][CONSENSUS][PBFT]checkAndChangeView: Reach consensus,org_view=2996,org_changeCycle=0,cur_changeCycle=0,to_view=2997
info|2019-12-14 07:08:07.047865|[g:1][CONSENSUS]addRawPrepare,height=476,reqIdx=0,hash=6043740d...
info|2019-12-14 07:08:07.050319|[g:1][CONSENSUS][PBFT]checkTimeout Succ,view=2997,toView=2998,nodeIdx=1,changeCycle=0,myNode=ae5ce17c...,timecost=1.971
info|2019-12-14 07:08:07.052908|[g:1][CONSENSUS][PBFT]checkAndChangeView: Reach consensus,org_view=2997,org_changeCycle=0,cur_changeCycle=0,to_view=2998
info|2019-12-14 07:08:08.053068|[g:1][CONSENSUS][SEALER]++++++++++++++++ Generating seal on,blkNum=476,tx=0,nodeIdx=1,hash=2f8e53b3...
info|2019-12-14 07:08:08.057435|[g:1][CONSENSUS][PBFT]checkTimeout Succ,view=2998,toView=2999,nodeIdx=1,changeCycle=0,myNode=ae5ce17c...,timecost=3.604
info|2019-12-14 07:08:08.061122|[g:1][CONSENSUS][PBFT]checkAndChangeView: Reach consensus,org_view=2998,org_changeCycle=0,cur_changeCycle=0,to_view=2999
info|2019-12-14 07:08:09.065106|[g:1][CONSENSUS]addRawPrepare,height=476,reqIdx=2,hash=f7522fa1...
info|2019-12-14 07:08:09.066624|[g:1][CONSENSUS][PBFT]checkTimeout Succ,view=2999,toView=3000,nodeIdx=1,changeCycle=0,myNode=ae5ce17c...,timecost=1.303
info|2019-12-14 07:08:09.069215|[g:1][CONSENSUS][PBFT]checkAndChangeView: Reach consensus,org_view=2999,org_changeCycle=0,cur_changeCycle=0,to_view=3000
info|2019-12-14 07:08:10.071340|[g:1][CONSENSUS]addRawPrepare,height=476,reqIdx=3,hash=eec7e468...
info|2019-12-14 07:08:10.073094|[g:1][CONSENSUS][PBFT]checkTimeout Succ,view=3000,toView=3001,nodeIdx=1,changeCycle=0,myNode=ae5ce17c...,timecost=1.464
info|2019-12-14 07:08:10.077707|[g:1][CONSENSUS][PBFT]checkAndChangeView: Reach consensus,org_view=3000,org_changeCycle=0,cur_changeCycle=0,to_view=3001
info|2019-12-14 07:08:11.078240|[g:1][CONSENSUS]addRawPrepare,height=476,reqIdx=0,hash=2836755a...
info|2019-12-14 07:08:11.079177|[g:1][CONSENSUS][PBFT]checkTimeout Succ,view=3001,toView=3002,nodeIdx=1,changeCycle=0,myNode=ae5ce17c...,timecost=0.689
info|2019-12-14 07:08:11.081834|[g:1][CONSENSUS][PBFT]checkAndChangeView: Reach consensus,org_view=3001,org_changeCycle=0,cur_changeCycle=0,to_view=3002
info|2019-12-14 07:08:12.082450|[g:1][CONSENSUS][SEALER]++++++++++++++++ Generating seal on,blkNum=476,tx=0,nodeIdx=1,hash=9ea122cd...
info|2019-12-14 07:08:12.083827|[g:1][CONSENSUS][PBFT]checkTimeout Succ,view=3002,toView=3003,nodeIdx=1,changeCycle=0,myNode=ae5ce17c...,timecost=0.843
info|2019-12-14 07:08:12.089977|[g:1][CONSENSUS][PBFT]checkAndChangeView: Reach consensus,org_view=3002,org_changeCycle=0,cur_changeCycle=0,to_view=3003
info|2019-12-14 07:08:13.021755|[P2P][Service] heartBeat,connected count=3
info|2019-12-14 07:08:13.093524|[g:1][CONSENSUS]addRawPrepare,height=476,reqIdx=2,hash=06861b5e...
info|2019-12-14 07:08:13.097400|[g:1][CONSENSUS][PBFT]checkTimeout Succ,view=3003,toView=3004,nodeIdx=1,changeCycle=0,myNode=ae5ce17c...,timecost=3.68
info|2019-12-14 07:08:13.098787|[g:1][CONSENSUS][PBFT]checkAndChangeView: Reach consensus,org_view=3003,org_changeCycle=0,cur_changeCycle=0,to_view=3004
info|2019-12-14 07:08:14.100340|[g:1][CONSENSUS]addRawPrepare,height=476,reqIdx=3,hash=430a2aa8...
info|2019-12-14 07:08:14.101418|[g:1][CONSENSUS][PBFT]checkTimeout Succ,view=3004,toView=3005,nodeIdx=1,changeCycle=0,myNode=ae5ce17c...,timecost=0.84
info|2019-12-14 07:08:14.105969|[g:1][CONSENSUS][PBFT]checkAndChangeView: Reach consensus,org_view=3004,org_changeCycle=0,cur_changeCycle=0,to_view=3005
info|2019-12-14 07:08:15.108946|[g:1][CONSENSUS]addRawPrepare,height=476,reqIdx=0,hash=dbb00b7a...
info|2019-12-14 07:08:15.110026|[g:1][CONSENSUS][PBFT]checkTimeout Succ,view=3005,toView=3006,nodeIdx=1,changeCycle=0,myNode=ae5ce17c...,timecost=0.872
info|2019-12-14 07:08:15.113939|[g:1][CONSENSUS][PBFT]checkAndChangeView: Reach consensus,org_view=3005,org_changeCycle=0,cur_changeCycle=0,to_view=3006
info|2019-12-14 07:08:16.114643|[g:1][CONSENSUS][SEALER]++++++++++++++++ Generating seal on,blkNum=476,tx=0,nodeIdx=1,hash=fde38781...
info|2019-12-14 07:08:16.116025|[g:1][CONSENSUS][PBFT]checkTimeout Succ,view=3006,toView=3007,nodeIdx=1,changeCycle=0,myNode=ae5ce17c...,timecost=0.849
info|2019-12-14 07:08:16.122271|[g:1][CONSENSUS][PBFT]checkAndChangeView: Reach consensus,org_view=3006,org_changeCycle=0,cur_changeCycle=0,to_view=3007
info|2019-12-14 07:08:17.125433|[g:1][CONSENSUS]addRawPrepare,height=476,reqIdx=2,hash=b4824d3d...
info|2019-12-14 07:08:17.126627|[g:1][CONSENSUS][PBFT]checkTimeout Succ,view=3007,toView=3008,nodeIdx=1,changeCycle=0,myNode=ae5ce17c...,timecost=0.86
info|2019-12-14 07:08:17.130775|[g:1][CONSENSUS][PBFT]checkAndChangeView: Reach consensus,org_view=3007,org_changeCycle=0,cur_changeCycle=0,to_view=3008
info|2019-12-14 07:08:18.131235|[g:1][CONSENSUS]addRawPrepare,height=476,reqIdx=3,hash=d4e9b1c6...
info|2019-12-14 07:08:18.132353|[g:1][CONSENSUS][PBFT]checkTimeout Succ,view=3008,toView=3009,nodeIdx=1,changeCycle=0,myNode=ae5ce17c...,timecost=0.849
info|2019-12-14 07:08:18.135796|[g:1][CONSENSUS][PBFT]checkAndChangeView: Reach consensus,org_view=3008,org_changeCycle=0,cur_changeCycle=0,to_view=3009
info|2019-12-14 07:08:19.138775|[g:1][CONSENSUS]addRawPrepare,height=476,reqIdx=0,hash=099bfab6...
info|2019-12-14 07:08:19.141467|[g:1][CONSENSUS][PBFT]checkTimeout Succ,view=3009,toView=3010,nodeIdx=1,changeCycle=0,myNode=ae5ce17c...,timecost=2.452
info|2019-12-14 07:08:19.145025|[g:1][CONSENSUS][PBFT]checkAndChangeView: Reach consensus,org_view=3009,org_changeCycle=0,cur_changeCycle=0,to_view=3010
info|2019-12-14 07:08:20.146845|[g:1][CONSENSUS][SEALER]++++++++++++++++ Generating seal on,blkNum=476,tx=0,nodeIdx=1,hash=78d82031...
info|2019-12-14 07:08:20.148490|[g:1][CONSENSUS][PBFT]checkTimeout Succ,view=3010,toView=3011,nodeIdx=1,changeCycle=0,myNode=ae5ce17c...,timecost=0.818
info|2019-12-14 07:08:20.152934|[g:1][CONSENSUS][PBFT]checkAndChangeView: Reach consensus,org_view=3010,org_changeCycle=0,cur_changeCycle=0,to_view=3011
info|2019-12-14 07:08:21.153415|[g:1][CONSENSUS]addRawPrepare,height=476,reqIdx=2,hash=2cd26dc8...
info|2019-12-14 07:08:21.154004|[g:1][CONSENSUS][PBFT]checkTimeout Succ,view=3011,toView=3012,nodeIdx=1,changeCycle=0,myNode=ae5ce17c...,timecost=0.45
info|2019-12-14 07:08:21.156371|[g:1][CONSENSUS][PBFT]checkAndChangeView: Reach consensus,org_view=3011,org_changeCycle=0,cur_changeCycle=0,to_view=3012
info|2019-12-14 07:08:22.159838|[g:1][CONSENSUS]addRawPrepare,height=476,reqIdx=3,hash=794bc158...
info|2019-12-14 07:08:22.161697|[g:1][CONSENSUS][PBFT]checkTimeout Succ,view=3012,toView=3013,nodeIdx=1,changeCycle=0,myNode=ae5ce17c...,timecost=1.617
info|2019-12-14 07:08:22.164168|[g:1][CONSENSUS][PBFT]checkAndChangeView: Reach consensus,org_view=3012,org_changeCycle=0,cur_changeCycle=0,to_view=3013
info|2019-12-14 07:08:23.023430|[P2P][Service] heartBeat,connected count=3
info|2019-12-14 07:08:23.168842|[g:1][CONSENSUS]addRawPrepare,height=476,reqIdx=0,hash=3d4b732c...
info|2019-12-14 07:08:23.170315|[g:1][CONSENSUS][PBFT]checkTimeout Succ,view=3013,toView=3014,nodeIdx=1,changeCycle=0,myNode=ae5ce17c...,timecost=1.249
info|2019-12-14 07:08:23.171971|[g:1][CONSENSUS][PBFT]checkAndChangeView: Reach consensus,org_view=3013,org_changeCycle=0,cur_changeCycle=0,to_view=3014
info|2019-12-14 07:08:24.172595|[g:1][CONSENSUS][SEALER]++++++++++++++++ Generating seal on,blkNum=476,tx=0,nodeIdx=1,hash=fa358133...
info|2019-12-14 07:08:24.174864|[g:1][CONSENSUS][PBFT]checkTimeout Succ,view=3014,toView=3015,nodeIdx=1,changeCycle=0,myNode=ae5ce17c...,timecost=1.506
info|2019-12-14 07:08:24.181405|[g:1][CONSENSUS][PBFT]checkAndChangeView: Reach consensus,org_view=3014,org_changeCycle=0,cur_changeCycle=0,to_view=3015
info|2019-12-14 07:08:25.184159|[g:1][CONSENSUS]addRawPrepare,height=476,reqIdx=2,hash=f9ddd903...
info|2019-12-14 07:08:25.186362|[g:1][CONSENSUS][PBFT]checkTimeout Succ,view=3015,toView=3016,nodeIdx=1,changeCycle=0,myNode=ae5ce17c...,timecost=1.948
info|2019-12-14 07:08:25.188904|[g:1][CONSENSUS][PBFT]checkAndChangeView: Reach consensus,org_view=3015,org_changeCycle=0,cur_changeCycle=0,to_view=3016
info|2019-12-14 07:08:26.192744|[g:1][CONSENSUS]addRawPrepare,height=476,reqIdx=3,hash=990f7e0f...
info|2019-12-14 07:08:26.193824|[g:1][CONSENSUS][PBFT]checkTimeout Succ,view=3016,toView=3017,nodeIdx=1,changeCycle=0,myNode=ae5ce17c...,timecost=0.765
info|2019-12-14 07:08:26.197660|[g:1][CONSENSUS][PBFT]checkAndChangeView: Reach consensus,org_view=3016,org_changeCycle=0,cur_changeCycle=0,to_view=3017
info|2019-12-14 07:08:27.200492|[g:1][CONSENSUS]addRawPrepare,height=476,reqIdx=0,hash=c59f6865...
info|2019-12-14 07:08:27.202687|[g:1][CONSENSUS][PBFT]checkTimeout Succ,view=3017,toView=3018,nodeIdx=1,changeCycle=0,myNode=ae5ce17c...,timecost=1.187
info|2019-12-14 07:08:27.205385|[g:1][CONSENSUS][PBFT]checkAndChangeView: Reach consensus,org_view=3017,org_changeCycle=0,cur_changeCycle=0,to_view=3018
info|2019-12-14 07:08:28.897330|[g:1][CONSENSUS][SEALER]++++++++++++++++ Generating seal on,blkNum=476,tx=0,nodeIdx=1,hash=926be42b...
info|2019-12-14 07:08:28.912137|[g:1][CONSENSUS][PBFT]checkTimeout Succ,view=3018,toView=3019,nodeIdx=1,changeCycle=0,myNode=ae5ce17c...,timecost=8.204
info|2019-12-14 07:08:28.914584|[g:1][CONSENSUS][PBFT]checkAndChangeView: Reach consensus,org_view=3018,org_changeCycle=0,cur_changeCycle=0,to_view=3019
info|2019-12-14 07:08:29.915074|[g:1][CONSENSUS]addRawPrepare,height=476,reqIdx=2,hash=872bb10a...
info|2019-12-14 07:08:29.916209|[g:1][CONSENSUS][PBFT]checkTimeout Succ,view=3019,toView=3020,nodeIdx=1,changeCycle=0,myNode=ae5ce17c...,timecost=0.885
info|2019-12-14 07:08:29.920855|[g:1][CONSENSUS][PBFT]checkAndChangeView: Reach consensus,org_view=3019,org_changeCycle=0,cur_changeCycle=0,to_view=3020
info|2019-12-14 07:08:30.924411|[g:1][CONSENSUS]addRawPrepare,height=476,reqIdx=3,hash=7eb0b9eb...
info|2019-12-14 07:08:30.925583|[g:1][CONSENSUS][PBFT]checkTimeout Succ,view=3020,toView=3021,nodeIdx=1,changeCycle=0,myNode=ae5ce17c...,timecost=0.719
info|2019-12-14 07:08:30.929794|[g:1][CONSENSUS][PBFT]checkAndChangeView: Reach consensus,org_view=3020,org_changeCycle=0,cur_changeCycle=0,to_view=3021
info|2019-12-14 07:08:31.931392|[g:1][CONSENSUS]addRawPrepare,height=476,reqIdx=0,hash=22eec7eb...
info|2019-12-14 07:08:31.933200|[g:1][CONSENSUS][PBFT]checkTimeout Succ,view=3021,toView=3022,nodeIdx=1,changeCycle=0,myNode=ae5ce17c...,timecost=0.51
info|2019-12-14 07:08:31.935028|[g:1][CONSENSUS][PBFT]checkAndChangeView: Reach consensus,org_view=3021,org_changeCycle=0,cur_changeCycle=0,to_view=3022
info|2019-12-14 07:08:32.935335|[g:1][CONSENSUS][SEALER]++++++++++++++++ Generating seal on,blkNum=476,tx=0,nodeIdx=1,hash=dcb425e1...
info|2019-12-14 07:08:32.940482|[g:1][CONSENSUS][PBFT]checkTimeout Succ,view=3022,toView=3023,nodeIdx=1,changeCycle=0,myNode=ae5ce17c...,timecost=0.859
info|2019-12-14 07:08:32.942982|[g:1][CONSENSUS][PBFT]checkAndChangeView: Reach consensus,org_view=3022,org_changeCycle=0,cur_changeCycle=0,to_view=3023
info|2019-12-14 07:08:33.029303|[P2P][Service] heartBeat,connected count=3
info|2019-12-14 07:08:33.945999|[g:1][CONSENSUS]addRawPrepare,height=476,reqIdx=2,hash=14883276...
info|2019-12-14 07:08:33.948187|[g:1][CONSENSUS][PBFT]checkTimeout Succ,view=3023,toView=3024,nodeIdx=1,changeCycle=0,myNode=ae5ce17c...,timecost=1.905
info|2019-12-14 07:08:33.951628|[g:1][CONSENSUS][PBFT]checkAndChangeView: Reach consensus,org_view=3023,org_changeCycle=0,cur_changeCycle=0,to_view=3024
info|2019-12-14 07:08:34.957361|[g:1][CONSENSUS]addRawPrepare,height=476,reqIdx=3,hash=643bdd00...
info|2019-12-14 07:08:34.958471|[g:1][CONSENSUS][PBFT]checkTimeout Succ,view=3024,toView=3025,nodeIdx=1,changeCycle=0,myNode=ae5ce17c...,timecost=0.738
info|2019-12-14 07:08:34.963562|[g:1][CONSENSUS][PBFT]checkAndChangeView: Reach consensus,org_view=3024,org_changeCycle=0,cur_changeCycle=0,to_view=3025
info|2019-12-14 07:08:35.964075|[g:1][CONSENSUS]addRawPrepare,height=476,reqIdx=0,hash=8cfc3ec8...
info|2019-12-14 07:08:35.966458|[g:1][CONSENSUS][PBFT]checkTimeout Succ,view=3025,toView=3026,nodeIdx=1,changeCycle=0,myNode=ae5ce17c...,timecost=1.847
info|2019-12-14 07:08:35.969323|[g:1][CONSENSUS][PBFT]checkAndChangeView: Reach consensus,org_view=3025,org_changeCycle=0,cur_changeCycle=0,to_view=3026
info|2019-12-14 07:08:36.970239|[g:1][CONSENSUS][SEALER]++++++++++++++++ Generating seal on,blkNum=476,tx=0,nodeIdx=1,hash=e9239ac6...
info|2019-12-14 07:08:36.971681|[g:1][CONSENSUS][PBFT]checkTimeout Succ,view=3026,toView=3027,nodeIdx=1,changeCycle=0,myNode=ae5ce17c...,timecost=0.824
info|2019-12-14 07:08:36.977784|[g:1][CONSENSUS][PBFT]checkAndChangeView: Reach consensus,org_view=3026,org_changeCycle=0,cur_changeCycle=0,to_view=3027
info|2019-12-14 07:08:37.978990|[g:1][CONSENSUS]addRawPrepare,height=476,reqIdx=2,hash=7b603889...
info|2019-12-14 07:08:37.980143|[g:1][CONSENSUS][PBFT]checkTimeout Succ,view=3027,toView=3028,nodeIdx=1,changeCycle=0,myNode=ae5ce17c...,timecost=0.886
info|2019-12-14 07:08:37.982812|[g:1][CONSENSUS][PBFT]checkAndChangeView: Reach consensus,org_view=3027,org_changeCycle=0,cur_changeCycle=0,to_view=3028
info|2019-12-14 07:08:38.985636|[g:1][CONSENSUS]addRawPrepare,height=476,reqIdx=3,hash=8ea9a6c6...
info|2019-12-14 07:08:38.987241|[g:1][CONSENSUS][PBFT]checkTimeout Succ,view=3028,toView=3029,nodeIdx=1,changeCycle=0,myNode=ae5ce17c...,timecost=1.349
info|2019-12-14 07:08:38.991137|[g:1][CONSENSUS][PBFT]checkAndChangeView: Reach consensus,org_view=3028,org_changeCycle=0,cur_changeCycle=0,to_view=3029
info|2019-12-14 07:08:39.996691|[g:1][CONSENSUS]addRawPrepare,height=476,reqIdx=0,hash=45c31859...
info|2019-12-14 07:08:39.997723|[g:1][CONSENSUS][PBFT]checkTimeout Succ,view=3029,toView=3030,nodeIdx=1,changeCycle=0,myNode=ae5ce17c...,timecost=0.775
info|2019-12-14 07:08:40.002746|[g:1][CONSENSUS][PBFT]checkAndChangeView: Reach consensus,org_view=3029,org_changeCycle=0,cur_changeCycle=0,to_view=3030
info|2019-12-14 07:08:41.003770|[g:1][CONSENSUS][SEALER]++++++++++++++++ Generating seal on,blkNum=476,tx=0,nodeIdx=1,hash=32ae132a...
info|2019-12-14 07:08:41.008719|[g:1][CONSENSUS][PBFT]checkTimeout Succ,view=3030,toView=3031,nodeIdx=1,changeCycle=0,myNode=ae5ce17c...,timecost=0.81
info|2019-12-14 07:08:41.011127|[g:1][CONSENSUS][PBFT]checkAndChangeView: Reach consensus,org_view=3030,org_changeCycle=0,cur_changeCycle=0,to_view=3031
info|2019-12-14 07:08:42.013870|[g:1][CONSENSUS]addRawPrepare,height=476,reqIdx=2,hash=d5af1ee7...
info|2019-12-14 07:08:42.017861|[g:1][CONSENSUS][PBFT]checkTimeout Succ,view=3031,toView=3032,nodeIdx=1,changeCycle=0,myNode=ae5ce17c...,timecost=3.504
info|2019-12-14 07:08:42.018985|[g:1][CONSENSUS][PBFT]checkAndChangeView: Reach consensus,org_view=3031,org_changeCycle=0,cur_changeCycle=0,to_view=3032
info|2019-12-14 07:08:43.019853|[g:1][CONSENSUS]addRawPrepare,height=476,reqIdx=3,hash=1893e6a4...
info|2019-12-14 07:08:43.020817|[g:1][CONSENSUS][PBFT]checkTimeout Succ,view=3032,toView=3033,nodeIdx=1,changeCycle=0,myNode=ae5ce17c...,timecost=0.743
info|2019-12-14 07:08:43.026099|[g:1][CONSENSUS][PBFT]checkAndChangeView: Reach consensus,org_view=3032,org_changeCycle=0,cur_changeCycle=0,to_view=3033
info|2019-12-14 07:08:43.030457|[P2P][Service] heartBeat,connected count=3
info|2019-12-14 07:08:44.028861|[g:1][CONSENSUS]addRawPrepare,height=476,reqIdx=0,hash=e309921c...
info|2019-12-14 07:08:44.030596|[g:1][CONSENSUS][PBFT]checkTimeout Succ,view=3033,toView=3034,nodeIdx=1,changeCycle=0,myNode=ae5ce17c...,timecost=1.481
info|2019-12-14 07:08:44.033966|[g:1][CONSENSUS][PBFT]checkAndChangeView: Reach consensus,org_view=3033,org_changeCycle=0,cur_changeCycle=0,to_view=3034
info|2019-12-14 07:08:45.035082|[g:1][CONSENSUS][SEALER]++++++++++++++++ Generating seal on,blkNum=476,tx=0,nodeIdx=1,hash=5f8bffea...
info|2019-12-14 07:08:45.040170|[g:1][CONSENSUS][PBFT]checkTimeout Succ,view=3034,toView=3035,nodeIdx=1,changeCycle=0,myNode=ae5ce17c...,timecost=0.908
info|2019-12-14 07:08:45.042872|[g:1][CONSENSUS][PBFT]checkAndChangeView: Reach consensus,org_view=3034,org_changeCycle=0,cur_changeCycle=0,to_view=3035
info|2019-12-14 07:08:46.045111|[g:1][CONSENSUS]addRawPrepare,height=476,reqIdx=2,hash=22425c37...
info|2019-12-14 07:08:46.052020|[g:1][CONSENSUS][PBFT]checkTimeout Succ,view=3035,toView=3036,nodeIdx=1,changeCycle=0,myNode=ae5ce17c...,timecost=6.654
info|2019-12-14 07:08:46.053886|[g:1][CONSENSUS][PBFT]checkAndChangeView: Reach consensus,org_view=3035,org_changeCycle=0,cur_changeCycle=0,to_view=3036
info|2019-12-14 07:08:47.054996|[g:1][CONSENSUS]addRawPrepare,height=476,reqIdx=3,hash=3ea32e21...
info|2019-12-14 07:08:47.055964|[g:1][CONSENSUS][PBFT]checkTimeout Succ,view=3036,toView=3037,nodeIdx=1,changeCycle=0,myNode=ae5ce17c...,timecost=0.715
info|2019-12-14 07:08:47.059992|[g:1][CONSENSUS][PBFT]checkAndChangeView: Reach consensus,org_view=3036,org_changeCycle=0,cur_changeCycle=0,to_view=3037
info|2019-12-14 07:08:48.062523|[g:1][CONSENSUS]addRawPrepare,height=476,reqIdx=0,hash=ff4edf1f...
info|2019-12-14 07:08:48.063816|[g:1][CONSENSUS][PBFT]checkTimeout Succ,view=3037,toView=3038,nodeIdx=1,changeCycle=0,myNode=ae5ce17c...,timecost=1.031
info|2019-12-14 07:08:48.069577|[g:1][CONSENSUS][PBFT]checkAndChangeView: Reach consensus,org_view=3037,org_changeCycle=0,cur_changeCycle=0,to_view=3038
info|2019-12-14 07:08:49.070631|[g:1][CONSENSUS][SEALER]++++++++++++++++ Generating seal on,blkNum=476,tx=0,nodeIdx=1,hash=6860fa0d...
info|2019-12-14 07:08:49.076076|[g:1][CONSENSUS][PBFT]checkTimeout Succ,view=3038,toView=3039,nodeIdx=1,changeCycle=0,myNode=ae5ce17c...,timecost=0.746
info|2019-12-14 07:08:49.078512|[g:1][CONSENSUS][PBFT]checkAndChangeView: Reach consensus,org_view=3038,org_changeCycle=0,cur_changeCycle=0,to_view=3039
info|2019-12-14 07:08:50.081209|[g:1][CONSENSUS]addRawPrepare,height=476,reqIdx=2,hash=935ef3b9...
info|2019-12-14 07:08:50.082773|[g:1][CONSENSUS][PBFT]checkTimeout Succ,view=3039,toView=3040,nodeIdx=1,changeCycle=0,myNode=ae5ce17c...,timecost=1.15
info|2019-12-14 07:08:50.084455|[g:1][CONSENSUS][PBFT]checkAndChangeView: Reach consensus,org_view=3039,org_changeCycle=0,cur_changeCycle=0,to_view=3040
info|2019-12-14 07:08:51.088169|[g:1][CONSENSUS]addRawPrepare,height=476,reqIdx=3,hash=7ab38bea...
info|2019-12-14 07:08:51.091559|[g:1][CONSENSUS][PBFT]checkTimeout Succ,view=3040,toView=3041,nodeIdx=1,changeCycle=0,myNode=ae5ce17c...,timecost=3.095
info|2019-12-14 07:08:51.094670|[g:1][CONSENSUS][PBFT]checkAndChangeView: Reach consensus,org_view=3040,org_changeCycle=0,cur_changeCycle=0,to_view=3041
info|2019-12-14 07:08:52.098259|[g:1][CONSENSUS]addRawPrepare,height=476,reqIdx=0,hash=f790652d...
info|2019-12-14 07:08:52.099482|[g:1][CONSENSUS][PBFT]checkTimeout Succ,view=3041,toView=3042,nodeIdx=1,changeCycle=0,myNode=ae5ce17c...,timecost=0.892
info|2019-12-14 07:08:52.104437|[g:1][CONSENSUS][PBFT]checkAndChangeView: Reach consensus,org_view=3041,org_changeCycle=0,cur_changeCycle=0,to_view=3042
info|2019-12-14 07:08:53.040197|[P2P][Service] heartBeat,connected count=3
info|2019-12-14 07:08:53.104807|[g:1][CONSENSUS][SEALER]++++++++++++++++ Generating seal on,blkNum=476,tx=0,nodeIdx=1,hash=77acf908...
info|2019-12-14 07:08:53.106267|[g:1][CONSENSUS][PBFT]checkTimeout Succ,view=3042,toView=3043,nodeIdx=1,changeCycle=0,myNode=ae5ce17c...,timecost=0.782
info|2019-12-14 07:08:53.112473|[g:1][CONSENSUS][PBFT]checkAndChangeView: Reach consensus,org_view=3042,org_changeCycle=0,cur_changeCycle=0,to_view=3043
info|2019-12-14 07:08:54.117608|[g:1][CONSENSUS]addRawPrepare,height=476,reqIdx=2,hash=69451b65...
info|2019-12-14 07:08:54.118580|[g:1][CONSENSUS][PBFT]checkTimeout Succ,view=3043,toView=3044,nodeIdx=1,changeCycle=0,myNode=ae5ce17c...,timecost=0.732
info|2019-12-14 07:08:54.121429|[g:1][CONSENSUS][PBFT]checkAndChangeView: Reach consensus,org_view=3043,org_changeCycle=0,cur_changeCycle=0,to_view=3044
info|2019-12-14 07:08:55.124177|[g:1][CONSENSUS]addRawPrepare,height=476,reqIdx=3,hash=74b1f49c...
info|2019-12-14 07:08:55.125581|[g:1][CONSENSUS][PBFT]checkTimeout Succ,view=3044,toView=3045,nodeIdx=1,changeCycle=0,myNode=ae5ce17c...,timecost=1.19
info|2019-12-14 07:08:55.127961|[g:1][CONSENSUS][PBFT]checkAndChangeView: Reach consensus,org_view=3044,org_changeCycle=0,cur_changeCycle=0,to_view=3045
