warning|2019-12-12 01:02:42.021914|[g:1][CONSENSUS][PBFT]ViewChangeWarning: not caused by omit empty block ,v=2024,toV=2025,curNum=11,hash=9b39b6b9...,nodeIdx=1,myNode=ae5ce17c...
info|2019-12-12 01:02:42.022859|[g:1][CONSENSUS][PBFT]checkTimeout Succ,view=2024,toView=2025,nodeIdx=1,changeCycle=1,myNode=ae5ce17c...,timecost=5.791
info|2019-12-12 01:02:42.022975|[P2P][Service] heartBeat,connected count=3
info|2019-12-12 01:02:42.028578|[g:1][CONSENSUS][PBFT]checkAndChangeView: Reach consensus,org_view=2024,org_changeCycle=1,cur_changeCycle=1,to_view=2025
info|2019-12-12 01:02:43.030067|[g:1][CONSENSUS]addRawPrepare,height=12,reqIdx=0,hash=5b505073...
info|2019-12-12 01:02:43.030766|[g:1][CONSENSUS][PBFT]checkTimeout Succ,view=2025,toView=2026,nodeIdx=1,changeCycle=0,myNode=ae5ce17c...,timecost=0.423
info|2019-12-12 01:02:43.032007|[g:1][CONSENSUS][PBFT]checkAndChangeView: Reach consensus,org_view=2025,org_changeCycle=0,cur_changeCycle=0,to_view=2026
info|2019-12-12 01:02:42.731430|[g:1][CONSENSUS][SEALER]++++++++++++++++ Generating seal on,blkNum=12,tx=0,nodeIdx=1,hash=ef5a955e...
info|2019-12-12 01:02:42.734000|[g:1][CONSENSUS][PBFT]checkTimeout Succ,view=2026,toView=2027,nodeIdx=1,changeCycle=0,myNode=ae5ce17c...,timecost=0.694
info|2019-12-12 01:02:42.744170|[g:1][CONSENSUS][PBFT]checkAndChangeView: Reach consensus,org_view=2026,org_changeCycle=0,cur_changeCycle=0,to_view=2027
info|2019-12-12 01:02:43.744418|[g:1][CONSENSUS]addRawPrepare,height=12,reqIdx=2,hash=a731bf64...
info|2019-12-12 01:02:43.746054|[g:1][CONSENSUS][PBFT]checkTimeout Succ,view=2027,toView=2028,nodeIdx=1,changeCycle=0,myNode=ae5ce17c...,timecost=0.831
info|2019-12-12 01:02:43.751045|[g:1][CONSENSUS][PBFT]checkAndChangeView: Reach consensus,org_view=2027,org_changeCycle=0,cur_changeCycle=0,to_view=2028
info|2019-12-12 01:02:44.754595|[g:1][CONSENSUS]addRawPrepare,height=12,reqIdx=3,hash=5f56e49c...
info|2019-12-12 01:02:44.755888|[g:1][CONSENSUS][PBFT]checkTimeout Succ,view=2028,toView=2029,nodeIdx=1,changeCycle=0,myNode=ae5ce17c...,timecost=0.938
info|2019-12-12 01:02:44.759013|[g:1][CONSENSUS][PBFT]checkAndChangeView: Reach consensus,org_view=2028,org_changeCycle=0,cur_changeCycle=0,to_view=2029
info|2019-12-12 01:02:45.764237|[g:1][CONSENSUS]addRawPrepare,height=12,reqIdx=0,hash=a6c86f8f...
info|2019-12-12 01:02:45.765397|[g:1][CONSENSUS][PBFT]checkTimeout Succ,view=2029,toView=2030,nodeIdx=1,changeCycle=0,myNode=ae5ce17c...,timecost=0.889
info|2019-12-12 01:02:45.767871|[g:1][CONSENSUS][PBFT]checkAndChangeView: Reach consensus,org_view=2029,org_changeCycle=0,cur_changeCycle=0,to_view=2030
info|2019-12-12 01:02:46.768590|[g:1][CONSENSUS][SEALER]++++++++++++++++ Generating seal on,blkNum=12,tx=0,nodeIdx=1,hash=15280d7b...
info|2019-12-12 01:02:46.774366|[g:1][CONSENSUS][PBFT]checkTimeout Succ,view=2030,toView=2031,nodeIdx=1,changeCycle=0,myNode=ae5ce17c...,timecost=0.803
info|2019-12-12 01:02:46.776472|[g:1][CONSENSUS][PBFT]checkAndChangeView: Reach consensus,org_view=2030,org_changeCycle=0,cur_changeCycle=0,to_view=2031
info|2019-12-12 01:02:47.779026|[g:1][CONSENSUS]addRawPrepare,height=12,reqIdx=2,hash=85408036...
info|2019-12-12 01:02:47.779868|[g:1][CONSENSUS][PBFT]checkTimeout Succ,view=2031,toView=2032,nodeIdx=1,changeCycle=0,myNode=ae5ce17c...,timecost=0.695
info|2019-12-12 01:02:47.781209|[g:1][CONSENSUS][PBFT]checkAndChangeView: Reach consensus,org_view=2031,org_changeCycle=0,cur_changeCycle=0,to_view=2032
info|2019-12-12 01:02:48.784029|[g:1][CONSENSUS]addRawPrepare,height=12,reqIdx=3,hash=cad4e27b...
info|2019-12-12 01:02:48.785216|[g:1][CONSENSUS][PBFT]checkTimeout Succ,view=2032,toView=2033,nodeIdx=1,changeCycle=0,myNode=ae5ce17c...,timecost=0.806
info|2019-12-12 01:02:48.788856|[g:1][CONSENSUS][PBFT]checkAndChangeView: Reach consensus,org_view=2032,org_changeCycle=0,cur_changeCycle=0,to_view=2033
info|2019-12-12 01:02:49.791895|[g:1][CONSENSUS]addRawPrepare,height=12,reqIdx=0,hash=e988dffb...
info|2019-12-12 01:02:49.792975|[g:1][CONSENSUS][PBFT]checkTimeout Succ,view=2033,toView=2034,nodeIdx=1,changeCycle=0,myNode=ae5ce17c...,timecost=0.856
info|2019-12-12 01:02:49.798181|[g:1][CONSENSUS][PBFT]checkAndChangeView: Reach consensus,org_view=2033,org_changeCycle=0,cur_changeCycle=0,to_view=2034
info|2019-12-12 01:02:50.799459|[g:1][CONSENSUS][SEALER]++++++++++++++++ Generating seal on,blkNum=12,tx=0,nodeIdx=1,hash=46b5de0a...
info|2019-12-12 01:02:50.800656|[g:1][CONSENSUS][PBFT]checkTimeout Succ,view=2034,toView=2035,nodeIdx=1,changeCycle=0,myNode=ae5ce17c...,timecost=0.582
info|2019-12-12 01:02:50.805046|[g:1][CONSENSUS][PBFT]checkAndChangeView: Reach consensus,org_view=2034,org_changeCycle=0,cur_changeCycle=0,to_view=2035
info|2019-12-12 01:02:51.807058|[g:1][CONSENSUS]addRawPrepare,height=12,reqIdx=2,hash=c8340c66...
info|2019-12-12 01:02:51.808908|[g:1][CONSENSUS][PBFT]checkTimeout Succ,view=2035,toView=2036,nodeIdx=1,changeCycle=0,myNode=ae5ce17c...,timecost=1.085
info|2019-12-12 01:02:51.812536|[g:1][CONSENSUS][PBFT]checkAndChangeView: Reach consensus,org_view=2035,org_changeCycle=0,cur_changeCycle=0,to_view=2036
info|2019-12-12 01:02:52.023084|[P2P][Service] heartBeat,connected count=3
info|2019-12-12 01:02:52.813792|[g:1][CONSENSUS]addRawPrepare,height=12,reqIdx=3,hash=5e4b262c...
info|2019-12-12 01:02:52.815397|[g:1][CONSENSUS][PBFT]checkTimeout Succ,view=2036,toView=2037,nodeIdx=1,changeCycle=0,myNode=ae5ce17c...,timecost=1.319
info|2019-12-12 01:02:52.819467|[g:1][CONSENSUS][PBFT]checkAndChangeView: Reach consensus,org_view=2036,org_changeCycle=0,cur_changeCycle=0,to_view=2037
info|2019-12-12 01:02:53.819993|[g:1][CONSENSUS]addRawPrepare,height=12,reqIdx=0,hash=a485a546...
info|2019-12-12 01:02:53.821678|[g:1][CONSENSUS][PBFT]checkTimeout Succ,view=2037,toView=2038,nodeIdx=1,changeCycle=0,myNode=ae5ce17c...,timecost=1.261
info|2019-12-12 01:02:53.823620|[g:1][CONSENSUS][PBFT]checkAndChangeView: Reach consensus,org_view=2037,org_changeCycle=0,cur_changeCycle=0,to_view=2038
info|2019-12-12 01:02:54.823771|[g:1][CONSENSUS][SEALER]++++++++++++++++ Generating seal on,blkNum=12,tx=0,nodeIdx=1,hash=334dbddd...
info|2019-12-12 01:02:54.825791|[g:1][CONSENSUS][PBFT]checkTimeout Succ,view=2038,toView=2039,nodeIdx=1,changeCycle=0,myNode=ae5ce17c...,timecost=0.435
info|2019-12-12 01:02:54.834678|[g:1][CONSENSUS][PBFT]checkAndChangeView: Reach consensus,org_view=2038,org_changeCycle=0,cur_changeCycle=0,to_view=2039
info|2019-12-12 01:02:55.836121|[g:1][CONSENSUS]addRawPrepare,height=12,reqIdx=2,hash=16cb8ee1...
info|2019-12-12 01:02:55.837074|[g:1][CONSENSUS][PBFT]checkTimeout Succ,view=2039,toView=2040,nodeIdx=1,changeCycle=0,myNode=ae5ce17c...,timecost=0.75
info|2019-12-12 01:02:55.839532|[g:1][CONSENSUS][PBFT]checkAndChangeView: Reach consensus,org_view=2039,org_changeCycle=0,cur_changeCycle=0,to_view=2040
info|2019-12-12 01:02:56.841433|[g:1][CONSENSUS]addRawPrepare,height=12,reqIdx=3,hash=57ef9475...
info|2019-12-12 01:02:56.842842|[g:1][CONSENSUS][PBFT]checkTimeout Succ,view=2040,toView=2041,nodeIdx=1,changeCycle=0,myNode=ae5ce17c...,timecost=1.099
info|2019-12-12 01:02:56.845831|[g:1][CONSENSUS][PBFT]checkAndChangeView: Reach consensus,org_view=2040,org_changeCycle=0,cur_changeCycle=0,to_view=2041
info|2019-12-12 01:02:57.851595|[g:1][CONSENSUS]addRawPrepare,height=12,reqIdx=0,hash=bc2b24ba...
info|2019-12-12 01:02:57.852485|[g:1][CONSENSUS][PBFT]checkTimeout Succ,view=2041,toView=2042,nodeIdx=1,changeCycle=0,myNode=ae5ce17c...,timecost=0.868
info|2019-12-12 01:02:57.854798|[g:1][CONSENSUS][PBFT]checkAndChangeView: Reach consensus,org_view=2041,org_changeCycle=0,cur_changeCycle=0,to_view=2042
info|2019-12-12 01:02:58.855062|[g:1][CONSENSUS][SEALER]++++++++++++++++ Generating seal on,blkNum=12,tx=0,nodeIdx=1,hash=f6fc8791...
info|2019-12-12 01:02:58.856158|[g:1][CONSENSUS][PBFT]checkTimeout Succ,view=2042,toView=2043,nodeIdx=1,changeCycle=0,myNode=ae5ce17c...,timecost=0.649
info|2019-12-12 01:02:58.859409|[g:1][CONSENSUS][PBFT]checkAndChangeView: Reach consensus,org_view=2042,org_changeCycle=0,cur_changeCycle=0,to_view=2043
info|2019-12-12 01:02:59.860729|[g:1][CONSENSUS]addRawPrepare,height=12,reqIdx=2,hash=188e024c...
info|2019-12-12 01:02:59.861212|[g:1][CONSENSUS][PBFT]checkTimeout Succ,view=2043,toView=2044,nodeIdx=1,changeCycle=0,myNode=ae5ce17c...,timecost=0.356
info|2019-12-12 01:02:59.863188|[g:1][CONSENSUS][PBFT]checkAndChangeView: Reach consensus,org_view=2043,org_changeCycle=0,cur_changeCycle=0,to_view=2044
info|2019-12-12 01:03:00.865210|[g:1][CONSENSUS]addRawPrepare,height=12,reqIdx=3,hash=e9686406...
info|2019-12-12 01:03:00.867731|[g:1][CONSENSUS][PBFT]checkTimeout Succ,view=2044,toView=2045,nodeIdx=1,changeCycle=0,myNode=ae5ce17c...,timecost=2.51
info|2019-12-12 01:03:00.869896|[g:1][CONSENSUS][PBFT]checkAndChangeView: Reach consensus,org_view=2044,org_changeCycle=0,cur_changeCycle=0,to_view=2045
info|2019-12-12 01:03:01.870391|[g:1][CONSENSUS]addRawPrepare,height=12,reqIdx=0,hash=2d2732f6...
info|2019-12-12 01:03:01.872130|[g:1][CONSENSUS][PBFT]checkTimeout Succ,view=2045,toView=2046,nodeIdx=1,changeCycle=0,myNode=ae5ce17c...,timecost=1.307
info|2019-12-12 01:03:01.876009|[g:1][CONSENSUS][PBFT]checkAndChangeView: Reach consensus,org_view=2045,org_changeCycle=0,cur_changeCycle=0,to_view=2046
info|2019-12-12 01:03:02.028853|[P2P][Service] heartBeat,connected count=3
info|2019-12-12 01:03:02.877307|[g:1][CONSENSUS][SEALER]++++++++++++++++ Generating seal on,blkNum=12,tx=0,nodeIdx=1,hash=8ea00190...
info|2019-12-12 01:03:02.881812|[g:1][CONSENSUS][PBFT]checkTimeout Succ,view=2046,toView=2047,nodeIdx=1,changeCycle=0,myNode=ae5ce17c...,timecost=0.879
info|2019-12-12 01:03:02.883487|[g:1][CONSENSUS][PBFT]checkAndChangeView: Reach consensus,org_view=2046,org_changeCycle=0,cur_changeCycle=0,to_view=2047
info|2019-12-12 01:03:03.884726|[g:1][CONSENSUS]addRawPrepare,height=12,reqIdx=2,hash=cde26bf2...
info|2019-12-12 01:03:03.885505|[g:1][CONSENSUS][PBFT]checkTimeout Succ,view=2047,toView=2048,nodeIdx=1,changeCycle=0,myNode=ae5ce17c...,timecost=0.591
info|2019-12-12 01:03:03.887750|[g:1][CONSENSUS][PBFT]checkAndChangeView: Reach consensus,org_view=2047,org_changeCycle=0,cur_changeCycle=0,to_view=2048
info|2019-12-12 01:03:04.889598|[g:1][CONSENSUS]addRawPrepare,height=12,reqIdx=3,hash=7017956c...
info|2019-12-12 01:03:04.891411|[g:1][CONSENSUS][PBFT]checkTimeout Succ,view=2048,toView=2049,nodeIdx=1,changeCycle=0,myNode=ae5ce17c...,timecost=1.633
info|2019-12-12 01:03:04.892736|[g:1][CONSENSUS][PBFT]checkAndChangeView: Reach consensus,org_view=2048,org_changeCycle=0,cur_changeCycle=0,to_view=2049
info|2019-12-12 01:03:05.894072|[g:1][CONSENSUS]addRawPrepare,height=12,reqIdx=0,hash=01c4c765...
info|2019-12-12 01:03:05.896000|[g:1][CONSENSUS][PBFT]checkTimeout Succ,view=2049,toView=2050,nodeIdx=1,changeCycle=0,myNode=ae5ce17c...,timecost=1.481
info|2019-12-12 01:03:05.897327|[g:1][CONSENSUS][PBFT]checkAndChangeView: Reach consensus,org_view=2049,org_changeCycle=0,cur_changeCycle=0,to_view=2050
info|2019-12-12 01:03:06.897730|[g:1][CONSENSUS][SEALER]++++++++++++++++ Generating seal on,blkNum=12,tx=0,nodeIdx=1,hash=6ee98bed...
info|2019-12-12 01:03:06.901339|[g:1][CONSENSUS][PBFT]checkTimeout Succ,view=2050,toView=2051,nodeIdx=1,changeCycle=0,myNode=ae5ce17c...,timecost=0.675
info|2019-12-12 01:03:06.903149|[g:1][CONSENSUS][PBFT]checkAndChangeView: Reach consensus,org_view=2050,org_changeCycle=0,cur_changeCycle=0,to_view=2051
info|2019-12-12 01:03:07.904696|[g:1][CONSENSUS]addRawPrepare,height=12,reqIdx=2,hash=61e16690...
info|2019-12-12 01:03:07.905983|[g:1][CONSENSUS][PBFT]checkTimeout Succ,view=2051,toView=2052,nodeIdx=1,changeCycle=0,myNode=ae5ce17c...,timecost=1.049
info|2019-12-12 01:03:07.908200|[g:1][CONSENSUS][PBFT]checkAndChangeView: Reach consensus,org_view=2051,org_changeCycle=0,cur_changeCycle=0,to_view=2052
info|2019-12-12 01:03:08.910646|[g:1][CONSENSUS]addRawPrepare,height=12,reqIdx=3,hash=77298f46...
info|2019-12-12 01:03:08.911357|[g:1][CONSENSUS][PBFT]checkTimeout Succ,view=2052,toView=2053,nodeIdx=1,changeCycle=0,myNode=ae5ce17c...,timecost=0.538
info|2019-12-12 01:03:08.913884|[g:1][CONSENSUS][PBFT]checkAndChangeView: Reach consensus,org_view=2052,org_changeCycle=0,cur_changeCycle=0,to_view=2053
info|2019-12-12 01:03:09.916675|[g:1][CONSENSUS]addRawPrepare,height=12,reqIdx=0,hash=b9d0339e...
info|2019-12-12 01:03:09.917826|[g:1][CONSENSUS][PBFT]checkTimeout Succ,view=2053,toView=2054,nodeIdx=1,changeCycle=0,myNode=ae5ce17c...,timecost=0.88
info|2019-12-12 01:03:09.919674|[g:1][CONSENSUS][PBFT]checkAndChangeView: Reach consensus,org_view=2053,org_changeCycle=0,cur_changeCycle=0,to_view=2054
info|2019-12-12 01:03:10.919818|[g:1][CONSENSUS][SEALER]++++++++++++++++ Generating seal on,blkNum=12,tx=0,nodeIdx=1,hash=22670a75...
info|2019-12-12 01:03:10.920979|[g:1][CONSENSUS][PBFT]checkTimeout Succ,view=2054,toView=2055,nodeIdx=1,changeCycle=0,myNode=ae5ce17c...,timecost=0.715
info|2019-12-12 01:03:10.924536|[g:1][CONSENSUS][PBFT]checkAndChangeView: Reach consensus,org_view=2054,org_changeCycle=0,cur_changeCycle=0,to_view=2055
info|2019-12-12 01:03:11.924840|[g:1][CONSENSUS]addRawPrepare,height=12,reqIdx=2,hash=53881e6e...
info|2019-12-12 01:03:11.925675|[g:1][CONSENSUS][PBFT]checkTimeout Succ,view=2055,toView=2056,nodeIdx=1,changeCycle=0,myNode=ae5ce17c...,timecost=0.528
info|2019-12-12 01:03:11.928309|[g:1][CONSENSUS][PBFT]checkAndChangeView: Reach consensus,org_view=2055,org_changeCycle=0,cur_changeCycle=0,to_view=2056
info|2019-12-12 01:03:12.033916|[P2P][Service] heartBeat,connected count=3
info|2019-12-12 01:03:12.930736|[g:1][CONSENSUS]addRawPrepare,height=12,reqIdx=3,hash=d52da39e...
info|2019-12-12 01:03:12.932243|[g:1][CONSENSUS][PBFT]checkTimeout Succ,view=2056,toView=2057,nodeIdx=1,changeCycle=0,myNode=ae5ce17c...,timecost=1.213
info|2019-12-12 01:03:12.934736|[g:1][CONSENSUS][PBFT]checkAndChangeView: Reach consensus,org_view=2056,org_changeCycle=0,cur_changeCycle=0,to_view=2057
info|2019-12-12 01:03:13.937347|[g:1][CONSENSUS]addRawPrepare,height=12,reqIdx=0,hash=9f3c75af...
info|2019-12-12 01:03:13.938451|[g:1][CONSENSUS][PBFT]checkTimeout Succ,view=2057,toView=2058,nodeIdx=1,changeCycle=0,myNode=ae5ce17c...,timecost=0.747
info|2019-12-12 01:03:13.942510|[g:1][CONSENSUS][PBFT]checkAndChangeView: Reach consensus,org_view=2057,org_changeCycle=0,cur_changeCycle=0,to_view=2058
info|2019-12-12 01:03:14.942866|[g:1][CONSENSUS][SEALER]++++++++++++++++ Generating seal on,blkNum=12,tx=0,nodeIdx=1,hash=635fc539...
info|2019-12-12 01:03:14.948996|[g:1][CONSENSUS][PBFT]checkTimeout Succ,view=2058,toView=2059,nodeIdx=1,changeCycle=0,myNode=ae5ce17c...,timecost=0.805
info|2019-12-12 01:03:14.950609|[g:1][CONSENSUS][PBFT]checkAndChangeView: Reach consensus,org_view=2058,org_changeCycle=0,cur_changeCycle=0,to_view=2059
info|2019-12-12 01:03:15.952597|[g:1][CONSENSUS]addRawPrepare,height=12,reqIdx=2,hash=fdfe963a...
info|2019-12-12 01:03:15.953684|[g:1][CONSENSUS][PBFT]checkTimeout Succ,view=2059,toView=2060,nodeIdx=1,changeCycle=0,myNode=ae5ce17c...,timecost=0.86
info|2019-12-12 01:03:15.956602|[g:1][CONSENSUS][PBFT]checkAndChangeView: Reach consensus,org_view=2059,org_changeCycle=0,cur_changeCycle=0,to_view=2060
info|2019-12-12 01:03:16.961119|[g:1][CONSENSUS]addRawPrepare,height=12,reqIdx=3,hash=f87c170e...
info|2019-12-12 01:03:16.962222|[g:1][CONSENSUS][PBFT]checkTimeout Succ,view=2060,toView=2061,nodeIdx=1,changeCycle=0,myNode=ae5ce17c...,timecost=0.869
info|2019-12-12 01:03:16.966359|[g:1][CONSENSUS][PBFT]checkAndChangeView: Reach consensus,org_view=2060,org_changeCycle=0,cur_changeCycle=0,to_view=2061
info|2019-12-12 01:03:17.968013|[g:1][CONSENSUS]addRawPrepare,height=12,reqIdx=0,hash=db243986...
info|2019-12-12 01:03:17.969107|[g:1][CONSENSUS][PBFT]checkTimeout Succ,view=2061,toView=2062,nodeIdx=1,changeCycle=0,myNode=ae5ce17c...,timecost=0.845
info|2019-12-12 01:03:17.971999|[g:1][CONSENSUS][PBFT]checkAndChangeView: Reach consensus,org_view=2061,org_changeCycle=0,cur_changeCycle=0,to_view=2062
info|2019-12-12 01:03:18.973128|[g:1][CONSENSUS][SEALER]++++++++++++++++ Generating seal on,blkNum=12,tx=0,nodeIdx=1,hash=dc211e41...
info|2019-12-12 01:03:18.974474|[g:1][CONSENSUS][PBFT]checkTimeout Succ,view=2062,toView=2063,nodeIdx=1,changeCycle=0,myNode=ae5ce17c...,timecost=0.816
info|2019-12-12 01:03:18.980596|[g:1][CONSENSUS][PBFT]checkAndChangeView: Reach consensus,org_view=2062,org_changeCycle=0,cur_changeCycle=0,to_view=2063
info|2019-12-12 01:03:19.981794|[g:1][CONSENSUS]addRawPrepare,height=12,reqIdx=2,hash=a494aad9...
info|2019-12-12 01:03:19.983178|[g:1][CONSENSUS][PBFT]checkTimeout Succ,view=2063,toView=2064,nodeIdx=1,changeCycle=0,myNode=ae5ce17c...,timecost=1.187
info|2019-12-12 01:03:19.985913|[g:1][CONSENSUS][PBFT]checkAndChangeView: Reach consensus,org_view=2063,org_changeCycle=0,cur_changeCycle=0,to_view=2064
info|2019-12-12 01:03:20.989519|[g:1][CONSENSUS]addRawPrepare,height=12,reqIdx=3,hash=db5679a1...
info|2019-12-12 01:03:20.991127|[g:1][CONSENSUS][PBFT]checkTimeout Succ,view=2064,toView=2065,nodeIdx=1,changeCycle=0,myNode=ae5ce17c...,timecost=1.085
info|2019-12-12 01:03:20.995574|[g:1][CONSENSUS][PBFT]checkAndChangeView: Reach consensus,org_view=2064,org_changeCycle=0,cur_changeCycle=0,to_view=2065
info|2019-12-12 01:03:21.998858|[g:1][CONSENSUS]addRawPrepare,height=12,reqIdx=0,hash=e1aa5d6c...
info|2019-12-12 01:03:22.000254|[g:1][CONSENSUS][PBFT]checkTimeout Succ,view=2065,toView=2066,nodeIdx=1,changeCycle=0,myNode=ae5ce17c...,timecost=1.072
info|2019-12-12 01:03:22.003732|[g:1][CONSENSUS][PBFT]checkAndChangeView: Reach consensus,org_view=2065,org_changeCycle=0,cur_changeCycle=0,to_view=2066
info|2019-12-12 01:03:22.041613|[P2P][Service] heartBeat,connected count=3
info|2019-12-12 01:03:23.003884|[g:1][CONSENSUS][SEALER]++++++++++++++++ Generating seal on,blkNum=12,tx=0,nodeIdx=1,hash=fdaf6218...
info|2019-12-12 01:03:23.010210|[g:1][CONSENSUS][PBFT]checkTimeout Succ,view=2066,toView=2067,nodeIdx=1,changeCycle=0,myNode=ae5ce17c...,timecost=0.731
info|2019-12-12 01:03:23.011621|[g:1][CONSENSUS][PBFT]checkAndChangeView: Reach consensus,org_view=2066,org_changeCycle=0,cur_changeCycle=0,to_view=2067
info|2019-12-12 01:03:24.012649|[g:1][CONSENSUS]addRawPrepare,height=12,reqIdx=2,hash=0456db1e...
info|2019-12-12 01:03:24.013667|[g:1][CONSENSUS][PBFT]checkTimeout Succ,view=2067,toView=2068,nodeIdx=1,changeCycle=0,myNode=ae5ce17c...,timecost=0.802
info|2019-12-12 01:03:24.017641|[g:1][CONSENSUS][PBFT]checkAndChangeView: Reach consensus,org_view=2067,org_changeCycle=0,cur_changeCycle=0,to_view=2068
info|2019-12-12 01:03:25.022261|[g:1][CONSENSUS]addRawPrepare,height=12,reqIdx=3,hash=8ba0811b...
info|2019-12-12 01:03:25.024786|[g:1][CONSENSUS][PBFT]checkTimeout Succ,view=2068,toView=2069,nodeIdx=1,changeCycle=0,myNode=ae5ce17c...,timecost=2.276
info|2019-12-12 01:03:25.027447|[g:1][CONSENSUS][PBFT]checkAndChangeView: Reach consensus,org_view=2068,org_changeCycle=0,cur_changeCycle=0,to_view=2069
info|2019-12-12 01:03:26.030769|[g:1][CONSENSUS]addRawPrepare,height=12,reqIdx=0,hash=a8daf6c0...
info|2019-12-12 01:03:26.032020|[g:1][CONSENSUS][PBFT]checkTimeout Succ,view=2069,toView=2070,nodeIdx=1,changeCycle=0,myNode=ae5ce17c...,timecost=1.006
info|2019-12-12 01:03:26.035256|[g:1][CONSENSUS][PBFT]checkAndChangeView: Reach consensus,org_view=2069,org_changeCycle=0,cur_changeCycle=0,to_view=2070
info|2019-12-12 01:03:27.036498|[g:1][CONSENSUS][SEALER]++++++++++++++++ Generating seal on,blkNum=12,tx=0,nodeIdx=1,hash=cd7810d8...
info|2019-12-12 01:03:27.041474|[g:1][CONSENSUS][PBFT]checkTimeout Succ,view=2070,toView=2071,nodeIdx=1,changeCycle=0,myNode=ae5ce17c...,timecost=0.955
info|2019-12-12 01:03:27.044093|[g:1][CONSENSUS][PBFT]checkAndChangeView: Reach consensus,org_view=2070,org_changeCycle=0,cur_changeCycle=0,to_view=2071
info|2019-12-12 01:03:28.047953|[g:1][CONSENSUS]addRawPrepare,height=12,reqIdx=2,hash=eaab58d4...
info|2019-12-12 01:03:28.049010|[g:1][CONSENSUS][PBFT]checkTimeout Succ,view=2071,toView=2072,nodeIdx=1,changeCycle=0,myNode=ae5ce17c...,timecost=0.804
info|2019-12-12 01:03:28.053775|[g:1][CONSENSUS][PBFT]checkAndChangeView: Reach consensus,org_view=2071,org_changeCycle=0,cur_changeCycle=0,to_view=2072
info|2019-12-12 01:03:29.055372|[g:1][CONSENSUS]addRawPrepare,height=12,reqIdx=3,hash=2379f136...
info|2019-12-12 01:03:29.056061|[g:1][CONSENSUS][PBFT]checkTimeout Succ,view=2072,toView=2073,nodeIdx=1,changeCycle=0,myNode=ae5ce17c...,timecost=0.568
info|2019-12-12 01:03:29.058670|[g:1][CONSENSUS][PBFT]checkAndChangeView: Reach consensus,org_view=2072,org_changeCycle=0,cur_changeCycle=0,to_view=2073
info|2019-12-12 01:03:30.060632|[g:1][CONSENSUS]addRawPrepare,height=12,reqIdx=0,hash=2ba2c554...
info|2019-12-12 01:03:30.063249|[g:1][CONSENSUS][PBFT]checkTimeout Succ,view=2073,toView=2074,nodeIdx=1,changeCycle=0,myNode=ae5ce17c...,timecost=2.302
info|2019-12-12 01:03:30.065766|[g:1][CONSENSUS][PBFT]checkAndChangeView: Reach consensus,org_view=2073,org_changeCycle=0,cur_changeCycle=0,to_view=2074
info|2019-12-12 01:03:31.065325|[g:1][CONSENSUS][SEALER]++++++++++++++++ Generating seal on,blkNum=12,tx=0,nodeIdx=1,hash=b409e412...
info|2019-12-12 01:03:31.070606|[g:1][CONSENSUS][PBFT]checkTimeout Succ,view=2074,toView=2075,nodeIdx=1,changeCycle=0,myNode=ae5ce17c...,timecost=0.794
info|2019-12-12 01:03:31.073078|[g:1][CONSENSUS][PBFT]checkAndChangeView: Reach consensus,org_view=2074,org_changeCycle=0,cur_changeCycle=0,to_view=2075
info|2019-12-12 01:03:32.048013|[P2P][Service] heartBeat,connected count=3
info|2019-12-12 01:03:32.075195|[g:1][CONSENSUS]addRawPrepare,height=12,reqIdx=2,hash=da3a8517...
info|2019-12-12 01:03:32.076388|[g:1][CONSENSUS][PBFT]checkTimeout Succ,view=2075,toView=2076,nodeIdx=1,changeCycle=0,myNode=ae5ce17c...,timecost=0.988
info|2019-12-12 01:03:32.078380|[g:1][CONSENSUS][PBFT]checkAndChangeView: Reach consensus,org_view=2075,org_changeCycle=0,cur_changeCycle=0,to_view=2076
info|2019-12-12 01:03:33.080624|[g:1][CONSENSUS]addRawPrepare,height=12,reqIdx=3,hash=4518d108...
info|2019-12-12 01:03:33.081884|[g:1][CONSENSUS][PBFT]checkTimeout Succ,view=2076,toView=2077,nodeIdx=1,changeCycle=0,myNode=ae5ce17c...,timecost=1.043
info|2019-12-12 01:03:33.085342|[g:1][CONSENSUS][PBFT]checkAndChangeView: Reach consensus,org_view=2076,org_changeCycle=0,cur_changeCycle=0,to_view=2077
info|2019-12-12 01:03:34.087487|[g:1][CONSENSUS]addRawPrepare,height=12,reqIdx=0,hash=ba3d6903...
info|2019-12-12 01:03:34.089484|[g:1][CONSENSUS][PBFT]checkTimeout Succ,view=2077,toView=2078,nodeIdx=1,changeCycle=0,myNode=ae5ce17c...,timecost=1.72
info|2019-12-12 01:03:34.092766|[g:1][CONSENSUS][PBFT]checkAndChangeView: Reach consensus,org_view=2077,org_changeCycle=0,cur_changeCycle=0,to_view=2078
info|2019-12-12 01:03:35.092748|[g:1][CONSENSUS][SEALER]++++++++++++++++ Generating seal on,blkNum=12,tx=0,nodeIdx=1,hash=d1121201...
info|2019-12-12 01:03:35.098956|[g:1][CONSENSUS][PBFT]checkTimeout Succ,view=2078,toView=2079,nodeIdx=1,changeCycle=0,myNode=ae5ce17c...,timecost=1.013
info|2019-12-12 01:03:35.101351|[g:1][CONSENSUS][PBFT]checkAndChangeView: Reach consensus,org_view=2078,org_changeCycle=0,cur_changeCycle=0,to_view=2079
info|2019-12-12 01:03:36.102982|[g:1][CONSENSUS]addRawPrepare,height=12,reqIdx=2,hash=71c85e70...
info|2019-12-12 01:03:36.104036|[g:1][CONSENSUS][PBFT]checkTimeout Succ,view=2079,toView=2080,nodeIdx=1,changeCycle=0,myNode=ae5ce17c...,timecost=0.796
info|2019-12-12 01:03:36.107094|[g:1][CONSENSUS][PBFT]checkAndChangeView: Reach consensus,org_view=2079,org_changeCycle=0,cur_changeCycle=0,to_view=2080
info|2019-12-12 01:03:37.108803|[g:1][CONSENSUS]addRawPrepare,height=12,reqIdx=3,hash=c937b47a...
info|2019-12-12 01:03:37.109822|[g:1][CONSENSUS][PBFT]checkTimeout Succ,view=2080,toView=2081,nodeIdx=1,changeCycle=0,myNode=ae5ce17c...,timecost=0.761
info|2019-12-12 01:03:37.112755|[g:1][CONSENSUS][PBFT]checkAndChangeView: Reach consensus,org_view=2080,org_changeCycle=0,cur_changeCycle=0,to_view=2081
info|2019-12-12 01:03:38.117306|[g:1][CONSENSUS]addRawPrepare,height=12,reqIdx=0,hash=d8f85f4e...
info|2019-12-12 01:03:38.119281|[g:1][CONSENSUS][PBFT]checkTimeout Succ,view=2081,toView=2082,nodeIdx=1,changeCycle=0,myNode=ae5ce17c...,timecost=1.739
info|2019-12-12 01:03:38.121960|[g:1][CONSENSUS][PBFT]checkAndChangeView: Reach consensus,org_view=2081,org_changeCycle=0,cur_changeCycle=0,to_view=2082
info|2019-12-12 01:03:39.122405|[g:1][CONSENSUS][SEALER]++++++++++++++++ Generating seal on,blkNum=12,tx=0,nodeIdx=1,hash=a89b2166...
info|2019-12-12 01:03:39.123691|[g:1][CONSENSUS][PBFT]checkTimeout Succ,view=2082,toView=2083,nodeIdx=1,changeCycle=0,myNode=ae5ce17c...,timecost=0.769
info|2019-12-12 01:03:39.129774|[g:1][CONSENSUS][PBFT]checkAndChangeView: Reach consensus,org_view=2082,org_changeCycle=0,cur_changeCycle=0,to_view=2083
info|2019-12-12 01:03:40.130958|[g:1][CONSENSUS]addRawPrepare,height=12,reqIdx=2,hash=b25bda75...
info|2019-12-12 01:03:40.132194|[g:1][CONSENSUS][PBFT]checkTimeout Succ,view=2083,toView=2084,nodeIdx=1,changeCycle=0,myNode=ae5ce17c...,timecost=0.831
info|2019-12-12 01:03:40.135186|[g:1][CONSENSUS][PBFT]checkAndChangeView: Reach consensus,org_view=2083,org_changeCycle=0,cur_changeCycle=0,to_view=2084
info|2019-12-12 01:03:41.141128|[g:1][CONSENSUS]addRawPrepare,height=12,reqIdx=3,hash=51f88d27...
info|2019-12-12 01:03:41.142157|[g:1][CONSENSUS][PBFT]checkTimeout Succ,view=2084,toView=2085,nodeIdx=1,changeCycle=0,myNode=ae5ce17c...,timecost=0.794
info|2019-12-12 01:03:41.145568|[g:1][CONSENSUS][PBFT]checkAndChangeView: Reach consensus,org_view=2084,org_changeCycle=0,cur_changeCycle=0,to_view=2085
info|2019-12-12 01:03:42.055319|[P2P][Service] heartBeat,connected count=3
info|2019-12-12 01:03:42.148482|[g:1][CONSENSUS]addRawPrepare,height=12,reqIdx=0,hash=a0ee4c8a...
info|2019-12-12 01:03:42.149884|[g:1][CONSENSUS][PBFT]checkTimeout Succ,view=2085,toView=2086,nodeIdx=1,changeCycle=0,myNode=ae5ce17c...,timecost=1.138
info|2019-12-12 01:03:42.154235|[g:1][CONSENSUS][PBFT]checkAndChangeView: Reach consensus,org_view=2085,org_changeCycle=0,cur_changeCycle=0,to_view=2086
info|2019-12-12 01:03:43.154512|[g:1][CONSENSUS][SEALER]++++++++++++++++ Generating seal on,blkNum=12,tx=0,nodeIdx=1,hash=906fab33...
info|2019-12-12 01:03:43.160219|[g:1][CONSENSUS][PBFT]checkTimeout Succ,view=2086,toView=2087,nodeIdx=1,changeCycle=0,myNode=ae5ce17c...,timecost=1.61
info|2019-12-12 01:03:43.162859|[g:1][CONSENSUS][PBFT]checkAndChangeView: Reach consensus,org_view=2086,org_changeCycle=0,cur_changeCycle=0,to_view=2087
info|2019-12-12 01:03:44.163913|[g:1][CONSENSUS]addRawPrepare,height=12,reqIdx=2,hash=1da85c44...
info|2019-12-12 01:03:44.164950|[g:1][CONSENSUS][PBFT]checkTimeout Succ,view=2087,toView=2088,nodeIdx=1,changeCycle=0,myNode=ae5ce17c...,timecost=0.748
info|2019-12-12 01:03:44.168656|[g:1][CONSENSUS][PBFT]checkAndChangeView: Reach consensus,org_view=2087,org_changeCycle=0,cur_changeCycle=0,to_view=2088
info|2019-12-12 01:03:45.172843|[g:1][CONSENSUS]addRawPrepare,height=12,reqIdx=3,hash=ab1c921e...
info|2019-12-12 01:03:45.174633|[g:1][CONSENSUS][PBFT]checkTimeout Succ,view=2088,toView=2089,nodeIdx=1,changeCycle=0,myNode=ae5ce17c...,timecost=1.438
info|2019-12-12 01:03:45.180034|[g:1][CONSENSUS][PBFT]checkAndChangeView: Reach consensus,org_view=2088,org_changeCycle=0,cur_changeCycle=0,to_view=2089
info|2019-12-12 01:03:46.181799|[g:1][CONSENSUS]addRawPrepare,height=12,reqIdx=0,hash=59355cbb...
info|2019-12-12 01:03:46.183003|[g:1][CONSENSUS][PBFT]checkTimeout Succ,view=2089,toView=2090,nodeIdx=1,changeCycle=0,myNode=ae5ce17c...,timecost=0.891
info|2019-12-12 01:03:46.185880|[g:1][CONSENSUS][PBFT]checkAndChangeView: Reach consensus,org_view=2089,org_changeCycle=0,cur_changeCycle=0,to_view=2090
info|2019-12-12 01:03:47.186381|[g:1][CONSENSUS][SEALER]++++++++++++++++ Generating seal on,blkNum=12,tx=0,nodeIdx=1,hash=bf6a55b1...
info|2019-12-12 01:03:47.191514|[g:1][CONSENSUS][PBFT]checkTimeout Succ,view=2090,toView=2091,nodeIdx=1,changeCycle=0,myNode=ae5ce17c...,timecost=0.764
info|2019-12-12 01:03:47.195529|[g:1][CONSENSUS][PBFT]checkAndChangeView: Reach consensus,org_view=2090,org_changeCycle=0,cur_changeCycle=0,to_view=2091
info|2019-12-12 01:03:48.196928|[g:1][CONSENSUS]addRawPrepare,height=12,reqIdx=2,hash=f120f0d8...
info|2019-12-12 01:03:48.198662|[g:1][CONSENSUS][PBFT]checkTimeout Succ,view=2091,toView=2092,nodeIdx=1,changeCycle=0,myNode=ae5ce17c...,timecost=1.45
info|2019-12-12 01:03:48.201367|[g:1][CONSENSUS][PBFT]checkAndChangeView: Reach consensus,org_view=2091,org_changeCycle=0,cur_changeCycle=0,to_view=2092
info|2019-12-12 01:03:49.203655|[g:1][CONSENSUS]addRawPrepare,height=12,reqIdx=3,hash=c14de057...
info|2019-12-12 01:03:49.206429|[g:1][CONSENSUS][PBFT]checkTimeout Succ,view=2092,toView=2093,nodeIdx=1,changeCycle=0,myNode=ae5ce17c...,timecost=2.31
info|2019-12-12 01:03:49.209145|[g:1][CONSENSUS][PBFT]checkAndChangeView: Reach consensus,org_view=2092,org_changeCycle=0,cur_changeCycle=0,to_view=2093
info|2019-12-12 01:03:50.212473|[g:1][CONSENSUS]addRawPrepare,height=12,reqIdx=0,hash=cc6ec967...
info|2019-12-12 01:03:50.214935|[g:1][CONSENSUS][PBFT]checkTimeout Succ,view=2093,toView=2094,nodeIdx=1,changeCycle=0,myNode=ae5ce17c...,timecost=1.949
info|2019-12-12 01:03:50.217644|[g:1][CONSENSUS][PBFT]checkAndChangeView: Reach consensus,org_view=2093,org_changeCycle=0,cur_changeCycle=0,to_view=2094
info|2019-12-12 01:03:51.217648|[g:1][CONSENSUS][SEALER]++++++++++++++++ Generating seal on,blkNum=12,tx=0,nodeIdx=1,hash=4e4a85b2...
info|2019-12-12 01:03:51.219125|[g:1][CONSENSUS][PBFT]checkTimeout Succ,view=2094,toView=2095,nodeIdx=1,changeCycle=0,myNode=ae5ce17c...,timecost=0.938
info|2019-12-12 01:03:51.225821|[g:1][CONSENSUS][PBFT]checkAndChangeView: Reach consensus,org_view=2094,org_changeCycle=0,cur_changeCycle=0,to_view=2095
info|2019-12-12 01:03:52.060682|[P2P][Service] heartBeat,connected count=3
info|2019-12-12 01:03:52.226647|[g:1][CONSENSUS]addRawPrepare,height=12,reqIdx=2,hash=4de40346...
info|2019-12-12 01:03:52.228097|[g:1][CONSENSUS][PBFT]checkTimeout Succ,view=2095,toView=2096,nodeIdx=1,changeCycle=0,myNode=ae5ce17c...,timecost=0.834
info|2019-12-12 01:03:52.232547|[g:1][CONSENSUS][PBFT]checkAndChangeView: Reach consensus,org_view=2095,org_changeCycle=0,cur_changeCycle=0,to_view=2096
info|2019-12-12 01:03:53.235342|[g:1][CONSENSUS]addRawPrepare,height=12,reqIdx=3,hash=a7b608b8...
info|2019-12-12 01:03:53.236453|[g:1][CONSENSUS][PBFT]checkTimeout Succ,view=2096,toView=2097,nodeIdx=1,changeCycle=0,myNode=ae5ce17c...,timecost=0.864
info|2019-12-12 01:03:53.239139|[g:1][CONSENSUS][PBFT]checkAndChangeView: Reach consensus,org_view=2096,org_changeCycle=0,cur_changeCycle=0,to_view=2097
info|2019-12-12 01:03:54.245111|[g:1][CONSENSUS]addRawPrepare,height=12,reqIdx=0,hash=2c1401fa...
info|2019-12-12 01:03:54.246073|[g:1][CONSENSUS][PBFT]checkTimeout Succ,view=2097,toView=2098,nodeIdx=1,changeCycle=0,myNode=ae5ce17c...,timecost=0.744
info|2019-12-12 01:03:54.251477|[g:1][CONSENSUS][PBFT]checkAndChangeView: Reach consensus,org_view=2097,org_changeCycle=0,cur_changeCycle=0,to_view=2098
info|2019-12-12 01:03:55.252206|[g:1][CONSENSUS][SEALER]++++++++++++++++ Generating seal on,blkNum=12,tx=0,nodeIdx=1,hash=0532fea5...
info|2019-12-12 01:03:55.257972|[g:1][CONSENSUS][PBFT]checkTimeout Succ,view=2098,toView=2099,nodeIdx=1,changeCycle=0,myNode=ae5ce17c...,timecost=0.733
info|2019-12-12 01:03:55.259513|[g:1][CONSENSUS][PBFT]checkAndChangeView: Reach consensus,org_view=2098,org_changeCycle=0,cur_changeCycle=0,to_view=2099
