info|2019-12-14 02:43:52.012685|[P2P][Service] heartBeat,connected count=3
warning|2019-12-14 02:43:52.017739|[g:1][CONSENSUS][PBFT]ViewChangeWarning: not caused by omit empty block ,v=2811,toV=2812,curNum=475,hash=ad338c6e...,nodeIdx=1,myNode=ae5ce17c...
info|2019-12-14 02:43:52.017882|[g:1][CONSENSUS][PBFT]checkTimeout Succ,view=2811,toView=2812,nodeIdx=1,changeCycle=1,myNode=ae5ce17c...,timecost=0.444
info|2019-12-14 02:43:52.025192|[g:1][CONSENSUS][PBFT]checkAndChangeView: Reach consensus,org_view=2811,org_changeCycle=1,cur_changeCycle=1,to_view=2812
info|2019-12-14 02:43:53.030677|[g:1][CONSENSUS]addRawPrepare,height=476,reqIdx=3,hash=5fff9a31...
info|2019-12-14 02:43:53.032382|[g:1][CONSENSUS][PBFT]checkTimeout Succ,view=2812,toView=2813,nodeIdx=1,changeCycle=0,myNode=ae5ce17c...,timecost=1.577
info|2019-12-14 02:43:53.033658|[g:1][CONSENSUS][PBFT]checkAndChangeView: Reach consensus,org_view=2812,org_changeCycle=0,cur_changeCycle=0,to_view=2813
info|2019-12-14 02:43:54.036993|[g:1][CONSENSUS]addRawPrepare,height=476,reqIdx=0,hash=f62073be...
info|2019-12-14 02:43:54.037474|[g:1][CONSENSUS][PBFT]checkTimeout Succ,view=2813,toView=2814,nodeIdx=1,changeCycle=0,myNode=ae5ce17c...,timecost=0.354
info|2019-12-14 02:43:54.039286|[g:1][CONSENSUS][PBFT]checkAndChangeView: Reach consensus,org_view=2813,org_changeCycle=0,cur_changeCycle=0,to_view=2814
info|2019-12-14 02:43:55.040359|[g:1][CONSENSUS][SEALER]++++++++++++++++ Generating seal on,blkNum=476,tx=0,nodeIdx=1,hash=cac8238e...
info|2019-12-14 02:43:55.045484|[g:1][CONSENSUS][PBFT]checkTimeout Succ,view=2814,toView=2815,nodeIdx=1,changeCycle=0,myNode=ae5ce17c...,timecost=1.889
info|2019-12-14 02:43:55.046055|[g:1][CONSENSUS][PBFT]checkAndChangeView: Reach consensus,org_view=2814,org_changeCycle=0,cur_changeCycle=0,to_view=2815
info|2019-12-14 02:43:56.045893|[g:1][CONSENSUS]addRawPrepare,height=476,reqIdx=2,hash=b409619e...
info|2019-12-14 02:43:56.047673|[g:1][CONSENSUS][PBFT]checkTimeout Succ,view=2815,toView=2816,nodeIdx=1,changeCycle=0,myNode=ae5ce17c...,timecost=1.629
info|2019-12-14 02:43:56.049064|[g:1][CONSENSUS][PBFT]checkAndChangeView: Reach consensus,org_view=2815,org_changeCycle=0,cur_changeCycle=0,to_view=2816
info|2019-12-14 02:43:57.053582|[g:1][CONSENSUS]addRawPrepare,height=476,reqIdx=3,hash=e39ef2f9...
info|2019-12-14 02:43:57.054499|[g:1][CONSENSUS][PBFT]checkTimeout Succ,view=2816,toView=2817,nodeIdx=1,changeCycle=0,myNode=ae5ce17c...,timecost=0.653
info|2019-12-14 02:43:57.056401|[g:1][CONSENSUS][PBFT]checkAndChangeView: Reach consensus,org_view=2816,org_changeCycle=0,cur_changeCycle=0,to_view=2817
info|2019-12-14 02:43:58.060711|[g:1][CONSENSUS]addRawPrepare,height=476,reqIdx=0,hash=17f16c4f...
info|2019-12-14 02:43:58.061559|[g:1][CONSENSUS][PBFT]checkTimeout Succ,view=2817,toView=2818,nodeIdx=1,changeCycle=0,myNode=ae5ce17c...,timecost=0.673
info|2019-12-14 02:43:58.065024|[g:1][CONSENSUS][PBFT]checkAndChangeView: Reach consensus,org_view=2817,org_changeCycle=0,cur_changeCycle=0,to_view=2818
info|2019-12-14 02:43:59.066534|[g:1][CONSENSUS][SEALER]++++++++++++++++ Generating seal on,blkNum=476,tx=0,nodeIdx=1,hash=4a350aa7...
info|2019-12-14 02:43:59.067774|[g:1][CONSENSUS][PBFT]checkTimeout Succ,view=2818,toView=2819,nodeIdx=1,changeCycle=0,myNode=ae5ce17c...,timecost=0.715
info|2019-12-14 02:43:59.071756|[g:1][CONSENSUS][PBFT]checkAndChangeView: Reach consensus,org_view=2818,org_changeCycle=0,cur_changeCycle=0,to_view=2819
info|2019-12-14 02:44:00.074048|[g:1][CONSENSUS]addRawPrepare,height=476,reqIdx=2,hash=7bedd3de...
info|2019-12-14 02:44:00.076011|[g:1][CONSENSUS][PBFT]checkTimeout Succ,view=2819,toView=2820,nodeIdx=1,changeCycle=0,myNode=ae5ce17c...,timecost=1.654
info|2019-12-14 02:44:00.078731|[g:1][CONSENSUS][PBFT]checkAndChangeView: Reach consensus,org_view=2819,org_changeCycle=0,cur_changeCycle=0,to_view=2820
info|2019-12-14 02:44:01.082254|[g:1][CONSENSUS]addRawPrepare,height=476,reqIdx=3,hash=6b87a61b...
info|2019-12-14 02:44:01.083799|[g:1][CONSENSUS][PBFT]checkTimeout Succ,view=2820,toView=2821,nodeIdx=1,changeCycle=0,myNode=ae5ce17c...,timecost=1.281
info|2019-12-14 02:44:01.087277|[g:1][CONSENSUS][PBFT]checkAndChangeView: Reach consensus,org_view=2820,org_changeCycle=0,cur_changeCycle=0,to_view=2821
info|2019-12-14 02:44:02.019729|[P2P][Service] heartBeat,connected count=3
info|2019-12-14 02:44:02.091895|[g:1][CONSENSUS]addRawPrepare,height=476,reqIdx=0,hash=011190cf...
info|2019-12-14 02:44:02.093141|[g:1][CONSENSUS][PBFT]checkTimeout Succ,view=2821,toView=2822,nodeIdx=1,changeCycle=0,myNode=ae5ce17c...,timecost=0.977
info|2019-12-14 02:44:02.098557|[g:1][CONSENSUS][PBFT]checkAndChangeView: Reach consensus,org_view=2821,org_changeCycle=0,cur_changeCycle=0,to_view=2822
info|2019-12-14 02:44:03.099157|[g:1][CONSENSUS][SEALER]++++++++++++++++ Generating seal on,blkNum=476,tx=0,nodeIdx=1,hash=7f3417ba...
info|2019-12-14 02:44:03.103865|[g:1][CONSENSUS][PBFT]checkTimeout Succ,view=2822,toView=2823,nodeIdx=1,changeCycle=0,myNode=ae5ce17c...,timecost=0.764
info|2019-12-14 02:44:03.106411|[g:1][CONSENSUS][PBFT]checkAndChangeView: Reach consensus,org_view=2822,org_changeCycle=0,cur_changeCycle=0,to_view=2823
info|2019-12-14 02:44:04.111155|[g:1][CONSENSUS]addRawPrepare,height=476,reqIdx=2,hash=4c339c9c...
info|2019-12-14 02:44:04.112613|[g:1][CONSENSUS][PBFT]checkTimeout Succ,view=2823,toView=2824,nodeIdx=1,changeCycle=0,myNode=ae5ce17c...,timecost=0.98
info|2019-12-14 02:44:04.116000|[g:1][CONSENSUS][PBFT]checkAndChangeView: Reach consensus,org_view=2823,org_changeCycle=0,cur_changeCycle=0,to_view=2824
info|2019-12-14 02:44:05.118447|[g:1][CONSENSUS]addRawPrepare,height=476,reqIdx=3,hash=29fc86bb...
info|2019-12-14 02:44:05.123461|[g:1][CONSENSUS][PBFT]checkTimeout Succ,view=2824,toView=2825,nodeIdx=1,changeCycle=0,myNode=ae5ce17c...,timecost=4.782
info|2019-12-14 02:44:05.125860|[g:1][CONSENSUS][PBFT]checkAndChangeView: Reach consensus,org_view=2824,org_changeCycle=0,cur_changeCycle=0,to_view=2825
info|2019-12-14 02:44:06.125221|[g:1][CONSENSUS]addRawPrepare,height=476,reqIdx=0,hash=f86f3284...
info|2019-12-14 02:44:06.126098|[g:1][CONSENSUS][PBFT]checkTimeout Succ,view=2825,toView=2826,nodeIdx=1,changeCycle=0,myNode=ae5ce17c...,timecost=0.676
info|2019-12-14 02:44:06.129412|[g:1][CONSENSUS][PBFT]checkAndChangeView: Reach consensus,org_view=2825,org_changeCycle=0,cur_changeCycle=0,to_view=2826
info|2019-12-14 02:44:07.129755|[g:1][CONSENSUS][SEALER]++++++++++++++++ Generating seal on,blkNum=476,tx=0,nodeIdx=1,hash=5a7f08f9...
info|2019-12-14 02:44:07.135397|[g:1][CONSENSUS][PBFT]checkTimeout Succ,view=2826,toView=2827,nodeIdx=1,changeCycle=0,myNode=ae5ce17c...,timecost=0.863
info|2019-12-14 02:44:07.140095|[g:1][CONSENSUS][PBFT]checkAndChangeView: Reach consensus,org_view=2826,org_changeCycle=0,cur_changeCycle=0,to_view=2827
info|2019-12-14 02:44:08.139607|[g:1][CONSENSUS]addRawPrepare,height=476,reqIdx=2,hash=e619a199...
info|2019-12-14 02:44:08.140642|[g:1][CONSENSUS][PBFT]checkTimeout Succ,view=2827,toView=2828,nodeIdx=1,changeCycle=0,myNode=ae5ce17c...,timecost=0.792
info|2019-12-14 02:44:08.143426|[g:1][CONSENSUS][PBFT]checkAndChangeView: Reach consensus,org_view=2827,org_changeCycle=0,cur_changeCycle=0,to_view=2828
info|2019-12-14 02:44:09.145446|[g:1][CONSENSUS]addRawPrepare,height=476,reqIdx=3,hash=a9e95726...
info|2019-12-14 02:44:09.148051|[g:1][CONSENSUS][PBFT]checkTimeout Succ,view=2828,toView=2829,nodeIdx=1,changeCycle=0,myNode=ae5ce17c...,timecost=2.253
info|2019-12-14 02:44:09.151762|[g:1][CONSENSUS][PBFT]checkAndChangeView: Reach consensus,org_view=2828,org_changeCycle=0,cur_changeCycle=0,to_view=2829
info|2019-12-14 02:44:10.152908|[g:1][CONSENSUS]addRawPrepare,height=476,reqIdx=0,hash=3056f67c...
info|2019-12-14 02:44:10.154867|[g:1][CONSENSUS][PBFT]checkTimeout Succ,view=2829,toView=2830,nodeIdx=1,changeCycle=0,myNode=ae5ce17c...,timecost=0.871
info|2019-12-14 02:44:10.157785|[g:1][CONSENSUS][PBFT]checkAndChangeView: Reach consensus,org_view=2829,org_changeCycle=0,cur_changeCycle=0,to_view=2830
info|2019-12-14 02:44:11.157219|[g:1][CONSENSUS][SEALER]++++++++++++++++ Generating seal on,blkNum=476,tx=0,nodeIdx=1,hash=f4e13248...
info|2019-12-14 02:44:11.158710|[g:1][CONSENSUS][PBFT]checkTimeout Succ,view=2830,toView=2831,nodeIdx=1,changeCycle=0,myNode=ae5ce17c...,timecost=0.874
info|2019-12-14 02:44:11.164261|[g:1][CONSENSUS][PBFT]checkAndChangeView: Reach consensus,org_view=2830,org_changeCycle=0,cur_changeCycle=0,to_view=2831
info|2019-12-14 02:44:12.030104|[P2P][Service] heartBeat,connected count=3
info|2019-12-14 02:44:12.168962|[g:1][CONSENSUS]addRawPrepare,height=476,reqIdx=2,hash=6e71c0eb...
info|2019-12-14 02:44:12.170091|[g:1][CONSENSUS][PBFT]checkTimeout Succ,view=2831,toView=2832,nodeIdx=1,changeCycle=0,myNode=ae5ce17c...,timecost=0.885
info|2019-12-14 02:44:12.174359|[g:1][CONSENSUS][PBFT]checkAndChangeView: Reach consensus,org_view=2831,org_changeCycle=0,cur_changeCycle=0,to_view=2832
info|2019-12-14 02:44:13.178029|[g:1][CONSENSUS]addRawPrepare,height=476,reqIdx=3,hash=cb229138...
info|2019-12-14 02:44:13.179671|[g:1][CONSENSUS][PBFT]checkTimeout Succ,view=2832,toView=2833,nodeIdx=1,changeCycle=0,myNode=ae5ce17c...,timecost=1.38
info|2019-12-14 02:44:13.181861|[g:1][CONSENSUS][PBFT]checkAndChangeView: Reach consensus,org_view=2832,org_changeCycle=0,cur_changeCycle=0,to_view=2833
info|2019-12-14 02:44:14.184178|[g:1][CONSENSUS]addRawPrepare,height=476,reqIdx=0,hash=26eda52a...
info|2019-12-14 02:44:14.185398|[g:1][CONSENSUS][PBFT]checkTimeout Succ,view=2833,toView=2834,nodeIdx=1,changeCycle=0,myNode=ae5ce17c...,timecost=0.938
info|2019-12-14 02:44:14.191076|[g:1][CONSENSUS][PBFT]checkAndChangeView: Reach consensus,org_view=2833,org_changeCycle=0,cur_changeCycle=0,to_view=2834
info|2019-12-14 02:44:15.191963|[g:1][CONSENSUS][SEALER]++++++++++++++++ Generating seal on,blkNum=476,tx=0,nodeIdx=1,hash=08aa05b7...
info|2019-12-14 02:44:15.193470|[g:1][CONSENSUS][PBFT]checkTimeout Succ,view=2834,toView=2835,nodeIdx=1,changeCycle=0,myNode=ae5ce17c...,timecost=0.877
info|2019-12-14 02:44:15.200003|[g:1][CONSENSUS][PBFT]checkAndChangeView: Reach consensus,org_view=2834,org_changeCycle=0,cur_changeCycle=0,to_view=2835
info|2019-12-14 02:44:16.202229|[g:1][CONSENSUS]addRawPrepare,height=476,reqIdx=2,hash=ac1f74d0...
info|2019-12-14 02:44:16.203385|[g:1][CONSENSUS][PBFT]checkTimeout Succ,view=2835,toView=2836,nodeIdx=1,changeCycle=0,myNode=ae5ce17c...,timecost=0.936
info|2019-12-14 02:44:16.208364|[g:1][CONSENSUS][PBFT]checkAndChangeView: Reach consensus,org_view=2835,org_changeCycle=0,cur_changeCycle=0,to_view=2836
info|2019-12-14 02:44:17.210265|[g:1][CONSENSUS]addRawPrepare,height=476,reqIdx=3,hash=92606ac6...
info|2019-12-14 02:44:17.212254|[g:1][CONSENSUS][PBFT]checkTimeout Succ,view=2836,toView=2837,nodeIdx=1,changeCycle=0,myNode=ae5ce17c...,timecost=1.806
info|2019-12-14 02:44:17.215381|[g:1][CONSENSUS][PBFT]checkAndChangeView: Reach consensus,org_view=2836,org_changeCycle=0,cur_changeCycle=0,to_view=2837
info|2019-12-14 02:44:18.215759|[g:1][CONSENSUS]addRawPrepare,height=476,reqIdx=0,hash=22846f64...
info|2019-12-14 02:44:18.216778|[g:1][CONSENSUS][PBFT]checkTimeout Succ,view=2837,toView=2838,nodeIdx=1,changeCycle=0,myNode=ae5ce17c...,timecost=0.854
info|2019-12-14 02:44:18.219614|[g:1][CONSENSUS][PBFT]checkAndChangeView: Reach consensus,org_view=2837,org_changeCycle=0,cur_changeCycle=0,to_view=2838
info|2019-12-14 02:44:19.220600|[g:1][CONSENSUS][SEALER]++++++++++++++++ Generating seal on,blkNum=476,tx=0,nodeIdx=1,hash=9a9648a0...
info|2019-12-14 02:44:19.224634|[g:1][CONSENSUS][PBFT]checkTimeout Succ,view=2838,toView=2839,nodeIdx=1,changeCycle=0,myNode=ae5ce17c...,timecost=0.531
info|2019-12-14 02:44:19.226684|[g:1][CONSENSUS][PBFT]checkAndChangeView: Reach consensus,org_view=2838,org_changeCycle=0,cur_changeCycle=0,to_view=2839
info|2019-12-14 02:44:20.228504|[g:1][CONSENSUS]addRawPrepare,height=476,reqIdx=2,hash=336a5082...
info|2019-12-14 02:44:20.229386|[g:1][CONSENSUS][PBFT]checkTimeout Succ,view=2839,toView=2840,nodeIdx=1,changeCycle=0,myNode=ae5ce17c...,timecost=0.648
info|2019-12-14 02:44:20.231587|[g:1][CONSENSUS][PBFT]checkAndChangeView: Reach consensus,org_view=2839,org_changeCycle=0,cur_changeCycle=0,to_view=2840
info|2019-12-14 02:44:21.234842|[g:1][CONSENSUS]addRawPrepare,height=476,reqIdx=3,hash=d2bb60ff...
info|2019-12-14 02:44:21.235965|[g:1][CONSENSUS][PBFT]checkTimeout Succ,view=2840,toView=2841,nodeIdx=1,changeCycle=0,myNode=ae5ce17c...,timecost=0.87
info|2019-12-14 02:44:21.239129|[g:1][CONSENSUS][PBFT]checkAndChangeView: Reach consensus,org_view=2840,org_changeCycle=0,cur_changeCycle=0,to_view=2841
info|2019-12-14 02:44:22.035893|[P2P][Service] heartBeat,connected count=3
info|2019-12-14 02:44:22.243813|[g:1][CONSENSUS]addRawPrepare,height=476,reqIdx=0,hash=1834548d...
info|2019-12-14 02:44:22.245056|[g:1][CONSENSUS][PBFT]checkTimeout Succ,view=2841,toView=2842,nodeIdx=1,changeCycle=0,myNode=ae5ce17c...,timecost=0.985
info|2019-12-14 02:44:22.247594|[g:1][CONSENSUS][PBFT]checkAndChangeView: Reach consensus,org_view=2841,org_changeCycle=0,cur_changeCycle=0,to_view=2842
info|2019-12-14 02:44:23.248748|[g:1][CONSENSUS][SEALER]++++++++++++++++ Generating seal on,blkNum=476,tx=0,nodeIdx=1,hash=7be63152...
info|2019-12-14 02:44:23.253651|[g:1][CONSENSUS][PBFT]checkTimeout Succ,view=2842,toView=2843,nodeIdx=1,changeCycle=0,myNode=ae5ce17c...,timecost=0.627
info|2019-12-14 02:44:23.254612|[g:1][CONSENSUS][PBFT]checkAndChangeView: Reach consensus,org_view=2842,org_changeCycle=0,cur_changeCycle=0,to_view=2843
info|2019-12-14 02:44:24.258302|[g:1][CONSENSUS]addRawPrepare,height=476,reqIdx=2,hash=31ffd9f4...
info|2019-12-14 02:44:24.259599|[g:1][CONSENSUS][PBFT]checkTimeout Succ,view=2843,toView=2844,nodeIdx=1,changeCycle=0,myNode=ae5ce17c...,timecost=1.036
info|2019-12-14 02:44:24.264811|[g:1][CONSENSUS][PBFT]checkAndChangeView: Reach consensus,org_view=2843,org_changeCycle=0,cur_changeCycle=0,to_view=2844
info|2019-12-14 02:44:25.266467|[g:1][CONSENSUS]addRawPrepare,height=476,reqIdx=3,hash=db4235ea...
info|2019-12-14 02:44:25.267409|[g:1][CONSENSUS][PBFT]checkTimeout Succ,view=2844,toView=2845,nodeIdx=1,changeCycle=0,myNode=ae5ce17c...,timecost=0.676
info|2019-12-14 02:44:25.271121|[g:1][CONSENSUS][PBFT]checkAndChangeView: Reach consensus,org_view=2844,org_changeCycle=0,cur_changeCycle=0,to_view=2845
info|2019-12-14 02:44:26.272384|[g:1][CONSENSUS]addRawPrepare,height=476,reqIdx=0,hash=8e36dfbb...
info|2019-12-14 02:44:26.273415|[g:1][CONSENSUS][PBFT]checkTimeout Succ,view=2845,toView=2846,nodeIdx=1,changeCycle=0,myNode=ae5ce17c...,timecost=0.729
info|2019-12-14 02:44:26.276190|[g:1][CONSENSUS][PBFT]checkAndChangeView: Reach consensus,org_view=2845,org_changeCycle=0,cur_changeCycle=0,to_view=2846
info|2019-12-14 02:44:27.277691|[g:1][CONSENSUS][SEALER]++++++++++++++++ Generating seal on,blkNum=476,tx=0,nodeIdx=1,hash=907c77d2...
info|2019-12-14 02:44:27.278964|[g:1][CONSENSUS][PBFT]checkTimeout Succ,view=2846,toView=2847,nodeIdx=1,changeCycle=0,myNode=ae5ce17c...,timecost=0.739
info|2019-12-14 02:44:27.285974|[g:1][CONSENSUS][PBFT]checkAndChangeView: Reach consensus,org_view=2846,org_changeCycle=0,cur_changeCycle=0,to_view=2847
info|2019-12-14 02:44:28.291130|[g:1][CONSENSUS]addRawPrepare,height=476,reqIdx=2,hash=63aecee9...
info|2019-12-14 02:44:28.293346|[g:1][CONSENSUS][PBFT]checkTimeout Succ,view=2847,toView=2848,nodeIdx=1,changeCycle=0,myNode=ae5ce17c...,timecost=1.913
info|2019-12-14 02:44:28.296192|[g:1][CONSENSUS][PBFT]checkAndChangeView: Reach consensus,org_view=2847,org_changeCycle=0,cur_changeCycle=0,to_view=2848
info|2019-12-14 02:44:29.300398|[g:1][CONSENSUS]addRawPrepare,height=476,reqIdx=3,hash=32458d28...
info|2019-12-14 02:44:29.301712|[g:1][CONSENSUS][PBFT]checkTimeout Succ,view=2848,toView=2849,nodeIdx=1,changeCycle=0,myNode=ae5ce17c...,timecost=1.087
info|2019-12-14 02:44:29.305305|[g:1][CONSENSUS][PBFT]checkAndChangeView: Reach consensus,org_view=2848,org_changeCycle=0,cur_changeCycle=0,to_view=2849
info|2019-12-14 02:44:30.307415|[g:1][CONSENSUS]addRawPrepare,height=476,reqIdx=0,hash=380a0a93...
info|2019-12-14 02:44:30.308106|[g:1][CONSENSUS][PBFT]checkTimeout Succ,view=2849,toView=2850,nodeIdx=1,changeCycle=0,myNode=ae5ce17c...,timecost=0.426
info|2019-12-14 02:44:30.310811|[g:1][CONSENSUS][PBFT]checkAndChangeView: Reach consensus,org_view=2849,org_changeCycle=0,cur_changeCycle=0,to_view=2850
info|2019-12-14 02:44:31.310522|[g:1][CONSENSUS][SEALER]++++++++++++++++ Generating seal on,blkNum=476,tx=0,nodeIdx=1,hash=2b682a0f...
info|2019-12-14 02:44:31.311880|[g:1][CONSENSUS][PBFT]checkTimeout Succ,view=2850,toView=2851,nodeIdx=1,changeCycle=0,myNode=ae5ce17c...,timecost=0.826
info|2019-12-14 02:44:31.317975|[g:1][CONSENSUS][PBFT]checkAndChangeView: Reach consensus,org_view=2850,org_changeCycle=0,cur_changeCycle=0,to_view=2851
info|2019-12-14 02:44:32.040515|[P2P][Service] heartBeat,connected count=3
info|2019-12-14 02:44:32.321221|[g:1][CONSENSUS]addRawPrepare,height=476,reqIdx=2,hash=6c6926a6...
info|2019-12-14 02:44:32.322885|[g:1][CONSENSUS][PBFT]checkTimeout Succ,view=2851,toView=2852,nodeIdx=1,changeCycle=0,myNode=ae5ce17c...,timecost=1.39
info|2019-12-14 02:44:32.327281|[g:1][CONSENSUS][PBFT]checkAndChangeView: Reach consensus,org_view=2851,org_changeCycle=0,cur_changeCycle=0,to_view=2852
info|2019-12-14 02:44:33.332697|[g:1][CONSENSUS]addRawPrepare,height=476,reqIdx=3,hash=3daf8c59...
info|2019-12-14 02:44:33.337510|[g:1][CONSENSUS][PBFT]checkTimeout Succ,view=2852,toView=2853,nodeIdx=1,changeCycle=0,myNode=ae5ce17c...,timecost=4.179
info|2019-12-14 02:44:33.339420|[g:1][CONSENSUS][PBFT]checkAndChangeView: Reach consensus,org_view=2852,org_changeCycle=0,cur_changeCycle=0,to_view=2853
info|2019-12-14 02:44:34.339585|[g:1][CONSENSUS]addRawPrepare,height=476,reqIdx=0,hash=e400907c...
info|2019-12-14 02:44:34.341716|[g:1][CONSENSUS][PBFT]checkTimeout Succ,view=2853,toView=2854,nodeIdx=1,changeCycle=0,myNode=ae5ce17c...,timecost=1.797
info|2019-12-14 02:44:34.344501|[g:1][CONSENSUS][PBFT]checkAndChangeView: Reach consensus,org_view=2853,org_changeCycle=0,cur_changeCycle=0,to_view=2854
info|2019-12-14 02:44:35.344545|[g:1][CONSENSUS][SEALER]++++++++++++++++ Generating seal on,blkNum=476,tx=0,nodeIdx=1,hash=0591b1dc...
info|2019-12-14 02:44:35.348610|[g:1][CONSENSUS][PBFT]checkTimeout Succ,view=2854,toView=2855,nodeIdx=1,changeCycle=0,myNode=ae5ce17c...,timecost=1.034
info|2019-12-14 02:44:35.350399|[g:1][CONSENSUS][PBFT]checkAndChangeView: Reach consensus,org_view=2854,org_changeCycle=0,cur_changeCycle=0,to_view=2855
info|2019-12-14 02:44:36.351404|[g:1][CONSENSUS]addRawPrepare,height=476,reqIdx=2,hash=f679a70e...
info|2019-12-14 02:44:36.352222|[g:1][CONSENSUS][PBFT]checkTimeout Succ,view=2855,toView=2856,nodeIdx=1,changeCycle=0,myNode=ae5ce17c...,timecost=0.387
info|2019-12-14 02:44:36.353844|[g:1][CONSENSUS][PBFT]checkAndChangeView: Reach consensus,org_view=2855,org_changeCycle=0,cur_changeCycle=0,to_view=2856
info|2019-12-14 02:44:37.356734|[g:1][CONSENSUS]addRawPrepare,height=476,reqIdx=3,hash=1a54c8cb...
info|2019-12-14 02:44:37.362821|[g:1][CONSENSUS][PBFT]checkTimeout Succ,view=2856,toView=2857,nodeIdx=1,changeCycle=0,myNode=ae5ce17c...,timecost=5.829
info|2019-12-14 02:44:37.365157|[g:1][CONSENSUS][PBFT]checkAndChangeView: Reach consensus,org_view=2856,org_changeCycle=0,cur_changeCycle=0,to_view=2857
info|2019-12-14 02:44:38.364822|[g:1][CONSENSUS]addRawPrepare,height=476,reqIdx=0,hash=09046851...
info|2019-12-14 02:44:38.365758|[g:1][CONSENSUS][PBFT]checkTimeout Succ,view=2857,toView=2858,nodeIdx=1,changeCycle=0,myNode=ae5ce17c...,timecost=0.734
info|2019-12-14 02:44:38.368134|[g:1][CONSENSUS][PBFT]checkAndChangeView: Reach consensus,org_view=2857,org_changeCycle=0,cur_changeCycle=0,to_view=2858
info|2019-12-14 02:44:39.368989|[g:1][CONSENSUS][SEALER]++++++++++++++++ Generating seal on,blkNum=476,tx=0,nodeIdx=1,hash=17ddbf1b...
info|2019-12-14 02:44:39.373893|[g:1][CONSENSUS][PBFT]checkTimeout Succ,view=2858,toView=2859,nodeIdx=1,changeCycle=0,myNode=ae5ce17c...,timecost=1.235
info|2019-12-14 02:44:39.376421|[g:1][CONSENSUS][PBFT]checkAndChangeView: Reach consensus,org_view=2858,org_changeCycle=0,cur_changeCycle=0,to_view=2859
info|2019-12-14 02:44:40.377517|[g:1][CONSENSUS]addRawPrepare,height=476,reqIdx=2,hash=e0e8f023...
info|2019-12-14 02:44:40.378124|[g:1][CONSENSUS][PBFT]checkTimeout Succ,view=2859,toView=2860,nodeIdx=1,changeCycle=0,myNode=ae5ce17c...,timecost=0.417
info|2019-12-14 02:44:40.379954|[g:1][CONSENSUS][PBFT]checkAndChangeView: Reach consensus,org_view=2859,org_changeCycle=0,cur_changeCycle=0,to_view=2860
info|2019-12-14 02:44:41.383782|[g:1][CONSENSUS]addRawPrepare,height=476,reqIdx=3,hash=6c2eaa55...
info|2019-12-14 02:44:41.385020|[g:1][CONSENSUS][PBFT]checkTimeout Succ,view=2860,toView=2861,nodeIdx=1,changeCycle=0,myNode=ae5ce17c...,timecost=0.816
info|2019-12-14 02:44:41.390384|[g:1][CONSENSUS][PBFT]checkAndChangeView: Reach consensus,org_view=2860,org_changeCycle=0,cur_changeCycle=0,to_view=2861
info|2019-12-14 02:44:42.046184|[P2P][Service] heartBeat,connected count=3
info|2019-12-14 02:44:42.391170|[g:1][CONSENSUS]addRawPrepare,height=476,reqIdx=0,hash=69727d43...
info|2019-12-14 02:44:42.394513|[g:1][CONSENSUS][PBFT]checkTimeout Succ,view=2861,toView=2862,nodeIdx=1,changeCycle=0,myNode=ae5ce17c...,timecost=2.804
info|2019-12-14 02:44:42.395884|[g:1][CONSENSUS][PBFT]checkAndChangeView: Reach consensus,org_view=2861,org_changeCycle=0,cur_changeCycle=0,to_view=2862
