warning|2019-12-11 06:22:53.015588|[g:1][CONSENSUS][PBFT]ViewChangeWarning: not caused by omit empty block ,v=5677,toV=5678,curNum=0,hash=382ff964...,nodeIdx=1,myNode=ae5ce17c...
info|2019-12-11 06:22:53.018398|[P2P][Service] heartBeat,connected count=3
info|2019-12-11 06:22:53.018384|[g:1][CONSENSUS][PBFT]checkTimeout Succ,view=5677,toView=5678,nodeIdx=1,changeCycle=1,myNode=ae5ce17c...,timecost=5.388
info|2019-12-11 06:22:53.020008|[g:1][CONSENSUS][PBFT]checkAndChangeView: Reach consensus,org_view=5677,org_changeCycle=1,cur_changeCycle=1,to_view=5678
info|2019-12-11 06:22:54.018863|[g:1][CONSENSUS]addRawPrepare,height=1,reqIdx=2,hash=eb8cef82...
info|2019-12-11 06:22:54.019531|[g:1][CONSENSUS][PBFT]checkTimeout Succ,view=5678,toView=5679,nodeIdx=1,changeCycle=0,myNode=ae5ce17c...,timecost=0.505
info|2019-12-11 06:22:54.021355|[g:1][CONSENSUS][PBFT]checkAndChangeView: Reach consensus,org_view=5678,org_changeCycle=0,cur_changeCycle=0,to_view=5679
info|2019-12-11 06:22:55.023787|[g:1][CONSENSUS]addRawPrepare,height=1,reqIdx=3,hash=6e2e8ddd...
info|2019-12-11 06:22:55.024621|[g:1][CONSENSUS][PBFT]checkTimeout Succ,view=5679,toView=5680,nodeIdx=1,changeCycle=0,myNode=ae5ce17c...,timecost=0.617
info|2019-12-11 06:22:55.026714|[g:1][CONSENSUS][PBFT]checkAndChangeView: Reach consensus,org_view=5679,org_changeCycle=0,cur_changeCycle=0,to_view=5680
info|2019-12-11 06:22:56.028997|[g:1][CONSENSUS]addRawPrepare,height=1,reqIdx=0,hash=091eba6b...
info|2019-12-11 06:22:56.030115|[g:1][CONSENSUS][PBFT]checkTimeout Succ,view=5680,toView=5681,nodeIdx=1,changeCycle=0,myNode=ae5ce17c...,timecost=0.869
info|2019-12-11 06:22:56.033156|[g:1][CONSENSUS][PBFT]checkAndChangeView: Reach consensus,org_view=5680,org_changeCycle=0,cur_changeCycle=0,to_view=5681
info|2019-12-11 06:22:57.033158|[g:1][CONSENSUS][SEALER]++++++++++++++++ Generating seal on,blkNum=1,tx=0,nodeIdx=1,hash=afced68b...
info|2019-12-11 06:22:57.034320|[g:1][CONSENSUS][PBFT]checkTimeout Succ,view=5681,toView=5682,nodeIdx=1,changeCycle=0,myNode=ae5ce17c...,timecost=0.731
info|2019-12-11 06:22:57.038700|[g:1][CONSENSUS][PBFT]checkAndChangeView: Reach consensus,org_view=5681,org_changeCycle=0,cur_changeCycle=0,to_view=5682
info|2019-12-11 06:22:58.040779|[g:1][CONSENSUS]addRawPrepare,height=1,reqIdx=2,hash=5c109201...
info|2019-12-11 06:22:58.041935|[g:1][CONSENSUS][PBFT]checkTimeout Succ,view=5682,toView=5683,nodeIdx=1,changeCycle=0,myNode=ae5ce17c...,timecost=0.899
info|2019-12-11 06:22:58.046777|[g:1][CONSENSUS][PBFT]checkAndChangeView: Reach consensus,org_view=5682,org_changeCycle=0,cur_changeCycle=0,to_view=5683
warning|2019-12-11 06:22:57.496573|[g:1][CONSENSUS][PBFT]ViewChangeWarning: not caused by omit empty block ,v=5683,toV=5684,curNum=0,hash=382ff964...,nodeIdx=1,myNode=ae5ce17c...
info|2019-12-11 06:22:57.496735|[g:1][CONSENSUS][PBFT]checkTimeout Succ,view=5683,toView=5684,nodeIdx=1,changeCycle=1,myNode=ae5ce17c...,timecost=0.533
info|2019-12-11 06:22:57.499260|[g:1][CONSENSUS][PBFT]checkAndChangeView: Reach consensus,org_view=5683,org_changeCycle=1,cur_changeCycle=1,to_view=5684
info|2019-12-11 06:22:58.501705|[g:1][CONSENSUS]addRawPrepare,height=1,reqIdx=0,hash=cbe5b1c7...
info|2019-12-11 06:22:58.502690|[g:1][CONSENSUS][PBFT]checkTimeout Succ,view=5684,toView=5685,nodeIdx=1,changeCycle=0,myNode=ae5ce17c...,timecost=0.736
info|2019-12-11 06:22:58.508035|[g:1][CONSENSUS][PBFT]checkAndChangeView: Reach consensus,org_view=5684,org_changeCycle=0,cur_changeCycle=0,to_view=5685
info|2019-12-11 06:22:59.508826|[g:1][CONSENSUS][SEALER]++++++++++++++++ Generating seal on,blkNum=1,tx=0,nodeIdx=1,hash=33084944...
info|2019-12-11 06:22:59.510132|[g:1][CONSENSUS][PBFT]checkTimeout Succ,view=5685,toView=5686,nodeIdx=1,changeCycle=0,myNode=ae5ce17c...,timecost=0.789
info|2019-12-11 06:22:59.515613|[g:1][CONSENSUS][PBFT]checkAndChangeView: Reach consensus,org_view=5685,org_changeCycle=0,cur_changeCycle=0,to_view=5686
info|2019-12-11 06:23:00.517233|[g:1][CONSENSUS]addRawPrepare,height=1,reqIdx=2,hash=8b0810cf...
info|2019-12-11 06:23:00.518519|[g:1][CONSENSUS][PBFT]checkTimeout Succ,view=5686,toView=5687,nodeIdx=1,changeCycle=0,myNode=ae5ce17c...,timecost=0.87
info|2019-12-11 06:23:00.523961|[g:1][CONSENSUS][PBFT]checkAndChangeView: Reach consensus,org_view=5686,org_changeCycle=0,cur_changeCycle=0,to_view=5687
info|2019-12-11 06:23:01.525360|[g:1][CONSENSUS]addRawPrepare,height=1,reqIdx=3,hash=df89b4d1...
info|2019-12-11 06:23:01.526451|[g:1][CONSENSUS][PBFT]checkTimeout Succ,view=5687,toView=5688,nodeIdx=1,changeCycle=0,myNode=ae5ce17c...,timecost=0.841
info|2019-12-11 06:23:01.529328|[g:1][CONSENSUS][PBFT]checkAndChangeView: Reach consensus,org_view=5687,org_changeCycle=0,cur_changeCycle=0,to_view=5688
info|2019-12-11 06:23:02.533412|[g:1][CONSENSUS]addRawPrepare,height=1,reqIdx=0,hash=6fe87941...
info|2019-12-11 06:23:02.534773|[g:1][CONSENSUS][PBFT]checkTimeout Succ,view=5688,toView=5689,nodeIdx=1,changeCycle=0,myNode=ae5ce17c...,timecost=1.133
info|2019-12-11 06:23:02.537762|[g:1][CONSENSUS][PBFT]checkAndChangeView: Reach consensus,org_view=5688,org_changeCycle=0,cur_changeCycle=0,to_view=5689
info|2019-12-11 06:23:03.024318|[P2P][Service] heartBeat,connected count=3
info|2019-12-11 06:23:03.537720|[g:1][CONSENSUS][SEALER]++++++++++++++++ Generating seal on,blkNum=1,tx=0,nodeIdx=1,hash=c01e45e4...
info|2019-12-11 06:23:03.542603|[g:1][CONSENSUS][PBFT]checkTimeout Succ,view=5689,toView=5690,nodeIdx=1,changeCycle=0,myNode=ae5ce17c...,timecost=0.848
info|2019-12-11 06:23:03.545058|[g:1][CONSENSUS][PBFT]checkAndChangeView: Reach consensus,org_view=5689,org_changeCycle=0,cur_changeCycle=0,to_view=5690
info|2019-12-11 06:23:04.547877|[g:1][CONSENSUS]addRawPrepare,height=1,reqIdx=2,hash=9f31a326...
info|2019-12-11 06:23:04.548835|[g:1][CONSENSUS][PBFT]checkTimeout Succ,view=5690,toView=5691,nodeIdx=1,changeCycle=0,myNode=ae5ce17c...,timecost=0.744
info|2019-12-11 06:23:04.554361|[g:1][CONSENSUS][PBFT]checkAndChangeView: Reach consensus,org_view=5690,org_changeCycle=0,cur_changeCycle=0,to_view=5691
info|2019-12-11 06:23:05.556697|[g:1][CONSENSUS]addRawPrepare,height=1,reqIdx=3,hash=333d5fa5...
info|2019-12-11 06:23:05.557794|[g:1][CONSENSUS][PBFT]checkTimeout Succ,view=5691,toView=5692,nodeIdx=1,changeCycle=0,myNode=ae5ce17c...,timecost=0.855
info|2019-12-11 06:23:05.561057|[g:1][CONSENSUS][PBFT]checkAndChangeView: Reach consensus,org_view=5691,org_changeCycle=0,cur_changeCycle=0,to_view=5692
info|2019-12-11 06:23:06.562363|[g:1][CONSENSUS]addRawPrepare,height=1,reqIdx=0,hash=fd73905b...
info|2019-12-11 06:23:06.563375|[g:1][CONSENSUS][PBFT]checkTimeout Succ,view=5692,toView=5693,nodeIdx=1,changeCycle=0,myNode=ae5ce17c...,timecost=0.803
info|2019-12-11 06:23:06.567792|[g:1][CONSENSUS][PBFT]checkAndChangeView: Reach consensus,org_view=5692,org_changeCycle=0,cur_changeCycle=0,to_view=5693
info|2019-12-11 06:23:07.567479|[g:1][CONSENSUS][SEALER]++++++++++++++++ Generating seal on,blkNum=1,tx=0,nodeIdx=1,hash=cb36f5b0...
info|2019-12-11 06:23:07.568858|[g:1][CONSENSUS][PBFT]checkTimeout Succ,view=5693,toView=5694,nodeIdx=1,changeCycle=0,myNode=ae5ce17c...,timecost=0.852
info|2019-12-11 06:23:07.573874|[g:1][CONSENSUS][PBFT]checkAndChangeView: Reach consensus,org_view=5693,org_changeCycle=0,cur_changeCycle=0,to_view=5694
info|2019-12-11 06:23:08.578803|[g:1][CONSENSUS]addRawPrepare,height=1,reqIdx=2,hash=5dc59a69...
info|2019-12-11 06:23:08.579778|[g:1][CONSENSUS][PBFT]checkTimeout Succ,view=5694,toView=5695,nodeIdx=1,changeCycle=0,myNode=ae5ce17c...,timecost=0.724
info|2019-12-11 06:23:08.582819|[g:1][CONSENSUS][PBFT]checkAndChangeView: Reach consensus,org_view=5694,org_changeCycle=0,cur_changeCycle=0,to_view=5695
info|2019-12-11 06:23:09.586858|[g:1][CONSENSUS]addRawPrepare,height=1,reqIdx=3,hash=4d21fd00...
info|2019-12-11 06:23:09.588274|[g:1][CONSENSUS][PBFT]checkTimeout Succ,view=5695,toView=5696,nodeIdx=1,changeCycle=0,myNode=ae5ce17c...,timecost=1.164
info|2019-12-11 06:23:09.592338|[g:1][CONSENSUS][PBFT]checkAndChangeView: Reach consensus,org_view=5695,org_changeCycle=0,cur_changeCycle=0,to_view=5696
info|2019-12-11 06:23:10.593566|[g:1][CONSENSUS]addRawPrepare,height=1,reqIdx=0,hash=a7a3a59e...
info|2019-12-11 06:23:10.594870|[g:1][CONSENSUS][PBFT]checkTimeout Succ,view=5696,toView=5697,nodeIdx=1,changeCycle=0,myNode=ae5ce17c...,timecost=1.065
info|2019-12-11 06:23:10.599323|[g:1][CONSENSUS][PBFT]checkAndChangeView: Reach consensus,org_view=5696,org_changeCycle=0,cur_changeCycle=0,to_view=5697
info|2019-12-11 06:23:11.599523|[g:1][CONSENSUS][SEALER]++++++++++++++++ Generating seal on,blkNum=1,tx=0,nodeIdx=1,hash=3cadeaf3...
info|2019-12-11 06:23:11.600874|[g:1][CONSENSUS][PBFT]checkTimeout Succ,view=5697,toView=5698,nodeIdx=1,changeCycle=0,myNode=ae5ce17c...,timecost=0.825
info|2019-12-11 06:23:11.607307|[g:1][CONSENSUS][PBFT]checkAndChangeView: Reach consensus,org_view=5697,org_changeCycle=0,cur_changeCycle=0,to_view=5698
info|2019-12-11 06:23:12.607220|[g:1][CONSENSUS]addRawPrepare,height=1,reqIdx=2,hash=c4a570dd...
info|2019-12-11 06:23:12.608195|[g:1][CONSENSUS][PBFT]checkTimeout Succ,view=5698,toView=5699,nodeIdx=1,changeCycle=0,myNode=ae5ce17c...,timecost=0.733
info|2019-12-11 06:23:12.611912|[g:1][CONSENSUS][PBFT]checkAndChangeView: Reach consensus,org_view=5698,org_changeCycle=0,cur_changeCycle=0,to_view=5699
info|2019-12-11 06:23:13.028328|[P2P][Service] heartBeat,connected count=3
info|2019-12-11 06:23:13.615548|[g:1][CONSENSUS]addRawPrepare,height=1,reqIdx=3,hash=325f8ca6...
info|2019-12-11 06:23:13.616543|[g:1][CONSENSUS][PBFT]checkTimeout Succ,view=5699,toView=5700,nodeIdx=1,changeCycle=0,myNode=ae5ce17c...,timecost=0.789
info|2019-12-11 06:23:13.620965|[g:1][CONSENSUS][PBFT]checkAndChangeView: Reach consensus,org_view=5699,org_changeCycle=0,cur_changeCycle=0,to_view=5700
info|2019-12-11 06:23:14.622897|[g:1][CONSENSUS]addRawPrepare,height=1,reqIdx=0,hash=df924e31...
info|2019-12-11 06:23:14.624003|[g:1][CONSENSUS][PBFT]checkTimeout Succ,view=5700,toView=5701,nodeIdx=1,changeCycle=0,myNode=ae5ce17c...,timecost=0.844
info|2019-12-11 06:23:14.627274|[g:1][CONSENSUS][PBFT]checkAndChangeView: Reach consensus,org_view=5700,org_changeCycle=0,cur_changeCycle=0,to_view=5701
info|2019-12-11 06:23:15.628669|[g:1][CONSENSUS][SEALER]++++++++++++++++ Generating seal on,blkNum=1,tx=0,nodeIdx=1,hash=ea910eb0...
info|2019-12-11 06:23:15.633270|[g:1][CONSENSUS][PBFT]checkTimeout Succ,view=5701,toView=5702,nodeIdx=1,changeCycle=0,myNode=ae5ce17c...,timecost=0.771
info|2019-12-11 06:23:15.636662|[g:1][CONSENSUS][PBFT]checkAndChangeView: Reach consensus,org_view=5701,org_changeCycle=0,cur_changeCycle=0,to_view=5702
info|2019-12-11 06:23:16.637473|[g:1][CONSENSUS]addRawPrepare,height=1,reqIdx=2,hash=85d2d245...
info|2019-12-11 06:23:16.638597|[g:1][CONSENSUS][PBFT]checkTimeout Succ,view=5702,toView=5703,nodeIdx=1,changeCycle=0,myNode=ae5ce17c...,timecost=0.878
info|2019-12-11 06:23:16.641873|[g:1][CONSENSUS][PBFT]checkAndChangeView: Reach consensus,org_view=5702,org_changeCycle=0,cur_changeCycle=0,to_view=5703
info|2019-12-11 06:23:17.645264|[g:1][CONSENSUS]addRawPrepare,height=1,reqIdx=3,hash=b4506e18...
info|2019-12-11 06:23:17.646276|[g:1][CONSENSUS][PBFT]checkTimeout Succ,view=5703,toView=5704,nodeIdx=1,changeCycle=0,myNode=ae5ce17c...,timecost=0.804
info|2019-12-11 06:23:17.650998|[g:1][CONSENSUS][PBFT]checkAndChangeView: Reach consensus,org_view=5703,org_changeCycle=0,cur_changeCycle=0,to_view=5704
info|2019-12-11 06:23:18.653458|[g:1][CONSENSUS]addRawPrepare,height=1,reqIdx=0,hash=e3e5a3e2...
info|2019-12-11 06:23:18.654490|[g:1][CONSENSUS][PBFT]checkTimeout Succ,view=5704,toView=5705,nodeIdx=1,changeCycle=0,myNode=ae5ce17c...,timecost=0.75
info|2019-12-11 06:23:18.658087|[g:1][CONSENSUS][PBFT]checkAndChangeView: Reach consensus,org_view=5704,org_changeCycle=0,cur_changeCycle=0,to_view=5705
info|2019-12-11 06:23:19.658260|[g:1][CONSENSUS][SEALER]++++++++++++++++ Generating seal on,blkNum=1,tx=0,nodeIdx=1,hash=23216662...
info|2019-12-11 06:23:19.659747|[g:1][CONSENSUS][PBFT]checkTimeout Succ,view=5705,toView=5706,nodeIdx=1,changeCycle=0,myNode=ae5ce17c...,timecost=0.959
info|2019-12-11 06:23:19.665124|[g:1][CONSENSUS][PBFT]checkAndChangeView: Reach consensus,org_view=5705,org_changeCycle=0,cur_changeCycle=0,to_view=5706
info|2019-12-11 06:23:20.668168|[g:1][CONSENSUS]addRawPrepare,height=1,reqIdx=2,hash=e95339f1...
info|2019-12-11 06:23:20.670554|[g:1][CONSENSUS][PBFT]checkTimeout Succ,view=5706,toView=5707,nodeIdx=1,changeCycle=0,myNode=ae5ce17c...,timecost=2.139
info|2019-12-11 06:23:20.673285|[g:1][CONSENSUS][PBFT]checkAndChangeView: Reach consensus,org_view=5706,org_changeCycle=0,cur_changeCycle=0,to_view=5707
info|2019-12-11 06:23:21.676721|[g:1][CONSENSUS]addRawPrepare,height=1,reqIdx=3,hash=fa4c20a6...
info|2019-12-11 06:23:21.677962|[g:1][CONSENSUS][PBFT]checkTimeout Succ,view=5707,toView=5708,nodeIdx=1,changeCycle=0,myNode=ae5ce17c...,timecost=0.997
info|2019-12-11 06:23:21.681629|[g:1][CONSENSUS][PBFT]checkAndChangeView: Reach consensus,org_view=5707,org_changeCycle=0,cur_changeCycle=0,to_view=5708
info|2019-12-11 06:23:22.684780|[g:1][CONSENSUS]addRawPrepare,height=1,reqIdx=0,hash=41396497...
info|2019-12-11 06:23:22.688182|[g:1][CONSENSUS][PBFT]checkTimeout Succ,view=5708,toView=5709,nodeIdx=1,changeCycle=0,myNode=ae5ce17c...,timecost=3.155
info|2019-12-11 06:23:22.691566|[g:1][CONSENSUS][PBFT]checkAndChangeView: Reach consensus,org_view=5708,org_changeCycle=0,cur_changeCycle=0,to_view=5709
info|2019-12-11 06:23:23.035069|[P2P][Service] heartBeat,connected count=3
info|2019-12-11 06:23:23.691577|[g:1][CONSENSUS][SEALER]++++++++++++++++ Generating seal on,blkNum=1,tx=0,nodeIdx=1,hash=d7baa248...
info|2019-12-11 06:23:23.692859|[g:1][CONSENSUS][PBFT]checkTimeout Succ,view=5709,toView=5710,nodeIdx=1,changeCycle=0,myNode=ae5ce17c...,timecost=0.758
info|2019-12-11 06:23:23.699272|[g:1][CONSENSUS][PBFT]checkAndChangeView: Reach consensus,org_view=5709,org_changeCycle=0,cur_changeCycle=0,to_view=5710
info|2019-12-11 06:23:24.702229|[g:1][CONSENSUS]addRawPrepare,height=1,reqIdx=2,hash=800376a8...
info|2019-12-11 06:23:24.703520|[g:1][CONSENSUS][PBFT]checkTimeout Succ,view=5710,toView=5711,nodeIdx=1,changeCycle=0,myNode=ae5ce17c...,timecost=1.092
info|2019-12-11 06:23:24.708138|[g:1][CONSENSUS][PBFT]checkAndChangeView: Reach consensus,org_view=5710,org_changeCycle=0,cur_changeCycle=0,to_view=5711
info|2019-12-11 06:23:25.711468|[g:1][CONSENSUS]addRawPrepare,height=1,reqIdx=3,hash=2707cd9a...
info|2019-12-11 06:23:25.712763|[g:1][CONSENSUS][PBFT]checkTimeout Succ,view=5711,toView=5712,nodeIdx=1,changeCycle=0,myNode=ae5ce17c...,timecost=1.05
info|2019-12-11 06:23:25.715835|[g:1][CONSENSUS][PBFT]checkAndChangeView: Reach consensus,org_view=5711,org_changeCycle=0,cur_changeCycle=0,to_view=5712
info|2019-12-11 06:23:26.720707|[g:1][CONSENSUS]addRawPrepare,height=1,reqIdx=0,hash=95cf7347...
info|2019-12-11 06:23:26.721689|[g:1][CONSENSUS][PBFT]checkTimeout Succ,view=5712,toView=5713,nodeIdx=1,changeCycle=0,myNode=ae5ce17c...,timecost=0.738
info|2019-12-11 06:23:26.725079|[g:1][CONSENSUS][PBFT]checkAndChangeView: Reach consensus,org_view=5712,org_changeCycle=0,cur_changeCycle=0,to_view=5713
info|2019-12-11 06:23:27.726555|[g:1][CONSENSUS][SEALER]++++++++++++++++ Generating seal on,blkNum=1,tx=0,nodeIdx=1,hash=d2497796...
info|2019-12-11 06:23:27.727823|[g:1][CONSENSUS][PBFT]checkTimeout Succ,view=5713,toView=5714,nodeIdx=1,changeCycle=0,myNode=ae5ce17c...,timecost=0.75
info|2019-12-11 06:23:27.733166|[g:1][CONSENSUS][PBFT]checkAndChangeView: Reach consensus,org_view=5713,org_changeCycle=0,cur_changeCycle=0,to_view=5714
info|2019-12-11 06:23:28.734311|[g:1][CONSENSUS]addRawPrepare,height=1,reqIdx=2,hash=2d226416...
info|2019-12-11 06:23:28.735360|[g:1][CONSENSUS][PBFT]checkTimeout Succ,view=5714,toView=5715,nodeIdx=1,changeCycle=0,myNode=ae5ce17c...,timecost=0.801
info|2019-12-11 06:23:28.738606|[g:1][CONSENSUS][PBFT]checkAndChangeView: Reach consensus,org_view=5714,org_changeCycle=0,cur_changeCycle=0,to_view=5715
info|2019-12-11 06:23:29.741261|[g:1][CONSENSUS]addRawPrepare,height=1,reqIdx=3,hash=afc234f2...
info|2019-12-11 06:23:29.742526|[g:1][CONSENSUS][PBFT]checkTimeout Succ,view=5715,toView=5716,nodeIdx=1,changeCycle=0,myNode=ae5ce17c...,timecost=0.979
info|2019-12-11 06:23:29.746125|[g:1][CONSENSUS][PBFT]checkAndChangeView: Reach consensus,org_view=5715,org_changeCycle=0,cur_changeCycle=0,to_view=5716
info|2019-12-11 06:23:30.748077|[g:1][CONSENSUS]addRawPrepare,height=1,reqIdx=0,hash=9be72050...
info|2019-12-11 06:23:30.749335|[g:1][CONSENSUS][PBFT]checkTimeout Succ,view=5716,toView=5717,nodeIdx=1,changeCycle=0,myNode=ae5ce17c...,timecost=1.056
info|2019-12-11 06:23:30.753734|[g:1][CONSENSUS][PBFT]checkAndChangeView: Reach consensus,org_view=5716,org_changeCycle=0,cur_changeCycle=0,to_view=5717
info|2019-12-11 06:23:31.753592|[g:1][CONSENSUS][SEALER]++++++++++++++++ Generating seal on,blkNum=1,tx=0,nodeIdx=1,hash=760b6487...
info|2019-12-11 06:23:31.758114|[g:1][CONSENSUS][PBFT]checkTimeout Succ,view=5717,toView=5718,nodeIdx=1,changeCycle=0,myNode=ae5ce17c...,timecost=0.845
info|2019-12-11 06:23:31.761274|[g:1][CONSENSUS][PBFT]checkAndChangeView: Reach consensus,org_view=5717,org_changeCycle=0,cur_changeCycle=0,to_view=5718
info|2019-12-11 06:23:32.763758|[g:1][CONSENSUS]addRawPrepare,height=1,reqIdx=2,hash=24f07a4f...
info|2019-12-11 06:23:32.765450|[g:1][CONSENSUS][PBFT]checkTimeout Succ,view=5718,toView=5719,nodeIdx=1,changeCycle=0,myNode=ae5ce17c...,timecost=1.475
info|2019-12-11 06:23:32.768490|[g:1][CONSENSUS][PBFT]checkAndChangeView: Reach consensus,org_view=5718,org_changeCycle=0,cur_changeCycle=0,to_view=5719
info|2019-12-11 06:23:33.041601|[P2P][Service] heartBeat,connected count=3
info|2019-12-11 06:23:33.773535|[g:1][CONSENSUS]addRawPrepare,height=1,reqIdx=3,hash=7c629d1b...
info|2019-12-11 06:23:33.774550|[g:1][CONSENSUS][PBFT]checkTimeout Succ,view=5719,toView=5720,nodeIdx=1,changeCycle=0,myNode=ae5ce17c...,timecost=0.72
info|2019-12-11 06:23:33.777824|[g:1][CONSENSUS][PBFT]checkAndChangeView: Reach consensus,org_view=5719,org_changeCycle=0,cur_changeCycle=0,to_view=5720
info|2019-12-11 06:23:34.781074|[g:1][CONSENSUS]addRawPrepare,height=1,reqIdx=0,hash=75c8806d...
info|2019-12-11 06:23:34.782159|[g:1][CONSENSUS][PBFT]checkTimeout Succ,view=5720,toView=5721,nodeIdx=1,changeCycle=0,myNode=ae5ce17c...,timecost=0.818
info|2019-12-11 06:23:34.785016|[g:1][CONSENSUS][PBFT]checkAndChangeView: Reach consensus,org_view=5720,org_changeCycle=0,cur_changeCycle=0,to_view=5721
info|2019-12-11 06:23:35.785754|[g:1][CONSENSUS][SEALER]++++++++++++++++ Generating seal on,blkNum=1,tx=0,nodeIdx=1,hash=6c27144d...
info|2019-12-11 06:23:35.790720|[g:1][CONSENSUS][PBFT]checkTimeout Succ,view=5721,toView=5722,nodeIdx=1,changeCycle=0,myNode=ae5ce17c...,timecost=0.952
info|2019-12-11 06:23:35.793400|[g:1][CONSENSUS][PBFT]checkAndChangeView: Reach consensus,org_view=5721,org_changeCycle=0,cur_changeCycle=0,to_view=5722
info|2019-12-11 06:23:36.796942|[g:1][CONSENSUS]addRawPrepare,height=1,reqIdx=2,hash=19b3f041...
info|2019-12-11 06:23:36.797946|[g:1][CONSENSUS][PBFT]checkTimeout Succ,view=5722,toView=5723,nodeIdx=1,changeCycle=0,myNode=ae5ce17c...,timecost=0.8
info|2019-12-11 06:23:36.802771|[g:1][CONSENSUS][PBFT]checkAndChangeView: Reach consensus,org_view=5722,org_changeCycle=0,cur_changeCycle=0,to_view=5723
info|2019-12-11 06:23:37.806342|[g:1][CONSENSUS]addRawPrepare,height=1,reqIdx=3,hash=d33e7006...
info|2019-12-11 06:23:37.808108|[g:1][CONSENSUS][PBFT]checkTimeout Succ,view=5723,toView=5724,nodeIdx=1,changeCycle=0,myNode=ae5ce17c...,timecost=1.516
info|2019-12-11 06:23:37.811828|[g:1][CONSENSUS][PBFT]checkAndChangeView: Reach consensus,org_view=5723,org_changeCycle=0,cur_changeCycle=0,to_view=5724
info|2019-12-11 06:23:38.816072|[g:1][CONSENSUS]addRawPrepare,height=1,reqIdx=0,hash=96dc2c90...
info|2019-12-11 06:23:38.818224|[g:1][CONSENSUS][PBFT]checkTimeout Succ,view=5724,toView=5725,nodeIdx=1,changeCycle=0,myNode=ae5ce17c...,timecost=1.875
info|2019-12-11 06:23:38.820940|[g:1][CONSENSUS][PBFT]checkAndChangeView: Reach consensus,org_view=5724,org_changeCycle=0,cur_changeCycle=0,to_view=5725
info|2019-12-11 06:23:39.820580|[g:1][CONSENSUS][SEALER]++++++++++++++++ Generating seal on,blkNum=1,tx=0,nodeIdx=1,hash=805e6a1a...
info|2019-12-11 06:23:39.821904|[g:1][CONSENSUS][PBFT]checkTimeout Succ,view=5725,toView=5726,nodeIdx=1,changeCycle=0,myNode=ae5ce17c...,timecost=0.805
info|2019-12-11 06:23:39.827176|[g:1][CONSENSUS][PBFT]checkAndChangeView: Reach consensus,org_view=5725,org_changeCycle=0,cur_changeCycle=0,to_view=5726
info|2019-12-11 06:23:40.830368|[g:1][CONSENSUS]addRawPrepare,height=1,reqIdx=2,hash=a1ed1471...
info|2019-12-11 06:23:40.832804|[g:1][CONSENSUS][PBFT]checkTimeout Succ,view=5726,toView=5727,nodeIdx=1,changeCycle=0,myNode=ae5ce17c...,timecost=2.187
info|2019-12-11 06:23:40.835945|[g:1][CONSENSUS][PBFT]checkAndChangeView: Reach consensus,org_view=5726,org_changeCycle=0,cur_changeCycle=0,to_view=5727
info|2019-12-11 06:23:41.837179|[g:1][CONSENSUS]addRawPrepare,height=1,reqIdx=3,hash=d977ec80...
info|2019-12-11 06:23:41.838251|[g:1][CONSENSUS][PBFT]checkTimeout Succ,view=5727,toView=5728,nodeIdx=1,changeCycle=0,myNode=ae5ce17c...,timecost=0.858
info|2019-12-11 06:23:41.842630|[g:1][CONSENSUS][PBFT]checkAndChangeView: Reach consensus,org_view=5727,org_changeCycle=0,cur_changeCycle=0,to_view=5728
info|2019-12-11 06:23:42.845587|[g:1][CONSENSUS]addRawPrepare,height=1,reqIdx=0,hash=3a9e186c...
info|2019-12-11 06:23:42.846972|[g:1][CONSENSUS][PBFT]checkTimeout Succ,view=5728,toView=5729,nodeIdx=1,changeCycle=0,myNode=ae5ce17c...,timecost=0.848
info|2019-12-11 06:23:42.850849|[g:1][CONSENSUS][PBFT]checkAndChangeView: Reach consensus,org_view=5728,org_changeCycle=0,cur_changeCycle=0,to_view=5729
info|2019-12-11 06:23:43.047415|[P2P][Service] heartBeat,connected count=3
