info|2019-12-12 05:04:33.010080|[P2P][Service] heartBeat,connected count=3
warning|2019-12-12 05:04:33.012567|[g:1][CONSENSUS][PBFT]ViewChangeWarning: not caused by omit empty block ,v=2161,toV=2162,curNum=11,hash=9b39b6b9...,nodeIdx=1,myNode=ae5ce17c...
info|2019-12-12 05:04:33.012698|[g:1][CONSENSUS][PBFT]checkTimeout Succ,view=2161,toView=2162,nodeIdx=1,changeCycle=1,myNode=ae5ce17c...,timecost=0.546
info|2019-12-12 05:04:33.020086|[g:1][CONSENSUS][PBFT]checkAndChangeView: Reach consensus,org_view=2161,org_changeCycle=1,cur_changeCycle=1,to_view=2162
info|2019-12-12 05:04:34.020561|[g:1][CONSENSUS][SEALER]++++++++++++++++ Generating seal on,blkNum=12,tx=0,nodeIdx=1,hash=cfdbd940...
info|2019-12-12 05:04:34.023767|[g:1][CONSENSUS][PBFT]checkTimeout Succ,view=2162,toView=2163,nodeIdx=1,changeCycle=0,myNode=ae5ce17c...,timecost=0.418
info|2019-12-12 05:04:34.025035|[g:1][CONSENSUS][PBFT]checkAndChangeView: Reach consensus,org_view=2162,org_changeCycle=0,cur_changeCycle=0,to_view=2163
info|2019-12-12 05:04:35.027907|[g:1][CONSENSUS]addRawPrepare,height=12,reqIdx=2,hash=b5fe8556...
info|2019-12-12 05:04:35.029699|[g:1][CONSENSUS][PBFT]checkTimeout Succ,view=2163,toView=2164,nodeIdx=1,changeCycle=0,myNode=ae5ce17c...,timecost=1.55
info|2019-12-12 05:04:35.033784|[g:1][CONSENSUS][PBFT]checkAndChangeView: Reach consensus,org_view=2163,org_changeCycle=0,cur_changeCycle=0,to_view=2164
info|2019-12-12 05:04:36.035813|[g:1][CONSENSUS]addRawPrepare,height=12,reqIdx=3,hash=349e3d38...
info|2019-12-12 05:04:36.036770|[g:1][CONSENSUS][PBFT]checkTimeout Succ,view=2164,toView=2165,nodeIdx=1,changeCycle=0,myNode=ae5ce17c...,timecost=0.74
info|2019-12-12 05:04:36.041875|[g:1][CONSENSUS][PBFT]checkAndChangeView: Reach consensus,org_view=2164,org_changeCycle=0,cur_changeCycle=0,to_view=2165
info|2019-12-12 05:04:37.044270|[g:1][CONSENSUS]addRawPrepare,height=12,reqIdx=0,hash=720da6e3...
info|2019-12-12 05:04:37.045428|[g:1][CONSENSUS][PBFT]checkTimeout Succ,view=2165,toView=2166,nodeIdx=1,changeCycle=0,myNode=ae5ce17c...,timecost=0.885
info|2019-12-12 05:04:37.048688|[g:1][CONSENSUS][PBFT]checkAndChangeView: Reach consensus,org_view=2165,org_changeCycle=0,cur_changeCycle=0,to_view=2166
info|2019-12-12 05:04:38.048534|[g:1][CONSENSUS][SEALER]++++++++++++++++ Generating seal on,blkNum=12,tx=0,nodeIdx=1,hash=8c30a8d0...
info|2019-12-12 05:04:38.053988|[g:1][CONSENSUS][PBFT]checkTimeout Succ,view=2166,toView=2167,nodeIdx=1,changeCycle=0,myNode=ae5ce17c...,timecost=0.946
info|2019-12-12 05:04:38.056497|[g:1][CONSENSUS][PBFT]checkAndChangeView: Reach consensus,org_view=2166,org_changeCycle=0,cur_changeCycle=0,to_view=2167
info|2019-12-12 05:04:39.061814|[g:1][CONSENSUS]addRawPrepare,height=12,reqIdx=2,hash=5b6bb54a...
info|2019-12-12 05:04:39.063110|[g:1][CONSENSUS][PBFT]checkTimeout Succ,view=2167,toView=2168,nodeIdx=1,changeCycle=0,myNode=ae5ce17c...,timecost=0.847
info|2019-12-12 05:04:39.066041|[g:1][CONSENSUS][PBFT]checkAndChangeView: Reach consensus,org_view=2167,org_changeCycle=0,cur_changeCycle=0,to_view=2168
info|2019-12-12 05:04:40.069530|[g:1][CONSENSUS]addRawPrepare,height=12,reqIdx=3,hash=3819abb5...
info|2019-12-12 05:04:40.070745|[g:1][CONSENSUS][PBFT]checkTimeout Succ,view=2168,toView=2169,nodeIdx=1,changeCycle=0,myNode=ae5ce17c...,timecost=0.972
info|2019-12-12 05:04:40.075497|[g:1][CONSENSUS][PBFT]checkAndChangeView: Reach consensus,org_view=2168,org_changeCycle=0,cur_changeCycle=0,to_view=2169
info|2019-12-12 05:04:41.078380|[g:1][CONSENSUS]addRawPrepare,height=12,reqIdx=0,hash=43ecacee...
info|2019-12-12 05:04:41.079538|[g:1][CONSENSUS][PBFT]checkTimeout Succ,view=2169,toView=2170,nodeIdx=1,changeCycle=0,myNode=ae5ce17c...,timecost=0.912
info|2019-12-12 05:04:41.083704|[g:1][CONSENSUS][PBFT]checkAndChangeView: Reach consensus,org_view=2169,org_changeCycle=0,cur_changeCycle=0,to_view=2170
info|2019-12-12 05:04:42.084476|[g:1][CONSENSUS][SEALER]++++++++++++++++ Generating seal on,blkNum=12,tx=0,nodeIdx=1,hash=cf52f764...
info|2019-12-12 05:04:42.085869|[g:1][CONSENSUS][PBFT]checkTimeout Succ,view=2170,toView=2171,nodeIdx=1,changeCycle=0,myNode=ae5ce17c...,timecost=0.836
info|2019-12-12 05:04:42.091365|[g:1][CONSENSUS][PBFT]checkAndChangeView: Reach consensus,org_view=2170,org_changeCycle=0,cur_changeCycle=0,to_view=2171
info|2019-12-12 05:04:43.013191|[P2P][Service] heartBeat,connected count=3
info|2019-12-12 05:04:43.095657|[g:1][CONSENSUS]addRawPrepare,height=12,reqIdx=2,hash=3b7527cf...
info|2019-12-12 05:04:43.096722|[g:1][CONSENSUS][PBFT]checkTimeout Succ,view=2171,toView=2172,nodeIdx=1,changeCycle=0,myNode=ae5ce17c...,timecost=0.849
info|2019-12-12 05:04:43.102075|[g:1][CONSENSUS][PBFT]checkAndChangeView: Reach consensus,org_view=2171,org_changeCycle=0,cur_changeCycle=0,to_view=2172
info|2019-12-12 05:04:44.106068|[g:1][CONSENSUS]addRawPrepare,height=12,reqIdx=3,hash=cb1c8060...
info|2019-12-12 05:04:44.107835|[g:1][CONSENSUS][PBFT]checkTimeout Succ,view=2172,toView=2173,nodeIdx=1,changeCycle=0,myNode=ae5ce17c...,timecost=1.437
info|2019-12-12 05:04:44.111175|[g:1][CONSENSUS][PBFT]checkAndChangeView: Reach consensus,org_view=2172,org_changeCycle=0,cur_changeCycle=0,to_view=2173
info|2019-12-12 05:04:45.114124|[g:1][CONSENSUS]addRawPrepare,height=12,reqIdx=0,hash=92328b96...
info|2019-12-12 05:04:45.115335|[g:1][CONSENSUS][PBFT]checkTimeout Succ,view=2173,toView=2174,nodeIdx=1,changeCycle=0,myNode=ae5ce17c...,timecost=0.868
info|2019-12-12 05:04:45.118194|[g:1][CONSENSUS][PBFT]checkAndChangeView: Reach consensus,org_view=2173,org_changeCycle=0,cur_changeCycle=0,to_view=2174
info|2019-12-12 05:04:46.118646|[g:1][CONSENSUS][SEALER]++++++++++++++++ Generating seal on,blkNum=12,tx=0,nodeIdx=1,hash=b580436b...
info|2019-12-12 05:04:46.120012|[g:1][CONSENSUS][PBFT]checkTimeout Succ,view=2174,toView=2175,nodeIdx=1,changeCycle=0,myNode=ae5ce17c...,timecost=0.801
info|2019-12-12 05:04:46.126091|[g:1][CONSENSUS][PBFT]checkAndChangeView: Reach consensus,org_view=2174,org_changeCycle=0,cur_changeCycle=0,to_view=2175
info|2019-12-12 05:04:47.130332|[g:1][CONSENSUS]addRawPrepare,height=12,reqIdx=2,hash=4fbd2af5...
info|2019-12-12 05:04:47.132294|[g:1][CONSENSUS][PBFT]checkTimeout Succ,view=2175,toView=2176,nodeIdx=1,changeCycle=0,myNode=ae5ce17c...,timecost=1.694
info|2019-12-12 05:04:47.135349|[g:1][CONSENSUS][PBFT]checkAndChangeView: Reach consensus,org_view=2175,org_changeCycle=0,cur_changeCycle=0,to_view=2176
info|2019-12-12 05:04:48.139468|[g:1][CONSENSUS]addRawPrepare,height=12,reqIdx=3,hash=de949964...
info|2019-12-12 05:04:48.140496|[g:1][CONSENSUS][PBFT]checkTimeout Succ,view=2176,toView=2177,nodeIdx=1,changeCycle=0,myNode=ae5ce17c...,timecost=0.779
info|2019-12-12 05:04:48.144498|[g:1][CONSENSUS][PBFT]checkAndChangeView: Reach consensus,org_view=2176,org_changeCycle=0,cur_changeCycle=0,to_view=2177
info|2019-12-12 05:04:49.149584|[g:1][CONSENSUS]addRawPrepare,height=12,reqIdx=0,hash=5af1b4a1...
info|2019-12-12 05:04:49.151382|[g:1][CONSENSUS][PBFT]checkTimeout Succ,view=2177,toView=2178,nodeIdx=1,changeCycle=0,myNode=ae5ce17c...,timecost=1.548
info|2019-12-12 05:04:49.153914|[g:1][CONSENSUS][PBFT]checkAndChangeView: Reach consensus,org_view=2177,org_changeCycle=0,cur_changeCycle=0,to_view=2178
info|2019-12-12 05:04:50.154183|[g:1][CONSENSUS][SEALER]++++++++++++++++ Generating seal on,blkNum=12,tx=0,nodeIdx=1,hash=bfd75585...
info|2019-12-12 05:04:50.155568|[g:1][CONSENSUS][PBFT]checkTimeout Succ,view=2178,toView=2179,nodeIdx=1,changeCycle=0,myNode=ae5ce17c...,timecost=0.858
info|2019-12-12 05:04:50.160977|[g:1][CONSENSUS][PBFT]checkAndChangeView: Reach consensus,org_view=2178,org_changeCycle=0,cur_changeCycle=0,to_view=2179
info|2019-12-12 05:04:51.163334|[g:1][CONSENSUS]addRawPrepare,height=12,reqIdx=2,hash=895d2ccd...
info|2019-12-12 05:04:51.164293|[g:1][CONSENSUS][PBFT]checkTimeout Succ,view=2179,toView=2180,nodeIdx=1,changeCycle=0,myNode=ae5ce17c...,timecost=0.74
info|2019-12-12 05:04:51.169616|[g:1][CONSENSUS][PBFT]checkAndChangeView: Reach consensus,org_view=2179,org_changeCycle=0,cur_changeCycle=0,to_view=2180
info|2019-12-12 05:04:52.172802|[g:1][CONSENSUS]addRawPrepare,height=12,reqIdx=3,hash=90b97dad...
info|2019-12-12 05:04:52.174026|[g:1][CONSENSUS][PBFT]checkTimeout Succ,view=2180,toView=2181,nodeIdx=1,changeCycle=0,myNode=ae5ce17c...,timecost=0.789
info|2019-12-12 05:04:52.179366|[g:1][CONSENSUS][PBFT]checkAndChangeView: Reach consensus,org_view=2180,org_changeCycle=0,cur_changeCycle=0,to_view=2181
info|2019-12-12 05:04:53.015672|[P2P][Service] heartBeat,connected count=3
info|2019-12-12 05:04:53.179535|[g:1][CONSENSUS]addRawPrepare,height=12,reqIdx=0,hash=7b3e37d3...
info|2019-12-12 05:04:53.186065|[g:1][CONSENSUS][PBFT]checkTimeout Succ,view=2181,toView=2182,nodeIdx=1,changeCycle=0,myNode=ae5ce17c...,timecost=6.217
info|2019-12-12 05:04:53.187839|[g:1][CONSENSUS][PBFT]checkAndChangeView: Reach consensus,org_view=2181,org_changeCycle=0,cur_changeCycle=0,to_view=2182
info|2019-12-12 05:04:54.188093|[g:1][CONSENSUS][SEALER]++++++++++++++++ Generating seal on,blkNum=12,tx=0,nodeIdx=1,hash=f60657fe...
info|2019-12-12 05:04:54.194676|[g:1][CONSENSUS][PBFT]checkTimeout Succ,view=2182,toView=2183,nodeIdx=1,changeCycle=0,myNode=ae5ce17c...,timecost=1.587
info|2019-12-12 05:04:54.196271|[g:1][CONSENSUS][PBFT]checkAndChangeView: Reach consensus,org_view=2182,org_changeCycle=0,cur_changeCycle=0,to_view=2183
info|2019-12-12 05:04:55.197923|[g:1][CONSENSUS]addRawPrepare,height=12,reqIdx=2,hash=e4455436...
info|2019-12-12 05:04:55.199059|[g:1][CONSENSUS][PBFT]checkTimeout Succ,view=2183,toView=2184,nodeIdx=1,changeCycle=0,myNode=ae5ce17c...,timecost=0.634
info|2019-12-12 05:04:55.201187|[g:1][CONSENSUS][PBFT]checkAndChangeView: Reach consensus,org_view=2183,org_changeCycle=0,cur_changeCycle=0,to_view=2184
info|2019-12-12 05:04:56.203424|[g:1][CONSENSUS]addRawPrepare,height=12,reqIdx=3,hash=bceb4b62...
info|2019-12-12 05:04:56.205734|[g:1][CONSENSUS][PBFT]checkTimeout Succ,view=2184,toView=2185,nodeIdx=1,changeCycle=0,myNode=ae5ce17c...,timecost=2.063
info|2019-12-12 05:04:56.208449|[g:1][CONSENSUS][PBFT]checkAndChangeView: Reach consensus,org_view=2184,org_changeCycle=0,cur_changeCycle=0,to_view=2185
info|2019-12-12 05:04:57.210065|[g:1][CONSENSUS]addRawPrepare,height=12,reqIdx=0,hash=120bbd45...
info|2019-12-12 05:04:57.211342|[g:1][CONSENSUS][PBFT]checkTimeout Succ,view=2185,toView=2186,nodeIdx=1,changeCycle=0,myNode=ae5ce17c...,timecost=1.041
info|2019-12-12 05:04:57.215977|[g:1][CONSENSUS][PBFT]checkAndChangeView: Reach consensus,org_view=2185,org_changeCycle=0,cur_changeCycle=0,to_view=2186
info|2019-12-12 05:04:58.216767|[g:1][CONSENSUS][SEALER]++++++++++++++++ Generating seal on,blkNum=12,tx=0,nodeIdx=1,hash=5ed47764...
info|2019-12-12 05:04:58.224371|[g:1][CONSENSUS][PBFT]checkTimeout Succ,view=2186,toView=2187,nodeIdx=1,changeCycle=0,myNode=ae5ce17c...,timecost=2.474
info|2019-12-12 05:04:58.226058|[g:1][CONSENSUS][PBFT]checkAndChangeView: Reach consensus,org_view=2186,org_changeCycle=0,cur_changeCycle=0,to_view=2187
info|2019-12-12 05:04:59.226709|[g:1][CONSENSUS]addRawPrepare,height=12,reqIdx=2,hash=02148edf...
info|2019-12-12 05:04:59.227877|[g:1][CONSENSUS][PBFT]checkTimeout Succ,view=2187,toView=2188,nodeIdx=1,changeCycle=0,myNode=ae5ce17c...,timecost=0.937
info|2019-12-12 05:04:59.231365|[g:1][CONSENSUS][PBFT]checkAndChangeView: Reach consensus,org_view=2187,org_changeCycle=0,cur_changeCycle=0,to_view=2188
info|2019-12-12 05:05:00.234136|[g:1][CONSENSUS]addRawPrepare,height=12,reqIdx=3,hash=f64f75f6...
info|2019-12-12 05:05:00.240409|[g:1][CONSENSUS][PBFT]checkTimeout Succ,view=2188,toView=2189,nodeIdx=1,changeCycle=0,myNode=ae5ce17c...,timecost=0.74
info|2019-12-12 05:05:00.241778|[g:1][CONSENSUS][PBFT]checkAndChangeView: Reach consensus,org_view=2188,org_changeCycle=0,cur_changeCycle=0,to_view=2189
info|2019-12-12 05:05:01.240637|[g:1][CONSENSUS]addRawPrepare,height=12,reqIdx=0,hash=f4c2012b...
info|2019-12-12 05:05:01.241777|[g:1][CONSENSUS][PBFT]checkTimeout Succ,view=2189,toView=2190,nodeIdx=1,changeCycle=0,myNode=ae5ce17c...,timecost=0.943
info|2019-12-12 05:05:01.246049|[g:1][CONSENSUS][PBFT]checkAndChangeView: Reach consensus,org_view=2189,org_changeCycle=0,cur_changeCycle=0,to_view=2190
info|2019-12-12 05:05:02.246313|[g:1][CONSENSUS][SEALER]++++++++++++++++ Generating seal on,blkNum=12,tx=0,nodeIdx=1,hash=c0c5fb8f...
info|2019-12-12 05:05:02.247777|[g:1][CONSENSUS][PBFT]checkTimeout Succ,view=2190,toView=2191,nodeIdx=1,changeCycle=0,myNode=ae5ce17c...,timecost=0.895
info|2019-12-12 05:05:02.254000|[g:1][CONSENSUS][PBFT]checkAndChangeView: Reach consensus,org_view=2190,org_changeCycle=0,cur_changeCycle=0,to_view=2191
info|2019-12-12 05:05:03.020038|[P2P][Service] heartBeat,connected count=3
info|2019-12-12 05:05:03.254982|[g:1][CONSENSUS]addRawPrepare,height=12,reqIdx=2,hash=d0462d8d...
info|2019-12-12 05:05:03.256552|[g:1][CONSENSUS][PBFT]checkTimeout Succ,view=2191,toView=2192,nodeIdx=1,changeCycle=0,myNode=ae5ce17c...,timecost=1.291
info|2019-12-12 05:05:03.260247|[g:1][CONSENSUS][PBFT]checkAndChangeView: Reach consensus,org_view=2191,org_changeCycle=0,cur_changeCycle=0,to_view=2192
info|2019-12-12 05:05:04.262620|[g:1][CONSENSUS]addRawPrepare,height=12,reqIdx=3,hash=fbe18cd0...
info|2019-12-12 05:05:04.264411|[g:1][CONSENSUS][PBFT]checkTimeout Succ,view=2192,toView=2193,nodeIdx=1,changeCycle=0,myNode=ae5ce17c...,timecost=1.489
info|2019-12-12 05:05:04.268295|[g:1][CONSENSUS][PBFT]checkAndChangeView: Reach consensus,org_view=2192,org_changeCycle=0,cur_changeCycle=0,to_view=2193
info|2019-12-12 05:05:05.270031|[g:1][CONSENSUS]addRawPrepare,height=12,reqIdx=0,hash=12a952f1...
info|2019-12-12 05:05:05.272668|[g:1][CONSENSUS][PBFT]checkTimeout Succ,view=2193,toView=2194,nodeIdx=1,changeCycle=0,myNode=ae5ce17c...,timecost=2.392
info|2019-12-12 05:05:05.275194|[g:1][CONSENSUS][PBFT]checkAndChangeView: Reach consensus,org_view=2193,org_changeCycle=0,cur_changeCycle=0,to_view=2194
info|2019-12-12 05:05:06.276561|[g:1][CONSENSUS][SEALER]++++++++++++++++ Generating seal on,blkNum=12,tx=0,nodeIdx=1,hash=1ef6e114...
info|2019-12-12 05:05:06.281773|[g:1][CONSENSUS][PBFT]checkTimeout Succ,view=2194,toView=2195,nodeIdx=1,changeCycle=0,myNode=ae5ce17c...,timecost=1.126
info|2019-12-12 05:05:06.285114|[g:1][CONSENSUS][PBFT]checkAndChangeView: Reach consensus,org_view=2194,org_changeCycle=0,cur_changeCycle=0,to_view=2195
info|2019-12-12 05:05:07.285959|[g:1][CONSENSUS]addRawPrepare,height=12,reqIdx=2,hash=be7ca4e7...
info|2019-12-12 05:05:07.287043|[g:1][CONSENSUS][PBFT]checkTimeout Succ,view=2195,toView=2196,nodeIdx=1,changeCycle=0,myNode=ae5ce17c...,timecost=0.79
info|2019-12-12 05:05:07.290429|[g:1][CONSENSUS][PBFT]checkAndChangeView: Reach consensus,org_view=2195,org_changeCycle=0,cur_changeCycle=0,to_view=2196
info|2019-12-12 05:05:08.294361|[g:1][CONSENSUS]addRawPrepare,height=12,reqIdx=3,hash=d32ad0e9...
info|2019-12-12 05:05:08.299552|[g:1][CONSENSUS][PBFT]checkTimeout Succ,view=2196,toView=2197,nodeIdx=1,changeCycle=0,myNode=ae5ce17c...,timecost=4.949
info|2019-12-12 05:05:08.302332|[g:1][CONSENSUS][PBFT]checkAndChangeView: Reach consensus,org_view=2196,org_changeCycle=0,cur_changeCycle=0,to_view=2197
info|2019-12-12 05:05:09.303948|[g:1][CONSENSUS]addRawPrepare,height=12,reqIdx=0,hash=75c4f8e3...
info|2019-12-12 05:05:09.306082|[g:1][CONSENSUS][PBFT]checkTimeout Succ,view=2197,toView=2198,nodeIdx=1,changeCycle=0,myNode=ae5ce17c...,timecost=1.599
info|2019-12-12 05:05:09.310965|[g:1][CONSENSUS][PBFT]checkAndChangeView: Reach consensus,org_view=2197,org_changeCycle=0,cur_changeCycle=0,to_view=2198
info|2019-12-12 05:05:10.311840|[g:1][CONSENSUS][SEALER]++++++++++++++++ Generating seal on,blkNum=12,tx=0,nodeIdx=1,hash=2eb7d46a...
info|2019-12-12 05:05:10.313210|[g:1][CONSENSUS][PBFT]checkTimeout Succ,view=2198,toView=2199,nodeIdx=1,changeCycle=0,myNode=ae5ce17c...,timecost=0.771
info|2019-12-12 05:05:10.320067|[g:1][CONSENSUS][PBFT]checkAndChangeView: Reach consensus,org_view=2198,org_changeCycle=0,cur_changeCycle=0,to_view=2199
info|2019-12-12 05:05:11.321875|[g:1][CONSENSUS]addRawPrepare,height=12,reqIdx=2,hash=ac4f36c8...
info|2019-12-12 05:05:11.323019|[g:1][CONSENSUS][PBFT]checkTimeout Succ,view=2199,toView=2200,nodeIdx=1,changeCycle=0,myNode=ae5ce17c...,timecost=0.866
info|2019-12-12 05:05:11.326250|[g:1][CONSENSUS][PBFT]checkAndChangeView: Reach consensus,org_view=2199,org_changeCycle=0,cur_changeCycle=0,to_view=2200
info|2019-12-12 05:05:12.328669|[g:1][CONSENSUS]addRawPrepare,height=12,reqIdx=3,hash=9c30a5b2...
info|2019-12-12 05:05:12.330208|[g:1][CONSENSUS][PBFT]checkTimeout Succ,view=2200,toView=2201,nodeIdx=1,changeCycle=0,myNode=ae5ce17c...,timecost=1.263
info|2019-12-12 05:05:12.332805|[g:1][CONSENSUS][PBFT]checkAndChangeView: Reach consensus,org_view=2200,org_changeCycle=0,cur_changeCycle=0,to_view=2201
info|2019-12-12 05:05:13.025846|[P2P][Service] heartBeat,connected count=3
info|2019-12-12 05:05:13.335241|[g:1][CONSENSUS]addRawPrepare,height=12,reqIdx=0,hash=ba5fb37a...
info|2019-12-12 05:05:13.336371|[g:1][CONSENSUS][PBFT]checkTimeout Succ,view=2201,toView=2202,nodeIdx=1,changeCycle=0,myNode=ae5ce17c...,timecost=0.884
info|2019-12-12 05:05:13.340088|[g:1][CONSENSUS][PBFT]checkAndChangeView: Reach consensus,org_view=2201,org_changeCycle=0,cur_changeCycle=0,to_view=2202
info|2019-12-12 05:05:14.341461|[g:1][CONSENSUS][SEALER]++++++++++++++++ Generating seal on,blkNum=12,tx=0,nodeIdx=1,hash=7135c5ee...
info|2019-12-12 05:05:14.342840|[g:1][CONSENSUS][PBFT]checkTimeout Succ,view=2202,toView=2203,nodeIdx=1,changeCycle=0,myNode=ae5ce17c...,timecost=0.827
info|2019-12-12 05:05:14.348982|[g:1][CONSENSUS][PBFT]checkAndChangeView: Reach consensus,org_view=2202,org_changeCycle=0,cur_changeCycle=0,to_view=2203
info|2019-12-12 05:05:15.350667|[g:1][CONSENSUS]addRawPrepare,height=12,reqIdx=2,hash=e037e210...
info|2019-12-12 05:05:15.351652|[g:1][CONSENSUS][PBFT]checkTimeout Succ,view=2203,toView=2204,nodeIdx=1,changeCycle=0,myNode=ae5ce17c...,timecost=0.732
info|2019-12-12 05:05:15.355733|[g:1][CONSENSUS][PBFT]checkAndChangeView: Reach consensus,org_view=2203,org_changeCycle=0,cur_changeCycle=0,to_view=2204
info|2019-12-12 05:05:16.358852|[g:1][CONSENSUS]addRawPrepare,height=12,reqIdx=3,hash=b555b657...
info|2019-12-12 05:05:16.360068|[g:1][CONSENSUS][PBFT]checkTimeout Succ,view=2204,toView=2205,nodeIdx=1,changeCycle=0,myNode=ae5ce17c...,timecost=0.84
info|2019-12-12 05:05:16.363838|[g:1][CONSENSUS][PBFT]checkAndChangeView: Reach consensus,org_view=2204,org_changeCycle=0,cur_changeCycle=0,to_view=2205
info|2019-12-12 05:05:17.367188|[g:1][CONSENSUS]addRawPrepare,height=12,reqIdx=0,hash=5161f24a...
info|2019-12-12 05:05:17.368530|[g:1][CONSENSUS][PBFT]checkTimeout Succ,view=2205,toView=2206,nodeIdx=1,changeCycle=0,myNode=ae5ce17c...,timecost=0.974
info|2019-12-12 05:05:17.371301|[g:1][CONSENSUS][PBFT]checkAndChangeView: Reach consensus,org_view=2205,org_changeCycle=0,cur_changeCycle=0,to_view=2206
info|2019-12-12 05:05:18.372625|[g:1][CONSENSUS][SEALER]++++++++++++++++ Generating seal on,blkNum=12,tx=0,nodeIdx=1,hash=11641ae6...
info|2019-12-12 05:05:18.373955|[g:1][CONSENSUS][PBFT]checkTimeout Succ,view=2206,toView=2207,nodeIdx=1,changeCycle=0,myNode=ae5ce17c...,timecost=0.804
info|2019-12-12 05:05:18.380371|[g:1][CONSENSUS][PBFT]checkAndChangeView: Reach consensus,org_view=2206,org_changeCycle=0,cur_changeCycle=0,to_view=2207
info|2019-12-12 05:05:19.381028|[g:1][CONSENSUS]addRawPrepare,height=12,reqIdx=2,hash=7eb2333c...
info|2019-12-12 05:05:19.382350|[g:1][CONSENSUS][PBFT]checkTimeout Succ,view=2207,toView=2208,nodeIdx=1,changeCycle=0,myNode=ae5ce17c...,timecost=1.107
info|2019-12-12 05:05:19.386289|[g:1][CONSENSUS][PBFT]checkAndChangeView: Reach consensus,org_view=2207,org_changeCycle=0,cur_changeCycle=0,to_view=2208
info|2019-12-12 05:05:20.391715|[g:1][CONSENSUS]addRawPrepare,height=12,reqIdx=3,hash=2c3cdd16...
info|2019-12-12 05:05:20.392792|[g:1][CONSENSUS][PBFT]checkTimeout Succ,view=2208,toView=2209,nodeIdx=1,changeCycle=0,myNode=ae5ce17c...,timecost=0.869
info|2019-12-12 05:05:20.397476|[g:1][CONSENSUS][PBFT]checkAndChangeView: Reach consensus,org_view=2208,org_changeCycle=0,cur_changeCycle=0,to_view=2209
info|2019-12-12 05:05:21.399787|[g:1][CONSENSUS]addRawPrepare,height=12,reqIdx=0,hash=48098915...
info|2019-12-12 05:05:21.403091|[g:1][CONSENSUS][PBFT]checkTimeout Succ,view=2209,toView=2210,nodeIdx=1,changeCycle=0,myNode=ae5ce17c...,timecost=3.065
info|2019-12-12 05:05:21.406683|[g:1][CONSENSUS][PBFT]checkAndChangeView: Reach consensus,org_view=2209,org_changeCycle=0,cur_changeCycle=0,to_view=2210
info|2019-12-12 05:05:22.406973|[g:1][CONSENSUS][SEALER]++++++++++++++++ Generating seal on,blkNum=12,tx=0,nodeIdx=1,hash=0e767ab2...
info|2019-12-12 05:05:22.408366|[g:1][CONSENSUS][PBFT]checkTimeout Succ,view=2210,toView=2211,nodeIdx=1,changeCycle=0,myNode=ae5ce17c...,timecost=0.868
info|2019-12-12 05:05:22.415085|[g:1][CONSENSUS][PBFT]checkAndChangeView: Reach consensus,org_view=2210,org_changeCycle=0,cur_changeCycle=0,to_view=2211
info|2019-12-12 05:05:23.033827|[P2P][Service] heartBeat,connected count=3
info|2019-12-12 05:05:23.417461|[g:1][CONSENSUS]addRawPrepare,height=12,reqIdx=2,hash=b67cc59b...
info|2019-12-12 05:05:23.418441|[g:1][CONSENSUS][PBFT]checkTimeout Succ,view=2211,toView=2212,nodeIdx=1,changeCycle=0,myNode=ae5ce17c...,timecost=0.75
info|2019-12-12 05:05:23.424202|[g:1][CONSENSUS][PBFT]checkAndChangeView: Reach consensus,org_view=2211,org_changeCycle=0,cur_changeCycle=0,to_view=2212
info|2019-12-12 05:05:24.427819|[g:1][CONSENSUS]addRawPrepare,height=12,reqIdx=3,hash=bdd7ba0c...
info|2019-12-12 05:05:24.429207|[g:1][CONSENSUS][PBFT]checkTimeout Succ,view=2212,toView=2213,nodeIdx=1,changeCycle=0,myNode=ae5ce17c...,timecost=0.855
info|2019-12-12 05:05:24.431985|[g:1][CONSENSUS][PBFT]checkAndChangeView: Reach consensus,org_view=2212,org_changeCycle=0,cur_changeCycle=0,to_view=2213
info|2019-12-12 05:05:25.433967|[g:1][CONSENSUS]addRawPrepare,height=12,reqIdx=0,hash=325db3d1...
info|2019-12-12 05:05:25.435032|[g:1][CONSENSUS][PBFT]checkTimeout Succ,view=2213,toView=2214,nodeIdx=1,changeCycle=0,myNode=ae5ce17c...,timecost=0.833
info|2019-12-12 05:05:25.439145|[g:1][CONSENSUS][PBFT]checkAndChangeView: Reach consensus,org_view=2213,org_changeCycle=0,cur_changeCycle=0,to_view=2214
