warning|2019-12-11 02:34:38.004670|[g:1][CONSENSUS][PBFT]ViewChangeWarning: not caused by omit empty block ,v=5518,toV=5519,curNum=0,hash=382ff964...,nodeIdx=2,myNode=b5a2d0a7...
info|2019-12-11 02:34:38.004813|[g:1][CONSENSUS][PBFT]checkTimeout Succ,view=5518,toView=5519,nodeIdx=2,changeCycle=1,myNode=b5a2d0a7...,timecost=0.507
info|2019-12-11 02:34:38.012038|[P2P][Service] heartBeat,connected count=3
info|2019-12-11 02:34:38.021026|[g:1][CONSENSUS][PBFT]checkAndChangeView: Reach consensus,org_view=5518,org_changeCycle=1,cur_changeCycle=1,to_view=5519
info|2019-12-11 02:34:39.025669|[g:1][CONSENSUS]addRawPrepare,height=1,reqIdx=3,hash=3a4d3217...
info|2019-12-11 02:34:39.026195|[g:1][CONSENSUS][PBFT]checkTimeout Succ,view=5519,toView=5520,nodeIdx=2,changeCycle=0,myNode=b5a2d0a7...,timecost=0.399
info|2019-12-11 02:34:39.028603|[g:1][CONSENSUS][PBFT]checkAndChangeView: Reach consensus,org_view=5519,org_changeCycle=0,cur_changeCycle=0,to_view=5520
info|2019-12-11 02:34:40.032761|[g:1][CONSENSUS]addRawPrepare,height=1,reqIdx=0,hash=91913cd7...
info|2019-12-11 02:34:40.033516|[g:1][CONSENSUS][PBFT]checkTimeout Succ,view=5520,toView=5521,nodeIdx=2,changeCycle=0,myNode=b5a2d0a7...,timecost=0.594
info|2019-12-11 02:34:40.035817|[g:1][CONSENSUS][PBFT]checkAndChangeView: Reach consensus,org_view=5520,org_changeCycle=0,cur_changeCycle=0,to_view=5521
info|2019-12-11 02:34:41.036613|[g:1][CONSENSUS]addRawPrepare,height=1,reqIdx=1,hash=0df805de...
info|2019-12-11 02:34:41.037941|[g:1][CONSENSUS][PBFT]checkTimeout Succ,view=5521,toView=5522,nodeIdx=2,changeCycle=0,myNode=b5a2d0a7...,timecost=1.144
info|2019-12-11 02:34:41.039655|[g:1][CONSENSUS][PBFT]checkAndChangeView: Reach consensus,org_view=5521,org_changeCycle=0,cur_changeCycle=0,to_view=5522
info|2019-12-11 02:34:42.040750|[g:1][CONSENSUS][SEALER]++++++++++++++++ Generating seal on,blkNum=1,tx=0,nodeIdx=2,hash=9545ab23...
info|2019-12-11 02:34:42.046352|[g:1][CONSENSUS][PBFT]checkTimeout Succ,view=5522,toView=5523,nodeIdx=2,changeCycle=0,myNode=b5a2d0a7...,timecost=0.73
info|2019-12-11 02:34:42.047571|[g:1][CONSENSUS][PBFT]checkAndChangeView: Reach consensus,org_view=5522,org_changeCycle=0,cur_changeCycle=0,to_view=5523
info|2019-12-11 02:34:43.049929|[g:1][CONSENSUS]addRawPrepare,height=1,reqIdx=3,hash=6c738e1a...
info|2019-12-11 02:34:43.050760|[g:1][CONSENSUS][PBFT]checkTimeout Succ,view=5523,toView=5524,nodeIdx=2,changeCycle=0,myNode=b5a2d0a7...,timecost=0.727
info|2019-12-11 02:34:43.053828|[g:1][CONSENSUS][PBFT]checkAndChangeView: Reach consensus,org_view=5523,org_changeCycle=0,cur_changeCycle=0,to_view=5524
info|2019-12-11 02:34:44.057150|[g:1][CONSENSUS]addRawPrepare,height=1,reqIdx=0,hash=2e7ecd4c...
info|2019-12-11 02:34:44.058313|[g:1][CONSENSUS][PBFT]checkTimeout Succ,view=5524,toView=5525,nodeIdx=2,changeCycle=0,myNode=b5a2d0a7...,timecost=0.919
info|2019-12-11 02:34:44.062347|[g:1][CONSENSUS][PBFT]checkAndChangeView: Reach consensus,org_view=5524,org_changeCycle=0,cur_changeCycle=0,to_view=5525
info|2019-12-11 02:34:45.063507|[g:1][CONSENSUS]addRawPrepare,height=1,reqIdx=1,hash=398cc2c3...
info|2019-12-11 02:34:45.064526|[g:1][CONSENSUS][PBFT]checkTimeout Succ,view=5525,toView=5526,nodeIdx=2,changeCycle=0,myNode=b5a2d0a7...,timecost=0.79
info|2019-12-11 02:34:45.067282|[g:1][CONSENSUS][PBFT]checkAndChangeView: Reach consensus,org_view=5525,org_changeCycle=0,cur_changeCycle=0,to_view=5526
info|2019-12-11 02:34:46.068126|[g:1][CONSENSUS][SEALER]++++++++++++++++ Generating seal on,blkNum=1,tx=0,nodeIdx=2,hash=c69fb809...
info|2019-12-11 02:34:46.069499|[g:1][CONSENSUS][PBFT]checkTimeout Succ,view=5526,toView=5527,nodeIdx=2,changeCycle=0,myNode=b5a2d0a7...,timecost=0.839
info|2019-12-11 02:34:46.074842|[g:1][CONSENSUS][PBFT]checkAndChangeView: Reach consensus,org_view=5526,org_changeCycle=0,cur_changeCycle=0,to_view=5527
info|2019-12-11 02:34:47.076773|[g:1][CONSENSUS]addRawPrepare,height=1,reqIdx=3,hash=9e4fffe7...
info|2019-12-11 02:34:47.078789|[g:1][CONSENSUS][PBFT]checkTimeout Succ,view=5527,toView=5528,nodeIdx=2,changeCycle=0,myNode=b5a2d0a7...,timecost=1.571
info|2019-12-11 02:34:47.081342|[g:1][CONSENSUS][PBFT]checkAndChangeView: Reach consensus,org_view=5527,org_changeCycle=0,cur_changeCycle=0,to_view=5528
info|2019-12-11 02:34:48.019043|[P2P][Service] heartBeat,connected count=3
info|2019-12-11 02:34:48.084951|[g:1][CONSENSUS]addRawPrepare,height=1,reqIdx=0,hash=ef5fe5a1...
info|2019-12-11 02:34:48.086126|[g:1][CONSENSUS][PBFT]checkTimeout Succ,view=5528,toView=5529,nodeIdx=2,changeCycle=0,myNode=b5a2d0a7...,timecost=0.919
info|2019-12-11 02:34:48.089190|[g:1][CONSENSUS][PBFT]checkAndChangeView: Reach consensus,org_view=5528,org_changeCycle=0,cur_changeCycle=0,to_view=5529
info|2019-12-11 02:34:49.092342|[g:1][CONSENSUS]addRawPrepare,height=1,reqIdx=1,hash=5eb24cdf...
info|2019-12-11 02:34:49.097829|[g:1][CONSENSUS][PBFT]checkTimeout Succ,view=5529,toView=5530,nodeIdx=2,changeCycle=0,myNode=b5a2d0a7...,timecost=5.258
info|2019-12-11 02:34:49.099490|[g:1][CONSENSUS][PBFT]checkAndChangeView: Reach consensus,org_view=5529,org_changeCycle=0,cur_changeCycle=0,to_view=5530
info|2019-12-11 02:34:50.099432|[g:1][CONSENSUS][SEALER]++++++++++++++++ Generating seal on,blkNum=1,tx=0,nodeIdx=2,hash=bc15db1d...
info|2019-12-11 02:34:50.100885|[g:1][CONSENSUS][PBFT]checkTimeout Succ,view=5530,toView=5531,nodeIdx=2,changeCycle=0,myNode=b5a2d0a7...,timecost=0.896
info|2019-12-11 02:34:50.106368|[g:1][CONSENSUS][PBFT]checkAndChangeView: Reach consensus,org_view=5530,org_changeCycle=0,cur_changeCycle=0,to_view=5531
info|2019-12-11 02:34:51.108653|[g:1][CONSENSUS]addRawPrepare,height=1,reqIdx=3,hash=764e77d9...
info|2019-12-11 02:34:51.109681|[g:1][CONSENSUS][PBFT]checkTimeout Succ,view=5531,toView=5532,nodeIdx=2,changeCycle=0,myNode=b5a2d0a7...,timecost=0.742
info|2019-12-11 02:34:51.112944|[g:1][CONSENSUS][PBFT]checkAndChangeView: Reach consensus,org_view=5531,org_changeCycle=0,cur_changeCycle=0,to_view=5532
info|2019-12-11 02:34:52.118532|[g:1][CONSENSUS]addRawPrepare,height=1,reqIdx=0,hash=a7daa532...
info|2019-12-11 02:34:52.121684|[g:1][CONSENSUS][PBFT]checkTimeout Succ,view=5532,toView=5533,nodeIdx=2,changeCycle=0,myNode=b5a2d0a7...,timecost=2.921
info|2019-12-11 02:34:52.125163|[g:1][CONSENSUS][PBFT]checkAndChangeView: Reach consensus,org_view=5532,org_changeCycle=0,cur_changeCycle=0,to_view=5533
info|2019-12-11 02:34:53.126823|[g:1][CONSENSUS]addRawPrepare,height=1,reqIdx=1,hash=f3663237...
info|2019-12-11 02:34:53.128269|[g:1][CONSENSUS][PBFT]checkTimeout Succ,view=5533,toView=5534,nodeIdx=2,changeCycle=0,myNode=b5a2d0a7...,timecost=0.947
info|2019-12-11 02:34:53.132997|[g:1][CONSENSUS][PBFT]checkAndChangeView: Reach consensus,org_view=5533,org_changeCycle=0,cur_changeCycle=0,to_view=5534
info|2019-12-11 02:34:54.134694|[g:1][CONSENSUS][SEALER]++++++++++++++++ Generating seal on,blkNum=1,tx=0,nodeIdx=2,hash=8cb4176b...
info|2019-12-11 02:34:54.141376|[g:1][CONSENSUS][PBFT]checkTimeout Succ,view=5534,toView=5535,nodeIdx=2,changeCycle=0,myNode=b5a2d0a7...,timecost=1.427
info|2019-12-11 02:34:54.142971|[g:1][CONSENSUS][PBFT]checkAndChangeView: Reach consensus,org_view=5534,org_changeCycle=0,cur_changeCycle=0,to_view=5535
info|2019-12-11 02:34:55.144658|[g:1][CONSENSUS]addRawPrepare,height=1,reqIdx=3,hash=e6ac77c2...
info|2019-12-11 02:34:55.146767|[g:1][CONSENSUS][PBFT]checkTimeout Succ,view=5535,toView=5536,nodeIdx=2,changeCycle=0,myNode=b5a2d0a7...,timecost=1.7
info|2019-12-11 02:34:55.149342|[g:1][CONSENSUS][PBFT]checkAndChangeView: Reach consensus,org_view=5535,org_changeCycle=0,cur_changeCycle=0,to_view=5536
info|2019-12-11 02:34:56.151752|[g:1][CONSENSUS]addRawPrepare,height=1,reqIdx=0,hash=1c1a02d6...
info|2019-12-11 02:34:56.152790|[g:1][CONSENSUS][PBFT]checkTimeout Succ,view=5536,toView=5537,nodeIdx=2,changeCycle=0,myNode=b5a2d0a7...,timecost=0.759
info|2019-12-11 02:34:56.156391|[g:1][CONSENSUS][PBFT]checkAndChangeView: Reach consensus,org_view=5536,org_changeCycle=0,cur_changeCycle=0,to_view=5537
info|2019-12-11 02:34:57.158721|[g:1][CONSENSUS]addRawPrepare,height=1,reqIdx=1,hash=53a359d2...
info|2019-12-11 02:34:57.159795|[g:1][CONSENSUS][PBFT]checkTimeout Succ,view=5537,toView=5538,nodeIdx=2,changeCycle=0,myNode=b5a2d0a7...,timecost=0.822
info|2019-12-11 02:34:57.163982|[g:1][CONSENSUS][PBFT]checkAndChangeView: Reach consensus,org_view=5537,org_changeCycle=0,cur_changeCycle=0,to_view=5538
info|2019-12-11 02:34:58.024879|[P2P][Service] heartBeat,connected count=3
info|2019-12-11 02:34:58.164833|[g:1][CONSENSUS][SEALER]++++++++++++++++ Generating seal on,blkNum=1,tx=0,nodeIdx=2,hash=7f344dcf...
info|2019-12-11 02:34:58.166276|[g:1][CONSENSUS][PBFT]checkTimeout Succ,view=5538,toView=5539,nodeIdx=2,changeCycle=0,myNode=b5a2d0a7...,timecost=0.93
info|2019-12-11 02:34:58.171658|[g:1][CONSENSUS][PBFT]checkAndChangeView: Reach consensus,org_view=5538,org_changeCycle=0,cur_changeCycle=0,to_view=5539
info|2019-12-11 02:34:59.176590|[g:1][CONSENSUS]addRawPrepare,height=1,reqIdx=3,hash=ae6b70bf...
info|2019-12-11 02:34:59.177600|[g:1][CONSENSUS][PBFT]checkTimeout Succ,view=5539,toView=5540,nodeIdx=2,changeCycle=0,myNode=b5a2d0a7...,timecost=0.74
info|2019-12-11 02:34:59.180669|[g:1][CONSENSUS][PBFT]checkAndChangeView: Reach consensus,org_view=5539,org_changeCycle=0,cur_changeCycle=0,to_view=5540
info|2019-12-11 02:35:00.183120|[g:1][CONSENSUS]addRawPrepare,height=1,reqIdx=0,hash=3badf89a...
info|2019-12-11 02:35:00.184865|[g:1][CONSENSUS][PBFT]checkTimeout Succ,view=5540,toView=5541,nodeIdx=2,changeCycle=0,myNode=b5a2d0a7...,timecost=1.507
info|2019-12-11 02:35:00.187882|[g:1][CONSENSUS][PBFT]checkAndChangeView: Reach consensus,org_view=5540,org_changeCycle=0,cur_changeCycle=0,to_view=5541
info|2019-12-11 02:35:01.191647|[g:1][CONSENSUS]addRawPrepare,height=1,reqIdx=1,hash=9b610e75...
info|2019-12-11 02:35:01.193294|[g:1][CONSENSUS][PBFT]checkTimeout Succ,view=5541,toView=5542,nodeIdx=2,changeCycle=0,myNode=b5a2d0a7...,timecost=1.362
info|2019-12-11 02:35:01.197220|[g:1][CONSENSUS][PBFT]checkAndChangeView: Reach consensus,org_view=5541,org_changeCycle=0,cur_changeCycle=0,to_view=5542
info|2019-12-11 02:35:02.197970|[g:1][CONSENSUS][SEALER]++++++++++++++++ Generating seal on,blkNum=1,tx=0,nodeIdx=2,hash=1425c517...
info|2019-12-11 02:35:02.199370|[g:1][CONSENSUS][PBFT]checkTimeout Succ,view=5542,toView=5543,nodeIdx=2,changeCycle=0,myNode=b5a2d0a7...,timecost=0.851
info|2019-12-11 02:35:02.206110|[g:1][CONSENSUS][PBFT]checkAndChangeView: Reach consensus,org_view=5542,org_changeCycle=0,cur_changeCycle=0,to_view=5543
info|2019-12-11 02:35:03.206100|[g:1][CONSENSUS]addRawPrepare,height=1,reqIdx=3,hash=d5cb1ceb...
info|2019-12-11 02:35:03.207075|[g:1][CONSENSUS][PBFT]checkTimeout Succ,view=5543,toView=5544,nodeIdx=2,changeCycle=0,myNode=b5a2d0a7...,timecost=0.763
info|2019-12-11 02:35:03.211767|[g:1][CONSENSUS][PBFT]checkAndChangeView: Reach consensus,org_view=5543,org_changeCycle=0,cur_changeCycle=0,to_view=5544
info|2019-12-11 02:35:04.216868|[g:1][CONSENSUS]addRawPrepare,height=1,reqIdx=0,hash=e8d54f61...
info|2019-12-11 02:35:04.217857|[g:1][CONSENSUS][PBFT]checkTimeout Succ,view=5544,toView=5545,nodeIdx=2,changeCycle=0,myNode=b5a2d0a7...,timecost=0.655
info|2019-12-11 02:35:04.221091|[g:1][CONSENSUS][PBFT]checkAndChangeView: Reach consensus,org_view=5544,org_changeCycle=0,cur_changeCycle=0,to_view=5545
info|2019-12-11 02:35:05.223695|[g:1][CONSENSUS]addRawPrepare,height=1,reqIdx=1,hash=23a285e3...
info|2019-12-11 02:35:05.224925|[g:1][CONSENSUS][PBFT]checkTimeout Succ,view=5545,toView=5546,nodeIdx=2,changeCycle=0,myNode=b5a2d0a7...,timecost=0.851
info|2019-12-11 02:35:05.228153|[g:1][CONSENSUS][PBFT]checkAndChangeView: Reach consensus,org_view=5545,org_changeCycle=0,cur_changeCycle=0,to_view=5546
info|2019-12-11 02:35:06.228871|[g:1][CONSENSUS][SEALER]++++++++++++++++ Generating seal on,blkNum=1,tx=0,nodeIdx=2,hash=d3007ff2...
info|2019-12-11 02:35:06.230281|[g:1][CONSENSUS][PBFT]checkTimeout Succ,view=5546,toView=5547,nodeIdx=2,changeCycle=0,myNode=b5a2d0a7...,timecost=0.844
info|2019-12-11 02:35:06.236662|[g:1][CONSENSUS][PBFT]checkAndChangeView: Reach consensus,org_view=5546,org_changeCycle=0,cur_changeCycle=0,to_view=5547
info|2019-12-11 02:35:07.237844|[g:1][CONSENSUS]addRawPrepare,height=1,reqIdx=3,hash=0dd00ecd...
info|2019-12-11 02:35:07.240014|[g:1][CONSENSUS][PBFT]checkTimeout Succ,view=5547,toView=5548,nodeIdx=2,changeCycle=0,myNode=b5a2d0a7...,timecost=1.695
info|2019-12-11 02:35:07.244968|[g:1][CONSENSUS][PBFT]checkAndChangeView: Reach consensus,org_view=5547,org_changeCycle=0,cur_changeCycle=0,to_view=5548
info|2019-12-11 02:35:08.033561|[P2P][Service] heartBeat,connected count=3
info|2019-12-11 02:35:08.244485|[g:1][CONSENSUS]addRawPrepare,height=1,reqIdx=0,hash=e437f395...
info|2019-12-11 02:35:08.245841|[g:1][CONSENSUS][PBFT]checkTimeout Succ,view=5548,toView=5549,nodeIdx=2,changeCycle=0,myNode=b5a2d0a7...,timecost=1.113
info|2019-12-11 02:35:08.249618|[g:1][CONSENSUS][PBFT]checkAndChangeView: Reach consensus,org_view=5548,org_changeCycle=0,cur_changeCycle=0,to_view=5549
info|2019-12-11 02:35:09.254878|[g:1][CONSENSUS]addRawPrepare,height=1,reqIdx=1,hash=b9466743...
info|2019-12-11 02:35:09.255915|[g:1][CONSENSUS][PBFT]checkTimeout Succ,view=5549,toView=5550,nodeIdx=2,changeCycle=0,myNode=b5a2d0a7...,timecost=0.797
info|2019-12-11 02:35:09.259219|[g:1][CONSENSUS][PBFT]checkAndChangeView: Reach consensus,org_view=5549,org_changeCycle=0,cur_changeCycle=0,to_view=5550
info|2019-12-11 02:35:10.259510|[g:1][CONSENSUS][SEALER]++++++++++++++++ Generating seal on,blkNum=1,tx=0,nodeIdx=2,hash=febb843b...
info|2019-12-11 02:35:10.265350|[g:1][CONSENSUS][PBFT]checkTimeout Succ,view=5550,toView=5551,nodeIdx=2,changeCycle=0,myNode=b5a2d0a7...,timecost=0.809
info|2019-12-11 02:35:10.266538|[g:1][CONSENSUS][PBFT]checkAndChangeView: Reach consensus,org_view=5550,org_changeCycle=0,cur_changeCycle=0,to_view=5551
info|2019-12-11 02:35:11.269360|[g:1][CONSENSUS]addRawPrepare,height=1,reqIdx=3,hash=e434525c...
info|2019-12-11 02:35:11.270773|[g:1][CONSENSUS][PBFT]checkTimeout Succ,view=5551,toView=5552,nodeIdx=2,changeCycle=0,myNode=b5a2d0a7...,timecost=1.187
info|2019-12-11 02:35:11.274789|[g:1][CONSENSUS][PBFT]checkAndChangeView: Reach consensus,org_view=5551,org_changeCycle=0,cur_changeCycle=0,to_view=5552
info|2019-12-11 02:35:12.279471|[g:1][CONSENSUS]addRawPrepare,height=1,reqIdx=0,hash=87b408f9...
info|2019-12-11 02:35:12.280821|[g:1][CONSENSUS][PBFT]checkTimeout Succ,view=5552,toView=5553,nodeIdx=2,changeCycle=0,myNode=b5a2d0a7...,timecost=1.346
info|2019-12-11 02:35:12.283839|[g:1][CONSENSUS][PBFT]checkAndChangeView: Reach consensus,org_view=5552,org_changeCycle=0,cur_changeCycle=0,to_view=5553
info|2019-12-11 02:35:13.289171|[g:1][CONSENSUS]addRawPrepare,height=1,reqIdx=1,hash=f0c64ca2...
info|2019-12-11 02:35:13.291649|[g:1][CONSENSUS][PBFT]checkTimeout Succ,view=5553,toView=5554,nodeIdx=2,changeCycle=0,myNode=b5a2d0a7...,timecost=2.23
info|2019-12-11 02:35:13.297046|[g:1][CONSENSUS][PBFT]checkAndChangeView: Reach consensus,org_view=5553,org_changeCycle=0,cur_changeCycle=0,to_view=5554
info|2019-12-11 02:35:14.297195|[g:1][CONSENSUS][SEALER]++++++++++++++++ Generating seal on,blkNum=1,tx=0,nodeIdx=2,hash=e3bc9a0e...
info|2019-12-11 02:35:14.298638|[g:1][CONSENSUS][PBFT]checkTimeout Succ,view=5554,toView=5555,nodeIdx=2,changeCycle=0,myNode=b5a2d0a7...,timecost=0.928
info|2019-12-11 02:35:14.304278|[g:1][CONSENSUS][PBFT]checkAndChangeView: Reach consensus,org_view=5554,org_changeCycle=0,cur_changeCycle=0,to_view=5555
info|2019-12-11 02:35:15.306842|[g:1][CONSENSUS]addRawPrepare,height=1,reqIdx=3,hash=31893a44...
info|2019-12-11 02:35:15.308411|[g:1][CONSENSUS][PBFT]checkTimeout Succ,view=5555,toView=5556,nodeIdx=2,changeCycle=0,myNode=b5a2d0a7...,timecost=1.047
info|2019-12-11 02:35:15.312640|[g:1][CONSENSUS][PBFT]checkAndChangeView: Reach consensus,org_view=5555,org_changeCycle=0,cur_changeCycle=0,to_view=5556
info|2019-12-11 02:35:16.313491|[g:1][CONSENSUS]addRawPrepare,height=1,reqIdx=0,hash=dc5552ff...
info|2019-12-11 02:35:16.316749|[g:1][CONSENSUS][PBFT]checkTimeout Succ,view=5556,toView=5557,nodeIdx=2,changeCycle=0,myNode=b5a2d0a7...,timecost=3.015
info|2019-12-11 02:35:16.320051|[g:1][CONSENSUS][PBFT]checkAndChangeView: Reach consensus,org_view=5556,org_changeCycle=0,cur_changeCycle=0,to_view=5557
info|2019-12-11 02:35:17.320876|[g:1][CONSENSUS]addRawPrepare,height=1,reqIdx=1,hash=882d82b0...
info|2019-12-11 02:35:17.321937|[g:1][CONSENSUS][PBFT]checkTimeout Succ,view=5557,toView=5558,nodeIdx=2,changeCycle=0,myNode=b5a2d0a7...,timecost=0.915
info|2019-12-11 02:35:17.324741|[g:1][CONSENSUS][PBFT]checkAndChangeView: Reach consensus,org_view=5557,org_changeCycle=0,cur_changeCycle=0,to_view=5558
info|2019-12-11 02:35:18.038308|[P2P][Service] heartBeat,connected count=3
info|2019-12-11 02:35:18.324804|[g:1][CONSENSUS][SEALER]++++++++++++++++ Generating seal on,blkNum=1,tx=0,nodeIdx=2,hash=0d6d8678...
info|2019-12-11 02:35:18.325830|[g:1][CONSENSUS][PBFT]checkTimeout Succ,view=5558,toView=5559,nodeIdx=2,changeCycle=0,myNode=b5a2d0a7...,timecost=0.481
info|2019-12-11 02:35:18.329773|[g:1][CONSENSUS][PBFT]checkAndChangeView: Reach consensus,org_view=5558,org_changeCycle=0,cur_changeCycle=0,to_view=5559
info|2019-12-11 02:35:19.333196|[g:1][CONSENSUS]addRawPrepare,height=1,reqIdx=3,hash=641d66c4...
info|2019-12-11 02:35:19.333902|[g:1][CONSENSUS][PBFT]checkTimeout Succ,view=5559,toView=5560,nodeIdx=2,changeCycle=0,myNode=b5a2d0a7...,timecost=0.467
info|2019-12-11 02:35:19.336536|[g:1][CONSENSUS][PBFT]checkAndChangeView: Reach consensus,org_view=5559,org_changeCycle=0,cur_changeCycle=0,to_view=5560
info|2019-12-11 02:35:20.339487|[g:1][CONSENSUS]addRawPrepare,height=1,reqIdx=0,hash=2f0e3663...
info|2019-12-11 02:35:20.340420|[g:1][CONSENSUS][PBFT]checkTimeout Succ,view=5560,toView=5561,nodeIdx=2,changeCycle=0,myNode=b5a2d0a7...,timecost=0.725
info|2019-12-11 02:35:20.343552|[g:1][CONSENSUS][PBFT]checkAndChangeView: Reach consensus,org_view=5560,org_changeCycle=0,cur_changeCycle=0,to_view=5561
info|2019-12-11 02:35:21.345813|[g:1][CONSENSUS]addRawPrepare,height=1,reqIdx=1,hash=9a261d35...
info|2019-12-11 02:35:21.346759|[g:1][CONSENSUS][PBFT]checkTimeout Succ,view=5561,toView=5562,nodeIdx=2,changeCycle=0,myNode=b5a2d0a7...,timecost=0.742
info|2019-12-11 02:35:21.352504|[g:1][CONSENSUS][PBFT]checkAndChangeView: Reach consensus,org_view=5561,org_changeCycle=0,cur_changeCycle=0,to_view=5562
info|2019-12-11 02:35:22.353597|[g:1][CONSENSUS][SEALER]++++++++++++++++ Generating seal on,blkNum=1,tx=0,nodeIdx=2,hash=467058eb...
info|2019-12-11 02:35:22.354932|[g:1][CONSENSUS][PBFT]checkTimeout Succ,view=5562,toView=5563,nodeIdx=2,changeCycle=0,myNode=b5a2d0a7...,timecost=0.771
info|2019-12-11 02:35:22.360995|[g:1][CONSENSUS][PBFT]checkAndChangeView: Reach consensus,org_view=5562,org_changeCycle=0,cur_changeCycle=0,to_view=5563
info|2019-12-11 02:35:23.366198|[g:1][CONSENSUS]addRawPrepare,height=1,reqIdx=3,hash=fedc741d...
info|2019-12-11 02:35:23.369575|[g:1][CONSENSUS][PBFT]checkTimeout Succ,view=5563,toView=5564,nodeIdx=2,changeCycle=0,myNode=b5a2d0a7...,timecost=0.887
info|2019-12-11 02:35:23.373192|[g:1][CONSENSUS][PBFT]checkAndChangeView: Reach consensus,org_view=5563,org_changeCycle=0,cur_changeCycle=0,to_view=5564
info|2019-12-11 02:35:24.373048|[g:1][CONSENSUS]addRawPrepare,height=1,reqIdx=0,hash=6eebd664...
info|2019-12-11 02:35:24.376112|[g:1][CONSENSUS][PBFT]checkTimeout Succ,view=5564,toView=5565,nodeIdx=2,changeCycle=0,myNode=b5a2d0a7...,timecost=2.639
info|2019-12-11 02:35:24.379014|[g:1][CONSENSUS][PBFT]checkAndChangeView: Reach consensus,org_view=5564,org_changeCycle=0,cur_changeCycle=0,to_view=5565
info|2019-12-11 02:35:25.380398|[g:1][CONSENSUS]addRawPrepare,height=1,reqIdx=1,hash=b9c3f7ad...
info|2019-12-11 02:35:25.381530|[g:1][CONSENSUS][PBFT]checkTimeout Succ,view=5565,toView=5566,nodeIdx=2,changeCycle=0,myNode=b5a2d0a7...,timecost=0.888
info|2019-12-11 02:35:25.384653|[g:1][CONSENSUS][PBFT]checkAndChangeView: Reach consensus,org_view=5565,org_changeCycle=0,cur_changeCycle=0,to_view=5566
info|2019-12-11 02:35:26.385502|[g:1][CONSENSUS][SEALER]++++++++++++++++ Generating seal on,blkNum=1,tx=0,nodeIdx=2,hash=fbf0d475...
info|2019-12-11 02:35:26.386882|[g:1][CONSENSUS][PBFT]checkTimeout Succ,view=5566,toView=5567,nodeIdx=2,changeCycle=0,myNode=b5a2d0a7...,timecost=0.849
info|2019-12-11 02:35:26.393427|[g:1][CONSENSUS][PBFT]checkAndChangeView: Reach consensus,org_view=5566,org_changeCycle=0,cur_changeCycle=0,to_view=5567
info|2019-12-11 02:35:27.394631|[g:1][CONSENSUS]addRawPrepare,height=1,reqIdx=3,hash=d83a3c2d...
info|2019-12-11 02:35:27.395881|[g:1][CONSENSUS][PBFT]checkTimeout Succ,view=5567,toView=5568,nodeIdx=2,changeCycle=0,myNode=b5a2d0a7...,timecost=1.017
info|2019-12-11 02:35:27.400350|[g:1][CONSENSUS][PBFT]checkAndChangeView: Reach consensus,org_view=5567,org_changeCycle=0,cur_changeCycle=0,to_view=5568
info|2019-12-11 02:35:28.040915|[P2P][Service] heartBeat,connected count=3
info|2019-12-11 02:35:28.402126|[g:1][CONSENSUS]addRawPrepare,height=1,reqIdx=0,hash=3be37f63...
info|2019-12-11 02:35:28.403165|[g:1][CONSENSUS][PBFT]checkTimeout Succ,view=5568,toView=5569,nodeIdx=2,changeCycle=0,myNode=b5a2d0a7...,timecost=0.797
info|2019-12-11 02:35:28.409593|[g:1][CONSENSUS][PBFT]checkAndChangeView: Reach consensus,org_view=5568,org_changeCycle=0,cur_changeCycle=0,to_view=5569
info|2019-12-11 02:35:29.410174|[g:1][CONSENSUS]addRawPrepare,height=1,reqIdx=1,hash=486e7902...
info|2019-12-11 02:35:29.411272|[g:1][CONSENSUS][PBFT]checkTimeout Succ,view=5569,toView=5570,nodeIdx=2,changeCycle=0,myNode=b5a2d0a7...,timecost=0.787
info|2019-12-11 02:35:29.415016|[g:1][CONSENSUS][PBFT]checkAndChangeView: Reach consensus,org_view=5569,org_changeCycle=0,cur_changeCycle=0,to_view=5570
info|2019-12-11 02:35:30.416146|[g:1][CONSENSUS][SEALER]++++++++++++++++ Generating seal on,blkNum=1,tx=0,nodeIdx=2,hash=1e8b20b7...
info|2019-12-11 02:35:30.417571|[g:1][CONSENSUS][PBFT]checkTimeout Succ,view=5570,toView=5571,nodeIdx=2,changeCycle=0,myNode=b5a2d0a7...,timecost=0.833
info|2019-12-11 02:35:30.425742|[g:1][CONSENSUS][PBFT]checkAndChangeView: Reach consensus,org_view=5570,org_changeCycle=0,cur_changeCycle=0,to_view=5571
info|2019-12-11 02:35:31.427504|[g:1][CONSENSUS]addRawPrepare,height=1,reqIdx=3,hash=22caea63...
info|2019-12-11 02:35:31.428654|[g:1][CONSENSUS][PBFT]checkTimeout Succ,view=5571,toView=5572,nodeIdx=2,changeCycle=0,myNode=b5a2d0a7...,timecost=0.838
info|2019-12-11 02:35:31.431557|[g:1][CONSENSUS][PBFT]checkAndChangeView: Reach consensus,org_view=5571,org_changeCycle=0,cur_changeCycle=0,to_view=5572
info|2019-12-11 02:35:32.437202|[g:1][CONSENSUS]addRawPrepare,height=1,reqIdx=0,hash=3df82636...
info|2019-12-11 02:35:32.438191|[g:1][CONSENSUS][PBFT]checkTimeout Succ,view=5572,toView=5573,nodeIdx=2,changeCycle=0,myNode=b5a2d0a7...,timecost=0.73
info|2019-12-11 02:35:32.442540|[g:1][CONSENSUS][PBFT]checkAndChangeView: Reach consensus,org_view=5572,org_changeCycle=0,cur_changeCycle=0,to_view=5573
info|2019-12-11 02:35:33.445393|[g:1][CONSENSUS]addRawPrepare,height=1,reqIdx=1,hash=5e6a0499...
info|2019-12-11 02:35:33.446310|[g:1][CONSENSUS][PBFT]checkTimeout Succ,view=5573,toView=5574,nodeIdx=2,changeCycle=0,myNode=b5a2d0a7...,timecost=0.706
info|2019-12-11 02:35:33.450541|[g:1][CONSENSUS][PBFT]checkAndChangeView: Reach consensus,org_view=5573,org_changeCycle=0,cur_changeCycle=0,to_view=5574
info|2019-12-11 02:35:34.451175|[g:1][CONSENSUS][SEALER]++++++++++++++++ Generating seal on,blkNum=1,tx=0,nodeIdx=2,hash=d45639b2...
info|2019-12-11 02:35:34.452530|[g:1][CONSENSUS][PBFT]checkTimeout Succ,view=5574,toView=5575,nodeIdx=2,changeCycle=0,myNode=b5a2d0a7...,timecost=0.838
info|2019-12-11 02:35:34.458856|[g:1][CONSENSUS][PBFT]checkAndChangeView: Reach consensus,org_view=5574,org_changeCycle=0,cur_changeCycle=0,to_view=5575
info|2019-12-11 02:35:35.461428|[g:1][CONSENSUS]addRawPrepare,height=1,reqIdx=3,hash=5909d50d...
info|2019-12-11 02:35:35.462783|[g:1][CONSENSUS][PBFT]checkTimeout Succ,view=5575,toView=5576,nodeIdx=2,changeCycle=0,myNode=b5a2d0a7...,timecost=1.13
info|2019-12-11 02:35:35.466752|[g:1][CONSENSUS][PBFT]checkAndChangeView: Reach consensus,org_view=5575,org_changeCycle=0,cur_changeCycle=0,to_view=5576
info|2019-12-11 02:35:36.470197|[g:1][CONSENSUS]addRawPrepare,height=1,reqIdx=0,hash=d654d9ed...
info|2019-12-11 02:35:36.471231|[g:1][CONSENSUS][PBFT]checkTimeout Succ,view=5576,toView=5577,nodeIdx=2,changeCycle=0,myNode=b5a2d0a7...,timecost=0.728
info|2019-12-11 02:35:36.473885|[g:1][CONSENSUS][PBFT]checkAndChangeView: Reach consensus,org_view=5576,org_changeCycle=0,cur_changeCycle=0,to_view=5577
info|2019-12-11 02:35:37.477363|[g:1][CONSENSUS]addRawPrepare,height=1,reqIdx=1,hash=cd2abefd...
info|2019-12-11 02:35:37.482974|[g:1][CONSENSUS][PBFT]checkTimeout Succ,view=5577,toView=5578,nodeIdx=2,changeCycle=0,myNode=b5a2d0a7...,timecost=4.887
info|2019-12-11 02:35:37.484439|[g:1][CONSENSUS][PBFT]checkAndChangeView: Reach consensus,org_view=5577,org_changeCycle=0,cur_changeCycle=0,to_view=5578
info|2019-12-11 02:35:38.046934|[P2P][Service] heartBeat,connected count=3
info|2019-12-11 02:35:38.484379|[g:1][CONSENSUS][SEALER]++++++++++++++++ Generating seal on,blkNum=1,tx=0,nodeIdx=2,hash=42ecedd7...
info|2019-12-11 02:35:38.485700|[g:1][CONSENSUS][PBFT]checkTimeout Succ,view=5578,toView=5579,nodeIdx=2,changeCycle=0,myNode=b5a2d0a7...,timecost=0.809
info|2019-12-11 02:35:38.492275|[g:1][CONSENSUS][PBFT]checkAndChangeView: Reach consensus,org_view=5578,org_changeCycle=0,cur_changeCycle=0,to_view=5579
info|2019-12-11 02:35:39.497544|[g:1][CONSENSUS]addRawPrepare,height=1,reqIdx=3,hash=b9b5fe38...
info|2019-12-11 02:35:39.498710|[g:1][CONSENSUS][PBFT]checkTimeout Succ,view=5579,toView=5580,nodeIdx=2,changeCycle=0,myNode=b5a2d0a7...,timecost=0.986
info|2019-12-11 02:35:39.501541|[g:1][CONSENSUS][PBFT]checkAndChangeView: Reach consensus,org_view=5579,org_changeCycle=0,cur_changeCycle=0,to_view=5580
info|2019-12-11 02:35:40.506715|[g:1][CONSENSUS]addRawPrepare,height=1,reqIdx=0,hash=709f0ae8...
info|2019-12-11 02:35:40.509186|[g:1][CONSENSUS][PBFT]checkTimeout Succ,view=5580,toView=5581,nodeIdx=2,changeCycle=0,myNode=b5a2d0a7...,timecost=1.057
info|2019-12-11 02:35:40.511843|[g:1][CONSENSUS][PBFT]checkAndChangeView: Reach consensus,org_view=5580,org_changeCycle=0,cur_changeCycle=0,to_view=5581
info|2019-12-11 02:35:41.516285|[g:1][CONSENSUS]addRawPrepare,height=1,reqIdx=1,hash=4f545a9c...
info|2019-12-11 02:35:41.518418|[g:1][CONSENSUS][PBFT]checkTimeout Succ,view=5581,toView=5582,nodeIdx=2,changeCycle=0,myNode=b5a2d0a7...,timecost=1.737
info|2019-12-11 02:35:41.521444|[g:1][CONSENSUS][PBFT]checkAndChangeView: Reach consensus,org_view=5581,org_changeCycle=0,cur_changeCycle=0,to_view=5582
info|2019-12-11 02:35:42.521763|[g:1][CONSENSUS][SEALER]++++++++++++++++ Generating seal on,blkNum=1,tx=0,nodeIdx=2,hash=e130677b...
info|2019-12-11 02:35:42.529642|[g:1][CONSENSUS][PBFT]checkTimeout Succ,view=5582,toView=5583,nodeIdx=2,changeCycle=0,myNode=b5a2d0a7...,timecost=2.979
info|2019-12-11 02:35:42.530589|[g:1][CONSENSUS][PBFT]checkAndChangeView: Reach consensus,org_view=5582,org_changeCycle=0,cur_changeCycle=0,to_view=5583
info|2019-12-11 02:35:43.531368|[g:1][CONSENSUS]addRawPrepare,height=1,reqIdx=3,hash=5e7be060...
info|2019-12-11 02:35:43.537197|[g:1][CONSENSUS][PBFT]checkTimeout Succ,view=5583,toView=5584,nodeIdx=2,changeCycle=0,myNode=b5a2d0a7...,timecost=2.633
info|2019-12-11 02:35:43.539118|[g:1][CONSENSUS][PBFT]checkAndChangeView: Reach consensus,org_view=5583,org_changeCycle=0,cur_changeCycle=0,to_view=5584
info|2019-12-11 02:35:44.537890|[g:1][CONSENSUS]addRawPrepare,height=1,reqIdx=0,hash=2b4b3955...
info|2019-12-11 02:35:44.538990|[g:1][CONSENSUS][PBFT]checkTimeout Succ,view=5584,toView=5585,nodeIdx=2,changeCycle=0,myNode=b5a2d0a7...,timecost=0.856
info|2019-12-11 02:35:44.541804|[g:1][CONSENSUS][PBFT]checkAndChangeView: Reach consensus,org_view=5584,org_changeCycle=0,cur_changeCycle=0,to_view=5585
