info|2019-12-14 05:19:57.015186|[P2P][Service] heartBeat,connected count=3
warning|2019-12-14 05:19:57.020760|[g:1][CONSENSUS][PBFT]ViewChangeWarning: not caused by omit empty block ,v=2941,toV=2942,curNum=475,hash=ad338c6e...,nodeIdx=2,myNode=b5a2d0a7...
info|2019-12-14 05:19:57.020920|[g:1][CONSENSUS][PBFT]checkTimeout Succ,view=2941,toView=2942,nodeIdx=2,changeCycle=1,myNode=b5a2d0a7...,timecost=0.6
info|2019-12-14 05:19:57.027015|[g:1][CONSENSUS][PBFT]checkAndChangeView: Reach consensus,org_view=2941,org_changeCycle=1,cur_changeCycle=1,to_view=2942
info|2019-12-14 05:19:58.029203|[g:1][CONSENSUS]addRawPrepare,height=476,reqIdx=1,hash=655d37de...
info|2019-12-14 05:19:58.029723|[g:1][CONSENSUS][PBFT]checkTimeout Succ,view=2942,toView=2943,nodeIdx=2,changeCycle=0,myNode=b5a2d0a7...,timecost=0.402
info|2019-12-14 05:19:58.030799|[g:1][CONSENSUS][PBFT]checkAndChangeView: Reach consensus,org_view=2942,org_changeCycle=0,cur_changeCycle=0,to_view=2943
info|2019-12-14 05:19:59.030811|[g:1][CONSENSUS][SEALER]++++++++++++++++ Generating seal on,blkNum=476,tx=0,nodeIdx=2,hash=29d5ed13...
info|2019-12-14 05:19:59.031918|[g:1][CONSENSUS][PBFT]checkTimeout Succ,view=2943,toView=2944,nodeIdx=2,changeCycle=0,myNode=b5a2d0a7...,timecost=0.469
info|2019-12-14 05:19:59.035401|[g:1][CONSENSUS][PBFT]checkAndChangeView: Reach consensus,org_view=2943,org_changeCycle=0,cur_changeCycle=0,to_view=2944
info|2019-12-14 05:20:00.041332|[g:1][CONSENSUS]addRawPrepare,height=476,reqIdx=3,hash=43963b68...
info|2019-12-14 05:20:00.042521|[g:1][CONSENSUS][PBFT]checkTimeout Succ,view=2944,toView=2945,nodeIdx=2,changeCycle=0,myNode=b5a2d0a7...,timecost=0.938
info|2019-12-14 05:20:00.047022|[g:1][CONSENSUS][PBFT]checkAndChangeView: Reach consensus,org_view=2944,org_changeCycle=0,cur_changeCycle=0,to_view=2945
info|2019-12-14 05:20:01.048253|[g:1][CONSENSUS]addRawPrepare,height=476,reqIdx=0,hash=2134db28...
info|2019-12-14 05:20:01.049168|[g:1][CONSENSUS][PBFT]checkTimeout Succ,view=2945,toView=2946,nodeIdx=2,changeCycle=0,myNode=b5a2d0a7...,timecost=0.589
info|2019-12-14 05:20:01.051616|[g:1][CONSENSUS][PBFT]checkAndChangeView: Reach consensus,org_view=2945,org_changeCycle=0,cur_changeCycle=0,to_view=2946
info|2019-12-14 05:20:02.053716|[g:1][CONSENSUS]addRawPrepare,height=476,reqIdx=1,hash=92ad9a4d...
info|2019-12-14 05:20:02.054862|[g:1][CONSENSUS][PBFT]checkTimeout Succ,view=2946,toView=2947,nodeIdx=2,changeCycle=0,myNode=b5a2d0a7...,timecost=0.926
info|2019-12-14 05:20:02.061178|[g:1][CONSENSUS][PBFT]checkAndChangeView: Reach consensus,org_view=2946,org_changeCycle=0,cur_changeCycle=0,to_view=2947
info|2019-12-14 05:20:03.062330|[g:1][CONSENSUS][SEALER]++++++++++++++++ Generating seal on,blkNum=476,tx=0,nodeIdx=2,hash=64bc3998...
info|2019-12-14 05:20:03.063670|[g:1][CONSENSUS][PBFT]checkTimeout Succ,view=2947,toView=2948,nodeIdx=2,changeCycle=0,myNode=b5a2d0a7...,timecost=0.813
info|2019-12-14 05:20:03.069950|[g:1][CONSENSUS][PBFT]checkAndChangeView: Reach consensus,org_view=2947,org_changeCycle=0,cur_changeCycle=0,to_view=2948
info|2019-12-14 05:20:04.072218|[g:1][CONSENSUS]addRawPrepare,height=476,reqIdx=3,hash=61f1e5ea...
info|2019-12-14 05:20:04.073402|[g:1][CONSENSUS][PBFT]checkTimeout Succ,view=2948,toView=2949,nodeIdx=2,changeCycle=0,myNode=b5a2d0a7...,timecost=0.909
info|2019-12-14 05:20:04.079164|[g:1][CONSENSUS][PBFT]checkAndChangeView: Reach consensus,org_view=2948,org_changeCycle=0,cur_changeCycle=0,to_view=2949
info|2019-12-14 05:20:05.079732|[g:1][CONSENSUS]addRawPrepare,height=476,reqIdx=0,hash=9f23283b...
info|2019-12-14 05:20:05.080872|[g:1][CONSENSUS][PBFT]checkTimeout Succ,view=2949,toView=2950,nodeIdx=2,changeCycle=0,myNode=b5a2d0a7...,timecost=0.953
info|2019-12-14 05:20:05.084335|[g:1][CONSENSUS][PBFT]checkAndChangeView: Reach consensus,org_view=2949,org_changeCycle=0,cur_changeCycle=0,to_view=2950
info|2019-12-14 05:20:06.086658|[g:1][CONSENSUS]addRawPrepare,height=476,reqIdx=1,hash=de290c9e...
info|2019-12-14 05:20:06.087942|[g:1][CONSENSUS][PBFT]checkTimeout Succ,view=2950,toView=2951,nodeIdx=2,changeCycle=0,myNode=b5a2d0a7...,timecost=1.028
info|2019-12-14 05:20:06.091705|[g:1][CONSENSUS][PBFT]checkAndChangeView: Reach consensus,org_view=2950,org_changeCycle=0,cur_changeCycle=0,to_view=2951
info|2019-12-14 05:20:07.025288|[P2P][Service] heartBeat,connected count=3
info|2019-12-14 05:20:07.091535|[g:1][CONSENSUS][SEALER]++++++++++++++++ Generating seal on,blkNum=476,tx=0,nodeIdx=2,hash=b321bb28...
info|2019-12-14 05:20:07.093070|[g:1][CONSENSUS][PBFT]checkTimeout Succ,view=2951,toView=2952,nodeIdx=2,changeCycle=0,myNode=b5a2d0a7...,timecost=0.89
info|2019-12-14 05:20:07.099940|[g:1][CONSENSUS][PBFT]checkAndChangeView: Reach consensus,org_view=2951,org_changeCycle=0,cur_changeCycle=0,to_view=2952
info|2019-12-14 05:20:08.102032|[g:1][CONSENSUS]addRawPrepare,height=476,reqIdx=3,hash=88018c29...
info|2019-12-14 05:20:08.103670|[g:1][CONSENSUS][PBFT]checkTimeout Succ,view=2952,toView=2953,nodeIdx=2,changeCycle=0,myNode=b5a2d0a7...,timecost=1.396
info|2019-12-14 05:20:08.106801|[g:1][CONSENSUS][PBFT]checkAndChangeView: Reach consensus,org_view=2952,org_changeCycle=0,cur_changeCycle=0,to_view=2953
info|2019-12-14 05:20:09.113270|[g:1][CONSENSUS]addRawPrepare,height=476,reqIdx=0,hash=f65dc689...
info|2019-12-14 05:20:09.119277|[g:1][CONSENSUS][PBFT]checkTimeout Succ,view=2953,toView=2954,nodeIdx=2,changeCycle=0,myNode=b5a2d0a7...,timecost=5.757
info|2019-12-14 05:20:09.121236|[g:1][CONSENSUS][PBFT]checkAndChangeView: Reach consensus,org_view=2953,org_changeCycle=0,cur_changeCycle=0,to_view=2954
info|2019-12-14 05:20:10.120963|[g:1][CONSENSUS]addRawPrepare,height=476,reqIdx=1,hash=9cddfcb5...
info|2019-12-14 05:20:10.122175|[g:1][CONSENSUS][PBFT]checkTimeout Succ,view=2954,toView=2955,nodeIdx=2,changeCycle=0,myNode=b5a2d0a7...,timecost=0.848
info|2019-12-14 05:20:10.126642|[g:1][CONSENSUS][PBFT]checkAndChangeView: Reach consensus,org_view=2954,org_changeCycle=0,cur_changeCycle=0,to_view=2955
info|2019-12-14 05:20:11.126202|[g:1][CONSENSUS][SEALER]++++++++++++++++ Generating seal on,blkNum=476,tx=0,nodeIdx=2,hash=9fd378b0...
info|2019-12-14 05:20:11.130984|[g:1][CONSENSUS][PBFT]checkTimeout Succ,view=2955,toView=2956,nodeIdx=2,changeCycle=0,myNode=b5a2d0a7...,timecost=0.986
info|2019-12-14 05:20:11.133493|[g:1][CONSENSUS][PBFT]checkAndChangeView: Reach consensus,org_view=2955,org_changeCycle=0,cur_changeCycle=0,to_view=2956
info|2019-12-14 05:20:12.136167|[g:1][CONSENSUS]addRawPrepare,height=476,reqIdx=3,hash=cbe78571...
info|2019-12-14 05:20:12.137922|[g:1][CONSENSUS][PBFT]checkTimeout Succ,view=2956,toView=2957,nodeIdx=2,changeCycle=0,myNode=b5a2d0a7...,timecost=1.486
info|2019-12-14 05:20:12.143228|[g:1][CONSENSUS][PBFT]checkAndChangeView: Reach consensus,org_view=2956,org_changeCycle=0,cur_changeCycle=0,to_view=2957
info|2019-12-14 05:20:13.145399|[g:1][CONSENSUS]addRawPrepare,height=476,reqIdx=0,hash=1ab990db...
info|2019-12-14 05:20:13.146467|[g:1][CONSENSUS][PBFT]checkTimeout Succ,view=2957,toView=2958,nodeIdx=2,changeCycle=0,myNode=b5a2d0a7...,timecost=0.814
info|2019-12-14 05:20:13.149258|[g:1][CONSENSUS][PBFT]checkAndChangeView: Reach consensus,org_view=2957,org_changeCycle=0,cur_changeCycle=0,to_view=2958
info|2019-12-14 05:20:14.154285|[g:1][CONSENSUS]addRawPrepare,height=476,reqIdx=1,hash=ead34dc5...
info|2019-12-14 05:20:14.155540|[g:1][CONSENSUS][PBFT]checkTimeout Succ,view=2958,toView=2959,nodeIdx=2,changeCycle=0,myNode=b5a2d0a7...,timecost=0.876
info|2019-12-14 05:20:14.158427|[g:1][CONSENSUS][PBFT]checkAndChangeView: Reach consensus,org_view=2958,org_changeCycle=0,cur_changeCycle=0,to_view=2959
info|2019-12-14 05:20:15.159284|[g:1][CONSENSUS][SEALER]++++++++++++++++ Generating seal on,blkNum=476,tx=0,nodeIdx=2,hash=b1ea1c2f...
info|2019-12-14 05:20:15.164442|[g:1][CONSENSUS][PBFT]checkTimeout Succ,view=2959,toView=2960,nodeIdx=2,changeCycle=0,myNode=b5a2d0a7...,timecost=0.839
info|2019-12-14 05:20:15.167108|[g:1][CONSENSUS][PBFT]checkAndChangeView: Reach consensus,org_view=2959,org_changeCycle=0,cur_changeCycle=0,to_view=2960
info|2019-12-14 05:20:16.170944|[g:1][CONSENSUS]addRawPrepare,height=476,reqIdx=3,hash=e2ee5246...
info|2019-12-14 05:20:16.172150|[g:1][CONSENSUS][PBFT]checkTimeout Succ,view=2960,toView=2961,nodeIdx=2,changeCycle=0,myNode=b5a2d0a7...,timecost=0.851
info|2019-12-14 05:20:16.174556|[g:1][CONSENSUS][PBFT]checkAndChangeView: Reach consensus,org_view=2960,org_changeCycle=0,cur_changeCycle=0,to_view=2961
info|2019-12-14 05:20:17.032102|[P2P][Service] heartBeat,connected count=3
info|2019-12-14 05:20:17.177331|[g:1][CONSENSUS]addRawPrepare,height=476,reqIdx=0,hash=3265bb9a...
info|2019-12-14 05:20:17.179690|[g:1][CONSENSUS][PBFT]checkTimeout Succ,view=2961,toView=2962,nodeIdx=2,changeCycle=0,myNode=b5a2d0a7...,timecost=2.1
info|2019-12-14 05:20:17.183441|[g:1][CONSENSUS][PBFT]checkAndChangeView: Reach consensus,org_view=2961,org_changeCycle=0,cur_changeCycle=0,to_view=2962
info|2019-12-14 05:20:18.185650|[g:1][CONSENSUS]addRawPrepare,height=476,reqIdx=1,hash=d2334c66...
info|2019-12-14 05:20:18.187069|[g:1][CONSENSUS][PBFT]checkTimeout Succ,view=2962,toView=2963,nodeIdx=2,changeCycle=0,myNode=b5a2d0a7...,timecost=1.145
info|2019-12-14 05:20:18.191748|[g:1][CONSENSUS][PBFT]checkAndChangeView: Reach consensus,org_view=2962,org_changeCycle=0,cur_changeCycle=0,to_view=2963
info|2019-12-14 05:20:19.192210|[g:1][CONSENSUS][SEALER]++++++++++++++++ Generating seal on,blkNum=476,tx=0,nodeIdx=2,hash=32e4713b...
info|2019-12-14 05:20:19.193467|[g:1][CONSENSUS][PBFT]checkTimeout Succ,view=2963,toView=2964,nodeIdx=2,changeCycle=0,myNode=b5a2d0a7...,timecost=0.826
info|2019-12-14 05:20:19.198176|[g:1][CONSENSUS][PBFT]checkAndChangeView: Reach consensus,org_view=2963,org_changeCycle=0,cur_changeCycle=0,to_view=2964
info|2019-12-14 05:20:20.201336|[g:1][CONSENSUS]addRawPrepare,height=476,reqIdx=3,hash=c2a6db74...
info|2019-12-14 05:20:20.204374|[g:1][CONSENSUS][PBFT]checkTimeout Succ,view=2964,toView=2965,nodeIdx=2,changeCycle=0,myNode=b5a2d0a7...,timecost=2.709
info|2019-12-14 05:20:20.206877|[g:1][CONSENSUS][PBFT]checkAndChangeView: Reach consensus,org_view=2964,org_changeCycle=0,cur_changeCycle=0,to_view=2965
info|2019-12-14 05:20:21.208658|[g:1][CONSENSUS]addRawPrepare,height=476,reqIdx=0,hash=1d129095...
info|2019-12-14 05:20:21.209801|[g:1][CONSENSUS][PBFT]checkTimeout Succ,view=2965,toView=2966,nodeIdx=2,changeCycle=0,myNode=b5a2d0a7...,timecost=0.88
info|2019-12-14 05:20:21.213762|[g:1][CONSENSUS][PBFT]checkAndChangeView: Reach consensus,org_view=2965,org_changeCycle=0,cur_changeCycle=0,to_view=2966
info|2019-12-14 05:20:22.217822|[g:1][CONSENSUS]addRawPrepare,height=476,reqIdx=1,hash=b4cd0f7f...
info|2019-12-14 05:20:22.219635|[g:1][CONSENSUS][PBFT]checkTimeout Succ,view=2966,toView=2967,nodeIdx=2,changeCycle=0,myNode=b5a2d0a7...,timecost=1.227
info|2019-12-14 05:20:22.222004|[g:1][CONSENSUS][PBFT]checkAndChangeView: Reach consensus,org_view=2966,org_changeCycle=0,cur_changeCycle=0,to_view=2967
info|2019-12-14 05:20:23.223881|[g:1][CONSENSUS][SEALER]++++++++++++++++ Generating seal on,blkNum=476,tx=0,nodeIdx=2,hash=5087a1e0...
info|2019-12-14 05:20:23.225310|[g:1][CONSENSUS][PBFT]checkTimeout Succ,view=2967,toView=2968,nodeIdx=2,changeCycle=0,myNode=b5a2d0a7...,timecost=0.901
info|2019-12-14 05:20:23.230993|[g:1][CONSENSUS][PBFT]checkAndChangeView: Reach consensus,org_view=2967,org_changeCycle=0,cur_changeCycle=0,to_view=2968
info|2019-12-14 05:20:24.233364|[g:1][CONSENSUS]addRawPrepare,height=476,reqIdx=3,hash=648f3b6a...
info|2019-12-14 05:20:24.234365|[g:1][CONSENSUS][PBFT]checkTimeout Succ,view=2968,toView=2969,nodeIdx=2,changeCycle=0,myNode=b5a2d0a7...,timecost=0.754
info|2019-12-14 05:20:24.237377|[g:1][CONSENSUS][PBFT]checkAndChangeView: Reach consensus,org_view=2968,org_changeCycle=0,cur_changeCycle=0,to_view=2969
info|2019-12-14 05:20:25.241036|[g:1][CONSENSUS]addRawPrepare,height=476,reqIdx=0,hash=78a8e0dd...
info|2019-12-14 05:20:25.242077|[g:1][CONSENSUS][PBFT]checkTimeout Succ,view=2969,toView=2970,nodeIdx=2,changeCycle=0,myNode=b5a2d0a7...,timecost=0.735
info|2019-12-14 05:20:25.245379|[g:1][CONSENSUS][PBFT]checkAndChangeView: Reach consensus,org_view=2969,org_changeCycle=0,cur_changeCycle=0,to_view=2970
info|2019-12-14 05:20:26.248255|[g:1][CONSENSUS]addRawPrepare,height=476,reqIdx=1,hash=d7c962f0...
info|2019-12-14 05:20:26.249548|[g:1][CONSENSUS][PBFT]checkTimeout Succ,view=2970,toView=2971,nodeIdx=2,changeCycle=0,myNode=b5a2d0a7...,timecost=1.067
info|2019-12-14 05:20:26.254805|[g:1][CONSENSUS][PBFT]checkAndChangeView: Reach consensus,org_view=2970,org_changeCycle=0,cur_changeCycle=0,to_view=2971
info|2019-12-14 05:20:27.035499|[P2P][Service] heartBeat,connected count=3
info|2019-12-14 05:20:27.255348|[g:1][CONSENSUS][SEALER]++++++++++++++++ Generating seal on,blkNum=476,tx=0,nodeIdx=2,hash=eda31e7a...
info|2019-12-14 05:20:27.262712|[g:1][CONSENSUS][PBFT]checkTimeout Succ,view=2971,toView=2972,nodeIdx=2,changeCycle=0,myNode=b5a2d0a7...,timecost=0.915
info|2019-12-14 05:20:27.264874|[g:1][CONSENSUS][PBFT]checkAndChangeView: Reach consensus,org_view=2971,org_changeCycle=0,cur_changeCycle=0,to_view=2972
info|2019-12-14 05:20:28.270578|[g:1][CONSENSUS]addRawPrepare,height=476,reqIdx=3,hash=cfbbeb95...
info|2019-12-14 05:20:28.271569|[g:1][CONSENSUS][PBFT]checkTimeout Succ,view=2972,toView=2973,nodeIdx=2,changeCycle=0,myNode=b5a2d0a7...,timecost=0.754
info|2019-12-14 05:20:28.275026|[g:1][CONSENSUS][PBFT]checkAndChangeView: Reach consensus,org_view=2972,org_changeCycle=0,cur_changeCycle=0,to_view=2973
info|2019-12-14 05:20:29.277797|[g:1][CONSENSUS]addRawPrepare,height=476,reqIdx=0,hash=59fbb2a4...
info|2019-12-14 05:20:29.278666|[g:1][CONSENSUS][PBFT]checkTimeout Succ,view=2973,toView=2974,nodeIdx=2,changeCycle=0,myNode=b5a2d0a7...,timecost=0.662
info|2019-12-14 05:20:29.280370|[g:1][CONSENSUS][PBFT]checkAndChangeView: Reach consensus,org_view=2973,org_changeCycle=0,cur_changeCycle=0,to_view=2974
info|2019-12-14 05:20:30.282532|[g:1][CONSENSUS]addRawPrepare,height=476,reqIdx=1,hash=f0edb312...
info|2019-12-14 05:20:30.283467|[g:1][CONSENSUS][PBFT]checkTimeout Succ,view=2974,toView=2975,nodeIdx=2,changeCycle=0,myNode=b5a2d0a7...,timecost=0.726
info|2019-12-14 05:20:30.289625|[g:1][CONSENSUS][PBFT]checkAndChangeView: Reach consensus,org_view=2974,org_changeCycle=0,cur_changeCycle=0,to_view=2975
info|2019-12-14 05:20:31.290970|[g:1][CONSENSUS][SEALER]++++++++++++++++ Generating seal on,blkNum=476,tx=0,nodeIdx=2,hash=663e4e6a...
info|2019-12-14 05:20:31.296457|[g:1][CONSENSUS][PBFT]checkTimeout Succ,view=2975,toView=2976,nodeIdx=2,changeCycle=0,myNode=b5a2d0a7...,timecost=1.218
info|2019-12-14 05:20:31.297238|[g:1][CONSENSUS][PBFT]checkAndChangeView: Reach consensus,org_view=2975,org_changeCycle=0,cur_changeCycle=0,to_view=2976
info|2019-12-14 05:20:32.300372|[g:1][CONSENSUS]addRawPrepare,height=476,reqIdx=3,hash=205d7655...
info|2019-12-14 05:20:32.301483|[g:1][CONSENSUS][PBFT]checkTimeout Succ,view=2976,toView=2977,nodeIdx=2,changeCycle=0,myNode=b5a2d0a7...,timecost=0.871
info|2019-12-14 05:20:32.305554|[g:1][CONSENSUS][PBFT]checkAndChangeView: Reach consensus,org_view=2976,org_changeCycle=0,cur_changeCycle=0,to_view=2977
info|2019-12-14 05:20:33.311162|[g:1][CONSENSUS]addRawPrepare,height=476,reqIdx=0,hash=6ad2a1bf...
info|2019-12-14 05:20:33.312432|[g:1][CONSENSUS][PBFT]checkTimeout Succ,view=2977,toView=2978,nodeIdx=2,changeCycle=0,myNode=b5a2d0a7...,timecost=0.785
info|2019-12-14 05:20:33.316935|[g:1][CONSENSUS][PBFT]checkAndChangeView: Reach consensus,org_view=2977,org_changeCycle=0,cur_changeCycle=0,to_view=2978
info|2019-12-14 05:20:34.317949|[g:1][CONSENSUS]addRawPrepare,height=476,reqIdx=1,hash=1e315c25...
info|2019-12-14 05:20:34.318896|[g:1][CONSENSUS][PBFT]checkTimeout Succ,view=2978,toView=2979,nodeIdx=2,changeCycle=0,myNode=b5a2d0a7...,timecost=0.734
info|2019-12-14 05:20:34.323893|[g:1][CONSENSUS][PBFT]checkAndChangeView: Reach consensus,org_view=2978,org_changeCycle=0,cur_changeCycle=0,to_view=2979
info|2019-12-14 05:20:35.324097|[g:1][CONSENSUS][SEALER]++++++++++++++++ Generating seal on,blkNum=476,tx=0,nodeIdx=2,hash=2b90e16a...
info|2019-12-14 05:20:35.325467|[g:1][CONSENSUS][PBFT]checkTimeout Succ,view=2979,toView=2980,nodeIdx=2,changeCycle=0,myNode=b5a2d0a7...,timecost=0.847
info|2019-12-14 05:20:35.332360|[g:1][CONSENSUS][PBFT]checkAndChangeView: Reach consensus,org_view=2979,org_changeCycle=0,cur_changeCycle=0,to_view=2980
info|2019-12-14 05:20:36.333863|[g:1][CONSENSUS]addRawPrepare,height=476,reqIdx=3,hash=22d6109f...
info|2019-12-14 05:20:36.334944|[g:1][CONSENSUS][PBFT]checkTimeout Succ,view=2980,toView=2981,nodeIdx=2,changeCycle=0,myNode=b5a2d0a7...,timecost=0.836
info|2019-12-14 05:20:36.338130|[g:1][CONSENSUS][PBFT]checkAndChangeView: Reach consensus,org_view=2980,org_changeCycle=0,cur_changeCycle=0,to_view=2981
info|2019-12-14 05:20:37.040438|[P2P][Service] heartBeat,connected count=3
info|2019-12-14 05:20:37.340164|[g:1][CONSENSUS]addRawPrepare,height=476,reqIdx=0,hash=1621c509...
info|2019-12-14 05:20:37.341120|[g:1][CONSENSUS][PBFT]checkTimeout Succ,view=2981,toView=2982,nodeIdx=2,changeCycle=0,myNode=b5a2d0a7...,timecost=0.719
info|2019-12-14 05:20:37.346894|[g:1][CONSENSUS][PBFT]checkAndChangeView: Reach consensus,org_view=2981,org_changeCycle=0,cur_changeCycle=0,to_view=2982
info|2019-12-14 05:20:38.345399|[g:1][CONSENSUS]addRawPrepare,height=476,reqIdx=1,hash=9c64916d...
info|2019-12-14 05:20:38.345886|[g:1][CONSENSUS][PBFT]checkTimeout Succ,view=2982,toView=2983,nodeIdx=2,changeCycle=0,myNode=b5a2d0a7...,timecost=0.351
info|2019-12-14 05:20:38.348128|[g:1][CONSENSUS][PBFT]checkAndChangeView: Reach consensus,org_view=2982,org_changeCycle=0,cur_changeCycle=0,to_view=2983
info|2019-12-14 05:20:39.348470|[g:1][CONSENSUS][SEALER]++++++++++++++++ Generating seal on,blkNum=476,tx=0,nodeIdx=2,hash=bb014628...
info|2019-12-14 05:20:39.353731|[g:1][CONSENSUS][PBFT]checkTimeout Succ,view=2983,toView=2984,nodeIdx=2,changeCycle=0,myNode=b5a2d0a7...,timecost=1.161
info|2019-12-14 05:20:39.357509|[g:1][CONSENSUS][PBFT]checkAndChangeView: Reach consensus,org_view=2983,org_changeCycle=0,cur_changeCycle=0,to_view=2984
info|2019-12-14 05:20:40.360973|[g:1][CONSENSUS]addRawPrepare,height=476,reqIdx=3,hash=8432c637...
info|2019-12-14 05:20:40.362337|[g:1][CONSENSUS][PBFT]checkTimeout Succ,view=2984,toView=2985,nodeIdx=2,changeCycle=0,myNode=b5a2d0a7...,timecost=0.999
info|2019-12-14 05:20:40.365942|[g:1][CONSENSUS][PBFT]checkAndChangeView: Reach consensus,org_view=2984,org_changeCycle=0,cur_changeCycle=0,to_view=2985
info|2019-12-14 05:20:41.368765|[g:1][CONSENSUS]addRawPrepare,height=476,reqIdx=0,hash=76c80888...
info|2019-12-14 05:20:41.369852|[g:1][CONSENSUS][PBFT]checkTimeout Succ,view=2985,toView=2986,nodeIdx=2,changeCycle=0,myNode=b5a2d0a7...,timecost=0.895
info|2019-12-14 05:20:41.373821|[g:1][CONSENSUS][PBFT]checkAndChangeView: Reach consensus,org_view=2985,org_changeCycle=0,cur_changeCycle=0,to_view=2986
info|2019-12-14 05:20:42.378748|[g:1][CONSENSUS]addRawPrepare,height=476,reqIdx=1,hash=a161a969...
info|2019-12-14 05:20:42.381361|[g:1][CONSENSUS][PBFT]checkTimeout Succ,view=2986,toView=2987,nodeIdx=2,changeCycle=0,myNode=b5a2d0a7...,timecost=2.272
info|2019-12-14 05:20:42.384125|[g:1][CONSENSUS][PBFT]checkAndChangeView: Reach consensus,org_view=2986,org_changeCycle=0,cur_changeCycle=0,to_view=2987
info|2019-12-14 05:20:43.385647|[g:1][CONSENSUS][SEALER]++++++++++++++++ Generating seal on,blkNum=476,tx=0,nodeIdx=2,hash=18d2729f...
info|2019-12-14 05:20:43.386867|[g:1][CONSENSUS][PBFT]checkTimeout Succ,view=2987,toView=2988,nodeIdx=2,changeCycle=0,myNode=b5a2d0a7...,timecost=0.679
info|2019-12-14 05:20:43.390987|[g:1][CONSENSUS][PBFT]checkAndChangeView: Reach consensus,org_view=2987,org_changeCycle=0,cur_changeCycle=0,to_view=2988
info|2019-12-14 05:20:44.393896|[g:1][CONSENSUS]addRawPrepare,height=476,reqIdx=3,hash=3d09e803...
info|2019-12-14 05:20:44.395893|[g:1][CONSENSUS][PBFT]checkTimeout Succ,view=2988,toView=2989,nodeIdx=2,changeCycle=0,myNode=b5a2d0a7...,timecost=1.718
info|2019-12-14 05:20:44.398543|[g:1][CONSENSUS][PBFT]checkAndChangeView: Reach consensus,org_view=2988,org_changeCycle=0,cur_changeCycle=0,to_view=2989
info|2019-12-14 05:20:45.398802|[g:1][CONSENSUS]addRawPrepare,height=476,reqIdx=0,hash=7fc0ffb5...
info|2019-12-14 05:20:45.399903|[g:1][CONSENSUS][PBFT]checkTimeout Succ,view=2989,toView=2990,nodeIdx=2,changeCycle=0,myNode=b5a2d0a7...,timecost=0.875
info|2019-12-14 05:20:45.404796|[g:1][CONSENSUS][PBFT]checkAndChangeView: Reach consensus,org_view=2989,org_changeCycle=0,cur_changeCycle=0,to_view=2990
info|2019-12-14 05:20:46.406661|[g:1][CONSENSUS]addRawPrepare,height=476,reqIdx=1,hash=c0144e3c...
info|2019-12-14 05:20:46.407779|[g:1][CONSENSUS][PBFT]checkTimeout Succ,view=2990,toView=2991,nodeIdx=2,changeCycle=0,myNode=b5a2d0a7...,timecost=0.815
info|2019-12-14 05:20:46.412782|[g:1][CONSENSUS][PBFT]checkAndChangeView: Reach consensus,org_view=2990,org_changeCycle=0,cur_changeCycle=0,to_view=2991
info|2019-12-14 05:20:47.046552|[P2P][Service] heartBeat,connected count=3
info|2019-12-14 05:20:47.412716|[g:1][CONSENSUS][SEALER]++++++++++++++++ Generating seal on,blkNum=476,tx=0,nodeIdx=2,hash=b3b08b37...
info|2019-12-14 05:20:47.413901|[g:1][CONSENSUS][PBFT]checkTimeout Succ,view=2991,toView=2992,nodeIdx=2,changeCycle=0,myNode=b5a2d0a7...,timecost=0.701
info|2019-12-14 05:20:47.420263|[g:1][CONSENSUS][PBFT]checkAndChangeView: Reach consensus,org_view=2991,org_changeCycle=0,cur_changeCycle=0,to_view=2992
info|2019-12-14 05:20:48.423523|[g:1][CONSENSUS]addRawPrepare,height=476,reqIdx=3,hash=fee6e78b...
info|2019-12-14 05:20:48.424826|[g:1][CONSENSUS][PBFT]checkTimeout Succ,view=2992,toView=2993,nodeIdx=2,changeCycle=0,myNode=b5a2d0a7...,timecost=0.942
info|2019-12-14 05:20:48.428944|[g:1][CONSENSUS][PBFT]checkAndChangeView: Reach consensus,org_view=2992,org_changeCycle=0,cur_changeCycle=0,to_view=2993
