info|2019-12-12 05:04:33.008107|[P2P][Service] heartBeat,connected count=3
warning|2019-12-12 05:04:33.012583|[g:1][CONSENSUS][PBFT]ViewChangeWarning: not caused by omit empty block ,v=2161,toV=2162,curNum=11,hash=9b39b6b9...,nodeIdx=2,myNode=b5a2d0a7...
info|2019-12-12 05:04:33.012702|[g:1][CONSENSUS][PBFT]checkTimeout Succ,view=2161,toView=2162,nodeIdx=2,changeCycle=1,myNode=b5a2d0a7...,timecost=0.41
info|2019-12-12 05:04:33.020379|[g:1][CONSENSUS][PBFT]checkAndChangeView: Reach consensus,org_view=2161,org_changeCycle=1,cur_changeCycle=1,to_view=2162
info|2019-12-12 05:04:34.022342|[g:1][CONSENSUS]addRawPrepare,height=12,reqIdx=1,hash=cfdbd940...
info|2019-12-12 05:04:34.023214|[g:1][CONSENSUS][PBFT]checkTimeout Succ,view=2162,toView=2163,nodeIdx=2,changeCycle=0,myNode=b5a2d0a7...,timecost=0.739
info|2019-12-12 05:04:34.024916|[g:1][CONSENSUS][PBFT]checkAndChangeView: Reach consensus,org_view=2162,org_changeCycle=0,cur_changeCycle=0,to_view=2163
info|2019-12-12 05:04:35.025774|[g:1][CONSENSUS][SEALER]++++++++++++++++ Generating seal on,blkNum=12,tx=0,nodeIdx=2,hash=b5fe8556...
info|2019-12-12 05:04:35.027087|[g:1][CONSENSUS][PBFT]checkTimeout Succ,view=2163,toView=2164,nodeIdx=2,changeCycle=0,myNode=b5a2d0a7...,timecost=0.794
info|2019-12-12 05:04:35.033762|[g:1][CONSENSUS][PBFT]checkAndChangeView: Reach consensus,org_view=2163,org_changeCycle=0,cur_changeCycle=0,to_view=2164
info|2019-12-12 05:04:36.036434|[g:1][CONSENSUS]addRawPrepare,height=12,reqIdx=3,hash=349e3d38...
info|2019-12-12 05:04:36.037785|[g:1][CONSENSUS][PBFT]checkTimeout Succ,view=2164,toView=2165,nodeIdx=2,changeCycle=0,myNode=b5a2d0a7...,timecost=0.82
info|2019-12-12 05:04:36.041196|[g:1][CONSENSUS][PBFT]checkAndChangeView: Reach consensus,org_view=2164,org_changeCycle=0,cur_changeCycle=0,to_view=2165
info|2019-12-12 05:04:37.044379|[g:1][CONSENSUS]addRawPrepare,height=12,reqIdx=0,hash=720da6e3...
info|2019-12-12 05:04:37.045424|[g:1][CONSENSUS][PBFT]checkTimeout Succ,view=2165,toView=2166,nodeIdx=2,changeCycle=0,myNode=b5a2d0a7...,timecost=0.792
info|2019-12-12 05:04:37.050390|[g:1][CONSENSUS][PBFT]checkAndChangeView: Reach consensus,org_view=2165,org_changeCycle=0,cur_changeCycle=0,to_view=2166
info|2019-12-12 05:04:38.050599|[g:1][CONSENSUS]addRawPrepare,height=12,reqIdx=1,hash=8c30a8d0...
info|2019-12-12 05:04:38.053439|[g:1][CONSENSUS][PBFT]checkTimeout Succ,view=2166,toView=2167,nodeIdx=2,changeCycle=0,myNode=b5a2d0a7...,timecost=2.291
info|2019-12-12 05:04:38.059228|[g:1][CONSENSUS][PBFT]checkAndChangeView: Reach consensus,org_view=2166,org_changeCycle=0,cur_changeCycle=0,to_view=2167
info|2019-12-12 05:04:39.059710|[g:1][CONSENSUS][SEALER]++++++++++++++++ Generating seal on,blkNum=12,tx=0,nodeIdx=2,hash=5b6bb54a...
info|2019-12-12 05:04:39.066178|[g:1][CONSENSUS][PBFT]checkTimeout Succ,view=2167,toView=2168,nodeIdx=2,changeCycle=0,myNode=b5a2d0a7...,timecost=0.748
info|2019-12-12 05:04:39.067596|[g:1][CONSENSUS][PBFT]checkAndChangeView: Reach consensus,org_view=2167,org_changeCycle=0,cur_changeCycle=0,to_view=2168
info|2019-12-12 05:04:40.069769|[g:1][CONSENSUS]addRawPrepare,height=12,reqIdx=3,hash=3819abb5...
info|2019-12-12 05:04:40.072048|[g:1][CONSENSUS][PBFT]checkTimeout Succ,view=2168,toView=2169,nodeIdx=2,changeCycle=0,myNode=b5a2d0a7...,timecost=2.034
info|2019-12-12 05:04:40.075170|[g:1][CONSENSUS][PBFT]checkAndChangeView: Reach consensus,org_view=2168,org_changeCycle=0,cur_changeCycle=0,to_view=2169
info|2019-12-12 05:04:41.078602|[g:1][CONSENSUS]addRawPrepare,height=12,reqIdx=0,hash=43ecacee...
info|2019-12-12 05:04:41.081030|[g:1][CONSENSUS][PBFT]checkTimeout Succ,view=2169,toView=2170,nodeIdx=2,changeCycle=0,myNode=b5a2d0a7...,timecost=2.022
info|2019-12-12 05:04:41.083491|[g:1][CONSENSUS][PBFT]checkAndChangeView: Reach consensus,org_view=2169,org_changeCycle=0,cur_changeCycle=0,to_view=2170
info|2019-12-12 05:04:42.086660|[g:1][CONSENSUS]addRawPrepare,height=12,reqIdx=1,hash=cf52f764...
info|2019-12-12 05:04:42.089408|[g:1][CONSENSUS][PBFT]checkTimeout Succ,view=2170,toView=2171,nodeIdx=2,changeCycle=0,myNode=b5a2d0a7...,timecost=2.013
info|2019-12-12 05:04:42.092409|[g:1][CONSENSUS][PBFT]checkAndChangeView: Reach consensus,org_view=2170,org_changeCycle=0,cur_changeCycle=0,to_view=2171
info|2019-12-12 05:04:43.010292|[P2P][Service] heartBeat,connected count=3
info|2019-12-12 05:04:43.093730|[g:1][CONSENSUS][SEALER]++++++++++++++++ Generating seal on,blkNum=12,tx=0,nodeIdx=2,hash=3b7527cf...
info|2019-12-12 05:04:43.099792|[g:1][CONSENSUS][PBFT]checkTimeout Succ,view=2171,toView=2172,nodeIdx=2,changeCycle=0,myNode=b5a2d0a7...,timecost=1.429
info|2019-12-12 05:04:43.102220|[g:1][CONSENSUS][PBFT]checkAndChangeView: Reach consensus,org_view=2171,org_changeCycle=0,cur_changeCycle=0,to_view=2172
info|2019-12-12 05:04:44.106129|[g:1][CONSENSUS]addRawPrepare,height=12,reqIdx=3,hash=cb1c8060...
info|2019-12-12 05:04:44.109346|[g:1][CONSENSUS][PBFT]checkTimeout Succ,view=2172,toView=2173,nodeIdx=2,changeCycle=0,myNode=b5a2d0a7...,timecost=2.956
info|2019-12-12 05:04:44.112178|[g:1][CONSENSUS][PBFT]checkAndChangeView: Reach consensus,org_view=2172,org_changeCycle=0,cur_changeCycle=0,to_view=2173
info|2019-12-12 05:04:45.114151|[g:1][CONSENSUS]addRawPrepare,height=12,reqIdx=0,hash=92328b96...
info|2019-12-12 05:04:45.117937|[g:1][CONSENSUS][PBFT]checkTimeout Succ,view=2173,toView=2174,nodeIdx=2,changeCycle=0,myNode=b5a2d0a7...,timecost=3.294
info|2019-12-12 05:04:45.120516|[g:1][CONSENSUS][PBFT]checkAndChangeView: Reach consensus,org_view=2173,org_changeCycle=0,cur_changeCycle=0,to_view=2174
info|2019-12-12 05:04:46.120835|[g:1][CONSENSUS]addRawPrepare,height=12,reqIdx=1,hash=b580436b...
info|2019-12-12 05:04:46.124710|[g:1][CONSENSUS][PBFT]checkTimeout Succ,view=2174,toView=2175,nodeIdx=2,changeCycle=0,myNode=b5a2d0a7...,timecost=3.594
info|2019-12-12 05:04:46.127346|[g:1][CONSENSUS][PBFT]checkAndChangeView: Reach consensus,org_view=2174,org_changeCycle=0,cur_changeCycle=0,to_view=2175
info|2019-12-12 05:04:47.128329|[g:1][CONSENSUS][SEALER]++++++++++++++++ Generating seal on,blkNum=12,tx=0,nodeIdx=2,hash=4fbd2af5...
info|2019-12-12 05:04:47.132893|[g:1][CONSENSUS][PBFT]checkTimeout Succ,view=2175,toView=2176,nodeIdx=2,changeCycle=0,myNode=b5a2d0a7...,timecost=0.862
info|2019-12-12 05:04:47.135480|[g:1][CONSENSUS][PBFT]checkAndChangeView: Reach consensus,org_view=2175,org_changeCycle=0,cur_changeCycle=0,to_view=2176
info|2019-12-12 05:04:48.139541|[g:1][CONSENSUS]addRawPrepare,height=12,reqIdx=3,hash=de949964...
info|2019-12-12 05:04:48.142674|[g:1][CONSENSUS][PBFT]checkTimeout Succ,view=2176,toView=2177,nodeIdx=2,changeCycle=0,myNode=b5a2d0a7...,timecost=2.894
info|2019-12-12 05:04:48.145286|[g:1][CONSENSUS][PBFT]checkAndChangeView: Reach consensus,org_view=2176,org_changeCycle=0,cur_changeCycle=0,to_view=2177
info|2019-12-12 05:04:49.149811|[g:1][CONSENSUS]addRawPrepare,height=12,reqIdx=0,hash=5af1b4a1...
info|2019-12-12 05:04:49.152702|[g:1][CONSENSUS][PBFT]checkTimeout Succ,view=2177,toView=2178,nodeIdx=2,changeCycle=0,myNode=b5a2d0a7...,timecost=2.675
info|2019-12-12 05:04:49.155784|[g:1][CONSENSUS][PBFT]checkAndChangeView: Reach consensus,org_view=2177,org_changeCycle=0,cur_changeCycle=0,to_view=2178
info|2019-12-12 05:04:50.156114|[g:1][CONSENSUS]addRawPrepare,height=12,reqIdx=1,hash=bfd75585...
info|2019-12-12 05:04:50.157208|[g:1][CONSENSUS][PBFT]checkTimeout Succ,view=2178,toView=2179,nodeIdx=2,changeCycle=0,myNode=b5a2d0a7...,timecost=0.842
info|2019-12-12 05:04:50.161097|[g:1][CONSENSUS][PBFT]checkAndChangeView: Reach consensus,org_view=2178,org_changeCycle=0,cur_changeCycle=0,to_view=2179
info|2019-12-12 05:04:51.161853|[g:1][CONSENSUS][SEALER]++++++++++++++++ Generating seal on,blkNum=12,tx=0,nodeIdx=2,hash=895d2ccd...
info|2019-12-12 05:04:51.166547|[g:1][CONSENSUS][PBFT]checkTimeout Succ,view=2179,toView=2180,nodeIdx=2,changeCycle=0,myNode=b5a2d0a7...,timecost=0.752
info|2019-12-12 05:04:51.169324|[g:1][CONSENSUS][PBFT]checkAndChangeView: Reach consensus,org_view=2179,org_changeCycle=0,cur_changeCycle=0,to_view=2180
info|2019-12-12 05:04:52.173082|[g:1][CONSENSUS]addRawPrepare,height=12,reqIdx=3,hash=90b97dad...
info|2019-12-12 05:04:52.174269|[g:1][CONSENSUS][PBFT]checkTimeout Succ,view=2180,toView=2181,nodeIdx=2,changeCycle=0,myNode=b5a2d0a7...,timecost=0.928
info|2019-12-12 05:04:52.177732|[g:1][CONSENSUS][PBFT]checkAndChangeView: Reach consensus,org_view=2180,org_changeCycle=0,cur_changeCycle=0,to_view=2181
info|2019-12-12 05:04:53.015653|[P2P][Service] heartBeat,connected count=3
info|2019-12-12 05:04:53.179300|[g:1][CONSENSUS]addRawPrepare,height=12,reqIdx=0,hash=7b3e37d3...
info|2019-12-12 05:04:53.180713|[g:1][CONSENSUS][PBFT]checkTimeout Succ,view=2181,toView=2182,nodeIdx=2,changeCycle=0,myNode=b5a2d0a7...,timecost=1.2
info|2019-12-12 05:04:53.185765|[g:1][CONSENSUS][PBFT]checkAndChangeView: Reach consensus,org_view=2181,org_changeCycle=0,cur_changeCycle=0,to_view=2182
info|2019-12-12 05:04:54.189612|[g:1][CONSENSUS]addRawPrepare,height=12,reqIdx=1,hash=f60657fe...
info|2019-12-12 05:04:54.190882|[g:1][CONSENSUS][PBFT]checkTimeout Succ,view=2182,toView=2183,nodeIdx=2,changeCycle=0,myNode=b5a2d0a7...,timecost=1.066
info|2019-12-12 05:04:54.196212|[g:1][CONSENSUS][PBFT]checkAndChangeView: Reach consensus,org_view=2182,org_changeCycle=0,cur_changeCycle=0,to_view=2183
info|2019-12-12 05:04:55.196237|[g:1][CONSENSUS][SEALER]++++++++++++++++ Generating seal on,blkNum=12,tx=0,nodeIdx=2,hash=e4455436...
info|2019-12-12 05:04:55.197426|[g:1][CONSENSUS][PBFT]checkTimeout Succ,view=2183,toView=2184,nodeIdx=2,changeCycle=0,myNode=b5a2d0a7...,timecost=0.703
info|2019-12-12 05:04:55.202279|[g:1][CONSENSUS][PBFT]checkAndChangeView: Reach consensus,org_view=2183,org_changeCycle=0,cur_changeCycle=0,to_view=2184
info|2019-12-12 05:04:56.203435|[g:1][CONSENSUS]addRawPrepare,height=12,reqIdx=3,hash=bceb4b62...
info|2019-12-12 05:04:56.205285|[g:1][CONSENSUS][PBFT]checkTimeout Succ,view=2184,toView=2185,nodeIdx=2,changeCycle=0,myNode=b5a2d0a7...,timecost=1.427
info|2019-12-12 05:04:56.209968|[g:1][CONSENSUS][PBFT]checkAndChangeView: Reach consensus,org_view=2184,org_changeCycle=0,cur_changeCycle=0,to_view=2185
info|2019-12-12 05:04:57.210349|[g:1][CONSENSUS]addRawPrepare,height=12,reqIdx=0,hash=120bbd45...
info|2019-12-12 05:04:57.212512|[g:1][CONSENSUS][PBFT]checkTimeout Succ,view=2185,toView=2186,nodeIdx=2,changeCycle=0,myNode=b5a2d0a7...,timecost=1.915
info|2019-12-12 05:04:57.215194|[g:1][CONSENSUS][PBFT]checkAndChangeView: Reach consensus,org_view=2185,org_changeCycle=0,cur_changeCycle=0,to_view=2186
info|2019-12-12 05:04:58.218877|[g:1][CONSENSUS]addRawPrepare,height=12,reqIdx=1,hash=5ed47764...
info|2019-12-12 05:04:58.222012|[g:1][CONSENSUS][PBFT]checkTimeout Succ,view=2186,toView=2187,nodeIdx=2,changeCycle=0,myNode=b5a2d0a7...,timecost=2.875
info|2019-12-12 05:04:58.224803|[g:1][CONSENSUS][PBFT]checkAndChangeView: Reach consensus,org_view=2186,org_changeCycle=0,cur_changeCycle=0,to_view=2187
info|2019-12-12 05:04:59.224558|[g:1][CONSENSUS][SEALER]++++++++++++++++ Generating seal on,blkNum=12,tx=0,nodeIdx=2,hash=02148edf...
info|2019-12-12 05:04:59.225980|[g:1][CONSENSUS][PBFT]checkTimeout Succ,view=2187,toView=2188,nodeIdx=2,changeCycle=0,myNode=b5a2d0a7...,timecost=0.905
info|2019-12-12 05:04:59.232788|[g:1][CONSENSUS][PBFT]checkAndChangeView: Reach consensus,org_view=2187,org_changeCycle=0,cur_changeCycle=0,to_view=2188
info|2019-12-12 05:05:00.234599|[g:1][CONSENSUS]addRawPrepare,height=12,reqIdx=3,hash=f64f75f6...
info|2019-12-12 05:05:00.235856|[g:1][CONSENSUS][PBFT]checkTimeout Succ,view=2188,toView=2189,nodeIdx=2,changeCycle=0,myNode=b5a2d0a7...,timecost=0.815
info|2019-12-12 05:05:00.238336|[g:1][CONSENSUS][PBFT]checkAndChangeView: Reach consensus,org_view=2188,org_changeCycle=0,cur_changeCycle=0,to_view=2189
info|2019-12-12 05:05:01.240852|[g:1][CONSENSUS]addRawPrepare,height=12,reqIdx=0,hash=f4c2012b...
info|2019-12-12 05:05:01.242843|[g:1][CONSENSUS][PBFT]checkTimeout Succ,view=2189,toView=2190,nodeIdx=2,changeCycle=0,myNode=b5a2d0a7...,timecost=1.343
info|2019-12-12 05:05:01.245780|[g:1][CONSENSUS][PBFT]checkAndChangeView: Reach consensus,org_view=2189,org_changeCycle=0,cur_changeCycle=0,to_view=2190
info|2019-12-12 05:05:02.248509|[g:1][CONSENSUS]addRawPrepare,height=12,reqIdx=1,hash=c0c5fb8f...
info|2019-12-12 05:05:02.249570|[g:1][CONSENSUS][PBFT]checkTimeout Succ,view=2190,toView=2191,nodeIdx=2,changeCycle=0,myNode=b5a2d0a7...,timecost=0.813
info|2019-12-12 05:05:02.252877|[g:1][CONSENSUS][PBFT]checkAndChangeView: Reach consensus,org_view=2190,org_changeCycle=0,cur_changeCycle=0,to_view=2191
info|2019-12-12 05:05:03.019988|[P2P][Service] heartBeat,connected count=3
info|2019-12-12 05:05:03.252871|[g:1][CONSENSUS][SEALER]++++++++++++++++ Generating seal on,blkNum=12,tx=0,nodeIdx=2,hash=d0462d8d...
info|2019-12-12 05:05:03.261042|[g:1][CONSENSUS][PBFT]checkTimeout Succ,view=2191,toView=2192,nodeIdx=2,changeCycle=0,myNode=b5a2d0a7...,timecost=0.808
info|2019-12-12 05:05:03.262104|[g:1][CONSENSUS][PBFT]checkAndChangeView: Reach consensus,org_view=2191,org_changeCycle=0,cur_changeCycle=0,to_view=2192
info|2019-12-12 05:05:04.262144|[g:1][CONSENSUS]addRawPrepare,height=12,reqIdx=3,hash=fbe18cd0...
info|2019-12-12 05:05:04.263176|[g:1][CONSENSUS][PBFT]checkTimeout Succ,view=2192,toView=2193,nodeIdx=2,changeCycle=0,myNode=b5a2d0a7...,timecost=0.814
info|2019-12-12 05:05:04.269071|[g:1][CONSENSUS][PBFT]checkAndChangeView: Reach consensus,org_view=2192,org_changeCycle=0,cur_changeCycle=0,to_view=2193
info|2019-12-12 05:05:05.270143|[g:1][CONSENSUS]addRawPrepare,height=12,reqIdx=0,hash=12a952f1...
info|2019-12-12 05:05:05.274589|[g:1][CONSENSUS][PBFT]checkTimeout Succ,view=2193,toView=2194,nodeIdx=2,changeCycle=0,myNode=b5a2d0a7...,timecost=3.907
info|2019-12-12 05:05:05.277100|[g:1][CONSENSUS][PBFT]checkAndChangeView: Reach consensus,org_view=2193,org_changeCycle=0,cur_changeCycle=0,to_view=2194
info|2019-12-12 05:05:06.278491|[g:1][CONSENSUS]addRawPrepare,height=12,reqIdx=1,hash=1ef6e114...
info|2019-12-12 05:05:06.280753|[g:1][CONSENSUS][PBFT]checkTimeout Succ,view=2194,toView=2195,nodeIdx=2,changeCycle=0,myNode=b5a2d0a7...,timecost=1.789
info|2019-12-12 05:05:06.283594|[g:1][CONSENSUS][PBFT]checkAndChangeView: Reach consensus,org_view=2194,org_changeCycle=0,cur_changeCycle=0,to_view=2195
info|2019-12-12 05:05:07.283622|[g:1][CONSENSUS][SEALER]++++++++++++++++ Generating seal on,blkNum=12,tx=0,nodeIdx=2,hash=be7ca4e7...
info|2019-12-12 05:05:07.285057|[g:1][CONSENSUS][PBFT]checkTimeout Succ,view=2195,toView=2196,nodeIdx=2,changeCycle=0,myNode=b5a2d0a7...,timecost=0.893
info|2019-12-12 05:05:07.291252|[g:1][CONSENSUS][PBFT]checkAndChangeView: Reach consensus,org_view=2195,org_changeCycle=0,cur_changeCycle=0,to_view=2196
info|2019-12-12 05:05:08.294097|[g:1][CONSENSUS]addRawPrepare,height=12,reqIdx=3,hash=d32ad0e9...
info|2019-12-12 05:05:08.295174|[g:1][CONSENSUS][PBFT]checkTimeout Succ,view=2196,toView=2197,nodeIdx=2,changeCycle=0,myNode=b5a2d0a7...,timecost=0.859
info|2019-12-12 05:05:08.299312|[g:1][CONSENSUS][PBFT]checkAndChangeView: Reach consensus,org_view=2196,org_changeCycle=0,cur_changeCycle=0,to_view=2197
info|2019-12-12 05:05:09.303975|[g:1][CONSENSUS]addRawPrepare,height=12,reqIdx=0,hash=75c4f8e3...
info|2019-12-12 05:05:09.305868|[g:1][CONSENSUS][PBFT]checkTimeout Succ,view=2197,toView=2198,nodeIdx=2,changeCycle=0,myNode=b5a2d0a7...,timecost=1.523
info|2019-12-12 05:05:09.308594|[g:1][CONSENSUS][PBFT]checkAndChangeView: Reach consensus,org_view=2197,org_changeCycle=0,cur_changeCycle=0,to_view=2198
info|2019-12-12 05:05:10.313938|[g:1][CONSENSUS]addRawPrepare,height=12,reqIdx=1,hash=2eb7d46a...
info|2019-12-12 05:05:10.315028|[g:1][CONSENSUS][PBFT]checkTimeout Succ,view=2198,toView=2199,nodeIdx=2,changeCycle=0,myNode=b5a2d0a7...,timecost=0.734
info|2019-12-12 05:05:10.318814|[g:1][CONSENSUS][PBFT]checkAndChangeView: Reach consensus,org_view=2198,org_changeCycle=0,cur_changeCycle=0,to_view=2199
info|2019-12-12 05:05:11.319764|[g:1][CONSENSUS][SEALER]++++++++++++++++ Generating seal on,blkNum=12,tx=0,nodeIdx=2,hash=ac4f36c8...
info|2019-12-12 05:05:11.321080|[g:1][CONSENSUS][PBFT]checkTimeout Succ,view=2199,toView=2200,nodeIdx=2,changeCycle=0,myNode=b5a2d0a7...,timecost=0.765
info|2019-12-12 05:05:11.327700|[g:1][CONSENSUS][PBFT]checkAndChangeView: Reach consensus,org_view=2199,org_changeCycle=0,cur_changeCycle=0,to_view=2200
info|2019-12-12 05:05:12.328021|[g:1][CONSENSUS]addRawPrepare,height=12,reqIdx=3,hash=9c30a5b2...
info|2019-12-12 05:05:12.329477|[g:1][CONSENSUS][PBFT]checkTimeout Succ,view=2200,toView=2201,nodeIdx=2,changeCycle=0,myNode=b5a2d0a7...,timecost=1.212
info|2019-12-12 05:05:12.334962|[g:1][CONSENSUS][PBFT]checkAndChangeView: Reach consensus,org_view=2200,org_changeCycle=0,cur_changeCycle=0,to_view=2201
info|2019-12-12 05:05:13.025850|[P2P][Service] heartBeat,connected count=3
info|2019-12-12 05:05:13.335262|[g:1][CONSENSUS]addRawPrepare,height=12,reqIdx=0,hash=ba5fb37a...
info|2019-12-12 05:05:13.338326|[g:1][CONSENSUS][PBFT]checkTimeout Succ,view=2201,toView=2202,nodeIdx=2,changeCycle=0,myNode=b5a2d0a7...,timecost=2.71
info|2019-12-12 05:05:13.342609|[g:1][CONSENSUS][PBFT]checkAndChangeView: Reach consensus,org_view=2201,org_changeCycle=0,cur_changeCycle=0,to_view=2202
info|2019-12-12 05:05:14.343738|[g:1][CONSENSUS]addRawPrepare,height=12,reqIdx=1,hash=7135c5ee...
info|2019-12-12 05:05:14.345058|[g:1][CONSENSUS][PBFT]checkTimeout Succ,view=2202,toView=2203,nodeIdx=2,changeCycle=0,myNode=b5a2d0a7...,timecost=0.713
info|2019-12-12 05:05:14.348529|[g:1][CONSENSUS][PBFT]checkAndChangeView: Reach consensus,org_view=2202,org_changeCycle=0,cur_changeCycle=0,to_view=2203
info|2019-12-12 05:05:15.348589|[g:1][CONSENSUS][SEALER]++++++++++++++++ Generating seal on,blkNum=12,tx=0,nodeIdx=2,hash=e037e210...
info|2019-12-12 05:05:15.350134|[g:1][CONSENSUS][PBFT]checkTimeout Succ,view=2203,toView=2204,nodeIdx=2,changeCycle=0,myNode=b5a2d0a7...,timecost=0.922
info|2019-12-12 05:05:15.356867|[g:1][CONSENSUS][PBFT]checkAndChangeView: Reach consensus,org_view=2203,org_changeCycle=0,cur_changeCycle=0,to_view=2204
info|2019-12-12 05:05:16.358816|[g:1][CONSENSUS]addRawPrepare,height=12,reqIdx=3,hash=b555b657...
info|2019-12-12 05:05:16.363683|[g:1][CONSENSUS][PBFT]checkTimeout Succ,view=2204,toView=2205,nodeIdx=2,changeCycle=0,myNode=b5a2d0a7...,timecost=4.347
info|2019-12-12 05:05:16.365862|[g:1][CONSENSUS][PBFT]checkAndChangeView: Reach consensus,org_view=2204,org_changeCycle=0,cur_changeCycle=0,to_view=2205
info|2019-12-12 05:05:17.367151|[g:1][CONSENSUS]addRawPrepare,height=12,reqIdx=0,hash=5161f24a...
info|2019-12-12 05:05:17.368269|[g:1][CONSENSUS][PBFT]checkTimeout Succ,view=2205,toView=2206,nodeIdx=2,changeCycle=0,myNode=b5a2d0a7...,timecost=0.87
info|2019-12-12 05:05:17.371669|[g:1][CONSENSUS][PBFT]checkAndChangeView: Reach consensus,org_view=2205,org_changeCycle=0,cur_changeCycle=0,to_view=2206
info|2019-12-12 05:05:18.374653|[g:1][CONSENSUS]addRawPrepare,height=12,reqIdx=1,hash=11641ae6...
info|2019-12-12 05:05:18.376761|[g:1][CONSENSUS][PBFT]checkTimeout Succ,view=2206,toView=2207,nodeIdx=2,changeCycle=0,myNode=b5a2d0a7...,timecost=1.863
info|2019-12-12 05:05:18.379707|[g:1][CONSENSUS][PBFT]checkAndChangeView: Reach consensus,org_view=2206,org_changeCycle=0,cur_changeCycle=0,to_view=2207
info|2019-12-12 05:05:19.379503|[g:1][CONSENSUS][SEALER]++++++++++++++++ Generating seal on,blkNum=12,tx=0,nodeIdx=2,hash=7eb2333c...
info|2019-12-12 05:05:19.385858|[g:1][CONSENSUS][PBFT]checkTimeout Succ,view=2207,toView=2208,nodeIdx=2,changeCycle=0,myNode=b5a2d0a7...,timecost=1.203
info|2019-12-12 05:05:19.387167|[g:1][CONSENSUS][PBFT]checkAndChangeView: Reach consensus,org_view=2207,org_changeCycle=0,cur_changeCycle=0,to_view=2208
info|2019-12-12 05:05:20.392039|[g:1][CONSENSUS]addRawPrepare,height=12,reqIdx=3,hash=2c3cdd16...
info|2019-12-12 05:05:20.394741|[g:1][CONSENSUS][PBFT]checkTimeout Succ,view=2208,toView=2209,nodeIdx=2,changeCycle=0,myNode=b5a2d0a7...,timecost=0.974
info|2019-12-12 05:05:20.399017|[g:1][CONSENSUS][PBFT]checkAndChangeView: Reach consensus,org_view=2208,org_changeCycle=0,cur_changeCycle=0,to_view=2209
info|2019-12-12 05:05:21.399833|[g:1][CONSENSUS]addRawPrepare,height=12,reqIdx=0,hash=48098915...
info|2019-12-12 05:05:21.401396|[g:1][CONSENSUS][PBFT]checkTimeout Succ,view=2209,toView=2210,nodeIdx=2,changeCycle=0,myNode=b5a2d0a7...,timecost=1.348
info|2019-12-12 05:05:21.404020|[g:1][CONSENSUS][PBFT]checkAndChangeView: Reach consensus,org_view=2209,org_changeCycle=0,cur_changeCycle=0,to_view=2210
info|2019-12-12 05:05:22.409043|[g:1][CONSENSUS]addRawPrepare,height=12,reqIdx=1,hash=0e767ab2...
info|2019-12-12 05:05:22.410284|[g:1][CONSENSUS][PBFT]checkTimeout Succ,view=2210,toView=2211,nodeIdx=2,changeCycle=0,myNode=b5a2d0a7...,timecost=0.993
info|2019-12-12 05:05:22.414720|[g:1][CONSENSUS][PBFT]checkAndChangeView: Reach consensus,org_view=2210,org_changeCycle=0,cur_changeCycle=0,to_view=2211
info|2019-12-12 05:05:23.033826|[P2P][Service] heartBeat,connected count=3
info|2019-12-12 05:05:23.415541|[g:1][CONSENSUS][SEALER]++++++++++++++++ Generating seal on,blkNum=12,tx=0,nodeIdx=2,hash=b67cc59b...
info|2019-12-12 05:05:23.422787|[g:1][CONSENSUS][PBFT]checkTimeout Succ,view=2211,toView=2212,nodeIdx=2,changeCycle=0,myNode=b5a2d0a7...,timecost=1.282
info|2019-12-12 05:05:23.423999|[g:1][CONSENSUS][PBFT]checkAndChangeView: Reach consensus,org_view=2211,org_changeCycle=0,cur_changeCycle=0,to_view=2212
info|2019-12-12 05:05:24.428007|[g:1][CONSENSUS]addRawPrepare,height=12,reqIdx=3,hash=bdd7ba0c...
info|2019-12-12 05:05:24.429179|[g:1][CONSENSUS][PBFT]checkTimeout Succ,view=2212,toView=2213,nodeIdx=2,changeCycle=0,myNode=b5a2d0a7...,timecost=0.828
info|2019-12-12 05:05:24.434095|[g:1][CONSENSUS][PBFT]checkAndChangeView: Reach consensus,org_view=2212,org_changeCycle=0,cur_changeCycle=0,to_view=2213
info|2019-12-12 05:05:25.433511|[g:1][CONSENSUS]addRawPrepare,height=12,reqIdx=0,hash=325db3d1...
info|2019-12-12 05:05:25.434765|[g:1][CONSENSUS][PBFT]checkTimeout Succ,view=2213,toView=2214,nodeIdx=2,changeCycle=0,myNode=b5a2d0a7...,timecost=1.042
info|2019-12-12 05:05:25.439367|[g:1][CONSENSUS][PBFT]checkAndChangeView: Reach consensus,org_view=2213,org_changeCycle=0,cur_changeCycle=0,to_view=2214
