info|2019-12-11 04:35:26.013257|[P2P][Service] heartBeat,connected count=3
warning|2019-12-11 04:35:26.014971|[g:1][CONSENSUS][PBFT]ViewChangeWarning: not caused by omit empty block ,v=5585,toV=5586,curNum=0,hash=382ff964...,nodeIdx=2,myNode=b5a2d0a7...
info|2019-12-11 04:35:26.015131|[g:1][CONSENSUS][PBFT]checkTimeout Succ,view=5585,toView=5586,nodeIdx=2,changeCycle=1,myNode=b5a2d0a7...,timecost=0.437
info|2019-12-11 04:35:26.023793|[g:1][CONSENSUS][PBFT]checkAndChangeView: Reach consensus,org_view=5585,org_changeCycle=1,cur_changeCycle=1,to_view=5586
info|2019-12-11 04:35:27.023808|[g:1][CONSENSUS][SEALER]++++++++++++++++ Generating seal on,blkNum=1,tx=0,nodeIdx=2,hash=3d218b2f...
info|2019-12-11 04:35:27.024662|[g:1][CONSENSUS][PBFT]checkTimeout Succ,view=5586,toView=5587,nodeIdx=2,changeCycle=0,myNode=b5a2d0a7...,timecost=0.436
info|2019-12-11 04:35:27.028617|[g:1][CONSENSUS][PBFT]checkAndChangeView: Reach consensus,org_view=5586,org_changeCycle=0,cur_changeCycle=0,to_view=5587
info|2019-12-11 04:35:28.031728|[g:1][CONSENSUS]addRawPrepare,height=1,reqIdx=3,hash=9bc924fd...
info|2019-12-11 04:35:28.033779|[g:1][CONSENSUS][PBFT]checkTimeout Succ,view=5587,toView=5588,nodeIdx=2,changeCycle=0,myNode=b5a2d0a7...,timecost=1.809
info|2019-12-11 04:35:28.037937|[g:1][CONSENSUS][PBFT]checkAndChangeView: Reach consensus,org_view=5587,org_changeCycle=0,cur_changeCycle=0,to_view=5588
info|2019-12-11 04:35:29.040649|[g:1][CONSENSUS]addRawPrepare,height=1,reqIdx=0,hash=f8cee1c4...
info|2019-12-11 04:35:29.044538|[g:1][CONSENSUS][PBFT]checkTimeout Succ,view=5588,toView=5589,nodeIdx=2,changeCycle=0,myNode=b5a2d0a7...,timecost=3.668
info|2019-12-11 04:35:29.047257|[g:1][CONSENSUS][PBFT]checkAndChangeView: Reach consensus,org_view=5588,org_changeCycle=0,cur_changeCycle=0,to_view=5589
info|2019-12-11 04:35:30.046443|[g:1][CONSENSUS]addRawPrepare,height=1,reqIdx=1,hash=e05b6c07...
info|2019-12-11 04:35:30.047390|[g:1][CONSENSUS][PBFT]checkTimeout Succ,view=5589,toView=5590,nodeIdx=2,changeCycle=0,myNode=b5a2d0a7...,timecost=0.741
info|2019-12-11 04:35:30.052292|[g:1][CONSENSUS][PBFT]checkAndChangeView: Reach consensus,org_view=5589,org_changeCycle=0,cur_changeCycle=0,to_view=5590
info|2019-12-11 04:35:31.053712|[g:1][CONSENSUS][SEALER]++++++++++++++++ Generating seal on,blkNum=1,tx=0,nodeIdx=2,hash=cedd47a6...
info|2019-12-11 04:35:31.055271|[g:1][CONSENSUS][PBFT]checkTimeout Succ,view=5590,toView=5591,nodeIdx=2,changeCycle=0,myNode=b5a2d0a7...,timecost=0.87
info|2019-12-11 04:35:31.062020|[g:1][CONSENSUS][PBFT]checkAndChangeView: Reach consensus,org_view=5590,org_changeCycle=0,cur_changeCycle=0,to_view=5591
info|2019-12-11 04:35:32.066860|[g:1][CONSENSUS]addRawPrepare,height=1,reqIdx=3,hash=59cf7885...
info|2019-12-11 04:35:32.068184|[g:1][CONSENSUS][PBFT]checkTimeout Succ,view=5591,toView=5592,nodeIdx=2,changeCycle=0,myNode=b5a2d0a7...,timecost=0.857
info|2019-12-11 04:35:32.070727|[g:1][CONSENSUS][PBFT]checkAndChangeView: Reach consensus,org_view=5591,org_changeCycle=0,cur_changeCycle=0,to_view=5592
info|2019-12-11 04:35:33.074309|[g:1][CONSENSUS]addRawPrepare,height=1,reqIdx=0,hash=13143ae9...
info|2019-12-11 04:35:33.075300|[g:1][CONSENSUS][PBFT]checkTimeout Succ,view=5592,toView=5593,nodeIdx=2,changeCycle=0,myNode=b5a2d0a7...,timecost=0.789
info|2019-12-11 04:35:33.080327|[g:1][CONSENSUS][PBFT]checkAndChangeView: Reach consensus,org_view=5592,org_changeCycle=0,cur_changeCycle=0,to_view=5593
info|2019-12-11 04:35:34.083902|[g:1][CONSENSUS]addRawPrepare,height=1,reqIdx=1,hash=8923ac5b...
info|2019-12-11 04:35:34.084942|[g:1][CONSENSUS][PBFT]checkTimeout Succ,view=5593,toView=5594,nodeIdx=2,changeCycle=0,myNode=b5a2d0a7...,timecost=0.792
info|2019-12-11 04:35:34.089129|[g:1][CONSENSUS][PBFT]checkAndChangeView: Reach consensus,org_view=5593,org_changeCycle=0,cur_changeCycle=0,to_view=5594
info|2019-12-11 04:35:35.089756|[g:1][CONSENSUS][SEALER]++++++++++++++++ Generating seal on,blkNum=1,tx=0,nodeIdx=2,hash=825d6cd4...
info|2019-12-11 04:35:35.094349|[g:1][CONSENSUS][PBFT]checkTimeout Succ,view=5594,toView=5595,nodeIdx=2,changeCycle=0,myNode=b5a2d0a7...,timecost=0.755
info|2019-12-11 04:35:35.098041|[g:1][CONSENSUS][PBFT]checkAndChangeView: Reach consensus,org_view=5594,org_changeCycle=0,cur_changeCycle=0,to_view=5595
info|2019-12-11 04:35:36.020069|[P2P][Service] heartBeat,connected count=3
info|2019-12-11 04:35:36.100932|[g:1][CONSENSUS]addRawPrepare,height=1,reqIdx=3,hash=58d161d3...
info|2019-12-11 04:35:36.102955|[g:1][CONSENSUS][PBFT]checkTimeout Succ,view=5595,toView=5596,nodeIdx=2,changeCycle=0,myNode=b5a2d0a7...,timecost=1.496
info|2019-12-11 04:35:36.106530|[g:1][CONSENSUS][PBFT]checkAndChangeView: Reach consensus,org_view=5595,org_changeCycle=0,cur_changeCycle=0,to_view=5596
info|2019-12-11 04:35:37.110360|[g:1][CONSENSUS]addRawPrepare,height=1,reqIdx=0,hash=19564201...
info|2019-12-11 04:35:37.112166|[g:1][CONSENSUS][PBFT]checkTimeout Succ,view=5596,toView=5597,nodeIdx=2,changeCycle=0,myNode=b5a2d0a7...,timecost=0.841
info|2019-12-11 04:35:37.115430|[g:1][CONSENSUS][PBFT]checkAndChangeView: Reach consensus,org_view=5596,org_changeCycle=0,cur_changeCycle=0,to_view=5597
info|2019-12-11 04:35:38.119439|[g:1][CONSENSUS]addRawPrepare,height=1,reqIdx=1,hash=ba9b3606...
info|2019-12-11 04:35:38.121235|[g:1][CONSENSUS][PBFT]checkTimeout Succ,view=5597,toView=5598,nodeIdx=2,changeCycle=0,myNode=b5a2d0a7...,timecost=1.56
info|2019-12-11 04:35:38.124416|[g:1][CONSENSUS][PBFT]checkAndChangeView: Reach consensus,org_view=5597,org_changeCycle=0,cur_changeCycle=0,to_view=5598
info|2019-12-11 04:35:39.124433|[g:1][CONSENSUS][SEALER]++++++++++++++++ Generating seal on,blkNum=1,tx=0,nodeIdx=2,hash=6df517a1...
info|2019-12-11 04:35:39.129090|[g:1][CONSENSUS][PBFT]checkTimeout Succ,view=5598,toView=5599,nodeIdx=2,changeCycle=0,myNode=b5a2d0a7...,timecost=0.603
info|2019-12-11 04:35:39.129958|[g:1][CONSENSUS][PBFT]checkAndChangeView: Reach consensus,org_view=5598,org_changeCycle=0,cur_changeCycle=0,to_view=5599
info|2019-12-11 04:35:40.132409|[g:1][CONSENSUS]addRawPrepare,height=1,reqIdx=3,hash=6095621c...
info|2019-12-11 04:35:40.134498|[g:1][CONSENSUS][PBFT]checkTimeout Succ,view=5599,toView=5600,nodeIdx=2,changeCycle=0,myNode=b5a2d0a7...,timecost=1.055
info|2019-12-11 04:35:40.137038|[g:1][CONSENSUS][PBFT]checkAndChangeView: Reach consensus,org_view=5599,org_changeCycle=0,cur_changeCycle=0,to_view=5600
info|2019-12-11 04:35:41.140162|[g:1][CONSENSUS]addRawPrepare,height=1,reqIdx=0,hash=fb4904c7...
info|2019-12-11 04:35:41.144920|[g:1][CONSENSUS][PBFT]checkTimeout Succ,view=5600,toView=5601,nodeIdx=2,changeCycle=0,myNode=b5a2d0a7...,timecost=4.47
info|2019-12-11 04:35:41.148038|[g:1][CONSENSUS][PBFT]checkAndChangeView: Reach consensus,org_view=5600,org_changeCycle=0,cur_changeCycle=0,to_view=5601
info|2019-12-11 04:35:42.149245|[g:1][CONSENSUS]addRawPrepare,height=1,reqIdx=1,hash=59841af0...
info|2019-12-11 04:35:42.151522|[g:1][CONSENSUS][PBFT]checkTimeout Succ,view=5601,toView=5602,nodeIdx=2,changeCycle=0,myNode=b5a2d0a7...,timecost=2.048
info|2019-12-11 04:35:42.154332|[g:1][CONSENSUS][PBFT]checkAndChangeView: Reach consensus,org_view=5601,org_changeCycle=0,cur_changeCycle=0,to_view=5602
info|2019-12-11 04:35:43.154618|[g:1][CONSENSUS][SEALER]++++++++++++++++ Generating seal on,blkNum=1,tx=0,nodeIdx=2,hash=5ac198fe...
info|2019-12-11 04:35:43.162737|[g:1][CONSENSUS][PBFT]checkTimeout Succ,view=5602,toView=5603,nodeIdx=2,changeCycle=0,myNode=b5a2d0a7...,timecost=2.845
info|2019-12-11 04:35:43.163533|[g:1][CONSENSUS][PBFT]checkAndChangeView: Reach consensus,org_view=5602,org_changeCycle=0,cur_changeCycle=0,to_view=5603
info|2019-12-11 04:35:44.163505|[g:1][CONSENSUS]addRawPrepare,height=1,reqIdx=3,hash=7b3d6c82...
info|2019-12-11 04:35:44.167520|[g:1][CONSENSUS][PBFT]checkTimeout Succ,view=5603,toView=5604,nodeIdx=2,changeCycle=0,myNode=b5a2d0a7...,timecost=3.77
info|2019-12-11 04:35:44.170082|[g:1][CONSENSUS][PBFT]checkAndChangeView: Reach consensus,org_view=5603,org_changeCycle=0,cur_changeCycle=0,to_view=5604
info|2019-12-11 04:35:45.171316|[g:1][CONSENSUS]addRawPrepare,height=1,reqIdx=0,hash=3e2a6544...
info|2019-12-11 04:35:45.172279|[g:1][CONSENSUS][PBFT]checkTimeout Succ,view=5604,toView=5605,nodeIdx=2,changeCycle=0,myNode=b5a2d0a7...,timecost=0.757
info|2019-12-11 04:35:45.178140|[g:1][CONSENSUS][PBFT]checkAndChangeView: Reach consensus,org_view=5604,org_changeCycle=0,cur_changeCycle=0,to_view=5605
info|2019-12-11 04:35:46.024626|[P2P][Service] heartBeat,connected count=3
info|2019-12-11 04:35:46.180050|[g:1][CONSENSUS]addRawPrepare,height=1,reqIdx=1,hash=5cffed5c...
info|2019-12-11 04:35:46.181257|[g:1][CONSENSUS][PBFT]checkTimeout Succ,view=5605,toView=5606,nodeIdx=2,changeCycle=0,myNode=b5a2d0a7...,timecost=0.818
info|2019-12-11 04:35:46.187762|[g:1][CONSENSUS][PBFT]checkAndChangeView: Reach consensus,org_view=5605,org_changeCycle=0,cur_changeCycle=0,to_view=5606
info|2019-12-11 04:35:47.187915|[g:1][CONSENSUS][SEALER]++++++++++++++++ Generating seal on,blkNum=1,tx=0,nodeIdx=2,hash=564c6702...
info|2019-12-11 04:35:47.189249|[g:1][CONSENSUS][PBFT]checkTimeout Succ,view=5606,toView=5607,nodeIdx=2,changeCycle=0,myNode=b5a2d0a7...,timecost=0.819
info|2019-12-11 04:35:47.194828|[g:1][CONSENSUS][PBFT]checkAndChangeView: Reach consensus,org_view=5606,org_changeCycle=0,cur_changeCycle=0,to_view=5607
info|2019-12-11 04:35:48.197637|[g:1][CONSENSUS]addRawPrepare,height=1,reqIdx=3,hash=418d472e...
info|2019-12-11 04:35:48.199224|[g:1][CONSENSUS][PBFT]checkTimeout Succ,view=5607,toView=5608,nodeIdx=2,changeCycle=0,myNode=b5a2d0a7...,timecost=1.34
info|2019-12-11 04:35:48.201609|[g:1][CONSENSUS][PBFT]checkAndChangeView: Reach consensus,org_view=5607,org_changeCycle=0,cur_changeCycle=0,to_view=5608
info|2019-12-11 04:35:49.207987|[g:1][CONSENSUS]addRawPrepare,height=1,reqIdx=0,hash=81fdce28...
info|2019-12-11 04:35:49.209057|[g:1][CONSENSUS][PBFT]checkTimeout Succ,view=5608,toView=5609,nodeIdx=2,changeCycle=0,myNode=b5a2d0a7...,timecost=0.827
info|2019-12-11 04:35:49.212352|[g:1][CONSENSUS][PBFT]checkAndChangeView: Reach consensus,org_view=5608,org_changeCycle=0,cur_changeCycle=0,to_view=5609
info|2019-12-11 04:35:50.216139|[g:1][CONSENSUS]addRawPrepare,height=1,reqIdx=1,hash=681e118c...
info|2019-12-11 04:35:50.217452|[g:1][CONSENSUS][PBFT]checkTimeout Succ,view=5609,toView=5610,nodeIdx=2,changeCycle=0,myNode=b5a2d0a7...,timecost=1.111
info|2019-12-11 04:35:50.221854|[g:1][CONSENSUS][PBFT]checkAndChangeView: Reach consensus,org_view=5609,org_changeCycle=0,cur_changeCycle=0,to_view=5610
info|2019-12-11 04:35:51.221822|[g:1][CONSENSUS][SEALER]++++++++++++++++ Generating seal on,blkNum=1,tx=0,nodeIdx=2,hash=dbc6cb0a...
info|2019-12-11 04:35:51.223226|[g:1][CONSENSUS][PBFT]checkTimeout Succ,view=5610,toView=5611,nodeIdx=2,changeCycle=0,myNode=b5a2d0a7...,timecost=0.846
info|2019-12-11 04:35:51.229047|[g:1][CONSENSUS][PBFT]checkAndChangeView: Reach consensus,org_view=5610,org_changeCycle=0,cur_changeCycle=0,to_view=5611
info|2019-12-11 04:35:52.230880|[g:1][CONSENSUS]addRawPrepare,height=1,reqIdx=3,hash=db89c70b...
info|2019-12-11 04:35:52.231981|[g:1][CONSENSUS][PBFT]checkTimeout Succ,view=5611,toView=5612,nodeIdx=2,changeCycle=0,myNode=b5a2d0a7...,timecost=0.86
info|2019-12-11 04:35:52.236081|[g:1][CONSENSUS][PBFT]checkAndChangeView: Reach consensus,org_view=5611,org_changeCycle=0,cur_changeCycle=0,to_view=5612
info|2019-12-11 04:35:53.239202|[g:1][CONSENSUS]addRawPrepare,height=1,reqIdx=0,hash=dadf7313...
info|2019-12-11 04:35:53.241929|[g:1][CONSENSUS][PBFT]checkTimeout Succ,view=5612,toView=5613,nodeIdx=2,changeCycle=0,myNode=b5a2d0a7...,timecost=0.795
info|2019-12-11 04:35:53.244536|[g:1][CONSENSUS][PBFT]checkAndChangeView: Reach consensus,org_view=5612,org_changeCycle=0,cur_changeCycle=0,to_view=5613
info|2019-12-11 04:35:54.244896|[g:1][CONSENSUS]addRawPrepare,height=1,reqIdx=1,hash=0ccb7577...
info|2019-12-11 04:35:54.247725|[g:1][CONSENSUS][PBFT]checkTimeout Succ,view=5613,toView=5614,nodeIdx=2,changeCycle=0,myNode=b5a2d0a7...,timecost=2.589
info|2019-12-11 04:35:54.250326|[g:1][CONSENSUS][PBFT]checkAndChangeView: Reach consensus,org_view=5613,org_changeCycle=0,cur_changeCycle=0,to_view=5614
info|2019-12-11 04:35:55.251864|[g:1][CONSENSUS][SEALER]++++++++++++++++ Generating seal on,blkNum=1,tx=0,nodeIdx=2,hash=e5e4bd9f...
info|2019-12-11 04:35:55.253182|[g:1][CONSENSUS][PBFT]checkTimeout Succ,view=5614,toView=5615,nodeIdx=2,changeCycle=0,myNode=b5a2d0a7...,timecost=0.75
info|2019-12-11 04:35:55.260009|[g:1][CONSENSUS][PBFT]checkAndChangeView: Reach consensus,org_view=5614,org_changeCycle=0,cur_changeCycle=0,to_view=5615
info|2019-12-11 04:35:56.026184|[P2P][Service] heartBeat,connected count=3
info|2019-12-11 04:35:56.262920|[g:1][CONSENSUS]addRawPrepare,height=1,reqIdx=3,hash=9de4195f...
info|2019-12-11 04:35:56.264028|[g:1][CONSENSUS][PBFT]checkTimeout Succ,view=5615,toView=5616,nodeIdx=2,changeCycle=0,myNode=b5a2d0a7...,timecost=0.858
info|2019-12-11 04:35:56.268340|[g:1][CONSENSUS][PBFT]checkAndChangeView: Reach consensus,org_view=5615,org_changeCycle=0,cur_changeCycle=0,to_view=5616
info|2019-12-11 04:35:57.272669|[g:1][CONSENSUS]addRawPrepare,height=1,reqIdx=0,hash=7ab43ef5...
info|2019-12-11 04:35:57.277457|[g:1][CONSENSUS][PBFT]checkTimeout Succ,view=5616,toView=5617,nodeIdx=2,changeCycle=0,myNode=b5a2d0a7...,timecost=4.539
info|2019-12-11 04:35:57.279346|[g:1][CONSENSUS][PBFT]checkAndChangeView: Reach consensus,org_view=5616,org_changeCycle=0,cur_changeCycle=0,to_view=5617
info|2019-12-11 04:35:58.278601|[g:1][CONSENSUS]addRawPrepare,height=1,reqIdx=1,hash=639600bd...
info|2019-12-11 04:35:58.280095|[g:1][CONSENSUS][PBFT]checkTimeout Succ,view=5617,toView=5618,nodeIdx=2,changeCycle=0,myNode=b5a2d0a7...,timecost=1.14
info|2019-12-11 04:35:58.283014|[g:1][CONSENSUS][PBFT]checkAndChangeView: Reach consensus,org_view=5617,org_changeCycle=0,cur_changeCycle=0,to_view=5618
info|2019-12-11 04:35:59.284555|[g:1][CONSENSUS][SEALER]++++++++++++++++ Generating seal on,blkNum=1,tx=0,nodeIdx=2,hash=eac08e6c...
info|2019-12-11 04:35:59.292222|[g:1][CONSENSUS][PBFT]checkTimeout Succ,view=5618,toView=5619,nodeIdx=2,changeCycle=0,myNode=b5a2d0a7...,timecost=2.651
info|2019-12-11 04:35:59.293276|[g:1][CONSENSUS][PBFT]checkAndChangeView: Reach consensus,org_view=5618,org_changeCycle=0,cur_changeCycle=0,to_view=5619
info|2019-12-11 04:36:00.294881|[g:1][CONSENSUS]addRawPrepare,height=1,reqIdx=3,hash=e2470e19...
info|2019-12-11 04:36:00.296962|[g:1][CONSENSUS][PBFT]checkTimeout Succ,view=5619,toView=5620,nodeIdx=2,changeCycle=0,myNode=b5a2d0a7...,timecost=1.9
info|2019-12-11 04:36:00.300291|[g:1][CONSENSUS][PBFT]checkAndChangeView: Reach consensus,org_view=5619,org_changeCycle=0,cur_changeCycle=0,to_view=5620
info|2019-12-11 04:36:01.302580|[g:1][CONSENSUS]addRawPrepare,height=1,reqIdx=0,hash=eb48e717...
info|2019-12-11 04:36:01.303853|[g:1][CONSENSUS][PBFT]checkTimeout Succ,view=5620,toView=5621,nodeIdx=2,changeCycle=0,myNode=b5a2d0a7...,timecost=0.828
info|2019-12-11 04:36:01.307946|[g:1][CONSENSUS][PBFT]checkAndChangeView: Reach consensus,org_view=5620,org_changeCycle=0,cur_changeCycle=0,to_view=5621
info|2019-12-11 04:36:02.309739|[g:1][CONSENSUS]addRawPrepare,height=1,reqIdx=1,hash=68610859...
info|2019-12-11 04:36:02.311851|[g:1][CONSENSUS][PBFT]checkTimeout Succ,view=5621,toView=5622,nodeIdx=2,changeCycle=0,myNode=b5a2d0a7...,timecost=1.86
info|2019-12-11 04:36:02.314575|[g:1][CONSENSUS][PBFT]checkAndChangeView: Reach consensus,org_view=5621,org_changeCycle=0,cur_changeCycle=0,to_view=5622
info|2019-12-11 04:36:03.314713|[g:1][CONSENSUS][SEALER]++++++++++++++++ Generating seal on,blkNum=1,tx=0,nodeIdx=2,hash=c4de1596...
info|2019-12-11 04:36:03.316020|[g:1][CONSENSUS][PBFT]checkTimeout Succ,view=5622,toView=5623,nodeIdx=2,changeCycle=0,myNode=b5a2d0a7...,timecost=0.784
info|2019-12-11 04:36:03.322234|[g:1][CONSENSUS][PBFT]checkAndChangeView: Reach consensus,org_view=5622,org_changeCycle=0,cur_changeCycle=0,to_view=5623
info|2019-12-11 04:36:04.325802|[g:1][CONSENSUS]addRawPrepare,height=1,reqIdx=3,hash=1720d82c...
info|2019-12-11 04:36:04.327477|[g:1][CONSENSUS][PBFT]checkTimeout Succ,view=5623,toView=5624,nodeIdx=2,changeCycle=0,myNode=b5a2d0a7...,timecost=1.428
info|2019-12-11 04:36:04.330006|[g:1][CONSENSUS][PBFT]checkAndChangeView: Reach consensus,org_view=5623,org_changeCycle=0,cur_changeCycle=0,to_view=5624
info|2019-12-11 04:36:05.332888|[g:1][CONSENSUS]addRawPrepare,height=1,reqIdx=0,hash=fff092c7...
info|2019-12-11 04:36:05.335040|[g:1][CONSENSUS][PBFT]checkTimeout Succ,view=5624,toView=5625,nodeIdx=2,changeCycle=0,myNode=b5a2d0a7...,timecost=1.917
info|2019-12-11 04:36:05.337690|[g:1][CONSENSUS][PBFT]checkAndChangeView: Reach consensus,org_view=5624,org_changeCycle=0,cur_changeCycle=0,to_view=5625
info|2019-12-11 04:36:06.035989|[P2P][Service] heartBeat,connected count=3
info|2019-12-11 04:36:06.340664|[g:1][CONSENSUS]addRawPrepare,height=1,reqIdx=1,hash=d5f8602b...
info|2019-12-11 04:36:06.342136|[g:1][CONSENSUS][PBFT]checkTimeout Succ,view=5625,toView=5626,nodeIdx=2,changeCycle=0,myNode=b5a2d0a7...,timecost=1.028
info|2019-12-11 04:36:06.345192|[g:1][CONSENSUS][PBFT]checkAndChangeView: Reach consensus,org_view=5625,org_changeCycle=0,cur_changeCycle=0,to_view=5626
info|2019-12-11 04:36:07.346509|[g:1][CONSENSUS][SEALER]++++++++++++++++ Generating seal on,blkNum=1,tx=0,nodeIdx=2,hash=8e74880b...
info|2019-12-11 04:36:07.347909|[g:1][CONSENSUS][PBFT]checkTimeout Succ,view=5626,toView=5627,nodeIdx=2,changeCycle=0,myNode=b5a2d0a7...,timecost=0.832
info|2019-12-11 04:36:07.352935|[g:1][CONSENSUS][PBFT]checkAndChangeView: Reach consensus,org_view=5626,org_changeCycle=0,cur_changeCycle=0,to_view=5627
info|2019-12-11 04:36:08.356702|[g:1][CONSENSUS]addRawPrepare,height=1,reqIdx=3,hash=7d1a5121...
info|2019-12-11 04:36:08.358138|[g:1][CONSENSUS][PBFT]checkTimeout Succ,view=5627,toView=5628,nodeIdx=2,changeCycle=0,myNode=b5a2d0a7...,timecost=1.194
info|2019-12-11 04:36:08.360924|[g:1][CONSENSUS][PBFT]checkAndChangeView: Reach consensus,org_view=5627,org_changeCycle=0,cur_changeCycle=0,to_view=5628
info|2019-12-11 04:36:09.366945|[g:1][CONSENSUS]addRawPrepare,height=1,reqIdx=0,hash=2f6dd5a0...
info|2019-12-11 04:36:09.368107|[g:1][CONSENSUS][PBFT]checkTimeout Succ,view=5628,toView=5629,nodeIdx=2,changeCycle=0,myNode=b5a2d0a7...,timecost=0.86
info|2019-12-11 04:36:09.372493|[g:1][CONSENSUS][PBFT]checkAndChangeView: Reach consensus,org_view=5628,org_changeCycle=0,cur_changeCycle=0,to_view=5629
info|2019-12-11 04:36:10.374418|[g:1][CONSENSUS]addRawPrepare,height=1,reqIdx=1,hash=accafd18...
info|2019-12-11 04:36:10.375500|[g:1][CONSENSUS][PBFT]checkTimeout Succ,view=5629,toView=5630,nodeIdx=2,changeCycle=0,myNode=b5a2d0a7...,timecost=0.786
info|2019-12-11 04:36:10.380382|[g:1][CONSENSUS][PBFT]checkAndChangeView: Reach consensus,org_view=5629,org_changeCycle=0,cur_changeCycle=0,to_view=5630
info|2019-12-11 04:36:11.381163|[g:1][CONSENSUS][SEALER]++++++++++++++++ Generating seal on,blkNum=1,tx=0,nodeIdx=2,hash=ee414623...
info|2019-12-11 04:36:11.386566|[g:1][CONSENSUS][PBFT]checkTimeout Succ,view=5630,toView=5631,nodeIdx=2,changeCycle=0,myNode=b5a2d0a7...,timecost=0.931
info|2019-12-11 04:36:11.389244|[g:1][CONSENSUS][PBFT]checkAndChangeView: Reach consensus,org_view=5630,org_changeCycle=0,cur_changeCycle=0,to_view=5631
info|2019-12-11 04:36:12.392562|[g:1][CONSENSUS]addRawPrepare,height=1,reqIdx=3,hash=314d8f0d...
info|2019-12-11 04:36:12.393664|[g:1][CONSENSUS][PBFT]checkTimeout Succ,view=5631,toView=5632,nodeIdx=2,changeCycle=0,myNode=b5a2d0a7...,timecost=0.846
info|2019-12-11 04:36:12.397693|[g:1][CONSENSUS][PBFT]checkAndChangeView: Reach consensus,org_view=5631,org_changeCycle=0,cur_changeCycle=0,to_view=5632
info|2019-12-11 04:36:13.401611|[g:1][CONSENSUS]addRawPrepare,height=1,reqIdx=0,hash=e2954bf1...
info|2019-12-11 04:36:13.402706|[g:1][CONSENSUS][PBFT]checkTimeout Succ,view=5632,toView=5633,nodeIdx=2,changeCycle=0,myNode=b5a2d0a7...,timecost=0.942
info|2019-12-11 04:36:13.406801|[g:1][CONSENSUS][PBFT]checkAndChangeView: Reach consensus,org_view=5632,org_changeCycle=0,cur_changeCycle=0,to_view=5633
info|2019-12-11 04:36:14.408828|[g:1][CONSENSUS]addRawPrepare,height=1,reqIdx=1,hash=6b781b3b...
info|2019-12-11 04:36:14.409830|[g:1][CONSENSUS][PBFT]checkTimeout Succ,view=5633,toView=5634,nodeIdx=2,changeCycle=0,myNode=b5a2d0a7...,timecost=0.792
info|2019-12-11 04:36:14.415250|[g:1][CONSENSUS][PBFT]checkAndChangeView: Reach consensus,org_view=5633,org_changeCycle=0,cur_changeCycle=0,to_view=5634
info|2019-12-11 04:36:15.416088|[g:1][CONSENSUS][SEALER]++++++++++++++++ Generating seal on,blkNum=1,tx=0,nodeIdx=2,hash=0c03030b...
info|2019-12-11 04:36:15.417563|[g:1][CONSENSUS][PBFT]checkTimeout Succ,view=5634,toView=5635,nodeIdx=2,changeCycle=0,myNode=b5a2d0a7...,timecost=0.909
info|2019-12-11 04:36:15.423460|[g:1][CONSENSUS][PBFT]checkAndChangeView: Reach consensus,org_view=5634,org_changeCycle=0,cur_changeCycle=0,to_view=5635
info|2019-12-11 04:36:16.039635|[P2P][Service] heartBeat,connected count=3
info|2019-12-11 04:36:16.424766|[g:1][CONSENSUS]addRawPrepare,height=1,reqIdx=3,hash=c223a25a...
info|2019-12-11 04:36:16.426240|[g:1][CONSENSUS][PBFT]checkTimeout Succ,view=5635,toView=5636,nodeIdx=2,changeCycle=0,myNode=b5a2d0a7...,timecost=0.854
info|2019-12-11 04:36:16.431499|[g:1][CONSENSUS][PBFT]checkAndChangeView: Reach consensus,org_view=5635,org_changeCycle=0,cur_changeCycle=0,to_view=5636
info|2019-12-11 04:36:17.433777|[g:1][CONSENSUS]addRawPrepare,height=1,reqIdx=0,hash=938e622b...
info|2019-12-11 04:36:17.437015|[g:1][CONSENSUS][PBFT]checkTimeout Succ,view=5636,toView=5637,nodeIdx=2,changeCycle=0,myNode=b5a2d0a7...,timecost=2.799
info|2019-12-11 04:36:17.439827|[g:1][CONSENSUS][PBFT]checkAndChangeView: Reach consensus,org_view=5636,org_changeCycle=0,cur_changeCycle=0,to_view=5637
info|2019-12-11 04:36:18.440144|[g:1][CONSENSUS]addRawPrepare,height=1,reqIdx=1,hash=8f6f984a...
info|2019-12-11 04:36:18.441209|[g:1][CONSENSUS][PBFT]checkTimeout Succ,view=5637,toView=5638,nodeIdx=2,changeCycle=0,myNode=b5a2d0a7...,timecost=0.867
info|2019-12-11 04:36:18.446395|[g:1][CONSENSUS][PBFT]checkAndChangeView: Reach consensus,org_view=5637,org_changeCycle=0,cur_changeCycle=0,to_view=5638
info|2019-12-11 04:36:19.446539|[g:1][CONSENSUS][SEALER]++++++++++++++++ Generating seal on,blkNum=1,tx=0,nodeIdx=2,hash=213c6035...
info|2019-12-11 04:36:19.447944|[g:1][CONSENSUS][PBFT]checkTimeout Succ,view=5638,toView=5639,nodeIdx=2,changeCycle=0,myNode=b5a2d0a7...,timecost=0.871
info|2019-12-11 04:36:19.453945|[g:1][CONSENSUS][PBFT]checkAndChangeView: Reach consensus,org_view=5638,org_changeCycle=0,cur_changeCycle=0,to_view=5639
info|2019-12-11 04:36:20.457630|[g:1][CONSENSUS]addRawPrepare,height=1,reqIdx=3,hash=c690f0e0...
info|2019-12-11 04:36:20.459491|[g:1][CONSENSUS][PBFT]checkTimeout Succ,view=5639,toView=5640,nodeIdx=2,changeCycle=0,myNode=b5a2d0a7...,timecost=1.608
info|2019-12-11 04:36:20.462054|[g:1][CONSENSUS][PBFT]checkAndChangeView: Reach consensus,org_view=5639,org_changeCycle=0,cur_changeCycle=0,to_view=5640
info|2019-12-11 04:36:21.466741|[g:1][CONSENSUS]addRawPrepare,height=1,reqIdx=0,hash=39e67ddf...
info|2019-12-11 04:36:21.469023|[g:1][CONSENSUS][PBFT]checkTimeout Succ,view=5640,toView=5641,nodeIdx=2,changeCycle=0,myNode=b5a2d0a7...,timecost=1.834
info|2019-12-11 04:36:21.471490|[g:1][CONSENSUS][PBFT]checkAndChangeView: Reach consensus,org_view=5640,org_changeCycle=0,cur_changeCycle=0,to_view=5641
info|2019-12-11 04:36:22.474468|[g:1][CONSENSUS]addRawPrepare,height=1,reqIdx=1,hash=4b4bfa35...
info|2019-12-11 04:36:22.475400|[g:1][CONSENSUS][PBFT]checkTimeout Succ,view=5641,toView=5642,nodeIdx=2,changeCycle=0,myNode=b5a2d0a7...,timecost=0.784
info|2019-12-11 04:36:22.481025|[g:1][CONSENSUS][PBFT]checkAndChangeView: Reach consensus,org_view=5641,org_changeCycle=0,cur_changeCycle=0,to_view=5642
info|2019-12-11 04:36:23.482136|[g:1][CONSENSUS][SEALER]++++++++++++++++ Generating seal on,blkNum=1,tx=0,nodeIdx=2,hash=1869ec7d...
info|2019-12-11 04:36:23.483517|[g:1][CONSENSUS][PBFT]checkTimeout Succ,view=5642,toView=5643,nodeIdx=2,changeCycle=0,myNode=b5a2d0a7...,timecost=0.858
info|2019-12-11 04:36:23.489547|[g:1][CONSENSUS][PBFT]checkAndChangeView: Reach consensus,org_view=5642,org_changeCycle=0,cur_changeCycle=0,to_view=5643
info|2019-12-11 04:36:24.491239|[g:1][CONSENSUS]addRawPrepare,height=1,reqIdx=3,hash=82354b8e...
info|2019-12-11 04:36:24.493505|[g:1][CONSENSUS][PBFT]checkTimeout Succ,view=5643,toView=5644,nodeIdx=2,changeCycle=0,myNode=b5a2d0a7...,timecost=1.95
info|2019-12-11 04:36:24.497683|[g:1][CONSENSUS][PBFT]checkAndChangeView: Reach consensus,org_view=5643,org_changeCycle=0,cur_changeCycle=0,to_view=5644
info|2019-12-11 04:36:25.498833|[g:1][CONSENSUS]addRawPrepare,height=1,reqIdx=0,hash=3b8553ee...
info|2019-12-11 04:36:25.500103|[g:1][CONSENSUS][PBFT]checkTimeout Succ,view=5644,toView=5645,nodeIdx=2,changeCycle=0,myNode=b5a2d0a7...,timecost=0.96
info|2019-12-11 04:36:25.505093|[g:1][CONSENSUS][PBFT]checkAndChangeView: Reach consensus,org_view=5644,org_changeCycle=0,cur_changeCycle=0,to_view=5645
info|2019-12-11 04:36:26.044817|[P2P][Service] heartBeat,connected count=3
info|2019-12-11 04:36:26.507753|[g:1][CONSENSUS]addRawPrepare,height=1,reqIdx=1,hash=44772a3e...
info|2019-12-11 04:36:26.509133|[g:1][CONSENSUS][PBFT]checkTimeout Succ,view=5645,toView=5646,nodeIdx=2,changeCycle=0,myNode=b5a2d0a7...,timecost=1.146
info|2019-12-11 04:36:26.512935|[g:1][CONSENSUS][PBFT]checkAndChangeView: Reach consensus,org_view=5645,org_changeCycle=0,cur_changeCycle=0,to_view=5646
info|2019-12-11 04:36:27.513367|[g:1][CONSENSUS][SEALER]++++++++++++++++ Generating seal on,blkNum=1,tx=0,nodeIdx=2,hash=f331d423...
info|2019-12-11 04:36:27.518601|[g:1][CONSENSUS][PBFT]checkTimeout Succ,view=5646,toView=5647,nodeIdx=2,changeCycle=0,myNode=b5a2d0a7...,timecost=0.766
info|2019-12-11 04:36:27.521379|[g:1][CONSENSUS][PBFT]checkAndChangeView: Reach consensus,org_view=5646,org_changeCycle=0,cur_changeCycle=0,to_view=5647
info|2019-12-11 04:36:28.522759|[g:1][CONSENSUS]addRawPrepare,height=1,reqIdx=3,hash=5413dcc2...
info|2019-12-11 04:36:28.523853|[g:1][CONSENSUS][PBFT]checkTimeout Succ,view=5647,toView=5648,nodeIdx=2,changeCycle=0,myNode=b5a2d0a7...,timecost=0.867
info|2019-12-11 04:36:28.527671|[g:1][CONSENSUS][PBFT]checkAndChangeView: Reach consensus,org_view=5647,org_changeCycle=0,cur_changeCycle=0,to_view=5648
info|2019-12-11 04:36:29.528930|[g:1][CONSENSUS]addRawPrepare,height=1,reqIdx=0,hash=282f3ede...
info|2019-12-11 04:36:29.530624|[g:1][CONSENSUS][PBFT]checkTimeout Succ,view=5648,toView=5649,nodeIdx=2,changeCycle=0,myNode=b5a2d0a7...,timecost=1.445
info|2019-12-11 04:36:29.533490|[g:1][CONSENSUS][PBFT]checkAndChangeView: Reach consensus,org_view=5648,org_changeCycle=0,cur_changeCycle=0,to_view=5649
info|2019-12-11 04:36:30.537263|[g:1][CONSENSUS]addRawPrepare,height=1,reqIdx=1,hash=7a341dce...
info|2019-12-11 04:36:30.538463|[g:1][CONSENSUS][PBFT]checkTimeout Succ,view=5649,toView=5650,nodeIdx=2,changeCycle=0,myNode=b5a2d0a7...,timecost=0.983
info|2019-12-11 04:36:30.541886|[g:1][CONSENSUS][PBFT]checkAndChangeView: Reach consensus,org_view=5649,org_changeCycle=0,cur_changeCycle=0,to_view=5650
info|2019-12-11 04:36:31.541733|[g:1][CONSENSUS][SEALER]++++++++++++++++ Generating seal on,blkNum=1,tx=0,nodeIdx=2,hash=549e4e01...
info|2019-12-11 04:36:31.543030|[g:1][CONSENSUS][PBFT]checkTimeout Succ,view=5650,toView=5651,nodeIdx=2,changeCycle=0,myNode=b5a2d0a7...,timecost=0.781
info|2019-12-11 04:36:31.550207|[g:1][CONSENSUS][PBFT]checkAndChangeView: Reach consensus,org_view=5650,org_changeCycle=0,cur_changeCycle=0,to_view=5651
info|2019-12-11 04:36:32.550354|[g:1][CONSENSUS]addRawPrepare,height=1,reqIdx=3,hash=77f3f9c2...
info|2019-12-11 04:36:32.551632|[g:1][CONSENSUS][PBFT]checkTimeout Succ,view=5651,toView=5652,nodeIdx=2,changeCycle=0,myNode=b5a2d0a7...,timecost=0.813
info|2019-12-11 04:36:32.555082|[g:1][CONSENSUS][PBFT]checkAndChangeView: Reach consensus,org_view=5651,org_changeCycle=0,cur_changeCycle=0,to_view=5652
info|2019-12-11 04:36:33.556726|[g:1][CONSENSUS]addRawPrepare,height=1,reqIdx=0,hash=46a6f5a2...
info|2019-12-11 04:36:33.557724|[g:1][CONSENSUS][PBFT]checkTimeout Succ,view=5652,toView=5653,nodeIdx=2,changeCycle=0,myNode=b5a2d0a7...,timecost=0.79
info|2019-12-11 04:36:33.561661|[g:1][CONSENSUS][PBFT]checkAndChangeView: Reach consensus,org_view=5652,org_changeCycle=0,cur_changeCycle=0,to_view=5653
info|2019-12-11 04:36:34.566564|[g:1][CONSENSUS]addRawPrepare,height=1,reqIdx=1,hash=87269baa...
info|2019-12-11 04:36:34.567998|[g:1][CONSENSUS][PBFT]checkTimeout Succ,view=5653,toView=5654,nodeIdx=2,changeCycle=0,myNode=b5a2d0a7...,timecost=1.195
info|2019-12-11 04:36:34.571450|[g:1][CONSENSUS][PBFT]checkAndChangeView: Reach consensus,org_view=5653,org_changeCycle=0,cur_changeCycle=0,to_view=5654
info|2019-12-11 04:36:35.571986|[g:1][CONSENSUS][SEALER]++++++++++++++++ Generating seal on,blkNum=1,tx=0,nodeIdx=2,hash=78428d48...
info|2019-12-11 04:36:35.576557|[g:1][CONSENSUS][PBFT]checkTimeout Succ,view=5654,toView=5655,nodeIdx=2,changeCycle=0,myNode=b5a2d0a7...,timecost=0.906
info|2019-12-11 04:36:35.580330|[g:1][CONSENSUS][PBFT]checkAndChangeView: Reach consensus,org_view=5654,org_changeCycle=0,cur_changeCycle=0,to_view=5655
info|2019-12-11 04:36:36.053884|[P2P][Service] heartBeat,connected count=3
info|2019-12-11 04:36:36.582742|[g:1][CONSENSUS]addRawPrepare,height=1,reqIdx=3,hash=46a2532a...
info|2019-12-11 04:36:36.586027|[g:1][CONSENSUS][PBFT]checkTimeout Succ,view=5655,toView=5656,nodeIdx=2,changeCycle=0,myNode=b5a2d0a7...,timecost=2.989
info|2019-12-11 04:36:36.588523|[g:1][CONSENSUS][PBFT]checkAndChangeView: Reach consensus,org_view=5655,org_changeCycle=0,cur_changeCycle=0,to_view=5656
info|2019-12-11 04:36:37.591999|[g:1][CONSENSUS]addRawPrepare,height=1,reqIdx=0,hash=70c419e1...
info|2019-12-11 04:36:37.592946|[g:1][CONSENSUS][PBFT]checkTimeout Succ,view=5656,toView=5657,nodeIdx=2,changeCycle=0,myNode=b5a2d0a7...,timecost=0.738
info|2019-12-11 04:36:37.598588|[g:1][CONSENSUS][PBFT]checkAndChangeView: Reach consensus,org_view=5656,org_changeCycle=0,cur_changeCycle=0,to_view=5657
info|2019-12-11 04:36:38.599102|[g:1][CONSENSUS]addRawPrepare,height=1,reqIdx=1,hash=64faa092...
info|2019-12-11 04:36:38.600695|[g:1][CONSENSUS][PBFT]checkTimeout Succ,view=5657,toView=5658,nodeIdx=2,changeCycle=0,myNode=b5a2d0a7...,timecost=0.809
info|2019-12-11 04:36:38.603926|[g:1][CONSENSUS][PBFT]checkAndChangeView: Reach consensus,org_view=5657,org_changeCycle=0,cur_changeCycle=0,to_view=5658
info|2019-12-11 04:36:39.603180|[g:1][CONSENSUS][SEALER]++++++++++++++++ Generating seal on,blkNum=1,tx=0,nodeIdx=2,hash=4ec6040b...
info|2019-12-11 04:36:39.604613|[g:1][CONSENSUS][PBFT]checkTimeout Succ,view=5658,toView=5659,nodeIdx=2,changeCycle=0,myNode=b5a2d0a7...,timecost=0.911
info|2019-12-11 04:36:39.610478|[g:1][CONSENSUS][PBFT]checkAndChangeView: Reach consensus,org_view=5658,org_changeCycle=0,cur_changeCycle=0,to_view=5659
info|2019-12-11 04:36:40.612073|[g:1][CONSENSUS]addRawPrepare,height=1,reqIdx=3,hash=06deb658...
info|2019-12-11 04:36:40.614099|[g:1][CONSENSUS][PBFT]checkTimeout Succ,view=5659,toView=5660,nodeIdx=2,changeCycle=0,myNode=b5a2d0a7...,timecost=1.725
info|2019-12-11 04:36:40.616567|[g:1][CONSENSUS][PBFT]checkAndChangeView: Reach consensus,org_view=5659,org_changeCycle=0,cur_changeCycle=0,to_view=5660
info|2019-12-11 04:36:41.620229|[g:1][CONSENSUS]addRawPrepare,height=1,reqIdx=0,hash=bec2e7bf...
info|2019-12-11 04:36:41.621243|[g:1][CONSENSUS][PBFT]checkTimeout Succ,view=5660,toView=5661,nodeIdx=2,changeCycle=0,myNode=b5a2d0a7...,timecost=0.81
info|2019-12-11 04:36:41.625180|[g:1][CONSENSUS][PBFT]checkAndChangeView: Reach consensus,org_view=5660,org_changeCycle=0,cur_changeCycle=0,to_view=5661
info|2019-12-11 04:36:42.629362|[g:1][CONSENSUS]addRawPrepare,height=1,reqIdx=1,hash=58a36ccc...
info|2019-12-11 04:36:42.630392|[g:1][CONSENSUS][PBFT]checkTimeout Succ,view=5661,toView=5662,nodeIdx=2,changeCycle=0,myNode=b5a2d0a7...,timecost=0.79
info|2019-12-11 04:36:42.634605|[g:1][CONSENSUS][PBFT]checkAndChangeView: Reach consensus,org_view=5661,org_changeCycle=0,cur_changeCycle=0,to_view=5662
info|2019-12-11 04:36:43.635336|[g:1][CONSENSUS][SEALER]++++++++++++++++ Generating seal on,blkNum=1,tx=0,nodeIdx=2,hash=6ac1cb86...
info|2019-12-11 04:36:43.636679|[g:1][CONSENSUS][PBFT]checkTimeout Succ,view=5662,toView=5663,nodeIdx=2,changeCycle=0,myNode=b5a2d0a7...,timecost=0.801
info|2019-12-11 04:36:43.643280|[g:1][CONSENSUS][PBFT]checkAndChangeView: Reach consensus,org_view=5662,org_changeCycle=0,cur_changeCycle=0,to_view=5663
info|2019-12-11 04:36:44.646658|[g:1][CONSENSUS]addRawPrepare,height=1,reqIdx=3,hash=6b5e3b05...
info|2019-12-11 04:36:44.649611|[g:1][CONSENSUS][PBFT]checkTimeout Succ,view=5663,toView=5664,nodeIdx=2,changeCycle=0,myNode=b5a2d0a7...,timecost=2.631
info|2019-12-11 04:36:44.652541|[g:1][CONSENSUS][PBFT]checkAndChangeView: Reach consensus,org_view=5663,org_changeCycle=0,cur_changeCycle=0,to_view=5664
info|2019-12-11 04:36:45.653117|[g:1][CONSENSUS]addRawPrepare,height=1,reqIdx=0,hash=e6997879...
info|2019-12-11 04:36:45.654193|[g:1][CONSENSUS][PBFT]checkTimeout Succ,view=5664,toView=5665,nodeIdx=2,changeCycle=0,myNode=b5a2d0a7...,timecost=0.843
info|2019-12-11 04:36:45.657663|[g:1][CONSENSUS][PBFT]checkAndChangeView: Reach consensus,org_view=5664,org_changeCycle=0,cur_changeCycle=0,to_view=5665
info|2019-12-11 04:36:46.058221|[P2P][Service] heartBeat,connected count=3
info|2019-12-11 04:36:46.660212|[g:1][CONSENSUS]addRawPrepare,height=1,reqIdx=1,hash=9093b4c4...
info|2019-12-11 04:36:46.661721|[g:1][CONSENSUS][PBFT]checkTimeout Succ,view=5665,toView=5666,nodeIdx=2,changeCycle=0,myNode=b5a2d0a7...,timecost=1.172
info|2019-12-11 04:36:46.665379|[g:1][CONSENSUS][PBFT]checkAndChangeView: Reach consensus,org_view=5665,org_changeCycle=0,cur_changeCycle=0,to_view=5666
info|2019-12-11 04:36:47.666859|[g:1][CONSENSUS][SEALER]++++++++++++++++ Generating seal on,blkNum=1,tx=0,nodeIdx=2,hash=6dc17192...
info|2019-12-11 04:36:47.672912|[g:1][CONSENSUS][PBFT]checkTimeout Succ,view=5666,toView=5667,nodeIdx=2,changeCycle=0,myNode=b5a2d0a7...,timecost=0.859
info|2019-12-11 04:36:47.674206|[g:1][CONSENSUS][PBFT]checkAndChangeView: Reach consensus,org_view=5666,org_changeCycle=0,cur_changeCycle=0,to_view=5667
info|2019-12-11 04:36:48.677267|[g:1][CONSENSUS]addRawPrepare,height=1,reqIdx=3,hash=e1eeb57f...
info|2019-12-11 04:36:48.678252|[g:1][CONSENSUS][PBFT]checkTimeout Succ,view=5667,toView=5668,nodeIdx=2,changeCycle=0,myNode=b5a2d0a7...,timecost=0.779
info|2019-12-11 04:36:48.682335|[g:1][CONSENSUS][PBFT]checkAndChangeView: Reach consensus,org_view=5667,org_changeCycle=0,cur_changeCycle=0,to_view=5668
info|2019-12-11 04:36:49.683815|[g:1][CONSENSUS]addRawPrepare,height=1,reqIdx=0,hash=30ca156a...
info|2019-12-11 04:36:49.684803|[g:1][CONSENSUS][PBFT]checkTimeout Succ,view=5668,toView=5669,nodeIdx=2,changeCycle=0,myNode=b5a2d0a7...,timecost=0.789
info|2019-12-11 04:36:49.689468|[g:1][CONSENSUS][PBFT]checkAndChangeView: Reach consensus,org_view=5668,org_changeCycle=0,cur_changeCycle=0,to_view=5669
info|2019-12-11 04:36:50.691928|[g:1][CONSENSUS]addRawPrepare,height=1,reqIdx=1,hash=c33a7276...
info|2019-12-11 04:36:50.696358|[g:1][CONSENSUS][PBFT]checkTimeout Succ,view=5669,toView=5670,nodeIdx=2,changeCycle=0,myNode=b5a2d0a7...,timecost=4.021
info|2019-12-11 04:36:50.698692|[g:1][CONSENSUS][PBFT]checkAndChangeView: Reach consensus,org_view=5669,org_changeCycle=0,cur_changeCycle=0,to_view=5670
info|2019-12-11 04:36:51.698881|[g:1][CONSENSUS][SEALER]++++++++++++++++ Generating seal on,blkNum=1,tx=0,nodeIdx=2,hash=3e2a3e4d...
info|2019-12-11 04:36:51.700305|[g:1][CONSENSUS][PBFT]checkTimeout Succ,view=5670,toView=5671,nodeIdx=2,changeCycle=0,myNode=b5a2d0a7...,timecost=0.902
info|2019-12-11 04:36:51.706833|[g:1][CONSENSUS][PBFT]checkAndChangeView: Reach consensus,org_view=5670,org_changeCycle=0,cur_changeCycle=0,to_view=5671
info|2019-12-11 04:36:52.710482|[g:1][CONSENSUS]addRawPrepare,height=1,reqIdx=3,hash=1705df89...
info|2019-12-11 04:36:52.711357|[g:1][CONSENSUS][PBFT]checkTimeout Succ,view=5671,toView=5672,nodeIdx=2,changeCycle=0,myNode=b5a2d0a7...,timecost=0.669
info|2019-12-11 04:36:52.713655|[g:1][CONSENSUS][PBFT]checkAndChangeView: Reach consensus,org_view=5671,org_changeCycle=0,cur_changeCycle=0,to_view=5672
info|2019-12-11 04:36:53.716503|[g:1][CONSENSUS]addRawPrepare,height=1,reqIdx=0,hash=b09900d6...
info|2019-12-11 04:36:53.717669|[g:1][CONSENSUS][PBFT]checkTimeout Succ,view=5672,toView=5673,nodeIdx=2,changeCycle=0,myNode=b5a2d0a7...,timecost=0.869
info|2019-12-11 04:36:53.720982|[g:1][CONSENSUS][PBFT]checkAndChangeView: Reach consensus,org_view=5672,org_changeCycle=0,cur_changeCycle=0,to_view=5673
info|2019-12-11 04:36:54.725555|[g:1][CONSENSUS]addRawPrepare,height=1,reqIdx=1,hash=b9cb2e4b...
info|2019-12-11 04:36:54.726680|[g:1][CONSENSUS][PBFT]checkTimeout Succ,view=5673,toView=5674,nodeIdx=2,changeCycle=0,myNode=b5a2d0a7...,timecost=0.896
info|2019-12-11 04:36:54.730111|[g:1][CONSENSUS][PBFT]checkAndChangeView: Reach consensus,org_view=5673,org_changeCycle=0,cur_changeCycle=0,to_view=5674
info|2019-12-11 04:36:55.731420|[g:1][CONSENSUS][SEALER]++++++++++++++++ Generating seal on,blkNum=1,tx=0,nodeIdx=2,hash=f9399377...
info|2019-12-11 04:36:55.732849|[g:1][CONSENSUS][PBFT]checkTimeout Succ,view=5674,toView=5675,nodeIdx=2,changeCycle=0,myNode=b5a2d0a7...,timecost=0.908
info|2019-12-11 04:36:55.739476|[g:1][CONSENSUS][PBFT]checkAndChangeView: Reach consensus,org_view=5674,org_changeCycle=0,cur_changeCycle=0,to_view=5675
info|2019-12-11 04:36:56.066129|[P2P][Service] heartBeat,connected count=3
info|2019-12-11 04:36:56.741799|[g:1][CONSENSUS]addRawPrepare,height=1,reqIdx=3,hash=7640ac73...
info|2019-12-11 04:36:56.748185|[g:1][CONSENSUS][PBFT]checkTimeout Succ,view=5675,toView=5676,nodeIdx=2,changeCycle=0,myNode=b5a2d0a7...,timecost=6.132
info|2019-12-11 04:36:56.750112|[g:1][CONSENSUS][PBFT]checkAndChangeView: Reach consensus,org_view=5675,org_changeCycle=0,cur_changeCycle=0,to_view=5676
info|2019-12-11 04:36:57.750411|[g:1][CONSENSUS]addRawPrepare,height=1,reqIdx=0,hash=55d2ef6d...
info|2019-12-11 04:36:57.751495|[g:1][CONSENSUS][PBFT]checkTimeout Succ,view=5676,toView=5677,nodeIdx=2,changeCycle=0,myNode=b5a2d0a7...,timecost=0.783
info|2019-12-11 04:36:57.754959|[g:1][CONSENSUS][PBFT]checkAndChangeView: Reach consensus,org_view=5676,org_changeCycle=0,cur_changeCycle=0,to_view=5677
