warning|2019-12-12 08:49:12.019272|[g:1][CONSENSUS][PBFT]ViewChangeWarning: not caused by omit empty block ,v=2268,toV=2269,curNum=11,hash=9b39b6b9...,nodeIdx=2,myNode=b5a2d0a7...
info|2019-12-12 08:49:12.024426|[P2P][Service] heartBeat,connected count=3
info|2019-12-12 08:49:12.024411|[g:1][CONSENSUS][PBFT]checkTimeout Succ,view=2268,toView=2269,nodeIdx=2,changeCycle=1,myNode=b5a2d0a7...,timecost=19.453
info|2019-12-12 08:49:12.026039|[g:1][CONSENSUS][PBFT]checkAndChangeView: Reach consensus,org_view=2268,org_changeCycle=1,cur_changeCycle=1,to_view=2269
info|2019-12-12 08:49:13.025598|[g:1][CONSENSUS]addRawPrepare,height=12,reqIdx=0,hash=c7addedb...
info|2019-12-12 08:49:13.027332|[g:1][CONSENSUS][PBFT]checkTimeout Succ,view=2269,toView=2270,nodeIdx=2,changeCycle=0,myNode=b5a2d0a7...,timecost=1.608
info|2019-12-12 08:49:13.029490|[g:1][CONSENSUS][PBFT]checkAndChangeView: Reach consensus,org_view=2269,org_changeCycle=0,cur_changeCycle=0,to_view=2270
info|2019-12-12 08:49:14.234163|[g:1][CONSENSUS]addRawPrepare,height=12,reqIdx=1,hash=addbfb01...
info|2019-12-12 08:49:14.234790|[g:1][CONSENSUS][PBFT]checkTimeout Succ,view=2270,toView=2271,nodeIdx=2,changeCycle=0,myNode=b5a2d0a7...,timecost=0.462
info|2019-12-12 08:49:14.237644|[g:1][CONSENSUS][PBFT]checkAndChangeView: Reach consensus,org_view=2270,org_changeCycle=0,cur_changeCycle=0,to_view=2271
info|2019-12-12 08:49:15.238265|[g:1][CONSENSUS][SEALER]++++++++++++++++ Generating seal on,blkNum=12,tx=0,nodeIdx=2,hash=0d1acfc8...
info|2019-12-12 08:49:15.239432|[g:1][CONSENSUS][PBFT]checkTimeout Succ,view=2271,toView=2272,nodeIdx=2,changeCycle=0,myNode=b5a2d0a7...,timecost=0.655
info|2019-12-12 08:49:15.243184|[g:1][CONSENSUS][PBFT]checkAndChangeView: Reach consensus,org_view=2271,org_changeCycle=0,cur_changeCycle=0,to_view=2272
info|2019-12-12 08:49:16.245885|[g:1][CONSENSUS]addRawPrepare,height=12,reqIdx=3,hash=8cb27222...
info|2019-12-12 08:49:16.247140|[g:1][CONSENSUS][PBFT]checkTimeout Succ,view=2272,toView=2273,nodeIdx=2,changeCycle=0,myNode=b5a2d0a7...,timecost=1.045
info|2019-12-12 08:49:16.251913|[g:1][CONSENSUS][PBFT]checkAndChangeView: Reach consensus,org_view=2272,org_changeCycle=0,cur_changeCycle=0,to_view=2273
info|2019-12-12 08:49:17.254756|[g:1][CONSENSUS]addRawPrepare,height=12,reqIdx=0,hash=51552c60...
info|2019-12-12 08:49:17.256925|[g:1][CONSENSUS][PBFT]checkTimeout Succ,view=2273,toView=2274,nodeIdx=2,changeCycle=0,myNode=b5a2d0a7...,timecost=1.875
info|2019-12-12 08:49:17.259717|[g:1][CONSENSUS][PBFT]checkAndChangeView: Reach consensus,org_view=2273,org_changeCycle=0,cur_changeCycle=0,to_view=2274
info|2019-12-12 08:49:18.262798|[g:1][CONSENSUS]addRawPrepare,height=12,reqIdx=1,hash=73a53167...
info|2019-12-12 08:49:18.263810|[g:1][CONSENSUS][PBFT]checkTimeout Succ,view=2274,toView=2275,nodeIdx=2,changeCycle=0,myNode=b5a2d0a7...,timecost=0.803
info|2019-12-12 08:49:18.268883|[g:1][CONSENSUS][PBFT]checkAndChangeView: Reach consensus,org_view=2274,org_changeCycle=0,cur_changeCycle=0,to_view=2275
info|2019-12-12 08:49:19.269006|[g:1][CONSENSUS][SEALER]++++++++++++++++ Generating seal on,blkNum=12,tx=0,nodeIdx=2,hash=64e66d79...
info|2019-12-12 08:49:19.274465|[g:1][CONSENSUS][PBFT]checkTimeout Succ,view=2275,toView=2276,nodeIdx=2,changeCycle=0,myNode=b5a2d0a7...,timecost=0.885
info|2019-12-12 08:49:19.276522|[g:1][CONSENSUS][PBFT]checkAndChangeView: Reach consensus,org_view=2275,org_changeCycle=0,cur_changeCycle=0,to_view=2276
info|2019-12-12 08:49:20.278934|[g:1][CONSENSUS]addRawPrepare,height=12,reqIdx=3,hash=b4561029...
info|2019-12-12 08:49:20.279938|[g:1][CONSENSUS][PBFT]checkTimeout Succ,view=2276,toView=2277,nodeIdx=2,changeCycle=0,myNode=b5a2d0a7...,timecost=0.794
info|2019-12-12 08:49:20.285138|[g:1][CONSENSUS][PBFT]checkAndChangeView: Reach consensus,org_view=2276,org_changeCycle=0,cur_changeCycle=0,to_view=2277
info|2019-12-12 08:49:21.287944|[g:1][CONSENSUS]addRawPrepare,height=12,reqIdx=0,hash=b54c9428...
info|2019-12-12 08:49:21.289064|[g:1][CONSENSUS][PBFT]checkTimeout Succ,view=2277,toView=2278,nodeIdx=2,changeCycle=0,myNode=b5a2d0a7...,timecost=0.868
info|2019-12-12 08:49:21.291872|[g:1][CONSENSUS][PBFT]checkAndChangeView: Reach consensus,org_view=2277,org_changeCycle=0,cur_changeCycle=0,to_view=2278
info|2019-12-12 08:49:22.024513|[P2P][Service] heartBeat,connected count=3
info|2019-12-12 08:49:22.296295|[g:1][CONSENSUS]addRawPrepare,height=12,reqIdx=1,hash=5942f875...
info|2019-12-12 08:49:22.297557|[g:1][CONSENSUS][PBFT]checkTimeout Succ,view=2278,toView=2279,nodeIdx=2,changeCycle=0,myNode=b5a2d0a7...,timecost=1.088
info|2019-12-12 08:49:22.303952|[g:1][CONSENSUS][PBFT]checkAndChangeView: Reach consensus,org_view=2278,org_changeCycle=0,cur_changeCycle=0,to_view=2279
info|2019-12-12 08:49:23.303942|[g:1][CONSENSUS][SEALER]++++++++++++++++ Generating seal on,blkNum=12,tx=0,nodeIdx=2,hash=78bfa4c1...
info|2019-12-12 08:49:23.308829|[g:1][CONSENSUS][PBFT]checkTimeout Succ,view=2279,toView=2280,nodeIdx=2,changeCycle=0,myNode=b5a2d0a7...,timecost=0.851
info|2019-12-12 08:49:23.311571|[g:1][CONSENSUS][PBFT]checkAndChangeView: Reach consensus,org_view=2279,org_changeCycle=0,cur_changeCycle=0,to_view=2280
info|2019-12-12 08:49:24.315413|[g:1][CONSENSUS]addRawPrepare,height=12,reqIdx=3,hash=ffebd4ed...
info|2019-12-12 08:49:24.316447|[g:1][CONSENSUS][PBFT]checkTimeout Succ,view=2280,toView=2281,nodeIdx=2,changeCycle=0,myNode=b5a2d0a7...,timecost=0.801
info|2019-12-12 08:49:24.320177|[g:1][CONSENSUS][PBFT]checkAndChangeView: Reach consensus,org_view=2280,org_changeCycle=0,cur_changeCycle=0,to_view=2281
info|2019-12-12 08:49:25.320791|[g:1][CONSENSUS]addRawPrepare,height=12,reqIdx=0,hash=cfc1997b...
info|2019-12-12 08:49:25.322207|[g:1][CONSENSUS][PBFT]checkTimeout Succ,view=2281,toView=2282,nodeIdx=2,changeCycle=0,myNode=b5a2d0a7...,timecost=1.214
info|2019-12-12 08:49:25.326240|[g:1][CONSENSUS][PBFT]checkAndChangeView: Reach consensus,org_view=2281,org_changeCycle=0,cur_changeCycle=0,to_view=2282
info|2019-12-12 08:49:26.327340|[g:1][CONSENSUS]addRawPrepare,height=12,reqIdx=1,hash=9e22a3e8...
info|2019-12-12 08:49:26.328480|[g:1][CONSENSUS][PBFT]checkTimeout Succ,view=2282,toView=2283,nodeIdx=2,changeCycle=0,myNode=b5a2d0a7...,timecost=0.867
info|2019-12-12 08:49:26.332833|[g:1][CONSENSUS][PBFT]checkAndChangeView: Reach consensus,org_view=2282,org_changeCycle=0,cur_changeCycle=0,to_view=2283
info|2019-12-12 08:49:27.333551|[g:1][CONSENSUS][SEALER]++++++++++++++++ Generating seal on,blkNum=12,tx=0,nodeIdx=2,hash=b97bc407...
info|2019-12-12 08:49:27.334935|[g:1][CONSENSUS][PBFT]checkTimeout Succ,view=2283,toView=2284,nodeIdx=2,changeCycle=0,myNode=b5a2d0a7...,timecost=0.864
info|2019-12-12 08:49:27.340442|[g:1][CONSENSUS][PBFT]checkAndChangeView: Reach consensus,org_view=2283,org_changeCycle=0,cur_changeCycle=0,to_view=2284
info|2019-12-12 08:49:28.342519|[g:1][CONSENSUS]addRawPrepare,height=12,reqIdx=3,hash=d0d24927...
info|2019-12-12 08:49:28.345297|[g:1][CONSENSUS][PBFT]checkTimeout Succ,view=2284,toView=2285,nodeIdx=2,changeCycle=0,myNode=b5a2d0a7...,timecost=2.57
info|2019-12-12 08:49:28.348175|[g:1][CONSENSUS][PBFT]checkAndChangeView: Reach consensus,org_view=2284,org_changeCycle=0,cur_changeCycle=0,to_view=2285
info|2019-12-12 08:49:29.351896|[g:1][CONSENSUS]addRawPrepare,height=12,reqIdx=0,hash=60a8ccbe...
info|2019-12-12 08:49:29.356895|[g:1][CONSENSUS][PBFT]checkTimeout Succ,view=2285,toView=2286,nodeIdx=2,changeCycle=0,myNode=b5a2d0a7...,timecost=4.752
info|2019-12-12 08:49:29.358909|[g:1][CONSENSUS][PBFT]checkAndChangeView: Reach consensus,org_view=2285,org_changeCycle=0,cur_changeCycle=0,to_view=2286
info|2019-12-12 08:49:30.359220|[g:1][CONSENSUS]addRawPrepare,height=12,reqIdx=1,hash=58641aa4...
info|2019-12-12 08:49:30.360324|[g:1][CONSENSUS][PBFT]checkTimeout Succ,view=2286,toView=2287,nodeIdx=2,changeCycle=0,myNode=b5a2d0a7...,timecost=0.89
info|2019-12-12 08:49:30.364237|[g:1][CONSENSUS][PBFT]checkAndChangeView: Reach consensus,org_view=2286,org_changeCycle=0,cur_changeCycle=0,to_view=2287
info|2019-12-12 08:49:31.364674|[g:1][CONSENSUS][SEALER]++++++++++++++++ Generating seal on,blkNum=12,tx=0,nodeIdx=2,hash=a7955834...
info|2019-12-12 08:49:31.366079|[g:1][CONSENSUS][PBFT]checkTimeout Succ,view=2287,toView=2288,nodeIdx=2,changeCycle=0,myNode=b5a2d0a7...,timecost=0.803
info|2019-12-12 08:49:31.372206|[g:1][CONSENSUS][PBFT]checkAndChangeView: Reach consensus,org_view=2287,org_changeCycle=0,cur_changeCycle=0,to_view=2288
info|2019-12-12 08:49:32.026315|[P2P][Service] heartBeat,connected count=3
info|2019-12-12 08:49:32.374948|[g:1][CONSENSUS]addRawPrepare,height=12,reqIdx=3,hash=f1fa0e77...
info|2019-12-12 08:49:32.376018|[g:1][CONSENSUS][PBFT]checkTimeout Succ,view=2288,toView=2289,nodeIdx=2,changeCycle=0,myNode=b5a2d0a7...,timecost=0.829
info|2019-12-12 08:49:32.378668|[g:1][CONSENSUS][PBFT]checkAndChangeView: Reach consensus,org_view=2288,org_changeCycle=0,cur_changeCycle=0,to_view=2289
info|2019-12-12 08:49:33.383022|[g:1][CONSENSUS]addRawPrepare,height=12,reqIdx=0,hash=c9488624...
info|2019-12-12 08:49:33.384321|[g:1][CONSENSUS][PBFT]checkTimeout Succ,view=2289,toView=2290,nodeIdx=2,changeCycle=0,myNode=b5a2d0a7...,timecost=0.968
info|2019-12-12 08:49:33.388421|[g:1][CONSENSUS][PBFT]checkAndChangeView: Reach consensus,org_view=2289,org_changeCycle=0,cur_changeCycle=0,to_view=2290
info|2019-12-12 08:49:34.392389|[g:1][CONSENSUS]addRawPrepare,height=12,reqIdx=1,hash=7b8bc96e...
info|2019-12-12 08:49:34.393639|[g:1][CONSENSUS][PBFT]checkTimeout Succ,view=2290,toView=2291,nodeIdx=2,changeCycle=0,myNode=b5a2d0a7...,timecost=0.858
info|2019-12-12 08:49:34.397138|[g:1][CONSENSUS][PBFT]checkAndChangeView: Reach consensus,org_view=2290,org_changeCycle=0,cur_changeCycle=0,to_view=2291
info|2019-12-12 08:49:35.398312|[g:1][CONSENSUS][SEALER]++++++++++++++++ Generating seal on,blkNum=12,tx=0,nodeIdx=2,hash=394f1b8b...
info|2019-12-12 08:49:35.399709|[g:1][CONSENSUS][PBFT]checkTimeout Succ,view=2291,toView=2292,nodeIdx=2,changeCycle=0,myNode=b5a2d0a7...,timecost=0.877
info|2019-12-12 08:49:35.405297|[g:1][CONSENSUS][PBFT]checkAndChangeView: Reach consensus,org_view=2291,org_changeCycle=0,cur_changeCycle=0,to_view=2292
info|2019-12-12 08:49:36.407506|[g:1][CONSENSUS]addRawPrepare,height=12,reqIdx=3,hash=fd8186f2...
info|2019-12-12 08:49:36.409136|[g:1][CONSENSUS][PBFT]checkTimeout Succ,view=2292,toView=2293,nodeIdx=2,changeCycle=0,myNode=b5a2d0a7...,timecost=0.839
info|2019-12-12 08:49:36.411841|[g:1][CONSENSUS][PBFT]checkAndChangeView: Reach consensus,org_view=2292,org_changeCycle=0,cur_changeCycle=0,to_view=2293
info|2019-12-12 08:49:37.414476|[g:1][CONSENSUS]addRawPrepare,height=12,reqIdx=0,hash=15f36258...
info|2019-12-12 08:49:37.416067|[g:1][CONSENSUS][PBFT]checkTimeout Succ,view=2293,toView=2294,nodeIdx=2,changeCycle=0,myNode=b5a2d0a7...,timecost=1.393
info|2019-12-12 08:49:37.419091|[g:1][CONSENSUS][PBFT]checkAndChangeView: Reach consensus,org_view=2293,org_changeCycle=0,cur_changeCycle=0,to_view=2294
info|2019-12-12 08:49:38.422802|[g:1][CONSENSUS]addRawPrepare,height=12,reqIdx=1,hash=f96c2ae1...
info|2019-12-12 08:49:38.425273|[g:1][CONSENSUS][PBFT]checkTimeout Succ,view=2294,toView=2295,nodeIdx=2,changeCycle=0,myNode=b5a2d0a7...,timecost=2.226
info|2019-12-12 08:49:38.428559|[g:1][CONSENSUS][PBFT]checkAndChangeView: Reach consensus,org_view=2294,org_changeCycle=0,cur_changeCycle=0,to_view=2295
info|2019-12-12 08:49:39.429798|[g:1][CONSENSUS][SEALER]++++++++++++++++ Generating seal on,blkNum=12,tx=0,nodeIdx=2,hash=ac7ad274...
info|2019-12-12 08:49:39.431234|[g:1][CONSENSUS][PBFT]checkTimeout Succ,view=2295,toView=2296,nodeIdx=2,changeCycle=0,myNode=b5a2d0a7...,timecost=0.849
info|2019-12-12 08:49:39.436561|[g:1][CONSENSUS][PBFT]checkAndChangeView: Reach consensus,org_view=2295,org_changeCycle=0,cur_changeCycle=0,to_view=2296
info|2019-12-12 08:49:40.441320|[g:1][CONSENSUS]addRawPrepare,height=12,reqIdx=3,hash=9d3bef6c...
info|2019-12-12 08:49:40.443667|[g:1][CONSENSUS][PBFT]checkTimeout Succ,view=2296,toView=2297,nodeIdx=2,changeCycle=0,myNode=b5a2d0a7...,timecost=1.995
info|2019-12-12 08:49:40.447622|[g:1][CONSENSUS][PBFT]checkAndChangeView: Reach consensus,org_view=2296,org_changeCycle=0,cur_changeCycle=0,to_view=2297
info|2019-12-12 08:49:41.449717|[g:1][CONSENSUS]addRawPrepare,height=12,reqIdx=0,hash=ddeb0eb8...
info|2019-12-12 08:49:41.452021|[g:1][CONSENSUS][PBFT]checkTimeout Succ,view=2297,toView=2298,nodeIdx=2,changeCycle=0,myNode=b5a2d0a7...,timecost=2.042
info|2019-12-12 08:49:41.455419|[g:1][CONSENSUS][PBFT]checkAndChangeView: Reach consensus,org_view=2297,org_changeCycle=0,cur_changeCycle=0,to_view=2298
info|2019-12-12 08:49:42.026428|[P2P][Service] heartBeat,connected count=3
info|2019-12-12 08:49:42.457224|[g:1][CONSENSUS]addRawPrepare,height=12,reqIdx=1,hash=0b83e6a1...
info|2019-12-12 08:49:42.458291|[g:1][CONSENSUS][PBFT]checkTimeout Succ,view=2298,toView=2299,nodeIdx=2,changeCycle=0,myNode=b5a2d0a7...,timecost=0.796
info|2019-12-12 08:49:42.462428|[g:1][CONSENSUS][PBFT]checkAndChangeView: Reach consensus,org_view=2298,org_changeCycle=0,cur_changeCycle=0,to_view=2299
info|2019-12-12 08:49:43.462642|[g:1][CONSENSUS][SEALER]++++++++++++++++ Generating seal on,blkNum=12,tx=0,nodeIdx=2,hash=2aede669...
info|2019-12-12 08:49:43.470753|[g:1][CONSENSUS][PBFT]checkTimeout Succ,view=2299,toView=2300,nodeIdx=2,changeCycle=0,myNode=b5a2d0a7...,timecost=3.18
info|2019-12-12 08:49:43.471494|[g:1][CONSENSUS][PBFT]checkAndChangeView: Reach consensus,org_view=2299,org_changeCycle=0,cur_changeCycle=0,to_view=2300
info|2019-12-12 08:49:44.471688|[g:1][CONSENSUS]addRawPrepare,height=12,reqIdx=3,hash=ff143bb2...
info|2019-12-12 08:49:44.472980|[g:1][CONSENSUS][PBFT]checkTimeout Succ,view=2300,toView=2301,nodeIdx=2,changeCycle=0,myNode=b5a2d0a7...,timecost=0.837
info|2019-12-12 08:49:44.476597|[g:1][CONSENSUS][PBFT]checkAndChangeView: Reach consensus,org_view=2300,org_changeCycle=0,cur_changeCycle=0,to_view=2301
info|2019-12-12 08:49:45.479160|[g:1][CONSENSUS]addRawPrepare,height=12,reqIdx=0,hash=3f14ca75...
info|2019-12-12 08:49:45.482607|[g:1][CONSENSUS][PBFT]checkTimeout Succ,view=2301,toView=2302,nodeIdx=2,changeCycle=0,myNode=b5a2d0a7...,timecost=3.148
info|2019-12-12 08:49:45.485704|[g:1][CONSENSUS][PBFT]checkAndChangeView: Reach consensus,org_view=2301,org_changeCycle=0,cur_changeCycle=0,to_view=2302
info|2019-12-12 08:49:46.485813|[g:1][CONSENSUS]addRawPrepare,height=12,reqIdx=1,hash=3d12087a...
info|2019-12-12 08:49:46.487871|[g:1][CONSENSUS][PBFT]checkTimeout Succ,view=2302,toView=2303,nodeIdx=2,changeCycle=0,myNode=b5a2d0a7...,timecost=1.617
info|2019-12-12 08:49:46.492908|[g:1][CONSENSUS][PBFT]checkAndChangeView: Reach consensus,org_view=2302,org_changeCycle=0,cur_changeCycle=0,to_view=2303
info|2019-12-12 08:49:47.493534|[g:1][CONSENSUS][SEALER]++++++++++++++++ Generating seal on,blkNum=12,tx=0,nodeIdx=2,hash=38e76b82...
info|2019-12-12 08:49:47.494974|[g:1][CONSENSUS][PBFT]checkTimeout Succ,view=2303,toView=2304,nodeIdx=2,changeCycle=0,myNode=b5a2d0a7...,timecost=0.821
info|2019-12-12 08:49:47.501393|[g:1][CONSENSUS][PBFT]checkAndChangeView: Reach consensus,org_view=2303,org_changeCycle=0,cur_changeCycle=0,to_view=2304
info|2019-12-12 08:49:48.505022|[g:1][CONSENSUS]addRawPrepare,height=12,reqIdx=3,hash=78b5fbf1...
info|2019-12-12 08:49:48.508836|[g:1][CONSENSUS][PBFT]checkTimeout Succ,view=2304,toView=2305,nodeIdx=2,changeCycle=0,myNode=b5a2d0a7...,timecost=3.571
info|2019-12-12 08:49:48.511440|[g:1][CONSENSUS][PBFT]checkAndChangeView: Reach consensus,org_view=2304,org_changeCycle=0,cur_changeCycle=0,to_view=2305
info|2019-12-12 08:49:49.513124|[g:1][CONSENSUS]addRawPrepare,height=12,reqIdx=0,hash=21a5e121...
info|2019-12-12 08:49:49.514310|[g:1][CONSENSUS][PBFT]checkTimeout Succ,view=2305,toView=2306,nodeIdx=2,changeCycle=0,myNode=b5a2d0a7...,timecost=0.884
info|2019-12-12 08:49:49.517556|[g:1][CONSENSUS][PBFT]checkAndChangeView: Reach consensus,org_view=2305,org_changeCycle=0,cur_changeCycle=0,to_view=2306
info|2019-12-12 08:49:50.520339|[g:1][CONSENSUS]addRawPrepare,height=12,reqIdx=1,hash=233fab95...
info|2019-12-12 08:49:50.521390|[g:1][CONSENSUS][PBFT]checkTimeout Succ,view=2306,toView=2307,nodeIdx=2,changeCycle=0,myNode=b5a2d0a7...,timecost=0.825
info|2019-12-12 08:49:50.526147|[g:1][CONSENSUS][PBFT]checkAndChangeView: Reach consensus,org_view=2306,org_changeCycle=0,cur_changeCycle=0,to_view=2307
info|2019-12-12 08:49:51.527544|[g:1][CONSENSUS][SEALER]++++++++++++++++ Generating seal on,blkNum=12,tx=0,nodeIdx=2,hash=4fd87e00...
info|2019-12-12 08:49:51.535075|[g:1][CONSENSUS][PBFT]checkTimeout Succ,view=2307,toView=2308,nodeIdx=2,changeCycle=0,myNode=b5a2d0a7...,timecost=0.89
info|2019-12-12 08:49:51.537170|[g:1][CONSENSUS][PBFT]checkAndChangeView: Reach consensus,org_view=2307,org_changeCycle=0,cur_changeCycle=0,to_view=2308
info|2019-12-12 08:49:52.031066|[P2P][Service] heartBeat,connected count=3
info|2019-12-12 08:49:52.537938|[g:1][CONSENSUS]addRawPrepare,height=12,reqIdx=3,hash=4d71796c...
info|2019-12-12 08:49:52.539315|[g:1][CONSENSUS][PBFT]checkTimeout Succ,view=2308,toView=2309,nodeIdx=2,changeCycle=0,myNode=b5a2d0a7...,timecost=1.16
info|2019-12-12 08:49:52.544024|[g:1][CONSENSUS][PBFT]checkAndChangeView: Reach consensus,org_view=2308,org_changeCycle=0,cur_changeCycle=0,to_view=2309
info|2019-12-12 08:49:53.546181|[g:1][CONSENSUS]addRawPrepare,height=12,reqIdx=0,hash=837ff993...
info|2019-12-12 08:49:53.547419|[g:1][CONSENSUS][PBFT]checkTimeout Succ,view=2309,toView=2310,nodeIdx=2,changeCycle=0,myNode=b5a2d0a7...,timecost=1.023
info|2019-12-12 08:49:53.550943|[g:1][CONSENSUS][PBFT]checkAndChangeView: Reach consensus,org_view=2309,org_changeCycle=0,cur_changeCycle=0,to_view=2310
info|2019-12-12 08:49:54.554395|[g:1][CONSENSUS]addRawPrepare,height=12,reqIdx=1,hash=b9073daa...
info|2019-12-12 08:49:54.555579|[g:1][CONSENSUS][PBFT]checkTimeout Succ,view=2310,toView=2311,nodeIdx=2,changeCycle=0,myNode=b5a2d0a7...,timecost=1.03
info|2019-12-12 08:49:54.559711|[g:1][CONSENSUS][PBFT]checkAndChangeView: Reach consensus,org_view=2310,org_changeCycle=0,cur_changeCycle=0,to_view=2311
info|2019-12-12 08:49:55.560442|[g:1][CONSENSUS][SEALER]++++++++++++++++ Generating seal on,blkNum=12,tx=0,nodeIdx=2,hash=c39e7d28...
info|2019-12-12 08:49:55.561854|[g:1][CONSENSUS][PBFT]checkTimeout Succ,view=2311,toView=2312,nodeIdx=2,changeCycle=0,myNode=b5a2d0a7...,timecost=0.761
info|2019-12-12 08:49:55.566741|[g:1][CONSENSUS][PBFT]checkAndChangeView: Reach consensus,org_view=2311,org_changeCycle=0,cur_changeCycle=0,to_view=2312
info|2019-12-12 08:49:56.569774|[g:1][CONSENSUS]addRawPrepare,height=12,reqIdx=3,hash=ea21099d...
info|2019-12-12 08:49:56.573292|[g:1][CONSENSUS][PBFT]checkTimeout Succ,view=2312,toView=2313,nodeIdx=2,changeCycle=0,myNode=b5a2d0a7...,timecost=3.271
info|2019-12-12 08:49:56.576057|[g:1][CONSENSUS][PBFT]checkAndChangeView: Reach consensus,org_view=2312,org_changeCycle=0,cur_changeCycle=0,to_view=2313
info|2019-12-12 08:49:57.577698|[g:1][CONSENSUS]addRawPrepare,height=12,reqIdx=0,hash=54be0668...
info|2019-12-12 08:49:57.581169|[g:1][CONSENSUS][PBFT]checkTimeout Succ,view=2313,toView=2314,nodeIdx=2,changeCycle=0,myNode=b5a2d0a7...,timecost=3.22
info|2019-12-12 08:49:57.585285|[g:1][CONSENSUS][PBFT]checkAndChangeView: Reach consensus,org_view=2313,org_changeCycle=0,cur_changeCycle=0,to_view=2314
info|2019-12-12 08:49:58.586198|[g:1][CONSENSUS]addRawPrepare,height=12,reqIdx=1,hash=69bf5d88...
info|2019-12-12 08:49:58.587535|[g:1][CONSENSUS][PBFT]checkTimeout Succ,view=2314,toView=2315,nodeIdx=2,changeCycle=0,myNode=b5a2d0a7...,timecost=1.13
info|2019-12-12 08:49:58.593021|[g:1][CONSENSUS][PBFT]checkAndChangeView: Reach consensus,org_view=2314,org_changeCycle=0,cur_changeCycle=0,to_view=2315
info|2019-12-12 08:49:59.593805|[g:1][CONSENSUS][SEALER]++++++++++++++++ Generating seal on,blkNum=12,tx=0,nodeIdx=2,hash=9b9e7ff1...
info|2019-12-12 08:49:59.595147|[g:1][CONSENSUS][PBFT]checkTimeout Succ,view=2315,toView=2316,nodeIdx=2,changeCycle=0,myNode=b5a2d0a7...,timecost=0.822
info|2019-12-12 08:49:59.601729|[g:1][CONSENSUS][PBFT]checkAndChangeView: Reach consensus,org_view=2315,org_changeCycle=0,cur_changeCycle=0,to_view=2316
info|2019-12-12 08:50:00.602629|[g:1][CONSENSUS]addRawPrepare,height=12,reqIdx=3,hash=3d7b690b...
info|2019-12-12 08:50:00.603587|[g:1][CONSENSUS][PBFT]checkTimeout Succ,view=2316,toView=2317,nodeIdx=2,changeCycle=0,myNode=b5a2d0a7...,timecost=0.711
info|2019-12-12 08:50:00.606144|[g:1][CONSENSUS][PBFT]checkAndChangeView: Reach consensus,org_view=2316,org_changeCycle=0,cur_changeCycle=0,to_view=2317
info|2019-12-12 08:50:01.610843|[g:1][CONSENSUS]addRawPrepare,height=12,reqIdx=0,hash=b3d73d98...
info|2019-12-12 08:50:01.611986|[g:1][CONSENSUS][PBFT]checkTimeout Succ,view=2317,toView=2318,nodeIdx=2,changeCycle=0,myNode=b5a2d0a7...,timecost=0.936
info|2019-12-12 08:50:01.617824|[g:1][CONSENSUS][PBFT]checkAndChangeView: Reach consensus,org_view=2317,org_changeCycle=0,cur_changeCycle=0,to_view=2318
info|2019-12-12 08:50:02.034667|[P2P][Service] heartBeat,connected count=3
info|2019-12-12 08:50:02.619120|[g:1][CONSENSUS]addRawPrepare,height=12,reqIdx=1,hash=79fab952...
info|2019-12-12 08:50:02.622337|[g:1][CONSENSUS][PBFT]checkTimeout Succ,view=2318,toView=2319,nodeIdx=2,changeCycle=0,myNode=b5a2d0a7...,timecost=2.811
info|2019-12-12 08:50:02.625413|[g:1][CONSENSUS][PBFT]checkAndChangeView: Reach consensus,org_view=2318,org_changeCycle=0,cur_changeCycle=0,to_view=2319
info|2019-12-12 08:50:03.625601|[g:1][CONSENSUS][SEALER]++++++++++++++++ Generating seal on,blkNum=12,tx=0,nodeIdx=2,hash=5f66df3f...
info|2019-12-12 08:50:03.633006|[g:1][CONSENSUS][PBFT]checkTimeout Succ,view=2319,toView=2320,nodeIdx=2,changeCycle=0,myNode=b5a2d0a7...,timecost=2.109
info|2019-12-12 08:50:03.634115|[g:1][CONSENSUS][PBFT]checkAndChangeView: Reach consensus,org_view=2319,org_changeCycle=0,cur_changeCycle=0,to_view=2320
info|2019-12-12 08:50:04.635629|[g:1][CONSENSUS]addRawPrepare,height=12,reqIdx=3,hash=ebf66c9a...
info|2019-12-12 08:50:04.637120|[g:1][CONSENSUS][PBFT]checkTimeout Succ,view=2320,toView=2321,nodeIdx=2,changeCycle=0,myNode=b5a2d0a7...,timecost=0.954
info|2019-12-12 08:50:04.640766|[g:1][CONSENSUS][PBFT]checkAndChangeView: Reach consensus,org_view=2320,org_changeCycle=0,cur_changeCycle=0,to_view=2321
info|2019-12-12 08:50:05.643879|[g:1][CONSENSUS]addRawPrepare,height=12,reqIdx=0,hash=554313bd...
info|2019-12-12 08:50:05.644990|[g:1][CONSENSUS][PBFT]checkTimeout Succ,view=2321,toView=2322,nodeIdx=2,changeCycle=0,myNode=b5a2d0a7...,timecost=0.807
info|2019-12-12 08:50:05.649002|[g:1][CONSENSUS][PBFT]checkAndChangeView: Reach consensus,org_view=2321,org_changeCycle=0,cur_changeCycle=0,to_view=2322
info|2019-12-12 08:50:06.651416|[g:1][CONSENSUS]addRawPrepare,height=12,reqIdx=1,hash=b393abad...
info|2019-12-12 08:50:06.652378|[g:1][CONSENSUS][PBFT]checkTimeout Succ,view=2322,toView=2323,nodeIdx=2,changeCycle=0,myNode=b5a2d0a7...,timecost=0.715
info|2019-12-12 08:50:06.655692|[g:1][CONSENSUS][PBFT]checkAndChangeView: Reach consensus,org_view=2322,org_changeCycle=0,cur_changeCycle=0,to_view=2323
