warning|2019-12-14 01:31:26.028008|[g:1][CONSENSUS][PBFT]ViewChangeWarning: not caused by omit empty block ,v=2760,toV=2761,curNum=475,hash=ad338c6e...,nodeIdx=2,myNode=b5a2d0a7...
info|2019-12-14 01:31:26.034568|[g:1][CONSENSUS][PBFT]checkTimeout Succ,view=2760,toView=2761,nodeIdx=2,changeCycle=1,myNode=b5a2d0a7...,timecost=24.303
info|2019-12-14 01:31:26.035433|[P2P][Service] heartBeat,connected count=3
info|2019-12-14 01:31:26.037370|[g:1][CONSENSUS][PBFT]checkAndChangeView: Reach consensus,org_view=2760,org_changeCycle=1,cur_changeCycle=1,to_view=2761
info|2019-12-14 01:31:27.038315|[g:1][CONSENSUS]addRawPrepare,height=476,reqIdx=0,hash=7459e8ea...
info|2019-12-14 01:31:27.039919|[g:1][CONSENSUS][PBFT]checkTimeout Succ,view=2761,toView=2762,nodeIdx=2,changeCycle=0,myNode=b5a2d0a7...,timecost=1.456
info|2019-12-14 01:31:27.040810|[g:1][CONSENSUS][PBFT]checkAndChangeView: Reach consensus,org_view=2761,org_changeCycle=0,cur_changeCycle=0,to_view=2762
info|2019-12-14 01:31:28.043935|[g:1][CONSENSUS]addRawPrepare,height=476,reqIdx=1,hash=021a1d2c...
info|2019-12-14 01:31:28.047678|[g:1][CONSENSUS][PBFT]checkTimeout Succ,view=2762,toView=2763,nodeIdx=2,changeCycle=0,myNode=b5a2d0a7...,timecost=3.552
info|2019-12-14 01:31:28.049225|[g:1][CONSENSUS][PBFT]checkAndChangeView: Reach consensus,org_view=2762,org_changeCycle=0,cur_changeCycle=0,to_view=2763
info|2019-12-14 01:31:29.050396|[g:1][CONSENSUS][SEALER]++++++++++++++++ Generating seal on,blkNum=476,tx=0,nodeIdx=2,hash=cc803d7e...
info|2019-12-14 01:31:29.051604|[g:1][CONSENSUS][PBFT]checkTimeout Succ,view=2763,toView=2764,nodeIdx=2,changeCycle=0,myNode=b5a2d0a7...,timecost=0.513
info|2019-12-14 01:31:29.054962|[g:1][CONSENSUS][PBFT]checkAndChangeView: Reach consensus,org_view=2763,org_changeCycle=0,cur_changeCycle=0,to_view=2764
info|2019-12-14 01:31:30.056543|[g:1][CONSENSUS]addRawPrepare,height=476,reqIdx=3,hash=861864ed...
info|2019-12-14 01:31:30.057631|[g:1][CONSENSUS][PBFT]checkTimeout Succ,view=2764,toView=2765,nodeIdx=2,changeCycle=0,myNode=b5a2d0a7...,timecost=0.881
info|2019-12-14 01:31:30.062056|[g:1][CONSENSUS][PBFT]checkAndChangeView: Reach consensus,org_view=2764,org_changeCycle=0,cur_changeCycle=0,to_view=2765
info|2019-12-14 01:31:31.065431|[g:1][CONSENSUS]addRawPrepare,height=476,reqIdx=0,hash=6aed6af7...
info|2019-12-14 01:31:31.066162|[g:1][CONSENSUS][PBFT]checkTimeout Succ,view=2765,toView=2766,nodeIdx=2,changeCycle=0,myNode=b5a2d0a7...,timecost=0.576
info|2019-12-14 01:31:31.069997|[g:1][CONSENSUS][PBFT]checkAndChangeView: Reach consensus,org_view=2765,org_changeCycle=0,cur_changeCycle=0,to_view=2766
info|2019-12-14 01:31:32.070836|[g:1][CONSENSUS]addRawPrepare,height=476,reqIdx=1,hash=3f54caa5...
info|2019-12-14 01:31:32.071338|[g:1][CONSENSUS][PBFT]checkTimeout Succ,view=2766,toView=2767,nodeIdx=2,changeCycle=0,myNode=b5a2d0a7...,timecost=0.364
info|2019-12-14 01:31:32.073784|[g:1][CONSENSUS][PBFT]checkAndChangeView: Reach consensus,org_view=2766,org_changeCycle=0,cur_changeCycle=0,to_view=2767
info|2019-12-14 01:31:33.074332|[g:1][CONSENSUS][SEALER]++++++++++++++++ Generating seal on,blkNum=476,tx=0,nodeIdx=2,hash=a7f353e0...
info|2019-12-14 01:31:33.075679|[g:1][CONSENSUS][PBFT]checkTimeout Succ,view=2767,toView=2768,nodeIdx=2,changeCycle=0,myNode=b5a2d0a7...,timecost=0.745
info|2019-12-14 01:31:33.079771|[g:1][CONSENSUS][PBFT]checkAndChangeView: Reach consensus,org_view=2767,org_changeCycle=0,cur_changeCycle=0,to_view=2768
info|2019-12-14 01:31:34.079556|[g:1][CONSENSUS]addRawPrepare,height=476,reqIdx=3,hash=6841423b...
info|2019-12-14 01:31:34.080857|[g:1][CONSENSUS][PBFT]checkTimeout Succ,view=2768,toView=2769,nodeIdx=2,changeCycle=0,myNode=b5a2d0a7...,timecost=1.061
info|2019-12-14 01:31:34.082276|[g:1][CONSENSUS][PBFT]checkAndChangeView: Reach consensus,org_view=2768,org_changeCycle=0,cur_changeCycle=0,to_view=2769
info|2019-12-14 01:31:35.084904|[g:1][CONSENSUS]addRawPrepare,height=476,reqIdx=0,hash=949c51e6...
info|2019-12-14 01:31:35.087128|[g:1][CONSENSUS][PBFT]checkTimeout Succ,view=2769,toView=2770,nodeIdx=2,changeCycle=0,myNode=b5a2d0a7...,timecost=2.023
info|2019-12-14 01:31:35.088889|[g:1][CONSENSUS][PBFT]checkAndChangeView: Reach consensus,org_view=2769,org_changeCycle=0,cur_changeCycle=0,to_view=2770
info|2019-12-14 01:31:36.035687|[P2P][Service] heartBeat,connected count=3
info|2019-12-14 01:31:36.091383|[g:1][CONSENSUS]addRawPrepare,height=476,reqIdx=1,hash=29bff48d...
info|2019-12-14 01:31:36.092159|[g:1][CONSENSUS][PBFT]checkTimeout Succ,view=2770,toView=2771,nodeIdx=2,changeCycle=0,myNode=b5a2d0a7...,timecost=0.589
info|2019-12-14 01:31:36.093428|[g:1][CONSENSUS][PBFT]checkAndChangeView: Reach consensus,org_view=2770,org_changeCycle=0,cur_changeCycle=0,to_view=2771
info|2019-12-14 01:31:37.094545|[g:1][CONSENSUS][SEALER]++++++++++++++++ Generating seal on,blkNum=476,tx=0,nodeIdx=2,hash=7ef7bf3a...
info|2019-12-14 01:31:37.099265|[g:1][CONSENSUS][PBFT]checkTimeout Succ,view=2771,toView=2772,nodeIdx=2,changeCycle=0,myNode=b5a2d0a7...,timecost=0.596
info|2019-12-14 01:31:37.100088|[g:1][CONSENSUS][PBFT]checkAndChangeView: Reach consensus,org_view=2771,org_changeCycle=0,cur_changeCycle=0,to_view=2772
info|2019-12-14 01:31:38.102335|[g:1][CONSENSUS]addRawPrepare,height=476,reqIdx=3,hash=4bc33bec...
info|2019-12-14 01:31:38.103089|[g:1][CONSENSUS][PBFT]checkTimeout Succ,view=2772,toView=2773,nodeIdx=2,changeCycle=0,myNode=b5a2d0a7...,timecost=0.548
info|2019-12-14 01:31:38.104345|[g:1][CONSENSUS][PBFT]checkAndChangeView: Reach consensus,org_view=2772,org_changeCycle=0,cur_changeCycle=0,to_view=2773
info|2019-12-14 01:31:39.107175|[g:1][CONSENSUS]addRawPrepare,height=476,reqIdx=0,hash=794def3f...
info|2019-12-14 01:31:39.108384|[g:1][CONSENSUS][PBFT]checkTimeout Succ,view=2773,toView=2774,nodeIdx=2,changeCycle=0,myNode=b5a2d0a7...,timecost=0.969
info|2019-12-14 01:31:39.112042|[g:1][CONSENSUS][PBFT]checkAndChangeView: Reach consensus,org_view=2773,org_changeCycle=0,cur_changeCycle=0,to_view=2774
info|2019-12-14 01:31:40.115013|[g:1][CONSENSUS]addRawPrepare,height=476,reqIdx=1,hash=043a74dc...
info|2019-12-14 01:31:40.115556|[g:1][CONSENSUS][PBFT]checkTimeout Succ,view=2774,toView=2775,nodeIdx=2,changeCycle=0,myNode=b5a2d0a7...,timecost=0.4
info|2019-12-14 01:31:40.117085|[g:1][CONSENSUS][PBFT]checkAndChangeView: Reach consensus,org_view=2774,org_changeCycle=0,cur_changeCycle=0,to_view=2775
info|2019-12-14 01:31:41.117639|[g:1][CONSENSUS][SEALER]++++++++++++++++ Generating seal on,blkNum=476,tx=0,nodeIdx=2,hash=981740b2...
info|2019-12-14 01:31:41.118643|[g:1][CONSENSUS][PBFT]checkTimeout Succ,view=2775,toView=2776,nodeIdx=2,changeCycle=0,myNode=b5a2d0a7...,timecost=0.731
info|2019-12-14 01:31:41.122383|[g:1][CONSENSUS][PBFT]checkAndChangeView: Reach consensus,org_view=2775,org_changeCycle=0,cur_changeCycle=0,to_view=2776
info|2019-12-14 01:31:42.126818|[g:1][CONSENSUS]addRawPrepare,height=476,reqIdx=3,hash=078e2786...
info|2019-12-14 01:31:42.127825|[g:1][CONSENSUS][PBFT]checkTimeout Succ,view=2776,toView=2777,nodeIdx=2,changeCycle=0,myNode=b5a2d0a7...,timecost=0.771
info|2019-12-14 01:31:42.131380|[g:1][CONSENSUS][PBFT]checkAndChangeView: Reach consensus,org_view=2776,org_changeCycle=0,cur_changeCycle=0,to_view=2777
info|2019-12-14 01:31:43.133577|[g:1][CONSENSUS]addRawPrepare,height=476,reqIdx=0,hash=9b15baef...
info|2019-12-14 01:31:43.135860|[g:1][CONSENSUS][PBFT]checkTimeout Succ,view=2777,toView=2778,nodeIdx=2,changeCycle=0,myNode=b5a2d0a7...,timecost=2.042
info|2019-12-14 01:31:43.138490|[g:1][CONSENSUS][PBFT]checkAndChangeView: Reach consensus,org_view=2777,org_changeCycle=0,cur_changeCycle=0,to_view=2778
info|2019-12-14 01:31:44.141535|[g:1][CONSENSUS]addRawPrepare,height=476,reqIdx=1,hash=9c07f2ab...
info|2019-12-14 01:31:44.142313|[g:1][CONSENSUS][PBFT]checkTimeout Succ,view=2778,toView=2779,nodeIdx=2,changeCycle=0,myNode=b5a2d0a7...,timecost=0.606
info|2019-12-14 01:31:44.145767|[g:1][CONSENSUS][PBFT]checkAndChangeView: Reach consensus,org_view=2778,org_changeCycle=0,cur_changeCycle=0,to_view=2779
info|2019-12-14 01:31:45.145712|[g:1][CONSENSUS][SEALER]++++++++++++++++ Generating seal on,blkNum=476,tx=0,nodeIdx=2,hash=41cf6f26...
info|2019-12-14 01:31:45.147066|[g:1][CONSENSUS][PBFT]checkTimeout Succ,view=2779,toView=2780,nodeIdx=2,changeCycle=0,myNode=b5a2d0a7...,timecost=0.746
info|2019-12-14 01:31:45.155129|[g:1][CONSENSUS][PBFT]checkAndChangeView: Reach consensus,org_view=2779,org_changeCycle=0,cur_changeCycle=0,to_view=2780
info|2019-12-14 01:31:46.035890|[P2P][Service] heartBeat,connected count=3
info|2019-12-14 01:31:46.158793|[g:1][CONSENSUS]addRawPrepare,height=476,reqIdx=3,hash=80100776...
info|2019-12-14 01:31:46.159819|[g:1][CONSENSUS][PBFT]checkTimeout Succ,view=2780,toView=2781,nodeIdx=2,changeCycle=0,myNode=b5a2d0a7...,timecost=0.802
info|2019-12-14 01:31:46.164419|[g:1][CONSENSUS][PBFT]checkAndChangeView: Reach consensus,org_view=2780,org_changeCycle=0,cur_changeCycle=0,to_view=2781
info|2019-12-14 01:31:47.169438|[g:1][CONSENSUS]addRawPrepare,height=476,reqIdx=0,hash=9d1fd450...
info|2019-12-14 01:31:47.170795|[g:1][CONSENSUS][PBFT]checkTimeout Succ,view=2781,toView=2782,nodeIdx=2,changeCycle=0,myNode=b5a2d0a7...,timecost=1.144
info|2019-12-14 01:31:47.174958|[g:1][CONSENSUS][PBFT]checkAndChangeView: Reach consensus,org_view=2781,org_changeCycle=0,cur_changeCycle=0,to_view=2782
info|2019-12-14 01:31:48.177139|[g:1][CONSENSUS]addRawPrepare,height=476,reqIdx=1,hash=215f7e8c...
info|2019-12-14 01:31:48.178582|[g:1][CONSENSUS][PBFT]checkTimeout Succ,view=2782,toView=2783,nodeIdx=2,changeCycle=0,myNode=b5a2d0a7...,timecost=1.242
info|2019-12-14 01:31:48.180528|[g:1][CONSENSUS][PBFT]checkAndChangeView: Reach consensus,org_view=2782,org_changeCycle=0,cur_changeCycle=0,to_view=2783
info|2019-12-14 01:31:49.181352|[g:1][CONSENSUS][SEALER]++++++++++++++++ Generating seal on,blkNum=476,tx=0,nodeIdx=2,hash=b22aa026...
info|2019-12-14 01:31:49.182789|[g:1][CONSENSUS][PBFT]checkTimeout Succ,view=2783,toView=2784,nodeIdx=2,changeCycle=0,myNode=b5a2d0a7...,timecost=0.906
info|2019-12-14 01:31:49.189333|[g:1][CONSENSUS][PBFT]checkAndChangeView: Reach consensus,org_view=2783,org_changeCycle=0,cur_changeCycle=0,to_view=2784
info|2019-12-14 01:31:50.190011|[g:1][CONSENSUS]addRawPrepare,height=476,reqIdx=3,hash=aac2ed95...
info|2019-12-14 01:31:50.191978|[g:1][CONSENSUS][PBFT]checkTimeout Succ,view=2784,toView=2785,nodeIdx=2,changeCycle=0,myNode=b5a2d0a7...,timecost=1.717
info|2019-12-14 01:31:50.194440|[g:1][CONSENSUS][PBFT]checkAndChangeView: Reach consensus,org_view=2784,org_changeCycle=0,cur_changeCycle=0,to_view=2785
info|2019-12-14 01:31:51.196481|[g:1][CONSENSUS]addRawPrepare,height=476,reqIdx=0,hash=fc040278...
info|2019-12-14 01:31:51.197473|[g:1][CONSENSUS][PBFT]checkTimeout Succ,view=2785,toView=2786,nodeIdx=2,changeCycle=0,myNode=b5a2d0a7...,timecost=0.763
info|2019-12-14 01:31:51.202024|[g:1][CONSENSUS][PBFT]checkAndChangeView: Reach consensus,org_view=2785,org_changeCycle=0,cur_changeCycle=0,to_view=2786
info|2019-12-14 01:31:52.206830|[g:1][CONSENSUS]addRawPrepare,height=476,reqIdx=1,hash=9ef2bc7a...
info|2019-12-14 01:31:52.209225|[g:1][CONSENSUS][PBFT]checkTimeout Succ,view=2786,toView=2787,nodeIdx=2,changeCycle=0,myNode=b5a2d0a7...,timecost=2.147
info|2019-12-14 01:31:52.213591|[g:1][CONSENSUS][PBFT]checkAndChangeView: Reach consensus,org_view=2786,org_changeCycle=0,cur_changeCycle=0,to_view=2787
info|2019-12-14 01:31:53.214744|[g:1][CONSENSUS][SEALER]++++++++++++++++ Generating seal on,blkNum=476,tx=0,nodeIdx=2,hash=0db59760...
info|2019-12-14 01:31:53.216232|[g:1][CONSENSUS][PBFT]checkTimeout Succ,view=2787,toView=2788,nodeIdx=2,changeCycle=0,myNode=b5a2d0a7...,timecost=0.955
info|2019-12-14 01:31:53.223738|[g:1][CONSENSUS][PBFT]checkAndChangeView: Reach consensus,org_view=2787,org_changeCycle=0,cur_changeCycle=0,to_view=2788
info|2019-12-14 01:31:54.225441|[g:1][CONSENSUS]addRawPrepare,height=476,reqIdx=3,hash=0f08f961...
info|2019-12-14 01:31:54.227568|[g:1][CONSENSUS][PBFT]checkTimeout Succ,view=2788,toView=2789,nodeIdx=2,changeCycle=0,myNode=b5a2d0a7...,timecost=1.929
info|2019-12-14 01:31:54.229562|[g:1][CONSENSUS][PBFT]checkAndChangeView: Reach consensus,org_view=2788,org_changeCycle=0,cur_changeCycle=0,to_view=2789
info|2019-12-14 01:31:55.230976|[g:1][CONSENSUS]addRawPrepare,height=476,reqIdx=0,hash=dc062871...
info|2019-12-14 01:31:55.232294|[g:1][CONSENSUS][PBFT]checkTimeout Succ,view=2789,toView=2790,nodeIdx=2,changeCycle=0,myNode=b5a2d0a7...,timecost=1.005
info|2019-12-14 01:31:55.237481|[g:1][CONSENSUS][PBFT]checkAndChangeView: Reach consensus,org_view=2789,org_changeCycle=0,cur_changeCycle=0,to_view=2790
info|2019-12-14 01:31:56.043420|[P2P][Service] heartBeat,connected count=3
info|2019-12-14 01:31:56.238643|[g:1][CONSENSUS]addRawPrepare,height=476,reqIdx=1,hash=005e948e...
info|2019-12-14 01:31:56.239820|[g:1][CONSENSUS][PBFT]checkTimeout Succ,view=2790,toView=2791,nodeIdx=2,changeCycle=0,myNode=b5a2d0a7...,timecost=0.883
info|2019-12-14 01:31:56.244955|[g:1][CONSENSUS][PBFT]checkAndChangeView: Reach consensus,org_view=2790,org_changeCycle=0,cur_changeCycle=0,to_view=2791
info|2019-12-14 01:31:57.246488|[g:1][CONSENSUS][SEALER]++++++++++++++++ Generating seal on,blkNum=476,tx=0,nodeIdx=2,hash=d1d35c18...
info|2019-12-14 01:31:57.247978|[g:1][CONSENSUS][PBFT]checkTimeout Succ,view=2791,toView=2792,nodeIdx=2,changeCycle=0,myNode=b5a2d0a7...,timecost=0.852
info|2019-12-14 01:31:57.254484|[g:1][CONSENSUS][PBFT]checkAndChangeView: Reach consensus,org_view=2791,org_changeCycle=0,cur_changeCycle=0,to_view=2792
info|2019-12-14 01:31:58.258020|[g:1][CONSENSUS]addRawPrepare,height=476,reqIdx=3,hash=4e47df04...
info|2019-12-14 01:31:58.259233|[g:1][CONSENSUS][PBFT]checkTimeout Succ,view=2792,toView=2793,nodeIdx=2,changeCycle=0,myNode=b5a2d0a7...,timecost=0.981
info|2019-12-14 01:31:58.263095|[g:1][CONSENSUS][PBFT]checkAndChangeView: Reach consensus,org_view=2792,org_changeCycle=0,cur_changeCycle=0,to_view=2793
info|2019-12-14 01:31:59.267517|[g:1][CONSENSUS]addRawPrepare,height=476,reqIdx=0,hash=01be55b3...
info|2019-12-14 01:31:59.269801|[g:1][CONSENSUS][PBFT]checkTimeout Succ,view=2793,toView=2794,nodeIdx=2,changeCycle=0,myNode=b5a2d0a7...,timecost=2.035
info|2019-12-14 01:31:59.272704|[g:1][CONSENSUS][PBFT]checkAndChangeView: Reach consensus,org_view=2793,org_changeCycle=0,cur_changeCycle=0,to_view=2794
info|2019-12-14 01:32:00.274943|[g:1][CONSENSUS]addRawPrepare,height=476,reqIdx=1,hash=423a5d68...
info|2019-12-14 01:32:00.278099|[g:1][CONSENSUS][PBFT]checkTimeout Succ,view=2794,toView=2795,nodeIdx=2,changeCycle=0,myNode=b5a2d0a7...,timecost=2.896
info|2019-12-14 01:32:00.281837|[g:1][CONSENSUS][PBFT]checkAndChangeView: Reach consensus,org_view=2794,org_changeCycle=0,cur_changeCycle=0,to_view=2795
info|2019-12-14 01:32:01.282092|[g:1][CONSENSUS][SEALER]++++++++++++++++ Generating seal on,blkNum=476,tx=0,nodeIdx=2,hash=2237cf5d...
info|2019-12-14 01:32:01.287410|[g:1][CONSENSUS][PBFT]checkTimeout Succ,view=2795,toView=2796,nodeIdx=2,changeCycle=0,myNode=b5a2d0a7...,timecost=0.825
info|2019-12-14 01:32:01.290310|[g:1][CONSENSUS][PBFT]checkAndChangeView: Reach consensus,org_view=2795,org_changeCycle=0,cur_changeCycle=0,to_view=2796
info|2019-12-14 01:32:02.294170|[g:1][CONSENSUS]addRawPrepare,height=476,reqIdx=3,hash=c9b3da69...
info|2019-12-14 01:32:02.294700|[g:1][CONSENSUS][PBFT]checkTimeout Succ,view=2796,toView=2797,nodeIdx=2,changeCycle=0,myNode=b5a2d0a7...,timecost=0.403
info|2019-12-14 01:32:02.296196|[g:1][CONSENSUS][PBFT]checkAndChangeView: Reach consensus,org_view=2796,org_changeCycle=0,cur_changeCycle=0,to_view=2797
info|2019-12-14 01:32:03.299017|[g:1][CONSENSUS]addRawPrepare,height=476,reqIdx=0,hash=888878dd...
info|2019-12-14 01:32:03.299688|[g:1][CONSENSUS][PBFT]checkTimeout Succ,view=2797,toView=2798,nodeIdx=2,changeCycle=0,myNode=b5a2d0a7...,timecost=0.467
info|2019-12-14 01:32:03.301345|[g:1][CONSENSUS][PBFT]checkAndChangeView: Reach consensus,org_view=2797,org_changeCycle=0,cur_changeCycle=0,to_view=2798
info|2019-12-14 01:32:04.303682|[g:1][CONSENSUS]addRawPrepare,height=476,reqIdx=1,hash=be492e23...
info|2019-12-14 01:32:04.305260|[g:1][CONSENSUS][PBFT]checkTimeout Succ,view=2798,toView=2799,nodeIdx=2,changeCycle=0,myNode=b5a2d0a7...,timecost=0.745
info|2019-12-14 01:32:04.306911|[g:1][CONSENSUS][PBFT]checkAndChangeView: Reach consensus,org_view=2798,org_changeCycle=0,cur_changeCycle=0,to_view=2799
info|2019-12-14 01:32:05.306467|[g:1][CONSENSUS][SEALER]++++++++++++++++ Generating seal on,blkNum=476,tx=0,nodeIdx=2,hash=b440c3e6...
info|2019-12-14 01:32:05.307823|[g:1][CONSENSUS][PBFT]checkTimeout Succ,view=2799,toView=2800,nodeIdx=2,changeCycle=0,myNode=b5a2d0a7...,timecost=0.827
info|2019-12-14 01:32:05.314028|[g:1][CONSENSUS][PBFT]checkAndChangeView: Reach consensus,org_view=2799,org_changeCycle=0,cur_changeCycle=0,to_view=2800
info|2019-12-14 01:32:06.048817|[P2P][Service] heartBeat,connected count=3
info|2019-12-14 01:32:06.315042|[g:1][CONSENSUS]addRawPrepare,height=476,reqIdx=3,hash=341f59ee...
info|2019-12-14 01:32:06.317315|[g:1][CONSENSUS][PBFT]checkTimeout Succ,view=2800,toView=2801,nodeIdx=2,changeCycle=0,myNode=b5a2d0a7...,timecost=2.004
info|2019-12-14 01:32:06.319142|[g:1][CONSENSUS][PBFT]checkAndChangeView: Reach consensus,org_view=2800,org_changeCycle=0,cur_changeCycle=0,to_view=2801
info|2019-12-14 01:32:07.322099|[g:1][CONSENSUS]addRawPrepare,height=476,reqIdx=0,hash=56d3b874...
info|2019-12-14 01:32:07.323459|[g:1][CONSENSUS][PBFT]checkTimeout Succ,view=2801,toView=2802,nodeIdx=2,changeCycle=0,myNode=b5a2d0a7...,timecost=1.103
info|2019-12-14 01:32:07.324933|[g:1][CONSENSUS][PBFT]checkAndChangeView: Reach consensus,org_view=2801,org_changeCycle=0,cur_changeCycle=0,to_view=2802
info|2019-12-14 01:32:08.327427|[g:1][CONSENSUS]addRawPrepare,height=476,reqIdx=1,hash=8ab9d8a0...
info|2019-12-14 01:32:08.328301|[g:1][CONSENSUS][PBFT]checkTimeout Succ,view=2802,toView=2803,nodeIdx=2,changeCycle=0,myNode=b5a2d0a7...,timecost=0.698
info|2019-12-14 01:32:08.330593|[g:1][CONSENSUS][PBFT]checkAndChangeView: Reach consensus,org_view=2802,org_changeCycle=0,cur_changeCycle=0,to_view=2803
info|2019-12-14 01:32:09.330546|[g:1][CONSENSUS][SEALER]++++++++++++++++ Generating seal on,blkNum=476,tx=0,nodeIdx=2,hash=7466f087...
info|2019-12-14 01:32:09.332081|[g:1][CONSENSUS][PBFT]checkTimeout Succ,view=2803,toView=2804,nodeIdx=2,changeCycle=0,myNode=b5a2d0a7...,timecost=0.864
info|2019-12-14 01:32:09.337353|[g:1][CONSENSUS][PBFT]checkAndChangeView: Reach consensus,org_view=2803,org_changeCycle=0,cur_changeCycle=0,to_view=2804
info|2019-12-14 01:32:10.343157|[g:1][CONSENSUS]addRawPrepare,height=476,reqIdx=3,hash=a4da20c2...
info|2019-12-14 01:32:10.345046|[g:1][CONSENSUS][PBFT]checkTimeout Succ,view=2804,toView=2805,nodeIdx=2,changeCycle=0,myNode=b5a2d0a7...,timecost=1.321
info|2019-12-14 01:32:10.346638|[g:1][CONSENSUS][PBFT]checkAndChangeView: Reach consensus,org_view=2804,org_changeCycle=0,cur_changeCycle=0,to_view=2805
info|2019-12-14 01:32:11.348886|[g:1][CONSENSUS]addRawPrepare,height=476,reqIdx=0,hash=f86abdb6...
info|2019-12-14 01:32:11.350679|[g:1][CONSENSUS][PBFT]checkTimeout Succ,view=2805,toView=2806,nodeIdx=2,changeCycle=0,myNode=b5a2d0a7...,timecost=1.507
info|2019-12-14 01:32:11.354420|[g:1][CONSENSUS][PBFT]checkAndChangeView: Reach consensus,org_view=2805,org_changeCycle=0,cur_changeCycle=0,to_view=2806
info|2019-12-14 01:32:12.357732|[g:1][CONSENSUS]addRawPrepare,height=476,reqIdx=1,hash=110f392b...
info|2019-12-14 01:32:12.358987|[g:1][CONSENSUS][PBFT]checkTimeout Succ,view=2806,toView=2807,nodeIdx=2,changeCycle=0,myNode=b5a2d0a7...,timecost=0.861
info|2019-12-14 01:32:12.362574|[g:1][CONSENSUS][PBFT]checkAndChangeView: Reach consensus,org_view=2806,org_changeCycle=0,cur_changeCycle=0,to_view=2807
info|2019-12-14 01:32:13.362508|[g:1][CONSENSUS][SEALER]++++++++++++++++ Generating seal on,blkNum=476,tx=0,nodeIdx=2,hash=391e0560...
info|2019-12-14 01:32:13.367430|[g:1][CONSENSUS][PBFT]checkTimeout Succ,view=2807,toView=2808,nodeIdx=2,changeCycle=0,myNode=b5a2d0a7...,timecost=0.789
info|2019-12-14 01:32:13.370119|[g:1][CONSENSUS][PBFT]checkAndChangeView: Reach consensus,org_view=2807,org_changeCycle=0,cur_changeCycle=0,to_view=2808
info|2019-12-14 01:32:14.375180|[g:1][CONSENSUS]addRawPrepare,height=476,reqIdx=3,hash=5a636ae8...
info|2019-12-14 01:32:14.376985|[g:1][CONSENSUS][PBFT]checkTimeout Succ,view=2808,toView=2809,nodeIdx=2,changeCycle=0,myNode=b5a2d0a7...,timecost=1.358
info|2019-12-14 01:32:14.380837|[g:1][CONSENSUS][PBFT]checkAndChangeView: Reach consensus,org_view=2808,org_changeCycle=0,cur_changeCycle=0,to_view=2809
info|2019-12-14 01:32:15.384666|[g:1][CONSENSUS]addRawPrepare,height=476,reqIdx=0,hash=bc37cddd...
info|2019-12-14 01:32:15.386376|[g:1][CONSENSUS][PBFT]checkTimeout Succ,view=2809,toView=2810,nodeIdx=2,changeCycle=0,myNode=b5a2d0a7...,timecost=0.924
info|2019-12-14 01:32:15.389628|[g:1][CONSENSUS][PBFT]checkAndChangeView: Reach consensus,org_view=2809,org_changeCycle=0,cur_changeCycle=0,to_view=2810
info|2019-12-14 01:32:16.052005|[P2P][Service] heartBeat,connected count=3
info|2019-12-14 01:32:16.393434|[g:1][CONSENSUS]addRawPrepare,height=476,reqIdx=1,hash=1aaeb4ff...
info|2019-12-14 01:32:16.394409|[g:1][CONSENSUS][PBFT]checkTimeout Succ,view=2810,toView=2811,nodeIdx=2,changeCycle=0,myNode=b5a2d0a7...,timecost=0.74
info|2019-12-14 01:32:16.400539|[g:1][CONSENSUS][PBFT]checkAndChangeView: Reach consensus,org_view=2810,org_changeCycle=0,cur_changeCycle=0,to_view=2811
