warning|2019-12-14 04:04:42.009786|[g:1][CONSENSUS][PBFT]ViewChangeWarning: not caused by omit empty block ,v=2862,toV=2863,curNum=475,hash=ad338c6e...,nodeIdx=2,myNode=b5a2d0a7...
info|2019-12-14 04:04:42.009953|[g:1][CONSENSUS][PBFT]checkTimeout Succ,view=2862,toView=2863,nodeIdx=2,changeCycle=1,myNode=b5a2d0a7...,timecost=0.61
info|2019-12-14 04:04:42.015265|[P2P][Service] heartBeat,connected count=3
info|2019-12-14 04:04:42.024085|[g:1][CONSENSUS][PBFT]checkAndChangeView: Reach consensus,org_view=2862,org_changeCycle=1,cur_changeCycle=1,to_view=2863
info|2019-12-14 04:04:43.024690|[g:1][CONSENSUS][SEALER]++++++++++++++++ Generating seal on,blkNum=476,tx=0,nodeIdx=2,hash=f727bf60...
info|2019-12-14 04:04:43.025473|[g:1][CONSENSUS][PBFT]checkTimeout Succ,view=2863,toView=2864,nodeIdx=2,changeCycle=0,myNode=b5a2d0a7...,timecost=0.435
info|2019-12-14 04:04:43.027714|[g:1][CONSENSUS][PBFT]checkAndChangeView: Reach consensus,org_view=2863,org_changeCycle=0,cur_changeCycle=0,to_view=2864
info|2019-12-14 04:04:44.030716|[g:1][CONSENSUS]addRawPrepare,height=476,reqIdx=3,hash=6b9a5b40...
info|2019-12-14 04:04:44.031550|[g:1][CONSENSUS][PBFT]checkTimeout Succ,view=2864,toView=2865,nodeIdx=2,changeCycle=0,myNode=b5a2d0a7...,timecost=0.648
info|2019-12-14 04:04:44.035224|[g:1][CONSENSUS][PBFT]checkAndChangeView: Reach consensus,org_view=2864,org_changeCycle=0,cur_changeCycle=0,to_view=2865
info|2019-12-14 04:04:45.037348|[g:1][CONSENSUS]addRawPrepare,height=476,reqIdx=0,hash=65e26490...
info|2019-12-14 04:04:45.038654|[g:1][CONSENSUS][PBFT]checkTimeout Succ,view=2865,toView=2866,nodeIdx=2,changeCycle=0,myNode=b5a2d0a7...,timecost=0.962
info|2019-12-14 04:04:45.041555|[g:1][CONSENSUS][PBFT]checkAndChangeView: Reach consensus,org_view=2865,org_changeCycle=0,cur_changeCycle=0,to_view=2866
info|2019-12-14 04:04:46.296873|[g:1][CONSENSUS]addRawPrepare,height=476,reqIdx=1,hash=6f7b8eae...
info|2019-12-14 04:04:46.297411|[g:1][CONSENSUS][PBFT]checkTimeout Succ,view=2866,toView=2867,nodeIdx=2,changeCycle=0,myNode=b5a2d0a7...,timecost=0.403
info|2019-12-14 04:04:46.300130|[g:1][CONSENSUS][PBFT]checkAndChangeView: Reach consensus,org_view=2866,org_changeCycle=0,cur_changeCycle=0,to_view=2867
info|2019-12-14 04:04:47.300666|[g:1][CONSENSUS][SEALER]++++++++++++++++ Generating seal on,blkNum=476,tx=0,nodeIdx=2,hash=ee7f55f1...
info|2019-12-14 04:04:47.302083|[g:1][CONSENSUS][PBFT]checkTimeout Succ,view=2867,toView=2868,nodeIdx=2,changeCycle=0,myNode=b5a2d0a7...,timecost=0.888
info|2019-12-14 04:04:47.308099|[g:1][CONSENSUS][PBFT]checkAndChangeView: Reach consensus,org_view=2867,org_changeCycle=0,cur_changeCycle=0,to_view=2868
info|2019-12-14 04:04:48.310386|[g:1][CONSENSUS]addRawPrepare,height=476,reqIdx=3,hash=49639a2b...
info|2019-12-14 04:04:48.312282|[g:1][CONSENSUS][PBFT]checkTimeout Succ,view=2868,toView=2869,nodeIdx=2,changeCycle=0,myNode=b5a2d0a7...,timecost=1.655
info|2019-12-14 04:04:48.314801|[g:1][CONSENSUS][PBFT]checkAndChangeView: Reach consensus,org_view=2868,org_changeCycle=0,cur_changeCycle=0,to_view=2869
info|2019-12-14 04:04:49.321738|[g:1][CONSENSUS]addRawPrepare,height=476,reqIdx=0,hash=3ecb1262...
info|2019-12-14 04:04:49.322637|[g:1][CONSENSUS][PBFT]checkTimeout Succ,view=2869,toView=2870,nodeIdx=2,changeCycle=0,myNode=b5a2d0a7...,timecost=0.66
info|2019-12-14 04:04:49.327259|[g:1][CONSENSUS][PBFT]checkAndChangeView: Reach consensus,org_view=2869,org_changeCycle=0,cur_changeCycle=0,to_view=2870
info|2019-12-14 04:04:50.331578|[g:1][CONSENSUS]addRawPrepare,height=476,reqIdx=1,hash=1e2f982d...
info|2019-12-14 04:04:50.332624|[g:1][CONSENSUS][PBFT]checkTimeout Succ,view=2870,toView=2871,nodeIdx=2,changeCycle=0,myNode=b5a2d0a7...,timecost=0.777
info|2019-12-14 04:04:50.337077|[g:1][CONSENSUS][PBFT]checkAndChangeView: Reach consensus,org_view=2870,org_changeCycle=0,cur_changeCycle=0,to_view=2871
info|2019-12-14 04:04:51.338378|[g:1][CONSENSUS][SEALER]++++++++++++++++ Generating seal on,blkNum=476,tx=0,nodeIdx=2,hash=a69ac9f9...
info|2019-12-14 04:04:51.342497|[g:1][CONSENSUS][PBFT]checkTimeout Succ,view=2871,toView=2872,nodeIdx=2,changeCycle=0,myNode=b5a2d0a7...,timecost=0.581
info|2019-12-14 04:04:51.344101|[g:1][CONSENSUS][PBFT]checkAndChangeView: Reach consensus,org_view=2871,org_changeCycle=0,cur_changeCycle=0,to_view=2872
info|2019-12-14 04:04:52.024581|[P2P][Service] heartBeat,connected count=3
info|2019-12-14 04:04:52.346792|[g:1][CONSENSUS]addRawPrepare,height=476,reqIdx=3,hash=7eaadb20...
info|2019-12-14 04:04:52.349209|[g:1][CONSENSUS][PBFT]checkTimeout Succ,view=2872,toView=2873,nodeIdx=2,changeCycle=0,myNode=b5a2d0a7...,timecost=2.159
info|2019-12-14 04:04:52.352902|[g:1][CONSENSUS][PBFT]checkAndChangeView: Reach consensus,org_view=2872,org_changeCycle=0,cur_changeCycle=0,to_view=2873
info|2019-12-14 04:04:53.354011|[g:1][CONSENSUS]addRawPrepare,height=476,reqIdx=0,hash=cae00b66...
info|2019-12-14 04:04:53.355766|[g:1][CONSENSUS][PBFT]checkTimeout Succ,view=2873,toView=2874,nodeIdx=2,changeCycle=0,myNode=b5a2d0a7...,timecost=1.496
info|2019-12-14 04:04:53.361773|[g:1][CONSENSUS][PBFT]checkAndChangeView: Reach consensus,org_view=2873,org_changeCycle=0,cur_changeCycle=0,to_view=2874
info|2019-12-14 04:04:54.361926|[g:1][CONSENSUS]addRawPrepare,height=476,reqIdx=1,hash=4d4ed142...
info|2019-12-14 04:04:54.363251|[g:1][CONSENSUS][PBFT]checkTimeout Succ,view=2874,toView=2875,nodeIdx=2,changeCycle=0,myNode=b5a2d0a7...,timecost=1.058
info|2019-12-14 04:04:54.366289|[g:1][CONSENSUS][PBFT]checkAndChangeView: Reach consensus,org_view=2874,org_changeCycle=0,cur_changeCycle=0,to_view=2875
info|2019-12-14 04:04:55.367091|[g:1][CONSENSUS][SEALER]++++++++++++++++ Generating seal on,blkNum=476,tx=0,nodeIdx=2,hash=c0fdc1a6...
info|2019-12-14 04:04:55.368497|[g:1][CONSENSUS][PBFT]checkTimeout Succ,view=2875,toView=2876,nodeIdx=2,changeCycle=0,myNode=b5a2d0a7...,timecost=0.883
info|2019-12-14 04:04:55.373869|[g:1][CONSENSUS][PBFT]checkAndChangeView: Reach consensus,org_view=2875,org_changeCycle=0,cur_changeCycle=0,to_view=2876
info|2019-12-14 04:04:56.379235|[g:1][CONSENSUS]addRawPrepare,height=476,reqIdx=3,hash=7a66470f...
info|2019-12-14 04:04:56.381109|[g:1][CONSENSUS][PBFT]checkTimeout Succ,view=2876,toView=2877,nodeIdx=2,changeCycle=0,myNode=b5a2d0a7...,timecost=0.942
info|2019-12-14 04:04:56.385054|[g:1][CONSENSUS][PBFT]checkAndChangeView: Reach consensus,org_view=2876,org_changeCycle=0,cur_changeCycle=0,to_view=2877
info|2019-12-14 04:04:57.388238|[g:1][CONSENSUS]addRawPrepare,height=476,reqIdx=0,hash=ced00c4e...
info|2019-12-14 04:04:57.389580|[g:1][CONSENSUS][PBFT]checkTimeout Succ,view=2877,toView=2878,nodeIdx=2,changeCycle=0,myNode=b5a2d0a7...,timecost=1.178
info|2019-12-14 04:04:57.393906|[g:1][CONSENSUS][PBFT]checkAndChangeView: Reach consensus,org_view=2877,org_changeCycle=0,cur_changeCycle=0,to_view=2878
info|2019-12-14 04:04:58.396630|[g:1][CONSENSUS]addRawPrepare,height=476,reqIdx=1,hash=bb14acfa...
info|2019-12-14 04:04:58.397701|[g:1][CONSENSUS][PBFT]checkTimeout Succ,view=2878,toView=2879,nodeIdx=2,changeCycle=0,myNode=b5a2d0a7...,timecost=0.827
info|2019-12-14 04:04:58.400996|[g:1][CONSENSUS][PBFT]checkAndChangeView: Reach consensus,org_view=2878,org_changeCycle=0,cur_changeCycle=0,to_view=2879
info|2019-12-14 04:04:59.402192|[g:1][CONSENSUS][SEALER]++++++++++++++++ Generating seal on,blkNum=476,tx=0,nodeIdx=2,hash=7204ad79...
info|2019-12-14 04:04:59.403378|[g:1][CONSENSUS][PBFT]checkTimeout Succ,view=2879,toView=2880,nodeIdx=2,changeCycle=0,myNode=b5a2d0a7...,timecost=0.666
info|2019-12-14 04:04:59.407452|[g:1][CONSENSUS][PBFT]checkAndChangeView: Reach consensus,org_view=2879,org_changeCycle=0,cur_changeCycle=0,to_view=2880
info|2019-12-14 04:05:00.411016|[g:1][CONSENSUS]addRawPrepare,height=476,reqIdx=3,hash=0b68f70a...
info|2019-12-14 04:05:00.412047|[g:1][CONSENSUS][PBFT]checkTimeout Succ,view=2880,toView=2881,nodeIdx=2,changeCycle=0,myNode=b5a2d0a7...,timecost=0.822
info|2019-12-14 04:05:00.416997|[g:1][CONSENSUS][PBFT]checkAndChangeView: Reach consensus,org_view=2880,org_changeCycle=0,cur_changeCycle=0,to_view=2881
info|2019-12-14 04:05:01.419858|[g:1][CONSENSUS]addRawPrepare,height=476,reqIdx=0,hash=dfdb9403...
info|2019-12-14 04:05:01.420901|[g:1][CONSENSUS][PBFT]checkTimeout Succ,view=2881,toView=2882,nodeIdx=2,changeCycle=0,myNode=b5a2d0a7...,timecost=0.722
info|2019-12-14 04:05:01.424214|[g:1][CONSENSUS][PBFT]checkAndChangeView: Reach consensus,org_view=2881,org_changeCycle=0,cur_changeCycle=0,to_view=2882
info|2019-12-14 04:05:02.030168|[P2P][Service] heartBeat,connected count=3
info|2019-12-14 04:05:02.426761|[g:1][CONSENSUS]addRawPrepare,height=476,reqIdx=1,hash=9484659e...
info|2019-12-14 04:05:02.427815|[g:1][CONSENSUS][PBFT]checkTimeout Succ,view=2882,toView=2883,nodeIdx=2,changeCycle=0,myNode=b5a2d0a7...,timecost=0.704
info|2019-12-14 04:05:02.431134|[g:1][CONSENSUS][PBFT]checkAndChangeView: Reach consensus,org_view=2882,org_changeCycle=0,cur_changeCycle=0,to_view=2883
info|2019-12-14 04:05:03.431417|[g:1][CONSENSUS][SEALER]++++++++++++++++ Generating seal on,blkNum=476,tx=0,nodeIdx=2,hash=fecdcbc8...
info|2019-12-14 04:05:03.432479|[g:1][CONSENSUS][PBFT]checkTimeout Succ,view=2883,toView=2884,nodeIdx=2,changeCycle=0,myNode=b5a2d0a7...,timecost=0.736
info|2019-12-14 04:05:03.435417|[g:1][CONSENSUS][PBFT]checkAndChangeView: Reach consensus,org_view=2883,org_changeCycle=0,cur_changeCycle=0,to_view=2884
info|2019-12-14 04:05:04.438709|[g:1][CONSENSUS]addRawPrepare,height=476,reqIdx=3,hash=5bb03cae...
info|2019-12-14 04:05:04.440006|[g:1][CONSENSUS][PBFT]checkTimeout Succ,view=2884,toView=2885,nodeIdx=2,changeCycle=0,myNode=b5a2d0a7...,timecost=0.854
info|2019-12-14 04:05:04.444737|[g:1][CONSENSUS][PBFT]checkAndChangeView: Reach consensus,org_view=2884,org_changeCycle=0,cur_changeCycle=0,to_view=2885
info|2019-12-14 04:05:05.446001|[g:1][CONSENSUS]addRawPrepare,height=476,reqIdx=0,hash=022bb635...
info|2019-12-14 04:05:05.448069|[g:1][CONSENSUS][PBFT]checkTimeout Succ,view=2885,toView=2886,nodeIdx=2,changeCycle=0,myNode=b5a2d0a7...,timecost=1.793
info|2019-12-14 04:05:05.452825|[g:1][CONSENSUS][PBFT]checkAndChangeView: Reach consensus,org_view=2885,org_changeCycle=0,cur_changeCycle=0,to_view=2886
info|2019-12-14 04:05:06.454262|[g:1][CONSENSUS]addRawPrepare,height=476,reqIdx=1,hash=13d36900...
info|2019-12-14 04:05:06.455351|[g:1][CONSENSUS][PBFT]checkTimeout Succ,view=2886,toView=2887,nodeIdx=2,changeCycle=0,myNode=b5a2d0a7...,timecost=0.834
info|2019-12-14 04:05:06.458556|[g:1][CONSENSUS][PBFT]checkAndChangeView: Reach consensus,org_view=2886,org_changeCycle=0,cur_changeCycle=0,to_view=2887
info|2019-12-14 04:05:07.458521|[g:1][CONSENSUS][SEALER]++++++++++++++++ Generating seal on,blkNum=476,tx=0,nodeIdx=2,hash=816c83b0...
info|2019-12-14 04:05:07.459887|[g:1][CONSENSUS][PBFT]checkTimeout Succ,view=2887,toView=2888,nodeIdx=2,changeCycle=0,myNode=b5a2d0a7...,timecost=0.861
info|2019-12-14 04:05:07.466601|[g:1][CONSENSUS][PBFT]checkAndChangeView: Reach consensus,org_view=2887,org_changeCycle=0,cur_changeCycle=0,to_view=2888
info|2019-12-14 04:05:08.469318|[g:1][CONSENSUS]addRawPrepare,height=476,reqIdx=3,hash=13be52aa...
info|2019-12-14 04:05:08.471042|[g:1][CONSENSUS][PBFT]checkTimeout Succ,view=2888,toView=2889,nodeIdx=2,changeCycle=0,myNode=b5a2d0a7...,timecost=1.065
info|2019-12-14 04:05:08.473517|[g:1][CONSENSUS][PBFT]checkAndChangeView: Reach consensus,org_view=2888,org_changeCycle=0,cur_changeCycle=0,to_view=2889
info|2019-12-14 04:08:12.016514|[P2P][Service] heartBeat,connected count=3
warning|2019-12-14 04:08:12.022734|[g:1][CONSENSUS][PBFT]ViewChangeWarning: not caused by omit empty block ,v=2889,toV=2890,curNum=475,hash=ad338c6e...,nodeIdx=2,myNode=b5a2d0a7...
info|2019-12-14 04:08:12.022924|[g:1][CONSENSUS][PBFT]checkTimeout Succ,view=2889,toView=2890,nodeIdx=2,changeCycle=1,myNode=b5a2d0a7...,timecost=0.646
info|2019-12-14 04:08:12.028588|[g:1][CONSENSUS][PBFT]checkAndChangeView: Reach consensus,org_view=2889,org_changeCycle=1,cur_changeCycle=1,to_view=2890
info|2019-12-14 04:08:13.029576|[g:1][CONSENSUS]addRawPrepare,height=476,reqIdx=1,hash=2c92c02f...
info|2019-12-14 04:08:13.031210|[g:1][CONSENSUS][PBFT]checkTimeout Succ,view=2890,toView=2891,nodeIdx=2,changeCycle=0,myNode=b5a2d0a7...,timecost=1.476
info|2019-12-14 04:08:13.033703|[g:1][CONSENSUS][PBFT]checkAndChangeView: Reach consensus,org_view=2890,org_changeCycle=0,cur_changeCycle=0,to_view=2891
info|2019-12-14 04:08:14.033357|[g:1][CONSENSUS][SEALER]++++++++++++++++ Generating seal on,blkNum=476,tx=0,nodeIdx=2,hash=f83d7717...
info|2019-12-14 04:08:14.034540|[g:1][CONSENSUS][PBFT]checkTimeout Succ,view=2891,toView=2892,nodeIdx=2,changeCycle=0,myNode=b5a2d0a7...,timecost=0.745
info|2019-12-14 04:08:14.039272|[g:1][CONSENSUS][PBFT]checkAndChangeView: Reach consensus,org_view=2891,org_changeCycle=0,cur_changeCycle=0,to_view=2892
info|2019-12-14 04:08:15.043718|[g:1][CONSENSUS]addRawPrepare,height=476,reqIdx=3,hash=dd8442cf...
info|2019-12-14 04:08:15.044224|[g:1][CONSENSUS][PBFT]checkTimeout Succ,view=2892,toView=2893,nodeIdx=2,changeCycle=0,myNode=b5a2d0a7...,timecost=0.362
info|2019-12-14 04:08:15.045844|[g:1][CONSENSUS][PBFT]checkAndChangeView: Reach consensus,org_view=2892,org_changeCycle=0,cur_changeCycle=0,to_view=2893
info|2019-12-14 04:08:16.048771|[g:1][CONSENSUS]addRawPrepare,height=476,reqIdx=0,hash=4deb3e0f...
info|2019-12-14 04:08:16.050363|[g:1][CONSENSUS][PBFT]checkTimeout Succ,view=2893,toView=2894,nodeIdx=2,changeCycle=0,myNode=b5a2d0a7...,timecost=1.466
info|2019-12-14 04:08:16.051615|[g:1][CONSENSUS][PBFT]checkAndChangeView: Reach consensus,org_view=2893,org_changeCycle=0,cur_changeCycle=0,to_view=2894
info|2019-12-14 04:08:17.056718|[g:1][CONSENSUS]addRawPrepare,height=476,reqIdx=1,hash=f894755e...
info|2019-12-14 04:08:17.063233|[g:1][CONSENSUS][PBFT]checkTimeout Succ,view=2894,toView=2895,nodeIdx=2,changeCycle=0,myNode=b5a2d0a7...,timecost=6.276
info|2019-12-14 04:08:17.064749|[g:1][CONSENSUS][PBFT]checkAndChangeView: Reach consensus,org_view=2894,org_changeCycle=0,cur_changeCycle=0,to_view=2895
info|2019-12-14 04:08:18.065358|[g:1][CONSENSUS][SEALER]++++++++++++++++ Generating seal on,blkNum=476,tx=0,nodeIdx=2,hash=7b666089...
info|2019-12-14 04:08:18.066742|[g:1][CONSENSUS][PBFT]checkTimeout Succ,view=2895,toView=2896,nodeIdx=2,changeCycle=0,myNode=b5a2d0a7...,timecost=0.862
info|2019-12-14 04:08:18.071843|[g:1][CONSENSUS][PBFT]checkAndChangeView: Reach consensus,org_view=2895,org_changeCycle=0,cur_changeCycle=0,to_view=2896
info|2019-12-14 04:08:19.077601|[g:1][CONSENSUS]addRawPrepare,height=476,reqIdx=3,hash=96a0c1c4...
info|2019-12-14 04:08:19.078980|[g:1][CONSENSUS][PBFT]checkTimeout Succ,view=2896,toView=2897,nodeIdx=2,changeCycle=0,myNode=b5a2d0a7...,timecost=0.9
info|2019-12-14 04:08:19.080942|[g:1][CONSENSUS][PBFT]checkAndChangeView: Reach consensus,org_view=2896,org_changeCycle=0,cur_changeCycle=0,to_view=2897
info|2019-12-14 04:08:20.083814|[g:1][CONSENSUS]addRawPrepare,height=476,reqIdx=0,hash=0149c3d5...
info|2019-12-14 04:08:20.086069|[g:1][CONSENSUS][PBFT]checkTimeout Succ,view=2897,toView=2898,nodeIdx=2,changeCycle=0,myNode=b5a2d0a7...,timecost=2.07
info|2019-12-14 04:08:20.088996|[g:1][CONSENSUS][PBFT]checkAndChangeView: Reach consensus,org_view=2897,org_changeCycle=0,cur_changeCycle=0,to_view=2898
info|2019-12-14 04:08:21.092580|[g:1][CONSENSUS]addRawPrepare,height=476,reqIdx=1,hash=c265c624...
info|2019-12-14 04:08:21.093981|[g:1][CONSENSUS][PBFT]checkTimeout Succ,view=2898,toView=2899,nodeIdx=2,changeCycle=0,myNode=b5a2d0a7...,timecost=1.024
info|2019-12-14 04:08:21.097518|[g:1][CONSENSUS][PBFT]checkAndChangeView: Reach consensus,org_view=2898,org_changeCycle=0,cur_changeCycle=0,to_view=2899
info|2019-12-14 04:08:22.027226|[P2P][Service] heartBeat,connected count=3
info|2019-12-14 04:08:22.098669|[g:1][CONSENSUS][SEALER]++++++++++++++++ Generating seal on,blkNum=476,tx=0,nodeIdx=2,hash=b1751b87...
info|2019-12-14 04:08:22.100134|[g:1][CONSENSUS][PBFT]checkTimeout Succ,view=2899,toView=2900,nodeIdx=2,changeCycle=0,myNode=b5a2d0a7...,timecost=0.934
info|2019-12-14 04:08:22.106158|[g:1][CONSENSUS][PBFT]checkAndChangeView: Reach consensus,org_view=2899,org_changeCycle=0,cur_changeCycle=0,to_view=2900
info|2019-12-14 04:08:23.112065|[g:1][CONSENSUS]addRawPrepare,height=476,reqIdx=3,hash=3cc86af5...
info|2019-12-14 04:08:23.113933|[g:1][CONSENSUS][PBFT]checkTimeout Succ,view=2900,toView=2901,nodeIdx=2,changeCycle=0,myNode=b5a2d0a7...,timecost=0.861
info|2019-12-14 04:08:23.116714|[g:1][CONSENSUS][PBFT]checkAndChangeView: Reach consensus,org_view=2900,org_changeCycle=0,cur_changeCycle=0,to_view=2901
info|2019-12-14 04:08:24.118917|[g:1][CONSENSUS]addRawPrepare,height=476,reqIdx=0,hash=2fe0243f...
info|2019-12-14 04:08:24.119924|[g:1][CONSENSUS][PBFT]checkTimeout Succ,view=2901,toView=2902,nodeIdx=2,changeCycle=0,myNode=b5a2d0a7...,timecost=0.801
info|2019-12-14 04:08:24.126858|[g:1][CONSENSUS][PBFT]checkAndChangeView: Reach consensus,org_view=2901,org_changeCycle=0,cur_changeCycle=0,to_view=2902
info|2019-12-14 04:08:25.130985|[g:1][CONSENSUS]addRawPrepare,height=476,reqIdx=1,hash=208eb479...
info|2019-12-14 04:08:25.131570|[g:1][CONSENSUS][PBFT]checkTimeout Succ,view=2902,toView=2903,nodeIdx=2,changeCycle=0,myNode=b5a2d0a7...,timecost=0.445
info|2019-12-14 04:08:25.134021|[g:1][CONSENSUS][PBFT]checkAndChangeView: Reach consensus,org_view=2902,org_changeCycle=0,cur_changeCycle=0,to_view=2903
info|2019-12-14 04:08:26.134421|[g:1][CONSENSUS][SEALER]++++++++++++++++ Generating seal on,blkNum=476,tx=0,nodeIdx=2,hash=4ebb2cd0...
info|2019-12-14 04:08:26.139885|[g:1][CONSENSUS][PBFT]checkTimeout Succ,view=2903,toView=2904,nodeIdx=2,changeCycle=0,myNode=b5a2d0a7...,timecost=0.953
info|2019-12-14 04:08:26.143213|[g:1][CONSENSUS][PBFT]checkAndChangeView: Reach consensus,org_view=2903,org_changeCycle=0,cur_changeCycle=0,to_view=2904
info|2019-12-14 04:08:27.144521|[g:1][CONSENSUS]addRawPrepare,height=476,reqIdx=3,hash=d4b10559...
info|2019-12-14 04:08:27.146050|[g:1][CONSENSUS][PBFT]checkTimeout Succ,view=2904,toView=2905,nodeIdx=2,changeCycle=0,myNode=b5a2d0a7...,timecost=1.188
info|2019-12-14 04:08:27.148493|[g:1][CONSENSUS][PBFT]checkAndChangeView: Reach consensus,org_view=2904,org_changeCycle=0,cur_changeCycle=0,to_view=2905
info|2019-12-14 04:08:28.151441|[g:1][CONSENSUS]addRawPrepare,height=476,reqIdx=0,hash=a7235917...
info|2019-12-14 04:08:28.152557|[g:1][CONSENSUS][PBFT]checkTimeout Succ,view=2905,toView=2906,nodeIdx=2,changeCycle=0,myNode=b5a2d0a7...,timecost=0.874
info|2019-12-14 04:08:28.157963|[g:1][CONSENSUS][PBFT]checkAndChangeView: Reach consensus,org_view=2905,org_changeCycle=0,cur_changeCycle=0,to_view=2906
info|2019-12-14 04:08:29.157476|[g:1][CONSENSUS]addRawPrepare,height=476,reqIdx=1,hash=7c5b0b57...
info|2019-12-14 04:08:29.158814|[g:1][CONSENSUS][PBFT]checkTimeout Succ,view=2906,toView=2907,nodeIdx=2,changeCycle=0,myNode=b5a2d0a7...,timecost=0.845
info|2019-12-14 04:08:29.161007|[g:1][CONSENSUS][PBFT]checkAndChangeView: Reach consensus,org_view=2906,org_changeCycle=0,cur_changeCycle=0,to_view=2907
info|2019-12-14 04:08:30.161648|[g:1][CONSENSUS][SEALER]++++++++++++++++ Generating seal on,blkNum=476,tx=0,nodeIdx=2,hash=9486954c...
info|2019-12-14 04:08:30.167871|[g:1][CONSENSUS][PBFT]checkTimeout Succ,view=2907,toView=2908,nodeIdx=2,changeCycle=0,myNode=b5a2d0a7...,timecost=0.738
info|2019-12-14 04:08:30.170438|[g:1][CONSENSUS][PBFT]checkAndChangeView: Reach consensus,org_view=2907,org_changeCycle=0,cur_changeCycle=0,to_view=2908
info|2019-12-14 04:08:31.171314|[g:1][CONSENSUS]addRawPrepare,height=476,reqIdx=3,hash=87321d61...
info|2019-12-14 04:08:31.172356|[g:1][CONSENSUS][PBFT]checkTimeout Succ,view=2908,toView=2909,nodeIdx=2,changeCycle=0,myNode=b5a2d0a7...,timecost=0.832
info|2019-12-14 04:08:31.177472|[g:1][CONSENSUS][PBFT]checkAndChangeView: Reach consensus,org_view=2908,org_changeCycle=0,cur_changeCycle=0,to_view=2909
info|2019-12-14 04:08:32.033046|[P2P][Service] heartBeat,connected count=3
info|2019-12-14 04:08:32.180603|[g:1][CONSENSUS]addRawPrepare,height=476,reqIdx=0,hash=012a8178...
info|2019-12-14 04:08:32.181835|[g:1][CONSENSUS][PBFT]checkTimeout Succ,view=2909,toView=2910,nodeIdx=2,changeCycle=0,myNode=b5a2d0a7...,timecost=0.909
info|2019-12-14 04:08:32.186321|[g:1][CONSENSUS][PBFT]checkAndChangeView: Reach consensus,org_view=2909,org_changeCycle=0,cur_changeCycle=0,to_view=2910
info|2019-12-14 04:08:33.186954|[g:1][CONSENSUS]addRawPrepare,height=476,reqIdx=1,hash=f59fa0bf...
info|2019-12-14 04:08:33.188034|[g:1][CONSENSUS][PBFT]checkTimeout Succ,view=2910,toView=2911,nodeIdx=2,changeCycle=0,myNode=b5a2d0a7...,timecost=0.831
info|2019-12-14 04:08:33.191489|[g:1][CONSENSUS][PBFT]checkAndChangeView: Reach consensus,org_view=2910,org_changeCycle=0,cur_changeCycle=0,to_view=2911
info|2019-12-14 04:08:34.192868|[g:1][CONSENSUS][SEALER]++++++++++++++++ Generating seal on,blkNum=476,tx=0,nodeIdx=2,hash=31387497...
info|2019-12-14 04:08:34.199697|[g:1][CONSENSUS][PBFT]checkTimeout Succ,view=2911,toView=2912,nodeIdx=2,changeCycle=0,myNode=b5a2d0a7...,timecost=1.679
info|2019-12-14 04:08:34.201049|[g:1][CONSENSUS][PBFT]checkAndChangeView: Reach consensus,org_view=2911,org_changeCycle=0,cur_changeCycle=0,to_view=2912
info|2019-12-14 04:08:35.201891|[g:1][CONSENSUS]addRawPrepare,height=476,reqIdx=3,hash=51b557e1...
info|2019-12-14 04:08:35.203288|[g:1][CONSENSUS][PBFT]checkTimeout Succ,view=2912,toView=2913,nodeIdx=2,changeCycle=0,myNode=b5a2d0a7...,timecost=1.091
info|2019-12-14 04:08:35.205847|[g:1][CONSENSUS][PBFT]checkAndChangeView: Reach consensus,org_view=2912,org_changeCycle=0,cur_changeCycle=0,to_view=2913
info|2019-12-14 04:08:36.209128|[g:1][CONSENSUS]addRawPrepare,height=476,reqIdx=0,hash=0170b219...
info|2019-12-14 04:08:36.210525|[g:1][CONSENSUS][PBFT]checkTimeout Succ,view=2913,toView=2914,nodeIdx=2,changeCycle=0,myNode=b5a2d0a7...,timecost=0.997
info|2019-12-14 04:08:36.214668|[g:1][CONSENSUS][PBFT]checkAndChangeView: Reach consensus,org_view=2913,org_changeCycle=0,cur_changeCycle=0,to_view=2914
info|2019-12-14 04:08:37.216703|[g:1][CONSENSUS]addRawPrepare,height=476,reqIdx=1,hash=6931a7d4...
info|2019-12-14 04:08:37.221617|[g:1][CONSENSUS][PBFT]checkTimeout Succ,view=2914,toView=2915,nodeIdx=2,changeCycle=0,myNode=b5a2d0a7...,timecost=4.757
info|2019-12-14 04:08:37.223497|[g:1][CONSENSUS][PBFT]checkAndChangeView: Reach consensus,org_view=2914,org_changeCycle=0,cur_changeCycle=0,to_view=2915
info|2019-12-14 04:08:38.224000|[g:1][CONSENSUS][SEALER]++++++++++++++++ Generating seal on,blkNum=476,tx=0,nodeIdx=2,hash=c8924c53...
info|2019-12-14 04:08:38.224901|[g:1][CONSENSUS][PBFT]checkTimeout Succ,view=2915,toView=2916,nodeIdx=2,changeCycle=0,myNode=b5a2d0a7...,timecost=0.531
info|2019-12-14 04:08:38.227990|[g:1][CONSENSUS][PBFT]checkAndChangeView: Reach consensus,org_view=2915,org_changeCycle=0,cur_changeCycle=0,to_view=2916
info|2019-12-14 04:08:39.231160|[g:1][CONSENSUS]addRawPrepare,height=476,reqIdx=3,hash=fa9a6fae...
info|2019-12-14 04:08:39.231998|[g:1][CONSENSUS][PBFT]checkTimeout Succ,view=2916,toView=2917,nodeIdx=2,changeCycle=0,myNode=b5a2d0a7...,timecost=0.625
info|2019-12-14 04:08:39.234615|[g:1][CONSENSUS][PBFT]checkAndChangeView: Reach consensus,org_view=2916,org_changeCycle=0,cur_changeCycle=0,to_view=2917
info|2019-12-14 04:08:40.238484|[g:1][CONSENSUS]addRawPrepare,height=476,reqIdx=0,hash=a0ddd8bb...
info|2019-12-14 04:08:40.240067|[g:1][CONSENSUS][PBFT]checkTimeout Succ,view=2917,toView=2918,nodeIdx=2,changeCycle=0,myNode=b5a2d0a7...,timecost=1.333
info|2019-12-14 04:08:40.242049|[g:1][CONSENSUS][PBFT]checkAndChangeView: Reach consensus,org_view=2917,org_changeCycle=0,cur_changeCycle=0,to_view=2918
info|2019-12-14 04:08:41.244772|[g:1][CONSENSUS]addRawPrepare,height=476,reqIdx=1,hash=bd4d1548...
info|2019-12-14 04:08:41.245762|[g:1][CONSENSUS][PBFT]checkTimeout Succ,view=2918,toView=2919,nodeIdx=2,changeCycle=0,myNode=b5a2d0a7...,timecost=0.76
info|2019-12-14 04:08:41.251823|[g:1][CONSENSUS][PBFT]checkAndChangeView: Reach consensus,org_view=2918,org_changeCycle=0,cur_changeCycle=0,to_view=2919
info|2019-12-14 04:08:42.040263|[P2P][Service] heartBeat,connected count=3
info|2019-12-14 04:08:42.251446|[g:1][CONSENSUS][SEALER]++++++++++++++++ Generating seal on,blkNum=476,tx=0,nodeIdx=2,hash=bb07eaaf...
info|2019-12-14 04:08:42.253032|[g:1][CONSENSUS][PBFT]checkTimeout Succ,view=2919,toView=2920,nodeIdx=2,changeCycle=0,myNode=b5a2d0a7...,timecost=1.003
info|2019-12-14 04:08:42.259372|[g:1][CONSENSUS][PBFT]checkAndChangeView: Reach consensus,org_view=2919,org_changeCycle=0,cur_changeCycle=0,to_view=2920
info|2019-12-14 04:08:43.262987|[g:1][CONSENSUS]addRawPrepare,height=476,reqIdx=3,hash=e085d90d...
info|2019-12-14 04:08:43.265000|[g:1][CONSENSUS][PBFT]checkTimeout Succ,view=2920,toView=2921,nodeIdx=2,changeCycle=0,myNode=b5a2d0a7...,timecost=1.79
info|2019-12-14 04:08:43.268338|[g:1][CONSENSUS][PBFT]checkAndChangeView: Reach consensus,org_view=2920,org_changeCycle=0,cur_changeCycle=0,to_view=2921
info|2019-12-14 04:08:44.272801|[g:1][CONSENSUS]addRawPrepare,height=476,reqIdx=0,hash=a01e412a...
info|2019-12-14 04:08:44.273793|[g:1][CONSENSUS][PBFT]checkTimeout Succ,view=2921,toView=2922,nodeIdx=2,changeCycle=0,myNode=b5a2d0a7...,timecost=0.752
info|2019-12-14 04:08:44.277373|[g:1][CONSENSUS][PBFT]checkAndChangeView: Reach consensus,org_view=2921,org_changeCycle=0,cur_changeCycle=0,to_view=2922
info|2019-12-14 04:08:45.279614|[g:1][CONSENSUS]addRawPrepare,height=476,reqIdx=1,hash=375c183a...
info|2019-12-14 04:08:45.280712|[g:1][CONSENSUS][PBFT]checkTimeout Succ,view=2922,toView=2923,nodeIdx=2,changeCycle=0,myNode=b5a2d0a7...,timecost=0.806
info|2019-12-14 04:08:45.284259|[g:1][CONSENSUS][PBFT]checkAndChangeView: Reach consensus,org_view=2922,org_changeCycle=0,cur_changeCycle=0,to_view=2923
info|2019-12-14 04:08:46.285710|[g:1][CONSENSUS][SEALER]++++++++++++++++ Generating seal on,blkNum=476,tx=0,nodeIdx=2,hash=1d68327c...
info|2019-12-14 04:08:46.286885|[g:1][CONSENSUS][PBFT]checkTimeout Succ,view=2923,toView=2924,nodeIdx=2,changeCycle=0,myNode=b5a2d0a7...,timecost=0.666
info|2019-12-14 04:08:46.290823|[g:1][CONSENSUS][PBFT]checkAndChangeView: Reach consensus,org_view=2923,org_changeCycle=0,cur_changeCycle=0,to_view=2924
info|2019-12-14 04:08:47.293521|[g:1][CONSENSUS]addRawPrepare,height=476,reqIdx=3,hash=2f812378...
info|2019-12-14 04:08:47.294565|[g:1][CONSENSUS][PBFT]checkTimeout Succ,view=2924,toView=2925,nodeIdx=2,changeCycle=0,myNode=b5a2d0a7...,timecost=0.908
info|2019-12-14 04:08:47.297932|[g:1][CONSENSUS][PBFT]checkAndChangeView: Reach consensus,org_view=2924,org_changeCycle=0,cur_changeCycle=0,to_view=2925
info|2019-12-14 04:08:48.299952|[g:1][CONSENSUS]addRawPrepare,height=476,reqIdx=0,hash=7d8b29ef...
info|2019-12-14 04:08:48.301658|[g:1][CONSENSUS][PBFT]checkTimeout Succ,view=2925,toView=2926,nodeIdx=2,changeCycle=0,myNode=b5a2d0a7...,timecost=0.862
info|2019-12-14 04:08:48.304513|[g:1][CONSENSUS][PBFT]checkAndChangeView: Reach consensus,org_view=2925,org_changeCycle=0,cur_changeCycle=0,to_view=2926
info|2019-12-14 04:08:49.307077|[g:1][CONSENSUS]addRawPrepare,height=476,reqIdx=1,hash=34e14939...
info|2019-12-14 04:08:49.308159|[g:1][CONSENSUS][PBFT]checkTimeout Succ,view=2926,toView=2927,nodeIdx=2,changeCycle=0,myNode=b5a2d0a7...,timecost=0.792
info|2019-12-14 04:08:49.313056|[g:1][CONSENSUS][PBFT]checkAndChangeView: Reach consensus,org_view=2926,org_changeCycle=0,cur_changeCycle=0,to_view=2927
info|2019-12-14 04:08:50.314665|[g:1][CONSENSUS][SEALER]++++++++++++++++ Generating seal on,blkNum=476,tx=0,nodeIdx=2,hash=c56243b6...
info|2019-12-14 04:08:50.323438|[g:1][CONSENSUS][PBFT]checkTimeout Succ,view=2927,toView=2928,nodeIdx=2,changeCycle=0,myNode=b5a2d0a7...,timecost=2.67
info|2019-12-14 04:08:50.324210|[g:1][CONSENSUS][PBFT]checkAndChangeView: Reach consensus,org_view=2927,org_changeCycle=0,cur_changeCycle=0,to_view=2928
info|2019-12-14 04:08:51.323931|[g:1][CONSENSUS]addRawPrepare,height=476,reqIdx=3,hash=7c9555d9...
info|2019-12-14 04:08:51.325728|[g:1][CONSENSUS][PBFT]checkTimeout Succ,view=2928,toView=2929,nodeIdx=2,changeCycle=0,myNode=b5a2d0a7...,timecost=1.265
info|2019-12-14 04:08:51.328474|[g:1][CONSENSUS][PBFT]checkAndChangeView: Reach consensus,org_view=2928,org_changeCycle=0,cur_changeCycle=0,to_view=2929
info|2019-12-14 04:08:52.046849|[P2P][Service] heartBeat,connected count=3
info|2019-12-14 04:08:52.333032|[g:1][CONSENSUS]addRawPrepare,height=476,reqIdx=0,hash=a830d214...
info|2019-12-14 04:08:52.339360|[g:1][CONSENSUS][PBFT]checkTimeout Succ,view=2929,toView=2930,nodeIdx=2,changeCycle=0,myNode=b5a2d0a7...,timecost=5.801
info|2019-12-14 04:08:52.341214|[g:1][CONSENSUS][PBFT]checkAndChangeView: Reach consensus,org_view=2929,org_changeCycle=0,cur_changeCycle=0,to_view=2930
info|2019-12-14 04:08:53.341504|[g:1][CONSENSUS]addRawPrepare,height=476,reqIdx=1,hash=ca03a2a3...
info|2019-12-14 04:08:53.342776|[g:1][CONSENSUS][PBFT]checkTimeout Succ,view=2930,toView=2931,nodeIdx=2,changeCycle=0,myNode=b5a2d0a7...,timecost=0.981
info|2019-12-14 04:08:53.347855|[g:1][CONSENSUS][PBFT]checkAndChangeView: Reach consensus,org_view=2930,org_changeCycle=0,cur_changeCycle=0,to_view=2931
info|2019-12-14 04:08:54.347855|[g:1][CONSENSUS][SEALER]++++++++++++++++ Generating seal on,blkNum=476,tx=0,nodeIdx=2,hash=2b0c2cc4...
info|2019-12-14 04:08:54.349197|[g:1][CONSENSUS][PBFT]checkTimeout Succ,view=2931,toView=2932,nodeIdx=2,changeCycle=0,myNode=b5a2d0a7...,timecost=0.816
info|2019-12-14 04:08:54.356289|[g:1][CONSENSUS][PBFT]checkAndChangeView: Reach consensus,org_view=2931,org_changeCycle=0,cur_changeCycle=0,to_view=2932
info|2019-12-14 04:08:55.356498|[g:1][CONSENSUS]addRawPrepare,height=476,reqIdx=3,hash=9279371c...
info|2019-12-14 04:08:55.358348|[g:1][CONSENSUS][PBFT]checkTimeout Succ,view=2932,toView=2933,nodeIdx=2,changeCycle=0,myNode=b5a2d0a7...,timecost=1.611
info|2019-12-14 04:08:55.361698|[g:1][CONSENSUS][PBFT]checkAndChangeView: Reach consensus,org_view=2932,org_changeCycle=0,cur_changeCycle=0,to_view=2933
info|2019-12-14 04:08:56.366851|[g:1][CONSENSUS]addRawPrepare,height=476,reqIdx=0,hash=34594546...
info|2019-12-14 04:08:56.368877|[g:1][CONSENSUS][PBFT]checkTimeout Succ,view=2933,toView=2934,nodeIdx=2,changeCycle=0,myNode=b5a2d0a7...,timecost=1.811
info|2019-12-14 04:08:56.370904|[g:1][CONSENSUS][PBFT]checkAndChangeView: Reach consensus,org_view=2933,org_changeCycle=0,cur_changeCycle=0,to_view=2934
info|2019-12-14 04:08:57.372870|[g:1][CONSENSUS]addRawPrepare,height=476,reqIdx=1,hash=0c34aca8...
info|2019-12-14 04:08:57.373954|[g:1][CONSENSUS][PBFT]checkTimeout Succ,view=2934,toView=2935,nodeIdx=2,changeCycle=0,myNode=b5a2d0a7...,timecost=0.788
info|2019-12-14 04:08:57.379500|[g:1][CONSENSUS][PBFT]checkAndChangeView: Reach consensus,org_view=2934,org_changeCycle=0,cur_changeCycle=0,to_view=2935
info|2019-12-14 04:08:58.380191|[g:1][CONSENSUS][SEALER]++++++++++++++++ Generating seal on,blkNum=476,tx=0,nodeIdx=2,hash=644c7ed5...
info|2019-12-14 04:08:58.385397|[g:1][CONSENSUS][PBFT]checkTimeout Succ,view=2935,toView=2936,nodeIdx=2,changeCycle=0,myNode=b5a2d0a7...,timecost=0.922
info|2019-12-14 04:08:58.389063|[g:1][CONSENSUS][PBFT]checkAndChangeView: Reach consensus,org_view=2935,org_changeCycle=0,cur_changeCycle=0,to_view=2936
info|2019-12-14 04:08:59.391140|[g:1][CONSENSUS]addRawPrepare,height=476,reqIdx=3,hash=0d68871e...
info|2019-12-14 04:08:59.392813|[g:1][CONSENSUS][PBFT]checkTimeout Succ,view=2936,toView=2937,nodeIdx=2,changeCycle=0,myNode=b5a2d0a7...,timecost=1.425
info|2019-12-14 04:08:59.395565|[g:1][CONSENSUS][PBFT]checkAndChangeView: Reach consensus,org_view=2936,org_changeCycle=0,cur_changeCycle=0,to_view=2937
info|2019-12-14 04:09:00.399482|[g:1][CONSENSUS]addRawPrepare,height=476,reqIdx=0,hash=d0ddca94...
info|2019-12-14 04:09:00.400601|[g:1][CONSENSUS][PBFT]checkTimeout Succ,view=2937,toView=2938,nodeIdx=2,changeCycle=0,myNode=b5a2d0a7...,timecost=0.903
info|2019-12-14 04:09:00.404177|[g:1][CONSENSUS][PBFT]checkAndChangeView: Reach consensus,org_view=2937,org_changeCycle=0,cur_changeCycle=0,to_view=2938
info|2019-12-14 04:09:01.409261|[g:1][CONSENSUS]addRawPrepare,height=476,reqIdx=1,hash=7fb351f6...
info|2019-12-14 04:09:01.410567|[g:1][CONSENSUS][PBFT]checkTimeout Succ,view=2938,toView=2939,nodeIdx=2,changeCycle=0,myNode=b5a2d0a7...,timecost=0.888
info|2019-12-14 04:09:01.413343|[g:1][CONSENSUS][PBFT]checkAndChangeView: Reach consensus,org_view=2938,org_changeCycle=0,cur_changeCycle=0,to_view=2939
info|2019-12-14 04:09:02.054019|[P2P][Service] heartBeat,connected count=3
info|2019-12-14 04:09:02.414477|[g:1][CONSENSUS][SEALER]++++++++++++++++ Generating seal on,blkNum=476,tx=0,nodeIdx=2,hash=a16f43c6...
info|2019-12-14 04:09:02.419536|[g:1][CONSENSUS][PBFT]checkTimeout Succ,view=2939,toView=2940,nodeIdx=2,changeCycle=0,myNode=b5a2d0a7...,timecost=0.817
info|2019-12-14 04:09:02.422498|[g:1][CONSENSUS][PBFT]checkAndChangeView: Reach consensus,org_view=2939,org_changeCycle=0,cur_changeCycle=0,to_view=2940
info|2019-12-14 04:09:03.434338|[g:1][CONSENSUS]addRawPrepare,height=476,reqIdx=3,hash=30531fa0...
info|2019-12-14 04:09:03.434855|[g:1][CONSENSUS][PBFT]checkTimeout Succ,view=2940,toView=2941,nodeIdx=2,changeCycle=0,myNode=b5a2d0a7...,timecost=0.345
info|2019-12-14 04:09:03.440343|[g:1][CONSENSUS][PBFT]checkAndChangeView: Reach consensus,org_view=2940,org_changeCycle=0,cur_changeCycle=0,to_view=2941
