warning|2019-12-14 07:08:03.007412|[g:1][CONSENSUS][PBFT]ViewChangeWarning: not caused by omit empty block ,v=2993,toV=2994,curNum=475,hash=ad338c6e...,nodeIdx=2,myNode=b5a2d0a7...
info|2019-12-14 07:08:03.007518|[g:1][CONSENSUS][PBFT]checkTimeout Succ,view=2993,toView=2994,nodeIdx=2,changeCycle=1,myNode=b5a2d0a7...,timecost=0.477
info|2019-12-14 07:08:03.011406|[P2P][Service] heartBeat,connected count=3
info|2019-12-14 07:08:03.023367|[g:1][CONSENSUS][PBFT]checkAndChangeView: Reach consensus,org_view=2993,org_changeCycle=1,cur_changeCycle=1,to_view=2994
info|2019-12-14 07:08:04.027240|[g:1][CONSENSUS]addRawPrepare,height=476,reqIdx=1,hash=94c65387...
info|2019-12-14 07:08:04.027841|[g:1][CONSENSUS][PBFT]checkTimeout Succ,view=2994,toView=2995,nodeIdx=2,changeCycle=0,myNode=b5a2d0a7...,timecost=0.465
info|2019-12-14 07:08:04.030777|[g:1][CONSENSUS][PBFT]checkAndChangeView: Reach consensus,org_view=2994,org_changeCycle=0,cur_changeCycle=0,to_view=2995
info|2019-12-14 07:08:05.031494|[g:1][CONSENSUS][SEALER]++++++++++++++++ Generating seal on,blkNum=476,tx=0,nodeIdx=2,hash=854b4f79...
info|2019-12-14 07:08:05.032565|[g:1][CONSENSUS][PBFT]checkTimeout Succ,view=2995,toView=2996,nodeIdx=2,changeCycle=0,myNode=b5a2d0a7...,timecost=0.384
info|2019-12-14 07:08:05.037364|[g:1][CONSENSUS][PBFT]checkAndChangeView: Reach consensus,org_view=2995,org_changeCycle=0,cur_changeCycle=0,to_view=2996
info|2019-12-14 07:08:06.039163|[g:1][CONSENSUS]addRawPrepare,height=476,reqIdx=3,hash=4e00d88c...
info|2019-12-14 07:08:06.040441|[g:1][CONSENSUS][PBFT]checkTimeout Succ,view=2996,toView=2997,nodeIdx=2,changeCycle=0,myNode=b5a2d0a7...,timecost=0.732
info|2019-12-14 07:08:06.044334|[g:1][CONSENSUS][PBFT]checkAndChangeView: Reach consensus,org_view=2996,org_changeCycle=0,cur_changeCycle=0,to_view=2997
info|2019-12-14 07:08:07.047315|[g:1][CONSENSUS]addRawPrepare,height=476,reqIdx=0,hash=6043740d...
info|2019-12-14 07:08:07.048374|[g:1][CONSENSUS][PBFT]checkTimeout Succ,view=2997,toView=2998,nodeIdx=2,changeCycle=0,myNode=b5a2d0a7...,timecost=0.84
info|2019-12-14 07:08:07.053949|[g:1][CONSENSUS][PBFT]checkAndChangeView: Reach consensus,org_view=2997,org_changeCycle=0,cur_changeCycle=0,to_view=2998
info|2019-12-14 07:08:08.055475|[g:1][CONSENSUS]addRawPrepare,height=476,reqIdx=1,hash=2f8e53b3...
info|2019-12-14 07:08:08.058898|[g:1][CONSENSUS][PBFT]checkTimeout Succ,view=2998,toView=2999,nodeIdx=2,changeCycle=0,myNode=b5a2d0a7...,timecost=3.177
info|2019-12-14 07:08:08.063814|[g:1][CONSENSUS][PBFT]checkAndChangeView: Reach consensus,org_view=2998,org_changeCycle=0,cur_changeCycle=0,to_view=2999
info|2019-12-14 07:08:09.063230|[g:1][CONSENSUS][SEALER]++++++++++++++++ Generating seal on,blkNum=476,tx=0,nodeIdx=2,hash=f7522fa1...
info|2019-12-14 07:08:09.064374|[g:1][CONSENSUS][PBFT]checkTimeout Succ,view=2999,toView=3000,nodeIdx=2,changeCycle=0,myNode=b5a2d0a7...,timecost=0.682
info|2019-12-14 07:08:09.069382|[g:1][CONSENSUS][PBFT]checkAndChangeView: Reach consensus,org_view=2999,org_changeCycle=0,cur_changeCycle=0,to_view=3000
info|2019-12-14 07:08:10.071074|[g:1][CONSENSUS]addRawPrepare,height=476,reqIdx=3,hash=eec7e468...
info|2019-12-14 07:08:10.073241|[g:1][CONSENSUS][PBFT]checkTimeout Succ,view=3000,toView=3001,nodeIdx=2,changeCycle=0,myNode=b5a2d0a7...,timecost=1.913
info|2019-12-14 07:08:10.075507|[g:1][CONSENSUS][PBFT]checkAndChangeView: Reach consensus,org_view=3000,org_changeCycle=0,cur_changeCycle=0,to_view=3001
info|2019-12-14 07:08:11.078296|[g:1][CONSENSUS]addRawPrepare,height=476,reqIdx=0,hash=2836755a...
info|2019-12-14 07:08:11.080224|[g:1][CONSENSUS][PBFT]checkTimeout Succ,view=3001,toView=3002,nodeIdx=2,changeCycle=0,myNode=b5a2d0a7...,timecost=1.724
info|2019-12-14 07:08:11.082280|[g:1][CONSENSUS][PBFT]checkAndChangeView: Reach consensus,org_view=3001,org_changeCycle=0,cur_changeCycle=0,to_view=3002
info|2019-12-14 07:08:12.084527|[g:1][CONSENSUS]addRawPrepare,height=476,reqIdx=1,hash=9ea122cd...
info|2019-12-14 07:08:12.087344|[g:1][CONSENSUS][PBFT]checkTimeout Succ,view=3002,toView=3003,nodeIdx=2,changeCycle=0,myNode=b5a2d0a7...,timecost=2.229
info|2019-12-14 07:08:12.090975|[g:1][CONSENSUS][PBFT]checkAndChangeView: Reach consensus,org_view=3002,org_changeCycle=0,cur_changeCycle=0,to_view=3003
info|2019-12-14 07:08:13.020198|[P2P][Service] heartBeat,connected count=3
info|2019-12-14 07:08:13.091438|[g:1][CONSENSUS][SEALER]++++++++++++++++ Generating seal on,blkNum=476,tx=0,nodeIdx=2,hash=06861b5e...
info|2019-12-14 07:08:13.092616|[g:1][CONSENSUS][PBFT]checkTimeout Succ,view=3003,toView=3004,nodeIdx=2,changeCycle=0,myNode=b5a2d0a7...,timecost=0.705
info|2019-12-14 07:08:13.097313|[g:1][CONSENSUS][PBFT]checkAndChangeView: Reach consensus,org_view=3003,org_changeCycle=0,cur_changeCycle=0,to_view=3004
info|2019-12-14 07:08:14.100343|[g:1][CONSENSUS]addRawPrepare,height=476,reqIdx=3,hash=430a2aa8...
info|2019-12-14 07:08:14.102799|[g:1][CONSENSUS][PBFT]checkTimeout Succ,view=3004,toView=3005,nodeIdx=2,changeCycle=0,myNode=b5a2d0a7...,timecost=2.225
info|2019-12-14 07:08:14.105559|[g:1][CONSENSUS][PBFT]checkAndChangeView: Reach consensus,org_view=3004,org_changeCycle=0,cur_changeCycle=0,to_view=3005
info|2019-12-14 07:08:15.108980|[g:1][CONSENSUS]addRawPrepare,height=476,reqIdx=0,hash=dbb00b7a...
info|2019-12-14 07:08:15.110092|[g:1][CONSENSUS][PBFT]checkTimeout Succ,view=3005,toView=3006,nodeIdx=2,changeCycle=0,myNode=b5a2d0a7...,timecost=0.873
info|2019-12-14 07:08:15.113619|[g:1][CONSENSUS][PBFT]checkAndChangeView: Reach consensus,org_view=3005,org_changeCycle=0,cur_changeCycle=0,to_view=3006
info|2019-12-14 07:08:16.116847|[g:1][CONSENSUS]addRawPrepare,height=476,reqIdx=1,hash=fde38781...
info|2019-12-14 07:08:16.118646|[g:1][CONSENSUS][PBFT]checkTimeout Succ,view=3006,toView=3007,nodeIdx=2,changeCycle=0,myNode=b5a2d0a7...,timecost=1.549
info|2019-12-14 07:08:16.122675|[g:1][CONSENSUS][PBFT]checkAndChangeView: Reach consensus,org_view=3006,org_changeCycle=0,cur_changeCycle=0,to_view=3007
info|2019-12-14 07:08:17.123119|[g:1][CONSENSUS][SEALER]++++++++++++++++ Generating seal on,blkNum=476,tx=0,nodeIdx=2,hash=b4824d3d...
info|2019-12-14 07:08:17.124451|[g:1][CONSENSUS][PBFT]checkTimeout Succ,view=3007,toView=3008,nodeIdx=2,changeCycle=0,myNode=b5a2d0a7...,timecost=0.801
info|2019-12-14 07:08:17.130899|[g:1][CONSENSUS][PBFT]checkAndChangeView: Reach consensus,org_view=3007,org_changeCycle=0,cur_changeCycle=0,to_view=3008
info|2019-12-14 07:08:18.131550|[g:1][CONSENSUS]addRawPrepare,height=476,reqIdx=3,hash=d4e9b1c6...
info|2019-12-14 07:08:18.133624|[g:1][CONSENSUS][PBFT]checkTimeout Succ,view=3008,toView=3009,nodeIdx=2,changeCycle=0,myNode=b5a2d0a7...,timecost=1.861
info|2019-12-14 07:08:18.137000|[g:1][CONSENSUS][PBFT]checkAndChangeView: Reach consensus,org_view=3008,org_changeCycle=0,cur_changeCycle=0,to_view=3009
info|2019-12-14 07:08:19.139099|[g:1][CONSENSUS]addRawPrepare,height=476,reqIdx=0,hash=099bfab6...
info|2019-12-14 07:08:19.140525|[g:1][CONSENSUS][PBFT]checkTimeout Succ,view=3009,toView=3010,nodeIdx=2,changeCycle=0,myNode=b5a2d0a7...,timecost=1.154
info|2019-12-14 07:08:19.143727|[g:1][CONSENSUS][PBFT]checkAndChangeView: Reach consensus,org_view=3009,org_changeCycle=0,cur_changeCycle=0,to_view=3010
info|2019-12-14 07:08:20.148709|[g:1][CONSENSUS]addRawPrepare,height=476,reqIdx=1,hash=78d82031...
info|2019-12-14 07:08:20.150198|[g:1][CONSENSUS][PBFT]checkTimeout Succ,view=3010,toView=3011,nodeIdx=2,changeCycle=0,myNode=b5a2d0a7...,timecost=1.261
info|2019-12-14 07:08:20.151477|[g:1][CONSENSUS][PBFT]checkAndChangeView: Reach consensus,org_view=3010,org_changeCycle=0,cur_changeCycle=0,to_view=3011
info|2019-12-14 07:08:21.152309|[g:1][CONSENSUS][SEALER]++++++++++++++++ Generating seal on,blkNum=476,tx=0,nodeIdx=2,hash=2cd26dc8...
info|2019-12-14 07:08:21.155484|[g:1][CONSENSUS][PBFT]checkTimeout Succ,view=3011,toView=3012,nodeIdx=2,changeCycle=0,myNode=b5a2d0a7...,timecost=0.409
info|2019-12-14 07:08:21.156131|[g:1][CONSENSUS][PBFT]checkAndChangeView: Reach consensus,org_view=3011,org_changeCycle=0,cur_changeCycle=0,to_view=3012
info|2019-12-14 07:08:22.160101|[g:1][CONSENSUS]addRawPrepare,height=476,reqIdx=3,hash=794bc158...
info|2019-12-14 07:08:22.161242|[g:1][CONSENSUS][PBFT]checkTimeout Succ,view=3012,toView=3013,nodeIdx=2,changeCycle=0,myNode=b5a2d0a7...,timecost=0.767
info|2019-12-14 07:08:22.164618|[g:1][CONSENSUS][PBFT]checkAndChangeView: Reach consensus,org_view=3012,org_changeCycle=0,cur_changeCycle=0,to_view=3013
info|2019-12-14 07:08:23.023419|[P2P][Service] heartBeat,connected count=3
info|2019-12-14 07:08:23.168655|[g:1][CONSENSUS]addRawPrepare,height=476,reqIdx=0,hash=3d4b732c...
info|2019-12-14 07:08:23.169805|[g:1][CONSENSUS][PBFT]checkTimeout Succ,view=3013,toView=3014,nodeIdx=2,changeCycle=0,myNode=b5a2d0a7...,timecost=0.656
info|2019-12-14 07:08:23.173069|[g:1][CONSENSUS][PBFT]checkAndChangeView: Reach consensus,org_view=3013,org_changeCycle=0,cur_changeCycle=0,to_view=3014
info|2019-12-14 07:08:24.176019|[g:1][CONSENSUS]addRawPrepare,height=476,reqIdx=1,hash=fa358133...
info|2019-12-14 07:08:24.177459|[g:1][CONSENSUS][PBFT]checkTimeout Succ,view=3014,toView=3015,nodeIdx=2,changeCycle=0,myNode=b5a2d0a7...,timecost=1.189
info|2019-12-14 07:08:24.181110|[g:1][CONSENSUS][PBFT]checkAndChangeView: Reach consensus,org_view=3014,org_changeCycle=0,cur_changeCycle=0,to_view=3015
info|2019-12-14 07:08:25.181811|[g:1][CONSENSUS][SEALER]++++++++++++++++ Generating seal on,blkNum=476,tx=0,nodeIdx=2,hash=f9ddd903...
info|2019-12-14 07:08:25.183108|[g:1][CONSENSUS][PBFT]checkTimeout Succ,view=3015,toView=3016,nodeIdx=2,changeCycle=0,myNode=b5a2d0a7...,timecost=0.768
info|2019-12-14 07:08:25.190032|[g:1][CONSENSUS][PBFT]checkAndChangeView: Reach consensus,org_view=3015,org_changeCycle=0,cur_changeCycle=0,to_view=3016
info|2019-12-14 07:08:26.192905|[g:1][CONSENSUS]addRawPrepare,height=476,reqIdx=3,hash=990f7e0f...
info|2019-12-14 07:08:26.194027|[g:1][CONSENSUS][PBFT]checkTimeout Succ,view=3016,toView=3017,nodeIdx=2,changeCycle=0,myNode=b5a2d0a7...,timecost=0.87
info|2019-12-14 07:08:26.197724|[g:1][CONSENSUS][PBFT]checkAndChangeView: Reach consensus,org_view=3016,org_changeCycle=0,cur_changeCycle=0,to_view=3017
info|2019-12-14 07:08:27.199916|[g:1][CONSENSUS]addRawPrepare,height=476,reqIdx=0,hash=c59f6865...
info|2019-12-14 07:08:27.201117|[g:1][CONSENSUS][PBFT]checkTimeout Succ,view=3017,toView=3018,nodeIdx=2,changeCycle=0,myNode=b5a2d0a7...,timecost=0.986
info|2019-12-14 07:08:27.206228|[g:1][CONSENSUS][PBFT]checkAndChangeView: Reach consensus,org_view=3017,org_changeCycle=0,cur_changeCycle=0,to_view=3018
info|2019-12-14 07:08:28.908624|[g:1][CONSENSUS]addRawPrepare,height=476,reqIdx=1,hash=926be42b...
info|2019-12-14 07:08:28.909172|[g:1][CONSENSUS][PBFT]checkTimeout Succ,view=3018,toView=3019,nodeIdx=2,changeCycle=0,myNode=b5a2d0a7...,timecost=0.358
info|2019-12-14 07:08:28.912051|[g:1][CONSENSUS][PBFT]checkAndChangeView: Reach consensus,org_view=3018,org_changeCycle=0,cur_changeCycle=0,to_view=3019
info|2019-12-14 07:08:29.912662|[g:1][CONSENSUS][SEALER]++++++++++++++++ Generating seal on,blkNum=476,tx=0,nodeIdx=2,hash=872bb10a...
info|2019-12-14 07:08:29.919878|[g:1][CONSENSUS][PBFT]checkTimeout Succ,view=3019,toView=3020,nodeIdx=2,changeCycle=0,myNode=b5a2d0a7...,timecost=1.769
info|2019-12-14 07:08:29.922303|[g:1][CONSENSUS][PBFT]checkAndChangeView: Reach consensus,org_view=3019,org_changeCycle=0,cur_changeCycle=0,to_view=3020
info|2019-12-14 07:08:30.924270|[g:1][CONSENSUS]addRawPrepare,height=476,reqIdx=3,hash=7eb0b9eb...
info|2019-12-14 07:08:30.925719|[g:1][CONSENSUS][PBFT]checkTimeout Succ,view=3020,toView=3021,nodeIdx=2,changeCycle=0,myNode=b5a2d0a7...,timecost=0.836
info|2019-12-14 07:08:30.928500|[g:1][CONSENSUS][PBFT]checkAndChangeView: Reach consensus,org_view=3020,org_changeCycle=0,cur_changeCycle=0,to_view=3021
info|2019-12-14 07:08:31.930948|[g:1][CONSENSUS]addRawPrepare,height=476,reqIdx=0,hash=22eec7eb...
info|2019-12-14 07:08:31.931842|[g:1][CONSENSUS][PBFT]checkTimeout Succ,view=3021,toView=3022,nodeIdx=2,changeCycle=0,myNode=b5a2d0a7...,timecost=0.718
info|2019-12-14 07:08:31.935583|[g:1][CONSENSUS][PBFT]checkAndChangeView: Reach consensus,org_view=3021,org_changeCycle=0,cur_changeCycle=0,to_view=3022
info|2019-12-14 07:08:32.937308|[g:1][CONSENSUS]addRawPrepare,height=476,reqIdx=1,hash=dcb425e1...
info|2019-12-14 07:08:32.938368|[g:1][CONSENSUS][PBFT]checkTimeout Succ,view=3022,toView=3023,nodeIdx=2,changeCycle=0,myNode=b5a2d0a7...,timecost=0.81
info|2019-12-14 07:08:32.943043|[g:1][CONSENSUS][PBFT]checkAndChangeView: Reach consensus,org_view=3022,org_changeCycle=0,cur_changeCycle=0,to_view=3023
info|2019-12-14 07:08:33.029378|[P2P][Service] heartBeat,connected count=3
info|2019-12-14 07:08:33.943773|[g:1][CONSENSUS][SEALER]++++++++++++++++ Generating seal on,blkNum=476,tx=0,nodeIdx=2,hash=14883276...
info|2019-12-14 07:08:33.949435|[g:1][CONSENSUS][PBFT]checkTimeout Succ,view=3023,toView=3024,nodeIdx=2,changeCycle=0,myNode=b5a2d0a7...,timecost=0.753
info|2019-12-14 07:08:33.951933|[g:1][CONSENSUS][PBFT]checkAndChangeView: Reach consensus,org_view=3023,org_changeCycle=0,cur_changeCycle=0,to_view=3024
info|2019-12-14 07:08:34.957714|[g:1][CONSENSUS]addRawPrepare,height=476,reqIdx=3,hash=643bdd00...
info|2019-12-14 07:08:34.958888|[g:1][CONSENSUS][PBFT]checkTimeout Succ,view=3024,toView=3025,nodeIdx=2,changeCycle=0,myNode=b5a2d0a7...,timecost=0.885
info|2019-12-14 07:08:34.962880|[g:1][CONSENSUS][PBFT]checkAndChangeView: Reach consensus,org_view=3024,org_changeCycle=0,cur_changeCycle=0,to_view=3025
info|2019-12-14 07:08:35.964129|[g:1][CONSENSUS]addRawPrepare,height=476,reqIdx=0,hash=8cfc3ec8...
info|2019-12-14 07:08:35.965213|[g:1][CONSENSUS][PBFT]checkTimeout Succ,view=3025,toView=3026,nodeIdx=2,changeCycle=0,myNode=b5a2d0a7...,timecost=0.832
info|2019-12-14 07:08:35.968670|[g:1][CONSENSUS][PBFT]checkAndChangeView: Reach consensus,org_view=3025,org_changeCycle=0,cur_changeCycle=0,to_view=3026
info|2019-12-14 07:08:36.972408|[g:1][CONSENSUS]addRawPrepare,height=476,reqIdx=1,hash=e9239ac6...
info|2019-12-14 07:08:36.973555|[g:1][CONSENSUS][PBFT]checkTimeout Succ,view=3026,toView=3027,nodeIdx=2,changeCycle=0,myNode=b5a2d0a7...,timecost=0.858
info|2019-12-14 07:08:36.976664|[g:1][CONSENSUS][PBFT]checkAndChangeView: Reach consensus,org_view=3026,org_changeCycle=0,cur_changeCycle=0,to_view=3027
info|2019-12-14 07:08:37.976754|[g:1][CONSENSUS][SEALER]++++++++++++++++ Generating seal on,blkNum=476,tx=0,nodeIdx=2,hash=7b603889...
info|2019-12-14 07:08:37.978120|[g:1][CONSENSUS][PBFT]checkTimeout Succ,view=3027,toView=3028,nodeIdx=2,changeCycle=0,myNode=b5a2d0a7...,timecost=0.832
info|2019-12-14 07:08:37.983648|[g:1][CONSENSUS][PBFT]checkAndChangeView: Reach consensus,org_view=3027,org_changeCycle=0,cur_changeCycle=0,to_view=3028
info|2019-12-14 07:08:38.985753|[g:1][CONSENSUS]addRawPrepare,height=476,reqIdx=3,hash=8ea9a6c6...
info|2019-12-14 07:08:38.988106|[g:1][CONSENSUS][PBFT]checkTimeout Succ,view=3028,toView=3029,nodeIdx=2,changeCycle=0,myNode=b5a2d0a7...,timecost=1.7
info|2019-12-14 07:08:38.990603|[g:1][CONSENSUS][PBFT]checkAndChangeView: Reach consensus,org_view=3028,org_changeCycle=0,cur_changeCycle=0,to_view=3029
info|2019-12-14 07:08:39.996758|[g:1][CONSENSUS]addRawPrepare,height=476,reqIdx=0,hash=45c31859...
info|2019-12-14 07:08:39.997899|[g:1][CONSENSUS][PBFT]checkTimeout Succ,view=3029,toView=3030,nodeIdx=2,changeCycle=0,myNode=b5a2d0a7...,timecost=0.816
info|2019-12-14 07:08:40.000650|[g:1][CONSENSUS][PBFT]checkAndChangeView: Reach consensus,org_view=3029,org_changeCycle=0,cur_changeCycle=0,to_view=3030
info|2019-12-14 07:08:41.005845|[g:1][CONSENSUS]addRawPrepare,height=476,reqIdx=1,hash=32ae132a...
info|2019-12-14 07:08:41.008637|[g:1][CONSENSUS][PBFT]checkTimeout Succ,view=3030,toView=3031,nodeIdx=2,changeCycle=0,myNode=b5a2d0a7...,timecost=2.545
info|2019-12-14 07:08:41.011910|[g:1][CONSENSUS][PBFT]checkAndChangeView: Reach consensus,org_view=3030,org_changeCycle=0,cur_changeCycle=0,to_view=3031
info|2019-12-14 07:08:42.012073|[g:1][CONSENSUS][SEALER]++++++++++++++++ Generating seal on,blkNum=476,tx=0,nodeIdx=2,hash=d5af1ee7...
info|2019-12-14 07:08:42.013252|[g:1][CONSENSUS][PBFT]checkTimeout Succ,view=3031,toView=3032,nodeIdx=2,changeCycle=0,myNode=b5a2d0a7...,timecost=0.72
info|2019-12-14 07:08:42.017385|[g:1][CONSENSUS][PBFT]checkAndChangeView: Reach consensus,org_view=3031,org_changeCycle=0,cur_changeCycle=0,to_view=3032
info|2019-12-14 07:08:43.020593|[g:1][CONSENSUS]addRawPrepare,height=476,reqIdx=3,hash=1893e6a4...
info|2019-12-14 07:08:43.022744|[g:1][CONSENSUS][PBFT]checkTimeout Succ,view=3032,toView=3033,nodeIdx=2,changeCycle=0,myNode=b5a2d0a7...,timecost=1.688
info|2019-12-14 07:08:43.025573|[g:1][CONSENSUS][PBFT]checkAndChangeView: Reach consensus,org_view=3032,org_changeCycle=0,cur_changeCycle=0,to_view=3033
info|2019-12-14 07:08:43.030513|[P2P][Service] heartBeat,connected count=3
info|2019-12-14 07:08:44.029264|[g:1][CONSENSUS]addRawPrepare,height=476,reqIdx=0,hash=e309921c...
info|2019-12-14 07:08:44.035337|[g:1][CONSENSUS][PBFT]checkTimeout Succ,view=3033,toView=3034,nodeIdx=2,changeCycle=0,myNode=b5a2d0a7...,timecost=5.693
info|2019-12-14 07:08:44.036842|[g:1][CONSENSUS][PBFT]checkAndChangeView: Reach consensus,org_view=3033,org_changeCycle=0,cur_changeCycle=0,to_view=3034
info|2019-12-14 07:08:45.037027|[g:1][CONSENSUS]addRawPrepare,height=476,reqIdx=1,hash=5f8bffea...
info|2019-12-14 07:08:45.039758|[g:1][CONSENSUS][PBFT]checkTimeout Succ,view=3034,toView=3035,nodeIdx=2,changeCycle=0,myNode=b5a2d0a7...,timecost=2.489
info|2019-12-14 07:08:45.042598|[g:1][CONSENSUS][PBFT]checkAndChangeView: Reach consensus,org_view=3034,org_changeCycle=0,cur_changeCycle=0,to_view=3035
info|2019-12-14 07:08:46.042872|[g:1][CONSENSUS][SEALER]++++++++++++++++ Generating seal on,blkNum=476,tx=0,nodeIdx=2,hash=22425c37...
info|2019-12-14 07:08:46.044265|[g:1][CONSENSUS][PBFT]checkTimeout Succ,view=3035,toView=3036,nodeIdx=2,changeCycle=0,myNode=b5a2d0a7...,timecost=0.767
info|2019-12-14 07:08:46.050733|[g:1][CONSENSUS][PBFT]checkAndChangeView: Reach consensus,org_view=3035,org_changeCycle=0,cur_changeCycle=0,to_view=3036
info|2019-12-14 07:08:47.055345|[g:1][CONSENSUS]addRawPrepare,height=476,reqIdx=3,hash=3ea32e21...
info|2019-12-14 07:08:47.056675|[g:1][CONSENSUS][PBFT]checkTimeout Succ,view=3036,toView=3037,nodeIdx=2,changeCycle=0,myNode=b5a2d0a7...,timecost=0.804
info|2019-12-14 07:08:47.058924|[g:1][CONSENSUS][PBFT]checkAndChangeView: Reach consensus,org_view=3036,org_changeCycle=0,cur_changeCycle=0,to_view=3037
info|2019-12-14 07:08:48.062417|[g:1][CONSENSUS]addRawPrepare,height=476,reqIdx=0,hash=ff4edf1f...
info|2019-12-14 07:08:48.063343|[g:1][CONSENSUS][PBFT]checkTimeout Succ,view=3037,toView=3038,nodeIdx=2,changeCycle=0,myNode=b5a2d0a7...,timecost=0.678
info|2019-12-14 07:08:48.066881|[g:1][CONSENSUS][PBFT]checkAndChangeView: Reach consensus,org_view=3037,org_changeCycle=0,cur_changeCycle=0,to_view=3038
info|2019-12-14 07:08:49.072764|[g:1][CONSENSUS]addRawPrepare,height=476,reqIdx=1,hash=6860fa0d...
info|2019-12-14 07:08:49.075911|[g:1][CONSENSUS][PBFT]checkTimeout Succ,view=3038,toView=3039,nodeIdx=2,changeCycle=0,myNode=b5a2d0a7...,timecost=2.754
info|2019-12-14 07:08:49.078707|[g:1][CONSENSUS][PBFT]checkAndChangeView: Reach consensus,org_view=3038,org_changeCycle=0,cur_changeCycle=0,to_view=3039
info|2019-12-14 07:08:50.079366|[g:1][CONSENSUS][SEALER]++++++++++++++++ Generating seal on,blkNum=476,tx=0,nodeIdx=2,hash=935ef3b9...
info|2019-12-14 07:08:50.080616|[g:1][CONSENSUS][PBFT]checkTimeout Succ,view=3039,toView=3040,nodeIdx=2,changeCycle=0,myNode=b5a2d0a7...,timecost=0.708
info|2019-12-14 07:08:50.085415|[g:1][CONSENSUS][PBFT]checkAndChangeView: Reach consensus,org_view=3039,org_changeCycle=0,cur_changeCycle=0,to_view=3040
info|2019-12-14 07:08:51.087717|[g:1][CONSENSUS]addRawPrepare,height=476,reqIdx=3,hash=7ab38bea...
info|2019-12-14 07:08:51.088830|[g:1][CONSENSUS][PBFT]checkTimeout Succ,view=3040,toView=3041,nodeIdx=2,changeCycle=0,myNode=b5a2d0a7...,timecost=0.849
info|2019-12-14 07:08:51.094193|[g:1][CONSENSUS][PBFT]checkAndChangeView: Reach consensus,org_view=3040,org_changeCycle=0,cur_changeCycle=0,to_view=3041
info|2019-12-14 07:08:52.096992|[g:1][CONSENSUS]addRawPrepare,height=476,reqIdx=0,hash=f790652d...
info|2019-12-14 07:08:52.097943|[g:1][CONSENSUS][PBFT]checkTimeout Succ,view=3041,toView=3042,nodeIdx=2,changeCycle=0,myNode=b5a2d0a7...,timecost=0.742
info|2019-12-14 07:08:52.104419|[g:1][CONSENSUS][PBFT]checkAndChangeView: Reach consensus,org_view=3041,org_changeCycle=0,cur_changeCycle=0,to_view=3042
info|2019-12-14 07:08:53.040300|[P2P][Service] heartBeat,connected count=3
info|2019-12-14 07:08:53.107026|[g:1][CONSENSUS]addRawPrepare,height=476,reqIdx=1,hash=77acf908...
info|2019-12-14 07:08:53.108928|[g:1][CONSENSUS][PBFT]checkTimeout Succ,view=3042,toView=3043,nodeIdx=2,changeCycle=0,myNode=b5a2d0a7...,timecost=1.466
info|2019-12-14 07:08:53.111723|[g:1][CONSENSUS][PBFT]checkAndChangeView: Reach consensus,org_view=3042,org_changeCycle=0,cur_changeCycle=0,to_view=3043
info|2019-12-14 07:08:54.113301|[g:1][CONSENSUS][SEALER]++++++++++++++++ Generating seal on,blkNum=476,tx=0,nodeIdx=2,hash=69451b65...
info|2019-12-14 07:08:54.119811|[g:1][CONSENSUS][PBFT]checkTimeout Succ,view=3043,toView=3044,nodeIdx=2,changeCycle=0,myNode=b5a2d0a7...,timecost=0.508
info|2019-12-14 07:08:54.123288|[g:1][CONSENSUS][PBFT]checkAndChangeView: Reach consensus,org_view=3043,org_changeCycle=0,cur_changeCycle=0,to_view=3044
info|2019-12-14 07:08:55.124149|[g:1][CONSENSUS]addRawPrepare,height=476,reqIdx=3,hash=74b1f49c...
info|2019-12-14 07:08:55.124937|[g:1][CONSENSUS][PBFT]checkTimeout Succ,view=3044,toView=3045,nodeIdx=2,changeCycle=0,myNode=b5a2d0a7...,timecost=0.76
info|2019-12-14 07:08:55.127892|[g:1][CONSENSUS][PBFT]checkAndChangeView: Reach consensus,org_view=3044,org_changeCycle=0,cur_changeCycle=0,to_view=3045
