warning|2019-12-14 02:43:52.008378|[g:1][CONSENSUS][PBFT]ViewChangeWarning: not caused by omit empty block ,v=2811,toV=2812,curNum=475,hash=ad338c6e...,nodeIdx=2,myNode=b5a2d0a7...
info|2019-12-14 02:43:52.008490|[g:1][CONSENSUS][PBFT]checkTimeout Succ,view=2811,toView=2812,nodeIdx=2,changeCycle=1,myNode=b5a2d0a7...,timecost=0.399
info|2019-12-14 02:43:52.015833|[P2P][Service] heartBeat,connected count=3
info|2019-12-14 02:43:52.025340|[g:1][CONSENSUS][PBFT]checkAndChangeView: Reach consensus,org_view=2811,org_changeCycle=1,cur_changeCycle=1,to_view=2812
info|2019-12-14 02:43:53.030593|[g:1][CONSENSUS]addRawPrepare,height=476,reqIdx=3,hash=5fff9a31...
info|2019-12-14 02:43:53.031636|[g:1][CONSENSUS][PBFT]checkTimeout Succ,view=2812,toView=2813,nodeIdx=2,changeCycle=0,myNode=b5a2d0a7...,timecost=0.941
info|2019-12-14 02:43:53.033600|[g:1][CONSENSUS][PBFT]checkAndChangeView: Reach consensus,org_view=2812,org_changeCycle=0,cur_changeCycle=0,to_view=2813
info|2019-12-14 02:43:54.036979|[g:1][CONSENSUS]addRawPrepare,height=476,reqIdx=0,hash=f62073be...
info|2019-12-14 02:43:54.037462|[g:1][CONSENSUS][PBFT]checkTimeout Succ,view=2813,toView=2814,nodeIdx=2,changeCycle=0,myNode=b5a2d0a7...,timecost=0.364
info|2019-12-14 02:43:54.039159|[g:1][CONSENSUS][PBFT]checkAndChangeView: Reach consensus,org_view=2813,org_changeCycle=0,cur_changeCycle=0,to_view=2814
info|2019-12-14 02:43:55.041418|[g:1][CONSENSUS]addRawPrepare,height=476,reqIdx=1,hash=cac8238e...
info|2019-12-14 02:43:55.043212|[g:1][CONSENSUS][PBFT]checkTimeout Succ,view=2814,toView=2815,nodeIdx=2,changeCycle=0,myNode=b5a2d0a7...,timecost=1.517
info|2019-12-14 02:43:55.044869|[g:1][CONSENSUS][PBFT]checkAndChangeView: Reach consensus,org_view=2814,org_changeCycle=0,cur_changeCycle=0,to_view=2815
info|2019-12-14 02:43:56.044689|[g:1][CONSENSUS][SEALER]++++++++++++++++ Generating seal on,blkNum=476,tx=0,nodeIdx=2,hash=b409619e...
info|2019-12-14 02:43:56.045683|[g:1][CONSENSUS][PBFT]checkTimeout Succ,view=2815,toView=2816,nodeIdx=2,changeCycle=0,myNode=b5a2d0a7...,timecost=0.679
info|2019-12-14 02:43:56.049652|[g:1][CONSENSUS][PBFT]checkAndChangeView: Reach consensus,org_view=2815,org_changeCycle=0,cur_changeCycle=0,to_view=2816
info|2019-12-14 02:43:57.053650|[g:1][CONSENSUS]addRawPrepare,height=476,reqIdx=3,hash=e39ef2f9...
info|2019-12-14 02:43:57.054869|[g:1][CONSENSUS][PBFT]checkTimeout Succ,view=2816,toView=2817,nodeIdx=2,changeCycle=0,myNode=b5a2d0a7...,timecost=0.637
info|2019-12-14 02:43:57.058712|[g:1][CONSENSUS][PBFT]checkAndChangeView: Reach consensus,org_view=2816,org_changeCycle=0,cur_changeCycle=0,to_view=2817
info|2019-12-14 02:43:58.061297|[g:1][CONSENSUS]addRawPrepare,height=476,reqIdx=0,hash=17f16c4f...
info|2019-12-14 02:43:58.063095|[g:1][CONSENSUS][PBFT]checkTimeout Succ,view=2817,toView=2818,nodeIdx=2,changeCycle=0,myNode=b5a2d0a7...,timecost=1.57
info|2019-12-14 02:43:58.065266|[g:1][CONSENSUS][PBFT]checkAndChangeView: Reach consensus,org_view=2817,org_changeCycle=0,cur_changeCycle=0,to_view=2818
info|2019-12-14 02:43:59.068375|[g:1][CONSENSUS]addRawPrepare,height=476,reqIdx=1,hash=4a350aa7...
info|2019-12-14 02:43:59.069531|[g:1][CONSENSUS][PBFT]checkTimeout Succ,view=2818,toView=2819,nodeIdx=2,changeCycle=0,myNode=b5a2d0a7...,timecost=0.784
info|2019-12-14 02:43:59.071883|[g:1][CONSENSUS][PBFT]checkAndChangeView: Reach consensus,org_view=2818,org_changeCycle=0,cur_changeCycle=0,to_view=2819
info|2019-12-14 02:44:00.071753|[g:1][CONSENSUS][SEALER]++++++++++++++++ Generating seal on,blkNum=476,tx=0,nodeIdx=2,hash=7bedd3de...
info|2019-12-14 02:44:00.076654|[g:1][CONSENSUS][PBFT]checkTimeout Succ,view=2819,toView=2820,nodeIdx=2,changeCycle=0,myNode=b5a2d0a7...,timecost=0.904
info|2019-12-14 02:44:00.078792|[g:1][CONSENSUS][PBFT]checkAndChangeView: Reach consensus,org_view=2819,org_changeCycle=0,cur_changeCycle=0,to_view=2820
info|2019-12-14 02:44:01.082414|[g:1][CONSENSUS]addRawPrepare,height=476,reqIdx=3,hash=6b87a61b...
info|2019-12-14 02:44:01.083536|[g:1][CONSENSUS][PBFT]checkTimeout Succ,view=2820,toView=2821,nodeIdx=2,changeCycle=0,myNode=b5a2d0a7...,timecost=0.873
info|2019-12-14 02:44:01.089010|[g:1][CONSENSUS][PBFT]checkAndChangeView: Reach consensus,org_view=2820,org_changeCycle=0,cur_changeCycle=0,to_view=2821
info|2019-12-14 02:44:02.019892|[P2P][Service] heartBeat,connected count=3
info|2019-12-14 02:44:02.091063|[g:1][CONSENSUS]addRawPrepare,height=476,reqIdx=0,hash=011190cf...
info|2019-12-14 02:44:02.092061|[g:1][CONSENSUS][PBFT]checkTimeout Succ,view=2821,toView=2822,nodeIdx=2,changeCycle=0,myNode=b5a2d0a7...,timecost=0.748
info|2019-12-14 02:44:02.095604|[g:1][CONSENSUS][PBFT]checkAndChangeView: Reach consensus,org_view=2821,org_changeCycle=0,cur_changeCycle=0,to_view=2822
info|2019-12-14 02:44:03.101136|[g:1][CONSENSUS]addRawPrepare,height=476,reqIdx=1,hash=7f3417ba...
info|2019-12-14 02:44:03.105545|[g:1][CONSENSUS][PBFT]checkTimeout Succ,view=2822,toView=2823,nodeIdx=2,changeCycle=0,myNode=b5a2d0a7...,timecost=4.081
info|2019-12-14 02:44:03.108483|[g:1][CONSENSUS][PBFT]checkAndChangeView: Reach consensus,org_view=2822,org_changeCycle=0,cur_changeCycle=0,to_view=2823
info|2019-12-14 02:44:04.108923|[g:1][CONSENSUS][SEALER]++++++++++++++++ Generating seal on,blkNum=476,tx=0,nodeIdx=2,hash=4c339c9c...
info|2019-12-14 02:44:04.114615|[g:1][CONSENSUS][PBFT]checkTimeout Succ,view=2823,toView=2824,nodeIdx=2,changeCycle=0,myNode=b5a2d0a7...,timecost=1.065
info|2019-12-14 02:44:04.117297|[g:1][CONSENSUS][PBFT]checkAndChangeView: Reach consensus,org_view=2823,org_changeCycle=0,cur_changeCycle=0,to_view=2824
info|2019-12-14 02:44:05.118605|[g:1][CONSENSUS]addRawPrepare,height=476,reqIdx=3,hash=29fc86bb...
info|2019-12-14 02:44:05.120286|[g:1][CONSENSUS][PBFT]checkTimeout Succ,view=2824,toView=2825,nodeIdx=2,changeCycle=0,myNode=b5a2d0a7...,timecost=1.455
info|2019-12-14 02:44:05.123083|[g:1][CONSENSUS][PBFT]checkAndChangeView: Reach consensus,org_view=2824,org_changeCycle=0,cur_changeCycle=0,to_view=2825
info|2019-12-14 02:44:06.124817|[g:1][CONSENSUS]addRawPrepare,height=476,reqIdx=0,hash=f86f3284...
info|2019-12-14 02:44:06.125872|[g:1][CONSENSUS][PBFT]checkTimeout Succ,view=2825,toView=2826,nodeIdx=2,changeCycle=0,myNode=b5a2d0a7...,timecost=0.878
info|2019-12-14 02:44:06.128254|[g:1][CONSENSUS][PBFT]checkAndChangeView: Reach consensus,org_view=2825,org_changeCycle=0,cur_changeCycle=0,to_view=2826
info|2019-12-14 02:44:07.131896|[g:1][CONSENSUS]addRawPrepare,height=476,reqIdx=1,hash=5a7f08f9...
info|2019-12-14 02:44:07.134782|[g:1][CONSENSUS][PBFT]checkTimeout Succ,view=2826,toView=2827,nodeIdx=2,changeCycle=0,myNode=b5a2d0a7...,timecost=2.626
info|2019-12-14 02:44:07.137566|[g:1][CONSENSUS][PBFT]checkAndChangeView: Reach consensus,org_view=2826,org_changeCycle=0,cur_changeCycle=0,to_view=2827
info|2019-12-14 02:44:08.137311|[g:1][CONSENSUS][SEALER]++++++++++++++++ Generating seal on,blkNum=476,tx=0,nodeIdx=2,hash=e619a199...
info|2019-12-14 02:44:08.138574|[g:1][CONSENSUS][PBFT]checkTimeout Succ,view=2827,toView=2828,nodeIdx=2,changeCycle=0,myNode=b5a2d0a7...,timecost=0.844
info|2019-12-14 02:44:08.142620|[g:1][CONSENSUS][PBFT]checkAndChangeView: Reach consensus,org_view=2827,org_changeCycle=0,cur_changeCycle=0,to_view=2828
info|2019-12-14 02:44:09.145283|[g:1][CONSENSUS]addRawPrepare,height=476,reqIdx=3,hash=a9e95726...
info|2019-12-14 02:44:09.147121|[g:1][CONSENSUS][PBFT]checkTimeout Succ,view=2828,toView=2829,nodeIdx=2,changeCycle=0,myNode=b5a2d0a7...,timecost=1.3
info|2019-12-14 02:44:09.149721|[g:1][CONSENSUS][PBFT]checkAndChangeView: Reach consensus,org_view=2828,org_changeCycle=0,cur_changeCycle=0,to_view=2829
info|2019-12-14 02:44:10.152725|[g:1][CONSENSUS]addRawPrepare,height=476,reqIdx=0,hash=3056f67c...
info|2019-12-14 02:44:10.154003|[g:1][CONSENSUS][PBFT]checkTimeout Succ,view=2829,toView=2830,nodeIdx=2,changeCycle=0,myNode=b5a2d0a7...,timecost=0.988
info|2019-12-14 02:44:10.157602|[g:1][CONSENSUS][PBFT]checkAndChangeView: Reach consensus,org_view=2829,org_changeCycle=0,cur_changeCycle=0,to_view=2830
info|2019-12-14 02:44:11.159423|[g:1][CONSENSUS]addRawPrepare,height=476,reqIdx=1,hash=f4e13248...
info|2019-12-14 02:44:11.161957|[g:1][CONSENSUS][PBFT]checkTimeout Succ,view=2830,toView=2831,nodeIdx=2,changeCycle=0,myNode=b5a2d0a7...,timecost=1.911
info|2019-12-14 02:44:11.165290|[g:1][CONSENSUS][PBFT]checkAndChangeView: Reach consensus,org_view=2830,org_changeCycle=0,cur_changeCycle=0,to_view=2831
info|2019-12-14 02:44:12.030149|[P2P][Service] heartBeat,connected count=3
info|2019-12-14 02:44:12.166322|[g:1][CONSENSUS][SEALER]++++++++++++++++ Generating seal on,blkNum=476,tx=0,nodeIdx=2,hash=6e71c0eb...
info|2019-12-14 02:44:12.167811|[g:1][CONSENSUS][PBFT]checkTimeout Succ,view=2831,toView=2832,nodeIdx=2,changeCycle=0,myNode=b5a2d0a7...,timecost=0.955
info|2019-12-14 02:44:12.174292|[g:1][CONSENSUS][PBFT]checkAndChangeView: Reach consensus,org_view=2831,org_changeCycle=0,cur_changeCycle=0,to_view=2832
info|2019-12-14 02:44:13.178198|[g:1][CONSENSUS]addRawPrepare,height=476,reqIdx=3,hash=cb229138...
info|2019-12-14 02:44:13.179480|[g:1][CONSENSUS][PBFT]checkTimeout Succ,view=2832,toView=2833,nodeIdx=2,changeCycle=0,myNode=b5a2d0a7...,timecost=1.083
info|2019-12-14 02:44:13.181565|[g:1][CONSENSUS][PBFT]checkAndChangeView: Reach consensus,org_view=2832,org_changeCycle=0,cur_changeCycle=0,to_view=2833
info|2019-12-14 02:44:14.184670|[g:1][CONSENSUS]addRawPrepare,height=476,reqIdx=0,hash=26eda52a...
info|2019-12-14 02:44:14.186886|[g:1][CONSENSUS][PBFT]checkTimeout Succ,view=2833,toView=2834,nodeIdx=2,changeCycle=0,myNode=b5a2d0a7...,timecost=1.955
info|2019-12-14 02:44:14.190850|[g:1][CONSENSUS][PBFT]checkAndChangeView: Reach consensus,org_view=2833,org_changeCycle=0,cur_changeCycle=0,to_view=2834
info|2019-12-14 02:44:15.194108|[g:1][CONSENSUS]addRawPrepare,height=476,reqIdx=1,hash=08aa05b7...
info|2019-12-14 02:44:15.197104|[g:1][CONSENSUS][PBFT]checkTimeout Succ,view=2834,toView=2835,nodeIdx=2,changeCycle=0,myNode=b5a2d0a7...,timecost=2.292
info|2019-12-14 02:44:15.199714|[g:1][CONSENSUS][PBFT]checkAndChangeView: Reach consensus,org_view=2834,org_changeCycle=0,cur_changeCycle=0,to_view=2835
info|2019-12-14 02:44:16.200530|[g:1][CONSENSUS][SEALER]++++++++++++++++ Generating seal on,blkNum=476,tx=0,nodeIdx=2,hash=ac1f74d0...
info|2019-12-14 02:44:16.208987|[g:1][CONSENSUS][PBFT]checkTimeout Succ,view=2835,toView=2836,nodeIdx=2,changeCycle=0,myNode=b5a2d0a7...,timecost=2.781
info|2019-12-14 02:44:16.209836|[g:1][CONSENSUS][PBFT]checkAndChangeView: Reach consensus,org_view=2835,org_changeCycle=0,cur_changeCycle=0,to_view=2836
info|2019-12-14 02:44:17.210597|[g:1][CONSENSUS]addRawPrepare,height=476,reqIdx=3,hash=92606ac6...
info|2019-12-14 02:44:17.212276|[g:1][CONSENSUS][PBFT]checkTimeout Succ,view=2836,toView=2837,nodeIdx=2,changeCycle=0,myNode=b5a2d0a7...,timecost=1.512
info|2019-12-14 02:44:17.214131|[g:1][CONSENSUS][PBFT]checkAndChangeView: Reach consensus,org_view=2836,org_changeCycle=0,cur_changeCycle=0,to_view=2837
info|2019-12-14 02:44:18.215742|[g:1][CONSENSUS]addRawPrepare,height=476,reqIdx=0,hash=22846f64...
info|2019-12-14 02:44:18.217646|[g:1][CONSENSUS][PBFT]checkTimeout Succ,view=2837,toView=2838,nodeIdx=2,changeCycle=0,myNode=b5a2d0a7...,timecost=1.572
info|2019-12-14 02:44:18.219439|[g:1][CONSENSUS][PBFT]checkAndChangeView: Reach consensus,org_view=2837,org_changeCycle=0,cur_changeCycle=0,to_view=2838
info|2019-12-14 02:44:19.222211|[g:1][CONSENSUS]addRawPrepare,height=476,reqIdx=1,hash=9a9648a0...
info|2019-12-14 02:44:19.223100|[g:1][CONSENSUS][PBFT]checkTimeout Succ,view=2838,toView=2839,nodeIdx=2,changeCycle=0,myNode=b5a2d0a7...,timecost=0.667
info|2019-12-14 02:44:19.225603|[g:1][CONSENSUS][PBFT]checkAndChangeView: Reach consensus,org_view=2838,org_changeCycle=0,cur_changeCycle=0,to_view=2839
info|2019-12-14 02:44:20.226447|[g:1][CONSENSUS][SEALER]++++++++++++++++ Generating seal on,blkNum=476,tx=0,nodeIdx=2,hash=336a5082...
info|2019-12-14 02:44:20.227607|[g:1][CONSENSUS][PBFT]checkTimeout Succ,view=2839,toView=2840,nodeIdx=2,changeCycle=0,myNode=b5a2d0a7...,timecost=0.663
info|2019-12-14 02:44:20.232311|[g:1][CONSENSUS][PBFT]checkAndChangeView: Reach consensus,org_view=2839,org_changeCycle=0,cur_changeCycle=0,to_view=2840
info|2019-12-14 02:44:21.235176|[g:1][CONSENSUS]addRawPrepare,height=476,reqIdx=3,hash=d2bb60ff...
info|2019-12-14 02:44:21.236314|[g:1][CONSENSUS][PBFT]checkTimeout Succ,view=2840,toView=2841,nodeIdx=2,changeCycle=0,myNode=b5a2d0a7...,timecost=0.897
info|2019-12-14 02:44:21.239441|[g:1][CONSENSUS][PBFT]checkAndChangeView: Reach consensus,org_view=2840,org_changeCycle=0,cur_changeCycle=0,to_view=2841
info|2019-12-14 02:44:22.035872|[P2P][Service] heartBeat,connected count=3
info|2019-12-14 02:44:22.243605|[g:1][CONSENSUS]addRawPrepare,height=476,reqIdx=0,hash=1834548d...
info|2019-12-14 02:44:22.244682|[g:1][CONSENSUS][PBFT]checkTimeout Succ,view=2841,toView=2842,nodeIdx=2,changeCycle=0,myNode=b5a2d0a7...,timecost=0.813
info|2019-12-14 02:44:22.250389|[g:1][CONSENSUS][PBFT]checkAndChangeView: Reach consensus,org_view=2841,org_changeCycle=0,cur_changeCycle=0,to_view=2842
info|2019-12-14 02:44:23.250316|[g:1][CONSENSUS]addRawPrepare,height=476,reqIdx=1,hash=7be63152...
info|2019-12-14 02:44:23.251657|[g:1][CONSENSUS][PBFT]checkTimeout Succ,view=2842,toView=2843,nodeIdx=2,changeCycle=0,myNode=b5a2d0a7...,timecost=1.135
info|2019-12-14 02:44:23.254521|[g:1][CONSENSUS][PBFT]checkAndChangeView: Reach consensus,org_view=2842,org_changeCycle=0,cur_changeCycle=0,to_view=2843
info|2019-12-14 02:44:24.255662|[g:1][CONSENSUS][SEALER]++++++++++++++++ Generating seal on,blkNum=476,tx=0,nodeIdx=2,hash=31ffd9f4...
info|2019-12-14 02:44:24.257629|[g:1][CONSENSUS][PBFT]checkTimeout Succ,view=2843,toView=2844,nodeIdx=2,changeCycle=0,myNode=b5a2d0a7...,timecost=1.051
info|2019-12-14 02:44:24.264587|[g:1][CONSENSUS][PBFT]checkAndChangeView: Reach consensus,org_view=2843,org_changeCycle=0,cur_changeCycle=0,to_view=2844
info|2019-12-14 02:44:25.266453|[g:1][CONSENSUS]addRawPrepare,height=476,reqIdx=3,hash=db4235ea...
info|2019-12-14 02:44:25.267297|[g:1][CONSENSUS][PBFT]checkTimeout Succ,view=2844,toView=2845,nodeIdx=2,changeCycle=0,myNode=b5a2d0a7...,timecost=0.654
info|2019-12-14 02:44:25.270107|[g:1][CONSENSUS][PBFT]checkAndChangeView: Reach consensus,org_view=2844,org_changeCycle=0,cur_changeCycle=0,to_view=2845
info|2019-12-14 02:44:26.272062|[g:1][CONSENSUS]addRawPrepare,height=476,reqIdx=0,hash=8e36dfbb...
info|2019-12-14 02:44:26.273113|[g:1][CONSENSUS][PBFT]checkTimeout Succ,view=2845,toView=2846,nodeIdx=2,changeCycle=0,myNode=b5a2d0a7...,timecost=0.844
info|2019-12-14 02:44:26.275904|[g:1][CONSENSUS][PBFT]checkAndChangeView: Reach consensus,org_view=2845,org_changeCycle=0,cur_changeCycle=0,to_view=2846
info|2019-12-14 02:44:27.279888|[g:1][CONSENSUS]addRawPrepare,height=476,reqIdx=1,hash=907c77d2...
info|2019-12-14 02:44:27.285750|[g:1][CONSENSUS][PBFT]checkTimeout Succ,view=2846,toView=2847,nodeIdx=2,changeCycle=0,myNode=b5a2d0a7...,timecost=5.527
info|2019-12-14 02:44:27.288406|[g:1][CONSENSUS][PBFT]checkAndChangeView: Reach consensus,org_view=2846,org_changeCycle=0,cur_changeCycle=0,to_view=2847
info|2019-12-14 02:44:28.288746|[g:1][CONSENSUS][SEALER]++++++++++++++++ Generating seal on,blkNum=476,tx=0,nodeIdx=2,hash=63aecee9...
info|2019-12-14 02:44:28.290372|[g:1][CONSENSUS][PBFT]checkTimeout Succ,view=2847,toView=2848,nodeIdx=2,changeCycle=0,myNode=b5a2d0a7...,timecost=0.763
info|2019-12-14 02:44:28.296603|[g:1][CONSENSUS][PBFT]checkAndChangeView: Reach consensus,org_view=2847,org_changeCycle=0,cur_changeCycle=0,to_view=2848
info|2019-12-14 02:44:29.300923|[g:1][CONSENSUS]addRawPrepare,height=476,reqIdx=3,hash=32458d28...
info|2019-12-14 02:44:29.302507|[g:1][CONSENSUS][PBFT]checkTimeout Succ,view=2848,toView=2849,nodeIdx=2,changeCycle=0,myNode=b5a2d0a7...,timecost=1.352
info|2019-12-14 02:44:29.305783|[g:1][CONSENSUS][PBFT]checkAndChangeView: Reach consensus,org_view=2848,org_changeCycle=0,cur_changeCycle=0,to_view=2849
info|2019-12-14 02:44:30.307411|[g:1][CONSENSUS]addRawPrepare,height=476,reqIdx=0,hash=380a0a93...
info|2019-12-14 02:44:30.311658|[g:1][CONSENSUS][PBFT]checkTimeout Succ,view=2849,toView=2850,nodeIdx=2,changeCycle=0,myNode=b5a2d0a7...,timecost=4.042
info|2019-12-14 02:44:30.312848|[g:1][CONSENSUS][PBFT]checkAndChangeView: Reach consensus,org_view=2849,org_changeCycle=0,cur_changeCycle=0,to_view=2850
info|2019-12-14 02:44:31.312604|[g:1][CONSENSUS]addRawPrepare,height=476,reqIdx=1,hash=2b682a0f...
info|2019-12-14 02:44:31.314656|[g:1][CONSENSUS][PBFT]checkTimeout Succ,view=2850,toView=2851,nodeIdx=2,changeCycle=0,myNode=b5a2d0a7...,timecost=1.57
info|2019-12-14 02:44:31.317528|[g:1][CONSENSUS][PBFT]checkAndChangeView: Reach consensus,org_view=2850,org_changeCycle=0,cur_changeCycle=0,to_view=2851
info|2019-12-14 02:44:32.040519|[P2P][Service] heartBeat,connected count=3
info|2019-12-14 02:44:32.319102|[g:1][CONSENSUS][SEALER]++++++++++++++++ Generating seal on,blkNum=476,tx=0,nodeIdx=2,hash=6c6926a6...
info|2019-12-14 02:44:32.325624|[g:1][CONSENSUS][PBFT]checkTimeout Succ,view=2851,toView=2852,nodeIdx=2,changeCycle=0,myNode=b5a2d0a7...,timecost=0.96
info|2019-12-14 02:44:32.326880|[g:1][CONSENSUS][PBFT]checkAndChangeView: Reach consensus,org_view=2851,org_changeCycle=0,cur_changeCycle=0,to_view=2852
info|2019-12-14 02:44:33.332612|[g:1][CONSENSUS]addRawPrepare,height=476,reqIdx=3,hash=3daf8c59...
info|2019-12-14 02:44:33.333755|[g:1][CONSENSUS][PBFT]checkTimeout Succ,view=2852,toView=2853,nodeIdx=2,changeCycle=0,myNode=b5a2d0a7...,timecost=0.838
info|2019-12-14 02:44:33.336491|[g:1][CONSENSUS][PBFT]checkAndChangeView: Reach consensus,org_view=2852,org_changeCycle=0,cur_changeCycle=0,to_view=2853
info|2019-12-14 02:44:34.339015|[g:1][CONSENSUS]addRawPrepare,height=476,reqIdx=0,hash=e400907c...
info|2019-12-14 02:44:34.340021|[g:1][CONSENSUS][PBFT]checkTimeout Succ,view=2853,toView=2854,nodeIdx=2,changeCycle=0,myNode=b5a2d0a7...,timecost=0.825
info|2019-12-14 02:44:34.343301|[g:1][CONSENSUS][PBFT]checkAndChangeView: Reach consensus,org_view=2853,org_changeCycle=0,cur_changeCycle=0,to_view=2854
info|2019-12-14 02:44:35.346183|[g:1][CONSENSUS]addRawPrepare,height=476,reqIdx=1,hash=0591b1dc...
info|2019-12-14 02:44:35.347917|[g:1][CONSENSUS][PBFT]checkTimeout Succ,view=2854,toView=2855,nodeIdx=2,changeCycle=0,myNode=b5a2d0a7...,timecost=1.537
info|2019-12-14 02:44:35.349639|[g:1][CONSENSUS][PBFT]checkAndChangeView: Reach consensus,org_view=2854,org_changeCycle=0,cur_changeCycle=0,to_view=2855
info|2019-12-14 02:44:36.350061|[g:1][CONSENSUS][SEALER]++++++++++++++++ Generating seal on,blkNum=476,tx=0,nodeIdx=2,hash=f679a70e...
info|2019-12-14 02:44:36.353168|[g:1][CONSENSUS][PBFT]checkTimeout Succ,view=2855,toView=2856,nodeIdx=2,changeCycle=0,myNode=b5a2d0a7...,timecost=0.453
info|2019-12-14 02:44:36.354667|[g:1][CONSENSUS][PBFT]checkAndChangeView: Reach consensus,org_view=2855,org_changeCycle=0,cur_changeCycle=0,to_view=2856
info|2019-12-14 02:44:37.357634|[g:1][CONSENSUS]addRawPrepare,height=476,reqIdx=3,hash=1a54c8cb...
info|2019-12-14 02:44:37.358838|[g:1][CONSENSUS][PBFT]checkTimeout Succ,view=2856,toView=2857,nodeIdx=2,changeCycle=0,myNode=b5a2d0a7...,timecost=0.937
info|2019-12-14 02:44:37.363047|[g:1][CONSENSUS][PBFT]checkAndChangeView: Reach consensus,org_view=2856,org_changeCycle=0,cur_changeCycle=0,to_view=2857
info|2019-12-14 02:44:38.364428|[g:1][CONSENSUS]addRawPrepare,height=476,reqIdx=0,hash=09046851...
info|2019-12-14 02:44:38.365314|[g:1][CONSENSUS][PBFT]checkTimeout Succ,view=2857,toView=2858,nodeIdx=2,changeCycle=0,myNode=b5a2d0a7...,timecost=0.718
info|2019-12-14 02:44:38.368311|[g:1][CONSENSUS][PBFT]checkAndChangeView: Reach consensus,org_view=2857,org_changeCycle=0,cur_changeCycle=0,to_view=2858
info|2019-12-14 02:44:39.371040|[g:1][CONSENSUS]addRawPrepare,height=476,reqIdx=1,hash=17ddbf1b...
info|2019-12-14 02:44:39.372993|[g:1][CONSENSUS][PBFT]checkTimeout Succ,view=2858,toView=2859,nodeIdx=2,changeCycle=0,myNode=b5a2d0a7...,timecost=1.702
info|2019-12-14 02:44:39.376436|[g:1][CONSENSUS][PBFT]checkAndChangeView: Reach consensus,org_view=2858,org_changeCycle=0,cur_changeCycle=0,to_view=2859
info|2019-12-14 02:44:40.376383|[g:1][CONSENSUS][SEALER]++++++++++++++++ Generating seal on,blkNum=476,tx=0,nodeIdx=2,hash=e0e8f023...
info|2019-12-14 02:44:40.377199|[g:1][CONSENSUS][PBFT]checkTimeout Succ,view=2859,toView=2860,nodeIdx=2,changeCycle=0,myNode=b5a2d0a7...,timecost=0.411
info|2019-12-14 02:44:40.379874|[g:1][CONSENSUS][PBFT]checkAndChangeView: Reach consensus,org_view=2859,org_changeCycle=0,cur_changeCycle=0,to_view=2860
info|2019-12-14 02:44:41.383844|[g:1][CONSENSUS]addRawPrepare,height=476,reqIdx=3,hash=6c2eaa55...
info|2019-12-14 02:44:41.384914|[g:1][CONSENSUS][PBFT]checkTimeout Succ,view=2860,toView=2861,nodeIdx=2,changeCycle=0,myNode=b5a2d0a7...,timecost=0.832
info|2019-12-14 02:44:41.387561|[g:1][CONSENSUS][PBFT]checkAndChangeView: Reach consensus,org_view=2860,org_changeCycle=0,cur_changeCycle=0,to_view=2861
info|2019-12-14 02:44:42.046183|[P2P][Service] heartBeat,connected count=3
info|2019-12-14 02:44:42.391131|[g:1][CONSENSUS]addRawPrepare,height=476,reqIdx=0,hash=69727d43...
info|2019-12-14 02:44:42.394977|[g:1][CONSENSUS][PBFT]checkTimeout Succ,view=2861,toView=2862,nodeIdx=2,changeCycle=0,myNode=b5a2d0a7...,timecost=3.676
info|2019-12-14 02:44:42.396209|[g:1][CONSENSUS][PBFT]checkAndChangeView: Reach consensus,org_view=2861,org_changeCycle=0,cur_changeCycle=0,to_view=2862
