warning|2019-12-10 23:40:14.011830|[g:1][CONSENSUS][PBFT]ViewChangeWarning: not caused by omit empty block ,v=5407,toV=5408,curNum=0,hash=382ff964...,nodeIdx=2,myNode=b5a2d0a7...
info|2019-12-10 23:40:14.011965|[g:1][CONSENSUS][PBFT]checkTimeout Succ,view=5407,toView=5408,nodeIdx=2,changeCycle=1,myNode=b5a2d0a7...,timecost=0.499
info|2019-12-10 23:40:14.020126|[P2P][Service] heartBeat,connected count=3
info|2019-12-10 23:40:14.071927|[g:1][CONSENSUS][PBFT]checkAndChangeView: Reach consensus,org_view=5407,org_changeCycle=1,cur_changeCycle=1,to_view=5408
info|2019-12-10 23:40:15.072752|[g:1][CONSENSUS]addRawPrepare,height=1,reqIdx=0,hash=2e728065...
info|2019-12-10 23:40:15.073324|[g:1][CONSENSUS][PBFT]checkTimeout Succ,view=5408,toView=5409,nodeIdx=2,changeCycle=0,myNode=b5a2d0a7...,timecost=0.346
info|2019-12-10 23:40:15.074529|[g:1][CONSENSUS][PBFT]checkAndChangeView: Reach consensus,org_view=5408,org_changeCycle=0,cur_changeCycle=0,to_view=5409
info|2019-12-10 23:40:16.076743|[g:1][CONSENSUS]addRawPrepare,height=1,reqIdx=1,hash=17df582b...
info|2019-12-10 23:40:16.077308|[g:1][CONSENSUS][PBFT]checkTimeout Succ,view=5409,toView=5410,nodeIdx=2,changeCycle=0,myNode=b5a2d0a7...,timecost=0.362
info|2019-12-10 23:40:16.080595|[g:1][CONSENSUS][PBFT]checkAndChangeView: Reach consensus,org_view=5409,org_changeCycle=0,cur_changeCycle=0,to_view=5410
info|2019-12-10 23:40:17.080627|[g:1][CONSENSUS][SEALER]++++++++++++++++ Generating seal on,blkNum=1,tx=0,nodeIdx=2,hash=42212190...
info|2019-12-10 23:40:17.081700|[g:1][CONSENSUS][PBFT]checkTimeout Succ,view=5410,toView=5411,nodeIdx=2,changeCycle=0,myNode=b5a2d0a7...,timecost=0.494
info|2019-12-10 23:40:17.084904|[g:1][CONSENSUS][PBFT]checkAndChangeView: Reach consensus,org_view=5410,org_changeCycle=0,cur_changeCycle=0,to_view=5411
info|2019-12-10 23:40:18.086634|[g:1][CONSENSUS]addRawPrepare,height=1,reqIdx=3,hash=05c1fa38...
info|2019-12-10 23:40:18.088067|[g:1][CONSENSUS][PBFT]checkTimeout Succ,view=5411,toView=5412,nodeIdx=2,changeCycle=0,myNode=b5a2d0a7...,timecost=1.027
info|2019-12-10 23:40:18.091963|[g:1][CONSENSUS][PBFT]checkAndChangeView: Reach consensus,org_view=5411,org_changeCycle=0,cur_changeCycle=0,to_view=5412
info|2019-12-10 23:40:19.095175|[g:1][CONSENSUS]addRawPrepare,height=1,reqIdx=0,hash=54bef1e4...
info|2019-12-10 23:40:19.096185|[g:1][CONSENSUS][PBFT]checkTimeout Succ,view=5412,toView=5413,nodeIdx=2,changeCycle=0,myNode=b5a2d0a7...,timecost=0.803
info|2019-12-10 23:40:19.101293|[g:1][CONSENSUS][PBFT]checkAndChangeView: Reach consensus,org_view=5412,org_changeCycle=0,cur_changeCycle=0,to_view=5413
info|2019-12-10 23:40:20.103698|[g:1][CONSENSUS]addRawPrepare,height=1,reqIdx=1,hash=67a14adc...
info|2019-12-10 23:40:20.104752|[g:1][CONSENSUS][PBFT]checkTimeout Succ,view=5413,toView=5414,nodeIdx=2,changeCycle=0,myNode=b5a2d0a7...,timecost=0.805
info|2019-12-10 23:40:20.107929|[g:1][CONSENSUS][PBFT]checkAndChangeView: Reach consensus,org_view=5413,org_changeCycle=0,cur_changeCycle=0,to_view=5414
info|2019-12-10 23:40:21.109293|[g:1][CONSENSUS][SEALER]++++++++++++++++ Generating seal on,blkNum=1,tx=0,nodeIdx=2,hash=e1f7b5fa...
info|2019-12-10 23:40:21.114035|[g:1][CONSENSUS][PBFT]checkTimeout Succ,view=5414,toView=5415,nodeIdx=2,changeCycle=0,myNode=b5a2d0a7...,timecost=0.83
info|2019-12-10 23:40:21.116591|[g:1][CONSENSUS][PBFT]checkAndChangeView: Reach consensus,org_view=5414,org_changeCycle=0,cur_changeCycle=0,to_view=5415
info|2019-12-10 23:40:22.119502|[g:1][CONSENSUS]addRawPrepare,height=1,reqIdx=3,hash=61b5e522...
info|2019-12-10 23:40:22.121494|[g:1][CONSENSUS][PBFT]checkTimeout Succ,view=5415,toView=5416,nodeIdx=2,changeCycle=0,myNode=b5a2d0a7...,timecost=1.087
info|2019-12-10 23:40:22.124095|[g:1][CONSENSUS][PBFT]checkAndChangeView: Reach consensus,org_view=5415,org_changeCycle=0,cur_changeCycle=0,to_view=5416
info|2019-12-10 23:40:23.126921|[g:1][CONSENSUS]addRawPrepare,height=1,reqIdx=0,hash=96057bf4...
info|2019-12-10 23:40:23.128303|[g:1][CONSENSUS][PBFT]checkTimeout Succ,view=5416,toView=5417,nodeIdx=2,changeCycle=0,myNode=b5a2d0a7...,timecost=1.157
info|2019-12-10 23:40:23.132466|[g:1][CONSENSUS][PBFT]checkAndChangeView: Reach consensus,org_view=5416,org_changeCycle=0,cur_changeCycle=0,to_view=5417
info|2019-12-10 23:40:24.023289|[P2P][Service] heartBeat,connected count=3
info|2019-12-10 23:40:24.134088|[g:1][CONSENSUS]addRawPrepare,height=1,reqIdx=1,hash=dbff2267...
info|2019-12-10 23:40:24.134602|[g:1][CONSENSUS][PBFT]checkTimeout Succ,view=5417,toView=5418,nodeIdx=2,changeCycle=0,myNode=b5a2d0a7...,timecost=0.389
info|2019-12-10 23:40:24.138751|[g:1][CONSENSUS][PBFT]checkAndChangeView: Reach consensus,org_view=5417,org_changeCycle=0,cur_changeCycle=0,to_view=5418
info|2019-12-10 23:40:25.138451|[g:1][CONSENSUS][SEALER]++++++++++++++++ Generating seal on,blkNum=1,tx=0,nodeIdx=2,hash=e166b369...
info|2019-12-10 23:40:25.139805|[g:1][CONSENSUS][PBFT]checkTimeout Succ,view=5418,toView=5419,nodeIdx=2,changeCycle=0,myNode=b5a2d0a7...,timecost=0.824
info|2019-12-10 23:40:25.145324|[g:1][CONSENSUS][PBFT]checkAndChangeView: Reach consensus,org_view=5418,org_changeCycle=0,cur_changeCycle=0,to_view=5419
info|2019-12-10 23:40:26.149435|[g:1][CONSENSUS]addRawPrepare,height=1,reqIdx=3,hash=bc8a2225...
info|2019-12-10 23:40:26.150417|[g:1][CONSENSUS][PBFT]checkTimeout Succ,view=5419,toView=5420,nodeIdx=2,changeCycle=0,myNode=b5a2d0a7...,timecost=0.731
info|2019-12-10 23:40:26.154384|[g:1][CONSENSUS][PBFT]checkAndChangeView: Reach consensus,org_view=5419,org_changeCycle=0,cur_changeCycle=0,to_view=5420
info|2019-12-10 23:40:27.157246|[g:1][CONSENSUS]addRawPrepare,height=1,reqIdx=0,hash=a710dcd2...
info|2019-12-10 23:40:27.158728|[g:1][CONSENSUS][PBFT]checkTimeout Succ,view=5420,toView=5421,nodeIdx=2,changeCycle=0,myNode=b5a2d0a7...,timecost=1.279
info|2019-12-10 23:40:27.162750|[g:1][CONSENSUS][PBFT]checkAndChangeView: Reach consensus,org_view=5420,org_changeCycle=0,cur_changeCycle=0,to_view=5421
info|2019-12-10 23:40:28.165786|[g:1][CONSENSUS]addRawPrepare,height=1,reqIdx=1,hash=748633a5...
info|2019-12-10 23:40:28.166909|[g:1][CONSENSUS][PBFT]checkTimeout Succ,view=5421,toView=5422,nodeIdx=2,changeCycle=0,myNode=b5a2d0a7...,timecost=0.817
info|2019-12-10 23:40:28.170437|[g:1][CONSENSUS][PBFT]checkAndChangeView: Reach consensus,org_view=5421,org_changeCycle=0,cur_changeCycle=0,to_view=5422
info|2019-12-10 23:40:29.171088|[g:1][CONSENSUS][SEALER]++++++++++++++++ Generating seal on,blkNum=1,tx=0,nodeIdx=2,hash=19cb3588...
info|2019-12-10 23:40:29.176390|[g:1][CONSENSUS][PBFT]checkTimeout Succ,view=5422,toView=5423,nodeIdx=2,changeCycle=0,myNode=b5a2d0a7...,timecost=0.761
info|2019-12-10 23:40:29.179016|[g:1][CONSENSUS][PBFT]checkAndChangeView: Reach consensus,org_view=5422,org_changeCycle=0,cur_changeCycle=0,to_view=5423
info|2019-12-10 23:40:30.182658|[g:1][CONSENSUS]addRawPrepare,height=1,reqIdx=3,hash=2f5d6996...
info|2019-12-10 23:40:30.183789|[g:1][CONSENSUS][PBFT]checkTimeout Succ,view=5423,toView=5424,nodeIdx=2,changeCycle=0,myNode=b5a2d0a7...,timecost=0.88
info|2019-12-10 23:40:30.186947|[g:1][CONSENSUS][PBFT]checkAndChangeView: Reach consensus,org_view=5423,org_changeCycle=0,cur_changeCycle=0,to_view=5424
info|2019-12-10 23:40:31.192649|[g:1][CONSENSUS]addRawPrepare,height=1,reqIdx=0,hash=15be1d40...
info|2019-12-10 23:40:31.197777|[g:1][CONSENSUS][PBFT]checkTimeout Succ,view=5424,toView=5425,nodeIdx=2,changeCycle=0,myNode=b5a2d0a7...,timecost=4.913
info|2019-12-10 23:40:31.199628|[g:1][CONSENSUS][PBFT]checkAndChangeView: Reach consensus,org_view=5424,org_changeCycle=0,cur_changeCycle=0,to_view=5425
info|2019-12-10 23:40:32.198264|[g:1][CONSENSUS]addRawPrepare,height=1,reqIdx=1,hash=0ebadcaa...
info|2019-12-10 23:40:32.199311|[g:1][CONSENSUS][PBFT]checkTimeout Succ,view=5425,toView=5426,nodeIdx=2,changeCycle=0,myNode=b5a2d0a7...,timecost=0.832
info|2019-12-10 23:40:32.204136|[g:1][CONSENSUS][PBFT]checkAndChangeView: Reach consensus,org_view=5425,org_changeCycle=0,cur_changeCycle=0,to_view=5426
info|2019-12-10 23:40:33.205722|[g:1][CONSENSUS][SEALER]++++++++++++++++ Generating seal on,blkNum=1,tx=0,nodeIdx=2,hash=890d05d9...
info|2019-12-10 23:40:33.210813|[g:1][CONSENSUS][PBFT]checkTimeout Succ,view=5426,toView=5427,nodeIdx=2,changeCycle=0,myNode=b5a2d0a7...,timecost=1.092
info|2019-12-10 23:40:33.213608|[g:1][CONSENSUS][PBFT]checkAndChangeView: Reach consensus,org_view=5426,org_changeCycle=0,cur_changeCycle=0,to_view=5427
info|2019-12-10 23:40:34.027097|[P2P][Service] heartBeat,connected count=3
info|2019-12-10 23:40:34.216821|[g:1][CONSENSUS]addRawPrepare,height=1,reqIdx=3,hash=f5fe25e3...
info|2019-12-10 23:40:34.218033|[g:1][CONSENSUS][PBFT]checkTimeout Succ,view=5427,toView=5428,nodeIdx=2,changeCycle=0,myNode=b5a2d0a7...,timecost=0.954
info|2019-12-10 23:40:34.222050|[g:1][CONSENSUS][PBFT]checkAndChangeView: Reach consensus,org_view=5427,org_changeCycle=0,cur_changeCycle=0,to_view=5428
info|2019-12-10 23:40:35.225902|[g:1][CONSENSUS]addRawPrepare,height=1,reqIdx=0,hash=f35ab771...
info|2019-12-10 23:40:35.226924|[g:1][CONSENSUS][PBFT]checkTimeout Succ,view=5428,toView=5429,nodeIdx=2,changeCycle=0,myNode=b5a2d0a7...,timecost=0.809
info|2019-12-10 23:40:35.230998|[g:1][CONSENSUS][PBFT]checkAndChangeView: Reach consensus,org_view=5428,org_changeCycle=0,cur_changeCycle=0,to_view=5429
info|2019-12-10 23:40:36.233654|[g:1][CONSENSUS]addRawPrepare,height=1,reqIdx=1,hash=16412fa1...
info|2019-12-10 23:40:36.234651|[g:1][CONSENSUS][PBFT]checkTimeout Succ,view=5429,toView=5430,nodeIdx=2,changeCycle=0,myNode=b5a2d0a7...,timecost=0.754
info|2019-12-10 23:40:36.238676|[g:1][CONSENSUS][PBFT]checkAndChangeView: Reach consensus,org_view=5429,org_changeCycle=0,cur_changeCycle=0,to_view=5430
info|2019-12-10 23:40:37.238242|[g:1][CONSENSUS][SEALER]++++++++++++++++ Generating seal on,blkNum=1,tx=0,nodeIdx=2,hash=32ea2cd4...
info|2019-12-10 23:40:37.239623|[g:1][CONSENSUS][PBFT]checkTimeout Succ,view=5430,toView=5431,nodeIdx=2,changeCycle=0,myNode=b5a2d0a7...,timecost=0.816
info|2019-12-10 23:40:37.245174|[g:1][CONSENSUS][PBFT]checkAndChangeView: Reach consensus,org_view=5430,org_changeCycle=0,cur_changeCycle=0,to_view=5431
info|2019-12-10 23:40:38.249700|[g:1][CONSENSUS]addRawPrepare,height=1,reqIdx=3,hash=e3151bb8...
info|2019-12-10 23:40:38.250951|[g:1][CONSENSUS][PBFT]checkTimeout Succ,view=5431,toView=5432,nodeIdx=2,changeCycle=0,myNode=b5a2d0a7...,timecost=1.005
info|2019-12-10 23:40:38.255143|[g:1][CONSENSUS][PBFT]checkAndChangeView: Reach consensus,org_view=5431,org_changeCycle=0,cur_changeCycle=0,to_view=5432
info|2019-12-10 23:40:39.258234|[g:1][CONSENSUS]addRawPrepare,height=1,reqIdx=0,hash=0ead4442...
info|2019-12-10 23:40:39.260938|[g:1][CONSENSUS][PBFT]checkTimeout Succ,view=5432,toView=5433,nodeIdx=2,changeCycle=0,myNode=b5a2d0a7...,timecost=2.471
info|2019-12-10 23:40:39.263495|[g:1][CONSENSUS][PBFT]checkAndChangeView: Reach consensus,org_view=5432,org_changeCycle=0,cur_changeCycle=0,to_view=5433
info|2019-12-10 23:40:40.267362|[g:1][CONSENSUS]addRawPrepare,height=1,reqIdx=1,hash=fc06eba7...
info|2019-12-10 23:40:40.267897|[g:1][CONSENSUS][PBFT]checkTimeout Succ,view=5433,toView=5434,nodeIdx=2,changeCycle=0,myNode=b5a2d0a7...,timecost=0.409
info|2019-12-10 23:40:40.270584|[g:1][CONSENSUS][PBFT]checkAndChangeView: Reach consensus,org_view=5433,org_changeCycle=0,cur_changeCycle=0,to_view=5434
warning|2019-12-10 23:59:46.980353|[g:1][CONSENSUS][PBFT]ViewChangeWarning: not caused by omit empty block ,v=5434,toV=5435,curNum=0,hash=382ff964...,nodeIdx=2,myNode=b5a2d0a7...
info|2019-12-10 23:59:46.988000|[P2P][Service] heartBeat,connected count=3
info|2019-12-10 23:59:47.075091|[g:1][CONSENSUS][PBFT]checkTimeout Succ,view=5434,toView=5435,nodeIdx=2,changeCycle=1,myNode=b5a2d0a7...,timecost=674.047
info|2019-12-10 23:59:47.132183|[g:1][CONSENSUS][PBFT]checkAndChangeView: Reach consensus,org_view=5434,org_changeCycle=1,cur_changeCycle=1,to_view=5435
info|2019-12-10 23:59:48.115677|[g:1][CONSENSUS]addRawPrepare,height=1,reqIdx=3,hash=3cadc53c...
info|2019-12-10 23:59:48.117480|[g:1][CONSENSUS][PBFT]checkTimeout Succ,view=5435,toView=5436,nodeIdx=2,changeCycle=0,myNode=b5a2d0a7...,timecost=0.869
info|2019-12-10 23:59:48.123139|[g:1][CONSENSUS][PBFT]checkAndChangeView: Reach consensus,org_view=5435,org_changeCycle=0,cur_changeCycle=0,to_view=5436
info|2019-12-10 23:59:49.123789|[g:1][CONSENSUS]addRawPrepare,height=1,reqIdx=0,hash=98757f0d...
info|2019-12-10 23:59:49.125879|[g:1][CONSENSUS][PBFT]checkTimeout Succ,view=5436,toView=5437,nodeIdx=2,changeCycle=0,myNode=b5a2d0a7...,timecost=1.122
info|2019-12-10 23:59:49.129015|[g:1][CONSENSUS][PBFT]checkAndChangeView: Reach consensus,org_view=5436,org_changeCycle=0,cur_changeCycle=0,to_view=5437
info|2019-12-10 23:59:50.134782|[g:1][CONSENSUS]addRawPrepare,height=1,reqIdx=1,hash=808c8ed7...
info|2019-12-10 23:59:50.139820|[g:1][CONSENSUS][PBFT]checkTimeout Succ,view=5437,toView=5438,nodeIdx=2,changeCycle=0,myNode=b5a2d0a7...,timecost=4.15
info|2019-12-10 23:59:50.141993|[g:1][CONSENSUS][PBFT]checkAndChangeView: Reach consensus,org_view=5437,org_changeCycle=0,cur_changeCycle=0,to_view=5438
info|2019-12-10 23:59:51.142784|[g:1][CONSENSUS][SEALER]++++++++++++++++ Generating seal on,blkNum=1,tx=0,nodeIdx=2,hash=c8745d8a...
info|2019-12-10 23:59:51.144552|[g:1][CONSENSUS][PBFT]checkTimeout Succ,view=5438,toView=5439,nodeIdx=2,changeCycle=0,myNode=b5a2d0a7...,timecost=0.974
info|2019-12-10 23:59:51.150479|[g:1][CONSENSUS][PBFT]checkAndChangeView: Reach consensus,org_view=5438,org_changeCycle=0,cur_changeCycle=0,to_view=5439
info|2019-12-10 23:59:52.154056|[g:1][CONSENSUS]addRawPrepare,height=1,reqIdx=3,hash=fd96fa6a...
info|2019-12-10 23:59:52.155684|[g:1][CONSENSUS][PBFT]checkTimeout Succ,view=5439,toView=5440,nodeIdx=2,changeCycle=0,myNode=b5a2d0a7...,timecost=1.04
info|2019-12-10 23:59:52.159053|[g:1][CONSENSUS][PBFT]checkAndChangeView: Reach consensus,org_view=5439,org_changeCycle=0,cur_changeCycle=0,to_view=5440
info|2019-12-10 23:59:53.164286|[g:1][CONSENSUS]addRawPrepare,height=1,reqIdx=0,hash=72298666...
info|2019-12-10 23:59:53.165240|[g:1][CONSENSUS][PBFT]checkTimeout Succ,view=5440,toView=5441,nodeIdx=2,changeCycle=0,myNode=b5a2d0a7...,timecost=0.614
info|2019-12-10 23:59:53.167335|[g:1][CONSENSUS][PBFT]checkAndChangeView: Reach consensus,org_view=5440,org_changeCycle=0,cur_changeCycle=0,to_view=5441
info|2019-12-10 23:59:54.169253|[g:1][CONSENSUS]addRawPrepare,height=1,reqIdx=1,hash=17024abe...
info|2019-12-10 23:59:54.170142|[g:1][CONSENSUS][PBFT]checkTimeout Succ,view=5441,toView=5442,nodeIdx=2,changeCycle=0,myNode=b5a2d0a7...,timecost=0.598
info|2019-12-10 23:59:54.172056|[g:1][CONSENSUS][PBFT]checkAndChangeView: Reach consensus,org_view=5441,org_changeCycle=0,cur_changeCycle=0,to_view=5442
info|2019-12-10 23:59:55.172772|[g:1][CONSENSUS][SEALER]++++++++++++++++ Generating seal on,blkNum=1,tx=0,nodeIdx=2,hash=8c55b205...
info|2019-12-10 23:59:55.174070|[g:1][CONSENSUS][PBFT]checkTimeout Succ,view=5442,toView=5443,nodeIdx=2,changeCycle=0,myNode=b5a2d0a7...,timecost=0.584
info|2019-12-10 23:59:55.178108|[g:1][CONSENSUS][PBFT]checkAndChangeView: Reach consensus,org_view=5442,org_changeCycle=0,cur_changeCycle=0,to_view=5443
info|2019-12-10 23:59:56.273409|[g:1][CONSENSUS]addRawPrepare,height=1,reqIdx=3,hash=aaf00538...
info|2019-12-10 23:59:56.274218|[g:1][CONSENSUS][PBFT]checkTimeout Succ,view=5443,toView=5444,nodeIdx=2,changeCycle=0,myNode=b5a2d0a7...,timecost=0.434
info|2019-12-10 23:59:56.277357|[g:1][CONSENSUS][PBFT]checkAndChangeView: Reach consensus,org_view=5443,org_changeCycle=0,cur_changeCycle=0,to_view=5444
info|2019-12-10 23:59:56.993460|[P2P][Service] heartBeat,connected count=3
info|2019-12-10 23:59:57.281003|[g:1][CONSENSUS]addRawPrepare,height=1,reqIdx=0,hash=dad577cd...
info|2019-12-10 23:59:57.281982|[g:1][CONSENSUS][PBFT]checkTimeout Succ,view=5444,toView=5445,nodeIdx=2,changeCycle=0,myNode=b5a2d0a7...,timecost=0.685
info|2019-12-10 23:59:57.283430|[g:1][CONSENSUS][PBFT]checkAndChangeView: Reach consensus,org_view=5444,org_changeCycle=0,cur_changeCycle=0,to_view=5445
info|2019-12-10 23:59:58.288392|[g:1][CONSENSUS]addRawPrepare,height=1,reqIdx=1,hash=ff74bd8b...
info|2019-12-10 23:59:58.290862|[g:1][CONSENSUS][PBFT]checkTimeout Succ,view=5445,toView=5446,nodeIdx=2,changeCycle=0,myNode=b5a2d0a7...,timecost=0.748
info|2019-12-10 23:59:58.293445|[g:1][CONSENSUS][PBFT]checkAndChangeView: Reach consensus,org_view=5445,org_changeCycle=0,cur_changeCycle=0,to_view=5446
info|2019-12-10 23:59:59.293710|[g:1][CONSENSUS][SEALER]++++++++++++++++ Generating seal on,blkNum=1,tx=0,nodeIdx=2,hash=4e1bae9b...
info|2019-12-10 23:59:59.298564|[g:1][CONSENSUS][PBFT]checkTimeout Succ,view=5446,toView=5447,nodeIdx=2,changeCycle=0,myNode=b5a2d0a7...,timecost=0.554
info|2019-12-10 23:59:59.302102|[g:1][CONSENSUS][PBFT]checkAndChangeView: Reach consensus,org_view=5446,org_changeCycle=0,cur_changeCycle=0,to_view=5447
