warning|2019-12-11 08:23:43.004236|[g:1][CONSENSUS][PBFT]ViewChangeWarning: not caused by omit empty block ,v=5729,toV=5730,curNum=0,hash=382ff964...,nodeIdx=2,myNode=b5a2d0a7...
info|2019-12-11 08:23:43.004372|[g:1][CONSENSUS][PBFT]checkTimeout Succ,view=5729,toView=5730,nodeIdx=2,changeCycle=1,myNode=b5a2d0a7...,timecost=0.465
info|2019-12-11 08:23:43.009416|[P2P][Service] heartBeat,connected count=3
info|2019-12-11 08:23:43.016012|[g:1][CONSENSUS][PBFT]checkAndChangeView: Reach consensus,org_view=5729,org_changeCycle=1,cur_changeCycle=1,to_view=5730
info|2019-12-11 08:23:44.017509|[g:1][CONSENSUS][SEALER]++++++++++++++++ Generating seal on,blkNum=1,tx=0,nodeIdx=2,hash=8676d309...
info|2019-12-11 08:23:44.019953|[g:1][CONSENSUS][PBFT]Trigger fast-viewchange,view=5730,toView=5730,minView=5731,INFO=,reqNum=0,curNum=0,GenIdx=3,Cview=5731,view=5730,fromIdx=3,fromNode=d0064285...,fromIp=127.0.0.1:30300,hash=382ff964...,nodeIdx=2,myNode=b5a2d0a7...
info|2019-12-11 08:23:44.021104|[g:1][CONSENSUS][PBFT]checkAndChangeView: Reach consensus,org_view=5730,org_changeCycle=0,cur_changeCycle=0,to_view=5731
info|2019-12-11 08:23:44.021135|[g:1][CONSENSUS][PBFT]checkTimeout Succ,view=5731,toView=5731,nodeIdx=2,changeCycle=0,myNode=b5a2d0a7...,timecost=1.091
warning|2019-12-11 08:23:43.770946|[g:1][CONSENSUS][PBFT]ViewChangeWarning: not caused by omit empty block ,v=5731,toV=5732,curNum=0,hash=382ff964...,nodeIdx=2,myNode=b5a2d0a7...
info|2019-12-11 08:23:43.771120|[g:1][CONSENSUS][PBFT]checkTimeout Succ,view=5731,toView=5732,nodeIdx=2,changeCycle=1,myNode=b5a2d0a7...,timecost=0.478
info|2019-12-11 08:23:43.772913|[g:1][CONSENSUS][PBFT]checkAndChangeView: Reach consensus,org_view=5731,org_changeCycle=1,cur_changeCycle=1,to_view=5732
info|2019-12-11 08:23:44.775069|[g:1][CONSENSUS]addRawPrepare,height=1,reqIdx=0,hash=e76dec95...
info|2019-12-11 08:23:44.779657|[g:1][CONSENSUS][PBFT]checkTimeout Succ,view=5732,toView=5733,nodeIdx=2,changeCycle=0,myNode=b5a2d0a7...,timecost=4.389
info|2019-12-11 08:23:44.780590|[g:1][CONSENSUS][PBFT]checkAndChangeView: Reach consensus,org_view=5732,org_changeCycle=0,cur_changeCycle=0,to_view=5733
info|2019-12-11 08:23:45.780410|[g:1][CONSENSUS]addRawPrepare,height=1,reqIdx=1,hash=111687a7...
info|2019-12-11 08:23:45.781491|[g:1][CONSENSUS][PBFT]checkTimeout Succ,view=5733,toView=5734,nodeIdx=2,changeCycle=0,myNode=b5a2d0a7...,timecost=0.846
info|2019-12-11 08:23:45.785147|[g:1][CONSENSUS][PBFT]checkAndChangeView: Reach consensus,org_view=5733,org_changeCycle=0,cur_changeCycle=0,to_view=5734
info|2019-12-11 08:23:46.785263|[g:1][CONSENSUS][SEALER]++++++++++++++++ Generating seal on,blkNum=1,tx=0,nodeIdx=2,hash=fc5b3ca3...
info|2019-12-11 08:23:46.786664|[g:1][CONSENSUS][PBFT]checkTimeout Succ,view=5734,toView=5735,nodeIdx=2,changeCycle=0,myNode=b5a2d0a7...,timecost=0.877
info|2019-12-11 08:23:46.792369|[g:1][CONSENSUS][PBFT]checkAndChangeView: Reach consensus,org_view=5734,org_changeCycle=0,cur_changeCycle=0,to_view=5735
info|2019-12-11 08:23:47.794478|[g:1][CONSENSUS]addRawPrepare,height=1,reqIdx=3,hash=5a5a4031...
info|2019-12-11 08:23:47.795930|[g:1][CONSENSUS][PBFT]checkTimeout Succ,view=5735,toView=5736,nodeIdx=2,changeCycle=0,myNode=b5a2d0a7...,timecost=1.231
info|2019-12-11 08:23:47.800769|[g:1][CONSENSUS][PBFT]checkAndChangeView: Reach consensus,org_view=5735,org_changeCycle=0,cur_changeCycle=0,to_view=5736
info|2019-12-11 08:23:48.801448|[g:1][CONSENSUS]addRawPrepare,height=1,reqIdx=0,hash=05d4cc8f...
info|2019-12-11 08:23:48.802554|[g:1][CONSENSUS][PBFT]checkTimeout Succ,view=5736,toView=5737,nodeIdx=2,changeCycle=0,myNode=b5a2d0a7...,timecost=0.869
info|2019-12-11 08:23:48.807223|[g:1][CONSENSUS][PBFT]checkAndChangeView: Reach consensus,org_view=5736,org_changeCycle=0,cur_changeCycle=0,to_view=5737
info|2019-12-11 08:23:49.809402|[g:1][CONSENSUS]addRawPrepare,height=1,reqIdx=1,hash=41331347...
info|2019-12-11 08:23:49.810477|[g:1][CONSENSUS][PBFT]checkTimeout Succ,view=5737,toView=5738,nodeIdx=2,changeCycle=0,myNode=b5a2d0a7...,timecost=0.847
info|2019-12-11 08:23:49.813498|[g:1][CONSENSUS][PBFT]checkAndChangeView: Reach consensus,org_view=5737,org_changeCycle=0,cur_changeCycle=0,to_view=5738
info|2019-12-11 08:23:50.813923|[g:1][CONSENSUS][SEALER]++++++++++++++++ Generating seal on,blkNum=1,tx=0,nodeIdx=2,hash=726d9ea3...
info|2019-12-11 08:23:50.815298|[g:1][CONSENSUS][PBFT]checkTimeout Succ,view=5738,toView=5739,nodeIdx=2,changeCycle=0,myNode=b5a2d0a7...,timecost=0.779
info|2019-12-11 08:23:50.820395|[g:1][CONSENSUS][PBFT]checkAndChangeView: Reach consensus,org_view=5738,org_changeCycle=0,cur_changeCycle=0,to_view=5739
info|2019-12-11 08:23:51.825641|[g:1][CONSENSUS]addRawPrepare,height=1,reqIdx=3,hash=1ac1990e...
info|2019-12-11 08:23:51.826688|[g:1][CONSENSUS][PBFT]checkTimeout Succ,view=5739,toView=5740,nodeIdx=2,changeCycle=0,myNode=b5a2d0a7...,timecost=0.751
info|2019-12-11 08:23:51.831602|[g:1][CONSENSUS][PBFT]checkAndChangeView: Reach consensus,org_view=5739,org_changeCycle=0,cur_changeCycle=0,to_view=5740
info|2019-12-11 08:23:52.834266|[g:1][CONSENSUS]addRawPrepare,height=1,reqIdx=0,hash=a38b2be7...
info|2019-12-11 08:23:52.835980|[g:1][CONSENSUS][PBFT]checkTimeout Succ,view=5740,toView=5741,nodeIdx=2,changeCycle=0,myNode=b5a2d0a7...,timecost=0.851
info|2019-12-11 08:23:52.839565|[g:1][CONSENSUS][PBFT]checkAndChangeView: Reach consensus,org_view=5740,org_changeCycle=0,cur_changeCycle=0,to_view=5741
info|2019-12-11 08:23:53.014174|[P2P][Service] heartBeat,connected count=3
info|2019-12-11 08:23:53.842595|[g:1][CONSENSUS]addRawPrepare,height=1,reqIdx=1,hash=12357481...
info|2019-12-11 08:23:53.845181|[g:1][CONSENSUS][PBFT]checkTimeout Succ,view=5741,toView=5742,nodeIdx=2,changeCycle=0,myNode=b5a2d0a7...,timecost=2.252
info|2019-12-11 08:23:53.849277|[g:1][CONSENSUS][PBFT]checkAndChangeView: Reach consensus,org_view=5741,org_changeCycle=0,cur_changeCycle=0,to_view=5742
info|2019-12-11 08:23:54.850231|[g:1][CONSENSUS][SEALER]++++++++++++++++ Generating seal on,blkNum=1,tx=0,nodeIdx=2,hash=9a9764bf...
info|2019-12-11 08:23:54.854947|[g:1][CONSENSUS][PBFT]checkTimeout Succ,view=5742,toView=5743,nodeIdx=2,changeCycle=0,myNode=b5a2d0a7...,timecost=0.773
info|2019-12-11 08:23:54.855818|[g:1][CONSENSUS][PBFT]checkAndChangeView: Reach consensus,org_view=5742,org_changeCycle=0,cur_changeCycle=0,to_view=5743
info|2019-12-11 08:23:55.857413|[g:1][CONSENSUS]addRawPrepare,height=1,reqIdx=3,hash=813279ed...
info|2019-12-11 08:23:55.858413|[g:1][CONSENSUS][PBFT]checkTimeout Succ,view=5743,toView=5744,nodeIdx=2,changeCycle=0,myNode=b5a2d0a7...,timecost=0.793
info|2019-12-11 08:23:55.864070|[g:1][CONSENSUS][PBFT]checkAndChangeView: Reach consensus,org_view=5743,org_changeCycle=0,cur_changeCycle=0,to_view=5744
info|2019-12-11 08:23:56.866320|[g:1][CONSENSUS]addRawPrepare,height=1,reqIdx=0,hash=947c115e...
info|2019-12-11 08:23:56.868112|[g:1][CONSENSUS][PBFT]checkTimeout Succ,view=5744,toView=5745,nodeIdx=2,changeCycle=0,myNode=b5a2d0a7...,timecost=1.226
info|2019-12-11 08:23:56.870770|[g:1][CONSENSUS][PBFT]checkAndChangeView: Reach consensus,org_view=5744,org_changeCycle=0,cur_changeCycle=0,to_view=5745
info|2019-12-11 08:23:57.873887|[g:1][CONSENSUS]addRawPrepare,height=1,reqIdx=1,hash=bfd34199...
info|2019-12-11 08:23:57.875472|[g:1][CONSENSUS][PBFT]checkTimeout Succ,view=5745,toView=5746,nodeIdx=2,changeCycle=0,myNode=b5a2d0a7...,timecost=0.96
info|2019-12-11 08:23:57.878520|[g:1][CONSENSUS][PBFT]checkAndChangeView: Reach consensus,org_view=5745,org_changeCycle=0,cur_changeCycle=0,to_view=5746
info|2019-12-11 08:23:58.879162|[g:1][CONSENSUS][SEALER]++++++++++++++++ Generating seal on,blkNum=1,tx=0,nodeIdx=2,hash=cd28fc07...
info|2019-12-11 08:23:58.880472|[g:1][CONSENSUS][PBFT]checkTimeout Succ,view=5746,toView=5747,nodeIdx=2,changeCycle=0,myNode=b5a2d0a7...,timecost=0.769
info|2019-12-11 08:23:58.887337|[g:1][CONSENSUS][PBFT]checkAndChangeView: Reach consensus,org_view=5746,org_changeCycle=0,cur_changeCycle=0,to_view=5747
info|2019-12-11 08:23:59.887832|[g:1][CONSENSUS]addRawPrepare,height=1,reqIdx=3,hash=2f635fc0...
info|2019-12-11 08:23:59.888819|[g:1][CONSENSUS][PBFT]checkTimeout Succ,view=5747,toView=5748,nodeIdx=2,changeCycle=0,myNode=b5a2d0a7...,timecost=0.599
info|2019-12-11 08:23:59.891490|[g:1][CONSENSUS][PBFT]checkAndChangeView: Reach consensus,org_view=5747,org_changeCycle=0,cur_changeCycle=0,to_view=5748
info|2019-12-11 08:24:00.893808|[g:1][CONSENSUS]addRawPrepare,height=1,reqIdx=0,hash=b897a5ff...
info|2019-12-11 08:24:00.894981|[g:1][CONSENSUS][PBFT]checkTimeout Succ,view=5748,toView=5749,nodeIdx=2,changeCycle=0,myNode=b5a2d0a7...,timecost=0.932
info|2019-12-11 08:24:00.898692|[g:1][CONSENSUS][PBFT]checkAndChangeView: Reach consensus,org_view=5748,org_changeCycle=0,cur_changeCycle=0,to_view=5749
info|2019-12-11 08:24:01.901011|[g:1][CONSENSUS]addRawPrepare,height=1,reqIdx=1,hash=9b2618f8...
info|2019-12-11 08:24:01.904714|[g:1][CONSENSUS][PBFT]checkTimeout Succ,view=5749,toView=5750,nodeIdx=2,changeCycle=0,myNode=b5a2d0a7...,timecost=3.217
info|2019-12-11 08:24:01.907219|[g:1][CONSENSUS][PBFT]checkAndChangeView: Reach consensus,org_view=5749,org_changeCycle=0,cur_changeCycle=0,to_view=5750
info|2019-12-11 08:24:02.907217|[g:1][CONSENSUS][SEALER]++++++++++++++++ Generating seal on,blkNum=1,tx=0,nodeIdx=2,hash=2f2d1542...
info|2019-12-11 08:24:02.908587|[g:1][CONSENSUS][PBFT]checkTimeout Succ,view=5750,toView=5751,nodeIdx=2,changeCycle=0,myNode=b5a2d0a7...,timecost=0.807
info|2019-12-11 08:24:02.913911|[g:1][CONSENSUS][PBFT]checkAndChangeView: Reach consensus,org_view=5750,org_changeCycle=0,cur_changeCycle=0,to_view=5751
info|2019-12-11 08:24:03.020990|[P2P][Service] heartBeat,connected count=3
info|2019-12-11 08:24:03.920151|[g:1][CONSENSUS]addRawPrepare,height=1,reqIdx=3,hash=ee8d15ac...
info|2019-12-11 08:24:03.921337|[g:1][CONSENSUS][PBFT]checkTimeout Succ,view=5751,toView=5752,nodeIdx=2,changeCycle=0,myNode=b5a2d0a7...,timecost=0.875
info|2019-12-11 08:24:03.924773|[g:1][CONSENSUS][PBFT]checkAndChangeView: Reach consensus,org_view=5751,org_changeCycle=0,cur_changeCycle=0,to_view=5752
info|2019-12-11 08:24:04.929270|[g:1][CONSENSUS]addRawPrepare,height=1,reqIdx=0,hash=a9d7f31e...
info|2019-12-11 08:24:04.933397|[g:1][CONSENSUS][PBFT]checkTimeout Succ,view=5752,toView=5753,nodeIdx=2,changeCycle=0,myNode=b5a2d0a7...,timecost=3.528
info|2019-12-11 08:24:04.935726|[g:1][CONSENSUS][PBFT]checkAndChangeView: Reach consensus,org_view=5752,org_changeCycle=0,cur_changeCycle=0,to_view=5753
info|2019-12-11 08:24:05.935558|[g:1][CONSENSUS]addRawPrepare,height=1,reqIdx=1,hash=b0d4e605...
info|2019-12-11 08:24:05.937802|[g:1][CONSENSUS][PBFT]checkTimeout Succ,view=5753,toView=5754,nodeIdx=2,changeCycle=0,myNode=b5a2d0a7...,timecost=2.034
info|2019-12-11 08:24:05.940671|[g:1][CONSENSUS][PBFT]checkAndChangeView: Reach consensus,org_view=5753,org_changeCycle=0,cur_changeCycle=0,to_view=5754
info|2019-12-11 08:24:06.941246|[g:1][CONSENSUS][SEALER]++++++++++++++++ Generating seal on,blkNum=1,tx=0,nodeIdx=2,hash=7baa0faa...
info|2019-12-11 08:24:06.945974|[g:1][CONSENSUS][PBFT]checkTimeout Succ,view=5754,toView=5755,nodeIdx=2,changeCycle=0,myNode=b5a2d0a7...,timecost=0.856
info|2019-12-11 08:24:06.948052|[g:1][CONSENSUS][PBFT]checkAndChangeView: Reach consensus,org_view=5754,org_changeCycle=0,cur_changeCycle=0,to_view=5755
info|2019-12-11 08:24:07.950080|[g:1][CONSENSUS]addRawPrepare,height=1,reqIdx=3,hash=38faaeda...
info|2019-12-11 08:24:07.951248|[g:1][CONSENSUS][PBFT]checkTimeout Succ,view=5755,toView=5756,nodeIdx=2,changeCycle=0,myNode=b5a2d0a7...,timecost=0.929
info|2019-12-11 08:24:07.953785|[g:1][CONSENSUS][PBFT]checkAndChangeView: Reach consensus,org_view=5755,org_changeCycle=0,cur_changeCycle=0,to_view=5756
info|2019-12-11 08:24:08.956579|[g:1][CONSENSUS]addRawPrepare,height=1,reqIdx=0,hash=d0321a53...
info|2019-12-11 08:24:08.958529|[g:1][CONSENSUS][PBFT]checkTimeout Succ,view=5756,toView=5757,nodeIdx=2,changeCycle=0,myNode=b5a2d0a7...,timecost=1.715
info|2019-12-11 08:24:08.961639|[g:1][CONSENSUS][PBFT]checkAndChangeView: Reach consensus,org_view=5756,org_changeCycle=0,cur_changeCycle=0,to_view=5757
info|2019-12-11 08:24:09.965126|[g:1][CONSENSUS]addRawPrepare,height=1,reqIdx=1,hash=6ff1a8e6...
info|2019-12-11 08:24:09.966136|[g:1][CONSENSUS][PBFT]checkTimeout Succ,view=5757,toView=5758,nodeIdx=2,changeCycle=0,myNode=b5a2d0a7...,timecost=0.797
info|2019-12-11 08:24:09.970845|[g:1][CONSENSUS][PBFT]checkAndChangeView: Reach consensus,org_view=5757,org_changeCycle=0,cur_changeCycle=0,to_view=5758
info|2019-12-11 08:24:10.970840|[g:1][CONSENSUS][SEALER]++++++++++++++++ Generating seal on,blkNum=1,tx=0,nodeIdx=2,hash=6c742da0...
info|2019-12-11 08:24:10.972155|[g:1][CONSENSUS][PBFT]checkTimeout Succ,view=5758,toView=5759,nodeIdx=2,changeCycle=0,myNode=b5a2d0a7...,timecost=0.762
info|2019-12-11 08:24:10.978029|[g:1][CONSENSUS][PBFT]checkAndChangeView: Reach consensus,org_view=5758,org_changeCycle=0,cur_changeCycle=0,to_view=5759
info|2019-12-11 08:24:11.981663|[g:1][CONSENSUS]addRawPrepare,height=1,reqIdx=3,hash=e890054f...
info|2019-12-11 08:24:11.983796|[g:1][CONSENSUS][PBFT]checkTimeout Succ,view=5759,toView=5760,nodeIdx=2,changeCycle=0,myNode=b5a2d0a7...,timecost=1.026
info|2019-12-11 08:24:11.986310|[g:1][CONSENSUS][PBFT]checkAndChangeView: Reach consensus,org_view=5759,org_changeCycle=0,cur_changeCycle=0,to_view=5760
info|2019-12-11 08:24:12.990135|[g:1][CONSENSUS]addRawPrepare,height=1,reqIdx=0,hash=564efe69...
info|2019-12-11 08:24:12.991620|[g:1][CONSENSUS][PBFT]checkTimeout Succ,view=5760,toView=5761,nodeIdx=2,changeCycle=0,myNode=b5a2d0a7...,timecost=1.285
info|2019-12-11 08:24:12.995410|[g:1][CONSENSUS][PBFT]checkAndChangeView: Reach consensus,org_view=5760,org_changeCycle=0,cur_changeCycle=0,to_view=5761
info|2019-12-11 08:24:13.026803|[P2P][Service] heartBeat,connected count=3
info|2019-12-11 08:24:13.998932|[g:1][CONSENSUS]addRawPrepare,height=1,reqIdx=1,hash=ca52d1b1...
info|2019-12-11 08:24:14.003087|[g:1][CONSENSUS][PBFT]checkTimeout Succ,view=5761,toView=5762,nodeIdx=2,changeCycle=0,myNode=b5a2d0a7...,timecost=3.909
info|2019-12-11 08:24:14.005688|[g:1][CONSENSUS][PBFT]checkAndChangeView: Reach consensus,org_view=5761,org_changeCycle=0,cur_changeCycle=0,to_view=5762
info|2019-12-11 08:24:15.006731|[g:1][CONSENSUS][SEALER]++++++++++++++++ Generating seal on,blkNum=1,tx=0,nodeIdx=2,hash=d19b2ed2...
info|2019-12-11 08:24:15.008052|[g:1][CONSENSUS][PBFT]checkTimeout Succ,view=5762,toView=5763,nodeIdx=2,changeCycle=0,myNode=b5a2d0a7...,timecost=0.787
info|2019-12-11 08:24:15.014304|[g:1][CONSENSUS][PBFT]checkAndChangeView: Reach consensus,org_view=5762,org_changeCycle=0,cur_changeCycle=0,to_view=5763
info|2019-12-11 08:24:16.016887|[g:1][CONSENSUS]addRawPrepare,height=1,reqIdx=3,hash=c158e23d...
info|2019-12-11 08:24:16.019485|[g:1][CONSENSUS][PBFT]checkTimeout Succ,view=5763,toView=5764,nodeIdx=2,changeCycle=0,myNode=b5a2d0a7...,timecost=2.273
info|2019-12-11 08:24:16.022034|[g:1][CONSENSUS][PBFT]checkAndChangeView: Reach consensus,org_view=5763,org_changeCycle=0,cur_changeCycle=0,to_view=5764
info|2019-12-11 08:24:17.026885|[g:1][CONSENSUS]addRawPrepare,height=1,reqIdx=0,hash=9d9432c5...
info|2019-12-11 08:24:17.027928|[g:1][CONSENSUS][PBFT]checkTimeout Succ,view=5764,toView=5765,nodeIdx=2,changeCycle=0,myNode=b5a2d0a7...,timecost=0.807
info|2019-12-11 08:24:17.030820|[g:1][CONSENSUS][PBFT]checkAndChangeView: Reach consensus,org_view=5764,org_changeCycle=0,cur_changeCycle=0,to_view=5765
info|2019-12-11 08:24:18.035255|[g:1][CONSENSUS]addRawPrepare,height=1,reqIdx=1,hash=aad28b8a...
info|2019-12-11 08:24:18.036445|[g:1][CONSENSUS][PBFT]checkTimeout Succ,view=5765,toView=5766,nodeIdx=2,changeCycle=0,myNode=b5a2d0a7...,timecost=1.138
info|2019-12-11 08:24:18.040370|[g:1][CONSENSUS][PBFT]checkAndChangeView: Reach consensus,org_view=5765,org_changeCycle=0,cur_changeCycle=0,to_view=5766
info|2019-12-11 08:24:19.041437|[g:1][CONSENSUS][SEALER]++++++++++++++++ Generating seal on,blkNum=1,tx=0,nodeIdx=2,hash=69f5e1fe...
info|2019-12-11 08:24:19.042794|[g:1][CONSENSUS][PBFT]checkTimeout Succ,view=5766,toView=5767,nodeIdx=2,changeCycle=0,myNode=b5a2d0a7...,timecost=0.797
info|2019-12-11 08:24:19.048421|[g:1][CONSENSUS][PBFT]checkAndChangeView: Reach consensus,org_view=5766,org_changeCycle=0,cur_changeCycle=0,to_view=5767
info|2019-12-11 08:24:20.050193|[g:1][CONSENSUS]addRawPrepare,height=1,reqIdx=3,hash=045a7e5c...
info|2019-12-11 08:24:20.051215|[g:1][CONSENSUS][PBFT]checkTimeout Succ,view=5767,toView=5768,nodeIdx=2,changeCycle=0,myNode=b5a2d0a7...,timecost=0.778
info|2019-12-11 08:24:20.056502|[g:1][CONSENSUS][PBFT]checkAndChangeView: Reach consensus,org_view=5767,org_changeCycle=0,cur_changeCycle=0,to_view=5768
info|2019-12-11 08:24:21.058392|[g:1][CONSENSUS]addRawPrepare,height=1,reqIdx=0,hash=2775cc0c...
info|2019-12-11 08:24:21.059966|[g:1][CONSENSUS][PBFT]checkTimeout Succ,view=5768,toView=5769,nodeIdx=2,changeCycle=0,myNode=b5a2d0a7...,timecost=0.765
info|2019-12-11 08:24:21.064403|[g:1][CONSENSUS][PBFT]checkAndChangeView: Reach consensus,org_view=5768,org_changeCycle=0,cur_changeCycle=0,to_view=5769
info|2019-12-11 08:24:22.068709|[g:1][CONSENSUS]addRawPrepare,height=1,reqIdx=1,hash=0cdbcd3d...
info|2019-12-11 08:24:22.069842|[g:1][CONSENSUS][PBFT]checkTimeout Succ,view=5769,toView=5770,nodeIdx=2,changeCycle=0,myNode=b5a2d0a7...,timecost=0.88
info|2019-12-11 08:24:22.074466|[g:1][CONSENSUS][PBFT]checkAndChangeView: Reach consensus,org_view=5769,org_changeCycle=0,cur_changeCycle=0,to_view=5770
info|2019-12-11 08:24:23.034828|[P2P][Service] heartBeat,connected count=3
info|2019-12-11 08:24:23.075418|[g:1][CONSENSUS][SEALER]++++++++++++++++ Generating seal on,blkNum=1,tx=0,nodeIdx=2,hash=9f23c83c...
info|2019-12-11 08:24:23.081516|[g:1][CONSENSUS][PBFT]checkTimeout Succ,view=5770,toView=5771,nodeIdx=2,changeCycle=0,myNode=b5a2d0a7...,timecost=1.096
info|2019-12-11 08:24:23.083427|[g:1][CONSENSUS][PBFT]checkAndChangeView: Reach consensus,org_view=5770,org_changeCycle=0,cur_changeCycle=0,to_view=5771
info|2019-12-11 08:24:24.084614|[g:1][CONSENSUS]addRawPrepare,height=1,reqIdx=3,hash=ae99b90d...
info|2019-12-11 08:24:24.085947|[g:1][CONSENSUS][PBFT]checkTimeout Succ,view=5771,toView=5772,nodeIdx=2,changeCycle=0,myNode=b5a2d0a7...,timecost=1.08
info|2019-12-11 08:24:24.088516|[g:1][CONSENSUS][PBFT]checkAndChangeView: Reach consensus,org_view=5771,org_changeCycle=0,cur_changeCycle=0,to_view=5772
info|2019-12-11 08:24:25.092145|[g:1][CONSENSUS]addRawPrepare,height=1,reqIdx=0,hash=33fe9512...
info|2019-12-11 08:24:25.093143|[g:1][CONSENSUS][PBFT]checkTimeout Succ,view=5772,toView=5773,nodeIdx=2,changeCycle=0,myNode=b5a2d0a7...,timecost=0.777
info|2019-12-11 08:24:25.097737|[g:1][CONSENSUS][PBFT]checkAndChangeView: Reach consensus,org_view=5772,org_changeCycle=0,cur_changeCycle=0,to_view=5773
info|2019-12-11 08:24:26.103067|[g:1][CONSENSUS]addRawPrepare,height=1,reqIdx=1,hash=241f2a2f...
info|2019-12-11 08:24:26.104657|[g:1][CONSENSUS][PBFT]checkTimeout Succ,view=5773,toView=5774,nodeIdx=2,changeCycle=0,myNode=b5a2d0a7...,timecost=1.219
info|2019-12-11 08:24:26.108476|[g:1][CONSENSUS][PBFT]checkAndChangeView: Reach consensus,org_view=5773,org_changeCycle=0,cur_changeCycle=0,to_view=5774
info|2019-12-11 08:24:27.109617|[g:1][CONSENSUS][SEALER]++++++++++++++++ Generating seal on,blkNum=1,tx=0,nodeIdx=2,hash=adc58a74...
info|2019-12-11 08:24:27.114813|[g:1][CONSENSUS][PBFT]checkTimeout Succ,view=5774,toView=5775,nodeIdx=2,changeCycle=0,myNode=b5a2d0a7...,timecost=0.865
info|2019-12-11 08:24:27.117268|[g:1][CONSENSUS][PBFT]checkAndChangeView: Reach consensus,org_view=5774,org_changeCycle=0,cur_changeCycle=0,to_view=5775
info|2019-12-11 08:24:28.117708|[g:1][CONSENSUS]addRawPrepare,height=1,reqIdx=3,hash=0a137e47...
info|2019-12-11 08:24:28.119930|[g:1][CONSENSUS][PBFT]checkTimeout Succ,view=5775,toView=5776,nodeIdx=2,changeCycle=0,myNode=b5a2d0a7...,timecost=1.896
info|2019-12-11 08:24:28.121611|[g:1][CONSENSUS][PBFT]checkAndChangeView: Reach consensus,org_view=5775,org_changeCycle=0,cur_changeCycle=0,to_view=5776
info|2019-12-11 08:24:29.123493|[g:1][CONSENSUS]addRawPrepare,height=1,reqIdx=0,hash=9f1c88da...
info|2019-12-11 08:24:29.126663|[g:1][CONSENSUS][PBFT]checkTimeout Succ,view=5776,toView=5777,nodeIdx=2,changeCycle=0,myNode=b5a2d0a7...,timecost=2.925
info|2019-12-11 08:24:29.129685|[g:1][CONSENSUS][PBFT]checkAndChangeView: Reach consensus,org_view=5776,org_changeCycle=0,cur_changeCycle=0,to_view=5777
info|2019-12-11 08:24:30.132841|[g:1][CONSENSUS]addRawPrepare,height=1,reqIdx=1,hash=c2e00107...
info|2019-12-11 08:24:30.134023|[g:1][CONSENSUS][PBFT]checkTimeout Succ,view=5777,toView=5778,nodeIdx=2,changeCycle=0,myNode=b5a2d0a7...,timecost=0.974
info|2019-12-11 08:24:30.138098|[g:1][CONSENSUS][PBFT]checkAndChangeView: Reach consensus,org_view=5777,org_changeCycle=0,cur_changeCycle=0,to_view=5778
info|2019-12-11 08:24:31.138930|[g:1][CONSENSUS][SEALER]++++++++++++++++ Generating seal on,blkNum=1,tx=0,nodeIdx=2,hash=c1fab8d9...
info|2019-12-11 08:24:31.140228|[g:1][CONSENSUS][PBFT]checkTimeout Succ,view=5778,toView=5779,nodeIdx=2,changeCycle=0,myNode=b5a2d0a7...,timecost=0.782
info|2019-12-11 08:24:31.145570|[g:1][CONSENSUS][PBFT]checkAndChangeView: Reach consensus,org_view=5778,org_changeCycle=0,cur_changeCycle=0,to_view=5779
info|2019-12-11 08:24:32.149175|[g:1][CONSENSUS]addRawPrepare,height=1,reqIdx=3,hash=3d20cc26...
info|2019-12-11 08:24:32.150150|[g:1][CONSENSUS][PBFT]checkTimeout Succ,view=5779,toView=5780,nodeIdx=2,changeCycle=0,myNode=b5a2d0a7...,timecost=0.772
info|2019-12-11 08:24:32.155806|[g:1][CONSENSUS][PBFT]checkAndChangeView: Reach consensus,org_view=5779,org_changeCycle=0,cur_changeCycle=0,to_view=5780
info|2019-12-11 08:24:33.040469|[P2P][Service] heartBeat,connected count=3
info|2019-12-11 08:24:33.155965|[g:1][CONSENSUS]addRawPrepare,height=1,reqIdx=0,hash=62034797...
info|2019-12-11 08:24:33.157145|[g:1][CONSENSUS][PBFT]checkTimeout Succ,view=5780,toView=5781,nodeIdx=2,changeCycle=0,myNode=b5a2d0a7...,timecost=0.883
info|2019-12-11 08:24:33.158730|[g:1][CONSENSUS][PBFT]checkAndChangeView: Reach consensus,org_view=5780,org_changeCycle=0,cur_changeCycle=0,to_view=5781
info|2019-12-11 08:36:21.011816|[P2P][Service] heartBeat,connected count=3
warning|2019-12-11 08:36:21.014315|[g:1][CONSENSUS][PBFT]ViewChangeWarning: not caused by omit empty block ,v=5781,toV=5782,curNum=0,hash=382ff964...,nodeIdx=2,myNode=b5a2d0a7...
info|2019-12-11 08:36:21.014451|[g:1][CONSENSUS][PBFT]checkTimeout Succ,view=5781,toView=5782,nodeIdx=2,changeCycle=1,myNode=b5a2d0a7...,timecost=0.378
info|2019-12-11 08:36:21.020634|[g:1][CONSENSUS][PBFT]checkAndChangeView: Reach consensus,org_view=5781,org_changeCycle=1,cur_changeCycle=1,to_view=5782
info|2019-12-11 08:36:22.020879|[g:1][CONSENSUS][SEALER]++++++++++++++++ Generating seal on,blkNum=1,tx=0,nodeIdx=2,hash=f5a713e0...
info|2019-12-11 08:36:22.021697|[g:1][CONSENSUS][PBFT]checkTimeout Succ,view=5782,toView=5783,nodeIdx=2,changeCycle=0,myNode=b5a2d0a7...,timecost=0.481
info|2019-12-11 08:36:22.024982|[g:1][CONSENSUS][PBFT]checkAndChangeView: Reach consensus,org_view=5782,org_changeCycle=0,cur_changeCycle=0,to_view=5783
info|2019-12-11 08:36:23.028146|[g:1][CONSENSUS]addRawPrepare,height=1,reqIdx=3,hash=2292e000...
info|2019-12-11 08:36:23.029306|[g:1][CONSENSUS][PBFT]checkTimeout Succ,view=5783,toView=5784,nodeIdx=2,changeCycle=0,myNode=b5a2d0a7...,timecost=0.826
info|2019-12-11 08:36:23.032157|[g:1][CONSENSUS][PBFT]checkAndChangeView: Reach consensus,org_view=5783,org_changeCycle=0,cur_changeCycle=0,to_view=5784
info|2019-12-11 08:36:24.037592|[g:1][CONSENSUS]addRawPrepare,height=1,reqIdx=0,hash=7d1a27b0...
info|2019-12-11 08:36:24.038733|[g:1][CONSENSUS][PBFT]checkTimeout Succ,view=5784,toView=5785,nodeIdx=2,changeCycle=0,myNode=b5a2d0a7...,timecost=0.83
info|2019-12-11 08:36:24.041934|[g:1][CONSENSUS][PBFT]checkAndChangeView: Reach consensus,org_view=5784,org_changeCycle=0,cur_changeCycle=0,to_view=5785
info|2019-12-11 08:36:25.419984|[g:1][CONSENSUS]addRawPrepare,height=1,reqIdx=1,hash=77dc4757...
info|2019-12-11 08:36:25.420652|[g:1][CONSENSUS][PBFT]checkTimeout Succ,view=5785,toView=5786,nodeIdx=2,changeCycle=0,myNode=b5a2d0a7...,timecost=0.463
info|2019-12-11 08:36:25.424566|[g:1][CONSENSUS][PBFT]checkAndChangeView: Reach consensus,org_view=5785,org_changeCycle=0,cur_changeCycle=0,to_view=5786
info|2019-12-11 08:36:26.425577|[g:1][CONSENSUS][SEALER]++++++++++++++++ Generating seal on,blkNum=1,tx=0,nodeIdx=2,hash=9a0e0b9d...
info|2019-12-11 08:36:26.427023|[g:1][CONSENSUS][PBFT]checkTimeout Succ,view=5786,toView=5787,nodeIdx=2,changeCycle=0,myNode=b5a2d0a7...,timecost=0.831
info|2019-12-11 08:36:26.432859|[g:1][CONSENSUS][PBFT]checkAndChangeView: Reach consensus,org_view=5786,org_changeCycle=0,cur_changeCycle=0,to_view=5787
info|2019-12-11 08:36:27.435008|[g:1][CONSENSUS]addRawPrepare,height=1,reqIdx=3,hash=0da7986c...
info|2019-12-11 08:36:27.437698|[g:1][CONSENSUS][PBFT]checkTimeout Succ,view=5787,toView=5788,nodeIdx=2,changeCycle=0,myNode=b5a2d0a7...,timecost=2.439
info|2019-12-11 08:36:27.440911|[g:1][CONSENSUS][PBFT]checkAndChangeView: Reach consensus,org_view=5787,org_changeCycle=0,cur_changeCycle=0,to_view=5788
info|2019-12-11 08:36:28.442673|[g:1][CONSENSUS]addRawPrepare,height=1,reqIdx=0,hash=61282810...
info|2019-12-11 08:36:28.443979|[g:1][CONSENSUS][PBFT]checkTimeout Succ,view=5788,toView=5789,nodeIdx=2,changeCycle=0,myNode=b5a2d0a7...,timecost=1.008
info|2019-12-11 08:36:28.449086|[g:1][CONSENSUS][PBFT]checkAndChangeView: Reach consensus,org_view=5788,org_changeCycle=0,cur_changeCycle=0,to_view=5789
info|2019-12-11 08:36:29.448344|[g:1][CONSENSUS]addRawPrepare,height=1,reqIdx=1,hash=f551fb04...
info|2019-12-11 08:36:29.449162|[g:1][CONSENSUS][PBFT]checkTimeout Succ,view=5789,toView=5790,nodeIdx=2,changeCycle=0,myNode=b5a2d0a7...,timecost=0.686
info|2019-12-11 08:36:29.452512|[g:1][CONSENSUS][PBFT]checkAndChangeView: Reach consensus,org_view=5789,org_changeCycle=0,cur_changeCycle=0,to_view=5790
info|2019-12-11 08:36:30.452685|[g:1][CONSENSUS][SEALER]++++++++++++++++ Generating seal on,blkNum=1,tx=0,nodeIdx=2,hash=c82176e2...
info|2019-12-11 08:36:30.454063|[g:1][CONSENSUS][PBFT]checkTimeout Succ,view=5790,toView=5791,nodeIdx=2,changeCycle=0,myNode=b5a2d0a7...,timecost=0.857
info|2019-12-11 08:36:30.460553|[g:1][CONSENSUS][PBFT]checkAndChangeView: Reach consensus,org_view=5790,org_changeCycle=0,cur_changeCycle=0,to_view=5791
info|2019-12-11 08:36:31.021699|[P2P][Service] heartBeat,connected count=3
info|2019-12-11 08:36:31.464061|[g:1][CONSENSUS]addRawPrepare,height=1,reqIdx=3,hash=a77370a3...
info|2019-12-11 08:36:31.465040|[g:1][CONSENSUS][PBFT]checkTimeout Succ,view=5791,toView=5792,nodeIdx=2,changeCycle=0,myNode=b5a2d0a7...,timecost=0.699
info|2019-12-11 08:36:31.468988|[g:1][CONSENSUS][PBFT]checkAndChangeView: Reach consensus,org_view=5791,org_changeCycle=0,cur_changeCycle=0,to_view=5792
info|2019-12-11 08:36:32.469948|[g:1][CONSENSUS]addRawPrepare,height=1,reqIdx=0,hash=685a54ba...
info|2019-12-11 08:36:32.470581|[g:1][CONSENSUS][PBFT]checkTimeout Succ,view=5792,toView=5793,nodeIdx=2,changeCycle=0,myNode=b5a2d0a7...,timecost=0.472
info|2019-12-11 08:36:32.474101|[g:1][CONSENSUS][PBFT]checkAndChangeView: Reach consensus,org_view=5792,org_changeCycle=0,cur_changeCycle=0,to_view=5793
info|2019-12-11 08:36:33.475290|[g:1][CONSENSUS]addRawPrepare,height=1,reqIdx=1,hash=ba6337c0...
info|2019-12-11 08:36:33.476394|[g:1][CONSENSUS][PBFT]checkTimeout Succ,view=5793,toView=5794,nodeIdx=2,changeCycle=0,myNode=b5a2d0a7...,timecost=0.84
info|2019-12-11 08:36:33.479432|[g:1][CONSENSUS][PBFT]checkAndChangeView: Reach consensus,org_view=5793,org_changeCycle=0,cur_changeCycle=0,to_view=5794
info|2019-12-11 08:36:34.479520|[g:1][CONSENSUS][SEALER]++++++++++++++++ Generating seal on,blkNum=1,tx=0,nodeIdx=2,hash=fe074d4d...
info|2019-12-11 08:36:34.480908|[g:1][CONSENSUS][PBFT]checkTimeout Succ,view=5794,toView=5795,nodeIdx=2,changeCycle=0,myNode=b5a2d0a7...,timecost=0.859
info|2019-12-11 08:36:34.486052|[g:1][CONSENSUS][PBFT]checkAndChangeView: Reach consensus,org_view=5794,org_changeCycle=0,cur_changeCycle=0,to_view=5795
info|2019-12-11 08:36:35.487688|[g:1][CONSENSUS]addRawPrepare,height=1,reqIdx=3,hash=ec4c90e1...
info|2019-12-11 08:36:35.490723|[g:1][CONSENSUS][PBFT]checkTimeout Succ,view=5795,toView=5796,nodeIdx=2,changeCycle=0,myNode=b5a2d0a7...,timecost=2.8
info|2019-12-11 08:36:35.493664|[g:1][CONSENSUS][PBFT]checkAndChangeView: Reach consensus,org_view=5795,org_changeCycle=0,cur_changeCycle=0,to_view=5796
info|2019-12-11 08:36:36.493466|[g:1][CONSENSUS]addRawPrepare,height=1,reqIdx=0,hash=80f1fc9c...
info|2019-12-11 08:36:36.497250|[g:1][CONSENSUS][PBFT]checkTimeout Succ,view=5796,toView=5797,nodeIdx=2,changeCycle=0,myNode=b5a2d0a7...,timecost=3.404
info|2019-12-11 08:36:36.500104|[g:1][CONSENSUS][PBFT]checkAndChangeView: Reach consensus,org_view=5796,org_changeCycle=0,cur_changeCycle=0,to_view=5797
info|2019-12-11 08:36:37.499855|[g:1][CONSENSUS]addRawPrepare,height=1,reqIdx=1,hash=7597875b...
info|2019-12-11 08:36:37.500848|[g:1][CONSENSUS][PBFT]checkTimeout Succ,view=5797,toView=5798,nodeIdx=2,changeCycle=0,myNode=b5a2d0a7...,timecost=0.79
info|2019-12-11 08:36:37.506056|[g:1][CONSENSUS][PBFT]checkAndChangeView: Reach consensus,org_view=5797,org_changeCycle=0,cur_changeCycle=0,to_view=5798
info|2019-12-11 08:36:38.506701|[g:1][CONSENSUS][SEALER]++++++++++++++++ Generating seal on,blkNum=1,tx=0,nodeIdx=2,hash=d24bed54...
info|2019-12-11 08:36:38.508054|[g:1][CONSENSUS][PBFT]checkTimeout Succ,view=5798,toView=5799,nodeIdx=2,changeCycle=0,myNode=b5a2d0a7...,timecost=0.821
info|2019-12-11 08:36:38.513341|[g:1][CONSENSUS][PBFT]checkAndChangeView: Reach consensus,org_view=5798,org_changeCycle=0,cur_changeCycle=0,to_view=5799
info|2019-12-11 08:36:39.516520|[g:1][CONSENSUS]addRawPrepare,height=1,reqIdx=3,hash=e55e8c87...
info|2019-12-11 08:36:39.518266|[g:1][CONSENSUS][PBFT]checkTimeout Succ,view=5799,toView=5800,nodeIdx=2,changeCycle=0,myNode=b5a2d0a7...,timecost=1.509
info|2019-12-11 08:36:39.522925|[g:1][CONSENSUS][PBFT]checkAndChangeView: Reach consensus,org_view=5799,org_changeCycle=0,cur_changeCycle=0,to_view=5800
info|2019-12-11 08:36:40.524182|[g:1][CONSENSUS]addRawPrepare,height=1,reqIdx=0,hash=c09ab51f...
info|2019-12-11 08:36:40.525334|[g:1][CONSENSUS][PBFT]checkTimeout Succ,view=5800,toView=5801,nodeIdx=2,changeCycle=0,myNode=b5a2d0a7...,timecost=0.909
info|2019-12-11 08:36:40.529512|[g:1][CONSENSUS][PBFT]checkAndChangeView: Reach consensus,org_view=5800,org_changeCycle=0,cur_changeCycle=0,to_view=5801
info|2019-12-11 08:36:41.029647|[P2P][Service] heartBeat,connected count=3
info|2019-12-11 08:36:41.530728|[g:1][CONSENSUS]addRawPrepare,height=1,reqIdx=1,hash=2309d001...
info|2019-12-11 08:36:41.531685|[g:1][CONSENSUS][PBFT]checkTimeout Succ,view=5801,toView=5802,nodeIdx=2,changeCycle=0,myNode=b5a2d0a7...,timecost=0.73
info|2019-12-11 08:36:41.536742|[g:1][CONSENSUS][PBFT]checkAndChangeView: Reach consensus,org_view=5801,org_changeCycle=0,cur_changeCycle=0,to_view=5802
info|2019-12-11 08:36:42.536951|[g:1][CONSENSUS][SEALER]++++++++++++++++ Generating seal on,blkNum=1,tx=0,nodeIdx=2,hash=db8132e1...
info|2019-12-11 08:36:42.539533|[g:1][CONSENSUS][PBFT]checkTimeout Succ,view=5802,toView=5803,nodeIdx=2,changeCycle=0,myNode=b5a2d0a7...,timecost=0.376
info|2019-12-11 08:36:42.540811|[g:1][CONSENSUS][PBFT]checkAndChangeView: Reach consensus,org_view=5802,org_changeCycle=0,cur_changeCycle=0,to_view=5803
info|2019-12-11 08:36:43.543217|[g:1][CONSENSUS]addRawPrepare,height=1,reqIdx=3,hash=03419132...
info|2019-12-11 08:36:43.543899|[g:1][CONSENSUS][PBFT]checkTimeout Succ,view=5803,toView=5804,nodeIdx=2,changeCycle=0,myNode=b5a2d0a7...,timecost=0.52
info|2019-12-11 08:36:43.545744|[g:1][CONSENSUS][PBFT]checkAndChangeView: Reach consensus,org_view=5803,org_changeCycle=0,cur_changeCycle=0,to_view=5804
info|2019-12-11 08:36:44.548264|[g:1][CONSENSUS]addRawPrepare,height=1,reqIdx=0,hash=a5904309...
info|2019-12-11 08:36:44.549567|[g:1][CONSENSUS][PBFT]checkTimeout Succ,view=5804,toView=5805,nodeIdx=2,changeCycle=0,myNode=b5a2d0a7...,timecost=1.105
info|2019-12-11 08:36:44.553791|[g:1][CONSENSUS][PBFT]checkAndChangeView: Reach consensus,org_view=5804,org_changeCycle=0,cur_changeCycle=0,to_view=5805
info|2019-12-11 08:36:45.555852|[g:1][CONSENSUS]addRawPrepare,height=1,reqIdx=1,hash=2d4c63e7...
info|2019-12-11 08:36:45.557662|[g:1][CONSENSUS][PBFT]checkTimeout Succ,view=5805,toView=5806,nodeIdx=2,changeCycle=0,myNode=b5a2d0a7...,timecost=1.564
info|2019-12-11 08:36:45.561010|[g:1][CONSENSUS][PBFT]checkAndChangeView: Reach consensus,org_view=5805,org_changeCycle=0,cur_changeCycle=0,to_view=5806
info|2019-12-11 08:36:46.561561|[g:1][CONSENSUS][SEALER]++++++++++++++++ Generating seal on,blkNum=1,tx=0,nodeIdx=2,hash=81ecc6b5...
info|2019-12-11 08:36:46.562899|[g:1][CONSENSUS][PBFT]checkTimeout Succ,view=5806,toView=5807,nodeIdx=2,changeCycle=0,myNode=b5a2d0a7...,timecost=0.787
info|2019-12-11 08:36:46.568045|[g:1][CONSENSUS][PBFT]checkAndChangeView: Reach consensus,org_view=5806,org_changeCycle=0,cur_changeCycle=0,to_view=5807
