info|2019-12-11 06:22:53.012337|[P2P][Service] heartBeat,connected count=3
warning|2019-12-11 06:22:53.013434|[g:1][CONSENSUS][PBFT]ViewChangeWarning: not caused by omit empty block ,v=5677,toV=5678,curNum=0,hash=382ff964...,nodeIdx=2,myNode=b5a2d0a7...
info|2019-12-11 06:22:53.013588|[g:1][CONSENSUS][PBFT]checkTimeout Succ,view=5677,toView=5678,nodeIdx=2,changeCycle=1,myNode=b5a2d0a7...,timecost=0.436
info|2019-12-11 06:22:53.016784|[g:1][CONSENSUS][PBFT]checkAndChangeView: Reach consensus,org_view=5677,org_changeCycle=1,cur_changeCycle=1,to_view=5678
info|2019-12-11 06:22:54.017528|[g:1][CONSENSUS][SEALER]++++++++++++++++ Generating seal on,blkNum=1,tx=0,nodeIdx=2,hash=eb8cef82...
info|2019-12-11 06:22:54.018541|[g:1][CONSENSUS][PBFT]checkTimeout Succ,view=5678,toView=5679,nodeIdx=2,changeCycle=0,myNode=b5a2d0a7...,timecost=0.528
info|2019-12-11 06:22:54.022106|[g:1][CONSENSUS][PBFT]checkAndChangeView: Reach consensus,org_view=5678,org_changeCycle=0,cur_changeCycle=0,to_view=5679
info|2019-12-11 06:22:55.023582|[g:1][CONSENSUS]addRawPrepare,height=1,reqIdx=3,hash=6e2e8ddd...
info|2019-12-11 06:22:55.024514|[g:1][CONSENSUS][PBFT]checkTimeout Succ,view=5679,toView=5680,nodeIdx=2,changeCycle=0,myNode=b5a2d0a7...,timecost=0.622
info|2019-12-11 06:22:55.027036|[g:1][CONSENSUS][PBFT]checkAndChangeView: Reach consensus,org_view=5679,org_changeCycle=0,cur_changeCycle=0,to_view=5680
info|2019-12-11 06:22:56.029083|[g:1][CONSENSUS]addRawPrepare,height=1,reqIdx=0,hash=091eba6b...
info|2019-12-11 06:22:56.030038|[g:1][CONSENSUS][PBFT]checkTimeout Succ,view=5680,toView=5681,nodeIdx=2,changeCycle=0,myNode=b5a2d0a7...,timecost=0.726
info|2019-12-11 06:22:56.033609|[g:1][CONSENSUS][PBFT]checkAndChangeView: Reach consensus,org_view=5680,org_changeCycle=0,cur_changeCycle=0,to_view=5681
info|2019-12-11 06:22:57.035017|[g:1][CONSENSUS]addRawPrepare,height=1,reqIdx=1,hash=afced68b...
info|2019-12-11 06:22:57.035887|[g:1][CONSENSUS][PBFT]checkTimeout Succ,view=5681,toView=5682,nodeIdx=2,changeCycle=0,myNode=b5a2d0a7...,timecost=0.651
info|2019-12-11 06:22:57.037638|[g:1][CONSENSUS][PBFT]checkAndChangeView: Reach consensus,org_view=5681,org_changeCycle=0,cur_changeCycle=0,to_view=5682
info|2019-12-11 06:22:58.038388|[g:1][CONSENSUS][SEALER]++++++++++++++++ Generating seal on,blkNum=1,tx=0,nodeIdx=2,hash=5c109201...
info|2019-12-11 06:22:58.039881|[g:1][CONSENSUS][PBFT]checkTimeout Succ,view=5682,toView=5683,nodeIdx=2,changeCycle=0,myNode=b5a2d0a7...,timecost=0.945
info|2019-12-11 06:22:58.046911|[g:1][CONSENSUS][PBFT]checkAndChangeView: Reach consensus,org_view=5682,org_changeCycle=0,cur_changeCycle=0,to_view=5683
warning|2019-12-11 06:22:57.496897|[g:1][CONSENSUS][PBFT]ViewChangeWarning: not caused by omit empty block ,v=5683,toV=5684,curNum=0,hash=382ff964...,nodeIdx=2,myNode=b5a2d0a7...
info|2019-12-11 06:22:57.497052|[g:1][CONSENSUS][PBFT]checkTimeout Succ,view=5683,toView=5684,nodeIdx=2,changeCycle=1,myNode=b5a2d0a7...,timecost=0.835
info|2019-12-11 06:22:57.498570|[g:1][CONSENSUS][PBFT]checkAndChangeView: Reach consensus,org_view=5683,org_changeCycle=1,cur_changeCycle=1,to_view=5684
info|2019-12-11 06:22:58.501773|[g:1][CONSENSUS]addRawPrepare,height=1,reqIdx=0,hash=cbe5b1c7...
info|2019-12-11 06:22:58.502823|[g:1][CONSENSUS][PBFT]checkTimeout Succ,view=5684,toView=5685,nodeIdx=2,changeCycle=0,myNode=b5a2d0a7...,timecost=0.819
info|2019-12-11 06:22:58.505687|[g:1][CONSENSUS][PBFT]checkAndChangeView: Reach consensus,org_view=5684,org_changeCycle=0,cur_changeCycle=0,to_view=5685
info|2019-12-11 06:22:59.510990|[g:1][CONSENSUS]addRawPrepare,height=1,reqIdx=1,hash=33084944...
info|2019-12-11 06:22:59.511988|[g:1][CONSENSUS][PBFT]checkTimeout Succ,view=5685,toView=5686,nodeIdx=2,changeCycle=0,myNode=b5a2d0a7...,timecost=0.758
info|2019-12-11 06:22:59.515643|[g:1][CONSENSUS][PBFT]checkAndChangeView: Reach consensus,org_view=5685,org_changeCycle=0,cur_changeCycle=0,to_view=5686
info|2019-12-11 06:23:00.515260|[g:1][CONSENSUS][SEALER]++++++++++++++++ Generating seal on,blkNum=1,tx=0,nodeIdx=2,hash=8b0810cf...
info|2019-12-11 06:23:00.516575|[g:1][CONSENSUS][PBFT]checkTimeout Succ,view=5686,toView=5687,nodeIdx=2,changeCycle=0,myNode=b5a2d0a7...,timecost=0.795
info|2019-12-11 06:23:00.522361|[g:1][CONSENSUS][PBFT]checkAndChangeView: Reach consensus,org_view=5686,org_changeCycle=0,cur_changeCycle=0,to_view=5687
info|2019-12-11 06:23:01.525394|[g:1][CONSENSUS]addRawPrepare,height=1,reqIdx=3,hash=df89b4d1...
info|2019-12-11 06:23:01.526851|[g:1][CONSENSUS][PBFT]checkTimeout Succ,view=5687,toView=5688,nodeIdx=2,changeCycle=0,myNode=b5a2d0a7...,timecost=1.218
info|2019-12-11 06:23:01.529399|[g:1][CONSENSUS][PBFT]checkAndChangeView: Reach consensus,org_view=5687,org_changeCycle=0,cur_changeCycle=0,to_view=5688
info|2019-12-11 06:23:02.532939|[g:1][CONSENSUS]addRawPrepare,height=1,reqIdx=0,hash=6fe87941...
info|2019-12-11 06:23:02.533973|[g:1][CONSENSUS][PBFT]checkTimeout Succ,view=5688,toView=5689,nodeIdx=2,changeCycle=0,myNode=b5a2d0a7...,timecost=0.816
info|2019-12-11 06:23:02.538715|[g:1][CONSENSUS][PBFT]checkAndChangeView: Reach consensus,org_view=5688,org_changeCycle=0,cur_changeCycle=0,to_view=5689
info|2019-12-11 06:23:03.018315|[P2P][Service] heartBeat,connected count=3
info|2019-12-11 06:23:03.539232|[g:1][CONSENSUS]addRawPrepare,height=1,reqIdx=1,hash=c01e45e4...
info|2019-12-11 06:23:03.540388|[g:1][CONSENSUS][PBFT]checkTimeout Succ,view=5689,toView=5690,nodeIdx=2,changeCycle=0,myNode=b5a2d0a7...,timecost=0.947
info|2019-12-11 06:23:03.545315|[g:1][CONSENSUS][PBFT]checkAndChangeView: Reach consensus,org_view=5689,org_changeCycle=0,cur_changeCycle=0,to_view=5690
info|2019-12-11 06:23:04.546377|[g:1][CONSENSUS][SEALER]++++++++++++++++ Generating seal on,blkNum=1,tx=0,nodeIdx=2,hash=9f31a326...
info|2019-12-11 06:23:04.551148|[g:1][CONSENSUS][PBFT]checkTimeout Succ,view=5690,toView=5691,nodeIdx=2,changeCycle=0,myNode=b5a2d0a7...,timecost=0.973
info|2019-12-11 06:23:04.553816|[g:1][CONSENSUS][PBFT]checkAndChangeView: Reach consensus,org_view=5690,org_changeCycle=0,cur_changeCycle=0,to_view=5691
info|2019-12-11 06:23:05.556878|[g:1][CONSENSUS]addRawPrepare,height=1,reqIdx=3,hash=333d5fa5...
info|2019-12-11 06:23:05.560403|[g:1][CONSENSUS][PBFT]checkTimeout Succ,view=5691,toView=5692,nodeIdx=2,changeCycle=0,myNode=b5a2d0a7...,timecost=0.962
info|2019-12-11 06:23:05.563272|[g:1][CONSENSUS][PBFT]checkAndChangeView: Reach consensus,org_view=5691,org_changeCycle=0,cur_changeCycle=0,to_view=5692
info|2019-12-11 06:23:06.562933|[g:1][CONSENSUS]addRawPrepare,height=1,reqIdx=0,hash=fd73905b...
info|2019-12-11 06:23:06.564066|[g:1][CONSENSUS][PBFT]checkTimeout Succ,view=5692,toView=5693,nodeIdx=2,changeCycle=0,myNode=b5a2d0a7...,timecost=0.902
info|2019-12-11 06:23:06.568848|[g:1][CONSENSUS][PBFT]checkAndChangeView: Reach consensus,org_view=5692,org_changeCycle=0,cur_changeCycle=0,to_view=5693
info|2019-12-11 06:23:07.569844|[g:1][CONSENSUS]addRawPrepare,height=1,reqIdx=1,hash=cb36f5b0...
info|2019-12-11 06:23:07.572404|[g:1][CONSENSUS][PBFT]checkTimeout Succ,view=5693,toView=5694,nodeIdx=2,changeCycle=0,myNode=b5a2d0a7...,timecost=2.317
info|2019-12-11 06:23:07.575230|[g:1][CONSENSUS][PBFT]checkAndChangeView: Reach consensus,org_view=5693,org_changeCycle=0,cur_changeCycle=0,to_view=5694
info|2019-12-11 06:23:08.576664|[g:1][CONSENSUS][SEALER]++++++++++++++++ Generating seal on,blkNum=1,tx=0,nodeIdx=2,hash=5dc59a69...
info|2019-12-11 06:23:08.577980|[g:1][CONSENSUS][PBFT]checkTimeout Succ,view=5694,toView=5695,nodeIdx=2,changeCycle=0,myNode=b5a2d0a7...,timecost=0.796
info|2019-12-11 06:23:08.584085|[g:1][CONSENSUS][PBFT]checkAndChangeView: Reach consensus,org_view=5694,org_changeCycle=0,cur_changeCycle=0,to_view=5695
info|2019-12-11 06:23:09.586824|[g:1][CONSENSUS]addRawPrepare,height=1,reqIdx=3,hash=4d21fd00...
info|2019-12-11 06:23:09.589097|[g:1][CONSENSUS][PBFT]checkTimeout Succ,view=5695,toView=5696,nodeIdx=2,changeCycle=0,myNode=b5a2d0a7...,timecost=2.031
info|2019-12-11 06:23:09.593062|[g:1][CONSENSUS][PBFT]checkAndChangeView: Reach consensus,org_view=5695,org_changeCycle=0,cur_changeCycle=0,to_view=5696
info|2019-12-11 06:23:10.593841|[g:1][CONSENSUS]addRawPrepare,height=1,reqIdx=0,hash=a7a3a59e...
info|2019-12-11 06:23:10.595807|[g:1][CONSENSUS][PBFT]checkTimeout Succ,view=5696,toView=5697,nodeIdx=2,changeCycle=0,myNode=b5a2d0a7...,timecost=1.721
info|2019-12-11 06:23:10.600295|[g:1][CONSENSUS][PBFT]checkAndChangeView: Reach consensus,org_view=5696,org_changeCycle=0,cur_changeCycle=0,to_view=5697
info|2019-12-11 06:23:11.601561|[g:1][CONSENSUS]addRawPrepare,height=1,reqIdx=1,hash=3cadeaf3...
info|2019-12-11 06:23:11.602609|[g:1][CONSENSUS][PBFT]checkTimeout Succ,view=5697,toView=5698,nodeIdx=2,changeCycle=0,myNode=b5a2d0a7...,timecost=0.728
info|2019-12-11 06:23:11.605618|[g:1][CONSENSUS][PBFT]checkAndChangeView: Reach consensus,org_view=5697,org_changeCycle=0,cur_changeCycle=0,to_view=5698
info|2019-12-11 06:23:12.605255|[g:1][CONSENSUS][SEALER]++++++++++++++++ Generating seal on,blkNum=1,tx=0,nodeIdx=2,hash=c4a570dd...
info|2019-12-11 06:23:12.606574|[g:1][CONSENSUS][PBFT]checkTimeout Succ,view=5698,toView=5699,nodeIdx=2,changeCycle=0,myNode=b5a2d0a7...,timecost=0.798
info|2019-12-11 06:23:12.612503|[g:1][CONSENSUS][PBFT]checkAndChangeView: Reach consensus,org_view=5698,org_changeCycle=0,cur_changeCycle=0,to_view=5699
info|2019-12-11 06:23:13.028291|[P2P][Service] heartBeat,connected count=3
info|2019-12-11 06:23:13.616337|[g:1][CONSENSUS]addRawPrepare,height=1,reqIdx=3,hash=325f8ca6...
info|2019-12-11 06:23:13.617477|[g:1][CONSENSUS][PBFT]checkTimeout Succ,view=5699,toView=5700,nodeIdx=2,changeCycle=0,myNode=b5a2d0a7...,timecost=0.9
info|2019-12-11 06:23:13.620892|[g:1][CONSENSUS][PBFT]checkAndChangeView: Reach consensus,org_view=5699,org_changeCycle=0,cur_changeCycle=0,to_view=5700
info|2019-12-11 06:23:14.623005|[g:1][CONSENSUS]addRawPrepare,height=1,reqIdx=0,hash=df924e31...
info|2019-12-11 06:23:14.624377|[g:1][CONSENSUS][PBFT]checkTimeout Succ,view=5700,toView=5701,nodeIdx=2,changeCycle=0,myNode=b5a2d0a7...,timecost=1.448
info|2019-12-11 06:23:14.628588|[g:1][CONSENSUS][PBFT]checkAndChangeView: Reach consensus,org_view=5700,org_changeCycle=0,cur_changeCycle=0,to_view=5701
info|2019-12-11 06:23:15.630231|[g:1][CONSENSUS]addRawPrepare,height=1,reqIdx=1,hash=ea910eb0...
info|2019-12-11 06:23:15.631792|[g:1][CONSENSUS][PBFT]checkTimeout Succ,view=5701,toView=5702,nodeIdx=2,changeCycle=0,myNode=b5a2d0a7...,timecost=1.364
info|2019-12-11 06:23:15.635705|[g:1][CONSENSUS][PBFT]checkAndChangeView: Reach consensus,org_view=5701,org_changeCycle=0,cur_changeCycle=0,to_view=5702
info|2019-12-11 06:23:16.635340|[g:1][CONSENSUS][SEALER]++++++++++++++++ Generating seal on,blkNum=1,tx=0,nodeIdx=2,hash=85d2d245...
info|2019-12-11 06:23:16.636705|[g:1][CONSENSUS][PBFT]checkTimeout Succ,view=5702,toView=5703,nodeIdx=2,changeCycle=0,myNode=b5a2d0a7...,timecost=0.779
info|2019-12-11 06:23:16.641828|[g:1][CONSENSUS][PBFT]checkAndChangeView: Reach consensus,org_view=5702,org_changeCycle=0,cur_changeCycle=0,to_view=5703
info|2019-12-11 06:23:17.645826|[g:1][CONSENSUS]addRawPrepare,height=1,reqIdx=3,hash=b4506e18...
info|2019-12-11 06:23:17.647089|[g:1][CONSENSUS][PBFT]checkTimeout Succ,view=5703,toView=5704,nodeIdx=2,changeCycle=0,myNode=b5a2d0a7...,timecost=0.954
info|2019-12-11 06:23:17.651142|[g:1][CONSENSUS][PBFT]checkAndChangeView: Reach consensus,org_view=5703,org_changeCycle=0,cur_changeCycle=0,to_view=5704
info|2019-12-11 06:23:18.653450|[g:1][CONSENSUS]addRawPrepare,height=1,reqIdx=0,hash=e3e5a3e2...
info|2019-12-11 06:23:18.654469|[g:1][CONSENSUS][PBFT]checkTimeout Succ,view=5704,toView=5705,nodeIdx=2,changeCycle=0,myNode=b5a2d0a7...,timecost=0.778
info|2019-12-11 06:23:18.658110|[g:1][CONSENSUS][PBFT]checkAndChangeView: Reach consensus,org_view=5704,org_changeCycle=0,cur_changeCycle=0,to_view=5705
info|2019-12-11 06:23:19.660298|[g:1][CONSENSUS]addRawPrepare,height=1,reqIdx=1,hash=23216662...
info|2019-12-11 06:23:19.661295|[g:1][CONSENSUS][PBFT]checkTimeout Succ,view=5705,toView=5706,nodeIdx=2,changeCycle=0,myNode=b5a2d0a7...,timecost=0.758
info|2019-12-11 06:23:19.664948|[g:1][CONSENSUS][PBFT]checkAndChangeView: Reach consensus,org_view=5705,org_changeCycle=0,cur_changeCycle=0,to_view=5706
info|2019-12-11 06:23:20.666147|[g:1][CONSENSUS][SEALER]++++++++++++++++ Generating seal on,blkNum=1,tx=0,nodeIdx=2,hash=e95339f1...
info|2019-12-11 06:23:20.667547|[g:1][CONSENSUS][PBFT]checkTimeout Succ,view=5706,toView=5707,nodeIdx=2,changeCycle=0,myNode=b5a2d0a7...,timecost=0.876
info|2019-12-11 06:23:20.673945|[g:1][CONSENSUS][PBFT]checkAndChangeView: Reach consensus,org_view=5706,org_changeCycle=0,cur_changeCycle=0,to_view=5707
info|2019-12-11 06:23:21.676746|[g:1][CONSENSUS]addRawPrepare,height=1,reqIdx=3,hash=fa4c20a6...
info|2019-12-11 06:23:21.678542|[g:1][CONSENSUS][PBFT]checkTimeout Succ,view=5707,toView=5708,nodeIdx=2,changeCycle=0,myNode=b5a2d0a7...,timecost=1.568
info|2019-12-11 06:23:21.682527|[g:1][CONSENSUS][PBFT]checkAndChangeView: Reach consensus,org_view=5707,org_changeCycle=0,cur_changeCycle=0,to_view=5708
info|2019-12-11 06:23:22.684962|[g:1][CONSENSUS]addRawPrepare,height=1,reqIdx=0,hash=41396497...
info|2019-12-11 06:23:22.686723|[g:1][CONSENSUS][PBFT]checkTimeout Succ,view=5708,toView=5709,nodeIdx=2,changeCycle=0,myNode=b5a2d0a7...,timecost=1.408
info|2019-12-11 06:23:22.689190|[g:1][CONSENSUS][PBFT]checkAndChangeView: Reach consensus,org_view=5708,org_changeCycle=0,cur_changeCycle=0,to_view=5709
info|2019-12-11 06:23:23.034964|[P2P][Service] heartBeat,connected count=3
info|2019-12-11 06:23:23.693740|[g:1][CONSENSUS]addRawPrepare,height=1,reqIdx=1,hash=d7baa248...
info|2019-12-11 06:23:23.694890|[g:1][CONSENSUS][PBFT]checkTimeout Succ,view=5709,toView=5710,nodeIdx=2,changeCycle=0,myNode=b5a2d0a7...,timecost=0.908
info|2019-12-11 06:23:23.699216|[g:1][CONSENSUS][PBFT]checkAndChangeView: Reach consensus,org_view=5709,org_changeCycle=0,cur_changeCycle=0,to_view=5710
info|2019-12-11 06:23:24.700737|[g:1][CONSENSUS][SEALER]++++++++++++++++ Generating seal on,blkNum=1,tx=0,nodeIdx=2,hash=800376a8...
info|2019-12-11 06:23:24.705461|[g:1][CONSENSUS][PBFT]checkTimeout Succ,view=5710,toView=5711,nodeIdx=2,changeCycle=0,myNode=b5a2d0a7...,timecost=0.778
info|2019-12-11 06:23:24.708621|[g:1][CONSENSUS][PBFT]checkAndChangeView: Reach consensus,org_view=5710,org_changeCycle=0,cur_changeCycle=0,to_view=5711
info|2019-12-11 06:23:25.711380|[g:1][CONSENSUS]addRawPrepare,height=1,reqIdx=3,hash=2707cd9a...
info|2019-12-11 06:23:25.713480|[g:1][CONSENSUS][PBFT]checkTimeout Succ,view=5711,toView=5712,nodeIdx=2,changeCycle=0,myNode=b5a2d0a7...,timecost=1.756
info|2019-12-11 06:23:25.715903|[g:1][CONSENSUS][PBFT]checkAndChangeView: Reach consensus,org_view=5711,org_changeCycle=0,cur_changeCycle=0,to_view=5712
info|2019-12-11 06:23:26.720937|[g:1][CONSENSUS]addRawPrepare,height=1,reqIdx=0,hash=95cf7347...
info|2019-12-11 06:23:26.722078|[g:1][CONSENSUS][PBFT]checkTimeout Succ,view=5712,toView=5713,nodeIdx=2,changeCycle=0,myNode=b5a2d0a7...,timecost=0.89
info|2019-12-11 06:23:26.727271|[g:1][CONSENSUS][PBFT]checkAndChangeView: Reach consensus,org_view=5712,org_changeCycle=0,cur_changeCycle=0,to_view=5713
info|2019-12-11 06:23:27.728640|[g:1][CONSENSUS]addRawPrepare,height=1,reqIdx=1,hash=d2497796...
info|2019-12-11 06:23:27.730269|[g:1][CONSENSUS][PBFT]checkTimeout Succ,view=5713,toView=5714,nodeIdx=2,changeCycle=0,myNode=b5a2d0a7...,timecost=1.393
info|2019-12-11 06:23:27.732625|[g:1][CONSENSUS][PBFT]checkAndChangeView: Reach consensus,org_view=5713,org_changeCycle=0,cur_changeCycle=0,to_view=5714
info|2019-12-11 06:23:28.732209|[g:1][CONSENSUS][SEALER]++++++++++++++++ Generating seal on,blkNum=1,tx=0,nodeIdx=2,hash=2d226416...
info|2019-12-11 06:23:28.733532|[g:1][CONSENSUS][PBFT]checkTimeout Succ,view=5714,toView=5715,nodeIdx=2,changeCycle=0,myNode=b5a2d0a7...,timecost=0.802
info|2019-12-11 06:23:28.739733|[g:1][CONSENSUS][PBFT]checkAndChangeView: Reach consensus,org_view=5714,org_changeCycle=0,cur_changeCycle=0,to_view=5715
info|2019-12-11 06:23:29.741233|[g:1][CONSENSUS]addRawPrepare,height=1,reqIdx=3,hash=afc234f2...
info|2019-12-11 06:23:29.742566|[g:1][CONSENSUS][PBFT]checkTimeout Succ,view=5715,toView=5716,nodeIdx=2,changeCycle=0,myNode=b5a2d0a7...,timecost=0.762
info|2019-12-11 06:23:29.746358|[g:1][CONSENSUS][PBFT]checkAndChangeView: Reach consensus,org_view=5715,org_changeCycle=0,cur_changeCycle=0,to_view=5716
info|2019-12-11 06:23:30.748552|[g:1][CONSENSUS]addRawPrepare,height=1,reqIdx=0,hash=9be72050...
info|2019-12-11 06:23:30.750036|[g:1][CONSENSUS][PBFT]checkTimeout Succ,view=5716,toView=5717,nodeIdx=2,changeCycle=0,myNode=b5a2d0a7...,timecost=0.995
info|2019-12-11 06:23:30.753169|[g:1][CONSENSUS][PBFT]checkAndChangeView: Reach consensus,org_view=5716,org_changeCycle=0,cur_changeCycle=0,to_view=5717
info|2019-12-11 06:23:31.755834|[g:1][CONSENSUS]addRawPrepare,height=1,reqIdx=1,hash=760b6487...
info|2019-12-11 06:23:31.757457|[g:1][CONSENSUS][PBFT]checkTimeout Succ,view=5717,toView=5718,nodeIdx=2,changeCycle=0,myNode=b5a2d0a7...,timecost=1.312
info|2019-12-11 06:23:31.760035|[g:1][CONSENSUS][PBFT]checkAndChangeView: Reach consensus,org_view=5717,org_changeCycle=0,cur_changeCycle=0,to_view=5718
info|2019-12-11 06:23:32.761572|[g:1][CONSENSUS][SEALER]++++++++++++++++ Generating seal on,blkNum=1,tx=0,nodeIdx=2,hash=24f07a4f...
info|2019-12-11 06:23:32.762933|[g:1][CONSENSUS][PBFT]checkTimeout Succ,view=5718,toView=5719,nodeIdx=2,changeCycle=0,myNode=b5a2d0a7...,timecost=0.829
info|2019-12-11 06:23:32.768324|[g:1][CONSENSUS][PBFT]checkAndChangeView: Reach consensus,org_view=5718,org_changeCycle=0,cur_changeCycle=0,to_view=5719
info|2019-12-11 06:23:33.041575|[P2P][Service] heartBeat,connected count=3
info|2019-12-11 06:23:33.773369|[g:1][CONSENSUS]addRawPrepare,height=1,reqIdx=3,hash=7c629d1b...
info|2019-12-11 06:23:33.774467|[g:1][CONSENSUS][PBFT]checkTimeout Succ,view=5719,toView=5720,nodeIdx=2,changeCycle=0,myNode=b5a2d0a7...,timecost=0.854
info|2019-12-11 06:23:33.777680|[g:1][CONSENSUS][PBFT]checkAndChangeView: Reach consensus,org_view=5719,org_changeCycle=0,cur_changeCycle=0,to_view=5720
info|2019-12-11 06:23:34.781112|[g:1][CONSENSUS]addRawPrepare,height=1,reqIdx=0,hash=75c8806d...
info|2019-12-11 06:23:34.784908|[g:1][CONSENSUS][PBFT]checkTimeout Succ,view=5720,toView=5721,nodeIdx=2,changeCycle=0,myNode=b5a2d0a7...,timecost=3.414
info|2019-12-11 06:23:34.787611|[g:1][CONSENSUS][PBFT]checkAndChangeView: Reach consensus,org_view=5720,org_changeCycle=0,cur_changeCycle=0,to_view=5721
info|2019-12-11 06:23:35.787621|[g:1][CONSENSUS]addRawPrepare,height=1,reqIdx=1,hash=6c27144d...
info|2019-12-11 06:23:35.789123|[g:1][CONSENSUS][PBFT]checkTimeout Succ,view=5721,toView=5722,nodeIdx=2,changeCycle=0,myNode=b5a2d0a7...,timecost=1.216
info|2019-12-11 06:23:35.794045|[g:1][CONSENSUS][PBFT]checkAndChangeView: Reach consensus,org_view=5721,org_changeCycle=0,cur_changeCycle=0,to_view=5722
info|2019-12-11 06:23:36.795380|[g:1][CONSENSUS][SEALER]++++++++++++++++ Generating seal on,blkNum=1,tx=0,nodeIdx=2,hash=19b3f041...
info|2019-12-11 06:23:36.800529|[g:1][CONSENSUS][PBFT]checkTimeout Succ,view=5722,toView=5723,nodeIdx=2,changeCycle=0,myNode=b5a2d0a7...,timecost=0.788
info|2019-12-11 06:23:36.803056|[g:1][CONSENSUS][PBFT]checkAndChangeView: Reach consensus,org_view=5722,org_changeCycle=0,cur_changeCycle=0,to_view=5723
info|2019-12-11 06:23:37.806326|[g:1][CONSENSUS]addRawPrepare,height=1,reqIdx=3,hash=d33e7006...
info|2019-12-11 06:23:37.807473|[g:1][CONSENSUS][PBFT]checkTimeout Succ,view=5723,toView=5724,nodeIdx=2,changeCycle=0,myNode=b5a2d0a7...,timecost=0.899
info|2019-12-11 06:23:37.810139|[g:1][CONSENSUS][PBFT]checkAndChangeView: Reach consensus,org_view=5723,org_changeCycle=0,cur_changeCycle=0,to_view=5724
info|2019-12-11 06:23:38.815792|[g:1][CONSENSUS]addRawPrepare,height=1,reqIdx=0,hash=96dc2c90...
info|2019-12-11 06:23:38.819643|[g:1][CONSENSUS][PBFT]checkTimeout Succ,view=5724,toView=5725,nodeIdx=2,changeCycle=0,myNode=b5a2d0a7...,timecost=3.316
info|2019-12-11 06:23:38.822753|[g:1][CONSENSUS][PBFT]checkAndChangeView: Reach consensus,org_view=5724,org_changeCycle=0,cur_changeCycle=0,to_view=5725
info|2019-12-11 06:23:39.822779|[g:1][CONSENSUS]addRawPrepare,height=1,reqIdx=1,hash=805e6a1a...
info|2019-12-11 06:23:39.824842|[g:1][CONSENSUS][PBFT]checkTimeout Succ,view=5725,toView=5726,nodeIdx=2,changeCycle=0,myNode=b5a2d0a7...,timecost=1.83
info|2019-12-11 06:23:39.827362|[g:1][CONSENSUS][PBFT]checkAndChangeView: Reach consensus,org_view=5725,org_changeCycle=0,cur_changeCycle=0,to_view=5726
info|2019-12-11 06:23:40.828218|[g:1][CONSENSUS][SEALER]++++++++++++++++ Generating seal on,blkNum=1,tx=0,nodeIdx=2,hash=a1ed1471...
info|2019-12-11 06:23:40.829671|[g:1][CONSENSUS][PBFT]checkTimeout Succ,view=5726,toView=5727,nodeIdx=2,changeCycle=0,myNode=b5a2d0a7...,timecost=0.927
info|2019-12-11 06:23:40.835852|[g:1][CONSENSUS][PBFT]checkAndChangeView: Reach consensus,org_view=5726,org_changeCycle=0,cur_changeCycle=0,to_view=5727
info|2019-12-11 06:23:41.837656|[g:1][CONSENSUS]addRawPrepare,height=1,reqIdx=3,hash=d977ec80...
info|2019-12-11 06:23:41.839986|[g:1][CONSENSUS][PBFT]checkTimeout Succ,view=5727,toView=5728,nodeIdx=2,changeCycle=0,myNode=b5a2d0a7...,timecost=2.104
info|2019-12-11 06:23:41.844394|[g:1][CONSENSUS][PBFT]checkAndChangeView: Reach consensus,org_view=5727,org_changeCycle=0,cur_changeCycle=0,to_view=5728
info|2019-12-11 06:23:42.845858|[g:1][CONSENSUS]addRawPrepare,height=1,reqIdx=0,hash=3a9e186c...
info|2019-12-11 06:23:42.847114|[g:1][CONSENSUS][PBFT]checkTimeout Succ,view=5728,toView=5729,nodeIdx=2,changeCycle=0,myNode=b5a2d0a7...,timecost=0.938
info|2019-12-11 06:23:42.849590|[g:1][CONSENSUS][PBFT]checkAndChangeView: Reach consensus,org_view=5728,org_changeCycle=0,cur_changeCycle=0,to_view=5729
info|2019-12-11 06:23:43.047273|[P2P][Service] heartBeat,connected count=3
