warning|2019-12-12 03:03:32.017257|[g:1][CONSENSUS][PBFT]ViewChangeWarning: not caused by omit empty block ,v=2099,toV=2100,curNum=11,hash=9b39b6b9...,nodeIdx=2,myNode=b5a2d0a7...
info|2019-12-12 03:03:32.020090|[P2P][Service] heartBeat,connected count=3
info|2019-12-12 03:03:32.024883|[g:1][CONSENSUS][PBFT]checkTimeout Succ,view=2099,toView=2100,nodeIdx=2,changeCycle=1,myNode=b5a2d0a7...,timecost=12.937
info|2019-12-12 03:03:32.026203|[g:1][CONSENSUS][PBFT]checkAndChangeView: Reach consensus,org_view=2099,org_changeCycle=1,cur_changeCycle=1,to_view=2100
info|2019-12-12 03:03:33.028305|[g:1][CONSENSUS]addRawPrepare,height=12,reqIdx=3,hash=5c52a366...
info|2019-12-12 03:03:33.029538|[g:1][CONSENSUS][PBFT]checkTimeout Succ,view=2100,toView=2101,nodeIdx=2,changeCycle=0,myNode=b5a2d0a7...,timecost=0.891
info|2019-12-12 03:03:33.033071|[g:1][CONSENSUS][PBFT]checkAndChangeView: Reach consensus,org_view=2100,org_changeCycle=0,cur_changeCycle=0,to_view=2101
info|2019-12-12 03:03:34.033088|[g:1][CONSENSUS]addRawPrepare,height=12,reqIdx=0,hash=aeb7fdb2...
info|2019-12-12 03:03:34.033857|[g:1][CONSENSUS][PBFT]checkTimeout Succ,view=2101,toView=2102,nodeIdx=2,changeCycle=0,myNode=b5a2d0a7...,timecost=0.626
info|2019-12-12 03:03:34.036162|[g:1][CONSENSUS][PBFT]checkAndChangeView: Reach consensus,org_view=2101,org_changeCycle=0,cur_changeCycle=0,to_view=2102
info|2019-12-12 03:03:35.038748|[g:1][CONSENSUS]addRawPrepare,height=12,reqIdx=1,hash=99010925...
info|2019-12-12 03:03:35.039627|[g:1][CONSENSUS][PBFT]checkTimeout Succ,view=2102,toView=2103,nodeIdx=2,changeCycle=0,myNode=b5a2d0a7...,timecost=0.654
info|2019-12-12 03:03:35.042008|[g:1][CONSENSUS][PBFT]checkAndChangeView: Reach consensus,org_view=2102,org_changeCycle=0,cur_changeCycle=0,to_view=2103
info|2019-12-12 03:03:36.043366|[g:1][CONSENSUS][SEALER]++++++++++++++++ Generating seal on,blkNum=12,tx=0,nodeIdx=2,hash=6cab7cba...
info|2019-12-12 03:03:36.044487|[g:1][CONSENSUS][PBFT]checkTimeout Succ,view=2103,toView=2104,nodeIdx=2,changeCycle=0,myNode=b5a2d0a7...,timecost=0.662
info|2019-12-12 03:03:36.047736|[g:1][CONSENSUS][PBFT]checkAndChangeView: Reach consensus,org_view=2103,org_changeCycle=0,cur_changeCycle=0,to_view=2104
info|2019-12-12 03:03:37.051733|[g:1][CONSENSUS]addRawPrepare,height=12,reqIdx=3,hash=bc69e5af...
info|2019-12-12 03:03:37.054484|[g:1][CONSENSUS][PBFT]checkTimeout Succ,view=2104,toView=2105,nodeIdx=2,changeCycle=0,myNode=b5a2d0a7...,timecost=2.519
info|2019-12-12 03:03:37.058662|[g:1][CONSENSUS][PBFT]checkAndChangeView: Reach consensus,org_view=2104,org_changeCycle=0,cur_changeCycle=0,to_view=2105
info|2019-12-12 03:03:38.062420|[g:1][CONSENSUS]addRawPrepare,height=12,reqIdx=0,hash=63c80175...
info|2019-12-12 03:03:38.063542|[g:1][CONSENSUS][PBFT]checkTimeout Succ,view=2105,toView=2106,nodeIdx=2,changeCycle=0,myNode=b5a2d0a7...,timecost=0.87
info|2019-12-12 03:03:38.066651|[g:1][CONSENSUS][PBFT]checkAndChangeView: Reach consensus,org_view=2105,org_changeCycle=0,cur_changeCycle=0,to_view=2106
info|2019-12-12 03:03:39.069706|[g:1][CONSENSUS]addRawPrepare,height=12,reqIdx=1,hash=c177bf83...
info|2019-12-12 03:03:39.070700|[g:1][CONSENSUS][PBFT]checkTimeout Succ,view=2106,toView=2107,nodeIdx=2,changeCycle=0,myNode=b5a2d0a7...,timecost=0.731
info|2019-12-12 03:03:39.074554|[g:1][CONSENSUS][PBFT]checkAndChangeView: Reach consensus,org_view=2106,org_changeCycle=0,cur_changeCycle=0,to_view=2107
info|2019-12-12 03:03:40.074973|[g:1][CONSENSUS][SEALER]++++++++++++++++ Generating seal on,blkNum=12,tx=0,nodeIdx=2,hash=098e3c08...
info|2019-12-12 03:03:40.076374|[g:1][CONSENSUS][PBFT]checkTimeout Succ,view=2107,toView=2108,nodeIdx=2,changeCycle=0,myNode=b5a2d0a7...,timecost=0.873
info|2019-12-12 03:03:40.082012|[g:1][CONSENSUS][PBFT]checkAndChangeView: Reach consensus,org_view=2107,org_changeCycle=0,cur_changeCycle=0,to_view=2108
info|2019-12-12 03:03:41.084622|[g:1][CONSENSUS]addRawPrepare,height=12,reqIdx=3,hash=e544fda3...
info|2019-12-12 03:03:41.086040|[g:1][CONSENSUS][PBFT]checkTimeout Succ,view=2108,toView=2109,nodeIdx=2,changeCycle=0,myNode=b5a2d0a7...,timecost=1.038
info|2019-12-12 03:03:41.087712|[g:1][CONSENSUS][PBFT]checkAndChangeView: Reach consensus,org_view=2108,org_changeCycle=0,cur_changeCycle=0,to_view=2109
info|2019-12-12 03:03:42.020238|[P2P][Service] heartBeat,connected count=3
info|2019-12-12 03:03:42.089209|[g:1][CONSENSUS]addRawPrepare,height=12,reqIdx=0,hash=f6fc2856...
info|2019-12-12 03:03:42.090550|[g:1][CONSENSUS][PBFT]checkTimeout Succ,view=2109,toView=2110,nodeIdx=2,changeCycle=0,myNode=b5a2d0a7...,timecost=1.146
info|2019-12-12 03:03:42.096000|[g:1][CONSENSUS][PBFT]checkAndChangeView: Reach consensus,org_view=2109,org_changeCycle=0,cur_changeCycle=0,to_view=2110
info|2019-12-12 03:03:43.104012|[g:1][CONSENSUS]addRawPrepare,height=12,reqIdx=1,hash=cb9dd4cf...
info|2019-12-12 03:03:43.104553|[g:1][CONSENSUS][PBFT]checkTimeout Succ,view=2110,toView=2111,nodeIdx=2,changeCycle=0,myNode=b5a2d0a7...,timecost=0.393
info|2019-12-12 03:03:43.117933|[g:1][CONSENSUS][PBFT]checkAndChangeView: Reach consensus,org_view=2110,org_changeCycle=0,cur_changeCycle=0,to_view=2111
info|2019-12-12 03:03:44.119556|[g:1][CONSENSUS][SEALER]++++++++++++++++ Generating seal on,blkNum=12,tx=0,nodeIdx=2,hash=18c4cb60...
info|2019-12-12 03:03:44.123097|[g:1][CONSENSUS][PBFT]checkTimeout Succ,view=2111,toView=2112,nodeIdx=2,changeCycle=0,myNode=b5a2d0a7...,timecost=0.838
info|2019-12-12 03:03:44.128288|[g:1][CONSENSUS][PBFT]checkAndChangeView: Reach consensus,org_view=2111,org_changeCycle=0,cur_changeCycle=0,to_view=2112
info|2019-12-12 03:03:45.133398|[g:1][CONSENSUS]addRawPrepare,height=12,reqIdx=3,hash=fbac2270...
info|2019-12-12 03:03:45.134415|[g:1][CONSENSUS][PBFT]checkTimeout Succ,view=2112,toView=2113,nodeIdx=2,changeCycle=0,myNode=b5a2d0a7...,timecost=0.784
info|2019-12-12 03:03:45.137004|[g:1][CONSENSUS][PBFT]checkAndChangeView: Reach consensus,org_view=2112,org_changeCycle=0,cur_changeCycle=0,to_view=2113
info|2019-12-12 03:03:46.143250|[g:1][CONSENSUS]addRawPrepare,height=12,reqIdx=0,hash=8c5c5846...
info|2019-12-12 03:03:46.144536|[g:1][CONSENSUS][PBFT]checkTimeout Succ,view=2113,toView=2114,nodeIdx=2,changeCycle=0,myNode=b5a2d0a7...,timecost=1.077
info|2019-12-12 03:03:46.148270|[g:1][CONSENSUS][PBFT]checkAndChangeView: Reach consensus,org_view=2113,org_changeCycle=0,cur_changeCycle=0,to_view=2114
info|2019-12-12 03:03:47.150740|[g:1][CONSENSUS]addRawPrepare,height=12,reqIdx=1,hash=98c29207...
info|2019-12-12 03:03:47.151947|[g:1][CONSENSUS][PBFT]checkTimeout Succ,view=2114,toView=2115,nodeIdx=2,changeCycle=0,myNode=b5a2d0a7...,timecost=0.993
info|2019-12-12 03:03:47.156438|[g:1][CONSENSUS][PBFT]checkAndChangeView: Reach consensus,org_view=2114,org_changeCycle=0,cur_changeCycle=0,to_view=2115
info|2019-12-12 03:03:48.157167|[g:1][CONSENSUS][SEALER]++++++++++++++++ Generating seal on,blkNum=12,tx=0,nodeIdx=2,hash=73de91ba...
info|2019-12-12 03:03:48.158553|[g:1][CONSENSUS][PBFT]checkTimeout Succ,view=2115,toView=2116,nodeIdx=2,changeCycle=0,myNode=b5a2d0a7...,timecost=0.817
info|2019-12-12 03:03:48.165070|[g:1][CONSENSUS][PBFT]checkAndChangeView: Reach consensus,org_view=2115,org_changeCycle=0,cur_changeCycle=0,to_view=2116
info|2019-12-12 03:03:49.165773|[g:1][CONSENSUS]addRawPrepare,height=12,reqIdx=3,hash=254f4cf6...
info|2019-12-12 03:03:49.168069|[g:1][CONSENSUS][PBFT]checkTimeout Succ,view=2116,toView=2117,nodeIdx=2,changeCycle=0,myNode=b5a2d0a7...,timecost=1.955
info|2019-12-12 03:03:49.170546|[g:1][CONSENSUS][PBFT]checkAndChangeView: Reach consensus,org_view=2116,org_changeCycle=0,cur_changeCycle=0,to_view=2117
info|2019-12-12 03:03:50.174549|[g:1][CONSENSUS]addRawPrepare,height=12,reqIdx=0,hash=74909d2e...
info|2019-12-12 03:03:50.175596|[g:1][CONSENSUS][PBFT]checkTimeout Succ,view=2117,toView=2118,nodeIdx=2,changeCycle=0,myNode=b5a2d0a7...,timecost=0.816
info|2019-12-12 03:03:50.179828|[g:1][CONSENSUS][PBFT]checkAndChangeView: Reach consensus,org_view=2117,org_changeCycle=0,cur_changeCycle=0,to_view=2118
info|2019-12-12 03:03:51.182639|[g:1][CONSENSUS]addRawPrepare,height=12,reqIdx=1,hash=10167b46...
info|2019-12-12 03:03:51.183592|[g:1][CONSENSUS][PBFT]checkTimeout Succ,view=2118,toView=2119,nodeIdx=2,changeCycle=0,myNode=b5a2d0a7...,timecost=0.708
info|2019-12-12 03:03:51.187851|[g:1][CONSENSUS][PBFT]checkAndChangeView: Reach consensus,org_view=2118,org_changeCycle=0,cur_changeCycle=0,to_view=2119
info|2019-12-12 03:03:52.022463|[P2P][Service] heartBeat,connected count=3
info|2019-12-12 03:03:52.188092|[g:1][CONSENSUS][SEALER]++++++++++++++++ Generating seal on,blkNum=12,tx=0,nodeIdx=2,hash=dc3087db...
info|2019-12-12 03:03:52.193336|[g:1][CONSENSUS][PBFT]checkTimeout Succ,view=2119,toView=2120,nodeIdx=2,changeCycle=0,myNode=b5a2d0a7...,timecost=0.742
info|2019-12-12 03:03:52.196122|[g:1][CONSENSUS][PBFT]checkAndChangeView: Reach consensus,org_view=2119,org_changeCycle=0,cur_changeCycle=0,to_view=2120
info|2019-12-12 03:03:53.198725|[g:1][CONSENSUS]addRawPrepare,height=12,reqIdx=3,hash=643d7362...
info|2019-12-12 03:03:53.199703|[g:1][CONSENSUS][PBFT]checkTimeout Succ,view=2120,toView=2121,nodeIdx=2,changeCycle=0,myNode=b5a2d0a7...,timecost=0.731
info|2019-12-12 03:03:53.204258|[g:1][CONSENSUS][PBFT]checkAndChangeView: Reach consensus,org_view=2120,org_changeCycle=0,cur_changeCycle=0,to_view=2121
info|2019-12-12 03:03:54.207080|[g:1][CONSENSUS]addRawPrepare,height=12,reqIdx=0,hash=335e2b81...
info|2019-12-12 03:03:54.208386|[g:1][CONSENSUS][PBFT]checkTimeout Succ,view=2121,toView=2122,nodeIdx=2,changeCycle=0,myNode=b5a2d0a7...,timecost=0.982
info|2019-12-12 03:03:54.211824|[g:1][CONSENSUS][PBFT]checkAndChangeView: Reach consensus,org_view=2121,org_changeCycle=0,cur_changeCycle=0,to_view=2122
info|2019-12-12 03:03:55.215865|[g:1][CONSENSUS]addRawPrepare,height=12,reqIdx=1,hash=a0470c5b...
info|2019-12-12 03:03:55.216961|[g:1][CONSENSUS][PBFT]checkTimeout Succ,view=2122,toView=2123,nodeIdx=2,changeCycle=0,myNode=b5a2d0a7...,timecost=0.866
info|2019-12-12 03:03:55.222125|[g:1][CONSENSUS][PBFT]checkAndChangeView: Reach consensus,org_view=2122,org_changeCycle=0,cur_changeCycle=0,to_view=2123
info|2019-12-12 03:03:56.222430|[g:1][CONSENSUS][SEALER]++++++++++++++++ Generating seal on,blkNum=12,tx=0,nodeIdx=2,hash=9efb2207...
info|2019-12-12 03:03:56.228629|[g:1][CONSENSUS][PBFT]checkTimeout Succ,view=2123,toView=2124,nodeIdx=2,changeCycle=0,myNode=b5a2d0a7...,timecost=1.014
info|2019-12-12 03:03:56.230114|[g:1][CONSENSUS][PBFT]checkAndChangeView: Reach consensus,org_view=2123,org_changeCycle=0,cur_changeCycle=0,to_view=2124
info|2019-12-12 03:03:57.233048|[g:1][CONSENSUS]addRawPrepare,height=12,reqIdx=3,hash=6abbf714...
info|2019-12-12 03:03:57.234740|[g:1][CONSENSUS][PBFT]checkTimeout Succ,view=2124,toView=2125,nodeIdx=2,changeCycle=0,myNode=b5a2d0a7...,timecost=1.48
info|2019-12-12 03:03:57.239146|[g:1][CONSENSUS][PBFT]checkAndChangeView: Reach consensus,org_view=2124,org_changeCycle=0,cur_changeCycle=0,to_view=2125
info|2019-12-12 03:03:58.244724|[g:1][CONSENSUS]addRawPrepare,height=12,reqIdx=0,hash=165bf918...
info|2019-12-12 03:03:58.246274|[g:1][CONSENSUS][PBFT]checkTimeout Succ,view=2125,toView=2126,nodeIdx=2,changeCycle=0,myNode=b5a2d0a7...,timecost=1.304
info|2019-12-12 03:03:58.248833|[g:1][CONSENSUS][PBFT]checkAndChangeView: Reach consensus,org_view=2125,org_changeCycle=0,cur_changeCycle=0,to_view=2126
info|2019-12-12 03:03:59.253416|[g:1][CONSENSUS]addRawPrepare,height=12,reqIdx=1,hash=1e9a3ab6...
info|2019-12-12 03:03:59.254470|[g:1][CONSENSUS][PBFT]checkTimeout Succ,view=2126,toView=2127,nodeIdx=2,changeCycle=0,myNode=b5a2d0a7...,timecost=0.809
info|2019-12-12 03:03:59.259659|[g:1][CONSENSUS][PBFT]checkAndChangeView: Reach consensus,org_view=2126,org_changeCycle=0,cur_changeCycle=0,to_view=2127
info|2019-12-12 03:04:00.259815|[g:1][CONSENSUS][SEALER]++++++++++++++++ Generating seal on,blkNum=12,tx=0,nodeIdx=2,hash=74721553...
info|2019-12-12 03:04:00.265244|[g:1][CONSENSUS][PBFT]checkTimeout Succ,view=2127,toView=2128,nodeIdx=2,changeCycle=0,myNode=b5a2d0a7...,timecost=1.253
info|2019-12-12 03:04:00.267942|[g:1][CONSENSUS][PBFT]checkAndChangeView: Reach consensus,org_view=2127,org_changeCycle=0,cur_changeCycle=0,to_view=2128
info|2019-12-12 03:04:01.271400|[g:1][CONSENSUS]addRawPrepare,height=12,reqIdx=3,hash=fb443156...
info|2019-12-12 03:04:01.273694|[g:1][CONSENSUS][PBFT]checkTimeout Succ,view=2128,toView=2129,nodeIdx=2,changeCycle=0,myNode=b5a2d0a7...,timecost=1.818
info|2019-12-12 03:04:01.276980|[g:1][CONSENSUS][PBFT]checkAndChangeView: Reach consensus,org_view=2128,org_changeCycle=0,cur_changeCycle=0,to_view=2129
info|2019-12-12 03:04:02.026661|[P2P][Service] heartBeat,connected count=3
info|2019-12-12 03:04:02.279434|[g:1][CONSENSUS]addRawPrepare,height=12,reqIdx=0,hash=e8ddf304...
info|2019-12-12 03:04:02.282989|[g:1][CONSENSUS][PBFT]checkTimeout Succ,view=2129,toView=2130,nodeIdx=2,changeCycle=0,myNode=b5a2d0a7...,timecost=3.37
info|2019-12-12 03:04:02.286590|[g:1][CONSENSUS][PBFT]checkAndChangeView: Reach consensus,org_view=2129,org_changeCycle=0,cur_changeCycle=0,to_view=2130
info|2019-12-12 03:04:03.287945|[g:1][CONSENSUS]addRawPrepare,height=12,reqIdx=1,hash=761d5acf...
info|2019-12-12 03:04:03.289070|[g:1][CONSENSUS][PBFT]checkTimeout Succ,view=2130,toView=2131,nodeIdx=2,changeCycle=0,myNode=b5a2d0a7...,timecost=0.944
info|2019-12-12 03:04:03.294256|[g:1][CONSENSUS][PBFT]checkAndChangeView: Reach consensus,org_view=2130,org_changeCycle=0,cur_changeCycle=0,to_view=2131
info|2019-12-12 03:04:04.294949|[g:1][CONSENSUS][SEALER]++++++++++++++++ Generating seal on,blkNum=12,tx=0,nodeIdx=2,hash=6a637133...
info|2019-12-12 03:04:04.300114|[g:1][CONSENSUS][PBFT]checkTimeout Succ,view=2131,toView=2132,nodeIdx=2,changeCycle=0,myNode=b5a2d0a7...,timecost=0.744
info|2019-12-12 03:04:04.302713|[g:1][CONSENSUS][PBFT]checkAndChangeView: Reach consensus,org_view=2131,org_changeCycle=0,cur_changeCycle=0,to_view=2132
info|2019-12-12 03:04:05.302348|[g:1][CONSENSUS]addRawPrepare,height=12,reqIdx=3,hash=af2ce4eb...
info|2019-12-12 03:04:05.303017|[g:1][CONSENSUS][PBFT]checkTimeout Succ,view=2132,toView=2133,nodeIdx=2,changeCycle=0,myNode=b5a2d0a7...,timecost=0.542
info|2019-12-12 03:04:05.304559|[g:1][CONSENSUS][PBFT]checkAndChangeView: Reach consensus,org_view=2132,org_changeCycle=0,cur_changeCycle=0,to_view=2133
info|2019-12-12 03:04:06.306149|[g:1][CONSENSUS]addRawPrepare,height=12,reqIdx=0,hash=ef7d6374...
info|2019-12-12 03:04:06.307122|[g:1][CONSENSUS][PBFT]checkTimeout Succ,view=2133,toView=2134,nodeIdx=2,changeCycle=0,myNode=b5a2d0a7...,timecost=0.648
info|2019-12-12 03:04:06.309340|[g:1][CONSENSUS][PBFT]checkAndChangeView: Reach consensus,org_view=2133,org_changeCycle=0,cur_changeCycle=0,to_view=2134
info|2019-12-12 03:04:07.312150|[g:1][CONSENSUS]addRawPrepare,height=12,reqIdx=1,hash=78f482ef...
info|2019-12-12 03:04:07.314934|[g:1][CONSENSUS][PBFT]checkTimeout Succ,view=2134,toView=2135,nodeIdx=2,changeCycle=0,myNode=b5a2d0a7...,timecost=2.602
info|2019-12-12 03:04:07.316617|[g:1][CONSENSUS][PBFT]checkAndChangeView: Reach consensus,org_view=2134,org_changeCycle=0,cur_changeCycle=0,to_view=2135
info|2019-12-12 03:04:08.317233|[g:1][CONSENSUS][SEALER]++++++++++++++++ Generating seal on,blkNum=12,tx=0,nodeIdx=2,hash=3a72d5dd...
info|2019-12-12 03:04:08.321460|[g:1][CONSENSUS][PBFT]checkTimeout Succ,view=2135,toView=2136,nodeIdx=2,changeCycle=0,myNode=b5a2d0a7...,timecost=0.829
info|2019-12-12 03:04:08.322975|[g:1][CONSENSUS][PBFT]checkAndChangeView: Reach consensus,org_view=2135,org_changeCycle=0,cur_changeCycle=0,to_view=2136
info|2019-12-12 03:04:09.324138|[g:1][CONSENSUS]addRawPrepare,height=12,reqIdx=3,hash=9f5003fd...
info|2019-12-12 03:04:09.324784|[g:1][CONSENSUS][PBFT]checkTimeout Succ,view=2136,toView=2137,nodeIdx=2,changeCycle=0,myNode=b5a2d0a7...,timecost=0.477
info|2019-12-12 03:04:09.326876|[g:1][CONSENSUS][PBFT]checkAndChangeView: Reach consensus,org_view=2136,org_changeCycle=0,cur_changeCycle=0,to_view=2137
info|2019-12-12 03:04:10.330062|[g:1][CONSENSUS]addRawPrepare,height=12,reqIdx=0,hash=f0b3d0e0...
info|2019-12-12 03:04:10.330994|[g:1][CONSENSUS][PBFT]checkTimeout Succ,view=2137,toView=2138,nodeIdx=2,changeCycle=0,myNode=b5a2d0a7...,timecost=0.684
info|2019-12-12 03:04:10.335488|[g:1][CONSENSUS][PBFT]checkAndChangeView: Reach consensus,org_view=2137,org_changeCycle=0,cur_changeCycle=0,to_view=2138
info|2019-12-12 03:04:11.338008|[g:1][CONSENSUS]addRawPrepare,height=12,reqIdx=1,hash=f974e099...
info|2019-12-12 03:04:11.339020|[g:1][CONSENSUS][PBFT]checkTimeout Succ,view=2138,toView=2139,nodeIdx=2,changeCycle=0,myNode=b5a2d0a7...,timecost=0.729
info|2019-12-12 03:04:11.345349|[g:1][CONSENSUS][PBFT]checkAndChangeView: Reach consensus,org_view=2138,org_changeCycle=0,cur_changeCycle=0,to_view=2139
info|2019-12-12 03:04:12.031329|[P2P][Service] heartBeat,connected count=3
info|2019-12-12 03:04:12.345642|[g:1][CONSENSUS][SEALER]++++++++++++++++ Generating seal on,blkNum=12,tx=0,nodeIdx=2,hash=4489755d...
info|2019-12-12 03:04:12.352195|[g:1][CONSENSUS][PBFT]checkTimeout Succ,view=2139,toView=2140,nodeIdx=2,changeCycle=0,myNode=b5a2d0a7...,timecost=0.887
info|2019-12-12 03:04:12.354504|[g:1][CONSENSUS][PBFT]checkAndChangeView: Reach consensus,org_view=2139,org_changeCycle=0,cur_changeCycle=0,to_view=2140
info|2019-12-12 03:04:13.358463|[g:1][CONSENSUS]addRawPrepare,height=12,reqIdx=3,hash=3ef870e1...
info|2019-12-12 03:04:13.359517|[g:1][CONSENSUS][PBFT]checkTimeout Succ,view=2140,toView=2141,nodeIdx=2,changeCycle=0,myNode=b5a2d0a7...,timecost=0.833
info|2019-12-12 03:04:13.365845|[g:1][CONSENSUS][PBFT]checkAndChangeView: Reach consensus,org_view=2140,org_changeCycle=0,cur_changeCycle=0,to_view=2141
info|2019-12-12 03:04:14.365833|[g:1][CONSENSUS]addRawPrepare,height=12,reqIdx=0,hash=00ca1bfa...
info|2019-12-12 03:04:14.368075|[g:1][CONSENSUS][PBFT]checkTimeout Succ,view=2141,toView=2142,nodeIdx=2,changeCycle=0,myNode=b5a2d0a7...,timecost=1.898
info|2019-12-12 03:04:14.370855|[g:1][CONSENSUS][PBFT]checkAndChangeView: Reach consensus,org_view=2141,org_changeCycle=0,cur_changeCycle=0,to_view=2142
info|2019-12-12 03:04:15.373149|[g:1][CONSENSUS]addRawPrepare,height=12,reqIdx=1,hash=eda0cf76...
info|2019-12-12 03:04:15.374152|[g:1][CONSENSUS][PBFT]checkTimeout Succ,view=2142,toView=2143,nodeIdx=2,changeCycle=0,myNode=b5a2d0a7...,timecost=0.79
info|2019-12-12 03:04:15.379123|[g:1][CONSENSUS][PBFT]checkAndChangeView: Reach consensus,org_view=2142,org_changeCycle=0,cur_changeCycle=0,to_view=2143
info|2019-12-12 03:04:16.379410|[g:1][CONSENSUS][SEALER]++++++++++++++++ Generating seal on,blkNum=12,tx=0,nodeIdx=2,hash=f5dd5305...
info|2019-12-12 03:04:16.380825|[g:1][CONSENSUS][PBFT]checkTimeout Succ,view=2143,toView=2144,nodeIdx=2,changeCycle=0,myNode=b5a2d0a7...,timecost=0.832
info|2019-12-12 03:04:16.386251|[g:1][CONSENSUS][PBFT]checkAndChangeView: Reach consensus,org_view=2143,org_changeCycle=0,cur_changeCycle=0,to_view=2144
info|2019-12-12 03:04:17.389612|[g:1][CONSENSUS]addRawPrepare,height=12,reqIdx=3,hash=7c8d734d...
info|2019-12-12 03:04:17.393239|[g:1][CONSENSUS][PBFT]checkTimeout Succ,view=2144,toView=2145,nodeIdx=2,changeCycle=0,myNode=b5a2d0a7...,timecost=3.458
info|2019-12-12 03:04:17.397600|[g:1][CONSENSUS][PBFT]checkAndChangeView: Reach consensus,org_view=2144,org_changeCycle=0,cur_changeCycle=0,to_view=2145
info|2019-12-12 03:04:18.399333|[g:1][CONSENSUS]addRawPrepare,height=12,reqIdx=0,hash=065d0c73...
info|2019-12-12 03:04:18.400422|[g:1][CONSENSUS][PBFT]checkTimeout Succ,view=2145,toView=2146,nodeIdx=2,changeCycle=0,myNode=b5a2d0a7...,timecost=0.858
info|2019-12-12 03:04:18.403620|[g:1][CONSENSUS][PBFT]checkAndChangeView: Reach consensus,org_view=2145,org_changeCycle=0,cur_changeCycle=0,to_view=2146
info|2019-12-12 03:04:19.406662|[g:1][CONSENSUS]addRawPrepare,height=12,reqIdx=1,hash=273f7959...
info|2019-12-12 03:04:19.409892|[g:1][CONSENSUS][PBFT]checkTimeout Succ,view=2146,toView=2147,nodeIdx=2,changeCycle=0,myNode=b5a2d0a7...,timecost=2.986
info|2019-12-12 03:04:19.412786|[g:1][CONSENSUS][PBFT]checkAndChangeView: Reach consensus,org_view=2146,org_changeCycle=0,cur_changeCycle=0,to_view=2147
info|2019-12-12 03:04:20.412544|[g:1][CONSENSUS][SEALER]++++++++++++++++ Generating seal on,blkNum=12,tx=0,nodeIdx=2,hash=a9a299c3...
info|2019-12-12 03:04:20.413930|[g:1][CONSENSUS][PBFT]checkTimeout Succ,view=2147,toView=2148,nodeIdx=2,changeCycle=0,myNode=b5a2d0a7...,timecost=0.812
info|2019-12-12 03:04:20.420974|[g:1][CONSENSUS][PBFT]checkAndChangeView: Reach consensus,org_view=2147,org_changeCycle=0,cur_changeCycle=0,to_view=2148
info|2019-12-12 03:04:21.421060|[g:1][CONSENSUS]addRawPrepare,height=12,reqIdx=3,hash=30cc588c...
info|2019-12-12 03:04:21.422238|[g:1][CONSENSUS][PBFT]checkTimeout Succ,view=2148,toView=2149,nodeIdx=2,changeCycle=0,myNode=b5a2d0a7...,timecost=1.16
info|2019-12-12 03:04:21.427200|[g:1][CONSENSUS][PBFT]checkAndChangeView: Reach consensus,org_view=2148,org_changeCycle=0,cur_changeCycle=0,to_view=2149
info|2019-12-12 03:04:22.035891|[P2P][Service] heartBeat,connected count=3
info|2019-12-12 03:04:22.428233|[g:1][CONSENSUS]addRawPrepare,height=12,reqIdx=0,hash=47076da6...
info|2019-12-12 03:04:22.430849|[g:1][CONSENSUS][PBFT]checkTimeout Succ,view=2149,toView=2150,nodeIdx=2,changeCycle=0,myNode=b5a2d0a7...,timecost=2.335
info|2019-12-12 03:04:22.434175|[g:1][CONSENSUS][PBFT]checkAndChangeView: Reach consensus,org_view=2149,org_changeCycle=0,cur_changeCycle=0,to_view=2150
info|2019-12-12 03:04:23.435430|[g:1][CONSENSUS]addRawPrepare,height=12,reqIdx=1,hash=f4a5a554...
info|2019-12-12 03:04:23.438216|[g:1][CONSENSUS][PBFT]checkTimeout Succ,view=2150,toView=2151,nodeIdx=2,changeCycle=0,myNode=b5a2d0a7...,timecost=2.505
info|2019-12-12 03:04:23.442228|[g:1][CONSENSUS][PBFT]checkAndChangeView: Reach consensus,org_view=2150,org_changeCycle=0,cur_changeCycle=0,to_view=2151
info|2019-12-12 03:04:24.442578|[g:1][CONSENSUS][SEALER]++++++++++++++++ Generating seal on,blkNum=12,tx=0,nodeIdx=2,hash=4413e45b...
info|2019-12-12 03:04:24.443989|[g:1][CONSENSUS][PBFT]checkTimeout Succ,view=2151,toView=2152,nodeIdx=2,changeCycle=0,myNode=b5a2d0a7...,timecost=0.836
info|2019-12-12 03:04:24.450501|[g:1][CONSENSUS][PBFT]checkAndChangeView: Reach consensus,org_view=2151,org_changeCycle=0,cur_changeCycle=0,to_view=2152
info|2019-12-12 03:04:25.452699|[g:1][CONSENSUS]addRawPrepare,height=12,reqIdx=3,hash=fef5dfea...
info|2019-12-12 03:04:25.454479|[g:1][CONSENSUS][PBFT]checkTimeout Succ,view=2152,toView=2153,nodeIdx=2,changeCycle=0,myNode=b5a2d0a7...,timecost=1.577
info|2019-12-12 03:04:25.457003|[g:1][CONSENSUS][PBFT]checkAndChangeView: Reach consensus,org_view=2152,org_changeCycle=0,cur_changeCycle=0,to_view=2153
info|2019-12-12 03:04:26.460725|[g:1][CONSENSUS]addRawPrepare,height=12,reqIdx=0,hash=8ba0d618...
info|2019-12-12 03:04:26.462230|[g:1][CONSENSUS][PBFT]checkTimeout Succ,view=2153,toView=2154,nodeIdx=2,changeCycle=0,myNode=b5a2d0a7...,timecost=0.871
info|2019-12-12 03:04:26.464841|[g:1][CONSENSUS][PBFT]checkAndChangeView: Reach consensus,org_view=2153,org_changeCycle=0,cur_changeCycle=0,to_view=2154
info|2019-12-12 03:04:27.467424|[g:1][CONSENSUS]addRawPrepare,height=12,reqIdx=1,hash=fc1f4d3b...
info|2019-12-12 03:04:27.469808|[g:1][CONSENSUS][PBFT]checkTimeout Succ,view=2154,toView=2155,nodeIdx=2,changeCycle=0,myNode=b5a2d0a7...,timecost=2.141
info|2019-12-12 03:04:27.473165|[g:1][CONSENSUS][PBFT]checkAndChangeView: Reach consensus,org_view=2154,org_changeCycle=0,cur_changeCycle=0,to_view=2155
info|2019-12-12 03:04:28.473342|[g:1][CONSENSUS][SEALER]++++++++++++++++ Generating seal on,blkNum=12,tx=0,nodeIdx=2,hash=9db11679...
info|2019-12-12 03:04:28.474891|[g:1][CONSENSUS][PBFT]checkTimeout Succ,view=2155,toView=2156,nodeIdx=2,changeCycle=0,myNode=b5a2d0a7...,timecost=0.971
info|2019-12-12 03:04:28.480195|[g:1][CONSENSUS][PBFT]checkAndChangeView: Reach consensus,org_view=2155,org_changeCycle=0,cur_changeCycle=0,to_view=2156
info|2019-12-12 03:04:29.484951|[g:1][CONSENSUS]addRawPrepare,height=12,reqIdx=3,hash=66744178...
info|2019-12-12 03:04:29.487515|[g:1][CONSENSUS][PBFT]checkTimeout Succ,view=2156,toView=2157,nodeIdx=2,changeCycle=0,myNode=b5a2d0a7...,timecost=2.266
info|2019-12-12 03:04:29.491682|[g:1][CONSENSUS][PBFT]checkAndChangeView: Reach consensus,org_view=2156,org_changeCycle=0,cur_changeCycle=0,to_view=2157
info|2019-12-12 03:04:30.492989|[g:1][CONSENSUS]addRawPrepare,height=12,reqIdx=0,hash=17d6c03d...
info|2019-12-12 03:04:30.494213|[g:1][CONSENSUS][PBFT]checkTimeout Succ,view=2157,toView=2158,nodeIdx=2,changeCycle=0,myNode=b5a2d0a7...,timecost=0.823
info|2019-12-12 03:04:30.498127|[g:1][CONSENSUS][PBFT]checkAndChangeView: Reach consensus,org_view=2157,org_changeCycle=0,cur_changeCycle=0,to_view=2158
info|2019-12-12 03:04:31.500381|[g:1][CONSENSUS]addRawPrepare,height=12,reqIdx=1,hash=943fee31...
info|2019-12-12 03:04:31.501646|[g:1][CONSENSUS][PBFT]checkTimeout Succ,view=2158,toView=2159,nodeIdx=2,changeCycle=0,myNode=b5a2d0a7...,timecost=0.951
info|2019-12-12 03:04:31.504960|[g:1][CONSENSUS][PBFT]checkAndChangeView: Reach consensus,org_view=2158,org_changeCycle=0,cur_changeCycle=0,to_view=2159
info|2019-12-12 03:04:32.041716|[P2P][Service] heartBeat,connected count=3
info|2019-12-12 03:04:32.504570|[g:1][CONSENSUS][SEALER]++++++++++++++++ Generating seal on,blkNum=12,tx=0,nodeIdx=2,hash=126b8e84...
info|2019-12-12 03:04:32.506418|[g:1][CONSENSUS][PBFT]checkTimeout Succ,view=2159,toView=2160,nodeIdx=2,changeCycle=0,myNode=b5a2d0a7...,timecost=1.185
info|2019-12-12 03:04:32.512747|[g:1][CONSENSUS][PBFT]checkAndChangeView: Reach consensus,org_view=2159,org_changeCycle=0,cur_changeCycle=0,to_view=2160
info|2019-12-12 03:04:33.515143|[g:1][CONSENSUS]addRawPrepare,height=12,reqIdx=3,hash=32986512...
info|2019-12-12 03:04:33.516364|[g:1][CONSENSUS][PBFT]checkTimeout Succ,view=2160,toView=2161,nodeIdx=2,changeCycle=0,myNode=b5a2d0a7...,timecost=0.914
info|2019-12-12 03:04:33.519380|[g:1][CONSENSUS][PBFT]checkAndChangeView: Reach consensus,org_view=2160,org_changeCycle=0,cur_changeCycle=0,to_view=2161
