info|2019-12-11 00:00:00.303260|[g:1][CONSENSUS]addRawPrepare,height=1,reqIdx=3,hash=a190f794...
info|2019-12-11 00:00:00.305437|[g:1][CONSENSUS][PBFT]checkTimeout Succ,view=5447,toView=5448,nodeIdx=2,changeCycle=0,myNode=b5a2d0a7...,timecost=1.77
info|2019-12-11 00:00:00.306829|[g:1][CONSENSUS][PBFT]checkAndChangeView: Reach consensus,org_view=5447,org_changeCycle=0,cur_changeCycle=0,to_view=5448
info|2019-12-11 00:00:01.309309|[g:1][CONSENSUS]addRawPrepare,height=1,reqIdx=0,hash=ccafe7bd...
info|2019-12-11 00:00:01.311316|[g:1][CONSENSUS][PBFT]checkTimeout Succ,view=5448,toView=5449,nodeIdx=2,changeCycle=0,myNode=b5a2d0a7...,timecost=1.855
info|2019-12-11 00:00:01.313032|[g:1][CONSENSUS][PBFT]checkAndChangeView: Reach consensus,org_view=5448,org_changeCycle=0,cur_changeCycle=0,to_view=5449
info|2019-12-11 00:00:02.314706|[g:1][CONSENSUS]addRawPrepare,height=1,reqIdx=1,hash=18c9f33a...
info|2019-12-11 00:00:02.316063|[g:1][CONSENSUS][PBFT]checkTimeout Succ,view=5449,toView=5450,nodeIdx=2,changeCycle=0,myNode=b5a2d0a7...,timecost=1.039
info|2019-12-11 00:00:02.321589|[g:1][CONSENSUS][PBFT]checkAndChangeView: Reach consensus,org_view=5449,org_changeCycle=0,cur_changeCycle=0,to_view=5450
info|2019-12-11 00:00:03.322453|[g:1][CONSENSUS][SEALER]++++++++++++++++ Generating seal on,blkNum=1,tx=0,nodeIdx=2,hash=d9f89947...
info|2019-12-11 00:00:03.338533|[g:1][CONSENSUS][PBFT]checkTimeout Succ,view=5450,toView=5451,nodeIdx=2,changeCycle=0,myNode=b5a2d0a7...,timecost=0.569
info|2019-12-11 00:00:03.347146|[g:1][CONSENSUS][PBFT]checkAndChangeView: Reach consensus,org_view=5450,org_changeCycle=0,cur_changeCycle=0,to_view=5451
info|2019-12-11 00:33:33.016267|[P2P][Service] heartBeat,connected count=3
warning|2019-12-11 00:33:33.018045|[g:1][CONSENSUS][PBFT]ViewChangeWarning: not caused by omit empty block ,v=5451,toV=5452,curNum=0,hash=382ff964...,nodeIdx=2,myNode=b5a2d0a7...
info|2019-12-11 00:33:33.018278|[g:1][CONSENSUS][PBFT]checkTimeout Succ,view=5451,toView=5452,nodeIdx=2,changeCycle=1,myNode=b5a2d0a7...,timecost=0.554
info|2019-12-11 00:33:33.023912|[g:1][CONSENSUS][PBFT]checkAndChangeView: Reach consensus,org_view=5451,org_changeCycle=1,cur_changeCycle=1,to_view=5452
info|2019-12-11 00:33:34.028714|[g:1][CONSENSUS]addRawPrepare,height=1,reqIdx=0,hash=7406a131...
info|2019-12-11 00:33:34.029699|[g:1][CONSENSUS][PBFT]checkTimeout Succ,view=5452,toView=5453,nodeIdx=2,changeCycle=0,myNode=b5a2d0a7...,timecost=0.579
info|2019-12-11 00:33:34.031411|[g:1][CONSENSUS][PBFT]checkAndChangeView: Reach consensus,org_view=5452,org_changeCycle=0,cur_changeCycle=0,to_view=5453
info|2019-12-11 00:33:35.037567|[g:1][CONSENSUS]addRawPrepare,height=1,reqIdx=1,hash=426cf59c...
info|2019-12-11 00:33:35.038945|[g:1][CONSENSUS][PBFT]checkTimeout Succ,view=5453,toView=5454,nodeIdx=2,changeCycle=0,myNode=b5a2d0a7...,timecost=1.03
info|2019-12-11 00:33:35.044324|[g:1][CONSENSUS][PBFT]checkAndChangeView: Reach consensus,org_view=5453,org_changeCycle=0,cur_changeCycle=0,to_view=5454
info|2019-12-11 00:33:36.045202|[g:1][CONSENSUS][SEALER]++++++++++++++++ Generating seal on,blkNum=1,tx=0,nodeIdx=2,hash=fac69ba8...
info|2019-12-11 00:33:36.046216|[g:1][CONSENSUS][PBFT]checkTimeout Succ,view=5454,toView=5455,nodeIdx=2,changeCycle=0,myNode=b5a2d0a7...,timecost=0.453
info|2019-12-11 00:33:36.050708|[g:1][CONSENSUS][PBFT]checkAndChangeView: Reach consensus,org_view=5454,org_changeCycle=0,cur_changeCycle=0,to_view=5455
info|2019-12-11 00:33:37.051965|[g:1][CONSENSUS]addRawPrepare,height=1,reqIdx=3,hash=47ebc8bd...
info|2019-12-11 00:33:37.053317|[g:1][CONSENSUS][PBFT]checkTimeout Succ,view=5455,toView=5456,nodeIdx=2,changeCycle=0,myNode=b5a2d0a7...,timecost=1.092
info|2019-12-11 00:33:37.057766|[g:1][CONSENSUS][PBFT]checkAndChangeView: Reach consensus,org_view=5455,org_changeCycle=0,cur_changeCycle=0,to_view=5456
info|2019-12-11 00:33:38.060807|[g:1][CONSENSUS]addRawPrepare,height=1,reqIdx=0,hash=251f229c...
info|2019-12-11 00:33:38.061893|[g:1][CONSENSUS][PBFT]checkTimeout Succ,view=5456,toView=5457,nodeIdx=2,changeCycle=0,myNode=b5a2d0a7...,timecost=0.582
info|2019-12-11 00:33:38.065050|[g:1][CONSENSUS][PBFT]checkAndChangeView: Reach consensus,org_view=5456,org_changeCycle=0,cur_changeCycle=0,to_view=5457
info|2019-12-11 00:33:39.068650|[g:1][CONSENSUS]addRawPrepare,height=1,reqIdx=1,hash=1a6cc9fe...
info|2019-12-11 00:33:39.069903|[g:1][CONSENSUS][PBFT]checkTimeout Succ,view=5457,toView=5458,nodeIdx=2,changeCycle=0,myNode=b5a2d0a7...,timecost=0.998
info|2019-12-11 00:33:39.073890|[g:1][CONSENSUS][PBFT]checkAndChangeView: Reach consensus,org_view=5457,org_changeCycle=0,cur_changeCycle=0,to_view=5458
info|2019-12-11 00:33:40.074105|[g:1][CONSENSUS][SEALER]++++++++++++++++ Generating seal on,blkNum=1,tx=0,nodeIdx=2,hash=d0fb8279...
info|2019-12-11 00:33:40.074946|[g:1][CONSENSUS][PBFT]checkTimeout Succ,view=5458,toView=5459,nodeIdx=2,changeCycle=0,myNode=b5a2d0a7...,timecost=0.404
info|2019-12-11 00:33:40.078073|[g:1][CONSENSUS][PBFT]checkAndChangeView: Reach consensus,org_view=5458,org_changeCycle=0,cur_changeCycle=0,to_view=5459
info|2019-12-11 00:33:41.079432|[g:1][CONSENSUS]addRawPrepare,height=1,reqIdx=3,hash=171b3614...
info|2019-12-11 00:33:41.080494|[g:1][CONSENSUS][PBFT]checkTimeout Succ,view=5459,toView=5460,nodeIdx=2,changeCycle=0,myNode=b5a2d0a7...,timecost=0.792
info|2019-12-11 00:33:41.083150|[g:1][CONSENSUS][PBFT]checkAndChangeView: Reach consensus,org_view=5459,org_changeCycle=0,cur_changeCycle=0,to_view=5460
info|2019-12-11 00:33:42.083492|[g:1][CONSENSUS]addRawPrepare,height=1,reqIdx=0,hash=6e7132f6...
info|2019-12-11 00:33:42.083991|[g:1][CONSENSUS][PBFT]checkTimeout Succ,view=5460,toView=5461,nodeIdx=2,changeCycle=0,myNode=b5a2d0a7...,timecost=0.375
info|2019-12-11 00:33:42.087979|[g:1][CONSENSUS][PBFT]checkAndChangeView: Reach consensus,org_view=5460,org_changeCycle=0,cur_changeCycle=0,to_view=5461
info|2019-12-11 00:33:43.019530|[P2P][Service] heartBeat,connected count=3
info|2019-12-11 00:33:43.089571|[g:1][CONSENSUS]addRawPrepare,height=1,reqIdx=1,hash=9d7de0fd...
info|2019-12-11 00:33:43.090707|[g:1][CONSENSUS][PBFT]checkTimeout Succ,view=5461,toView=5462,nodeIdx=2,changeCycle=0,myNode=b5a2d0a7...,timecost=0.757
info|2019-12-11 00:33:43.096053|[g:1][CONSENSUS][PBFT]checkAndChangeView: Reach consensus,org_view=5461,org_changeCycle=0,cur_changeCycle=0,to_view=5462
info|2019-12-11 00:33:44.096752|[g:1][CONSENSUS][SEALER]++++++++++++++++ Generating seal on,blkNum=1,tx=0,nodeIdx=2,hash=232c3fde...
info|2019-12-11 00:33:44.100427|[g:1][CONSENSUS][PBFT]checkTimeout Succ,view=5462,toView=5463,nodeIdx=2,changeCycle=0,myNode=b5a2d0a7...,timecost=0.548
info|2019-12-11 00:33:44.103100|[g:1][CONSENSUS][PBFT]checkAndChangeView: Reach consensus,org_view=5462,org_changeCycle=0,cur_changeCycle=0,to_view=5463
info|2019-12-11 00:33:45.105893|[g:1][CONSENSUS]addRawPrepare,height=1,reqIdx=3,hash=9b7518fc...
info|2019-12-11 00:33:45.108262|[g:1][CONSENSUS][PBFT]checkTimeout Succ,view=5463,toView=5464,nodeIdx=2,changeCycle=0,myNode=b5a2d0a7...,timecost=2.172
info|2019-12-11 00:33:45.110093|[g:1][CONSENSUS][PBFT]checkAndChangeView: Reach consensus,org_view=5463,org_changeCycle=0,cur_changeCycle=0,to_view=5464
info|2019-12-11 00:33:46.111879|[g:1][CONSENSUS]addRawPrepare,height=1,reqIdx=0,hash=36b77061...
info|2019-12-11 00:33:46.112980|[g:1][CONSENSUS][PBFT]checkTimeout Succ,view=5464,toView=5465,nodeIdx=2,changeCycle=0,myNode=b5a2d0a7...,timecost=0.948
info|2019-12-11 00:33:46.114694|[g:1][CONSENSUS][PBFT]checkAndChangeView: Reach consensus,org_view=5464,org_changeCycle=0,cur_changeCycle=0,to_view=5465
info|2019-12-11 00:33:47.118059|[g:1][CONSENSUS]addRawPrepare,height=1,reqIdx=1,hash=fec2a2b1...
info|2019-12-11 00:33:47.119172|[g:1][CONSENSUS][PBFT]checkTimeout Succ,view=5465,toView=5466,nodeIdx=2,changeCycle=0,myNode=b5a2d0a7...,timecost=0.949
info|2019-12-11 00:33:47.120540|[g:1][CONSENSUS][PBFT]checkAndChangeView: Reach consensus,org_view=5465,org_changeCycle=0,cur_changeCycle=0,to_view=5466
info|2019-12-11 00:33:48.120667|[g:1][CONSENSUS][SEALER]++++++++++++++++ Generating seal on,blkNum=1,tx=0,nodeIdx=2,hash=29c186c2...
info|2019-12-11 00:33:48.122175|[g:1][CONSENSUS][PBFT]checkTimeout Succ,view=5466,toView=5467,nodeIdx=2,changeCycle=0,myNode=b5a2d0a7...,timecost=0.933
info|2019-12-11 00:33:48.128849|[g:1][CONSENSUS][PBFT]checkAndChangeView: Reach consensus,org_view=5466,org_changeCycle=0,cur_changeCycle=0,to_view=5467
info|2019-12-11 00:33:49.133699|[g:1][CONSENSUS]addRawPrepare,height=1,reqIdx=3,hash=6184abdd...
info|2019-12-11 00:33:49.135164|[g:1][CONSENSUS][PBFT]checkTimeout Succ,view=5467,toView=5468,nodeIdx=2,changeCycle=0,myNode=b5a2d0a7...,timecost=1.159
info|2019-12-11 00:33:49.138310|[g:1][CONSENSUS][PBFT]checkAndChangeView: Reach consensus,org_view=5467,org_changeCycle=0,cur_changeCycle=0,to_view=5468
info|2019-12-11 00:33:50.142823|[g:1][CONSENSUS]addRawPrepare,height=1,reqIdx=0,hash=8245577e...
info|2019-12-11 00:33:50.144167|[g:1][CONSENSUS][PBFT]checkTimeout Succ,view=5468,toView=5469,nodeIdx=2,changeCycle=0,myNode=b5a2d0a7...,timecost=1
info|2019-12-11 00:33:50.147952|[g:1][CONSENSUS][PBFT]checkAndChangeView: Reach consensus,org_view=5468,org_changeCycle=0,cur_changeCycle=0,to_view=5469
info|2019-12-11 00:33:51.151399|[g:1][CONSENSUS]addRawPrepare,height=1,reqIdx=1,hash=9e4475cc...
info|2019-12-11 00:33:51.153087|[g:1][CONSENSUS][PBFT]checkTimeout Succ,view=5469,toView=5470,nodeIdx=2,changeCycle=0,myNode=b5a2d0a7...,timecost=1.013
info|2019-12-11 00:33:51.158063|[g:1][CONSENSUS][PBFT]checkAndChangeView: Reach consensus,org_view=5469,org_changeCycle=0,cur_changeCycle=0,to_view=5470
info|2019-12-11 00:33:52.158298|[g:1][CONSENSUS][SEALER]++++++++++++++++ Generating seal on,blkNum=1,tx=0,nodeIdx=2,hash=f065f3b9...
info|2019-12-11 00:33:52.164748|[g:1][CONSENSUS][PBFT]checkTimeout Succ,view=5470,toView=5471,nodeIdx=2,changeCycle=0,myNode=b5a2d0a7...,timecost=1.143
info|2019-12-11 00:33:52.166222|[g:1][CONSENSUS][PBFT]checkAndChangeView: Reach consensus,org_view=5470,org_changeCycle=0,cur_changeCycle=0,to_view=5471
info|2019-12-11 00:33:53.020303|[P2P][Service] heartBeat,connected count=3
info|2019-12-11 00:33:53.166824|[g:1][CONSENSUS]addRawPrepare,height=1,reqIdx=3,hash=1c55c749...
info|2019-12-11 00:33:53.168162|[g:1][CONSENSUS][PBFT]checkTimeout Succ,view=5471,toView=5472,nodeIdx=2,changeCycle=0,myNode=b5a2d0a7...,timecost=1.173
info|2019-12-11 00:33:53.171400|[g:1][CONSENSUS][PBFT]checkAndChangeView: Reach consensus,org_view=5471,org_changeCycle=0,cur_changeCycle=0,to_view=5472
info|2019-12-11 00:33:54.173826|[g:1][CONSENSUS]addRawPrepare,height=1,reqIdx=0,hash=e7ff703d...
info|2019-12-11 00:33:54.174368|[g:1][CONSENSUS][PBFT]checkTimeout Succ,view=5472,toView=5473,nodeIdx=2,changeCycle=0,myNode=b5a2d0a7...,timecost=0.35
info|2019-12-11 00:33:54.176293|[g:1][CONSENSUS][PBFT]checkAndChangeView: Reach consensus,org_view=5472,org_changeCycle=0,cur_changeCycle=0,to_view=5473
info|2019-12-11 00:33:55.178106|[g:1][CONSENSUS]addRawPrepare,height=1,reqIdx=1,hash=1298cf19...
info|2019-12-11 00:33:55.179406|[g:1][CONSENSUS][PBFT]checkTimeout Succ,view=5473,toView=5474,nodeIdx=2,changeCycle=0,myNode=b5a2d0a7...,timecost=0.853
info|2019-12-11 00:33:55.182343|[g:1][CONSENSUS][PBFT]checkAndChangeView: Reach consensus,org_view=5473,org_changeCycle=0,cur_changeCycle=0,to_view=5474
info|2019-12-11 00:33:56.183494|[g:1][CONSENSUS][SEALER]++++++++++++++++ Generating seal on,blkNum=1,tx=0,nodeIdx=2,hash=96566a10...
info|2019-12-11 00:33:56.184840|[g:1][CONSENSUS][PBFT]checkTimeout Succ,view=5474,toView=5475,nodeIdx=2,changeCycle=0,myNode=b5a2d0a7...,timecost=0.672
info|2019-12-11 00:33:56.188929|[g:1][CONSENSUS][PBFT]checkAndChangeView: Reach consensus,org_view=5474,org_changeCycle=0,cur_changeCycle=0,to_view=5475
info|2019-12-11 00:33:57.190968|[g:1][CONSENSUS]addRawPrepare,height=1,reqIdx=3,hash=2f4c57c9...
info|2019-12-11 00:33:57.192199|[g:1][CONSENSUS][PBFT]checkTimeout Succ,view=5475,toView=5476,nodeIdx=2,changeCycle=0,myNode=b5a2d0a7...,timecost=0.994
info|2019-12-11 00:33:57.195057|[g:1][CONSENSUS][PBFT]checkAndChangeView: Reach consensus,org_view=5475,org_changeCycle=0,cur_changeCycle=0,to_view=5476
info|2019-12-11 00:33:58.198558|[g:1][CONSENSUS]addRawPrepare,height=1,reqIdx=0,hash=0063092a...
info|2019-12-11 00:33:58.202551|[g:1][CONSENSUS][PBFT]checkTimeout Succ,view=5476,toView=5477,nodeIdx=2,changeCycle=0,myNode=b5a2d0a7...,timecost=3.787
info|2019-12-11 00:33:58.203699|[g:1][CONSENSUS][PBFT]checkAndChangeView: Reach consensus,org_view=5476,org_changeCycle=0,cur_changeCycle=0,to_view=5477
info|2019-12-11 00:33:59.204526|[g:1][CONSENSUS]addRawPrepare,height=1,reqIdx=1,hash=9103ad8a...
info|2019-12-11 00:33:59.205636|[g:1][CONSENSUS][PBFT]checkTimeout Succ,view=5477,toView=5478,nodeIdx=2,changeCycle=0,myNode=b5a2d0a7...,timecost=0.863
info|2019-12-11 00:33:59.208835|[g:1][CONSENSUS][PBFT]checkAndChangeView: Reach consensus,org_view=5477,org_changeCycle=0,cur_changeCycle=0,to_view=5478
info|2019-12-11 00:34:00.208259|[g:1][CONSENSUS][SEALER]++++++++++++++++ Generating seal on,blkNum=1,tx=0,nodeIdx=2,hash=a10d465a...
info|2019-12-11 00:34:00.209767|[g:1][CONSENSUS][PBFT]checkTimeout Succ,view=5478,toView=5479,nodeIdx=2,changeCycle=0,myNode=b5a2d0a7...,timecost=1.002
info|2019-12-11 00:34:00.212702|[g:1][CONSENSUS][PBFT]checkAndChangeView: Reach consensus,org_view=5478,org_changeCycle=0,cur_changeCycle=0,to_view=5479
info|2019-12-11 00:34:01.216101|[g:1][CONSENSUS]addRawPrepare,height=1,reqIdx=3,hash=ec18e7b5...
info|2019-12-11 00:34:01.218563|[g:1][CONSENSUS][PBFT]checkTimeout Succ,view=5479,toView=5480,nodeIdx=2,changeCycle=0,myNode=b5a2d0a7...,timecost=2.182
info|2019-12-11 00:34:01.221710|[g:1][CONSENSUS][PBFT]checkAndChangeView: Reach consensus,org_view=5479,org_changeCycle=0,cur_changeCycle=0,to_view=5480
info|2019-12-11 00:34:02.222123|[g:1][CONSENSUS]addRawPrepare,height=1,reqIdx=0,hash=772856d3...
info|2019-12-11 00:34:02.222805|[g:1][CONSENSUS][PBFT]checkTimeout Succ,view=5480,toView=5481,nodeIdx=2,changeCycle=0,myNode=b5a2d0a7...,timecost=0.47
info|2019-12-11 00:34:02.224972|[g:1][CONSENSUS][PBFT]checkAndChangeView: Reach consensus,org_view=5480,org_changeCycle=0,cur_changeCycle=0,to_view=5481
info|2019-12-11 00:34:03.024073|[P2P][Service] heartBeat,connected count=3
info|2019-12-11 00:34:03.229052|[g:1][CONSENSUS]addRawPrepare,height=1,reqIdx=1,hash=f56ef9a2...
info|2019-12-11 00:34:03.230552|[g:1][CONSENSUS][PBFT]checkTimeout Succ,view=5481,toView=5482,nodeIdx=2,changeCycle=0,myNode=b5a2d0a7...,timecost=1.131
info|2019-12-11 00:34:03.236941|[g:1][CONSENSUS][PBFT]checkAndChangeView: Reach consensus,org_view=5481,org_changeCycle=0,cur_changeCycle=0,to_view=5482
info|2019-12-11 00:34:04.237323|[g:1][CONSENSUS][SEALER]++++++++++++++++ Generating seal on,blkNum=1,tx=0,nodeIdx=2,hash=18f76622...
info|2019-12-11 00:34:04.243745|[g:1][CONSENSUS][PBFT]checkTimeout Succ,view=5482,toView=5483,nodeIdx=2,changeCycle=0,myNode=b5a2d0a7...,timecost=1.252
info|2019-12-11 00:34:04.244973|[g:1][CONSENSUS][PBFT]checkAndChangeView: Reach consensus,org_view=5482,org_changeCycle=0,cur_changeCycle=0,to_view=5483
info|2019-12-11 00:34:05.247164|[g:1][CONSENSUS]addRawPrepare,height=1,reqIdx=3,hash=3a37111e...
info|2019-12-11 00:34:05.248009|[g:1][CONSENSUS][PBFT]checkTimeout Succ,view=5483,toView=5484,nodeIdx=2,changeCycle=0,myNode=b5a2d0a7...,timecost=0.635
info|2019-12-11 00:34:05.250089|[g:1][CONSENSUS][PBFT]checkAndChangeView: Reach consensus,org_view=5483,org_changeCycle=0,cur_changeCycle=0,to_view=5484
info|2019-12-11 00:34:06.253139|[g:1][CONSENSUS]addRawPrepare,height=1,reqIdx=0,hash=6e95669d...
info|2019-12-11 00:34:06.253632|[g:1][CONSENSUS][PBFT]checkTimeout Succ,view=5484,toView=5485,nodeIdx=2,changeCycle=0,myNode=b5a2d0a7...,timecost=0.358
info|2019-12-11 00:34:06.255832|[g:1][CONSENSUS][PBFT]checkAndChangeView: Reach consensus,org_view=5484,org_changeCycle=0,cur_changeCycle=0,to_view=5485
info|2019-12-11 00:34:07.257894|[g:1][CONSENSUS]addRawPrepare,height=1,reqIdx=1,hash=81ad8239...
info|2019-12-11 00:34:07.258674|[g:1][CONSENSUS][PBFT]checkTimeout Succ,view=5485,toView=5486,nodeIdx=2,changeCycle=0,myNode=b5a2d0a7...,timecost=0.618
info|2019-12-11 00:34:07.261752|[g:1][CONSENSUS][PBFT]checkAndChangeView: Reach consensus,org_view=5485,org_changeCycle=0,cur_changeCycle=0,to_view=5486
info|2019-12-11 00:34:08.261698|[g:1][CONSENSUS][SEALER]++++++++++++++++ Generating seal on,blkNum=1,tx=0,nodeIdx=2,hash=b2ffbfcb...
info|2019-12-11 00:34:08.267176|[g:1][CONSENSUS][PBFT]checkTimeout Succ,view=5486,toView=5487,nodeIdx=2,changeCycle=0,myNode=b5a2d0a7...,timecost=0.824
info|2019-12-11 00:34:08.269945|[g:1][CONSENSUS][PBFT]checkAndChangeView: Reach consensus,org_view=5486,org_changeCycle=0,cur_changeCycle=0,to_view=5487
info|2019-12-11 00:34:09.272677|[g:1][CONSENSUS]addRawPrepare,height=1,reqIdx=3,hash=cda96e4c...
info|2019-12-11 00:34:09.273530|[g:1][CONSENSUS][PBFT]checkTimeout Succ,view=5487,toView=5488,nodeIdx=2,changeCycle=0,myNode=b5a2d0a7...,timecost=0.59
info|2019-12-11 00:34:09.275570|[g:1][CONSENSUS][PBFT]checkAndChangeView: Reach consensus,org_view=5487,org_changeCycle=0,cur_changeCycle=0,to_view=5488
info|2019-12-11 00:34:10.277626|[g:1][CONSENSUS]addRawPrepare,height=1,reqIdx=0,hash=795f5137...
info|2019-12-11 00:34:10.278461|[g:1][CONSENSUS][PBFT]checkTimeout Succ,view=5488,toView=5489,nodeIdx=2,changeCycle=0,myNode=b5a2d0a7...,timecost=0.655
info|2019-12-11 00:34:10.282774|[g:1][CONSENSUS][PBFT]checkAndChangeView: Reach consensus,org_view=5488,org_changeCycle=0,cur_changeCycle=0,to_view=5489
info|2019-12-11 00:34:11.284358|[g:1][CONSENSUS]addRawPrepare,height=1,reqIdx=1,hash=6bae90f5...
info|2019-12-11 00:34:11.289086|[g:1][CONSENSUS][PBFT]checkTimeout Succ,view=5489,toView=5490,nodeIdx=2,changeCycle=0,myNode=b5a2d0a7...,timecost=4.048
info|2019-12-11 00:34:11.291575|[g:1][CONSENSUS][PBFT]checkAndChangeView: Reach consensus,org_view=5489,org_changeCycle=0,cur_changeCycle=0,to_view=5490
info|2019-12-11 00:34:12.291680|[g:1][CONSENSUS][SEALER]++++++++++++++++ Generating seal on,blkNum=1,tx=0,nodeIdx=2,hash=90f0a60d...
info|2019-12-11 00:34:12.297263|[g:1][CONSENSUS][PBFT]checkTimeout Succ,view=5490,toView=5491,nodeIdx=2,changeCycle=0,myNode=b5a2d0a7...,timecost=0.765
info|2019-12-11 00:34:12.300180|[g:1][CONSENSUS][PBFT]checkAndChangeView: Reach consensus,org_view=5490,org_changeCycle=0,cur_changeCycle=0,to_view=5491
info|2019-12-11 00:34:13.031848|[P2P][Service] heartBeat,connected count=3
info|2019-12-11 00:34:13.301191|[g:1][CONSENSUS]addRawPrepare,height=1,reqIdx=3,hash=c057aa1f...
info|2019-12-11 00:34:13.305089|[g:1][CONSENSUS][PBFT]checkTimeout Succ,view=5491,toView=5492,nodeIdx=2,changeCycle=0,myNode=b5a2d0a7...,timecost=3.717
info|2019-12-11 00:34:13.306639|[g:1][CONSENSUS][PBFT]checkAndChangeView: Reach consensus,org_view=5491,org_changeCycle=0,cur_changeCycle=0,to_view=5492
info|2019-12-11 00:34:14.305926|[g:1][CONSENSUS]addRawPrepare,height=1,reqIdx=0,hash=888ca9e8...
info|2019-12-11 00:34:14.307089|[g:1][CONSENSUS][PBFT]checkTimeout Succ,view=5492,toView=5493,nodeIdx=2,changeCycle=0,myNode=b5a2d0a7...,timecost=0.833
info|2019-12-11 00:34:14.317488|[g:1][CONSENSUS][PBFT]checkAndChangeView: Reach consensus,org_view=5492,org_changeCycle=0,cur_changeCycle=0,to_view=5493
info|2019-12-11 00:34:15.316946|[g:1][CONSENSUS]addRawPrepare,height=1,reqIdx=1,hash=37642d14...
info|2019-12-11 00:34:15.318212|[g:1][CONSENSUS][PBFT]checkTimeout Succ,view=5493,toView=5494,nodeIdx=2,changeCycle=0,myNode=b5a2d0a7...,timecost=0.977
info|2019-12-11 00:34:15.321422|[g:1][CONSENSUS][PBFT]checkAndChangeView: Reach consensus,org_view=5493,org_changeCycle=0,cur_changeCycle=0,to_view=5494
info|2019-12-11 00:34:16.321464|[g:1][CONSENSUS][SEALER]++++++++++++++++ Generating seal on,blkNum=1,tx=0,nodeIdx=2,hash=bdb3dbca...
info|2019-12-11 00:34:16.322320|[g:1][CONSENSUS][PBFT]checkTimeout Succ,view=5494,toView=5495,nodeIdx=2,changeCycle=0,myNode=b5a2d0a7...,timecost=0.387
info|2019-12-11 00:34:16.328320|[g:1][CONSENSUS][PBFT]checkAndChangeView: Reach consensus,org_view=5494,org_changeCycle=0,cur_changeCycle=0,to_view=5495
info|2019-12-11 00:34:17.331523|[g:1][CONSENSUS]addRawPrepare,height=1,reqIdx=3,hash=d810cd51...
info|2019-12-11 00:34:17.332778|[g:1][CONSENSUS][PBFT]checkTimeout Succ,view=5495,toView=5496,nodeIdx=2,changeCycle=0,myNode=b5a2d0a7...,timecost=0.883
info|2019-12-11 00:34:17.336477|[g:1][CONSENSUS][PBFT]checkAndChangeView: Reach consensus,org_view=5495,org_changeCycle=0,cur_changeCycle=0,to_view=5496
info|2019-12-11 00:34:18.341214|[g:1][CONSENSUS]addRawPrepare,height=1,reqIdx=0,hash=1b1c9580...
info|2019-12-11 00:34:18.343721|[g:1][CONSENSUS][PBFT]checkTimeout Succ,view=5496,toView=5497,nodeIdx=2,changeCycle=0,myNode=b5a2d0a7...,timecost=2.318
info|2019-12-11 00:34:18.346165|[g:1][CONSENSUS][PBFT]checkAndChangeView: Reach consensus,org_view=5496,org_changeCycle=0,cur_changeCycle=0,to_view=5497
info|2019-12-11 00:34:19.346659|[g:1][CONSENSUS]addRawPrepare,height=1,reqIdx=1,hash=dd53556f...
info|2019-12-11 00:34:19.347379|[g:1][CONSENSUS][PBFT]checkTimeout Succ,view=5497,toView=5498,nodeIdx=2,changeCycle=0,myNode=b5a2d0a7...,timecost=0.555
info|2019-12-11 00:34:19.349987|[g:1][CONSENSUS][PBFT]checkAndChangeView: Reach consensus,org_view=5497,org_changeCycle=0,cur_changeCycle=0,to_view=5498
info|2019-12-11 00:34:20.350902|[g:1][CONSENSUS][SEALER]++++++++++++++++ Generating seal on,blkNum=1,tx=0,nodeIdx=2,hash=4f2f4e72...
info|2019-12-11 00:34:20.351909|[g:1][CONSENSUS][PBFT]checkTimeout Succ,view=5498,toView=5499,nodeIdx=2,changeCycle=0,myNode=b5a2d0a7...,timecost=0.562
info|2019-12-11 00:34:20.355042|[g:1][CONSENSUS][PBFT]checkAndChangeView: Reach consensus,org_view=5498,org_changeCycle=0,cur_changeCycle=0,to_view=5499
info|2019-12-11 00:34:21.357017|[g:1][CONSENSUS]addRawPrepare,height=1,reqIdx=3,hash=2ee49d02...
info|2019-12-11 00:34:21.357738|[g:1][CONSENSUS][PBFT]checkTimeout Succ,view=5499,toView=5500,nodeIdx=2,changeCycle=0,myNode=b5a2d0a7...,timecost=0.533
info|2019-12-11 00:34:21.359850|[g:1][CONSENSUS][PBFT]checkAndChangeView: Reach consensus,org_view=5499,org_changeCycle=0,cur_changeCycle=0,to_view=5500
info|2019-12-11 00:34:22.362254|[g:1][CONSENSUS]addRawPrepare,height=1,reqIdx=0,hash=31a7253d...
info|2019-12-11 00:34:22.362956|[g:1][CONSENSUS][PBFT]checkTimeout Succ,view=5500,toView=5501,nodeIdx=2,changeCycle=0,myNode=b5a2d0a7...,timecost=0.539
info|2019-12-11 00:34:22.365397|[g:1][CONSENSUS][PBFT]checkAndChangeView: Reach consensus,org_view=5500,org_changeCycle=0,cur_changeCycle=0,to_view=5501
info|2019-12-11 00:34:23.037417|[P2P][Service] heartBeat,connected count=3
info|2019-12-11 00:34:23.367793|[g:1][CONSENSUS]addRawPrepare,height=1,reqIdx=1,hash=5be3435c...
info|2019-12-11 00:34:23.369732|[g:1][CONSENSUS][PBFT]checkTimeout Succ,view=5501,toView=5502,nodeIdx=2,changeCycle=0,myNode=b5a2d0a7...,timecost=1.75
info|2019-12-11 00:34:23.372041|[g:1][CONSENSUS][PBFT]checkAndChangeView: Reach consensus,org_view=5501,org_changeCycle=0,cur_changeCycle=0,to_view=5502
info|2019-12-11 00:34:24.373109|[g:1][CONSENSUS][SEALER]++++++++++++++++ Generating seal on,blkNum=1,tx=0,nodeIdx=2,hash=651ddc5b...
info|2019-12-11 00:34:24.376625|[g:1][CONSENSUS][PBFT]checkTimeout Succ,view=5502,toView=5503,nodeIdx=2,changeCycle=0,myNode=b5a2d0a7...,timecost=0.517
info|2019-12-11 00:34:24.377937|[g:1][CONSENSUS][PBFT]checkAndChangeView: Reach consensus,org_view=5502,org_changeCycle=0,cur_changeCycle=0,to_view=5503
info|2019-12-11 00:34:25.379935|[g:1][CONSENSUS]addRawPrepare,height=1,reqIdx=3,hash=c5585c61...
info|2019-12-11 00:34:25.380739|[g:1][CONSENSUS][PBFT]checkTimeout Succ,view=5503,toView=5504,nodeIdx=2,changeCycle=0,myNode=b5a2d0a7...,timecost=0.663
info|2019-12-11 00:34:25.382996|[g:1][CONSENSUS][PBFT]checkAndChangeView: Reach consensus,org_view=5503,org_changeCycle=0,cur_changeCycle=0,to_view=5504
info|2019-12-11 00:34:26.385941|[g:1][CONSENSUS]addRawPrepare,height=1,reqIdx=0,hash=2d464d7c...
info|2019-12-11 00:34:26.386655|[g:1][CONSENSUS][PBFT]checkTimeout Succ,view=5504,toView=5505,nodeIdx=2,changeCycle=0,myNode=b5a2d0a7...,timecost=0.542
info|2019-12-11 00:34:26.389455|[g:1][CONSENSUS][PBFT]checkAndChangeView: Reach consensus,org_view=5504,org_changeCycle=0,cur_changeCycle=0,to_view=5505
info|2019-12-11 00:34:27.391138|[g:1][CONSENSUS]addRawPrepare,height=1,reqIdx=1,hash=22e63ac0...
info|2019-12-11 00:34:27.391943|[g:1][CONSENSUS][PBFT]checkTimeout Succ,view=5505,toView=5506,nodeIdx=2,changeCycle=0,myNode=b5a2d0a7...,timecost=0.577
info|2019-12-11 00:34:27.393285|[g:1][CONSENSUS][PBFT]checkAndChangeView: Reach consensus,org_view=5505,org_changeCycle=0,cur_changeCycle=0,to_view=5506
info|2019-12-11 00:34:28.394532|[g:1][CONSENSUS][SEALER]++++++++++++++++ Generating seal on,blkNum=1,tx=0,nodeIdx=2,hash=0a8e960f...
info|2019-12-11 00:34:28.399221|[g:1][CONSENSUS][PBFT]checkTimeout Succ,view=5506,toView=5507,nodeIdx=2,changeCycle=0,myNode=b5a2d0a7...,timecost=0.774
info|2019-12-11 00:34:28.400838|[g:1][CONSENSUS][PBFT]checkAndChangeView: Reach consensus,org_view=5506,org_changeCycle=0,cur_changeCycle=0,to_view=5507
info|2019-12-11 00:34:29.405336|[g:1][CONSENSUS]addRawPrepare,height=1,reqIdx=3,hash=23eaac46...
info|2019-12-11 00:34:29.406478|[g:1][CONSENSUS][PBFT]checkTimeout Succ,view=5507,toView=5508,nodeIdx=2,changeCycle=0,myNode=b5a2d0a7...,timecost=0.866
info|2019-12-11 00:34:29.409362|[g:1][CONSENSUS][PBFT]checkAndChangeView: Reach consensus,org_view=5507,org_changeCycle=0,cur_changeCycle=0,to_view=5508
info|2019-12-11 00:34:30.414670|[g:1][CONSENSUS]addRawPrepare,height=1,reqIdx=0,hash=711b7b28...
info|2019-12-11 00:34:30.415956|[g:1][CONSENSUS][PBFT]checkTimeout Succ,view=5508,toView=5509,nodeIdx=2,changeCycle=0,myNode=b5a2d0a7...,timecost=1.004
info|2019-12-11 00:34:30.420516|[g:1][CONSENSUS][PBFT]checkAndChangeView: Reach consensus,org_view=5508,org_changeCycle=0,cur_changeCycle=0,to_view=5509
info|2019-12-11 00:34:31.423305|[g:1][CONSENSUS]addRawPrepare,height=1,reqIdx=1,hash=7b8b3683...
info|2019-12-11 00:34:31.425896|[g:1][CONSENSUS][PBFT]checkTimeout Succ,view=5509,toView=5510,nodeIdx=2,changeCycle=0,myNode=b5a2d0a7...,timecost=2.228
info|2019-12-11 00:34:31.428653|[g:1][CONSENSUS][PBFT]checkAndChangeView: Reach consensus,org_view=5509,org_changeCycle=0,cur_changeCycle=0,to_view=5510
info|2019-12-11 00:34:32.429045|[g:1][CONSENSUS][SEALER]++++++++++++++++ Generating seal on,blkNum=1,tx=0,nodeIdx=2,hash=4e2b041f...
info|2019-12-11 00:34:32.433400|[g:1][CONSENSUS][PBFT]checkTimeout Succ,view=5510,toView=5511,nodeIdx=2,changeCycle=0,myNode=b5a2d0a7...,timecost=0.592
info|2019-12-11 00:34:32.435242|[g:1][CONSENSUS][PBFT]checkAndChangeView: Reach consensus,org_view=5510,org_changeCycle=0,cur_changeCycle=0,to_view=5511
info|2019-12-11 00:34:33.043916|[P2P][Service] heartBeat,connected count=3
info|2019-12-11 00:34:33.437875|[g:1][CONSENSUS]addRawPrepare,height=1,reqIdx=3,hash=7209eefa...
info|2019-12-11 00:34:33.439837|[g:1][CONSENSUS][PBFT]checkTimeout Succ,view=5511,toView=5512,nodeIdx=2,changeCycle=0,myNode=b5a2d0a7...,timecost=1.616
info|2019-12-11 00:34:33.443122|[g:1][CONSENSUS][PBFT]checkAndChangeView: Reach consensus,org_view=5511,org_changeCycle=0,cur_changeCycle=0,to_view=5512
info|2019-12-11 00:34:34.448620|[g:1][CONSENSUS]addRawPrepare,height=1,reqIdx=0,hash=8a9bbbe3...
info|2019-12-11 00:34:34.449794|[g:1][CONSENSUS][PBFT]checkTimeout Succ,view=5512,toView=5513,nodeIdx=2,changeCycle=0,myNode=b5a2d0a7...,timecost=0.84
info|2019-12-11 00:34:34.454289|[g:1][CONSENSUS][PBFT]checkAndChangeView: Reach consensus,org_view=5512,org_changeCycle=0,cur_changeCycle=0,to_view=5513
info|2019-12-11 00:34:35.455483|[g:1][CONSENSUS]addRawPrepare,height=1,reqIdx=1,hash=829094bb...
info|2019-12-11 00:34:35.457029|[g:1][CONSENSUS][PBFT]checkTimeout Succ,view=5513,toView=5514,nodeIdx=2,changeCycle=0,myNode=b5a2d0a7...,timecost=1.265
info|2019-12-11 00:34:35.459825|[g:1][CONSENSUS][PBFT]checkAndChangeView: Reach consensus,org_view=5513,org_changeCycle=0,cur_changeCycle=0,to_view=5514
info|2019-12-11 00:34:36.460065|[g:1][CONSENSUS][SEALER]++++++++++++++++ Generating seal on,blkNum=1,tx=0,nodeIdx=2,hash=0fe37ace...
info|2019-12-11 00:34:36.465595|[g:1][CONSENSUS][PBFT]checkTimeout Succ,view=5514,toView=5515,nodeIdx=2,changeCycle=0,myNode=b5a2d0a7...,timecost=1.356
info|2019-12-11 00:34:36.466404|[g:1][CONSENSUS][PBFT]checkAndChangeView: Reach consensus,org_view=5514,org_changeCycle=0,cur_changeCycle=0,to_view=5515
info|2019-12-11 00:34:37.468455|[g:1][CONSENSUS]addRawPrepare,height=1,reqIdx=3,hash=f8e844ee...
info|2019-12-11 00:34:37.470990|[g:1][CONSENSUS][PBFT]checkTimeout Succ,view=5515,toView=5516,nodeIdx=2,changeCycle=0,myNode=b5a2d0a7...,timecost=2.185
info|2019-12-11 00:34:37.475081|[g:1][CONSENSUS][PBFT]checkAndChangeView: Reach consensus,org_view=5515,org_changeCycle=0,cur_changeCycle=0,to_view=5516
info|2019-12-11 00:34:38.477766|[g:1][CONSENSUS]addRawPrepare,height=1,reqIdx=0,hash=18f4a1cc...
info|2019-12-11 00:34:38.483870|[g:1][CONSENSUS][PBFT]checkTimeout Succ,view=5516,toView=5517,nodeIdx=2,changeCycle=0,myNode=b5a2d0a7...,timecost=5.836
info|2019-12-11 00:34:38.486079|[g:1][CONSENSUS][PBFT]checkAndChangeView: Reach consensus,org_view=5516,org_changeCycle=0,cur_changeCycle=0,to_view=5517
info|2019-12-11 00:34:39.486791|[g:1][CONSENSUS]addRawPrepare,height=1,reqIdx=1,hash=3033ee49...
info|2019-12-11 00:34:39.487839|[g:1][CONSENSUS][PBFT]checkTimeout Succ,view=5517,toView=5518,nodeIdx=2,changeCycle=0,myNode=b5a2d0a7...,timecost=0.804
info|2019-12-11 00:34:39.491432|[g:1][CONSENSUS][PBFT]checkAndChangeView: Reach consensus,org_view=5517,org_changeCycle=0,cur_changeCycle=0,to_view=5518
