warning|2019-12-12 07:05:25.004290|[g:1][CONSENSUS][PBFT]ViewChangeWarning: not caused by omit empty block ,v=2214,toV=2215,curNum=11,hash=9b39b6b9...,nodeIdx=2,myNode=b5a2d0a7...
info|2019-12-12 07:05:25.004449|[g:1][CONSENSUS][PBFT]checkTimeout Succ,view=2214,toView=2215,nodeIdx=2,changeCycle=1,myNode=b5a2d0a7...,timecost=0.527
info|2019-12-12 07:05:25.009741|[P2P][Service] heartBeat,connected count=3
info|2019-12-12 07:05:25.017175|[g:1][CONSENSUS][PBFT]checkAndChangeView: Reach consensus,org_view=2214,org_changeCycle=1,cur_changeCycle=1,to_view=2215
info|2019-12-12 07:05:26.017232|[g:1][CONSENSUS][SEALER]++++++++++++++++ Generating seal on,blkNum=12,tx=0,nodeIdx=2,hash=f603e6af...
info|2019-12-12 07:05:26.021806|[g:1][CONSENSUS][PBFT]checkTimeout Succ,view=2215,toView=2216,nodeIdx=2,changeCycle=0,myNode=b5a2d0a7...,timecost=0.682
info|2019-12-12 07:05:26.022450|[g:1][CONSENSUS][PBFT]checkAndChangeView: Reach consensus,org_view=2215,org_changeCycle=0,cur_changeCycle=0,to_view=2216
info|2019-12-12 07:05:27.025428|[g:1][CONSENSUS]addRawPrepare,height=12,reqIdx=3,hash=9e0b7f1a...
info|2019-12-12 07:05:27.026702|[g:1][CONSENSUS][PBFT]checkTimeout Succ,view=2216,toView=2217,nodeIdx=2,changeCycle=0,myNode=b5a2d0a7...,timecost=0.93
info|2019-12-12 07:05:27.030239|[g:1][CONSENSUS][PBFT]checkAndChangeView: Reach consensus,org_view=2216,org_changeCycle=0,cur_changeCycle=0,to_view=2217
info|2019-12-12 07:05:28.033115|[g:1][CONSENSUS]addRawPrepare,height=12,reqIdx=0,hash=532cb502...
info|2019-12-12 07:05:28.034402|[g:1][CONSENSUS][PBFT]checkTimeout Succ,view=2217,toView=2218,nodeIdx=2,changeCycle=0,myNode=b5a2d0a7...,timecost=0.966
info|2019-12-12 07:05:28.036863|[g:1][CONSENSUS][PBFT]checkAndChangeView: Reach consensus,org_view=2217,org_changeCycle=0,cur_changeCycle=0,to_view=2218
info|2019-12-12 07:05:29.038197|[g:1][CONSENSUS]addRawPrepare,height=12,reqIdx=1,hash=112d190f...
info|2019-12-12 07:05:29.040168|[g:1][CONSENSUS][PBFT]checkTimeout Succ,view=2218,toView=2219,nodeIdx=2,changeCycle=0,myNode=b5a2d0a7...,timecost=1.648
info|2019-12-12 07:05:29.045657|[g:1][CONSENSUS][PBFT]checkAndChangeView: Reach consensus,org_view=2218,org_changeCycle=0,cur_changeCycle=0,to_view=2219
info|2019-12-12 07:05:30.045264|[g:1][CONSENSUS][SEALER]++++++++++++++++ Generating seal on,blkNum=12,tx=0,nodeIdx=2,hash=342c1e0e...
info|2019-12-12 07:05:30.052335|[g:1][CONSENSUS][PBFT]checkTimeout Succ,view=2219,toView=2220,nodeIdx=2,changeCycle=0,myNode=b5a2d0a7...,timecost=1.754
info|2019-12-12 07:05:30.053680|[g:1][CONSENSUS][PBFT]checkAndChangeView: Reach consensus,org_view=2219,org_changeCycle=0,cur_changeCycle=0,to_view=2220
info|2019-12-12 07:05:31.058504|[g:1][CONSENSUS]addRawPrepare,height=12,reqIdx=3,hash=da37cdf2...
info|2019-12-12 07:05:31.059788|[g:1][CONSENSUS][PBFT]checkTimeout Succ,view=2220,toView=2221,nodeIdx=2,changeCycle=0,myNode=b5a2d0a7...,timecost=1.077
info|2019-12-12 07:05:31.063806|[g:1][CONSENSUS][PBFT]checkAndChangeView: Reach consensus,org_view=2220,org_changeCycle=0,cur_changeCycle=0,to_view=2221
info|2019-12-12 07:05:32.067085|[g:1][CONSENSUS]addRawPrepare,height=12,reqIdx=0,hash=83ef16a6...
info|2019-12-12 07:05:32.068563|[g:1][CONSENSUS][PBFT]checkTimeout Succ,view=2221,toView=2222,nodeIdx=2,changeCycle=0,myNode=b5a2d0a7...,timecost=1.175
info|2019-12-12 07:05:32.071077|[g:1][CONSENSUS][PBFT]checkAndChangeView: Reach consensus,org_view=2221,org_changeCycle=0,cur_changeCycle=0,to_view=2222
info|2019-12-12 07:05:33.074234|[g:1][CONSENSUS]addRawPrepare,height=12,reqIdx=1,hash=0ebb8a46...
info|2019-12-12 07:05:33.075616|[g:1][CONSENSUS][PBFT]checkTimeout Succ,view=2222,toView=2223,nodeIdx=2,changeCycle=0,myNode=b5a2d0a7...,timecost=1.139
info|2019-12-12 07:05:33.078190|[g:1][CONSENSUS][PBFT]checkAndChangeView: Reach consensus,org_view=2222,org_changeCycle=0,cur_changeCycle=0,to_view=2223
info|2019-12-12 07:05:34.078785|[g:1][CONSENSUS][SEALER]++++++++++++++++ Generating seal on,blkNum=12,tx=0,nodeIdx=2,hash=160d9913...
info|2019-12-12 07:05:34.080167|[g:1][CONSENSUS][PBFT]checkTimeout Succ,view=2223,toView=2224,nodeIdx=2,changeCycle=0,myNode=b5a2d0a7...,timecost=0.837
info|2019-12-12 07:05:34.088176|[g:1][CONSENSUS][PBFT]checkAndChangeView: Reach consensus,org_view=2223,org_changeCycle=0,cur_changeCycle=0,to_view=2224
info|2019-12-12 07:05:35.011222|[P2P][Service] heartBeat,connected count=3
info|2019-12-12 07:05:35.088137|[g:1][CONSENSUS]addRawPrepare,height=12,reqIdx=3,hash=4d056246...
info|2019-12-12 07:05:35.090325|[g:1][CONSENSUS][PBFT]checkTimeout Succ,view=2224,toView=2225,nodeIdx=2,changeCycle=0,myNode=b5a2d0a7...,timecost=1.955
info|2019-12-12 07:05:35.092967|[g:1][CONSENSUS][PBFT]checkAndChangeView: Reach consensus,org_view=2224,org_changeCycle=0,cur_changeCycle=0,to_view=2225
info|2019-12-12 07:05:36.097610|[g:1][CONSENSUS]addRawPrepare,height=12,reqIdx=0,hash=ff8e8cd8...
info|2019-12-12 07:05:36.098668|[g:1][CONSENSUS][PBFT]checkTimeout Succ,view=2225,toView=2226,nodeIdx=2,changeCycle=0,myNode=b5a2d0a7...,timecost=0.771
info|2019-12-12 07:05:36.101811|[g:1][CONSENSUS][PBFT]checkAndChangeView: Reach consensus,org_view=2225,org_changeCycle=0,cur_changeCycle=0,to_view=2226
info|2019-12-12 07:05:37.104129|[g:1][CONSENSUS]addRawPrepare,height=12,reqIdx=1,hash=b86d071b...
info|2019-12-12 07:05:37.105313|[g:1][CONSENSUS][PBFT]checkTimeout Succ,view=2226,toView=2227,nodeIdx=2,changeCycle=0,myNode=b5a2d0a7...,timecost=0.978
info|2019-12-12 07:05:37.110020|[g:1][CONSENSUS][PBFT]checkAndChangeView: Reach consensus,org_view=2226,org_changeCycle=0,cur_changeCycle=0,to_view=2227
info|2019-12-12 07:05:38.110598|[g:1][CONSENSUS][SEALER]++++++++++++++++ Generating seal on,blkNum=12,tx=0,nodeIdx=2,hash=aee345ee...
info|2019-12-12 07:05:38.116595|[g:1][CONSENSUS][PBFT]checkTimeout Succ,view=2227,toView=2228,nodeIdx=2,changeCycle=0,myNode=b5a2d0a7...,timecost=0.81
info|2019-12-12 07:05:38.119441|[g:1][CONSENSUS][PBFT]checkAndChangeView: Reach consensus,org_view=2227,org_changeCycle=0,cur_changeCycle=0,to_view=2228
info|2019-12-12 07:05:39.120271|[g:1][CONSENSUS]addRawPrepare,height=12,reqIdx=3,hash=164f30ec...
info|2019-12-12 07:05:39.121441|[g:1][CONSENSUS][PBFT]checkTimeout Succ,view=2228,toView=2229,nodeIdx=2,changeCycle=0,myNode=b5a2d0a7...,timecost=0.928
info|2019-12-12 07:05:39.125450|[g:1][CONSENSUS][PBFT]checkAndChangeView: Reach consensus,org_view=2228,org_changeCycle=0,cur_changeCycle=0,to_view=2229
info|2019-12-12 07:05:40.126785|[g:1][CONSENSUS]addRawPrepare,height=12,reqIdx=0,hash=7371975c...
info|2019-12-12 07:05:40.127756|[g:1][CONSENSUS][PBFT]checkTimeout Succ,view=2229,toView=2230,nodeIdx=2,changeCycle=0,myNode=b5a2d0a7...,timecost=0.729
info|2019-12-12 07:05:40.132511|[g:1][CONSENSUS][PBFT]checkAndChangeView: Reach consensus,org_view=2229,org_changeCycle=0,cur_changeCycle=0,to_view=2230
info|2019-12-12 07:05:41.136297|[g:1][CONSENSUS]addRawPrepare,height=12,reqIdx=1,hash=edc5eeb4...
info|2019-12-12 07:05:41.137011|[g:1][CONSENSUS][PBFT]checkTimeout Succ,view=2230,toView=2231,nodeIdx=2,changeCycle=0,myNode=b5a2d0a7...,timecost=0.491
info|2019-12-12 07:05:41.138975|[g:1][CONSENSUS][PBFT]checkAndChangeView: Reach consensus,org_view=2230,org_changeCycle=0,cur_changeCycle=0,to_view=2231
info|2019-12-12 07:05:42.140796|[g:1][CONSENSUS][SEALER]++++++++++++++++ Generating seal on,blkNum=12,tx=0,nodeIdx=2,hash=0121c6d5...
info|2019-12-12 07:05:42.145836|[g:1][CONSENSUS][PBFT]checkTimeout Succ,view=2231,toView=2232,nodeIdx=2,changeCycle=0,myNode=b5a2d0a7...,timecost=0.966
info|2019-12-12 07:05:42.148106|[g:1][CONSENSUS][PBFT]checkAndChangeView: Reach consensus,org_view=2231,org_changeCycle=0,cur_changeCycle=0,to_view=2232
info|2019-12-12 07:05:43.150505|[g:1][CONSENSUS]addRawPrepare,height=12,reqIdx=3,hash=05b44bcf...
info|2019-12-12 07:05:43.153391|[g:1][CONSENSUS][PBFT]checkTimeout Succ,view=2232,toView=2233,nodeIdx=2,changeCycle=0,myNode=b5a2d0a7...,timecost=2.325
info|2019-12-12 07:05:43.156670|[g:1][CONSENSUS][PBFT]checkAndChangeView: Reach consensus,org_view=2232,org_changeCycle=0,cur_changeCycle=0,to_view=2233
info|2019-12-12 07:05:44.158181|[g:1][CONSENSUS]addRawPrepare,height=12,reqIdx=0,hash=da2f7fc1...
info|2019-12-12 07:05:44.159667|[g:1][CONSENSUS][PBFT]checkTimeout Succ,view=2233,toView=2234,nodeIdx=2,changeCycle=0,myNode=b5a2d0a7...,timecost=1.242
info|2019-12-12 07:05:44.162950|[g:1][CONSENSUS][PBFT]checkAndChangeView: Reach consensus,org_view=2233,org_changeCycle=0,cur_changeCycle=0,to_view=2234
info|2019-12-12 07:05:45.019602|[P2P][Service] heartBeat,connected count=3
info|2019-12-12 07:05:45.166079|[g:1][CONSENSUS]addRawPrepare,height=12,reqIdx=1,hash=7f57f84f...
info|2019-12-12 07:05:45.167338|[g:1][CONSENSUS][PBFT]checkTimeout Succ,view=2234,toView=2235,nodeIdx=2,changeCycle=0,myNode=b5a2d0a7...,timecost=1.05
info|2019-12-12 07:05:45.171513|[g:1][CONSENSUS][PBFT]checkAndChangeView: Reach consensus,org_view=2234,org_changeCycle=0,cur_changeCycle=0,to_view=2235
info|2019-12-12 07:05:46.172526|[g:1][CONSENSUS][SEALER]++++++++++++++++ Generating seal on,blkNum=12,tx=0,nodeIdx=2,hash=8aa0822e...
info|2019-12-12 07:05:46.173976|[g:1][CONSENSUS][PBFT]checkTimeout Succ,view=2235,toView=2236,nodeIdx=2,changeCycle=0,myNode=b5a2d0a7...,timecost=0.853
info|2019-12-12 07:05:46.180189|[g:1][CONSENSUS][PBFT]checkAndChangeView: Reach consensus,org_view=2235,org_changeCycle=0,cur_changeCycle=0,to_view=2236
info|2019-12-12 07:05:47.184904|[g:1][CONSENSUS]addRawPrepare,height=12,reqIdx=3,hash=a94c245f...
info|2019-12-12 07:05:47.185933|[g:1][CONSENSUS][PBFT]checkTimeout Succ,view=2236,toView=2237,nodeIdx=2,changeCycle=0,myNode=b5a2d0a7...,timecost=0.784
info|2019-12-12 07:05:47.189670|[g:1][CONSENSUS][PBFT]checkAndChangeView: Reach consensus,org_view=2236,org_changeCycle=0,cur_changeCycle=0,to_view=2237
info|2019-12-12 07:05:48.191502|[g:1][CONSENSUS]addRawPrepare,height=12,reqIdx=0,hash=517503de...
info|2019-12-12 07:05:48.196897|[g:1][CONSENSUS][PBFT]checkTimeout Succ,view=2237,toView=2238,nodeIdx=2,changeCycle=0,myNode=b5a2d0a7...,timecost=5.155
info|2019-12-12 07:05:48.198427|[g:1][CONSENSUS][PBFT]checkAndChangeView: Reach consensus,org_view=2237,org_changeCycle=0,cur_changeCycle=0,to_view=2238
info|2019-12-12 07:05:49.198932|[g:1][CONSENSUS]addRawPrepare,height=12,reqIdx=1,hash=e2870155...
info|2019-12-12 07:05:49.199939|[g:1][CONSENSUS][PBFT]checkTimeout Succ,view=2238,toView=2239,nodeIdx=2,changeCycle=0,myNode=b5a2d0a7...,timecost=0.797
info|2019-12-12 07:05:49.205299|[g:1][CONSENSUS][PBFT]checkAndChangeView: Reach consensus,org_view=2238,org_changeCycle=0,cur_changeCycle=0,to_view=2239
info|2019-12-12 07:05:50.205476|[g:1][CONSENSUS][SEALER]++++++++++++++++ Generating seal on,blkNum=12,tx=0,nodeIdx=2,hash=d94cbcc4...
info|2019-12-12 07:05:50.206779|[g:1][CONSENSUS][PBFT]checkTimeout Succ,view=2239,toView=2240,nodeIdx=2,changeCycle=0,myNode=b5a2d0a7...,timecost=0.83
info|2019-12-12 07:05:50.210766|[g:1][CONSENSUS][PBFT]checkAndChangeView: Reach consensus,org_view=2239,org_changeCycle=0,cur_changeCycle=0,to_view=2240
info|2019-12-12 07:05:51.213951|[g:1][CONSENSUS]addRawPrepare,height=12,reqIdx=3,hash=c93efb4a...
info|2019-12-12 07:05:51.215560|[g:1][CONSENSUS][PBFT]checkTimeout Succ,view=2240,toView=2241,nodeIdx=2,changeCycle=0,myNode=b5a2d0a7...,timecost=1.399
info|2019-12-12 07:05:51.218548|[g:1][CONSENSUS][PBFT]checkAndChangeView: Reach consensus,org_view=2240,org_changeCycle=0,cur_changeCycle=0,to_view=2241
info|2019-12-12 07:05:52.221919|[g:1][CONSENSUS]addRawPrepare,height=12,reqIdx=0,hash=1a35e13e...
info|2019-12-12 07:05:52.222756|[g:1][CONSENSUS][PBFT]checkTimeout Succ,view=2241,toView=2242,nodeIdx=2,changeCycle=0,myNode=b5a2d0a7...,timecost=0.64
info|2019-12-12 07:05:52.224981|[g:1][CONSENSUS][PBFT]checkAndChangeView: Reach consensus,org_view=2241,org_changeCycle=0,cur_changeCycle=0,to_view=2242
info|2019-12-12 07:05:53.227856|[g:1][CONSENSUS]addRawPrepare,height=12,reqIdx=1,hash=a55bbbab...
info|2019-12-12 07:05:53.229109|[g:1][CONSENSUS][PBFT]checkTimeout Succ,view=2242,toView=2243,nodeIdx=2,changeCycle=0,myNode=b5a2d0a7...,timecost=0.967
info|2019-12-12 07:05:53.232668|[g:1][CONSENSUS][PBFT]checkAndChangeView: Reach consensus,org_view=2242,org_changeCycle=0,cur_changeCycle=0,to_view=2243
info|2019-12-12 07:05:54.232940|[g:1][CONSENSUS][SEALER]++++++++++++++++ Generating seal on,blkNum=12,tx=0,nodeIdx=2,hash=04a5ff65...
info|2019-12-12 07:05:54.238083|[g:1][CONSENSUS][PBFT]checkTimeout Succ,view=2243,toView=2244,nodeIdx=2,changeCycle=0,myNode=b5a2d0a7...,timecost=0.755
info|2019-12-12 07:05:54.240670|[g:1][CONSENSUS][PBFT]checkAndChangeView: Reach consensus,org_view=2243,org_changeCycle=0,cur_changeCycle=0,to_view=2244
info|2019-12-12 07:05:55.020433|[P2P][Service] heartBeat,connected count=3
info|2019-12-12 07:05:55.244975|[g:1][CONSENSUS]addRawPrepare,height=12,reqIdx=3,hash=6dab1dba...
info|2019-12-12 07:05:55.249513|[g:1][CONSENSUS][PBFT]checkTimeout Succ,view=2244,toView=2245,nodeIdx=2,changeCycle=0,myNode=b5a2d0a7...,timecost=2.927
info|2019-12-12 07:05:55.252001|[g:1][CONSENSUS][PBFT]checkAndChangeView: Reach consensus,org_view=2244,org_changeCycle=0,cur_changeCycle=0,to_view=2245
info|2019-12-12 07:05:56.254256|[g:1][CONSENSUS]addRawPrepare,height=12,reqIdx=0,hash=39914f0a...
info|2019-12-12 07:05:56.254744|[g:1][CONSENSUS][PBFT]checkTimeout Succ,view=2245,toView=2246,nodeIdx=2,changeCycle=0,myNode=b5a2d0a7...,timecost=0.365
info|2019-12-12 07:05:56.256485|[g:1][CONSENSUS][PBFT]checkAndChangeView: Reach consensus,org_view=2245,org_changeCycle=0,cur_changeCycle=0,to_view=2246
info|2019-12-12 07:05:57.257737|[g:1][CONSENSUS]addRawPrepare,height=12,reqIdx=1,hash=abc4bd37...
info|2019-12-12 07:05:57.258751|[g:1][CONSENSUS][PBFT]checkTimeout Succ,view=2246,toView=2247,nodeIdx=2,changeCycle=0,myNode=b5a2d0a7...,timecost=0.807
info|2019-12-12 07:05:57.263628|[g:1][CONSENSUS][PBFT]checkAndChangeView: Reach consensus,org_view=2246,org_changeCycle=0,cur_changeCycle=0,to_view=2247
info|2019-12-12 07:05:58.264335|[g:1][CONSENSUS][SEALER]++++++++++++++++ Generating seal on,blkNum=12,tx=0,nodeIdx=2,hash=4c1ceded...
info|2019-12-12 07:05:58.265697|[g:1][CONSENSUS][PBFT]checkTimeout Succ,view=2247,toView=2248,nodeIdx=2,changeCycle=0,myNode=b5a2d0a7...,timecost=0.859
info|2019-12-12 07:05:58.271704|[g:1][CONSENSUS][PBFT]checkAndChangeView: Reach consensus,org_view=2247,org_changeCycle=0,cur_changeCycle=0,to_view=2248
info|2019-12-12 07:05:59.273242|[g:1][CONSENSUS]addRawPrepare,height=12,reqIdx=3,hash=679619cc...
info|2019-12-12 07:05:59.274254|[g:1][CONSENSUS][PBFT]checkTimeout Succ,view=2248,toView=2249,nodeIdx=2,changeCycle=0,myNode=b5a2d0a7...,timecost=0.793
info|2019-12-12 07:05:59.280098|[g:1][CONSENSUS][PBFT]checkAndChangeView: Reach consensus,org_view=2248,org_changeCycle=0,cur_changeCycle=0,to_view=2249
info|2019-12-12 07:06:00.282226|[g:1][CONSENSUS]addRawPrepare,height=12,reqIdx=0,hash=88bdb0e0...
info|2019-12-12 07:06:00.283540|[g:1][CONSENSUS][PBFT]checkTimeout Succ,view=2249,toView=2250,nodeIdx=2,changeCycle=0,myNode=b5a2d0a7...,timecost=1.078
info|2019-12-12 07:06:00.286527|[g:1][CONSENSUS][PBFT]checkAndChangeView: Reach consensus,org_view=2249,org_changeCycle=0,cur_changeCycle=0,to_view=2250
info|2019-12-12 07:06:01.290402|[g:1][CONSENSUS]addRawPrepare,height=12,reqIdx=1,hash=2703de8b...
info|2019-12-12 07:06:01.291701|[g:1][CONSENSUS][PBFT]checkTimeout Succ,view=2250,toView=2251,nodeIdx=2,changeCycle=0,myNode=b5a2d0a7...,timecost=1.053
info|2019-12-12 07:06:01.294762|[g:1][CONSENSUS][PBFT]checkAndChangeView: Reach consensus,org_view=2250,org_changeCycle=0,cur_changeCycle=0,to_view=2251
info|2019-12-12 07:06:02.294384|[g:1][CONSENSUS][SEALER]++++++++++++++++ Generating seal on,blkNum=12,tx=0,nodeIdx=2,hash=33b5984a...
info|2019-12-12 07:06:02.299048|[g:1][CONSENSUS][PBFT]checkTimeout Succ,view=2251,toView=2252,nodeIdx=2,changeCycle=0,myNode=b5a2d0a7...,timecost=0.951
info|2019-12-12 07:06:02.302341|[g:1][CONSENSUS][PBFT]checkAndChangeView: Reach consensus,org_view=2251,org_changeCycle=0,cur_changeCycle=0,to_view=2252
info|2019-12-12 07:06:03.304586|[g:1][CONSENSUS]addRawPrepare,height=12,reqIdx=3,hash=aa0d4076...
info|2019-12-12 07:06:03.305833|[g:1][CONSENSUS][PBFT]checkTimeout Succ,view=2252,toView=2253,nodeIdx=2,changeCycle=0,myNode=b5a2d0a7...,timecost=1.017
info|2019-12-12 07:06:03.309409|[g:1][CONSENSUS][PBFT]checkAndChangeView: Reach consensus,org_view=2252,org_changeCycle=0,cur_changeCycle=0,to_view=2253
info|2019-12-12 07:06:04.312976|[g:1][CONSENSUS]addRawPrepare,height=12,reqIdx=0,hash=1cc369ff...
info|2019-12-12 07:06:04.314044|[g:1][CONSENSUS][PBFT]checkTimeout Succ,view=2253,toView=2254,nodeIdx=2,changeCycle=0,myNode=b5a2d0a7...,timecost=0.835
info|2019-12-12 07:06:04.317993|[g:1][CONSENSUS][PBFT]checkAndChangeView: Reach consensus,org_view=2253,org_changeCycle=0,cur_changeCycle=0,to_view=2254
info|2019-12-12 07:06:05.025870|[P2P][Service] heartBeat,connected count=3
info|2019-12-12 07:06:05.319773|[g:1][CONSENSUS]addRawPrepare,height=12,reqIdx=1,hash=ac972d33...
info|2019-12-12 07:06:05.322664|[g:1][CONSENSUS][PBFT]checkTimeout Succ,view=2254,toView=2255,nodeIdx=2,changeCycle=0,myNode=b5a2d0a7...,timecost=2.656
info|2019-12-12 07:06:05.328125|[g:1][CONSENSUS][PBFT]checkAndChangeView: Reach consensus,org_view=2254,org_changeCycle=0,cur_changeCycle=0,to_view=2255
info|2019-12-12 07:06:06.328511|[g:1][CONSENSUS][SEALER]++++++++++++++++ Generating seal on,blkNum=12,tx=0,nodeIdx=2,hash=82fb1349...
info|2019-12-12 07:06:06.333804|[g:1][CONSENSUS][PBFT]checkTimeout Succ,view=2255,toView=2256,nodeIdx=2,changeCycle=0,myNode=b5a2d0a7...,timecost=1.004
info|2019-12-12 07:06:06.336836|[g:1][CONSENSUS][PBFT]checkAndChangeView: Reach consensus,org_view=2255,org_changeCycle=0,cur_changeCycle=0,to_view=2256
info|2019-12-12 07:06:07.337944|[g:1][CONSENSUS]addRawPrepare,height=12,reqIdx=3,hash=22bbf6f4...
info|2019-12-12 07:06:07.339340|[g:1][CONSENSUS][PBFT]checkTimeout Succ,view=2256,toView=2257,nodeIdx=2,changeCycle=0,myNode=b5a2d0a7...,timecost=1.022
info|2019-12-12 07:06:07.342077|[g:1][CONSENSUS][PBFT]checkAndChangeView: Reach consensus,org_view=2256,org_changeCycle=0,cur_changeCycle=0,to_view=2257
info|2019-12-12 07:06:08.346028|[g:1][CONSENSUS]addRawPrepare,height=12,reqIdx=0,hash=bbdaafa9...
info|2019-12-12 07:06:08.347329|[g:1][CONSENSUS][PBFT]checkTimeout Succ,view=2257,toView=2258,nodeIdx=2,changeCycle=0,myNode=b5a2d0a7...,timecost=1.056
info|2019-12-12 07:06:08.350001|[g:1][CONSENSUS][PBFT]checkAndChangeView: Reach consensus,org_view=2257,org_changeCycle=0,cur_changeCycle=0,to_view=2258
info|2019-12-12 07:06:09.353700|[g:1][CONSENSUS]addRawPrepare,height=12,reqIdx=1,hash=dd802dad...
info|2019-12-12 07:06:09.355231|[g:1][CONSENSUS][PBFT]checkTimeout Succ,view=2258,toView=2259,nodeIdx=2,changeCycle=0,myNode=b5a2d0a7...,timecost=1.329
info|2019-12-12 07:06:09.356895|[g:1][CONSENSUS][PBFT]checkAndChangeView: Reach consensus,org_view=2258,org_changeCycle=0,cur_changeCycle=0,to_view=2259
info|2019-12-12 07:06:10.356592|[g:1][CONSENSUS][SEALER]++++++++++++++++ Generating seal on,blkNum=12,tx=0,nodeIdx=2,hash=51f50727...
info|2019-12-12 07:06:10.357657|[g:1][CONSENSUS][PBFT]checkTimeout Succ,view=2259,toView=2260,nodeIdx=2,changeCycle=0,myNode=b5a2d0a7...,timecost=0.636
info|2019-12-12 07:06:10.362124|[g:1][CONSENSUS][PBFT]checkAndChangeView: Reach consensus,org_view=2259,org_changeCycle=0,cur_changeCycle=0,to_view=2260
info|2019-12-12 07:06:11.364593|[g:1][CONSENSUS]addRawPrepare,height=12,reqIdx=3,hash=ae4b1df8...
info|2019-12-12 07:06:11.366296|[g:1][CONSENSUS][PBFT]checkTimeout Succ,view=2260,toView=2261,nodeIdx=2,changeCycle=0,myNode=b5a2d0a7...,timecost=1.096
info|2019-12-12 07:06:11.371339|[g:1][CONSENSUS][PBFT]checkAndChangeView: Reach consensus,org_view=2260,org_changeCycle=0,cur_changeCycle=0,to_view=2261
info|2019-12-12 07:06:12.371880|[g:1][CONSENSUS]addRawPrepare,height=12,reqIdx=0,hash=4e2c0ab7...
info|2019-12-12 07:06:12.373025|[g:1][CONSENSUS][PBFT]checkTimeout Succ,view=2261,toView=2262,nodeIdx=2,changeCycle=0,myNode=b5a2d0a7...,timecost=0.887
info|2019-12-12 07:06:12.376160|[g:1][CONSENSUS][PBFT]checkAndChangeView: Reach consensus,org_view=2261,org_changeCycle=0,cur_changeCycle=0,to_view=2262
info|2019-12-12 07:06:13.380264|[g:1][CONSENSUS]addRawPrepare,height=12,reqIdx=1,hash=c2449f19...
info|2019-12-12 07:06:13.381283|[g:1][CONSENSUS][PBFT]checkTimeout Succ,view=2262,toView=2263,nodeIdx=2,changeCycle=0,myNode=b5a2d0a7...,timecost=0.808
info|2019-12-12 07:06:13.385766|[g:1][CONSENSUS][PBFT]checkAndChangeView: Reach consensus,org_view=2262,org_changeCycle=0,cur_changeCycle=0,to_view=2263
info|2019-12-12 07:06:14.385628|[g:1][CONSENSUS][SEALER]++++++++++++++++ Generating seal on,blkNum=12,tx=0,nodeIdx=2,hash=4795086b...
info|2019-12-12 07:06:14.390509|[g:1][CONSENSUS][PBFT]checkTimeout Succ,view=2263,toView=2264,nodeIdx=2,changeCycle=0,myNode=b5a2d0a7...,timecost=0.828
info|2019-12-12 07:06:14.393289|[g:1][CONSENSUS][PBFT]checkAndChangeView: Reach consensus,org_view=2263,org_changeCycle=0,cur_changeCycle=0,to_view=2264
info|2019-12-12 07:06:15.032115|[P2P][Service] heartBeat,connected count=3
info|2019-12-12 07:06:15.396681|[g:1][CONSENSUS]addRawPrepare,height=12,reqIdx=3,hash=e6245549...
info|2019-12-12 07:06:15.397826|[g:1][CONSENSUS][PBFT]checkTimeout Succ,view=2264,toView=2265,nodeIdx=2,changeCycle=0,myNode=b5a2d0a7...,timecost=0.839
info|2019-12-12 07:06:15.403080|[g:1][CONSENSUS][PBFT]checkAndChangeView: Reach consensus,org_view=2264,org_changeCycle=0,cur_changeCycle=0,to_view=2265
info|2019-12-12 07:06:16.407403|[g:1][CONSENSUS]addRawPrepare,height=12,reqIdx=0,hash=fb351587...
info|2019-12-12 07:06:16.410133|[g:1][CONSENSUS][PBFT]checkTimeout Succ,view=2265,toView=2266,nodeIdx=2,changeCycle=0,myNode=b5a2d0a7...,timecost=2.479
info|2019-12-12 07:06:16.412607|[g:1][CONSENSUS][PBFT]checkAndChangeView: Reach consensus,org_view=2265,org_changeCycle=0,cur_changeCycle=0,to_view=2266
info|2019-12-12 07:06:17.414290|[g:1][CONSENSUS]addRawPrepare,height=12,reqIdx=1,hash=877d6181...
info|2019-12-12 07:06:17.415606|[g:1][CONSENSUS][PBFT]checkTimeout Succ,view=2266,toView=2267,nodeIdx=2,changeCycle=0,myNode=b5a2d0a7...,timecost=0.911
info|2019-12-12 07:06:17.418289|[g:1][CONSENSUS][PBFT]checkAndChangeView: Reach consensus,org_view=2266,org_changeCycle=0,cur_changeCycle=0,to_view=2267
info|2019-12-12 07:06:18.418257|[g:1][CONSENSUS][SEALER]++++++++++++++++ Generating seal on,blkNum=12,tx=0,nodeIdx=2,hash=a8853f0a...
info|2019-12-12 07:06:18.423878|[g:1][CONSENSUS][PBFT]checkTimeout Succ,view=2267,toView=2268,nodeIdx=2,changeCycle=0,myNode=b5a2d0a7...,timecost=0.953
info|2019-12-12 07:06:18.426383|[g:1][CONSENSUS][PBFT]checkAndChangeView: Reach consensus,org_view=2267,org_changeCycle=0,cur_changeCycle=0,to_view=2268
