warning|2019-12-12 00:22:38.978391|[g:1][CONSENSUS][PBFT]ViewChangeWarning: not caused by omit empty block ,v=1989,toV=1990,curNum=11,hash=9b39b6b9...,nodeIdx=2,myNode=b5a2d0a7...
info|2019-12-12 00:22:39.238786|[g:1][CONSENSUS][PBFT]checkTimeout Succ,view=1989,toView=1990,nodeIdx=2,changeCycle=1,myNode=b5a2d0a7...,timecost=525.667
info|2019-12-12 00:22:39.267339|[P2P][Service] heartBeat,connected count=3
info|2019-12-12 00:22:39.292394|[g:1][CONSENSUS][PBFT]checkAndChangeView: Reach consensus,org_view=1989,org_changeCycle=1,cur_changeCycle=1,to_view=1990
info|2019-12-12 00:22:40.297667|[g:1][CONSENSUS]addRawPrepare,height=12,reqIdx=1,hash=88ba0da7...
info|2019-12-12 00:22:40.301475|[g:1][CONSENSUS][PBFT]checkTimeout Succ,view=1990,toView=1991,nodeIdx=2,changeCycle=0,myNode=b5a2d0a7...,timecost=0.552
info|2019-12-12 00:22:40.303291|[g:1][CONSENSUS][PBFT]checkAndChangeView: Reach consensus,org_view=1990,org_changeCycle=0,cur_changeCycle=0,to_view=1991
info|2019-12-12 00:22:41.303922|[g:1][CONSENSUS][SEALER]++++++++++++++++ Generating seal on,blkNum=12,tx=0,nodeIdx=2,hash=6d83a148...
info|2019-12-12 00:22:41.308291|[g:1][CONSENSUS][PBFT]checkTimeout Succ,view=1991,toView=1992,nodeIdx=2,changeCycle=0,myNode=b5a2d0a7...,timecost=0.593
info|2019-12-12 00:22:41.309547|[g:1][CONSENSUS][PBFT]checkAndChangeView: Reach consensus,org_view=1991,org_changeCycle=0,cur_changeCycle=0,to_view=1992
info|2019-12-12 00:22:42.310991|[g:1][CONSENSUS]addRawPrepare,height=12,reqIdx=3,hash=a305ac83...
info|2019-12-12 00:22:42.312753|[g:1][CONSENSUS][PBFT]checkTimeout Succ,view=1992,toView=1993,nodeIdx=2,changeCycle=0,myNode=b5a2d0a7...,timecost=1.099
info|2019-12-12 00:22:42.316550|[g:1][CONSENSUS][PBFT]checkAndChangeView: Reach consensus,org_view=1992,org_changeCycle=0,cur_changeCycle=0,to_view=1993
info|2019-12-12 00:22:43.319235|[g:1][CONSENSUS]addRawPrepare,height=12,reqIdx=0,hash=c4b52fc3...
info|2019-12-12 00:22:43.320449|[g:1][CONSENSUS][PBFT]checkTimeout Succ,view=1993,toView=1994,nodeIdx=2,changeCycle=0,myNode=b5a2d0a7...,timecost=0.9
info|2019-12-12 00:22:43.322693|[g:1][CONSENSUS][PBFT]checkAndChangeView: Reach consensus,org_view=1993,org_changeCycle=0,cur_changeCycle=0,to_view=1994
info|2019-12-12 00:22:44.155790|[NETWORK][Session]Received topic: [45	_block_notify_1] from d0064285ad40d449fb7742ee6993e45d0f65a740af9ad35a750f9a29774bcb70d09d3807b299bee76e0ad26ba896aa50303282d154e95d20d35ed79d3dfbc868
info|2019-12-12 00:22:44.325718|[g:1][CONSENSUS]addRawPrepare,height=12,reqIdx=1,hash=96b72396...
info|2019-12-12 00:22:44.327077|[g:1][CONSENSUS][PBFT]checkTimeout Succ,view=1994,toView=1995,nodeIdx=2,changeCycle=0,myNode=b5a2d0a7...,timecost=0.941
info|2019-12-12 00:22:44.335318|[g:1][CONSENSUS][PBFT]checkAndChangeView: Reach consensus,org_view=1994,org_changeCycle=0,cur_changeCycle=0,to_view=1995
info|2019-12-12 00:22:45.336267|[g:1][CONSENSUS][SEALER]++++++++++++++++ Generating seal on,blkNum=12,tx=0,nodeIdx=2,hash=eb3c4133...
info|2019-12-12 00:22:45.338222|[g:1][CONSENSUS][PBFT]checkTimeout Succ,view=1995,toView=1996,nodeIdx=2,changeCycle=0,myNode=b5a2d0a7...,timecost=1.101
info|2019-12-12 00:22:45.343605|[g:1][CONSENSUS][PBFT]checkAndChangeView: Reach consensus,org_view=1995,org_changeCycle=0,cur_changeCycle=0,to_view=1996
info|2019-12-12 00:22:46.345202|[g:1][CONSENSUS]addRawPrepare,height=12,reqIdx=3,hash=53c768c5...
info|2019-12-12 00:22:46.346490|[g:1][CONSENSUS][PBFT]checkTimeout Succ,view=1996,toView=1997,nodeIdx=2,changeCycle=0,myNode=b5a2d0a7...,timecost=0.856
info|2019-12-12 00:22:46.348972|[g:1][CONSENSUS][PBFT]checkAndChangeView: Reach consensus,org_view=1996,org_changeCycle=0,cur_changeCycle=0,to_view=1997
info|2019-12-12 00:22:47.351668|[g:1][CONSENSUS]addRawPrepare,height=12,reqIdx=0,hash=ae20a08f...
info|2019-12-12 00:22:47.352522|[g:1][CONSENSUS][PBFT]checkTimeout Succ,view=1997,toView=1998,nodeIdx=2,changeCycle=0,myNode=b5a2d0a7...,timecost=0.508
info|2019-12-12 00:22:47.353886|[g:1][CONSENSUS][PBFT]checkAndChangeView: Reach consensus,org_view=1997,org_changeCycle=0,cur_changeCycle=0,to_view=1998
info|2019-12-12 00:22:48.356730|[g:1][CONSENSUS]addRawPrepare,height=12,reqIdx=1,hash=80428c9e...
info|2019-12-12 00:22:48.357550|[g:1][CONSENSUS][PBFT]checkTimeout Succ,view=1998,toView=1999,nodeIdx=2,changeCycle=0,myNode=b5a2d0a7...,timecost=0.614
info|2019-12-12 00:22:48.359909|[g:1][CONSENSUS][PBFT]checkAndChangeView: Reach consensus,org_view=1998,org_changeCycle=0,cur_changeCycle=0,to_view=1999
info|2019-12-12 00:22:49.276041|[P2P][Service] heartBeat,connected count=3
info|2019-12-12 00:22:49.360094|[g:1][CONSENSUS][SEALER]++++++++++++++++ Generating seal on,blkNum=12,tx=0,nodeIdx=2,hash=435cf44c...
info|2019-12-12 00:22:49.363263|[g:1][CONSENSUS][PBFT]checkTimeout Succ,view=1999,toView=2000,nodeIdx=2,changeCycle=0,myNode=b5a2d0a7...,timecost=0.451
info|2019-12-12 00:22:49.364707|[g:1][CONSENSUS][PBFT]checkAndChangeView: Reach consensus,org_view=1999,org_changeCycle=0,cur_changeCycle=0,to_view=2000
info|2019-12-12 00:22:50.367333|[g:1][CONSENSUS]addRawPrepare,height=12,reqIdx=3,hash=5a4aa731...
info|2019-12-12 00:22:50.369127|[g:1][CONSENSUS][PBFT]checkTimeout Succ,view=2000,toView=2001,nodeIdx=2,changeCycle=0,myNode=b5a2d0a7...,timecost=1.366
info|2019-12-12 00:22:50.373795|[g:1][CONSENSUS][PBFT]checkAndChangeView: Reach consensus,org_view=2000,org_changeCycle=0,cur_changeCycle=0,to_view=2001
info|2019-12-12 00:22:51.374715|[g:1][CONSENSUS]addRawPrepare,height=12,reqIdx=0,hash=b7d6fdf4...
info|2019-12-12 00:22:51.375594|[g:1][CONSENSUS][PBFT]checkTimeout Succ,view=2001,toView=2002,nodeIdx=2,changeCycle=0,myNode=b5a2d0a7...,timecost=0.72
info|2019-12-12 00:22:51.377631|[g:1][CONSENSUS][PBFT]checkAndChangeView: Reach consensus,org_view=2001,org_changeCycle=0,cur_changeCycle=0,to_view=2002
info|2019-12-12 00:22:52.378926|[g:1][CONSENSUS]addRawPrepare,height=12,reqIdx=1,hash=7f3803be...
info|2019-12-12 00:22:52.381578|[g:1][CONSENSUS][PBFT]checkTimeout Succ,view=2002,toView=2003,nodeIdx=2,changeCycle=0,myNode=b5a2d0a7...,timecost=2.351
info|2019-12-12 00:22:52.382857|[g:1][CONSENSUS][PBFT]checkAndChangeView: Reach consensus,org_view=2002,org_changeCycle=0,cur_changeCycle=0,to_view=2003
info|2019-12-12 00:22:53.382938|[g:1][CONSENSUS][SEALER]++++++++++++++++ Generating seal on,blkNum=12,tx=0,nodeIdx=2,hash=e38a9577...
info|2019-12-12 00:22:53.389622|[g:1][CONSENSUS][PBFT]checkTimeout Succ,view=2003,toView=2004,nodeIdx=2,changeCycle=0,myNode=b5a2d0a7...,timecost=2.057
info|2019-12-12 00:22:53.390109|[g:1][CONSENSUS][PBFT]checkAndChangeView: Reach consensus,org_view=2003,org_changeCycle=0,cur_changeCycle=0,to_view=2004
info|2019-12-12 00:22:54.393164|[g:1][CONSENSUS]addRawPrepare,height=12,reqIdx=3,hash=67516ac2...
info|2019-12-12 00:22:54.395675|[g:1][CONSENSUS][PBFT]checkTimeout Succ,view=2004,toView=2005,nodeIdx=2,changeCycle=0,myNode=b5a2d0a7...,timecost=1.719
info|2019-12-12 00:22:54.399480|[g:1][CONSENSUS][PBFT]checkAndChangeView: Reach consensus,org_view=2004,org_changeCycle=0,cur_changeCycle=0,to_view=2005
info|2019-12-12 00:22:55.398827|[g:1][CONSENSUS]addRawPrepare,height=12,reqIdx=0,hash=046aece5...
info|2019-12-12 00:22:55.400126|[g:1][CONSENSUS][PBFT]checkTimeout Succ,view=2005,toView=2006,nodeIdx=2,changeCycle=0,myNode=b5a2d0a7...,timecost=0.896
info|2019-12-12 00:22:55.402882|[g:1][CONSENSUS][PBFT]checkAndChangeView: Reach consensus,org_view=2005,org_changeCycle=0,cur_changeCycle=0,to_view=2006
info|2019-12-12 00:22:56.406769|[g:1][CONSENSUS]addRawPrepare,height=12,reqIdx=1,hash=620dd00d...
info|2019-12-12 00:22:56.408019|[g:1][CONSENSUS][PBFT]checkTimeout Succ,view=2006,toView=2007,nodeIdx=2,changeCycle=0,myNode=b5a2d0a7...,timecost=0.881
info|2019-12-12 00:22:56.412093|[g:1][CONSENSUS][PBFT]checkAndChangeView: Reach consensus,org_view=2006,org_changeCycle=0,cur_changeCycle=0,to_view=2007
info|2019-12-12 00:22:57.413557|[g:1][CONSENSUS][SEALER]++++++++++++++++ Generating seal on,blkNum=12,tx=0,nodeIdx=2,hash=8721e3e1...
info|2019-12-12 00:22:57.419563|[g:1][CONSENSUS][PBFT]checkTimeout Succ,view=2007,toView=2008,nodeIdx=2,changeCycle=0,myNode=b5a2d0a7...,timecost=0.983
info|2019-12-12 00:22:57.422161|[g:1][CONSENSUS][PBFT]checkAndChangeView: Reach consensus,org_view=2007,org_changeCycle=0,cur_changeCycle=0,to_view=2008
info|2019-12-12 00:22:58.424988|[g:1][CONSENSUS]addRawPrepare,height=12,reqIdx=3,hash=1a10e63f...
info|2019-12-12 00:22:58.427396|[g:1][CONSENSUS][PBFT]checkTimeout Succ,view=2008,toView=2009,nodeIdx=2,changeCycle=0,myNode=b5a2d0a7...,timecost=2.086
info|2019-12-12 00:22:58.431469|[g:1][CONSENSUS][PBFT]checkAndChangeView: Reach consensus,org_view=2008,org_changeCycle=0,cur_changeCycle=0,to_view=2009
info|2019-12-12 00:22:59.281976|[P2P][Service] heartBeat,connected count=3
info|2019-12-12 00:22:59.435527|[g:1][CONSENSUS]addRawPrepare,height=12,reqIdx=0,hash=1d819ed5...
info|2019-12-12 00:22:59.436921|[g:1][CONSENSUS][PBFT]checkTimeout Succ,view=2009,toView=2010,nodeIdx=2,changeCycle=0,myNode=b5a2d0a7...,timecost=0.976
info|2019-12-12 00:22:59.440792|[g:1][CONSENSUS][PBFT]checkAndChangeView: Reach consensus,org_view=2009,org_changeCycle=0,cur_changeCycle=0,to_view=2010
info|2019-12-12 00:23:00.445432|[g:1][CONSENSUS]addRawPrepare,height=12,reqIdx=1,hash=93243727...
info|2019-12-12 00:23:00.446163|[g:1][CONSENSUS][PBFT]checkTimeout Succ,view=2010,toView=2011,nodeIdx=2,changeCycle=0,myNode=b5a2d0a7...,timecost=0.488
info|2019-12-12 00:23:00.448625|[g:1][CONSENSUS][PBFT]checkAndChangeView: Reach consensus,org_view=2010,org_changeCycle=0,cur_changeCycle=0,to_view=2011
info|2019-12-12 00:23:01.449506|[g:1][CONSENSUS][SEALER]++++++++++++++++ Generating seal on,blkNum=12,tx=0,nodeIdx=2,hash=cddc9435...
info|2019-12-12 00:23:01.450806|[g:1][CONSENSUS][PBFT]checkTimeout Succ,view=2011,toView=2012,nodeIdx=2,changeCycle=0,myNode=b5a2d0a7...,timecost=0.788
info|2019-12-12 00:23:01.455502|[g:1][CONSENSUS][PBFT]checkAndChangeView: Reach consensus,org_view=2011,org_changeCycle=0,cur_changeCycle=0,to_view=2012
info|2019-12-12 00:23:02.456809|[g:1][CONSENSUS]addRawPrepare,height=12,reqIdx=3,hash=ce8a249d...
info|2019-12-12 00:23:02.457523|[g:1][CONSENSUS][PBFT]checkTimeout Succ,view=2012,toView=2013,nodeIdx=2,changeCycle=0,myNode=b5a2d0a7...,timecost=0.456
info|2019-12-12 00:23:02.459200|[g:1][CONSENSUS][PBFT]checkAndChangeView: Reach consensus,org_view=2012,org_changeCycle=0,cur_changeCycle=0,to_view=2013
info|2019-12-12 00:23:03.463378|[g:1][CONSENSUS]addRawPrepare,height=12,reqIdx=0,hash=1aeabc1a...
info|2019-12-12 00:23:03.464552|[g:1][CONSENSUS][PBFT]checkTimeout Succ,view=2013,toView=2014,nodeIdx=2,changeCycle=0,myNode=b5a2d0a7...,timecost=0.862
info|2019-12-12 00:23:03.468992|[g:1][CONSENSUS][PBFT]checkAndChangeView: Reach consensus,org_view=2013,org_changeCycle=0,cur_changeCycle=0,to_view=2014
info|2019-12-12 00:23:04.484807|[g:1][CONSENSUS]addRawPrepare,height=12,reqIdx=1,hash=d4da2989...
info|2019-12-12 00:23:04.487392|[g:1][CONSENSUS][PBFT]checkTimeout Succ,view=2014,toView=2015,nodeIdx=2,changeCycle=0,myNode=b5a2d0a7...,timecost=2.268
info|2019-12-12 00:23:04.491280|[g:1][CONSENSUS][PBFT]checkAndChangeView: Reach consensus,org_view=2014,org_changeCycle=0,cur_changeCycle=0,to_view=2015
info|2019-12-12 00:23:05.491420|[g:1][CONSENSUS][SEALER]++++++++++++++++ Generating seal on,blkNum=12,tx=0,nodeIdx=2,hash=e06ac883...
info|2019-12-12 00:23:05.496957|[g:1][CONSENSUS][PBFT]checkTimeout Succ,view=2015,toView=2016,nodeIdx=2,changeCycle=0,myNode=b5a2d0a7...,timecost=0.618
info|2019-12-12 00:23:05.500317|[g:1][CONSENSUS][PBFT]checkAndChangeView: Reach consensus,org_view=2015,org_changeCycle=0,cur_changeCycle=0,to_view=2016
info|2019-12-12 00:23:06.501562|[g:1][CONSENSUS]addRawPrepare,height=12,reqIdx=3,hash=c99b58ef...
info|2019-12-12 00:23:06.507105|[g:1][CONSENSUS][PBFT]checkTimeout Succ,view=2016,toView=2017,nodeIdx=2,changeCycle=0,myNode=b5a2d0a7...,timecost=1.743
info|2019-12-12 00:23:06.508896|[g:1][CONSENSUS][PBFT]checkAndChangeView: Reach consensus,org_view=2016,org_changeCycle=0,cur_changeCycle=0,to_view=2017
info|2019-12-12 00:23:07.509210|[g:1][CONSENSUS]addRawPrepare,height=12,reqIdx=0,hash=3fc37c57...
info|2019-12-12 00:23:07.510225|[g:1][CONSENSUS][PBFT]checkTimeout Succ,view=2017,toView=2018,nodeIdx=2,changeCycle=0,myNode=b5a2d0a7...,timecost=0.759
info|2019-12-12 00:23:07.512042|[g:1][CONSENSUS][PBFT]checkAndChangeView: Reach consensus,org_view=2017,org_changeCycle=0,cur_changeCycle=0,to_view=2018
info|2019-12-12 00:23:08.514831|[g:1][CONSENSUS]addRawPrepare,height=12,reqIdx=1,hash=1e8c42ee...
info|2019-12-12 00:23:08.515579|[g:1][CONSENSUS][PBFT]checkTimeout Succ,view=2018,toView=2019,nodeIdx=2,changeCycle=0,myNode=b5a2d0a7...,timecost=0.581
info|2019-12-12 00:23:08.517419|[g:1][CONSENSUS][PBFT]checkAndChangeView: Reach consensus,org_view=2018,org_changeCycle=0,cur_changeCycle=0,to_view=2019
info|2019-12-12 00:23:09.292075|[P2P][Service] heartBeat,connected count=3
info|2019-12-12 00:23:09.517296|[g:1][CONSENSUS][SEALER]++++++++++++++++ Generating seal on,blkNum=12,tx=0,nodeIdx=2,hash=d61b6137...
info|2019-12-12 00:23:09.521050|[g:1][CONSENSUS][PBFT]checkTimeout Succ,view=2019,toView=2020,nodeIdx=2,changeCycle=0,myNode=b5a2d0a7...,timecost=0.64
info|2019-12-12 00:23:09.523427|[g:1][CONSENSUS][PBFT]checkAndChangeView: Reach consensus,org_view=2019,org_changeCycle=0,cur_changeCycle=0,to_view=2020
info|2019-12-12 00:23:10.524846|[g:1][CONSENSUS]addRawPrepare,height=12,reqIdx=3,hash=4e136211...
info|2019-12-12 00:23:10.526007|[g:1][CONSENSUS][PBFT]checkTimeout Succ,view=2020,toView=2021,nodeIdx=2,changeCycle=0,myNode=b5a2d0a7...,timecost=0.946
info|2019-12-12 00:23:10.529981|[g:1][CONSENSUS][PBFT]checkAndChangeView: Reach consensus,org_view=2020,org_changeCycle=0,cur_changeCycle=0,to_view=2021
info|2019-12-12 00:23:11.534174|[g:1][CONSENSUS]addRawPrepare,height=12,reqIdx=0,hash=33084f57...
info|2019-12-12 00:23:11.535918|[g:1][CONSENSUS][PBFT]checkTimeout Succ,view=2021,toView=2022,nodeIdx=2,changeCycle=0,myNode=b5a2d0a7...,timecost=1.415
info|2019-12-12 00:23:11.538950|[g:1][CONSENSUS][PBFT]checkAndChangeView: Reach consensus,org_view=2021,org_changeCycle=0,cur_changeCycle=0,to_view=2022
info|2019-12-12 00:23:12.542480|[g:1][CONSENSUS]addRawPrepare,height=12,reqIdx=1,hash=60b34e8e...
info|2019-12-12 00:23:12.544672|[g:1][CONSENSUS][PBFT]checkTimeout Succ,view=2022,toView=2023,nodeIdx=2,changeCycle=0,myNode=b5a2d0a7...,timecost=1.653
info|2019-12-12 00:23:12.547429|[g:1][CONSENSUS][PBFT]checkAndChangeView: Reach consensus,org_view=2022,org_changeCycle=0,cur_changeCycle=0,to_view=2023
info|2019-12-12 00:23:13.547745|[g:1][CONSENSUS][SEALER]++++++++++++++++ Generating seal on,blkNum=12,tx=0,nodeIdx=2,hash=16c4cfc6...
info|2019-12-12 00:23:13.554999|[g:1][CONSENSUS][PBFT]checkTimeout Succ,view=2023,toView=2024,nodeIdx=2,changeCycle=0,myNode=b5a2d0a7...,timecost=1.171
info|2019-12-12 00:23:13.556092|[g:1][CONSENSUS][PBFT]checkAndChangeView: Reach consensus,org_view=2023,org_changeCycle=0,cur_changeCycle=0,to_view=2024
