warning|2019-12-12 01:02:42.021193|[g:1][CONSENSUS][PBFT]ViewChangeWarning: not caused by omit empty block ,v=2024,toV=2025,curNum=11,hash=9b39b6b9...,nodeIdx=2,myNode=b5a2d0a7...
info|2019-12-12 01:02:42.024255|[g:1][CONSENSUS][PBFT]checkTimeout Succ,view=2024,toView=2025,nodeIdx=2,changeCycle=1,myNode=b5a2d0a7...,timecost=17.576
info|2019-12-12 01:02:42.024285|[P2P][Service] heartBeat,connected count=3
info|2019-12-12 01:02:42.031122|[g:1][CONSENSUS][PBFT]checkAndChangeView: Reach consensus,org_view=2024,org_changeCycle=1,cur_changeCycle=1,to_view=2025
info|2019-12-12 01:02:43.029868|[g:1][CONSENSUS]addRawPrepare,height=12,reqIdx=0,hash=5b505073...
info|2019-12-12 01:02:43.030503|[g:1][CONSENSUS][PBFT]checkTimeout Succ,view=2025,toView=2026,nodeIdx=2,changeCycle=0,myNode=b5a2d0a7...,timecost=0.421
info|2019-12-12 01:02:43.032218|[g:1][CONSENSUS][PBFT]checkAndChangeView: Reach consensus,org_view=2025,org_changeCycle=0,cur_changeCycle=0,to_view=2026
info|2019-12-12 01:02:42.738165|[g:1][CONSENSUS]addRawPrepare,height=12,reqIdx=1,hash=ef5a955e...
info|2019-12-12 01:02:42.738981|[g:1][CONSENSUS][PBFT]checkTimeout Succ,view=2026,toView=2027,nodeIdx=2,changeCycle=0,myNode=b5a2d0a7...,timecost=0.55
info|2019-12-12 01:02:42.742857|[g:1][CONSENSUS][PBFT]checkAndChangeView: Reach consensus,org_view=2026,org_changeCycle=0,cur_changeCycle=0,to_view=2027
info|2019-12-12 01:02:43.742396|[g:1][CONSENSUS][SEALER]++++++++++++++++ Generating seal on,blkNum=12,tx=0,nodeIdx=2,hash=a731bf64...
info|2019-12-12 01:02:43.748315|[g:1][CONSENSUS][PBFT]checkTimeout Succ,view=2027,toView=2028,nodeIdx=2,changeCycle=0,myNode=b5a2d0a7...,timecost=0.814
info|2019-12-12 01:02:43.750884|[g:1][CONSENSUS][PBFT]checkAndChangeView: Reach consensus,org_view=2027,org_changeCycle=0,cur_changeCycle=0,to_view=2028
info|2019-12-12 01:02:44.754861|[g:1][CONSENSUS]addRawPrepare,height=12,reqIdx=3,hash=5f56e49c...
info|2019-12-12 01:02:44.757367|[g:1][CONSENSUS][PBFT]checkTimeout Succ,view=2028,toView=2029,nodeIdx=2,changeCycle=0,myNode=b5a2d0a7...,timecost=2.233
info|2019-12-12 01:02:44.760266|[g:1][CONSENSUS][PBFT]checkAndChangeView: Reach consensus,org_view=2028,org_changeCycle=0,cur_changeCycle=0,to_view=2029
info|2019-12-12 01:02:45.764153|[g:1][CONSENSUS]addRawPrepare,height=12,reqIdx=0,hash=a6c86f8f...
info|2019-12-12 01:02:45.765915|[g:1][CONSENSUS][PBFT]checkTimeout Succ,view=2029,toView=2030,nodeIdx=2,changeCycle=0,myNode=b5a2d0a7...,timecost=1.525
info|2019-12-12 01:02:45.767779|[g:1][CONSENSUS][PBFT]checkAndChangeView: Reach consensus,org_view=2029,org_changeCycle=0,cur_changeCycle=0,to_view=2030
info|2019-12-12 01:02:46.771056|[g:1][CONSENSUS]addRawPrepare,height=12,reqIdx=1,hash=15280d7b...
info|2019-12-12 01:02:46.772153|[g:1][CONSENSUS][PBFT]checkTimeout Succ,view=2030,toView=2031,nodeIdx=2,changeCycle=0,myNode=b5a2d0a7...,timecost=0.843
info|2019-12-12 01:02:46.776006|[g:1][CONSENSUS][PBFT]checkAndChangeView: Reach consensus,org_view=2030,org_changeCycle=0,cur_changeCycle=0,to_view=2031
info|2019-12-12 01:02:47.776933|[g:1][CONSENSUS][SEALER]++++++++++++++++ Generating seal on,blkNum=12,tx=0,nodeIdx=2,hash=85408036...
info|2019-12-12 01:02:47.778515|[g:1][CONSENSUS][PBFT]checkTimeout Succ,view=2031,toView=2032,nodeIdx=2,changeCycle=0,myNode=b5a2d0a7...,timecost=0.694
info|2019-12-12 01:02:47.781592|[g:1][CONSENSUS][PBFT]checkAndChangeView: Reach consensus,org_view=2031,org_changeCycle=0,cur_changeCycle=0,to_view=2032
info|2019-12-12 01:02:48.784213|[g:1][CONSENSUS]addRawPrepare,height=12,reqIdx=3,hash=cad4e27b...
info|2019-12-12 01:02:48.785588|[g:1][CONSENSUS][PBFT]checkTimeout Succ,view=2032,toView=2033,nodeIdx=2,changeCycle=0,myNode=b5a2d0a7...,timecost=1.126
info|2019-12-12 01:02:48.788997|[g:1][CONSENSUS][PBFT]checkAndChangeView: Reach consensus,org_view=2032,org_changeCycle=0,cur_changeCycle=0,to_view=2033
info|2019-12-12 01:02:49.792726|[g:1][CONSENSUS]addRawPrepare,height=12,reqIdx=0,hash=e988dffb...
info|2019-12-12 01:02:49.794938|[g:1][CONSENSUS][PBFT]checkTimeout Succ,view=2033,toView=2034,nodeIdx=2,changeCycle=0,myNode=b5a2d0a7...,timecost=1.853
info|2019-12-12 01:02:49.797665|[g:1][CONSENSUS][PBFT]checkAndChangeView: Reach consensus,org_view=2033,org_changeCycle=0,cur_changeCycle=0,to_view=2034
info|2019-12-12 01:02:50.801280|[g:1][CONSENSUS]addRawPrepare,height=12,reqIdx=1,hash=46b5de0a...
info|2019-12-12 01:02:50.802114|[g:1][CONSENSUS][PBFT]checkTimeout Succ,view=2034,toView=2035,nodeIdx=2,changeCycle=0,myNode=b5a2d0a7...,timecost=0.581
info|2019-12-12 01:02:50.804447|[g:1][CONSENSUS][PBFT]checkAndChangeView: Reach consensus,org_view=2034,org_changeCycle=0,cur_changeCycle=0,to_view=2035
info|2019-12-12 01:02:51.804921|[g:1][CONSENSUS][SEALER]++++++++++++++++ Generating seal on,blkNum=12,tx=0,nodeIdx=2,hash=c8340c66...
info|2019-12-12 01:02:51.810531|[g:1][CONSENSUS][PBFT]checkTimeout Succ,view=2035,toView=2036,nodeIdx=2,changeCycle=0,myNode=b5a2d0a7...,timecost=1.007
info|2019-12-12 01:02:51.812786|[g:1][CONSENSUS][PBFT]checkAndChangeView: Reach consensus,org_view=2035,org_changeCycle=0,cur_changeCycle=0,to_view=2036
info|2019-12-12 01:02:52.025211|[P2P][Service] heartBeat,connected count=3
info|2019-12-12 01:02:52.814134|[g:1][CONSENSUS]addRawPrepare,height=12,reqIdx=3,hash=5e4b262c...
info|2019-12-12 01:02:52.817390|[g:1][CONSENSUS][PBFT]checkTimeout Succ,view=2036,toView=2037,nodeIdx=2,changeCycle=0,myNode=b5a2d0a7...,timecost=2.852
info|2019-12-12 01:02:52.819491|[g:1][CONSENSUS][PBFT]checkAndChangeView: Reach consensus,org_view=2036,org_changeCycle=0,cur_changeCycle=0,to_view=2037
info|2019-12-12 01:02:53.819954|[g:1][CONSENSUS]addRawPrepare,height=12,reqIdx=0,hash=a485a546...
info|2019-12-12 01:02:53.820685|[g:1][CONSENSUS][PBFT]checkTimeout Succ,view=2037,toView=2038,nodeIdx=2,changeCycle=0,myNode=b5a2d0a7...,timecost=0.558
info|2019-12-12 01:02:53.823210|[g:1][CONSENSUS][PBFT]checkAndChangeView: Reach consensus,org_view=2037,org_changeCycle=0,cur_changeCycle=0,to_view=2038
info|2019-12-12 01:02:54.829030|[g:1][CONSENSUS]addRawPrepare,height=12,reqIdx=1,hash=334dbddd...
info|2019-12-12 01:02:54.830128|[g:1][CONSENSUS][PBFT]checkTimeout Succ,view=2038,toView=2039,nodeIdx=2,changeCycle=0,myNode=b5a2d0a7...,timecost=0.954
info|2019-12-12 01:02:54.833367|[g:1][CONSENSUS][PBFT]checkAndChangeView: Reach consensus,org_view=2038,org_changeCycle=0,cur_changeCycle=0,to_view=2039
info|2019-12-12 01:02:55.834468|[g:1][CONSENSUS][SEALER]++++++++++++++++ Generating seal on,blkNum=12,tx=0,nodeIdx=2,hash=16cb8ee1...
info|2019-12-12 01:02:55.835614|[g:1][CONSENSUS][PBFT]checkTimeout Succ,view=2039,toView=2040,nodeIdx=2,changeCycle=0,myNode=b5a2d0a7...,timecost=0.701
info|2019-12-12 01:02:55.839866|[g:1][CONSENSUS][PBFT]checkAndChangeView: Reach consensus,org_view=2039,org_changeCycle=0,cur_changeCycle=0,to_view=2040
info|2019-12-12 01:02:56.841580|[g:1][CONSENSUS]addRawPrepare,height=12,reqIdx=3,hash=57ef9475...
info|2019-12-12 01:02:56.842730|[g:1][CONSENSUS][PBFT]checkTimeout Succ,view=2040,toView=2041,nodeIdx=2,changeCycle=0,myNode=b5a2d0a7...,timecost=0.909
info|2019-12-12 01:02:56.845698|[g:1][CONSENSUS][PBFT]checkAndChangeView: Reach consensus,org_view=2040,org_changeCycle=0,cur_changeCycle=0,to_view=2041
info|2019-12-12 01:02:57.851729|[g:1][CONSENSUS]addRawPrepare,height=12,reqIdx=0,hash=bc2b24ba...
info|2019-12-12 01:02:57.852462|[g:1][CONSENSUS][PBFT]checkTimeout Succ,view=2041,toView=2042,nodeIdx=2,changeCycle=0,myNode=b5a2d0a7...,timecost=0.572
info|2019-12-12 01:02:57.854686|[g:1][CONSENSUS][PBFT]checkAndChangeView: Reach consensus,org_view=2041,org_changeCycle=0,cur_changeCycle=0,to_view=2042
info|2019-12-12 01:02:58.856461|[g:1][CONSENSUS]addRawPrepare,height=12,reqIdx=1,hash=f6fc8791...
info|2019-12-12 01:02:58.857194|[g:1][CONSENSUS][PBFT]checkTimeout Succ,view=2042,toView=2043,nodeIdx=2,changeCycle=0,myNode=b5a2d0a7...,timecost=0.502
info|2019-12-12 01:02:58.859453|[g:1][CONSENSUS][PBFT]checkAndChangeView: Reach consensus,org_view=2042,org_changeCycle=0,cur_changeCycle=0,to_view=2043
info|2019-12-12 01:02:59.859576|[g:1][CONSENSUS][SEALER]++++++++++++++++ Generating seal on,blkNum=12,tx=0,nodeIdx=2,hash=188e024c...
info|2019-12-12 01:02:59.860338|[g:1][CONSENSUS][PBFT]checkTimeout Succ,view=2043,toView=2044,nodeIdx=2,changeCycle=0,myNode=b5a2d0a7...,timecost=0.373
info|2019-12-12 01:02:59.863438|[g:1][CONSENSUS][PBFT]checkAndChangeView: Reach consensus,org_view=2043,org_changeCycle=0,cur_changeCycle=0,to_view=2044
info|2019-12-12 01:03:00.865666|[g:1][CONSENSUS]addRawPrepare,height=12,reqIdx=3,hash=e9686406...
info|2019-12-12 01:03:00.866944|[g:1][CONSENSUS][PBFT]checkTimeout Succ,view=2044,toView=2045,nodeIdx=2,changeCycle=0,myNode=b5a2d0a7...,timecost=0.363
info|2019-12-12 01:03:00.868911|[g:1][CONSENSUS][PBFT]checkAndChangeView: Reach consensus,org_view=2044,org_changeCycle=0,cur_changeCycle=0,to_view=2045
info|2019-12-12 01:03:01.870212|[g:1][CONSENSUS]addRawPrepare,height=12,reqIdx=0,hash=2d2732f6...
info|2019-12-12 01:03:01.871315|[g:1][CONSENSUS][PBFT]checkTimeout Succ,view=2045,toView=2046,nodeIdx=2,changeCycle=0,myNode=b5a2d0a7...,timecost=0.791
info|2019-12-12 01:03:01.874156|[g:1][CONSENSUS][PBFT]checkAndChangeView: Reach consensus,org_view=2045,org_changeCycle=0,cur_changeCycle=0,to_view=2046
info|2019-12-12 01:03:02.029151|[P2P][Service] heartBeat,connected count=3
info|2019-12-12 01:03:02.878908|[g:1][CONSENSUS]addRawPrepare,height=12,reqIdx=1,hash=8ea00190...
info|2019-12-12 01:03:02.879734|[g:1][CONSENSUS][PBFT]checkTimeout Succ,view=2046,toView=2047,nodeIdx=2,changeCycle=0,myNode=b5a2d0a7...,timecost=0.596
info|2019-12-12 01:03:02.882956|[g:1][CONSENSUS][PBFT]checkAndChangeView: Reach consensus,org_view=2046,org_changeCycle=0,cur_changeCycle=0,to_view=2047
info|2019-12-12 01:03:03.883048|[g:1][CONSENSUS][SEALER]++++++++++++++++ Generating seal on,blkNum=12,tx=0,nodeIdx=2,hash=cde26bf2...
info|2019-12-12 01:03:03.884291|[g:1][CONSENSUS][PBFT]checkTimeout Succ,view=2047,toView=2048,nodeIdx=2,changeCycle=0,myNode=b5a2d0a7...,timecost=0.705
info|2019-12-12 01:03:03.888383|[g:1][CONSENSUS][PBFT]checkAndChangeView: Reach consensus,org_view=2047,org_changeCycle=0,cur_changeCycle=0,to_view=2048
info|2019-12-12 01:03:04.889667|[g:1][CONSENSUS]addRawPrepare,height=12,reqIdx=3,hash=7017956c...
info|2019-12-12 01:03:04.890389|[g:1][CONSENSUS][PBFT]checkTimeout Succ,view=2048,toView=2049,nodeIdx=2,changeCycle=0,myNode=b5a2d0a7...,timecost=0.537
info|2019-12-12 01:03:04.892372|[g:1][CONSENSUS][PBFT]checkAndChangeView: Reach consensus,org_view=2048,org_changeCycle=0,cur_changeCycle=0,to_view=2049
info|2019-12-12 01:03:05.894221|[g:1][CONSENSUS]addRawPrepare,height=12,reqIdx=0,hash=01c4c765...
info|2019-12-12 01:03:05.895453|[g:1][CONSENSUS][PBFT]checkTimeout Succ,view=2049,toView=2050,nodeIdx=2,changeCycle=0,myNode=b5a2d0a7...,timecost=1.057
info|2019-12-12 01:03:05.896915|[g:1][CONSENSUS][PBFT]checkAndChangeView: Reach consensus,org_view=2049,org_changeCycle=0,cur_changeCycle=0,to_view=2050
info|2019-12-12 01:03:06.899255|[g:1][CONSENSUS]addRawPrepare,height=12,reqIdx=1,hash=6ee98bed...
info|2019-12-12 01:03:06.900098|[g:1][CONSENSUS][PBFT]checkTimeout Succ,view=2050,toView=2051,nodeIdx=2,changeCycle=0,myNode=b5a2d0a7...,timecost=0.614
info|2019-12-12 01:03:06.902123|[g:1][CONSENSUS][PBFT]checkAndChangeView: Reach consensus,org_view=2050,org_changeCycle=0,cur_changeCycle=0,to_view=2051
info|2019-12-12 01:03:07.903039|[g:1][CONSENSUS][SEALER]++++++++++++++++ Generating seal on,blkNum=12,tx=0,nodeIdx=2,hash=61e16690...
info|2019-12-12 01:03:07.907541|[g:1][CONSENSUS][PBFT]checkTimeout Succ,view=2051,toView=2052,nodeIdx=2,changeCycle=0,myNode=b5a2d0a7...,timecost=0.953
info|2019-12-12 01:03:07.908858|[g:1][CONSENSUS][PBFT]checkAndChangeView: Reach consensus,org_view=2051,org_changeCycle=0,cur_changeCycle=0,to_view=2052
info|2019-12-12 01:03:08.910777|[g:1][CONSENSUS]addRawPrepare,height=12,reqIdx=3,hash=77298f46...
info|2019-12-12 01:03:08.911482|[g:1][CONSENSUS][PBFT]checkTimeout Succ,view=2052,toView=2053,nodeIdx=2,changeCycle=0,myNode=b5a2d0a7...,timecost=0.537
info|2019-12-12 01:03:08.913685|[g:1][CONSENSUS][PBFT]checkAndChangeView: Reach consensus,org_view=2052,org_changeCycle=0,cur_changeCycle=0,to_view=2053
info|2019-12-12 01:03:09.916837|[g:1][CONSENSUS]addRawPrepare,height=12,reqIdx=0,hash=b9d0339e...
info|2019-12-12 01:03:09.917826|[g:1][CONSENSUS][PBFT]checkTimeout Succ,view=2053,toView=2054,nodeIdx=2,changeCycle=0,myNode=b5a2d0a7...,timecost=0.821
info|2019-12-12 01:03:09.919414|[g:1][CONSENSUS][PBFT]checkAndChangeView: Reach consensus,org_view=2053,org_changeCycle=0,cur_changeCycle=0,to_view=2054
info|2019-12-12 01:03:10.921478|[g:1][CONSENSUS]addRawPrepare,height=12,reqIdx=1,hash=22670a75...
info|2019-12-12 01:03:10.922266|[g:1][CONSENSUS][PBFT]checkTimeout Succ,view=2054,toView=2055,nodeIdx=2,changeCycle=0,myNode=b5a2d0a7...,timecost=0.626
info|2019-12-12 01:03:10.923899|[g:1][CONSENSUS][PBFT]checkAndChangeView: Reach consensus,org_view=2054,org_changeCycle=0,cur_changeCycle=0,to_view=2055
info|2019-12-12 01:03:11.923688|[g:1][CONSENSUS][SEALER]++++++++++++++++ Generating seal on,blkNum=12,tx=0,nodeIdx=2,hash=53881e6e...
info|2019-12-12 01:03:11.928696|[g:1][CONSENSUS][PBFT]checkTimeout Succ,view=2055,toView=2056,nodeIdx=2,changeCycle=0,myNode=b5a2d0a7...,timecost=1.553
info|2019-12-12 01:03:11.929505|[g:1][CONSENSUS][PBFT]checkAndChangeView: Reach consensus,org_view=2055,org_changeCycle=0,cur_changeCycle=0,to_view=2056
info|2019-12-12 01:03:12.033916|[P2P][Service] heartBeat,connected count=3
info|2019-12-12 01:03:12.930827|[g:1][CONSENSUS]addRawPrepare,height=12,reqIdx=3,hash=d52da39e...
info|2019-12-12 01:03:12.931976|[g:1][CONSENSUS][PBFT]checkTimeout Succ,view=2056,toView=2057,nodeIdx=2,changeCycle=0,myNode=b5a2d0a7...,timecost=0.955
info|2019-12-12 01:03:12.934709|[g:1][CONSENSUS][PBFT]checkAndChangeView: Reach consensus,org_view=2056,org_changeCycle=0,cur_changeCycle=0,to_view=2057
info|2019-12-12 01:03:13.937165|[g:1][CONSENSUS]addRawPrepare,height=12,reqIdx=0,hash=9f3c75af...
info|2019-12-12 01:03:13.938206|[g:1][CONSENSUS][PBFT]checkTimeout Succ,view=2057,toView=2058,nodeIdx=2,changeCycle=0,myNode=b5a2d0a7...,timecost=0.83
info|2019-12-12 01:03:13.941754|[g:1][CONSENSUS][PBFT]checkAndChangeView: Reach consensus,org_view=2057,org_changeCycle=0,cur_changeCycle=0,to_view=2058
info|2019-12-12 01:03:14.945183|[g:1][CONSENSUS]addRawPrepare,height=12,reqIdx=1,hash=635fc539...
info|2019-12-12 01:03:14.947634|[g:1][CONSENSUS][PBFT]checkTimeout Succ,view=2058,toView=2059,nodeIdx=2,changeCycle=0,myNode=b5a2d0a7...,timecost=2.032
info|2019-12-12 01:03:14.950316|[g:1][CONSENSUS][PBFT]checkAndChangeView: Reach consensus,org_view=2058,org_changeCycle=0,cur_changeCycle=0,to_view=2059
info|2019-12-12 01:03:15.950497|[g:1][CONSENSUS][SEALER]++++++++++++++++ Generating seal on,blkNum=12,tx=0,nodeIdx=2,hash=fdfe963a...
info|2019-12-12 01:03:15.951922|[g:1][CONSENSUS][PBFT]checkTimeout Succ,view=2059,toView=2060,nodeIdx=2,changeCycle=0,myNode=b5a2d0a7...,timecost=0.841
info|2019-12-12 01:03:15.958017|[g:1][CONSENSUS][PBFT]checkAndChangeView: Reach consensus,org_view=2059,org_changeCycle=0,cur_changeCycle=0,to_view=2060
info|2019-12-12 01:03:16.960651|[g:1][CONSENSUS]addRawPrepare,height=12,reqIdx=3,hash=f87c170e...
info|2019-12-12 01:03:16.961740|[g:1][CONSENSUS][PBFT]checkTimeout Succ,view=2060,toView=2061,nodeIdx=2,changeCycle=0,myNode=b5a2d0a7...,timecost=0.837
info|2019-12-12 01:03:16.966077|[g:1][CONSENSUS][PBFT]checkAndChangeView: Reach consensus,org_view=2060,org_changeCycle=0,cur_changeCycle=0,to_view=2061
info|2019-12-12 01:03:17.967986|[g:1][CONSENSUS]addRawPrepare,height=12,reqIdx=0,hash=db243986...
info|2019-12-12 01:03:17.970387|[g:1][CONSENSUS][PBFT]checkTimeout Succ,view=2061,toView=2062,nodeIdx=2,changeCycle=0,myNode=b5a2d0a7...,timecost=1.894
info|2019-12-12 01:03:17.973823|[g:1][CONSENSUS][PBFT]checkAndChangeView: Reach consensus,org_view=2061,org_changeCycle=0,cur_changeCycle=0,to_view=2062
info|2019-12-12 01:03:18.975219|[g:1][CONSENSUS]addRawPrepare,height=12,reqIdx=1,hash=dc211e41...
info|2019-12-12 01:03:18.976545|[g:1][CONSENSUS][PBFT]checkTimeout Succ,view=2062,toView=2063,nodeIdx=2,changeCycle=0,myNode=b5a2d0a7...,timecost=1.026
info|2019-12-12 01:03:18.979435|[g:1][CONSENSUS][PBFT]checkAndChangeView: Reach consensus,org_view=2062,org_changeCycle=0,cur_changeCycle=0,to_view=2063
info|2019-12-12 01:03:19.979802|[g:1][CONSENSUS][SEALER]++++++++++++++++ Generating seal on,blkNum=12,tx=0,nodeIdx=2,hash=a494aad9...
info|2019-12-12 01:03:19.981239|[g:1][CONSENSUS][PBFT]checkTimeout Succ,view=2063,toView=2064,nodeIdx=2,changeCycle=0,myNode=b5a2d0a7...,timecost=0.914
info|2019-12-12 01:03:19.988872|[g:1][CONSENSUS][PBFT]checkAndChangeView: Reach consensus,org_view=2063,org_changeCycle=0,cur_changeCycle=0,to_view=2064
info|2019-12-12 01:03:20.989375|[g:1][CONSENSUS]addRawPrepare,height=12,reqIdx=3,hash=db5679a1...
info|2019-12-12 01:03:20.992172|[g:1][CONSENSUS][PBFT]checkTimeout Succ,view=2064,toView=2065,nodeIdx=2,changeCycle=0,myNode=b5a2d0a7...,timecost=2.55
info|2019-12-12 01:03:20.994825|[g:1][CONSENSUS][PBFT]checkAndChangeView: Reach consensus,org_view=2064,org_changeCycle=0,cur_changeCycle=0,to_view=2065
info|2019-12-12 01:03:21.999038|[g:1][CONSENSUS]addRawPrepare,height=12,reqIdx=0,hash=e1aa5d6c...
info|2019-12-12 01:03:22.000158|[g:1][CONSENSUS][PBFT]checkTimeout Succ,view=2065,toView=2066,nodeIdx=2,changeCycle=0,myNode=b5a2d0a7...,timecost=0.879
info|2019-12-12 01:03:22.003423|[g:1][CONSENSUS][PBFT]checkAndChangeView: Reach consensus,org_view=2065,org_changeCycle=0,cur_changeCycle=0,to_view=2066
info|2019-12-12 01:03:22.041617|[P2P][Service] heartBeat,connected count=3
info|2019-12-12 01:03:23.005941|[g:1][CONSENSUS]addRawPrepare,height=12,reqIdx=1,hash=fdaf6218...
info|2019-12-12 01:03:23.007021|[g:1][CONSENSUS][PBFT]checkTimeout Succ,view=2066,toView=2067,nodeIdx=2,changeCycle=0,myNode=b5a2d0a7...,timecost=0.85
info|2019-12-12 01:03:23.010773|[g:1][CONSENSUS][PBFT]checkAndChangeView: Reach consensus,org_view=2066,org_changeCycle=0,cur_changeCycle=0,to_view=2067
info|2019-12-12 01:03:24.011073|[g:1][CONSENSUS][SEALER]++++++++++++++++ Generating seal on,blkNum=12,tx=0,nodeIdx=2,hash=0456db1e...
info|2019-12-12 01:03:24.016682|[g:1][CONSENSUS][PBFT]checkTimeout Succ,view=2067,toView=2068,nodeIdx=2,changeCycle=0,myNode=b5a2d0a7...,timecost=1.524
info|2019-12-12 01:03:24.020308|[g:1][CONSENSUS][PBFT]checkAndChangeView: Reach consensus,org_view=2067,org_changeCycle=0,cur_changeCycle=0,to_view=2068
info|2019-12-12 01:03:25.021787|[g:1][CONSENSUS]addRawPrepare,height=12,reqIdx=3,hash=8ba0811b...
info|2019-12-12 01:03:25.023253|[g:1][CONSENSUS][PBFT]checkTimeout Succ,view=2068,toView=2069,nodeIdx=2,changeCycle=0,myNode=b5a2d0a7...,timecost=1.258
info|2019-12-12 01:03:25.027127|[g:1][CONSENSUS][PBFT]checkAndChangeView: Reach consensus,org_view=2068,org_changeCycle=0,cur_changeCycle=0,to_view=2069
info|2019-12-12 01:03:26.030780|[g:1][CONSENSUS]addRawPrepare,height=12,reqIdx=0,hash=a8daf6c0...
info|2019-12-12 01:03:26.036074|[g:1][CONSENSUS][PBFT]checkTimeout Succ,view=2069,toView=2070,nodeIdx=2,changeCycle=0,myNode=b5a2d0a7...,timecost=5.051
info|2019-12-12 01:03:26.037678|[g:1][CONSENSUS][PBFT]checkAndChangeView: Reach consensus,org_view=2069,org_changeCycle=0,cur_changeCycle=0,to_view=2070
info|2019-12-12 01:03:27.038691|[g:1][CONSENSUS]addRawPrepare,height=12,reqIdx=1,hash=cd7810d8...
info|2019-12-12 01:03:27.040978|[g:1][CONSENSUS][PBFT]checkTimeout Succ,view=2070,toView=2071,nodeIdx=2,changeCycle=0,myNode=b5a2d0a7...,timecost=1.949
info|2019-12-12 01:03:27.046551|[g:1][CONSENSUS][PBFT]checkAndChangeView: Reach consensus,org_view=2070,org_changeCycle=0,cur_changeCycle=0,to_view=2071
info|2019-12-12 01:03:28.046491|[g:1][CONSENSUS][SEALER]++++++++++++++++ Generating seal on,blkNum=12,tx=0,nodeIdx=2,hash=eaab58d4...
info|2019-12-12 01:03:28.051383|[g:1][CONSENSUS][PBFT]checkTimeout Succ,view=2071,toView=2072,nodeIdx=2,changeCycle=0,myNode=b5a2d0a7...,timecost=0.954
info|2019-12-12 01:03:28.054083|[g:1][CONSENSUS][PBFT]checkAndChangeView: Reach consensus,org_view=2071,org_changeCycle=0,cur_changeCycle=0,to_view=2072
info|2019-12-12 01:03:29.055890|[g:1][CONSENSUS]addRawPrepare,height=12,reqIdx=3,hash=2379f136...
info|2019-12-12 01:03:29.057532|[g:1][CONSENSUS][PBFT]checkTimeout Succ,view=2072,toView=2073,nodeIdx=2,changeCycle=0,myNode=b5a2d0a7...,timecost=1.475
info|2019-12-12 01:03:29.058757|[g:1][CONSENSUS][PBFT]checkAndChangeView: Reach consensus,org_view=2072,org_changeCycle=0,cur_changeCycle=0,to_view=2073
info|2019-12-12 01:03:30.060143|[g:1][CONSENSUS]addRawPrepare,height=12,reqIdx=0,hash=2ba2c554...
info|2019-12-12 01:03:30.061147|[g:1][CONSENSUS][PBFT]checkTimeout Succ,view=2073,toView=2074,nodeIdx=2,changeCycle=0,myNode=b5a2d0a7...,timecost=0.8
info|2019-12-12 01:03:30.065285|[g:1][CONSENSUS][PBFT]checkAndChangeView: Reach consensus,org_view=2073,org_changeCycle=0,cur_changeCycle=0,to_view=2074
info|2019-12-12 01:03:31.067281|[g:1][CONSENSUS]addRawPrepare,height=12,reqIdx=1,hash=b409e412...
info|2019-12-12 01:03:31.068482|[g:1][CONSENSUS][PBFT]checkTimeout Succ,view=2074,toView=2075,nodeIdx=2,changeCycle=0,myNode=b5a2d0a7...,timecost=0.79
info|2019-12-12 01:03:31.072134|[g:1][CONSENSUS][PBFT]checkAndChangeView: Reach consensus,org_view=2074,org_changeCycle=0,cur_changeCycle=0,to_view=2075
info|2019-12-12 01:03:32.048062|[P2P][Service] heartBeat,connected count=3
info|2019-12-12 01:03:32.073125|[g:1][CONSENSUS][SEALER]++++++++++++++++ Generating seal on,blkNum=12,tx=0,nodeIdx=2,hash=da3a8517...
info|2019-12-12 01:03:32.074709|[g:1][CONSENSUS][PBFT]checkTimeout Succ,view=2075,toView=2076,nodeIdx=2,changeCycle=0,myNode=b5a2d0a7...,timecost=0.94
info|2019-12-12 01:03:32.078996|[g:1][CONSENSUS][PBFT]checkAndChangeView: Reach consensus,org_view=2075,org_changeCycle=0,cur_changeCycle=0,to_view=2076
info|2019-12-12 01:03:33.080791|[g:1][CONSENSUS]addRawPrepare,height=12,reqIdx=3,hash=4518d108...
info|2019-12-12 01:03:33.081860|[g:1][CONSENSUS][PBFT]checkTimeout Succ,view=2076,toView=2077,nodeIdx=2,changeCycle=0,myNode=b5a2d0a7...,timecost=0.828
info|2019-12-12 01:03:33.085711|[g:1][CONSENSUS][PBFT]checkAndChangeView: Reach consensus,org_view=2076,org_changeCycle=0,cur_changeCycle=0,to_view=2077
info|2019-12-12 01:03:34.087597|[g:1][CONSENSUS]addRawPrepare,height=12,reqIdx=0,hash=ba3d6903...
info|2019-12-12 01:03:34.089806|[g:1][CONSENSUS][PBFT]checkTimeout Succ,view=2077,toView=2078,nodeIdx=2,changeCycle=0,myNode=b5a2d0a7...,timecost=1.744
info|2019-12-12 01:03:34.092460|[g:1][CONSENSUS][PBFT]checkAndChangeView: Reach consensus,org_view=2077,org_changeCycle=0,cur_changeCycle=0,to_view=2078
info|2019-12-12 01:03:35.094776|[g:1][CONSENSUS]addRawPrepare,height=12,reqIdx=1,hash=d1121201...
info|2019-12-12 01:03:35.095914|[g:1][CONSENSUS][PBFT]checkTimeout Succ,view=2078,toView=2079,nodeIdx=2,changeCycle=0,myNode=b5a2d0a7...,timecost=0.889
info|2019-12-12 01:03:35.100242|[g:1][CONSENSUS][PBFT]checkAndChangeView: Reach consensus,org_view=2078,org_changeCycle=0,cur_changeCycle=0,to_view=2079
info|2019-12-12 01:03:36.100783|[g:1][CONSENSUS][SEALER]++++++++++++++++ Generating seal on,blkNum=12,tx=0,nodeIdx=2,hash=71c85e70...
info|2019-12-12 01:03:36.102248|[g:1][CONSENSUS][PBFT]checkTimeout Succ,view=2079,toView=2080,nodeIdx=2,changeCycle=0,myNode=b5a2d0a7...,timecost=0.915
info|2019-12-12 01:03:36.108528|[g:1][CONSENSUS][PBFT]checkAndChangeView: Reach consensus,org_view=2079,org_changeCycle=0,cur_changeCycle=0,to_view=2080
info|2019-12-12 01:03:37.108930|[g:1][CONSENSUS]addRawPrepare,height=12,reqIdx=3,hash=c937b47a...
info|2019-12-12 01:03:37.109959|[g:1][CONSENSUS][PBFT]checkTimeout Succ,view=2080,toView=2081,nodeIdx=2,changeCycle=0,myNode=b5a2d0a7...,timecost=0.786
info|2019-12-12 01:03:37.114381|[g:1][CONSENSUS][PBFT]checkAndChangeView: Reach consensus,org_view=2080,org_changeCycle=0,cur_changeCycle=0,to_view=2081
info|2019-12-12 01:03:38.117223|[g:1][CONSENSUS]addRawPrepare,height=12,reqIdx=0,hash=d8f85f4e...
info|2019-12-12 01:03:38.120512|[g:1][CONSENSUS][PBFT]checkTimeout Succ,view=2081,toView=2082,nodeIdx=2,changeCycle=0,myNode=b5a2d0a7...,timecost=3.002
info|2019-12-12 01:03:38.123069|[g:1][CONSENSUS][PBFT]checkAndChangeView: Reach consensus,org_view=2081,org_changeCycle=0,cur_changeCycle=0,to_view=2082
info|2019-12-12 01:03:39.124517|[g:1][CONSENSUS]addRawPrepare,height=12,reqIdx=1,hash=a89b2166...
info|2019-12-12 01:03:39.125816|[g:1][CONSENSUS][PBFT]checkTimeout Succ,view=2082,toView=2083,nodeIdx=2,changeCycle=0,myNode=b5a2d0a7...,timecost=0.841
info|2019-12-12 01:03:39.128526|[g:1][CONSENSUS][PBFT]checkAndChangeView: Reach consensus,org_view=2082,org_changeCycle=0,cur_changeCycle=0,to_view=2083
info|2019-12-12 01:03:40.128883|[g:1][CONSENSUS][SEALER]++++++++++++++++ Generating seal on,blkNum=12,tx=0,nodeIdx=2,hash=b25bda75...
info|2019-12-12 01:03:40.130193|[g:1][CONSENSUS][PBFT]checkTimeout Succ,view=2083,toView=2084,nodeIdx=2,changeCycle=0,myNode=b5a2d0a7...,timecost=0.795
info|2019-12-12 01:03:40.135737|[g:1][CONSENSUS][PBFT]checkAndChangeView: Reach consensus,org_view=2083,org_changeCycle=0,cur_changeCycle=0,to_view=2084
info|2019-12-12 01:03:41.141136|[g:1][CONSENSUS]addRawPrepare,height=12,reqIdx=3,hash=51f88d27...
info|2019-12-12 01:03:41.142433|[g:1][CONSENSUS][PBFT]checkTimeout Succ,view=2084,toView=2085,nodeIdx=2,changeCycle=0,myNode=b5a2d0a7...,timecost=0.961
info|2019-12-12 01:03:41.145504|[g:1][CONSENSUS][PBFT]checkAndChangeView: Reach consensus,org_view=2084,org_changeCycle=0,cur_changeCycle=0,to_view=2085
info|2019-12-12 01:03:42.055322|[P2P][Service] heartBeat,connected count=3
info|2019-12-12 01:03:42.148513|[g:1][CONSENSUS]addRawPrepare,height=12,reqIdx=0,hash=a0ee4c8a...
info|2019-12-12 01:03:42.151147|[g:1][CONSENSUS][PBFT]checkTimeout Succ,view=2085,toView=2086,nodeIdx=2,changeCycle=0,myNode=b5a2d0a7...,timecost=2.033
info|2019-12-12 01:03:42.154802|[g:1][CONSENSUS][PBFT]checkAndChangeView: Reach consensus,org_view=2085,org_changeCycle=0,cur_changeCycle=0,to_view=2086
info|2019-12-12 01:03:43.156584|[g:1][CONSENSUS]addRawPrepare,height=12,reqIdx=1,hash=906fab33...
info|2019-12-12 01:03:43.157802|[g:1][CONSENSUS][PBFT]checkTimeout Succ,view=2086,toView=2087,nodeIdx=2,changeCycle=0,myNode=b5a2d0a7...,timecost=0.852
info|2019-12-12 01:03:43.161081|[g:1][CONSENSUS][PBFT]checkAndChangeView: Reach consensus,org_view=2086,org_changeCycle=0,cur_changeCycle=0,to_view=2087
info|2019-12-12 01:03:44.161982|[g:1][CONSENSUS][SEALER]++++++++++++++++ Generating seal on,blkNum=12,tx=0,nodeIdx=2,hash=1da85c44...
info|2019-12-12 01:03:44.163354|[g:1][CONSENSUS][PBFT]checkTimeout Succ,view=2087,toView=2088,nodeIdx=2,changeCycle=0,myNode=b5a2d0a7...,timecost=0.83
info|2019-12-12 01:03:44.168716|[g:1][CONSENSUS][PBFT]checkAndChangeView: Reach consensus,org_view=2087,org_changeCycle=0,cur_changeCycle=0,to_view=2088
info|2019-12-12 01:03:45.172969|[g:1][CONSENSUS]addRawPrepare,height=12,reqIdx=3,hash=ab1c921e...
info|2019-12-12 01:03:45.174738|[g:1][CONSENSUS][PBFT]checkTimeout Succ,view=2088,toView=2089,nodeIdx=2,changeCycle=0,myNode=b5a2d0a7...,timecost=1.537
info|2019-12-12 01:03:45.177897|[g:1][CONSENSUS][PBFT]checkAndChangeView: Reach consensus,org_view=2088,org_changeCycle=0,cur_changeCycle=0,to_view=2089
info|2019-12-12 01:03:46.181891|[g:1][CONSENSUS]addRawPrepare,height=12,reqIdx=0,hash=59355cbb...
info|2019-12-12 01:03:46.183603|[g:1][CONSENSUS][PBFT]checkTimeout Succ,view=2089,toView=2090,nodeIdx=2,changeCycle=0,myNode=b5a2d0a7...,timecost=0.969
info|2019-12-12 01:03:46.186043|[g:1][CONSENSUS][PBFT]checkAndChangeView: Reach consensus,org_view=2089,org_changeCycle=0,cur_changeCycle=0,to_view=2090
info|2019-12-12 01:03:47.187907|[g:1][CONSENSUS]addRawPrepare,height=12,reqIdx=1,hash=bf6a55b1...
info|2019-12-12 01:03:47.189672|[g:1][CONSENSUS][PBFT]checkTimeout Succ,view=2090,toView=2091,nodeIdx=2,changeCycle=0,myNode=b5a2d0a7...,timecost=1.534
info|2019-12-12 01:03:47.193482|[g:1][CONSENSUS][PBFT]checkAndChangeView: Reach consensus,org_view=2090,org_changeCycle=0,cur_changeCycle=0,to_view=2091
info|2019-12-12 01:03:48.194716|[g:1][CONSENSUS][SEALER]++++++++++++++++ Generating seal on,blkNum=12,tx=0,nodeIdx=2,hash=f120f0d8...
info|2019-12-12 01:03:48.196134|[g:1][CONSENSUS][PBFT]checkTimeout Succ,view=2091,toView=2092,nodeIdx=2,changeCycle=0,myNode=b5a2d0a7...,timecost=0.825
info|2019-12-12 01:03:48.201936|[g:1][CONSENSUS][PBFT]checkAndChangeView: Reach consensus,org_view=2091,org_changeCycle=0,cur_changeCycle=0,to_view=2092
info|2019-12-12 01:03:49.203831|[g:1][CONSENSUS]addRawPrepare,height=12,reqIdx=3,hash=c14de057...
info|2019-12-12 01:03:49.206678|[g:1][CONSENSUS][PBFT]checkTimeout Succ,view=2092,toView=2093,nodeIdx=2,changeCycle=0,myNode=b5a2d0a7...,timecost=2.198
info|2019-12-12 01:03:49.209386|[g:1][CONSENSUS][PBFT]checkAndChangeView: Reach consensus,org_view=2092,org_changeCycle=0,cur_changeCycle=0,to_view=2093
info|2019-12-12 01:03:50.212065|[g:1][CONSENSUS]addRawPrepare,height=12,reqIdx=0,hash=cc6ec967...
info|2019-12-12 01:03:50.213272|[g:1][CONSENSUS][PBFT]checkTimeout Succ,view=2093,toView=2094,nodeIdx=2,changeCycle=0,myNode=b5a2d0a7...,timecost=1.001
info|2019-12-12 01:03:50.217568|[g:1][CONSENSUS][PBFT]checkAndChangeView: Reach consensus,org_view=2093,org_changeCycle=0,cur_changeCycle=0,to_view=2094
info|2019-12-12 01:03:51.219692|[g:1][CONSENSUS]addRawPrepare,height=12,reqIdx=1,hash=4e4a85b2...
info|2019-12-12 01:03:51.220822|[g:1][CONSENSUS][PBFT]checkTimeout Succ,view=2094,toView=2095,nodeIdx=2,changeCycle=0,myNode=b5a2d0a7...,timecost=0.893
info|2019-12-12 01:03:51.224513|[g:1][CONSENSUS][PBFT]checkAndChangeView: Reach consensus,org_view=2094,org_changeCycle=0,cur_changeCycle=0,to_view=2095
info|2019-12-12 01:03:52.060679|[P2P][Service] heartBeat,connected count=3
info|2019-12-12 01:03:52.224532|[g:1][CONSENSUS][SEALER]++++++++++++++++ Generating seal on,blkNum=12,tx=0,nodeIdx=2,hash=4de40346...
info|2019-12-12 01:03:52.225896|[g:1][CONSENSUS][PBFT]checkTimeout Succ,view=2095,toView=2096,nodeIdx=2,changeCycle=0,myNode=b5a2d0a7...,timecost=0.823
info|2019-12-12 01:03:52.231454|[g:1][CONSENSUS][PBFT]checkAndChangeView: Reach consensus,org_view=2095,org_changeCycle=0,cur_changeCycle=0,to_view=2096
info|2019-12-12 01:03:53.235797|[g:1][CONSENSUS]addRawPrepare,height=12,reqIdx=3,hash=a7b608b8...
info|2019-12-12 01:03:53.237710|[g:1][CONSENSUS][PBFT]checkTimeout Succ,view=2096,toView=2097,nodeIdx=2,changeCycle=0,myNode=b5a2d0a7...,timecost=1.677
info|2019-12-12 01:03:53.240359|[g:1][CONSENSUS][PBFT]checkAndChangeView: Reach consensus,org_view=2096,org_changeCycle=0,cur_changeCycle=0,to_view=2097
info|2019-12-12 01:03:54.245612|[g:1][CONSENSUS]addRawPrepare,height=12,reqIdx=0,hash=2c1401fa...
info|2019-12-12 01:03:54.248045|[g:1][CONSENSUS][PBFT]checkTimeout Succ,view=2097,toView=2098,nodeIdx=2,changeCycle=0,myNode=b5a2d0a7...,timecost=2.184
info|2019-12-12 01:03:54.251635|[g:1][CONSENSUS][PBFT]checkAndChangeView: Reach consensus,org_view=2097,org_changeCycle=0,cur_changeCycle=0,to_view=2098
info|2019-12-12 01:03:55.254102|[g:1][CONSENSUS]addRawPrepare,height=12,reqIdx=1,hash=0532fea5...
info|2019-12-12 01:03:55.256787|[g:1][CONSENSUS][PBFT]checkTimeout Succ,view=2098,toView=2099,nodeIdx=2,changeCycle=0,myNode=b5a2d0a7...,timecost=2.435
info|2019-12-12 01:03:55.259617|[g:1][CONSENSUS][PBFT]checkAndChangeView: Reach consensus,org_view=2098,org_changeCycle=0,cur_changeCycle=0,to_view=2099
